time	conversion
1.00639	0.00215517
2.01865	0.00349138
3.05372	0.00420977
4.06667	0.00494253
5.20892	0.00616379
6.21068	0.00744253
7.2123	0.00840517
8.23661	0.00928161
9.23685	0.0104885
10.2381	0.0110201
11.2792	0.0119828
12.3284	0.0128017
13.3289	0.0137213
14.3325	0.0144109
15.3957	0.0153879
16.4092	0.016408
17.4101	0.017931
18.4344	0.0187356
19.4635	0.019727
20.4966	0.0203161
21.5014	0.0211207
22.5148	0.0219971
23.5185	0.022931
24.5241	0.0244684
25.5732	0.0256034
26.5745	0.0265086
27.584	0.0270977
28.6097	0.027931
29.6118	0.0286925
30.6121	0.0296264
31.6152	0.030704
32.617	0.0317098
33.6669	0.0324282
34.6722	0.0333908
35.6726	0.0343822
36.677	0.0349282
37.6816	0.0360057
38.6922	0.0368391
39.7051	0.0376149
40.7053	0.038204
41.7091	0.0388218
42.712	0.0394253
43.7201	0.040273
44.7645	0.0409195
45.7916	0.0416236
46.7984	0.0421552
47.8	0.043046
48.8008	0.0438937
49.8025	0.0444971
50.8036	0.0450431
51.81	0.0458333
52.8138	0.0462644
53.8206	0.0466954
54.8315	0.047069
55.835	0.0476868
56.8466	0.0482328
57.854	0.04875
58.859	0.0492529
59.864	0.0495833
60.8656	0.0499282
61.8726	0.0502586
62.8862	0.0506897
63.9555	0.0513362
64.9604	0.0515661
65.9768	0.0519253
67.0283	0.0522557
68.0288	0.0525
69.0391	0.0528879
70.0661	0.0531178
71.091	0.0535632
72.0936	0.0538649
73.1156	0.0543534
74.1175	0.0547126
75.1225	0.0552586
76.1288	0.0556178
77.1428	0.0560057
78.1452	0.0565517
79.152	0.0570115
80.1564	0.0575287
81.1876	0.0578017
82.208	0.0581178
83.2094	0.0584483
84.239	0.0587069
85.2444	0.0589943
86.2467	0.0593822
87.2518	0.0596839
88.2702	0.0601437
89.2734	0.0603305
90.308	0.0605029
91.3153	0.0608477
92.3263	0.0611207
93.3264	0.0614511
94.3396	0.0616667
95.3494	0.0620259
96.3584	0.0624138
97.367	0.0626724
98.3686	0.0628879
99.3824	0.0631466
100.383	0.0634339
101.42	0.0636638
102.427	0.0639511
103.44	0.0643391
104.452	0.0645977
105.461	0.0648276
106.484	0.0652443
107.488	0.0654454
108.512	0.0656897
109.514	0.065977
110.528	0.0662931
111.533	0.066523
112.533	0.0668247
113.612	0.0670115
114.623	0.067342
115.631	0.0676724
116.639	0.0678736
117.64	0.068204
118.644	0.0683333
119.66	0.0686494
120.68	0.0689224
121.72	0.0690374
122.743	0.0693822
123.745	0.0697126
124.752	0.0700287
125.758	0.0703736
126.795	0.0706322
127.795	0.070819
128.81	0.0710632
129.815	0.071408
130.837	0.0716236
131.85	0.0718103
132.855	0.0719971
133.864	0.0723132
134.866	0.0725431
135.868	0.0728305
136.87	0.0731466
137.876	0.0733764
138.881	0.0735057
139.887	0.07375
140.891	0.0740374
141.892	0.0743391
142.901	0.0746695
143.901	0.0748132
144.926	0.0750862
145.937	0.0753305
146.944	0.0756753
147.973	0.0760201
148.981	0.0762213
149.991	0.0765661
150.994	0.0767816
152	0.076954
153.005	0.0771983
154.01	0.0773563
155.012	0.0777586
156.017	0.0779598
157.018	0.0781609
158.032	0.0783477
159.036	0.0786782
160.06	0.0788506
161.062	0.0790805
162.068	0.0792672
163.068	0.0795833
164.093	0.0798563
165.094	0.0801006
166.095	0.080273
167.122	0.0805172
168.128	0.0807471
169.134	0.0810776
170.154	0.0813937
171.171	0.0815517
172.181	0.0816523
173.182	0.0818966
174.183	0.0822557
175.198	0.0825287
176.199	0.0827874
177.206	0.0830029
178.221	0.0831897
179.303	0.083319
180.313	0.0836063
181.315	0.0838649
182.34	0.0840661
183.345	0.0843678
184.403	0.0845259
185.413	0.0846839
186.413	0.0849138
187.416	0.0850862
188.423	0.0853448
189.428	0.0855747
190.447	0.0859626
191.45	0.0862069
192.464	0.0864943
193.516	0.0868103
194.535	0.0869397
195.562	0.0870546
196.589	0.0873132
197.59	0.0875287
198.594	0.0878448
199.607	0.0881034
200.608	0.088319
201.61	0.0885776
202.616	0.0888218
203.623	0.0890086
204.625	0.0891379
205.665	0.089296
206.686	0.0895259
207.723	0.0898132
208.725	0.0900718
209.725	0.0903879
210.737	0.0906178
211.753	0.0908333
212.763	0.0910632
213.769	0.0912213
214.77	0.0914368
215.803	0.0916236
216.831	0.0918534
217.843	0.0920259
218.866	0.0921983
219.874	0.0924569
220.899	0.0925287
221.915	0.0928592
222.918	0.0931034
223.92	0.0934052
224.923	0.0936638
225.935	0.0938793
226.971	0.0941954
227.98	0.094296
228.982	0.0945115
229.982	0.0948276
230.982	0.095
231.989	0.0951868
233.01	0.095431
234.023	0.0955891
235.024	0.0957759
236.03	0.0960489
237.038	0.09625
238.04	0.0966092
239.041	0.0968534
240.041	0.0971121
241.069	0.097227
242.078	0.0973563
243.084	0.0975
244.094	0.097658
245.099	0.0978736
246.107	0.0980316
247.113	0.0981753
248.142	0.098204
249.153	0.0984483
250.164	0.098592
251.164	0.0987931
252.189	0.0989655
253.224	0.0991092
254.249	0.0991667
255.291	0.0992672
256.297	0.0993678
257.314	0.0995402
258.334	0.0997126
259.358	0.0998994
260.366	0.100086
261.37	0.100187
262.373	0.100345
263.39	0.100489
264.392	0.100747
265.412	0.100876
266.418	0.101034
267.489	0.101149
268.494	0.101365
269.502	0.10158
270.505	0.101681
271.525	0.101782
272.53	0.10194
273.541	0.102026
274.606	0.10217
275.628	0.102443
276.652	0.102615
277.661	0.102744
278.687	0.102888
279.689	0.103089
280.741	0.103247
281.767	0.10342
282.767	0.103621
283.823	0.103779
284.824	0.104066
285.843	0.104195
286.844	0.104382
287.845	0.104598
288.851	0.104741
289.856	0.104914
290.9	0.105057
291.907	0.105144
292.908	0.10533
293.91	0.105546
294.922	0.105675
295.934	0.105833
296.94	0.106006
297.961	0.106078
299.005	0.106178
300.034	0.106307
301.037	0.106394
302.038	0.106595
303.057	0.106638
304.067	0.106767
305.068	0.106868
306.092	0.106968
307.097	0.107069
308.101	0.107155
309.102	0.107371
310.117	0.107543
311.124	0.107701
312.167	0.107931
313.219	0.108046
314.224	0.108175
315.235	0.10829
316.265	0.10852
317.293	0.108736
318.316	0.108851
319.317	0.108937
320.32	0.109181
321.333	0.109253
322.396	0.109382
323.404	0.109511
324.41	0.109684
325.413	0.109813
326.415	0.109957
327.452	0.110101
328.476	0.110273
329.503	0.110431
330.504	0.110546
331.525	0.110647
332.559	0.110733
333.567	0.110934
334.593	0.11102
335.595	0.111264
336.629	0.111394
337.631	0.111638
338.634	0.11181
339.637	0.112026
340.674	0.112155
341.705	0.112399
342.739	0.112644
343.74	0.112773
344.742	0.113032
345.762	0.113261
346.762	0.113434
347.764	0.113779
348.765	0.113922
349.796	0.114052
350.805	0.114152
351.805	0.114267
352.816	0.114411
353.829	0.114641
354.831	0.11477
355.834	0.115029
356.84	0.115172
357.843	0.115287
358.851	0.115431
359.869	0.115618
360.87	0.115704
361.882	0.115833
362.888	0.115934
363.964	0.116063
364.964	0.116264
365.982	0.116451
366.986	0.116595
367.996	0.11681
369.014	0.116983
370.038	0.117126
371.039	0.117198
372.09	0.117313
373.098	0.117457
374.099	0.117644
375.114	0.117845
376.118	0.118017
377.131	0.118147
378.145	0.118261
379.148	0.118477
380.149	0.118635
381.165	0.118736
382.224	0.118807
383.224	0.118951
384.232	0.119138
385.393	0.119282
386.394	0.119368
387.419	0.119468
388.432	0.119569
389.433	0.11967
390.435	0.11977
391.477	0.119928
392.48	0.120057
393.487	0.120273
394.511	0.120517
395.525	0.12079
396.563	0.120977
397.586	0.121121
398.621	0.121293
399.676	0.12148
400.68	0.121652
401.702	0.121825
402.714	0.122011
403.779	0.122098
404.785	0.122227
405.821	0.122385
406.827	0.122529
407.834	0.122716
408.87	0.122845
409.875	0.12296
410.88	0.123046
411.88	0.123204
412.891	0.123362
413.897	0.123506
414.909	0.123664
415.933	0.123807
416.943	0.123937
417.955	0.12408
418.991	0.124253
420.003	0.124368
421.048	0.124497
422.06	0.124569
423.06	0.12467
424.06	0.124784
425.069	0.125014
426.086	0.125158
427.164	0.125259
428.171	0.125359
429.195	0.12546
430.209	0.125647
431.219	0.125891
432.229	0.125977
433.232	0.126207
434.233	0.126293
435.251	0.126437
436.256	0.126552
437.297	0.126681
438.312	0.126825
439.358	0.12694
440.383	0.127155
441.393	0.127284
442.396	0.127414
443.407	0.127471
444.422	0.127644
445.428	0.12783
446.433	0.128075
447.433	0.128319
448.515	0.128362
449.519	0.128534
450.524	0.128721
451.536	0.12898
452.556	0.129066
453.623	0.129253
454.63	0.12944
455.637	0.129569
456.641	0.129842
457.646	0.130072
458.665	0.130287
459.67	0.130374
460.688	0.130474
461.738	0.13056
462.744	0.130747
463.745	0.130948
464.753	0.131092
465.773	0.131193
466.776	0.131336
467.824	0.131566
468.839	0.13181
469.85	0.131954
470.854	0.13204
471.863	0.132198
472.865	0.132385
473.871	0.132529
474.911	0.132644
475.932	0.132787
476.934	0.132874
477.942	0.133017
478.96	0.133204
479.97	0.133319
480.971	0.133448
481.98	0.133592
483.034	0.133764
484.054	0.133937
485.081	0.134124
486.101	0.134267
487.118	0.134454
488.119	0.134641
489.139	0.134842
490.142	0.134899
491.155	0.135057
492.167	0.135172
493.168	0.13533
494.171	0.135474
495.172	0.135647
496.174	0.135848
497.186	0.135963
498.192	0.136149
499.193	0.136264
500.202	0.136451
501.238	0.136652
502.251	0.13681
503.26	0.136897
504.335	0.137069
505.342	0.137198
506.361	0.137313
507.386	0.1375
508.41	0.137658
509.413	0.137787
510.417	0.137917
511.426	0.138003
512.429	0.138089
513.446	0.138233
514.451	0.138391
515.453	0.13852
516.5	0.138721
517.512	0.138937
518.512	0.139037
519.512	0.139152
520.551	0.139282
521.56	0.139397
522.568	0.13954
523.57	0.13977
524.601	0.139957
525.657	0.140043
526.67	0.140244
527.68	0.140445
528.693	0.140632
529.754	0.14092
530.775	0.141006
531.834	0.141135
532.86	0.141264
533.876	0.141394
534.896	0.141494
535.901	0.141638
536.907	0.141739
537.914	0.14181
538.933	0.141911
539.941	0.142098
540.976	0.142227
541.976	0.142385
542.985	0.142514
544.011	0.142687
545.068	0.142816
546.158	0.143017
547.169	0.14329
548.176	0.143491
549.185	0.143736
550.185	0.143937
551.246	0.144253
552.265	0.14444
553.276	0.144583
554.28	0.144713
555.291	0.144813
556.293	0.144986
557.301	0.145129
558.304	0.145259
559.328	0.145374
560.328	0.145517
561.347	0.145632
562.358	0.145718
563.404	0.145862
564.432	0.145991
565.434	0.146092
566.434	0.146307
567.442	0.146537
568.474	0.14671
569.503	0.146853
570.517	0.146968
571.517	0.147141
572.532	0.147241
573.569	0.147371
574.69	0.147457
575.705	0.147543
576.709	0.147658
577.717	0.147787
578.717	0.147902
579.73	0.148046
580.788	0.148147
581.79	0.148204
582.794	0.148276
583.849	0.148463
584.882	0.148578
585.886	0.148736
586.921	0.148894
587.933	0.149009
588.938	0.149224
590.012	0.149339
591.059	0.149497
592.082	0.149684
593.083	0.149856
594.094	0.149957
595.094	0.150057
596.109	0.150259
597.261	0.150345
598.308	0.150517
599.317	0.150718
600.333	0.150934
601.336	0.151034
602.354	0.151207
603.402	0.151279
604.407	0.151422
605.412	0.151566
606.414	0.151681
607.425	0.151839
608.441	0.152011
609.501	0.152155
610.507	0.152227
611.513	0.152385
612.526	0.152457
613.529	0.152586
614.565	0.152787
615.586	0.153017
616.59	0.153247
617.593	0.153434
618.603	0.15352
619.611	0.153549
620.634	0.153635
621.636	0.153793
622.643	0.153865
623.652	0.15408
624.657	0.154152
625.673	0.154296
626.813	0.154339
627.815	0.154497
628.822	0.154641
629.845	0.154655
630.847	0.154799
631.864	0.154914
632.886	0.155014
633.911	0.155201
634.913	0.155302
635.916	0.155489
636.946	0.155647
637.967	0.155819
638.97	0.15592
639.973	0.155977
640.985	0.156149
642.029	0.156193
643.032	0.156336
644.052	0.156494
645.054	0.156624
646.196	0.156739
647.239	0.156853
648.246	0.15694
649.252	0.157026
650.29	0.157198
651.297	0.157299
652.336	0.157443
653.347	0.157514
654.362	0.157572
655.369	0.157701
656.39	0.157816
657.418	0.157974
658.425	0.158075
659.43	0.158204
660.516	0.158362
661.519	0.158534
662.528	0.158606
663.539	0.158836
664.543	0.158951
665.555	0.159009
666.557	0.159167
667.609	0.159325
668.632	0.159411
669.635	0.159583
670.693	0.159698
671.695	0.159756
672.706	0.159799
673.73	0.159928
674.761	0.159971
675.761	0.160101
676.804	0.160201
677.824	0.160316
678.841	0.160374
679.852	0.16046
680.863	0.160589
681.865	0.16069
682.873	0.160718
683.876	0.160891
684.877	0.160977
685.883	0.161063
686.905	0.161207
687.912	0.161351
688.917	0.161466
689.939	0.161523
690.941	0.161667
691.953	0.161724
692.955	0.161853
693.974	0.161968
694.976	0.162155
696.031	0.162328
697.039	0.162486
698.081	0.162572
699.104	0.162701
700.106	0.162945
701.117	0.163147
702.145	0.16329
703.17	0.163391
704.18	0.163506
705.226	0.163592
706.231	0.163779
707.232	0.163851
708.241	0.163937
709.257	0.164037
710.278	0.164095
711.28	0.164167
712.282	0.164282
713.286	0.164339
714.299	0.164468
715.302	0.164526
716.324	0.164741
717.325	0.164899
718.328	0.165014
719.352	0.165072
720.386	0.165129
721.44	0.165187
722.462	0.165287
723.481	0.165388
724.514	0.165445
725.529	0.16546
726.529	0.165632
727.532	0.16579
728.555	0.165934
729.607	0.166034
730.624	0.166178
731.626	0.16625
732.637	0.166351
733.706	0.166466
734.708	0.166537
735.714	0.166695
736.719	0.166782
737.883	0.166825
738.9	0.166968
739.909	0.166968
740.915	0.167069
741.915	0.167241
742.972	0.167342
743.973	0.167486
744.981	0.167543
746.013	0.167644
747.036	0.167787
748.036	0.16796
749.037	0.168046
750.052	0.168132
751.086	0.168319
752.092	0.168463
753.093	0.168578
754.136	0.168621
755.155	0.168721
756.176	0.168779
757.185	0.168822
758.271	0.168879
759.308	0.169009
760.348	0.169095
761.353	0.169239
762.368	0.16931
763.379	0.169454
764.405	0.16954
765.407	0.169612
766.426	0.169813
767.437	0.169914
768.493	0.169957
769.524	0.170101
770.531	0.170259
771.534	0.170431
772.539	0.170675
773.587	0.170776
774.589	0.170934
775.642	0.170977
776.678	0.171063
777.699	0.171164
778.784	0.171279
779.86	0.171394
780.933	0.171494
781.941	0.17158
782.97	0.171652
783.972	0.171782
784.975	0.171853
785.978	0.171954
786.98	0.172055
788.002	0.172126
789.027	0.17227
790.028	0.172399
791.075	0.172543
792.095	0.17273
793.099	0.172802
794.162	0.172902
795.164	0.172989
796.177	0.173103
797.314	0.173276
798.324	0.173477
799.331	0.173549
800.343	0.173649
801.355	0.17375
802.357	0.173836
803.359	0.173894
804.406	0.173937
805.406	0.174037
806.425	0.174109
807.428	0.174325
808.43	0.174382
809.445	0.174454
810.478	0.174641
811.494	0.174713
812.506	0.174856
813.56	0.174943
814.561	0.175029
815.565	0.175201
816.64	0.175388
817.677	0.175532
818.704	0.17569
819.705	0.175776
820.719	0.175805
821.742	0.175862
822.76	0.175963
823.785	0.176106
824.802	0.176221
825.867	0.176351
826.868	0.176466
827.889	0.176523
828.892	0.17658
829.914	0.176652
830.918	0.176782
831.933	0.17694
832.947	0.177011
834.011	0.177141
835.026	0.177213
836.089	0.177256
837.107	0.177471
838.124	0.177615
839.152	0.177787
840.228	0.177845
841.252	0.177945
842.255	0.178046
843.259	0.17819
844.266	0.178247
845.323	0.178305
846.356	0.178391
847.369	0.178463
848.417	0.17852
849.427	0.178578
850.428	0.178764
851.437	0.178851
852.448	0.179009
853.493	0.179095
854.493	0.179195
855.495	0.179325
856.624	0.179454
857.625	0.179583
858.639	0.17967
859.685	0.179828
860.722	0.179957
861.734	0.180043
862.738	0.180172
863.766	0.180216
864.851	0.180388
865.873	0.18056
866.881	0.180704
867.892	0.180833
868.894	0.180891
869.922	0.180977
870.926	0.181135
871.945	0.181236
872.952	0.181336
873.959	0.181422
875.013	0.18158
876.027	0.181839
877.028	0.181911
878.084	0.181968
879.116	0.182069
880.117	0.182198
881.123	0.182227
882.127	0.182328
883.128	0.182399
884.161	0.182471
885.21	0.182744
886.216	0.182888
887.222	0.18296
888.227	0.183017
889.233	0.183118
890.268	0.183204
891.29	0.183261
892.33	0.183362
893.364	0.183506
894.565	0.183621
895.567	0.183678
896.607	0.183793
897.644	0.184037
898.667	0.184124
899.703	0.184267
900.715	0.184411
901.74	0.184526
902.741	0.184684
903.745	0.184784
904.86	0.184856
905.894	0.184957
906.914	0.185072
907.936	0.185216
908.938	0.185316
909.948	0.185503
910.996	0.185603
912	0.185747
913.013	0.185833
914.014	0.185963
915.041	0.186106
916.083	0.186193
917.196	0.186279
918.232	0.186379
919.285	0.186509
920.289	0.18658
921.37	0.186652
922.381	0.186724
923.387	0.186825
924.427	0.186868
925.514	0.186997
926.516	0.187126
927.531	0.187313
928.533	0.187414
929.539	0.187572
930.616	0.187615
931.648	0.187701
932.69	0.187845
933.694	0.187859
934.701	0.188046
935.732	0.188161
936.74	0.18819
937.8	0.188305
938.829	0.18852
939.852	0.188635
940.872	0.188707
941.896	0.188793
942.9	0.189009
943.947	0.189124
944.955	0.189181
945.965	0.189253
946.993	0.189353
948.004	0.189411
949.034	0.18954
950.046	0.189698
951.048	0.189799
952.187	0.189828
953.245	0.189914
954.34	0.189957
955.351	0.190029
956.394	0.190129
957.402	0.190172
958.445	0.190302
959.573	0.190388
960.576	0.190503
961.577	0.190575
962.622	0.19079
963.631	0.190934
964.658	0.191106
965.676	0.191236
966.692	0.191351
967.708	0.191451
968.745	0.191509
969.753	0.191595
970.765	0.191695
971.8	0.191724
972.825	0.191853
973.849	0.191983
974.861	0.192069
975.896	0.19217
976.907	0.192256
977.92	0.192399
979	0.192514
980.027	0.192658
981.031	0.192716
982.034	0.19296
983.072	0.193089
984.079	0.193175
985.086	0.193305
986.111	0.193376
987.136	0.193549
988.235	0.193563
989.24	0.193693
990.244	0.193736
991.272	0.193851
992.273	0.193951
993.338	0.194052
994.34	0.194224
995.39	0.194325
996.39	0.194411
997.399	0.194526
998.42	0.194598
999.433	0.194784
1000.45	0.194899
1001.48	0.195086
1002.49	0.195201
1003.49	0.195345
1004.51	0.195445
1005.51	0.195546
1006.51	0.195618
1007.62	0.195747
1008.62	0.195833
1009.63	0.196034
1010.72	0.196121
1011.73	0.196149
1012.78	0.196336
1013.79	0.196394
1014.83	0.196537
1015.86	0.19658
1016.91	0.196695
1017.92	0.19681
1018.93	0.196839
1019.94	0.196882
1020.95	0.196954
1021.97	0.197011
1022.99	0.19704
1024.06	0.197155
1025.08	0.19727
1026.09	0.197371
1027.09	0.197471
1028.1	0.197572
1029.14	0.197701
1030.14	0.197787
1031.18	0.197859
1032.18	0.197917
1033.2	0.198032
1034.2	0.198147
1035.21	0.198233
1036.23	0.198348
1037.24	0.198448
1038.24	0.198549
1039.24	0.198621
1040.24	0.198721
1041.27	0.198822
1042.27	0.198922
1043.28	0.198994
1044.28	0.199167
1045.29	0.199253
1046.36	0.199296
1047.36	0.199454
1048.39	0.199598
1049.39	0.19967
1050.39	0.199741
1051.47	0.199842
1052.47	0.199943
1053.56	0.2
1054.57	0.200115
1055.59	0.200302
1056.6	0.200474
1057.62	0.20056
1058.63	0.200747
1059.64	0.200805
1060.64	0.200948
1061.66	0.201006
1062.67	0.201078
1063.74	0.201135
1064.76	0.201322
1065.79	0.201595
1066.81	0.201667
1067.89	0.201825
1068.89	0.201968
1069.9	0.202026
1070.91	0.202098
1071.92	0.202141
1072.93	0.202256
1073.94	0.202414
1074.96	0.202543
1075.99	0.202629
1077	0.202773
1078	0.202917
1079.01	0.20306
1080.04	0.203218
1081.04	0.203305
1082.04	0.203405
1083.05	0.203448
1084.1	0.203491
1085.11	0.203563
1086.11	0.203693
1087.11	0.203764
1088.22	0.203807
1089.23	0.203851
1090.24	0.20408
1091.25	0.204195
1092.27	0.204282
1093.29	0.20454
1094.33	0.204612
1095.33	0.20467
1096.35	0.204684
1097.35	0.204713
1098.4	0.204871
1099.47	0.205
1100.49	0.205144
1101.49	0.20523
1102.5	0.205273
1103.58	0.205417
1104.59	0.205532
1105.62	0.205632
1106.66	0.205733
1107.67	0.205833
1108.69	0.205862
1109.74	0.20602
1110.91	0.206164
1111.91	0.206193
1112.92	0.20625
1113.97	0.206279
1114.98	0.206307
1116	0.206322
1117.01	0.206422
1118.04	0.206537
1119.04	0.206552
1120.08	0.206624
1121.09	0.206681
1122.11	0.206739
1123.14	0.20681
1124.17	0.206882
1125.19	0.206997
1126.21	0.207112
1127.22	0.207198
1128.23	0.207256
1129.24	0.207342
1130.24	0.207414
1131.24	0.207486
1132.26	0.207557
1133.3	0.207658
1134.31	0.207802
1135.32	0.207888
1136.32	0.207917
1137.32	0.208017
1138.33	0.208089
1139.46	0.20819
1140.58	0.208247
1141.62	0.208448
1142.62	0.208549
1143.63	0.208635
1144.64	0.208807
1145.66	0.208894
1146.67	0.208966
1147.68	0.209066
1148.76	0.209267
1149.77	0.209325
1150.79	0.209339
1151.8	0.209411
1152.81	0.20954
1153.81	0.209684
1154.88	0.20977
1155.88	0.209914
1156.88	0.209957
1157.89	0.210043
1158.93	0.210101
1159.93	0.210144
1160.96	0.210287
1161.98	0.210374
1163.03	0.210474
1164.08	0.210661
1165.11	0.210833
1166.14	0.21092
1167.17	0.211034
1168.18	0.211149
1169.24	0.211279
1170.25	0.211451
1171.27	0.211494
1172.28	0.211595
1173.29	0.211695
1174.29	0.211782
1175.32	0.211853
1176.32	0.21194
1177.34	0.212155
1178.35	0.212227
1179.39	0.212313
1180.42	0.212399
1181.44	0.212629
1182.44	0.21273
1183.45	0.212859
1184.51	0.213017
1185.53	0.213089
1186.53	0.213147
1187.61	0.213247
1188.61	0.213319
1189.64	0.21342
1190.68	0.213578
1191.7	0.213693
1192.7	0.213707
1193.73	0.213836
1194.75	0.213922
1195.76	0.214052
1196.78	0.214109
1197.79	0.21421
1198.82	0.214325
1199.83	0.214425
1200.85	0.214468
1201.86	0.214583
1202.88	0.21467
1203.89	0.214784
1204.89	0.214828
1205.9	0.214871
1206.92	0.214943
1207.93	0.215057
1208.95	0.215201
1209.96	0.215273
1210.96	0.21533
1211.96	0.215402
1212.98	0.215489
1214.01	0.215618
1215.01	0.215718
1216.03	0.21579
1217.06	0.215848
1218.06	0.215948
1219.07	0.21602
1220.1	0.216135
1221.12	0.216164
1222.17	0.216236
1223.17	0.216264
1224.19	0.216365
1225.23	0.216509
1226.24	0.21658
1227.25	0.216652
1228.27	0.216825
1229.27	0.216882
1230.28	0.216983
1231.28	0.217083
1232.28	0.217227
1233.32	0.217299
1234.33	0.217399
1235.33	0.217529
1236.33	0.21783
1237.36	0.217845
1238.37	0.217859
1239.39	0.217931
1240.39	0.218075
1241.41	0.218204
1242.42	0.218247
1243.46	0.21829
1244.58	0.218376
1245.58	0.218491
1246.6	0.218578
1247.62	0.218649
1248.68	0.218736
1249.69	0.218836
1250.71	0.218951
1251.71	0.219138
1252.74	0.21921
1253.76	0.219339
1254.78	0.219468
1255.82	0.219569
1256.82	0.219641
1257.94	0.219784
1259.02	0.219871
1260.04	0.219914
1261.05	0.219957
1262.09	0.220029
1263.11	0.220144
1264.19	0.220244
1265.2	0.220374
1266.21	0.22046
1267.21	0.22056
1268.27	0.220647
1269.27	0.220776
1270.32	0.220862
1271.36	0.220905
1272.37	0.22102
1273.39	0.221149
1274.39	0.221193
1275.39	0.221365
1276.43	0.221523
1277.44	0.221652
1278.45	0.22181
1279.46	0.221897
1280.46	0.22204
1281.47	0.222141
1282.5	0.222213
1283.52	0.222342
1284.52	0.2225
1285.55	0.222557
1286.55	0.222629
1287.59	0.222701
1288.61	0.222744
1289.63	0.222816
1290.65	0.22296
1291.72	0.223075
1292.72	0.223218
1293.72	0.223362
1294.73	0.223463
1295.74	0.223563
1296.81	0.223635
1297.83	0.223649
1298.84	0.22375
1299.84	0.223807
1300.84	0.223908
1301.86	0.22398
1302.87	0.224109
1303.87	0.224239
1304.92	0.224325
1305.93	0.22444
1306.94	0.224483
1308.02	0.22454
1309.04	0.224569
1310.09	0.224713
1311.1	0.224813
1312.12	0.224871
1313.15	0.224928
1314.17	0.225
1315.2	0.225072
1316.24	0.225244
1317.28	0.225345
1318.3	0.225388
1319.31	0.225431
1320.33	0.225532
1321.34	0.225647
1322.39	0.225776
1323.39	0.225948
1324.4	0.22602
1325.41	0.226034
1326.43	0.226063
1327.5	0.226121
1328.5	0.226279
1329.51	0.226466
1330.52	0.226566
1331.53	0.226609
1332.54	0.226739
1333.55	0.22681
1334.56	0.226897
1335.58	0.22694
1336.62	0.22704
1337.62	0.227155
1338.63	0.227213
1339.63	0.227328
1340.64	0.227443
1341.64	0.227514
1342.66	0.227586
1343.74	0.227672
1344.75	0.227859
1345.86	0.227974
1346.9	0.228017
1347.91	0.228103
1348.93	0.228175
1349.94	0.228218
1350.94	0.228319
1351.95	0.228434
1352.96	0.228506
1353.96	0.228549
1354.97	0.228621
1356.01	0.22875
1357.01	0.228908
1358.02	0.229009
1359.03	0.229152
1360.04	0.229253
1361.05	0.229296
1362.07	0.229368
1363.1	0.229468
1364.13	0.229641
1365.14	0.229713
1366.15	0.229756
1367.17	0.229914
1368.17	0.229943
1369.2	0.230014
1370.28	0.230086
1371.29	0.230172
1372.29	0.230244
1373.3	0.230287
1374.31	0.230345
1375.36	0.230445
1376.36	0.230474
1377.38	0.230532
1378.39	0.230618
1379.43	0.230661
1380.44	0.230733
1381.46	0.230819
1382.46	0.230948
1383.46	0.23102
1384.48	0.231106
1385.48	0.23125
1386.48	0.231394
1387.51	0.231437
1388.51	0.231466
1389.57	0.231566
1390.58	0.231695
1391.58	0.231767
1392.61	0.231853
1393.62	0.231868
1394.63	0.231954
1395.65	0.232083
1396.66	0.232098
1397.67	0.232126
1398.68	0.232184
1399.68	0.232284
1400.71	0.232342
1401.72	0.232428
1402.72	0.232572
1403.74	0.232586
1404.75	0.232629
1405.75	0.232672
1406.79	0.232744
1407.81	0.232845
1408.81	0.232931
1409.82	0.232989
1410.83	0.23306
1411.83	0.233147
1412.84	0.233204
1413.87	0.233276
1414.89	0.233391
1415.92	0.233448
1416.93	0.233534
1417.94	0.233721
1418.95	0.233807
1419.95	0.233894
1420.98	0.23398
1422.01	0.234052
1423.02	0.234224
1424.04	0.23431
1425.11	0.234397
1426.14	0.234483
1427.14	0.234511
1428.15	0.234526
1429.17	0.234626
1430.19	0.234799
1431.19	0.234885
1432.21	0.235086
1433.24	0.235201
1434.25	0.235302
1435.26	0.235374
1436.27	0.235431
1437.28	0.235474
1438.29	0.23556
1439.36	0.235589
1440.41	0.235661
1441.42	0.235718
1442.47	0.23579
1443.48	0.235991
1444.5	0.236164
1445.51	0.236236
1446.54	0.236336
1447.55	0.236408
1448.61	0.23648
1449.61	0.236537
1450.66	0.236624
1451.68	0.236753
1452.7	0.236839
1453.71	0.237011
1454.72	0.237083
1455.73	0.237141
1456.75	0.23717
1457.76	0.23727
1458.79	0.237356
1459.81	0.237443
1460.83	0.237514
1461.85	0.237615
1462.87	0.237629
1463.91	0.237687
1464.92	0.237787
1465.92	0.237859
1466.96	0.237945
1467.98	0.238003
1469.07	0.23806
1470.11	0.238147
1471.15	0.238218
1472.15	0.238305
1473.17	0.238391
1474.17	0.238549
1475.27	0.238563
1476.29	0.238606
1477.29	0.238707
1478.3	0.238793
1479.32	0.238966
1480.33	0.239066
1481.34	0.239109
1482.36	0.239138
1483.38	0.239267
1484.42	0.239368
1485.46	0.239454
1486.53	0.239526
1487.54	0.239598
1488.54	0.23977
1489.55	0.239885
1490.59	0.239971
1491.72	0.240072
1492.74	0.240101
1493.74	0.240115
1494.84	0.240201
1495.86	0.240302
1496.86	0.240402
1497.87	0.24056
1498.87	0.240603
1499.91	0.240718
1500.92	0.241178
1501.92	0.241609
1502.92	0.241925
1503.93	0.242284
1504.93	0.242672
1505.93	0.243089
1506.95	0.243578
1507.95	0.244195
1508.96	0.244598
1509.96	0.244885
1510.96	0.245201
1511.97	0.245532
1512.97	0.245963
1513.97	0.246293
1514.97	0.246695
1515.97	0.247083
1516.98	0.247615
1517.99	0.248118
1518.99	0.248391
1519.99	0.248908
1521	0.249267
1522	0.249713
1523	0.250086
1524	0.250532
1525	0.25092
1526.01	0.251351
1527.01	0.251652
1528.02	0.251997
1529.02	0.252356
1530.03	0.252644
1531.03	0.252945
1532.03	0.253247
1533.05	0.253693
1534.05	0.254052
1535.06	0.254397
1536.06	0.254713
1537.06	0.254986
1538.06	0.255259
1539.07	0.255532
1540.07	0.255761
1541.07	0.255991
1542.08	0.256264
1543.08	0.256552
1544.08	0.256853
1545.08	0.25727
1546.1	0.257543
1547.1	0.257931
1548.1	0.258161
1549.11	0.258434
1550.13	0.258635
1551.13	0.258836
1552.13	0.258966
1553.13	0.259167
1554.13	0.25944
1555.14	0.259727
1556.15	0.26
1557.15	0.260172
1558.16	0.26056
1559.16	0.260747
1560.17	0.260948
1561.17	0.261221
1562.17	0.261494
1563.18	0.261767
1564.2	0.262011
1565.2	0.262198
1566.21	0.262687
1567.21	0.263017
1568.21	0.263276
1569.21	0.263434
1570.22	0.26375
1571.22	0.264095
1572.22	0.264411
1573.22	0.264698
1574.23	0.265043
1575.23	0.265316
1576.23	0.265647
1577.23	0.265948
1578.24	0.266351
1579.24	0.266566
1580.24	0.266882
1581.25	0.267069
1582.25	0.267299
1583.27	0.267557
1584.27	0.267859
1585.28	0.268276
1586.28	0.268463
1587.29	0.268707
1588.3	0.269009
1589.3	0.26931
1590.31	0.269626
1591.31	0.269971
1592.31	0.27023
1593.32	0.270532
1594.33	0.270733
1595.33	0.271049
1596.34	0.271236
1597.35	0.271451
1598.35	0.271782
1599.35	0.27204
1600.35	0.272198
1601.35	0.272529
1602.36	0.272744
1603.37	0.272888
1604.39	0.273147
1605.39	0.273376
1606.39	0.273649
1607.39	0.273908
1608.4	0.274109
1609.4	0.274282
1610.4	0.274641
1611.4	0.274943
1612.4	0.275101
1613.41	0.275244
1614.42	0.27546
1615.42	0.275704
1616.42	0.275905
1617.42	0.276164
1618.42	0.276307
1619.43	0.276595
1620.43	0.276695
1621.44	0.276925
1622.45	0.277313
1623.45	0.277557
1624.46	0.277874
1625.47	0.278103
1626.47	0.278405
1627.49	0.278563
1628.49	0.278793
1629.5	0.278994
1630.51	0.279195
1631.51	0.27944
1632.52	0.279727
1633.53	0.279971
1634.54	0.280244
1635.54	0.280517
1636.55	0.280819
1637.55	0.281078
1638.55	0.281279
1639.55	0.281422
1640.56	0.281796
1641.56	0.28194
1642.56	0.282155
1643.56	0.282399
1644.57	0.282716
1645.57	0.282931
1646.57	0.283161
1647.57	0.28342
1648.58	0.283736
1649.58	0.284023
1650.59	0.284282
1651.6	0.284497
1652.6	0.284684
1653.6	0.284899
1654.6	0.28523
1655.6	0.285474
1656.6	0.285718
1657.62	0.286078
1658.63	0.286322
1659.64	0.286494
1660.67	0.286753
1661.69	0.286925
1662.69	0.287126
1663.71	0.287342
1664.71	0.287586
1665.71	0.287888
1666.72	0.28806
1667.73	0.288333
1668.73	0.288534
1669.73	0.288779
1670.74	0.289167
1671.75	0.289382
1672.76	0.289655
1673.77	0.289943
1674.81	0.290115
1675.81	0.29033
1676.81	0.290575
1677.83	0.29079
1678.84	0.291063
1679.84	0.291164
1680.85	0.291336
1681.85	0.291509
1682.85	0.291724
1683.85	0.291983
1684.86	0.292198
1685.86	0.292514
1686.86	0.292744
1687.86	0.292974
1688.87	0.293132
1689.87	0.293463
1690.87	0.293678
1691.88	0.293951
1692.88	0.294152
1693.89	0.294425
1694.89	0.294641
1695.89	0.294842
1696.89	0.295
1697.9	0.295129
1698.91	0.295273
1699.91	0.29556
1700.92	0.295776
1701.92	0.296034
1702.92	0.29625
1703.93	0.296537
1704.93	0.296739
1705.93	0.296925
1706.95	0.29704
1707.95	0.297356
1708.97	0.297543
1709.97	0.297802
1710.97	0.298032
1711.98	0.298204
1712.98	0.298506
1713.99	0.29875
1714.99	0.298937
1715.99	0.299052
1716.99	0.299224
1718	0.29944
1719.02	0.299641
1720.02	0.299885
1721.02	0.300057
1722.02	0.300316
1723.03	0.30046
1724.03	0.300632
1725.03	0.300891
1726.03	0.301034
1727.03	0.301236
1728.04	0.301466
1729.04	0.301609
1730.05	0.30171
1731.05	0.30194
1732.06	0.302155
1733.07	0.302313
1734.08	0.302443
1735.08	0.302615
1736.1	0.302816
1737.1	0.302902
1738.1	0.303032
1739.11	0.303118
1740.13	0.303261
1741.13	0.303463
1742.13	0.303578
1743.13	0.303937
1744.15	0.304095
1745.16	0.304267
1746.16	0.304411
1747.17	0.304583
1748.17	0.304813
1749.17	0.304957
1750.19	0.305057
1751.2	0.305244
1752.2	0.305489
1753.21	0.305747
1754.21	0.305963
1755.21	0.306264
1756.21	0.30648
1757.22	0.306739
1758.23	0.306868
1759.23	0.307126
1760.23	0.307198
1761.23	0.307328
1762.24	0.307514
1763.25	0.307658
1764.26	0.307787
1765.27	0.307917
1766.28	0.308017
1767.28	0.308132
1768.28	0.308376
1769.29	0.308549
1770.29	0.308721
1771.29	0.308836
1772.29	0.309152
1773.31	0.30931
1774.33	0.309655
1775.33	0.309828
1776.33	0.309971
1777.34	0.310201
1778.35	0.310374
1779.35	0.310589
1780.36	0.310776
1781.36	0.310862
1782.36	0.311063
1783.36	0.311293
1784.37	0.31148
1785.37	0.311739
1786.37	0.311925
1787.38	0.312098
1788.38	0.312299
1789.39	0.312443
1790.39	0.312644
1791.41	0.312773
1792.42	0.313003
1793.42	0.313161
1794.43	0.313333
1795.44	0.313506
1796.44	0.313649
1797.44	0.313836
1798.45	0.314023
1799.45	0.314195
1800.45	0.314425
1801.45	0.314555
1802.45	0.314698
1803.46	0.314784
1804.46	0.314914
1805.47	0.315187
1806.47	0.315316
1807.48	0.315431
1808.48	0.315647
1809.5	0.315761
1810.5	0.31592
1811.52	0.316092
1812.53	0.316264
1813.53	0.31648
1814.54	0.316566
1815.54	0.316652
1816.55	0.316825
1817.55	0.316968
1818.56	0.317198
1819.56	0.31727
1820.57	0.317414
1821.61	0.317557
1822.61	0.317701
1823.62	0.317845
1824.62	0.318132
1825.63	0.318233
1826.63	0.318376
1827.64	0.318606
1828.64	0.318779
1829.64	0.318879
1830.65	0.319037
1831.65	0.319138
1832.65	0.319282
1833.66	0.319454
1834.67	0.319526
1835.68	0.319684
1836.69	0.319957
1837.73	0.320072
1838.73	0.320244
1839.75	0.320359
1840.76	0.320503
1841.76	0.320618
1842.77	0.320747
1843.77	0.320876
1844.77	0.32102
1845.77	0.321178
1846.78	0.321394
1847.78	0.321552
1848.78	0.321724
1849.78	0.321853
1850.79	0.321968
1851.79	0.322098
1852.79	0.322299
1853.8	0.322514
1854.8	0.322658
1855.8	0.322716
1856.81	0.322859
1857.81	0.322974
1858.82	0.32306
1859.84	0.323204
1860.85	0.323247
1861.85	0.323434
1862.87	0.323592
1863.87	0.323693
1864.87	0.323836
1865.88	0.32398
1866.9	0.32408
1867.91	0.324267
1868.92	0.324425
1869.92	0.324598
1870.93	0.324813
1871.93	0.324943
1872.93	0.325057
1873.94	0.325172
1874.95	0.325374
1875.95	0.325517
1876.96	0.325675
1877.98	0.325805
1878.99	0.325948
1880	0.326135
1881.01	0.326221
1882.01	0.326336
1883.02	0.326494
1884.03	0.326624
1885.03	0.326739
1886.04	0.326868
1887.04	0.326983
1888.05	0.327198
1889.05	0.327399
1890.07	0.327557
1891.07	0.327658
1892.08	0.32783
1893.09	0.32806
1894.09	0.328218
1895.11	0.328477
1896.11	0.328592
1897.13	0.328707
1898.14	0.328793
1899.15	0.328937
1900.17	0.329052
1901.18	0.329167
1902.18	0.329296
1903.18	0.329382
1904.19	0.329497
1905.2	0.329583
1906.2	0.329741
1907.2	0.329813
1908.21	0.329928
1909.21	0.330129
1910.21	0.33023
1911.21	0.330402
1912.21	0.330546
1913.22	0.330704
1914.22	0.330891
1915.24	0.330977
1916.25	0.331164
1917.26	0.331264
1918.27	0.331437
1919.27	0.33158
1920.27	0.33171
1921.27	0.331753
1922.28	0.331911
1923.29	0.332069
1924.29	0.332198
1925.29	0.332299
1926.29	0.332428
1927.31	0.332658
1928.32	0.332845
1929.32	0.332945
1930.35	0.333075
1931.35	0.333233
1932.35	0.333448
1933.36	0.333664
1934.37	0.333822
1935.37	0.333937
1936.38	0.334095
1937.38	0.334224
1938.39	0.33444
1939.4	0.334713
1940.41	0.334828
1941.41	0.335029
1942.43	0.335086
1943.44	0.33523
1944.44	0.335345
1945.45	0.335474
1946.45	0.33556
1947.45	0.33569
1948.46	0.335862
1949.46	0.335963
1950.46	0.336049
1951.47	0.336106
1952.47	0.336193
1953.48	0.336437
1954.49	0.33658
1955.5	0.336767
1956.5	0.336839
1957.52	0.33694
1958.53	0.337112
1959.54	0.337313
1960.55	0.337385
1961.55	0.337529
1962.57	0.337716
1963.61	0.337917
1964.61	0.338032
1965.63	0.338233
1966.63	0.33842
1967.64	0.33852
1968.65	0.338678
1969.65	0.338851
1970.65	0.338966
1971.65	0.339066
1972.66	0.339195
1973.67	0.33931
1974.68	0.339497
1975.68	0.339684
1976.69	0.339828
1977.7	0.339957
1978.7	0.340072
1979.7	0.340158
1980.72	0.340345
1981.73	0.340431
1982.73	0.340546
1983.76	0.340661
1984.76	0.340948
1985.76	0.341106
1986.76	0.341264
1987.76	0.341437
1988.77	0.341566
1989.78	0.341724
1990.78	0.341796
1991.8	0.341911
1992.8	0.34194
1993.81	0.342098
1994.81	0.342213
1995.81	0.342371
1996.82	0.3425
1997.82	0.342601
1998.83	0.342687
1999.84	0.342802
2000.86	0.343003
2001.87	0.343118
2002.87	0.343319
2003.88	0.343491
2004.89	0.343621
2005.93	0.343736
2006.96	0.343836
2007.97	0.344009
2008.97	0.344282
2010	0.344411
2011.02	0.34454
2012.04	0.344684
2013.06	0.344842
2014.07	0.344971
2015.08	0.345158
2016.08	0.34533
2017.08	0.345417
2018.09	0.345503
2019.09	0.345704
2020.11	0.345819
2021.12	0.34602
2022.12	0.346106
2023.14	0.346307
2024.14	0.346408
2025.18	0.34658
2026.18	0.346753
2027.18	0.346911
2028.19	0.347026
2029.2	0.347227
2030.21	0.347342
2031.21	0.347399
2032.22	0.347514
2033.24	0.347672
2034.24	0.347859
2035.24	0.34796
2036.26	0.348132
2037.27	0.34829
2038.28	0.348405
2039.28	0.348534
2040.29	0.348678
2041.3	0.348908
2042.32	0.349066
2043.32	0.349239
2044.34	0.349411
2045.34	0.349626
2046.35	0.349713
2047.36	0.349928
2048.37	0.350057
2049.37	0.350216
2050.38	0.350259
2051.38	0.350417
2052.38	0.350503
2053.39	0.350632
2054.39	0.350805
2055.39	0.350934
2056.4	0.351006
2057.41	0.351236
2058.41	0.351336
2059.42	0.351394
2060.43	0.351494
2061.44	0.351667
2062.44	0.351839
2063.45	0.352069
2064.45	0.352213
2065.47	0.352399
2066.47	0.352615
2067.48	0.352787
2068.49	0.353003
2069.5	0.353103
2070.51	0.353218
2071.52	0.353348
2072.53	0.353506
2073.53	0.353721
2074.54	0.353879
2075.54	0.353951
2076.54	0.354009
2077.55	0.354052
2078.55	0.354152
2079.55	0.354253
2080.57	0.354497
2081.57	0.354598
2082.57	0.354756
2083.57	0.354899
2084.57	0.354957
2085.57	0.355043
2086.57	0.355244
2087.58	0.355402
2088.58	0.355517
2089.61	0.355661
2090.61	0.355776
2091.62	0.355905
2092.63	0.356049
2093.63	0.356264
2094.64	0.35648
2095.64	0.356695
2096.66	0.356796
2097.67	0.356968
2098.67	0.35704
2099.7	0.357083
2100.7	0.357184
2101.71	0.357299
2102.71	0.357399
2103.72	0.357601
2104.73	0.357773
2105.73	0.357931
2106.73	0.358017
2107.74	0.358089
2108.74	0.35829
2109.75	0.358376
2110.76	0.358534
2111.76	0.35875
2112.77	0.358851
2113.77	0.358966
2114.78	0.359095
2115.78	0.359224
2116.78	0.359353
2117.79	0.359468
2118.8	0.359569
2119.81	0.359698
2120.81	0.359856
2121.81	0.359986
2122.83	0.360101
2123.84	0.36023
2124.87	0.360359
2125.88	0.360417
2126.88	0.360546
2127.89	0.36069
2128.89	0.360862
2129.89	0.360977
2130.89	0.361135
2131.92	0.361178
2132.93	0.361264
2133.95	0.361365
2134.95	0.361552
2135.95	0.361609
2136.95	0.361695
2137.96	0.361782
2138.97	0.361925
2140	0.361954
2141	0.362112
2142.01	0.362284
2143.02	0.362399
2144.04	0.362514
2145.08	0.362557
2146.1	0.362615
2147.1	0.36273
2148.11	0.362874
2149.12	0.362989
2150.13	0.363118
2151.13	0.363261
2152.19	0.363448
2153.2	0.363592
2154.21	0.36375
2155.21	0.363822
2156.21	0.363922
2157.24	0.364109
2158.28	0.364167
2159.28	0.364267
2160.29	0.364368
2161.3	0.364468
2162.3	0.364555
2163.31	0.364684
2164.31	0.364842
2165.31	0.364971
2166.32	0.365086
2167.33	0.365172
2168.34	0.365345
2169.34	0.365402
2170.36	0.365589
2171.37	0.365761
2172.41	0.365891
2173.42	0.366034
2174.43	0.366149
2175.45	0.366193
2176.45	0.366422
2177.46	0.366566
2178.46	0.366739
2179.47	0.366868
2180.48	0.36704
2181.48	0.367112
2182.48	0.367155
2183.49	0.367284
2184.51	0.367356
2185.51	0.367385
2186.52	0.367486
2187.52	0.367615
2188.55	0.367744
2189.55	0.367816
2190.57	0.367888
2191.57	0.368017
2192.58	0.368118
2193.59	0.368261
2194.61	0.368305
2195.61	0.36842
2196.62	0.368534
2197.63	0.368621
2198.65	0.368707
2199.65	0.368894
2200.66	0.36908
2201.67	0.369124
2202.67	0.369181
2203.69	0.369339
2204.69	0.369454
2205.7	0.369626
2206.71	0.369713
2207.71	0.36977
2208.72	0.369842
2209.73	0.370014
2210.73	0.370158
2211.76	0.370302
2212.76	0.370474
2213.77	0.370632
2214.79	0.370733
2215.79	0.370862
2216.79	0.370977
2217.79	0.371078
2218.8	0.371193
2219.81	0.371351
2220.81	0.37148
2221.81	0.371552
2222.82	0.37171
2223.83	0.371839
2224.83	0.371925
2225.85	0.372055
2226.85	0.372126
2227.85	0.372227
2228.85	0.372356
2229.86	0.372414
2230.87	0.372457
2231.88	0.372543
2232.88	0.372586
2233.89	0.372672
2234.89	0.372744
2235.9	0.372773
2236.91	0.372902
2237.92	0.37296
2238.94	0.373046
2239.96	0.373118
2240.98	0.373161
2242	0.373261
2243.03	0.373405
2244.04	0.373448
2245.05	0.373635
2246.08	0.37375
2247.09	0.373922
2248.1	0.37398
2249.11	0.374095
2250.11	0.37421
2251.13	0.374397
2252.14	0.374569
2253.14	0.374612
2254.14	0.374727
2255.14	0.374828
2256.15	0.374957
2257.16	0.375086
2258.16	0.375129
2259.17	0.375244
2260.17	0.37533
2261.17	0.375359
2262.18	0.375445
2263.18	0.375589
2264.18	0.375718
2265.18	0.375848
2266.18	0.375963
2267.2	0.376092
2268.2	0.376193
2269.21	0.376322
2270.22	0.376437
2271.24	0.376523
2272.24	0.376638
2273.26	0.37671
2274.27	0.376853
2275.27	0.376911
2276.27	0.376925
2277.28	0.377069
2278.29	0.377141
2279.29	0.377227
2280.31	0.377385
2281.31	0.377529
2282.34	0.377658
2283.36	0.377759
2284.36	0.377802
2285.37	0.377974
2286.37	0.378147
2287.39	0.378261
2288.39	0.378434
2289.4	0.378491
2290.4	0.378563
2291.4	0.378693
2292.42	0.378793
2293.44	0.378908
2294.46	0.379009
2295.46	0.379138
2296.47	0.379195
2297.48	0.379267
2298.49	0.379454
2299.49	0.379626
2300.49	0.379698
2301.5	0.379871
2302.5	0.38
2303.5	0.380057
2304.5	0.380144
2305.51	0.380287
2306.51	0.38046
2307.52	0.380575
2308.53	0.380675
2309.54	0.380819
2310.54	0.380948
2311.55	0.381063
2312.58	0.381207
2313.59	0.381293
2314.61	0.381379
2315.63	0.381451
2316.66	0.38158
2317.68	0.381667
2318.68	0.381782
2319.69	0.381825
2320.7	0.381882
2321.71	0.381954
2322.71	0.382011
2323.71	0.382155
2324.72	0.382299
2325.72	0.382385
2326.73	0.382428
2327.74	0.382586
2328.75	0.382644
2329.76	0.382802
2330.76	0.382945
2331.77	0.383017
2332.77	0.383175
2333.77	0.38329
2334.77	0.383434
2335.78	0.383578
2336.79	0.383649
2337.79	0.38375
2338.81	0.383807
2339.82	0.383922
2340.82	0.383937
2341.83	0.383994
2342.85	0.384109
2343.85	0.384253
2344.86	0.384368
2345.86	0.384555
2346.87	0.384684
2347.89	0.384741
2348.89	0.384828
2349.9	0.384928
2350.93	0.385057
2351.94	0.385115
2352.97	0.385216
2353.97	0.385287
2354.98	0.385345
2355.98	0.385517
2356.99	0.385589
2358.02	0.385675
2359.03	0.385747
2360.04	0.385805
2361.05	0.385905
2362.06	0.386006
2363.06	0.386049
2364.06	0.386092
2365.06	0.386221
2366.07	0.386365
2367.08	0.386422
2368.09	0.386552
2369.1	0.386624
2370.1	0.386782
2371.1	0.386897
2372.14	0.387098
2373.16	0.387198
2374.16	0.387284
2375.17	0.387385
2376.19	0.3875
2377.2	0.387629
2378.2	0.38773
2379.21	0.387888
2380.23	0.38796
2381.23	0.388089
2382.23	0.388161
2383.24	0.388247
2384.25	0.388362
2385.25	0.388448
2386.26	0.388592
2387.26	0.388664
2388.27	0.388779
2389.27	0.388822
2390.27	0.388851
2391.27	0.389009
2392.28	0.38908
2393.28	0.389224
2394.28	0.389325
2395.28	0.38944
2396.28	0.389497
2397.29	0.389598
2398.3	0.389713
2399.3	0.389885
2400.31	0.389928
2401.31	0.390014
2402.31	0.390244
2403.32	0.390316
2404.33	0.390345
2405.34	0.390417
2406.34	0.390431
2407.35	0.39056
2408.35	0.39069
2409.36	0.390833
2410.38	0.390977
2411.4	0.391063
2412.41	0.391135
2413.44	0.391293
2414.44	0.391365
2415.45	0.391394
2416.45	0.39148
2417.51	0.39158
2418.51	0.391695
2419.51	0.391782
2420.51	0.391897
2421.53	0.391983
2422.53	0.392112
2423.53	0.392213
2424.53	0.392284
2425.54	0.392385
2426.54	0.392557
2427.55	0.392615
2428.56	0.39273
2429.59	0.392759
2430.61	0.392845
2431.62	0.392902
2432.62	0.393017
2433.63	0.393218
2434.64	0.393333
2435.65	0.393434
2436.68	0.393491
2437.69	0.393578
2438.69	0.393635
2439.7	0.393736
2440.71	0.393822
2441.71	0.393966
2442.72	0.394052
2443.72	0.394181
2444.76	0.39431
2445.77	0.394411
2446.78	0.39454
2447.79	0.394655
2448.82	0.394727
2449.82	0.394828
2450.83	0.394856
2451.89	0.394957
2452.9	0.395014
2453.91	0.395115
2454.91	0.395216
2455.92	0.395374
2456.94	0.395474
2457.95	0.395532
2458.98	0.395618
2459.99	0.395718
2460.99	0.39579
2462	0.395819
2463.01	0.395977
2464.01	0.396049
2465.01	0.396178
2466.01	0.396264
2467.05	0.396408
2468.06	0.396566
2469.06	0.396753
2470.07	0.396897
2471.08	0.396954
2472.09	0.397069
2473.09	0.397112
2474.13	0.397313
2475.13	0.397371
2476.14	0.397443
2477.15	0.397586
2478.15	0.397716
2479.16	0.397802
2480.18	0.39783
2481.18	0.39796
2482.2	0.398218
2483.2	0.398348
2484.21	0.398477
2485.21	0.398506
2486.21	0.398592
2487.21	0.398649
2488.22	0.398736
2489.24	0.398779
2490.24	0.398894
2491.26	0.398994
2492.26	0.399152
2493.28	0.399224
2494.29	0.39931
2495.34	0.399425
2496.34	0.399497
2497.35	0.399612
2498.37	0.399641
2499.38	0.399713
2500.38	0.399784
2501.4	0.399914
2502.4	0.399943
2503.4	0.400014
2504.4	0.400129
2505.41	0.400244
2506.41	0.400431
2507.43	0.400517
2508.44	0.400675
2509.44	0.400776
2510.44	0.400876
2511.45	0.400934
2512.46	0.401034
2513.46	0.401149
2514.47	0.401221
2515.48	0.401279
2516.49	0.401365
2517.5	0.401437
2518.5	0.401494
2519.52	0.401552
2520.53	0.401724
2521.54	0.401796
2522.55	0.401897
2523.55	0.402026
2524.56	0.40217
2525.56	0.402241
2526.56	0.402342
2527.58	0.402399
2528.59	0.402514
2529.59	0.402629
2530.59	0.402787
2531.59	0.402888
2532.59	0.40296
2533.64	0.403017
2534.64	0.403161
2535.64	0.403261
2536.64	0.403362
2537.66	0.403463
2538.67	0.403477
2539.67	0.403592
2540.67	0.403693
2541.68	0.403836
2542.73	0.403966
2543.75	0.404095
2544.76	0.404224
2545.78	0.404325
2546.79	0.404397
2547.8	0.404483
2548.8	0.404598
2549.8	0.404727
2550.8	0.404885
2551.81	0.405057
2552.81	0.405172
2553.83	0.405302
2554.83	0.405431
2555.84	0.405489
2556.84	0.405589
2557.84	0.405632
2558.85	0.40569
2559.85	0.405833
2560.86	0.405891
2561.87	0.405963
2562.88	0.406049
2563.89	0.406121
2564.89	0.406279
2565.89	0.406466
2566.9	0.406509
2567.91	0.406609
2568.93	0.406652
2569.93	0.406695
2570.96	0.40681
2571.96	0.40694
2572.96	0.40704
2573.97	0.407155
2574.97	0.407256
2575.98	0.407356
2576.98	0.407428
2578	0.4075
2579.01	0.407572
2580.02	0.407658
2581.02	0.407773
2582.03	0.407917
2583.04	0.407989
2584.04	0.408089
2585.04	0.408175
2586.09	0.408261
2587.1	0.408434
2588.1	0.40852
2589.1	0.408578
2590.12	0.408649
2591.12	0.408707
2592.12	0.408822
2593.12	0.408937
2594.15	0.409009
2595.15	0.409109
2596.15	0.409167
2597.15	0.409224
2598.16	0.409296
2599.16	0.409397
2600.17	0.409511
2601.2	0.409598
2602.2	0.409713
2603.21	0.409799
2604.23	0.409871
2605.23	0.410057
2606.23	0.410129
2607.23	0.410316
2608.24	0.410402
2609.24	0.41046
2610.25	0.410589
2611.26	0.410632
2612.26	0.41079
2613.27	0.410948
2614.28	0.411063
2615.3	0.411193
2616.31	0.411307
2617.32	0.411394
2618.33	0.411494
2619.34	0.411595
2620.34	0.411652
2621.34	0.411782
2622.36	0.411796
2623.36	0.411897
2624.36	0.411983
2625.36	0.412098
2626.38	0.412141
2627.39	0.412227
2628.42	0.412299
2629.42	0.412371
2630.42	0.412428
2631.42	0.412443
2632.43	0.412543
2633.43	0.412658
2634.45	0.412759
2635.47	0.412845
2636.48	0.412931
2637.49	0.413118
2638.49	0.413348
2639.5	0.41342
2640.5	0.413506
2641.5	0.413621
2642.51	0.41375
2643.53	0.413879
2644.55	0.414037
2645.56	0.414152
2646.6	0.414267
2647.6	0.414368
2648.61	0.414511
2649.61	0.414612
2650.64	0.414655
2651.65	0.414698
2652.65	0.414799
2653.66	0.414914
2654.66	0.415
2655.67	0.415086
2656.68	0.415187
2657.72	0.415244
2658.72	0.415316
2659.73	0.415402
2660.73	0.415489
2661.73	0.41556
2662.74	0.415647
2663.74	0.415718
2664.75	0.415848
2665.75	0.415934
2666.75	0.415991
2667.76	0.416092
2668.76	0.416135
2669.76	0.416307
2670.78	0.416394
2671.8	0.416494
2672.81	0.416609
2673.82	0.416652
2674.84	0.416782
2675.84	0.416925
2676.86	0.417026
2677.86	0.41717
2678.88	0.417227
2679.89	0.417299
2680.89	0.417471
2681.9	0.417615
2682.91	0.41773
2683.91	0.417802
2684.92	0.417845
2685.92	0.417989
2686.92	0.418046
2687.94	0.418147
2688.95	0.41819
2689.95	0.418276
2690.96	0.418376
2691.96	0.41852
2692.96	0.418549
2693.96	0.418621
2694.97	0.418664
2695.97	0.418721
2696.98	0.418822
2698.03	0.418908
2699.04	0.41898
2700.06	0.419037
2701.07	0.419167
2702.07	0.419282
2703.07	0.419353
2704.08	0.419411
2705.09	0.41954
2706.1	0.419698
2707.11	0.41977
2708.12	0.419871
2709.13	0.419986
2710.14	0.420029
2711.16	0.420129
2712.16	0.420216
2713.17	0.420359
2714.17	0.420474
2715.18	0.420589
2716.18	0.420776
2717.2	0.420977
2718.2	0.421063
2719.22	0.421236
2720.22	0.421293
2721.22	0.421351
2722.24	0.421394
2723.24	0.421451
2724.28	0.421566
2725.32	0.421652
2726.32	0.421753
2727.33	0.421868
2728.34	0.421983
2729.34	0.422055
2730.34	0.422155
2731.35	0.422299
2732.36	0.422514
2733.37	0.422701
2734.38	0.422816
2735.39	0.422989
2736.4	0.423003
2737.41	0.423103
2738.41	0.423233
2739.41	0.423333
2740.42	0.423434
2741.44	0.42352
2742.45	0.423621
2743.47	0.423649
2744.48	0.423693
2745.48	0.423807
2746.49	0.423865
2747.52	0.423951
2748.53	0.424037
2749.55	0.424167
2750.56	0.424239
2751.56	0.424382
2752.57	0.424397
2753.58	0.424526
2754.59	0.424583
2755.6	0.424698
2756.6	0.424813
2757.61	0.424957
2758.61	0.425144
2759.63	0.425244
2760.64	0.42533
2761.64	0.425517
2762.66	0.425632
2763.67	0.42569
2764.67	0.425776
2765.68	0.425848
2766.68	0.425963
2767.7	0.426106
2768.7	0.426207
2769.7	0.426336
2770.71	0.426466
2771.71	0.426595
2772.72	0.42671
2773.72	0.426825
2774.72	0.426911
2775.73	0.426968
2776.74	0.427055
2777.76	0.427155
2778.77	0.427256
2779.77	0.427399
2780.77	0.427586
2781.79	0.427672
2782.79	0.427744
2783.79	0.42783
2784.82	0.427917
2785.82	0.427945
2786.83	0.428003
2787.83	0.428132
2788.83	0.428204
2789.84	0.428261
2790.87	0.428333
2791.88	0.428463
2792.9	0.428592
2793.94	0.428707
2794.95	0.428793
2795.96	0.428908
2796.97	0.428994
2797.97	0.429138
2798.98	0.42921
2799.99	0.429253
2800.99	0.429368
2802.01	0.429483
2803.03	0.42954
2804.04	0.429612
2805.07	0.429684
2806.07	0.42977
2807.07	0.429871
2808.1	0.429914
2809.12	0.430029
2810.14	0.430101
2811.15	0.430172
2812.15	0.430302
2813.16	0.430402
2814.17	0.430517
2815.18	0.430589
2816.19	0.430718
2817.22	0.430805
2818.22	0.430934
2819.24	0.430991
2820.24	0.431078
2821.25	0.431121
2822.25	0.431207
2823.26	0.431293
2824.26	0.431408
2825.26	0.431509
2826.27	0.431624
2827.27	0.431796
2828.28	0.431897
2829.3	0.431925
2830.33	0.432026
2831.38	0.432112
2832.39	0.432213
2833.41	0.432299
2834.42	0.432356
2835.42	0.432414
2836.42	0.432471
2837.43	0.432572
2838.46	0.432644
2839.47	0.432773
2840.47	0.432816
2841.49	0.432859
2842.49	0.432931
2843.51	0.43296
2844.52	0.433046
2845.52	0.433103
2846.55	0.433204
2847.57	0.433319
2848.6	0.433448
2849.61	0.43352
2850.61	0.433649
2851.61	0.433764
2852.62	0.433851
2853.62	0.433937
2854.62	0.43408
2855.63	0.434181
2856.63	0.434239
2857.63	0.434368
2858.66	0.434454
2859.68	0.434526
2860.68	0.434555
2861.69	0.434641
2862.69	0.434741
2863.7	0.434784
2864.71	0.434871
2865.71	0.434899
2866.72	0.434971
2867.72	0.435101
2868.73	0.435244
2869.74	0.435359
2870.74	0.43546
2871.75	0.435575
2872.75	0.435618
2873.76	0.435747
2874.77	0.435819
2875.79	0.435934
2876.79	0.436092
2877.83	0.436178
2878.84	0.436279
2879.84	0.436408
2880.85	0.43648
2881.85	0.436552
2882.86	0.436638
2883.86	0.43671
2884.87	0.436753
2885.88	0.436911
2886.89	0.437026
2887.91	0.437126
2888.91	0.437184
2889.92	0.43727
2890.93	0.437342
2891.93	0.437428
2892.93	0.437443
2893.95	0.4375
2894.95	0.437601
2895.96	0.437701
2896.96	0.437802
2897.96	0.437874
2898.96	0.437989
2899.97	0.43806
2900.98	0.438118
2901.99	0.438161
2903	0.438233
2904	0.43829
2905.03	0.438405
2906.04	0.438491
2907.05	0.438592
2908.06	0.43875
2909.06	0.438764
2910.06	0.438836
2911.07	0.438922
2912.07	0.439009
2913.08	0.439109
2914.1	0.439195
2915.13	0.439267
2916.13	0.439353
2917.13	0.439483
2918.14	0.43954
2919.14	0.439598
2920.14	0.439713
2921.14	0.439784
2922.15	0.439871
2923.15	0.439943
2924.16	0.440014
2925.16	0.440115
2926.16	0.440273
2927.17	0.440359
2928.2	0.440388
2929.21	0.440489
2930.21	0.440575
2931.21	0.440603
2932.22	0.440718
2933.23	0.440805
2934.23	0.440905
2935.24	0.440963
2936.24	0.441121
2937.25	0.441193
2938.26	0.441264
2939.26	0.441351
2940.26	0.441422
2941.27	0.441595
2942.28	0.441724
2943.29	0.441782
2944.29	0.441897
2945.29	0.441997
2946.29	0.442055
2947.29	0.442141
2948.3	0.442198
2949.31	0.442356
2950.31	0.442471
2951.32	0.442486
2952.32	0.442543
2953.33	0.442601
2954.35	0.442672
2955.37	0.44283
2956.38	0.442902
2957.38	0.442945
2958.38	0.443075
2959.39	0.443175
2960.4	0.443276
2961.4	0.443333
2962.41	0.443405
2963.41	0.44352
2964.43	0.443649
2965.43	0.443736
2966.45	0.443822
2967.46	0.443865
2968.46	0.444009
2969.46	0.444167
2970.47	0.444239
2971.48	0.444325
2972.48	0.444382
2973.49	0.44444
2974.5	0.444583
2975.5	0.444612
2976.51	0.444741
2977.51	0.444813
2978.52	0.444871
2979.53	0.445029
2980.55	0.445115
2981.56	0.445287
2982.57	0.445345
2983.57	0.445474
2984.58	0.445575
2985.59	0.445733
2986.59	0.445833
2987.6	0.44592
2988.6	0.446049
2989.6	0.446149
2990.61	0.446236
2991.61	0.446293
2992.62	0.446437
2993.62	0.446537
2994.63	0.446552
2995.64	0.446638
2996.65	0.446667
2997.65	0.446739
2998.66	0.446853
2999.71	0.446997
3000.71	0.44704
3001.71	0.447198
3002.72	0.44727
3003.73	0.447342
3004.73	0.447428
3005.74	0.447557
3006.74	0.447586
3007.74	0.447658
3008.76	0.447759
3009.77	0.44783
3010.77	0.447945
3011.78	0.448003
3012.79	0.448132
3013.8	0.448319
3014.82	0.44842
3015.82	0.448477
3016.82	0.44852
3017.82	0.448549
3018.83	0.448606
3019.83	0.448678
3020.83	0.44875
3021.84	0.448894
3022.84	0.448966
3023.84	0.44908
3024.86	0.449152
3025.86	0.449224
3026.87	0.449296
3027.87	0.449325
3028.87	0.449411
3029.88	0.449583
3030.88	0.449684
3031.88	0.449756
3032.9	0.449928
3033.91	0.45
3034.91	0.450072
3035.92	0.45023
3036.93	0.450244
3037.93	0.450374
3038.93	0.450388
3039.97	0.450517
3040.97	0.450575
3041.98	0.45069
3042.99	0.450747
3043.99	0.450876
3045	0.450977
3046.02	0.451049
3047.03	0.451106
3048.03	0.451236
3049.04	0.451322
3050.05	0.451365
3051.05	0.451437
3052.06	0.451552
3053.07	0.451638
3054.07	0.451681
3055.09	0.45181
3056.1	0.451882
3057.12	0.451983
3058.12	0.452083
3059.12	0.452198
3060.13	0.45227
3061.13	0.452356
3062.13	0.452443
3063.13	0.452586
3064.18	0.452687
3065.2	0.452816
3066.2	0.452859
3067.22	0.453017
3068.22	0.453132
3069.24	0.453175
3070.24	0.453247
3071.26	0.453305
3072.26	0.453534
3073.27	0.453635
3074.28	0.45375
3075.3	0.453908
3076.31	0.45398
3077.32	0.454066
3078.34	0.454124
3079.36	0.454181
3080.37	0.45431
3081.37	0.454325
3082.4	0.454368
3083.4	0.45444
3084.41	0.454583
3085.41	0.454655
3086.42	0.45467
3087.43	0.454856
3088.43	0.454885
3089.43	0.455014
3090.44	0.455129
3091.45	0.455216
3092.45	0.455273
3093.45	0.45546
3094.46	0.455532
3095.48	0.455618
3096.49	0.455675
3097.5	0.455747
3098.51	0.455819
3099.52	0.455876
3100.54	0.455963
3101.56	0.456135
3102.57	0.456236
3103.58	0.456307
3104.58	0.456365
3105.58	0.456437
3106.59	0.456509
3107.59	0.456566
3108.6	0.45671
3109.61	0.45681
3110.61	0.456853
3111.63	0.456925
3112.64	0.456997
3113.64	0.457055
3114.65	0.457083
3115.65	0.457198
3116.66	0.457284
3117.67	0.457328
3118.68	0.457443
3119.68	0.457529
3120.68	0.457701
3121.72	0.457773
3122.72	0.457816
3123.72	0.457874
3124.73	0.457917
3125.73	0.45796
3126.73	0.45806
3127.74	0.458118
3128.74	0.458175
3129.78	0.458261
3130.79	0.458319
3131.79	0.45842
3132.79	0.458534
3133.8	0.458621
3134.8	0.458721
3135.81	0.45875
3136.82	0.458851
3137.83	0.458879
3138.83	0.458966
3139.84	0.458994
3140.84	0.45908
3141.84	0.459138
3142.85	0.459181
3143.86	0.459296
3144.87	0.459353
3145.88	0.459454
3146.88	0.459569
3147.9	0.459655
3148.9	0.459698
3149.91	0.459741
3150.92	0.459813
3151.93	0.459914
3152.94	0.459971
3153.96	0.460057
3154.96	0.460115
3155.96	0.460144
3156.97	0.460244
3157.98	0.460345
3158.98	0.46046
3159.98	0.460575
3160.98	0.46069
3161.99	0.460761
3163.01	0.46079
3164.01	0.460876
3165.02	0.460963
3166.04	0.461049
3167.04	0.461149
3168.05	0.461293
3169.05	0.461408
3170.07	0.461451
3171.07	0.461537
3172.07	0.461624
3173.08	0.461724
3174.11	0.461796
3175.12	0.461911
3176.12	0.462026
3177.13	0.462069
3178.13	0.462098
3179.13	0.462213
3180.14	0.462284
3181.14	0.462328
3182.15	0.462385
3183.17	0.462514
3184.17	0.462601
3185.19	0.462601
3186.19	0.462672
3187.19	0.462744
3188.21	0.46283
3189.21	0.462989
3190.25	0.46306
3191.26	0.46319
3192.26	0.46329
3193.26	0.463348
3194.27	0.463405
3195.29	0.463534
3196.29	0.463635
3197.29	0.463721
3198.29	0.463807
3199.3	0.463879
3200.3	0.463937
3201.3	0.464037
3202.31	0.464152
3203.34	0.464253
3204.35	0.464325
3205.36	0.464353
3206.37	0.464497
3207.39	0.464555
3208.42	0.46467
3209.44	0.464713
3210.45	0.464799
3211.45	0.464943
3212.45	0.465014
3213.46	0.465072
3214.46	0.465144
3215.47	0.465273
3216.47	0.465374
3217.48	0.465417
3218.48	0.465575
3219.48	0.465632
3220.49	0.465718
3221.49	0.465776
3222.49	0.465833
3223.49	0.46592
3224.5	0.466078
3225.5	0.466207
3226.5	0.466293
3227.53	0.466394
3228.53	0.466466
3229.59	0.466595
3230.61	0.466624
3231.61	0.466695
3232.67	0.466853
3233.67	0.46694
3234.67	0.466997
3235.68	0.467141
3236.68	0.467284
3237.72	0.467371
3238.72	0.467457
3239.73	0.467572
3240.76	0.467644
3241.77	0.467716
3242.77	0.467845
3243.78	0.467945
3244.79	0.46806
3245.79	0.468147
3246.81	0.468305
3247.84	0.468391
3248.85	0.46852
3249.87	0.468635
3250.89	0.468736
3251.92	0.468822
3252.93	0.468879
3253.94	0.468937
3254.95	0.468994
3255.95	0.469066
3256.96	0.469109
3257.96	0.469253
3258.97	0.469368
3259.97	0.469511
3260.98	0.469626
3261.99	0.469684
3262.99	0.46977
3263.99	0.469871
3265.01	0.47
3266.02	0.470057
3267.06	0.470115
3268.06	0.470201
3269.1	0.47033
3270.13	0.470388
3271.14	0.47046
3272.15	0.470575
3273.15	0.470761
3274.18	0.470819
3275.18	0.47092
3276.19	0.470963
3277.22	0.471006
3278.23	0.471092
3279.23	0.471221
3280.24	0.471293
3281.25	0.471365
3282.25	0.471422
3283.25	0.471509
3284.26	0.471552
3285.27	0.47171
3286.29	0.471839
3287.3	0.471925
3288.31	0.47194
3289.32	0.472026
3290.32	0.472141
3291.32	0.472241
3292.33	0.472414
3293.34	0.472572
3294.34	0.472658
3295.37	0.47273
3296.37	0.47283
3297.38	0.472902
3298.39	0.472989
3299.4	0.473075
3300.44	0.47319
3301.46	0.473233
3302.48	0.473333
3303.48	0.473405
3304.49	0.473477
3305.5	0.473606
3306.5	0.473693
3307.51	0.47375
3308.51	0.473836
3309.52	0.473894
3310.52	0.473966
3311.52	0.474009
3312.55	0.474052
3313.57	0.474138
3314.58	0.47421
3315.59	0.474296
3316.59	0.474425
3317.59	0.474511
3318.6	0.474569
3319.6	0.474684
3320.63	0.474784
3321.63	0.474885
3322.64	0.474957
3323.64	0.475014
3324.65	0.475115
3325.67	0.475201
3326.67	0.475302
3327.67	0.47533
3328.68	0.475402
3329.68	0.475517
3330.69	0.475589
3331.69	0.475675
3332.7	0.475718
3333.71	0.47579
3334.72	0.475848
3335.72	0.475905
3336.72	0.476006
3337.72	0.476092
3338.73	0.476193
3339.77	0.47625
3340.77	0.476279
3341.78	0.476379
3342.78	0.476494
3343.78	0.476566
3344.8	0.476667
3345.81	0.476782
3346.81	0.476925
3347.84	0.477055
3348.85	0.477126
3349.85	0.47717
3350.86	0.477284
3351.87	0.477371
3352.89	0.477443
3353.9	0.477557
3354.91	0.477687
3355.91	0.477816
3356.92	0.477931
3357.92	0.478017
3358.93	0.478046
3359.95	0.478132
3360.95	0.478175
3361.99	0.478247
3363.01	0.478333
3364.01	0.478434
3365.01	0.478506
3366.05	0.478592
3367.05	0.478664
3368.05	0.478779
3369.07	0.478865
3370.07	0.478937
3371.08	0.478994
3372.08	0.479052
3373.08	0.479109
3374.1	0.47921
3375.11	0.479253
3376.11	0.479353
3377.12	0.479425
3378.12	0.479511
3379.12	0.479598
3380.13	0.47967
3381.13	0.47967
3382.14	0.479756
3383.14	0.479799
3384.15	0.479971
3385.15	0.480187
3386.16	0.480244
3387.17	0.48033
3388.17	0.48046
3389.17	0.480503
3390.17	0.480603
3391.18	0.480647
3392.19	0.480747
3393.19	0.480776
3394.21	0.480905
3395.22	0.481078
3396.23	0.481207
3397.23	0.481351
3398.28	0.481494
3399.3	0.481523
3400.3	0.481609
3401.3	0.48171
3402.3	0.481782
3403.33	0.481825
3404.34	0.48194
3405.35	0.482011
3406.35	0.48204
3407.36	0.482098
3408.37	0.482141
3409.38	0.482227
3410.39	0.482328
3411.39	0.482385
3412.4	0.482443
3413.42	0.482486
3414.44	0.482557
3415.45	0.482615
3416.45	0.482687
3417.48	0.482787
3418.49	0.482917
3419.5	0.483046
3420.5	0.483089
3421.51	0.483175
3422.53	0.48329
3423.54	0.483362
3424.54	0.483448
3425.55	0.483693
3426.57	0.483822
3427.58	0.483894
3428.6	0.483966
3429.61	0.484052
3430.63	0.484152
3431.63	0.48421
3432.63	0.484267
3433.64	0.484411
3434.65	0.484511
3435.65	0.484612
3436.65	0.484727
3437.67	0.484813
3438.68	0.484899
3439.68	0.485029
3440.69	0.485057
3441.71	0.485172
3442.71	0.485287
3443.71	0.485316
3444.71	0.485374
3445.72	0.485431
3446.73	0.485517
3447.73	0.485575
3448.73	0.485618
3449.74	0.485632
3450.76	0.485733
3451.76	0.48579
3452.76	0.485977
3453.79	0.486063
3454.8	0.486207
3455.81	0.486221
3456.82	0.486293
3457.83	0.486365
3458.84	0.486394
3459.87	0.486509
3460.87	0.486552
3461.88	0.486609
3462.89	0.486724
3463.91	0.486767
3464.91	0.486839
3465.93	0.486997
3466.94	0.487098
3467.94	0.487241
3468.94	0.487342
3469.94	0.487414
3470.94	0.487457
3471.95	0.4875
3472.96	0.487557
3473.96	0.487601
3474.97	0.487658
3475.99	0.487773
3477	0.487931
3478	0.488017
3479	0.488118
3480.02	0.488247
3481.03	0.488276
3482.04	0.488362
3483.04	0.488491
3484.04	0.488534
3485.06	0.488635
3486.06	0.488635
3487.07	0.48875
3488.09	0.488779
3489.1	0.488851
3490.1	0.488922
3491.12	0.488966
3492.12	0.489095
3493.13	0.48921
3494.17	0.489224
3495.18	0.489267
3496.19	0.489382
3497.2	0.489454
3498.2	0.489583
3499.22	0.489741
3500.22	0.489856
3501.23	0.489986
3502.25	0.490014
3503.26	0.490158
3504.26	0.490244
3505.27	0.49033
3506.27	0.490359
3507.27	0.49046
3508.29	0.490517
3509.31	0.490603
3510.32	0.49069
3511.32	0.490819
3512.32	0.490934
3513.33	0.491006
3514.33	0.491049
3515.35	0.491092
3516.37	0.491178
3517.39	0.491279
3518.41	0.491351
3519.43	0.49148
3520.43	0.491523
3521.44	0.491595
3522.46	0.491652
3523.47	0.491753
3524.47	0.491853
3525.48	0.491983
3526.48	0.492098
3527.48	0.492184
3528.49	0.49227
3529.51	0.492356
3530.52	0.492457
3531.52	0.492514
3532.53	0.492615
3533.53	0.492687
3534.53	0.492744
3535.54	0.492845
3536.57	0.492859
3537.58	0.492902
3538.58	0.492931
3539.58	0.49296
3540.6	0.493046
3541.6	0.493175
3542.62	0.493233
3543.62	0.493305
3544.63	0.493391
3545.64	0.493463
3546.65	0.493491
3547.66	0.493549
3548.67	0.493635
3549.68	0.493678
3550.68	0.493807
3551.69	0.493894
3552.69	0.493966
3553.71	0.494052
3554.71	0.494167
3555.72	0.494224
3556.74	0.494253
3557.74	0.494339
3558.75	0.494397
3559.75	0.494483
3560.78	0.494555
3561.82	0.494612
3562.82	0.49477
3563.82	0.494899
3564.82	0.494957
3565.85	0.495
3566.85	0.495129
3567.87	0.495201
3568.9	0.495273
3569.92	0.495345
3570.93	0.495575
3571.93	0.495632
3572.94	0.495675
3573.94	0.495776
3574.94	0.495891
3575.94	0.495934
3576.94	0.496034
3577.95	0.496149
3578.96	0.496236
3579.97	0.496322
3580.98	0.496422
3581.98	0.49648
3582.99	0.49658
3583.99	0.496695
3585	0.496825
3586	0.49694
3587.01	0.496997
3588.02	0.497055
3589.03	0.497112
3590.03	0.497198
3591.03	0.497299
3592.04	0.497342
3593.04	0.497414
3594.05	0.497514
3595.06	0.497601
3596.08	0.497629
3597.08	0.497701
3598.09	0.49783
3599.09	0.497917
3600.11	0.497989
3601.13	0.498118
3602.13	0.498132
3603.14	0.498261
3604.15	0.49829
3605.15	0.49829
3606.16	0.498391
3607.17	0.498448
3608.17	0.498491
3609.18	0.49852
3610.18	0.498592
3611.2	0.498693
3612.2	0.498865
3613.2	0.49898
3614.21	0.499023
3615.22	0.499095
3616.24	0.499195
3617.28	0.499282
3618.29	0.499325
3619.34	0.499397
3620.34	0.499511
3621.35	0.499612
3622.36	0.499655
3623.36	0.499684
3624.36	0.499741
3625.39	0.499856
3626.42	0.499928
3627.43	0.500043
3628.43	0.500101
3629.44	0.500201
3630.44	0.50023
3631.44	0.500302
3632.47	0.500388
3633.47	0.500489
3634.47	0.500503
3635.48	0.500589
3636.49	0.500704
3637.5	0.500761
3638.51	0.50079
3639.52	0.500805
3640.52	0.500891
3641.52	0.500991
3642.53	0.501078
3643.54	0.501164
3644.54	0.501293
3645.54	0.501379
3646.55	0.501394
3647.56	0.501466
3648.57	0.501537
3649.58	0.501609
3650.58	0.501638
3651.59	0.501652
3652.6	0.50181
3653.62	0.50194
3654.62	0.502011
3655.64	0.502184
3656.64	0.50227
3657.65	0.502371
3658.65	0.502471
3659.66	0.502529
3660.7	0.502672
3661.71	0.502759
3662.71	0.502859
3663.73	0.502902
3664.73	0.502974
3665.73	0.503103
3666.76	0.503204
3667.76	0.503276
3668.76	0.503319
3669.77	0.503362
3670.78	0.503463
3671.79	0.503621
3672.79	0.503693
3673.79	0.503779
3674.8	0.503851
3675.8	0.503894
3676.81	0.50398
3677.81	0.504009
3678.81	0.504095
3679.82	0.504181
3680.82	0.504253
3681.83	0.504353
3682.83	0.504397
3683.83	0.504425
3684.84	0.504526
3685.88	0.504655
3686.88	0.50477
3687.88	0.504828
3688.89	0.504914
3689.9	0.505043
3690.9	0.505144
3691.91	0.50523
3692.91	0.505302
3693.91	0.505374
3694.92	0.505402
3695.92	0.505532
3696.94	0.50556
3697.95	0.505661
3698.95	0.505761
3699.98	0.505833
3700.99	0.505905
3702	0.50602
3703.01	0.506063
3704.02	0.506092
3705.03	0.506135
3706.03	0.506193
3707.04	0.506279
3708.05	0.506351
3709.05	0.506422
3710.06	0.506451
3711.08	0.506494
3712.09	0.50671
3713.11	0.50681
3714.13	0.506868
3715.14	0.50694
3716.15	0.507026
3717.17	0.507098
3718.18	0.507198
3719.19	0.507313
3720.2	0.507356
3721.2	0.507457
3722.2	0.507543
3723.22	0.507615
3724.22	0.507759
3725.24	0.507802
3726.26	0.507888
3727.26	0.50796
3728.26	0.508089
3729.26	0.508175
3730.27	0.50829
3731.29	0.508405
3732.31	0.508477
3733.32	0.508534
3734.33	0.508606
3735.34	0.508693
3736.34	0.508807
3737.34	0.508879
3738.35	0.50898
3739.36	0.509124
3740.36	0.509167
3741.4	0.509224
3742.4	0.509325
3743.41	0.509468
3744.41	0.509555
3745.43	0.50967
3746.45	0.509698
3747.45	0.509856
3748.46	0.509899
3749.46	0.509943
3750.46	0.51
3751.47	0.510057
3752.47	0.510144
3753.51	0.510259
3754.51	0.510417
3755.51	0.510575
3756.52	0.510632
3757.52	0.51069
3758.52	0.510776
3759.52	0.510819
3760.52	0.510876
3761.53	0.510963
3762.54	0.511092
3763.55	0.511164
3764.55	0.511221
3765.55	0.511293
3766.56	0.511394
3767.57	0.511394
3768.58	0.51148
3769.58	0.51158
3770.61	0.511638
3771.61	0.511753
3772.62	0.511868
3773.62	0.511911
3774.63	0.511997
3775.65	0.512141
3776.67	0.512213
3777.68	0.512299
3778.68	0.512428
3779.69	0.512514
3780.69	0.512543
3781.69	0.512629
3782.7	0.512716
3783.7	0.512773
3784.72	0.512917
3785.75	0.513017
3786.76	0.513089
3787.76	0.513147
3788.78	0.513204
3789.78	0.513276
3790.78	0.513333
3791.8	0.513391
3792.83	0.513549
3793.84	0.513649
3794.86	0.51375
3795.87	0.513851
3796.88	0.513966
3797.91	0.514023
3798.92	0.514066
3799.95	0.514109
3800.95	0.514195
3801.96	0.514224
3802.96	0.514253
3803.97	0.514325
3804.98	0.514411
3805.98	0.514483
3806.99	0.514511
3808	0.514583
3809.01	0.514684
3810.01	0.514727
3811.02	0.514813
3812.03	0.514856
3813.05	0.514928
3814.05	0.515014
3815.09	0.515072
3816.09	0.515101
3817.1	0.515144
3818.1	0.51523
3819.11	0.515417
3820.14	0.515474
3821.14	0.515503
3822.15	0.515575
3823.17	0.515647
3824.18	0.515718
3825.19	0.515733
3826.19	0.515747
3827.19	0.515776
3828.2	0.515905
3829.2	0.515934
3830.21	0.515977
3831.21	0.516034
3832.23	0.516106
3833.24	0.516193
3834.24	0.516322
3835.25	0.516437
3836.25	0.516466
3837.26	0.516523
3838.26	0.516609
3839.27	0.516681
3840.27	0.516753
3841.28	0.516839
3842.29	0.516897
3843.31	0.516911
3844.31	0.516968
3845.32	0.516997
3846.32	0.517083
3847.33	0.517098
3848.35	0.517155
3849.36	0.517213
3850.37	0.517256
3851.37	0.517328
3852.39	0.517399
3853.4	0.517486
3854.41	0.517572
3855.41	0.517629
3856.42	0.517701
3857.42	0.51773
3858.42	0.517816
3859.42	0.517902
3860.44	0.518075
3861.44	0.518118
3862.45	0.518161
3863.45	0.518204
3864.45	0.518305
3865.45	0.518376
3866.45	0.518376
3867.46	0.51852
3868.47	0.518563
3869.47	0.518635
3870.47	0.518664
3871.48	0.518707
3872.5	0.518822
3873.51	0.518908
3874.51	0.518951
3875.53	0.519009
3876.53	0.519109
3877.53	0.519195
3878.54	0.519253
3879.55	0.519339
3880.55	0.519368
3881.56	0.519526
3882.56	0.519583
3883.57	0.519641
3884.59	0.519799
3885.61	0.519885
3886.62	0.519928
3887.64	0.519957
3888.64	0.520101
3889.65	0.520187
3890.67	0.52033
3891.68	0.520374
3892.68	0.520417
3893.7	0.520517
3894.71	0.52056
3895.71	0.520647
3896.76	0.520718
3897.78	0.520761
3898.79	0.520862
3899.82	0.520948
3900.84	0.520977
3901.84	0.521078
3902.85	0.521078
3903.85	0.521178
3904.86	0.521279
3905.87	0.521322
3906.9	0.521322
3907.92	0.521437
3908.94	0.521494
3909.94	0.52158
3910.95	0.521681
3911.95	0.521767
3912.98	0.521825
3913.98	0.521868
3914.98	0.521997
3915.99	0.522069
3916.99	0.522141
3917.99	0.522198
3919	0.522299
3920	0.522342
3921	0.522399
3922.01	0.522486
3923.02	0.522586
3924.02	0.522658
3925.05	0.522701
3926.06	0.522773
3927.09	0.522888
3928.1	0.522945
3929.1	0.523032
3930.12	0.523032
3931.13	0.523103
3932.13	0.523204
3933.13	0.52329
3934.13	0.523391
3935.14	0.523434
3936.14	0.52352
3937.14	0.523606
3938.15	0.523635
3939.15	0.523707
3940.17	0.523793
3941.18	0.523908
3942.18	0.524009
3943.19	0.524037
3944.19	0.524109
3945.2	0.524167
3946.2	0.524224
3947.2	0.524282
3948.21	0.524325
3949.21	0.524382
3950.21	0.524483
3951.21	0.524569
3952.22	0.524598
3953.24	0.524713
3954.25	0.524741
3955.25	0.524813
3956.25	0.524885
3957.25	0.524943
3958.26	0.525029
3959.27	0.525129
3960.28	0.525187
3961.29	0.525244
3962.29	0.525345
3963.29	0.525402
3964.3	0.52546
3965.31	0.525575
3966.31	0.52569
3967.32	0.525761
3968.33	0.525819
3969.33	0.525862
3970.35	0.525991
3971.36	0.526063
3972.38	0.526078
3973.39	0.526178
3974.4	0.526221
3975.45	0.52625
3976.45	0.526307
3977.47	0.526379
3978.47	0.526422
3979.48	0.526509
3980.48	0.526595
3981.49	0.526609
3982.49	0.526667
3983.51	0.526695
3984.52	0.526739
3985.53	0.526782
3986.53	0.526782
3987.53	0.52681
3988.54	0.526825
3989.54	0.526868
3990.55	0.526968
3991.57	0.526983
3992.57	0.527069
3993.58	0.527126
3994.58	0.527213
3995.59	0.527342
3996.6	0.527428
3997.6	0.527443
3998.6	0.527514
3999.61	0.527615
