time	scale_fac	average kmc radical concentration	ode radical concentration
0.0133338  16.0535 6.70977e-05 4.17964e-06 1111111
10.0647  25.7214 1.03638e-05 4.02925e-07 0.154458
20.0753  43.7289 1.38429e-05 3.16561e-07 0.206309
30.0806  90.3124 2.48028e-05 2.74634e-07 0.369652
40.1176  187.677 4.65622e-05 2.48097e-07 0.693946
50.1205  363.597 8.33664e-05 2.29283e-07 1.24246
60.1281  494.467 0.000106269 2.14916e-07 1.58379
70.1319  616.661 0.000125455 2.03442e-07 1.86973
80.1492  800.947 0.000155353 1.93961e-07 2.31532
90.1574  831.615 0.000154642 1.85953e-07 2.30472
100.163  917.508 0.000164286 1.79056e-07 2.44845
110.17  973.914 0.00016851 1.73024e-07 2.51142
120.175  953.431 0.000159876 1.67685e-07 2.38273
130.185  1024.57 0.00016691 1.62907e-07 2.48757
140.205  1048.89 0.000166348 1.58594e-07 2.47919
150.216  1168.67 0.000180768 1.54678e-07 2.6941
160.22  1270.82 0.00019202 1.511e-07 2.8618
170.234  1436.84 0.000212372 1.47805e-07 3.16511
180.235  1482.9 0.00021467 1.44764e-07 3.19937
190.24  1497.78 0.000212596 1.4194e-07 3.16845
200.244  1694.25 0.000236024 1.39309e-07 3.51761
210.25  1890.96 0.000258773 1.36847e-07 3.85665
220.252  1926.24 0.000259154 1.34539e-07 3.86234
230.272  2114.06 0.000279824 1.32363e-07 4.17039
240.278  2090.36 0.000272402 1.30313e-07 4.05978
250.282  1784.44 0.000229078 1.28375e-07 3.4141
260.291  1291.7 0.000163448 1.26537e-07 2.43597
270.311  1219.66 0.000152201 1.2479e-07 2.26835
280.317  1048.7 0.000129125 1.23129e-07 1.92444
290.325  1143.54 0.000138993 1.21546e-07 2.0715
300.335  859.34 0.00010315 1.20034e-07 1.53731
310.36  712.714 8.45183e-05 1.18586e-07 1.25963
320.376  668.526 7.8352e-05 1.17201e-07 1.16773
330.379  582.595 6.75078e-05 1.15874e-07 1.00611
340.422  629.877 7.21809e-05 1.14595e-07 1.07576
350.429  558.266 6.32908e-05 1.1337e-07 0.943263
360.431  522.23 5.859e-05 1.12192e-07 0.873204
370.505  453.032 5.03086e-05 1.11049e-07 0.749781
380.505  435.127 4.7844e-05 1.09954e-07 0.71305
390.506  367.45 4.00144e-05 1.08898e-07 0.596361
400.515  398.557 4.29947e-05 1.07876e-07 0.640778
410.525  371.363 3.96942e-05 1.06888e-07 0.591588
420.528  370.727 3.9272e-05 1.05932e-07 0.585296
430.571  360.716 3.78762e-05 1.05003e-07 0.564494
440.614  383.782 3.99526e-05 1.04102e-07 0.595439
450.615  427.087 4.40892e-05 1.03232e-07 0.65709
460.62  432.678 4.43009e-05 1.02388e-07 0.660244
470.623  445.098 4.52074e-05 1.01567e-07 0.673755
480.633  452.399 4.55881e-05 1.0077e-07 0.679429
490.693  506.925 5.06875e-05 9.99902e-08 0.755429
500.707  568.959 5.64607e-05 9.92352e-08 0.84147
510.711  589.441 5.80605e-05 9.85009e-08 0.865313
520.714  618.369 6.04677e-05 9.77858e-08 0.901188
530.717  626.292 6.0806e-05 9.70889e-08 0.90623
540.739  638.616 6.15678e-05 9.64082e-08 0.917585
550.745  725.907 6.9502e-05 9.57452e-08 1.03583
560.754  722.267 6.86862e-05 9.5098e-08 1.02367
570.757  757.193 7.15294e-05 9.44665e-08 1.06605
580.788  749.263 7.03168e-05 9.3848e-08 1.04798
590.812  802.173 7.47979e-05 9.32441e-08 1.11476
600.812  922.491 8.54736e-05 9.26552e-08 1.27387
610.835  1013.08 9.32824e-05 9.2078e-08 1.39025
620.851  1075.37 9.84112e-05 9.15139e-08 1.46669
630.9  1076.37 9.79064e-05 9.09599e-08 1.45916
640.915  1065.74 9.63633e-05 9.04196e-08 1.43616
650.925  996.267 8.95551e-05 8.98907e-08 1.3347
660.928  1125.78 0.000100614 8.9373e-08 1.49952
670.965  1100.08 9.77571e-05 8.88641e-08 1.45694
680.967  1056.5 9.33594e-05 8.83669e-08 1.39139
690.992  990.901 8.70788e-05 8.78784e-08 1.29779
701.004  1054.99 9.22063e-05 8.74e-08 1.37421
711.033  880.868 7.65736e-05 8.69298e-08 1.14123
721.05  767.552 6.63695e-05 8.6469e-08 0.989147
731.096  582.858 5.01348e-05 8.60155e-08 0.747191
741.123  505.865 4.32874e-05 8.5571e-08 0.64514
751.124  465.776 3.96542e-05 8.51358e-08 0.590992
761.199  402.917 3.41291e-05 8.47051e-08 0.508648
771.202  362.24 3.05314e-05 8.4285e-08 0.455029
781.206  345.622 2.8988e-05 8.38721e-08 0.432027
791.209  340.018 2.83801e-05 8.34663e-08 0.422966
801.227  322.661 2.68024e-05 8.30668e-08 0.399453
811.261  309.439 2.55823e-05 8.26733e-08 0.38127
821.271  270.587 2.22659e-05 8.22872e-08 0.331843
831.296  234.178 1.91807e-05 8.19068e-08 0.285863
841.297  224.267 1.82852e-05 8.15335e-08 0.272517
851.332  229.855 1.86561e-05 8.11648e-08 0.278044
861.413  211.531 1.70918e-05 8.08003e-08 0.254729
871.454  218.823 1.76027e-05 8.04429e-08 0.262345
881.565  197.753 1.58378e-05 8.00885e-08 0.236041
891.587  192.476 1.53485e-05 7.97426e-08 0.228749
901.592  193.919 1.53976e-05 7.94025e-08 0.229481
911.613  205.024 1.62106e-05 7.90669e-08 0.241597
921.62  216.455 1.70429e-05 7.87366e-08 0.254001
931.648  228.643 1.7928e-05 7.84105e-08 0.267192
941.649  236.425 1.84624e-05 7.809e-08 0.275157
951.653  267.174 2.07792e-05 7.77739e-08 0.309686
961.741  260.416 2.01717e-05 7.74596e-08 0.300632
971.743  271.182 2.09223e-05 7.71524e-08 0.311818
981.796  310.721 2.38783e-05 7.68478e-08 0.355873
991.842  287.437 2.20027e-05 7.65476e-08 0.32792
1001.88  331.542 2.52807e-05 7.62519e-08 0.376774
1011.89  334.293 2.53931e-05 7.59608e-08 0.37845
1021.9  285.401 2.15973e-05 7.56735e-08 0.321878
1031.9  295.039 2.2243e-05 7.53901e-08 0.331502
1042.06  310.399 2.33129e-05 7.51063e-08 0.347448
1052.08  349.987 2.61895e-05 7.483e-08 0.390319
1062.08  401.204 2.99128e-05 7.45575e-08 0.445809
1072.09  471.139 3.50002e-05 7.42883e-08 0.52163
1082.1  533.622 3.95001e-05 7.40226e-08 0.588695
1092.1  517.238 3.81516e-05 7.37603e-08 0.568598
1102.14  538.625 3.9589e-05 7.35e-08 0.59002
1112.15  572.939 4.19643e-05 7.3244e-08 0.625421
1122.15  495.997 3.62033e-05 7.29911e-08 0.539561
1132.18  494.269 3.59534e-05 7.27405e-08 0.535836
1142.21  445.749 3.23137e-05 7.2493e-08 0.481592
1152.21  438.062 3.16496e-05 7.22491e-08 0.471694
1162.21  449.41 3.2361e-05 7.20078e-08 0.482297
1172.21  499.897 3.58773e-05 7.17695e-08 0.534703
1182.24  570.859 4.08355e-05 7.15333e-08 0.608597
1192.25  649.606 4.6317e-05 7.13001e-08 0.690292
1202.27  722.006 5.13125e-05 7.10693e-08 0.764743
1212.28  729.299 5.16646e-05 7.08414e-08 0.76999
1222.34  776.44 5.48281e-05 7.06147e-08 0.817138
1232.35  789.246 5.55564e-05 7.03918e-08 0.827993
1242.37  828.499 5.81368e-05 7.01712e-08 0.86645
1252.46  801.441 5.60618e-05 6.99513e-08 0.835526
1262.48  755.727 5.27008e-05 6.97353e-08 0.785434
1272.48  787.996 5.47831e-05 6.9522e-08 0.816467
1282.5  822.662 5.70191e-05 6.93105e-08 0.849792
1292.51  902.563 6.23685e-05 6.91015e-08 0.929518
1302.51  784.137 5.4023e-05 6.88948e-08 0.805139
1312.54  661.292 4.5424e-05 6.86897e-08 0.676982
1322.55  655.789 4.49131e-05 6.84871e-08 0.669369
1332.59  634.206 4.33073e-05 6.82858e-08 0.645436
1342.61  615.509 4.19083e-05 6.80873e-08 0.624586
1352.61  684.319 4.6459e-05 6.78909e-08 0.692408
1362.69  697.949 4.72476e-05 6.76949e-08 0.704161
1372.77  556.727 3.75796e-05 6.75009e-08 0.560073
1382.84  571.716 3.84816e-05 6.7309e-08 0.573516
1392.85  584.016 3.91992e-05 6.712e-08 0.58421
1402.86  539.914 3.6138e-05 6.69329e-08 0.538588
1412.94  557.282 3.71965e-05 6.67464e-08 0.554364
1422.95  548.041 3.64792e-05 6.65628e-08 0.543672
1432.96  576.304 3.82556e-05 6.6381e-08 0.570148
1442.99  543.901 3.60065e-05 6.62005e-08 0.536628
1453  531.88 3.51159e-05 6.60222e-08 0.523354
1463.08  548.569 3.612e-05 6.58441e-08 0.53832
1473.1  508.8 3.34123e-05 6.56689e-08 0.497965
1483.1  519.874 3.40494e-05 6.54955e-08 0.507459
1493.1  524.387 3.42549e-05 6.53237e-08 0.510523
1503.11  243.288 7.51347e-05 3.0883e-07 1.11978
1513.12  260.558 7.68805e-05 2.95061e-07 1.1458
1523.13  288.425 8.17141e-05 2.83312e-07 1.21784
1533.13  294.731 8.04968e-05 2.7312e-07 1.1997
1543.14  231.995 6.12826e-05 2.64155e-07 0.913333
1553.14  205.518 5.26497e-05 2.56181e-07 0.784672
1563.14  191.1 4.75878e-05 2.49021e-07 0.709231
1573.14  187.123 4.53847e-05 2.42539e-07 0.676398
1583.14  180.859 4.27969e-05 2.36632e-07 0.63783
1593.14  168.329 3.89195e-05 2.31211e-07 0.580042
1603.15  150.714 3.40943e-05 2.26218e-07 0.508129
1613.17  134.087 2.97113e-05 2.21581e-07 0.442806
1623.17  114.404 2.48579e-05 2.17282e-07 0.370473
1633.19  101.471 2.16397e-05 2.13261e-07 0.32251
1643.2  97.6638 2.04608e-05 2.09502e-07 0.30494
1653.23  92.4713 1.90454e-05 2.0596e-07 0.283846
1663.23  91.8909 1.86203e-05 2.02635e-07 0.27751
1673.24  93.4533 1.8643e-05 1.9949e-07 0.277849
1683.24  89.4293 1.75744e-05 1.96517e-07 0.261923
1693.24  86.7337 1.68e-05 1.93696e-07 0.250381
1703.25  87.6512 1.67426e-05 1.91014e-07 0.249526
1713.25  90.1442 1.69886e-05 1.88461e-07 0.253192
1723.26  92.419 1.71921e-05 1.86023e-07 0.256224
1733.26  93.1654 1.71141e-05 1.83696e-07 0.255063
1743.28  82.7288 1.50125e-05 1.81466e-07 0.223741
1753.28  78.9876 1.4165e-05 1.79332e-07 0.21111
1763.28  76.3822 1.35414e-05 1.77285e-07 0.201816
1773.28  69.01 1.20987e-05 1.75319e-07 0.180315
1783.29  65.4542 1.13514e-05 1.73425e-07 0.169177
1793.3  60.6267 1.04037e-05 1.71603e-07 0.155053
1803.3  54.5488 9.265e-06 1.69848e-07 0.138082
1813.31  50.4641 8.48571e-06 1.68153e-07 0.126468
1823.31  43.3198 7.21355e-06 1.66518e-07 0.107508
1833.31  36.8967 6.08566e-06 1.64938e-07 0.0906985
1843.31  30.0961 4.91799e-06 1.63409e-07 0.0732959
1853.32  24.8389 4.02214e-06 1.61929e-07 0.0599445
1863.32  20.0158 3.21245e-06 1.60495e-07 0.0478772
1873.32  16.52 2.62843e-06 1.59105e-07 0.0391731
1883.33  13.5568 2.13866e-06 1.57755e-07 0.0318738
1893.33  10.8953 1.70452e-06 1.56446e-07 0.0254035
1903.35  9.14734 1.4194e-06 1.55171e-07 0.0211542
1913.36  7.57331 1.16579e-06 1.53934e-07 0.0173745
1923.36  6.31246 9.64107e-07 1.52731e-07 0.0143687
1933.36  4.95954 7.51671e-07 1.51561e-07 0.0112026
1943.37  4.66094 7.01101e-07 1.50421e-07 0.010449
1953.37  4.02906 6.0158e-07 1.4931e-07 0.00896574
1963.4  3.5168 5.2128e-07 1.48226e-07 0.00776897
1973.4  3.12539 4.59966e-07 1.47171e-07 0.00685517
1983.4  2.63334 3.84839e-07 1.46141e-07 0.00573551
1993.42  2.2904 3.32417e-07 1.45135e-07 0.00495422
2003.42  1.97124 2.84161e-07 1.44153e-07 0.00423504
2013.43  1.75084 2.50712e-07 1.43195e-07 0.00373652
2023.45  1.56907 2.23212e-07 1.42257e-07 0.00332667
2033.45  1.47977 2.09153e-07 1.41341e-07 0.00311714
2043.46  1.46018 2.05076e-07 1.40446e-07 0.00305638
2053.46  1.37867 1.92421e-07 1.3957e-07 0.00286777
2063.46  1.33798 1.85595e-07 1.38713e-07 0.00276605
2073.47  1.32756 1.83034e-07 1.37873e-07 0.00272788
2083.48  1.32072 1.81005e-07 1.3705e-07 0.00269764
2093.49  1.29866 1.76935e-07 1.36245e-07 0.00263698
2103.51  1.25345 1.69785e-07 1.35454e-07 0.00253041
2113.53  1.07416 1.44667e-07 1.34679e-07 0.00215607
2123.54  0.87707 1.17458e-07 1.33921e-07 0.00175055
2133.54  0.748145 9.9636e-08 1.33177e-07 0.00148494
2143.56  0.648456 8.58859e-08 1.32447e-07 0.00128001
2153.56  0.518846 6.8348e-08 1.31731e-07 0.00101863
2163.58  0.413002 5.41146e-08 1.31027e-07 0.000806504
2173.58  0.370335 4.82685e-08 1.30337e-07 0.000719376
2183.6  0.309278 4.01006e-08 1.29659e-07 0.000597645
2193.64  0.24489 3.15886e-08 1.28991e-07 0.000470785
2203.64  0.200234 2.56974e-08 1.28337e-07 0.000382985
2213.64  0.163537 2.08828e-08 1.27694e-07 0.00031123
2223.65  0.135272 1.7188e-08 1.27062e-07 0.000256163
2233.65  0.119289 1.50831e-08 1.26442e-07 0.000224793
2243.66  0.0943764 1.18754e-08 1.25831e-07 0.000176987
2253.67  0.0826303 1.03478e-08 1.2523e-07 0.00015422
2263.67  0.0725932 9.04792e-09 1.24639e-07 0.000134847
2273.68  0.0630724 7.8246e-09 1.24057e-07 0.000116615
2283.68  0.0532544 6.57613e-09 1.23485e-07 9.80083e-05
2293.69  0.0438042 5.38448e-09 1.22922e-07 8.02484e-05
2303.69  0.038749 4.74161e-09 1.22367e-07 7.06672e-05
2313.69  0.0349453 4.25708e-09 1.21821e-07 6.34459e-05
2323.7  0.0298901 3.62517e-09 1.21283e-07 5.40282e-05
2333.71  0.0257786 3.11285e-09 1.20753e-07 4.63928e-05
2343.73  0.0220517 2.65129e-09 1.20231e-07 3.95139e-05
2353.73  0.0188463 2.25621e-09 1.19716e-07 3.36257e-05
2363.74  0.0155278 1.85106e-09 1.19209e-07 2.75875e-05
2373.75  0.0131882 1.56556e-09 1.1871e-07 2.33326e-05
2383.77  0.0104557 1.23604e-09 1.18216e-07 1.84215e-05
2393.79  0.00869087 1.02318e-09 1.1773e-07 1.52491e-05
2403.79  0.00750599 8.80088e-10 1.17252e-07 1.31165e-05
2413.8  0.00631203 7.37114e-10 1.16779e-07 1.09857e-05
2423.8  0.00552693 6.42856e-10 1.16314e-07 9.5809e-06
2433.81  0.0044568 5.16338e-10 1.15854e-07 7.69531e-06
2443.85  0.00385295 4.44627e-10 1.15399e-07 6.62656e-06
2453.86  0.00330878 3.8035e-10 1.14951e-07 5.66859e-06
2463.87  0.00272682 3.12248e-10 1.1451e-07 4.65362e-06
2473.88  0.00238976 2.72609e-10 1.14074e-07 4.06287e-06
2483.88  0.0020409 2.31936e-10 1.13644e-07 3.45669e-06
2493.88  0.00185775 2.10333e-10 1.13219e-07 3.13473e-06
2503.89  0.00164054 1.85053e-10 1.128e-07 2.75796e-06
2513.91  0.00145168 1.63147e-10 1.12385e-07 2.43149e-06
2523.91  0.00129081 1.4454e-10 1.11977e-07 2.15418e-06
2533.91  0.00114942 1.28244e-10 1.11573e-07 1.9113e-06
2543.91  0.000973903 1.08273e-10 1.11174e-07 1.61366e-06
2553.93  0.000878747 9.7347e-11 1.10779e-07 1.45083e-06
2563.94  0.000810044 8.94206e-11 1.1039e-07 1.33269e-06
2573.96  0.00079892 8.78848e-11 1.10005e-07 1.3098e-06
2583.96  0.000713216 7.81858e-11 1.09624e-07 1.16525e-06
2593.97  0.000659111 7.20067e-11 1.09248e-07 1.07316e-06
2603.98  0.000605779 6.59551e-11 1.08877e-07 9.82971e-07
2613.98  0.00054002 5.85971e-11 1.08509e-07 8.7331e-07
2623.98  0.000493457 5.33655e-11 1.08146e-07 7.9534e-07
2634  0.000453121 4.88405e-11 1.07787e-07 7.27901e-07
2644  0.000439564 4.72232e-11 1.07432e-07 7.03797e-07
2654.01  0.000409175 4.38147e-11 1.07081e-07 6.52998e-07
2664.01  0.000378802 4.04308e-11 1.06734e-07 6.02567e-07
2674.01  0.00034989 3.72249e-11 1.0639e-07 5.54787e-07
2684.01  0.000313054 3.31996e-11 1.06051e-07 4.94795e-07
2694.02  0.000294576 3.11409e-11 1.05715e-07 4.64113e-07
2704.02  0.000267854 2.8227e-11 1.05382e-07 4.20686e-07
2714.02  0.000242669 2.54932e-11 1.05053e-07 3.79941e-07
2724.03  0.00023742 2.48644e-11 1.04727e-07 3.7057e-07
2734.03  0.000242742 2.53436e-11 1.04405e-07 3.77711e-07
2744.06  0.000235417 2.45036e-11 1.04086e-07 3.65193e-07
2754.06  0.000222671 2.31066e-11 1.0377e-07 3.44373e-07
2764.07  0.000218658 2.26219e-11 1.03458e-07 3.37148e-07
2774.08  0.000211881 2.18552e-11 1.03149e-07 3.25723e-07
2784.08  0.000195836 2.01403e-11 1.02843e-07 3.00163e-07
2794.09  0.000192258 1.9714e-11 1.02539e-07 2.93811e-07
2804.09  0.000187617 1.91818e-11 1.02239e-07 2.85879e-07
2814.09  0.000178663 1.82133e-11 1.01942e-07 2.71444e-07
2824.1  0.000177501 1.80426e-11 1.01648e-07 2.689e-07
2834.11  0.000187612 1.90157e-11 1.01357e-07 2.83403e-07
2844.12  0.000190787 1.92824e-11 1.01068e-07 2.87378e-07
2854.12  0.000190931 1.92424e-11 1.00782e-07 2.86782e-07
2864.13  0.000194717 1.95689e-11 1.00499e-07 2.91647e-07
2874.14  0.00020324 2.03683e-11 1.00218e-07 3.03562e-07
2884.15  0.000200971 2.00851e-11 9.994e-08 2.9934e-07
2894.15  0.000189985 1.89349e-11 9.96648e-08 2.82198e-07
2904.16  0.000187024 1.85887e-11 9.9392e-08 2.77039e-07
2914.17  0.00017953 1.77954e-11 9.91218e-08 2.65216e-07
2924.2  0.000186643 1.84503e-11 9.88531e-08 2.74976e-07
2934.21  0.000188951 1.86283e-11 9.85878e-08 2.77629e-07
2944.21  0.000205116 2.0168e-11 9.83248e-08 3.00576e-07
2954.22  0.000194328 1.90566e-11 9.80641e-08 2.84012e-07
2964.22  0.000201381 1.96962e-11 9.78059e-08 2.93546e-07
2974.27  0.000208872 2.03751e-11 9.75486e-08 3.03664e-07
2984.27  0.000213202 2.07435e-11 9.72949e-08 3.09153e-07
2994.27  0.000229561 2.22773e-11 9.70432e-08 3.32013e-07
3004.27  0.000239694 2.32009e-11 9.67939e-08 3.45778e-07
3014.28  0.000246237 2.37733e-11 9.65464e-08 3.54309e-07
3024.3  0.000260289 2.50661e-11 9.6301e-08 3.73576e-07
3034.3  0.000276765 2.65855e-11 9.6058e-08 3.9622e-07
3044.33  0.000304711 2.91963e-11 9.58162e-08 4.35131e-07
3054.34  0.000327079 3.12613e-11 9.55771e-08 4.65907e-07
3064.35  0.000332837 3.17326e-11 9.53397e-08 4.72931e-07
3074.35  0.000346334 3.2938e-11 9.51047e-08 4.90896e-07
3084.36  0.000374723 3.55506e-11 9.48715e-08 5.29833e-07
3094.36  0.000410857 3.88836e-11 9.46403e-08 5.79507e-07
3104.38  0.00044293 4.18173e-11 9.44105e-08 6.2323e-07
3114.39  0.000424301 3.99619e-11 9.41828e-08 5.95577e-07
3124.41  0.000452882 4.25512e-11 9.39567e-08 6.34168e-07
3134.43  0.000482182 4.51962e-11 9.37325e-08 6.73588e-07
3144.43  0.000512 4.78773e-11 9.35104e-08 7.13547e-07
3154.43  0.000540161 5.03917e-11 9.32901e-08 7.5102e-07
3164.44  0.000522851 4.86625e-11 9.30713e-08 7.25248e-07
3174.44  0.000540028 5.01439e-11 9.28544e-08 7.47327e-07
3184.46  0.000561218 5.19906e-11 9.26388e-08 7.74849e-07
3194.49  0.000594605 5.49561e-11 9.24246e-08 8.19047e-07
3204.5  0.000659675 6.08303e-11 9.22126e-08 9.06593e-07
3214.52  0.000707161 6.50601e-11 9.20018e-08 9.69632e-07
3224.56  0.000798492 7.32955e-11 9.17923e-08 1.09237e-06
3234.56  0.000898615 8.22998e-11 9.15852e-08 1.22657e-06
3244.57  0.00102324 9.35033e-11 9.13795e-08 1.39354e-06
3254.57  0.00115189 1.05024e-10 9.11754e-08 1.56524e-06
3264.58  0.00134257 1.22137e-10 9.09728e-08 1.82029e-06
3274.6  0.00158889 1.44226e-10 9.07713e-08 2.14949e-06
3284.61  0.001812 1.64115e-10 9.05715e-08 2.44591e-06
3294.64  0.00201451 1.82057e-10 9.03729e-08 2.71332e-06
3304.64  0.00204476 1.84389e-10 9.01762e-08 2.74807e-06
3314.65  0.00222126 1.9987e-10 8.99808e-08 2.9788e-06
3324.65  0.00244757 2.19759e-10 8.97869e-08 3.27522e-06
3334.66  0.00246218 2.20597e-10 8.95943e-08 3.2877e-06
3344.67  0.00278032 2.4857e-10 8.94031e-08 3.70459e-06
3354.67  0.00299915 2.67564e-10 8.92133e-08 3.98768e-06
3364.67  0.00332789 2.96265e-10 8.90249e-08 4.41542e-06
3374.68  0.00363469 3.22897e-10 8.88376e-08 4.81234e-06
3384.69  0.00424657 3.76466e-10 8.86517e-08 5.61071e-06
3394.71  0.00518893 4.59048e-10 8.84667e-08 6.84148e-06
3404.73  0.00585759 5.17127e-10 8.82833e-08 7.70708e-06
3414.73  0.0062469 5.5036e-10 8.81013e-08 8.20237e-06
3424.74  0.00694646 6.10736e-10 8.79204e-08 9.10219e-06
3434.74  0.00838187 7.35433e-10 8.77408e-08 1.09606e-05
3444.75  0.00892919 7.81862e-10 8.75625e-08 1.16526e-05
3454.75  0.0102902 8.99209e-10 8.73853e-08 1.34015e-05
3464.76  0.0118293 1.03162e-09 8.72092e-08 1.53749e-05
3474.77  0.0132455 1.15281e-09 8.70344e-08 1.71811e-05
3484.77  0.0144304 1.25344e-09 8.68608e-08 1.86808e-05
3494.77  0.0146309 1.26833e-09 8.66883e-08 1.89027e-05
3504.78  0.0170287 1.47327e-09 8.65169e-08 2.19572e-05
3514.78  0.0176039 1.52004e-09 8.63467e-08 2.26541e-05
3524.78  0.0187009 1.6116e-09 8.61776e-08 2.40187e-05
3534.78  0.0220312 1.8949e-09 8.60096e-08 2.82409e-05
3544.8  0.023167 1.98871e-09 8.58424e-08 2.96391e-05
3554.8  0.0238857 2.04645e-09 8.56766e-08 3.04995e-05
3564.8  0.0272152 2.32722e-09 8.55118e-08 3.4684e-05
3574.81  0.0278378 2.3759e-09 8.5348e-08 3.54095e-05
3584.81  0.0283046 2.41113e-09 8.51852e-08 3.59346e-05
3594.82  0.030999 2.63564e-09 8.50234e-08 3.92806e-05
3604.83  0.0354636 3.00954e-09 8.48627e-08 4.48531e-05
3614.83  0.0373568 3.16423e-09 8.4703e-08 4.71586e-05
3624.83  0.0426006 3.60164e-09 8.45443e-08 5.36776e-05
3634.83  0.0502484 4.24029e-09 8.43866e-08 6.31957e-05
3644.84  0.0513411 4.32445e-09 8.42298e-08 6.445e-05
3654.86  0.0565435 4.75382e-09 8.40737e-08 7.08492e-05
3664.87  0.0626508 5.25757e-09 8.39187e-08 7.8357e-05
3674.87  0.070413 5.89813e-09 8.37647e-08 8.79036e-05
3684.89  0.0773602 6.4682e-09 8.36115e-08 9.63998e-05
3694.89  0.0929452 7.75715e-09 8.34595e-08 0.00011561
3704.9  0.0968035 8.06454e-09 8.33083e-08 0.000120191
3714.92  0.108849 9.05166e-09 8.31578e-08 0.000134903
3724.92  0.115434 9.58199e-09 8.30084e-08 0.000142807
3734.95  0.127507 1.05652e-08 8.28596e-08 0.00015746
3744.95  0.140615 1.16305e-08 8.2712e-08 0.000173337
3754.96  0.160046 1.32143e-08 8.25652e-08 0.000196941
3764.96  0.181515 1.49604e-08 8.24193e-08 0.000222964
3774.96  0.215444 1.77255e-08 8.22743e-08 0.000264175
3784.97  0.240123 1.97213e-08 8.213e-08 0.00029392
3795  0.283408 2.32356e-08 8.19863e-08 0.000346294
3805.01  0.281017 2.29995e-08 8.18436e-08 0.000342776
3815.03  0.319414 2.60967e-08 8.17017e-08 0.000388935
3825.04  0.321591 2.62291e-08 8.15606e-08 0.00039091
3835.07  0.352473 2.86984e-08 8.14202e-08 0.000427711
3845.07  0.378353 3.07529e-08 8.12809e-08 0.00045833
3855.08  0.430318 3.4917e-08 8.11423e-08 0.000520391
3865.09  0.436684 3.53733e-08 8.10044e-08 0.000527192
3875.09  0.463795 3.75059e-08 8.08674e-08 0.000558974
3885.11  0.517086 4.17448e-08 8.07309e-08 0.00062215
3895.12  0.556989 4.48907e-08 8.05953e-08 0.000669035
3905.16  0.648419 5.21718e-08 8.04601e-08 0.00077755
3915.17  0.734004 5.89596e-08 8.03261e-08 0.000878713
3925.17  0.809744 6.49357e-08 8.01929e-08 0.000967778
3935.17  0.841275 6.73527e-08 8.00603e-08 0.0010038
3945.17  0.940809 7.51974e-08 7.99285e-08 0.00112072
3955.18  1.05544 8.42213e-08 7.97974e-08 0.0012552
3965.19  1.24721 9.93613e-08 7.96668e-08 0.00148085
3975.2  1.42656 1.13464e-07 7.9537e-08 0.00169103
3985.2  1.49415 1.18648e-07 7.9408e-08 0.00176828
3995.21  1.75913 1.39463e-07 7.92796e-08 0.00207851
