time	conversion
1.00025	0.00229267
2.00056	0.00360417
3.00072	0.00472112
4.00089	0.00571164
5.00103	0.00658822
6.00135	0.00743592
7.00162	0.00816178
8.00173	0.00888635
9.00175	0.00956121
10.0018	0.0101784
11.002	0.0108045
12.002	0.0113954
13.0021	0.0120033
14.0025	0.0125639
15.0025	0.0131289
16.0027	0.013669
17.0028	0.0141881
18.0032	0.0147201
19.0036	0.0152295
20.0036	0.0157526
21.0039	0.0162322
22.0042	0.0167195
23.0042	0.0172128
24.0052	0.0177027
25.0053	0.0181595
26.0062	0.0186289
27.0064	0.0190897
28.0064	0.0195526
29.0078	0.0200042
30.0079	0.0204603
31.0079	0.0208888
32.0079	0.0213055
33.0079	0.021725
34.0081	0.0221545
35.0081	0.0225514
36.0083	0.0229522
37.0084	0.0233384
38.0096	0.0237401
39.0099	0.0241477
40.0104	0.0245408
41.0106	0.0249392
42.0107	0.0253412
43.0107	0.0257182
44.0109	0.0261091
45.011	0.0264954
46.0111	0.0268743
47.0113	0.027242
48.0113	0.0276282
49.0114	0.0279756
50.0115	0.0283251
51.0116	0.0286951
52.012	0.0290559
53.0125	0.029418
54.0134	0.0297652
55.014	0.0301136
56.0146	0.0304447
57.0146	0.0307987
58.0147	0.031132
59.0149	0.0314858
60.0149	0.0318063
61.0155	0.0321424
62.0156	0.0324652
63.0159	0.0327907
64.0161	0.0331325
65.0164	0.0334764
66.0169	0.033806
67.0174	0.0341405
68.0182	0.0344586
69.0183	0.0347888
70.0183	0.0351069
71.0184	0.035421
72.0187	0.0357244
73.0187	0.0360283
74.0188	0.0363503
75.019	0.0366516
76.019	0.0369625
77.0191	0.037258
78.0194	0.0375678
79.0198	0.0378922
80.0198	0.0381842
81.02	0.038495
82.02	0.0387859
83.0204	0.0390766
84.0205	0.0393876
85.0207	0.0396981
86.0208	0.0399963
87.0208	0.0402994
88.021	0.0406161
89.021	0.0408934
90.0216	0.0411912
91.0216	0.0414708
92.0216	0.0417481
93.0216	0.0420415
94.0218	0.0423421
95.0219	0.0426274
96.022	0.042919
97.022	0.0432136
98.022	0.0435045
99.0221	0.043796
100.023	0.0440728
101.023	0.044351
102.023	0.0446256
103.023	0.0449046
104.023	0.0451826
105.024	0.0454626
106.024	0.0457381
107.024	0.0460197
108.024	0.0463109
109.024	0.046583
110.024	0.0468474
111.024	0.0471159
112.024	0.0473807
113.025	0.0476583
114.025	0.0479325
115.025	0.0481902
116.026	0.0484579
117.026	0.0487187
118.026	0.0489774
119.027	0.0492514
120.027	0.049521
121.027	0.0497797
122.027	0.0500425
123.027	0.0503034
124.028	0.0505638
125.028	0.0508216
126.028	0.0510754
127.028	0.0513395
128.028	0.0516016
129.028	0.0518425
130.028	0.0520914
131.029	0.0523448
132.029	0.0526026
133.029	0.0528589
134.029	0.0531119
135.029	0.0533644
136.03	0.0536154
137.03	0.0538598
138.03	0.0541066
139.03	0.0543542
140.03	0.0546032
141.03	0.0548615
142.031	0.0551111
143.032	0.0553464
144.032	0.0555799
145.032	0.0558198
146.032	0.056071
147.032	0.0563106
148.032	0.0565487
149.032	0.0567835
150.033	0.0570348
151.033	0.0572875
152.033	0.0575205
153.033	0.0577876
154.033	0.0580253
155.033	0.0582605
156.033	0.0584925
157.034	0.0587251
158.034	0.0589586
159.034	0.0592142
160.034	0.0594328
161.034	0.0596813
162.034	0.0599095
163.034	0.0601386
164.034	0.0603611
165.034	0.0606
166.034	0.0608197
167.034	0.0610494
168.034	0.0612832
169.034	0.0615001
170.035	0.0617312
171.035	0.0619588
172.035	0.0621746
173.035	0.0624175
174.035	0.062652
175.035	0.0628924
176.036	0.0631361
177.036	0.0633622
178.036	0.0635976
179.036	0.0638223
180.036	0.0640616
181.036	0.0642934
182.036	0.0645197
183.037	0.0647346
184.037	0.0649603
185.037	0.0651882
186.037	0.0654095
187.037	0.0656254
188.037	0.0658453
189.038	0.0660671
190.038	0.0662947
191.038	0.0665193
192.038	0.0667533
193.038	0.0669586
194.039	0.0671805
195.039	0.0673905
196.039	0.067598
197.039	0.0678319
198.04	0.0680578
199.041	0.0682787
200.041	0.0684966
201.041	0.068728
202.042	0.0689418
203.042	0.0691636
204.042	0.0693963
205.043	0.0696161
206.043	0.0698389
207.043	0.070048
208.043	0.0702626
209.043	0.0704703
210.043	0.0706783
211.043	0.0708882
212.044	0.0710961
213.044	0.0713093
214.044	0.0715236
215.044	0.0717267
216.045	0.071947
217.045	0.0721733
218.045	0.0723943
219.045	0.0726092
220.045	0.0728103
221.046	0.0730085
222.046	0.0732213
223.046	0.073422
224.046	0.0736249
225.047	0.0738296
226.047	0.0740509
227.047	0.0742527
228.048	0.0744464
229.048	0.0746491
230.048	0.0748557
231.049	0.0750588
232.049	0.075252
233.05	0.0754549
234.05	0.075656
235.05	0.0758491
236.05	0.0760514
237.05	0.0762599
238.05	0.0764688
239.051	0.076656
240.051	0.0768501
241.051	0.0770649
242.051	0.0772611
243.051	0.077471
244.051	0.0776621
245.051	0.077856
246.051	0.0780652
247.051	0.0782634
248.051	0.0784542
249.051	0.0786461
250.051	0.0788545
251.052	0.0790421
252.052	0.0792468
253.052	0.0794451
254.052	0.0796448
255.053	0.07985
256.053	0.0800346
257.053	0.0802328
258.053	0.080427
259.053	0.0806197
260.053	0.0808075
261.053	0.0809971
262.053	0.081193
263.053	0.0813815
264.053	0.081558
265.053	0.0817448
266.053	0.081933
267.053	0.0821283
268.054	0.0823339
269.054	0.0825323
270.054	0.082724
271.054	0.0829226
272.054	0.0831103
273.054	0.0832947
274.054	0.0834957
275.054	0.0836826
276.055	0.0838718
277.055	0.0840546
278.055	0.0842431
279.056	0.0844249
280.056	0.0846079
281.056	0.0848043
282.056	0.0849851
283.056	0.0851728
284.056	0.0853591
285.057	0.0855335
286.057	0.0857121
287.057	0.085895
288.057	0.0860713
289.058	0.0862517
290.058	0.0864341
291.058	0.0866237
292.058	0.0868112
293.058	0.0869898
294.058	0.0871713
295.058	0.0873507
296.058	0.0875348
297.058	0.0877231
298.058	0.0879059
299.058	0.088079
300.059	0.0882461
301.059	0.0884181
302.059	0.0885897
303.059	0.0887654
304.059	0.0889509
305.059	0.0891364
306.06	0.0893049
307.06	0.0894799
308.06	0.0896491
309.06	0.089824
310.06	0.0900073
311.062	0.0901769
312.063	0.0903536
313.063	0.0905282
314.063	0.0907069
315.063	0.0908855
316.063	0.0910504
317.064	0.091226
318.064	0.0913968
319.065	0.0915764
320.065	0.0917478
321.065	0.0919185
322.065	0.0920859
323.065	0.0922621
324.065	0.0924341
325.065	0.0926096
326.065	0.0927917
327.065	0.0929624
328.065	0.0931322
329.065	0.0932892
330.066	0.0934553
331.066	0.0936322
332.067	0.0937994
333.067	0.0939714
334.067	0.0941493
335.067	0.0943236
336.067	0.0944958
337.067	0.09467
338.068	0.0948438
339.068	0.0950231
340.068	0.0951792
341.069	0.095343
342.07	0.0955152
343.07	0.0956868
344.07	0.0958674
345.071	0.0960264
346.071	0.0962019
347.071	0.0963665
348.072	0.0965348
349.073	0.096705
350.073	0.0968672
351.073	0.0970326
352.073	0.0972065
353.074	0.0973688
354.074	0.0975361
355.074	0.0976927
356.074	0.0978526
357.074	0.0980302
358.075	0.0981899
359.075	0.0983578
360.075	0.0985106
361.075	0.0986668
362.075	0.0988309
363.075	0.0990063
364.076	0.0991786
365.076	0.0993335
366.076	0.0995006
367.076	0.0996592
368.076	0.0998075
369.077	0.0999802
370.077	0.100147
371.077	0.100307
372.077	0.100464
373.077	0.100629
374.078	0.100796
375.078	0.100964
376.078	0.101117
377.078	0.101282
378.078	0.101446
379.079	0.101605
380.079	0.101759
381.079	0.101911
382.079	0.102079
383.079	0.102252
384.079	0.102414
385.079	0.102571
386.08	0.102738
387.08	0.102891
388.08	0.103046
389.08	0.103203
390.08	0.103365
391.08	0.103519
392.08	0.103685
393.08	0.103863
394.081	0.104026
395.081	0.104177
396.081	0.104335
397.081	0.104501
398.081	0.104662
399.081	0.104816
400.081	0.104964
401.082	0.105108
402.082	0.105268
403.082	0.105422
404.082	0.105573
405.083	0.105733
406.083	0.105889
407.083	0.106046
408.083	0.106206
409.083	0.10635
410.083	0.106504
411.084	0.106657
412.084	0.106817
413.084	0.10697
414.084	0.107124
415.085	0.107277
416.085	0.107429
417.086	0.107582
418.086	0.107746
419.086	0.10789
420.086	0.108036
421.086	0.108189
422.087	0.108339
423.087	0.108492
424.087	0.108642
425.087	0.108789
426.087	0.108937
427.088	0.109082
428.088	0.109236
429.088	0.109391
430.088	0.10954
431.089	0.109692
432.089	0.10986
433.089	0.110006
434.089	0.110163
435.089	0.110315
436.089	0.110459
437.089	0.110611
438.089	0.110764
439.089	0.110918
440.09	0.111064
441.09	0.11121
442.09	0.111368
443.09	0.111524
444.09	0.111678
445.091	0.111832
446.091	0.111982
447.091	0.112134
448.092	0.11229
449.092	0.112437
450.092	0.11258
451.092	0.112718
452.092	0.112867
453.092	0.11301
454.093	0.11315
455.093	0.113291
456.093	0.113432
457.093	0.113582
458.094	0.113729
459.094	0.113872
460.095	0.114019
461.096	0.114168
462.096	0.114317
463.096	0.114459
464.097	0.114602
465.097	0.114751
466.097	0.114906
467.097	0.115047
468.098	0.115187
469.099	0.115321
470.099	0.11547
471.099	0.115609
472.099	0.115751
473.099	0.115886
474.1	0.116026
475.1	0.116177
476.1	0.116319
477.1	0.116461
478.1	0.116605
479.1	0.116746
480.1	0.116886
481.101	0.117044
482.102	0.117189
483.102	0.117339
484.102	0.117485
485.102	0.117633
486.103	0.117779
487.103	0.117913
488.103	0.118049
489.103	0.118187
490.103	0.118331
491.103	0.118471
492.104	0.118617
493.104	0.118767
494.104	0.118913
495.105	0.119056
496.105	0.119202
497.105	0.11934
498.106	0.119465
499.106	0.119604
500.106	0.119797
501.106	0.120448
502.106	0.121049
503.106	0.12167
504.106	0.122288
505.106	0.122892
506.106	0.12347
507.106	0.124044
508.106	0.124633
509.106	0.125189
510.106	0.125737
511.107	0.126305
512.107	0.126854
513.107	0.127391
514.107	0.12793
515.107	0.128475
516.107	0.12902
517.107	0.12954
518.107	0.130072
519.107	0.130587
520.107	0.131093
521.107	0.131585
522.107	0.132092
523.107	0.132592
524.108	0.133077
525.108	0.133567
526.108	0.13407
527.108	0.134561
528.108	0.135052
529.108	0.13554
530.108	0.136011
531.108	0.136475
532.108	0.136948
533.108	0.137417
534.108	0.13788
535.108	0.138333
536.108	0.138805
537.108	0.13926
538.108	0.139713
539.108	0.140166
540.108	0.140599
541.109	0.141042
542.109	0.141475
543.109	0.141899
544.109	0.142324
545.109	0.142753
546.109	0.143174
547.109	0.143592
548.109	0.144002
549.109	0.144424
550.109	0.144848
551.109	0.145241
552.109	0.145643
553.109	0.146044
554.109	0.146452
555.109	0.14686
556.109	0.147261
557.109	0.14766
558.109	0.148063
559.11	0.148459
560.11	0.148856
561.11	0.149266
562.11	0.149657
563.11	0.15006
564.11	0.150465
565.11	0.150853
566.11	0.151233
567.11	0.151627
568.11	0.152011
569.11	0.152381
570.11	0.152773
571.11	0.153152
572.11	0.153514
573.11	0.153896
574.11	0.154267
575.11	0.15465
576.11	0.155015
577.11	0.155378
578.111	0.155742
579.111	0.156111
580.111	0.156478
581.111	0.156834
582.111	0.157196
583.111	0.157574
584.111	0.157931
585.111	0.158298
586.111	0.158656
587.111	0.159009
588.111	0.159371
589.111	0.15972
590.112	0.160084
591.112	0.16045
592.112	0.160804
593.112	0.161166
594.112	0.161512
595.112	0.161869
596.112	0.162209
597.112	0.162548
598.112	0.162905
599.112	0.163242
600.112	0.163573
601.112	0.163909
602.112	0.164246
603.112	0.164581
604.112	0.164925
605.112	0.165285
606.113	0.165615
607.113	0.165943
608.113	0.166262
609.113	0.166575
610.113	0.1669
611.113	0.167224
612.113	0.167548
613.113	0.167867
614.113	0.168187
615.113	0.168517
616.113	0.168843
617.113	0.169154
618.113	0.169471
619.114	0.169804
620.114	0.170128
621.114	0.170456
622.114	0.170781
623.114	0.171103
624.114	0.171412
625.114	0.171729
626.114	0.172046
627.114	0.172374
628.114	0.172677
629.114	0.172986
630.114	0.173295
631.114	0.173605
632.114	0.173932
633.114	0.174249
634.114	0.17456
635.114	0.174869
636.114	0.175171
637.114	0.175471
638.114	0.175766
639.114	0.176073
640.114	0.176374
641.115	0.176665
642.115	0.17696
643.115	0.177257
644.115	0.177547
645.115	0.177848
646.115	0.178155
647.115	0.178463
648.115	0.17876
649.115	0.179055
650.115	0.179365
651.115	0.179659
652.115	0.179961
653.115	0.180265
654.115	0.180567
655.115	0.180855
656.115	0.18115
657.115	0.181447
658.115	0.181745
659.115	0.182036
660.115	0.182318
661.115	0.182612
662.115	0.182904
663.115	0.183185
664.115	0.183467
665.116	0.183751
666.116	0.184021
667.116	0.184298
668.116	0.184578
669.116	0.18486
670.116	0.18515
671.117	0.185432
672.117	0.185722
673.117	0.185994
674.117	0.186277
675.117	0.186562
676.117	0.186849
677.117	0.187125
678.117	0.187401
679.117	0.187683
680.117	0.187957
681.117	0.188228
682.117	0.188491
683.117	0.188781
684.117	0.189041
685.117	0.189316
686.117	0.189584
687.117	0.189869
688.117	0.190149
689.117	0.190417
690.118	0.190686
691.118	0.190963
692.118	0.191234
693.118	0.191491
694.118	0.191762
695.118	0.192024
696.118	0.192289
697.118	0.192566
698.118	0.192837
699.118	0.193095
700.118	0.193365
701.118	0.193631
702.118	0.193901
703.118	0.194171
704.118	0.194431
705.118	0.194685
706.118	0.19494
707.118	0.195206
708.118	0.195466
709.118	0.195733
710.118	0.195999
711.119	0.196273
712.119	0.196538
713.119	0.196801
714.119	0.197057
715.119	0.197311
716.119	0.19757
717.119	0.197816
718.119	0.198082
719.119	0.198341
720.119	0.198593
721.119	0.198856
722.119	0.199116
723.119	0.199381
724.119	0.199644
725.119	0.199902
726.119	0.200152
727.119	0.200406
728.12	0.200665
729.12	0.200911
730.12	0.201162
731.12	0.201411
732.12	0.20167
733.12	0.201925
734.12	0.202178
735.12	0.202419
736.12	0.20266
737.12	0.202904
738.12	0.203152
739.12	0.203401
740.121	0.203654
741.121	0.203911
742.121	0.204172
743.121	0.204414
744.121	0.204657
745.121	0.204909
746.121	0.205145
747.121	0.205384
748.121	0.205618
749.121	0.205854
750.121	0.206097
751.121	0.206348
752.121	0.206588
753.121	0.206825
754.121	0.207071
755.121	0.207306
756.121	0.207552
757.121	0.207789
758.121	0.208033
759.122	0.208275
760.122	0.208521
761.122	0.208768
762.122	0.209027
763.122	0.209251
764.122	0.209499
765.122	0.209736
766.122	0.209979
767.122	0.210216
768.122	0.210456
769.122	0.210694
770.122	0.21093
771.122	0.21116
772.122	0.211409
773.122	0.211649
774.122	0.211882
775.122	0.212125
776.122	0.212367
777.122	0.212613
778.123	0.212844
779.123	0.213076
780.123	0.213314
781.123	0.213552
782.123	0.213788
783.123	0.214005
784.123	0.214244
785.123	0.214478
786.123	0.214707
787.123	0.21495
788.123	0.215179
789.123	0.215417
790.123	0.215632
791.123	0.215854
792.124	0.216085
793.124	0.216314
794.124	0.216555
795.124	0.216779
796.124	0.21701
797.124	0.217243
798.124	0.21748
799.124	0.217713
800.124	0.217938
801.124	0.218169
802.124	0.218394
803.124	0.218623
804.124	0.218842
805.124	0.219082
806.124	0.219323
807.124	0.219545
808.125	0.219773
809.125	0.220005
810.125	0.22022
811.125	0.220452
812.125	0.22068
813.125	0.2209
814.125	0.221113
815.125	0.221348
816.125	0.221579
817.125	0.221799
818.125	0.222027
819.125	0.222245
820.125	0.222475
821.125	0.222706
822.125	0.222935
823.126	0.223152
824.126	0.223375
825.126	0.223593
826.126	0.223804
827.126	0.224027
828.126	0.224245
829.126	0.224467
830.126	0.224685
831.126	0.224904
832.126	0.225125
833.126	0.225342
834.126	0.225559
835.126	0.225764
836.126	0.225983
837.126	0.226198
838.126	0.226421
839.126	0.226631
840.127	0.226838
841.127	0.227053
842.127	0.227269
843.127	0.22749
844.127	0.227708
845.127	0.227917
846.127	0.228128
847.127	0.228343
848.127	0.228562
849.127	0.228775
850.127	0.229
851.127	0.229206
852.127	0.229415
853.127	0.229619
854.127	0.229825
855.127	0.230028
856.128	0.230241
857.128	0.230448
858.128	0.230662
859.128	0.230867
860.128	0.231066
861.128	0.231273
862.128	0.23148
863.128	0.231687
864.128	0.231899
865.128	0.232109
866.128	0.232314
867.128	0.232518
868.128	0.232719
869.128	0.232929
870.129	0.233132
871.129	0.233345
872.129	0.23355
873.129	0.233745
874.129	0.233962
875.129	0.234171
876.129	0.234373
877.129	0.234575
878.129	0.234792
879.129	0.234997
880.129	0.23519
881.129	0.235393
882.13	0.235595
883.13	0.235787
884.13	0.235985
885.13	0.23619
886.13	0.236394
887.13	0.23661
888.13	0.236813
889.13	0.237014
890.13	0.237224
891.13	0.237425
892.13	0.237622
893.13	0.237825
894.13	0.238016
895.13	0.238212
896.13	0.238409
897.131	0.2386
898.131	0.238801
899.131	0.238998
900.131	0.239199
901.131	0.239391
902.131	0.239581
903.131	0.239777
904.131	0.239967
905.131	0.240169
906.131	0.240366
907.131	0.240561
908.131	0.240757
909.131	0.240952
910.131	0.241146
911.131	0.241352
912.132	0.24154
913.132	0.241747
914.132	0.241949
915.132	0.242141
916.132	0.24233
917.132	0.242525
918.132	0.242718
919.132	0.242916
920.132	0.243118
921.132	0.243307
922.132	0.243494
923.132	0.243689
924.132	0.243866
925.133	0.244052
926.133	0.244243
927.133	0.244432
928.133	0.24463
929.133	0.244824
930.133	0.245004
931.133	0.245184
932.133	0.245373
933.133	0.245563
934.133	0.245755
935.133	0.24595
936.133	0.246136
937.133	0.246326
938.133	0.246512
939.133	0.2467
940.133	0.246892
941.133	0.247074
942.133	0.247259
943.134	0.247443
944.134	0.247631
945.134	0.247817
946.134	0.248007
947.134	0.248196
948.134	0.248373
949.134	0.248557
950.134	0.24874
951.134	0.248934
952.134	0.249113
953.134	0.249306
954.134	0.249492
955.134	0.249674
956.134	0.249864
957.134	0.250045
958.135	0.250227
959.135	0.250404
960.135	0.250596
961.135	0.250779
962.135	0.250959
963.135	0.251139
964.135	0.251327
965.135	0.251515
966.135	0.251699
967.135	0.251877
968.135	0.252058
969.135	0.252233
970.135	0.25241
971.135	0.252598
972.135	0.252778
973.135	0.252964
974.135	0.253152
975.136	0.25333
976.136	0.253509
977.136	0.25369
978.136	0.25387
979.136	0.25405
980.136	0.25423
981.136	0.254415
982.136	0.254592
983.136	0.25477
984.136	0.254958
985.136	0.25513
986.136	0.255305
987.136	0.255487
988.136	0.255662
989.136	0.255837
990.136	0.256012
991.136	0.25619
992.137	0.256367
993.137	0.256543
994.137	0.256709
995.137	0.256894
996.137	0.257078
997.137	0.257244
998.137	0.257431
999.137	0.257609
1000.14	0.25779
1001.14	0.257964
1002.14	0.258146
1003.14	0.258313
1004.14	0.258484
1005.14	0.25866
1006.14	0.258835
1007.14	0.259015
1008.14	0.259179
1009.14	0.259363
1010.14	0.259546
1011.14	0.259722
1012.14	0.259898
1013.14	0.26008
1014.14	0.260254
1015.14	0.26042
1016.14	0.260594
1017.14	0.260771
1018.14	0.260952
1019.14	0.261118
1020.14	0.261292
1021.14	0.261456
1022.14	0.261631
1023.14	0.261809
1024.14	0.261979
1025.14	0.262169
1026.14	0.262343
1027.14	0.262515
1028.14	0.262685
1029.14	0.262859
1030.14	0.263031
1031.14	0.263195
1032.14	0.263372
1033.14	0.263545
1034.14	0.263719
1035.14	0.263895
1036.14	0.264064
1037.14	0.264231
1038.14	0.264401
1039.14	0.264569
1040.14	0.26475
1041.14	0.26493
1042.14	0.265096
1043.14	0.265264
1044.14	0.265438
1045.14	0.265604
1046.14	0.265781
1047.14	0.265953
1048.14	0.266118
1049.14	0.26628
1050.14	0.26645
1051.14	0.266615
1052.14	0.266776
1053.14	0.266956
1054.14	0.267124
1055.14	0.267295
1056.14	0.26747
1057.14	0.267643
1058.14	0.267808
1059.14	0.267973
1060.14	0.268143
1061.14	0.26831
1062.14	0.268479
1063.14	0.268646
1064.14	0.268808
1065.14	0.268981
1066.14	0.269138
1067.14	0.269297
1068.14	0.269458
1069.14	0.269631
1070.14	0.269797
1071.14	0.269961
1072.14	0.270134
1073.14	0.2703
1074.14	0.270469
1075.14	0.270635
1076.14	0.270801
1077.14	0.270959
1078.14	0.271123
1079.14	0.271296
1080.14	0.271448
1081.14	0.271615
1082.14	0.271791
1083.14	0.27196
1084.14	0.272117
1085.14	0.272279
1086.14	0.272434
1087.14	0.272594
1088.14	0.272762
1089.14	0.272934
1090.14	0.273097
1091.14	0.27326
1092.14	0.273425
1093.14	0.273577
1094.14	0.273743
1095.14	0.273899
1096.14	0.274056
1097.14	0.274204
1098.14	0.274373
1099.14	0.274537
1100.14	0.274704
1101.14	0.274871
1102.14	0.275028
1103.14	0.275186
1104.14	0.275348
1105.14	0.27551
1106.14	0.275671
1107.14	0.275834
1108.14	0.275988
1109.14	0.276141
1110.14	0.276295
1111.14	0.276453
1112.14	0.276617
1113.14	0.27677
1114.14	0.27693
1115.14	0.277085
1116.14	0.277237
1117.15	0.277398
1118.15	0.277553
1119.15	0.277714
1120.15	0.277868
1121.15	0.278036
1122.15	0.278192
1123.15	0.278345
1124.15	0.278501
1125.15	0.278663
1126.15	0.278815
1127.15	0.27897
1128.15	0.279134
1129.15	0.279277
1130.15	0.279437
1131.15	0.279596
1132.15	0.279755
1133.15	0.279909
1134.15	0.280054
1135.15	0.280213
1136.15	0.280363
1137.15	0.280517
1138.15	0.280676
1139.15	0.280837
1140.15	0.280994
1141.15	0.281143
1142.15	0.281312
1143.15	0.281466
1144.15	0.281621
1145.15	0.281781
1146.15	0.281938
1147.15	0.282076
1148.15	0.282232
1149.15	0.282381
1150.15	0.282539
1151.15	0.2827
1152.15	0.282854
1153.15	0.283004
1154.15	0.283164
1155.15	0.283322
1156.15	0.283474
1157.15	0.283625
1158.15	0.283769
1159.15	0.283931
1160.15	0.284092
1161.15	0.284254
1162.15	0.284408
1163.15	0.284559
1164.15	0.284713
1165.15	0.284875
1166.15	0.285029
1167.15	0.285182
1168.15	0.285348
1169.15	0.285501
1170.15	0.285654
1171.15	0.285794
1172.15	0.285951
1173.15	0.286105
1174.15	0.28626
1175.15	0.286405
1176.15	0.286556
1177.15	0.286708
1178.15	0.286861
1179.15	0.287015
1180.15	0.287168
1181.15	0.28732
1182.15	0.287471
1183.15	0.287618
1184.15	0.287771
1185.15	0.287922
1186.15	0.288074
1187.15	0.288231
1188.15	0.288377
1189.15	0.288529
1190.15	0.288682
1191.15	0.288833
1192.15	0.288991
1193.15	0.289142
1194.15	0.289292
1195.15	0.289434
1196.15	0.289583
1197.15	0.289735
1198.15	0.289884
1199.15	0.290039
1200.15	0.290186
1201.15	0.290331
1202.15	0.29048
1203.15	0.290622
1204.15	0.290782
1205.15	0.290936
1206.15	0.291083
1207.15	0.291235
1208.15	0.291377
1209.15	0.291532
1210.15	0.29169
1211.15	0.291834
1212.15	0.29199
1213.15	0.292145
1214.15	0.292293
1215.15	0.292442
1216.15	0.292602
1217.15	0.29276
1218.15	0.292913
1219.15	0.29306
1220.15	0.293212
1221.15	0.293362
1222.15	0.293512
1223.15	0.293658
1224.15	0.293807
1225.15	0.29395
1226.15	0.294104
1227.15	0.294247
1228.15	0.294392
1229.15	0.294538
1230.15	0.29468
1231.15	0.294828
1232.15	0.294973
1233.15	0.295125
1234.15	0.295278
1235.15	0.295428
1236.15	0.295577
1237.15	0.295715
1238.15	0.295863
1239.15	0.296011
1240.15	0.296164
1241.15	0.296306
1242.15	0.296451
1243.15	0.2966
1244.15	0.29675
1245.15	0.296897
1246.15	0.297037
1247.15	0.297178
1248.15	0.297314
1249.15	0.297456
1250.15	0.297598
1251.15	0.297742
1252.15	0.29789
1253.15	0.298038
1254.15	0.298188
1255.15	0.298329
1256.15	0.298476
1257.15	0.298624
1258.15	0.298773
1259.15	0.298925
1260.15	0.299073
1261.15	0.299224
1262.15	0.299366
1263.15	0.299522
1264.15	0.299673
1265.15	0.299823
1266.15	0.299971
1267.15	0.30011
1268.15	0.300255
1269.15	0.300402
1270.15	0.300542
1271.15	0.300682
1272.15	0.300822
1273.16	0.300965
1274.16	0.301094
1275.16	0.301232
1276.16	0.301377
1277.16	0.301518
1278.16	0.301665
1279.16	0.301806
1280.16	0.301951
1281.16	0.302092
1282.16	0.302237
1283.16	0.302392
1284.16	0.302526
1285.16	0.302666
1286.16	0.302803
1287.16	0.302932
1288.16	0.303071
1289.16	0.303212
1290.16	0.303355
1291.16	0.303492
1292.16	0.303637
1293.16	0.303772
1294.16	0.303921
1295.16	0.304062
1296.16	0.30421
1297.16	0.304352
1298.16	0.304489
1299.16	0.304634
1300.16	0.304767
1301.16	0.304904
1302.16	0.305042
1303.16	0.305186
1304.16	0.30532
1305.16	0.305462
1306.16	0.3056
1307.16	0.30574
1308.16	0.30589
1309.16	0.306025
1310.16	0.306164
1311.16	0.306301
1312.16	0.306455
1313.16	0.306594
1314.16	0.306738
1315.16	0.306886
1316.16	0.307019
1317.16	0.307161
1318.16	0.307293
1319.16	0.307427
1320.16	0.307567
1321.16	0.307711
1322.16	0.307846
1323.16	0.307982
1324.16	0.308122
1325.16	0.308251
1326.16	0.308385
1327.16	0.308525
1328.16	0.308658
1329.16	0.308796
1330.16	0.30894
1331.16	0.309074
1332.16	0.309208
1333.16	0.30934
1334.16	0.309475
1335.16	0.309611
1336.16	0.309763
1337.16	0.309902
1338.16	0.310036
1339.16	0.310169
1340.16	0.3103
1341.16	0.310441
1342.16	0.310576
1343.16	0.310707
1344.16	0.310837
1345.16	0.310979
1346.16	0.311115
1347.16	0.311254
1348.16	0.311386
1349.16	0.311525
1350.16	0.31166
1351.16	0.311797
1352.16	0.311942
1353.16	0.312085
1354.16	0.312218
1355.16	0.312351
1356.16	0.312491
1357.16	0.312636
1358.16	0.312771
1359.16	0.312907
1360.16	0.313039
1361.16	0.313183
1362.16	0.313322
1363.16	0.313464
1364.16	0.313604
1365.16	0.313744
1366.16	0.313888
1367.16	0.314019
1368.16	0.314157
1369.16	0.314286
1370.16	0.314423
1371.16	0.314561
1372.16	0.314689
1373.16	0.314812
1374.16	0.314951
1375.16	0.315087
1376.16	0.315223
1377.16	0.315355
1378.16	0.315487
1379.16	0.315622
1380.16	0.315756
1381.16	0.315883
1382.16	0.316022
1383.16	0.316163
1384.16	0.316292
1385.16	0.316429
1386.16	0.316559
1387.16	0.316695
1388.16	0.316821
1389.16	0.316949
1390.16	0.317085
1391.16	0.31722
1392.16	0.317356
1393.16	0.317489
1394.16	0.317635
1395.16	0.317766
1396.16	0.317897
1397.16	0.318032
1398.16	0.318165
1399.16	0.318297
1400.16	0.318426
1401.16	0.31856
1402.16	0.3187
1403.16	0.318833
1404.16	0.318963
1405.16	0.319089
1406.16	0.319224
1407.16	0.319355
1408.16	0.31949
1409.16	0.319618
1410.17	0.319742
1411.17	0.319874
1412.17	0.320002
1413.17	0.320138
1414.17	0.320268
1415.17	0.3204
1416.17	0.320531
1417.17	0.320663
1418.17	0.320798
1419.17	0.320922
1420.17	0.321057
1421.17	0.321185
1422.17	0.321318
1423.17	0.321449
1424.17	0.321575
1425.17	0.321705
1426.17	0.321835
1427.17	0.321969
1428.17	0.322099
1429.17	0.322229
1430.17	0.322358
1431.17	0.322488
1432.17	0.322622
1433.17	0.322756
1434.17	0.322886
1435.17	0.323005
1436.17	0.323132
1437.17	0.32326
1438.17	0.323385
1439.17	0.323513
1440.17	0.32363
1441.17	0.323761
1442.17	0.323893
1443.17	0.324024
1444.17	0.324146
1445.17	0.324272
1446.17	0.3244
1447.17	0.324535
1448.17	0.324666
1449.17	0.324796
1450.17	0.324916
1451.17	0.325041
1452.17	0.325163
1453.17	0.325283
1454.17	0.32541
1455.17	0.325542
1456.17	0.325667
1457.17	0.325792
1458.17	0.325918
1459.17	0.326038
1460.17	0.326164
1461.17	0.326292
1462.17	0.326422
1463.17	0.32655
1464.17	0.326684
1465.17	0.326805
1466.17	0.326934
1467.17	0.327054
1468.17	0.32718
1469.17	0.327317
1470.17	0.327442
1471.17	0.327572
1472.17	0.3277
1473.17	0.327827
1474.17	0.327947
1475.17	0.328071
1476.17	0.328196
1477.17	0.328322
1478.17	0.32844
1479.17	0.328567
1480.17	0.3287
1481.17	0.328818
1482.17	0.328939
1483.17	0.329059
1484.17	0.329179
1485.17	0.329306
1486.17	0.329431
1487.17	0.329561
1488.17	0.329689
1489.17	0.32981
1490.17	0.329933
1491.17	0.330043
1492.17	0.330167
1493.17	0.33029
1494.17	0.330411
1495.17	0.330537
1496.17	0.33066
1497.17	0.330773
1498.17	0.330894
1499.17	0.331017
1500.17	0.33114
1501.17	0.331263
1502.17	0.331391
1503.17	0.331512
1504.17	0.331635
1505.17	0.33176
1506.17	0.331878
1507.17	0.332007
1508.17	0.332136
1509.17	0.332257
1510.17	0.332384
1511.17	0.332501
1512.17	0.332621
1513.17	0.332746
1514.17	0.332864
1515.17	0.332991
1516.18	0.333124
1517.18	0.333248
1518.18	0.333379
1519.18	0.333496
1520.18	0.333615
1521.18	0.333738
1522.18	0.333862
1523.18	0.333985
1524.18	0.334102
1525.18	0.334225
1526.18	0.334348
1527.18	0.334472
1528.18	0.334599
1529.18	0.33472
1530.18	0.334838
1531.18	0.334956
1532.18	0.335075
1533.18	0.335191
1534.18	0.335315
1535.18	0.335437
1536.18	0.335556
1537.18	0.335672
1538.18	0.33579
1539.18	0.335908
1540.18	0.33603
1541.18	0.336145
1542.18	0.336267
1543.18	0.336395
1544.18	0.336519
1545.18	0.336641
1546.18	0.336755
1547.18	0.336871
1548.18	0.336992
1549.18	0.33711
1550.18	0.33723
1551.18	0.337351
1552.18	0.337469
1553.18	0.337595
1554.18	0.33772
1555.18	0.337835
1556.18	0.337947
1557.18	0.338063
1558.18	0.338183
1559.18	0.338296
1560.18	0.338418
1561.18	0.338533
1562.18	0.338656
1563.18	0.338778
1564.18	0.338899
1565.18	0.339021
1566.18	0.339141
1567.18	0.339259
1568.18	0.339378
1569.18	0.339491
1570.18	0.33961
1571.18	0.339729
1572.18	0.339846
1573.18	0.33997
1574.18	0.340087
1575.18	0.340212
1576.18	0.34034
1577.18	0.340462
1578.18	0.340583
1579.18	0.340695
1580.18	0.34082
1581.18	0.340933
1582.18	0.341052
1583.18	0.341169
1584.18	0.341284
1585.18	0.341406
1586.18	0.341523
1587.18	0.341641
1588.18	0.341759
1589.18	0.341874
1590.18	0.341987
1591.18	0.34211
1592.18	0.342223
1593.18	0.342344
1594.18	0.342466
1595.18	0.342574
1596.18	0.342692
1597.18	0.342803
1598.18	0.342917
1599.18	0.34303
1600.18	0.343153
1601.18	0.343272
1602.18	0.34339
1603.18	0.343509
1604.18	0.343629
1605.18	0.343749
1606.18	0.343868
1607.18	0.343987
1608.18	0.344096
1609.18	0.344214
1610.18	0.344333
1611.18	0.344446
1612.18	0.344558
1613.18	0.344668
1614.18	0.344787
1615.18	0.344904
1616.18	0.345026
1617.18	0.345136
1618.18	0.345258
1619.18	0.34537
1620.18	0.34548
1621.18	0.345596
1622.18	0.345704
1623.18	0.345817
1624.18	0.345924
1625.18	0.346037
1626.18	0.346151
1627.18	0.346269
1628.18	0.346385
1629.18	0.346499
1630.18	0.346605
1631.18	0.346722
1632.18	0.346826
1633.18	0.346942
1634.18	0.347062
1635.18	0.347175
1636.18	0.347295
1637.18	0.347407
1638.18	0.347519
1639.18	0.347632
1640.18	0.347739
1641.18	0.347845
1642.18	0.347955
1643.18	0.348076
1644.19	0.348193
1645.19	0.348308
1646.19	0.34842
1647.19	0.34853
1648.19	0.348647
1649.19	0.348759
1650.19	0.348869
1651.19	0.348987
1652.19	0.349105
1653.19	0.349223
1654.19	0.349336
1655.19	0.349448
1656.19	0.349556
1657.19	0.349665
1658.19	0.349776
1659.19	0.349891
1660.19	0.350003
1661.19	0.35011
1662.19	0.350225
1663.19	0.350334
1664.19	0.350446
1665.19	0.350558
1666.19	0.350671
1667.19	0.350782
1668.19	0.350886
1669.19	0.351002
1670.19	0.351118
1671.19	0.351237
1672.19	0.351343
1673.19	0.351458
1674.19	0.35157
1675.19	0.351679
1676.19	0.351792
1677.19	0.351909
1678.19	0.352024
1679.19	0.352131
1680.19	0.352244
1681.19	0.352356
1682.19	0.35247
1683.19	0.352584
1684.19	0.352694
1685.19	0.352812
1686.19	0.35292
1687.19	0.353028
1688.19	0.353143
1689.19	0.353255
1690.19	0.353364
1691.19	0.353475
1692.19	0.353581
1693.19	0.353695
1694.19	0.353806
1695.19	0.353912
1696.19	0.354014
1697.19	0.354128
1698.19	0.354235
1699.19	0.354347
1700.19	0.354457
1701.19	0.354564
1702.19	0.354664
1703.19	0.354772
1704.19	0.354887
1705.19	0.354996
1706.19	0.355113
1707.19	0.355222
1708.19	0.355334
1709.19	0.355443
1710.19	0.355552
1711.19	0.355665
1712.19	0.355781
1713.19	0.355886
1714.19	0.355986
1715.19	0.356094
1716.19	0.356202
1717.19	0.356313
1718.19	0.356431
1719.19	0.356538
1720.19	0.356638
1721.19	0.356748
1722.19	0.356857
1723.19	0.356971
1724.19	0.357087
1725.19	0.357194
1726.19	0.357304
1727.19	0.357417
1728.19	0.357521
1729.19	0.357629
1730.19	0.357746
1731.19	0.357862
1732.19	0.357974
1733.19	0.358083
1734.19	0.358191
1735.19	0.358292
1736.19	0.358402
1737.19	0.358518
1738.19	0.35863
1739.19	0.358744
1740.19	0.358854
1741.19	0.358961
1742.19	0.359073
1743.19	0.359176
1744.19	0.359283
1745.19	0.359389
1746.19	0.359492
1747.19	0.359605
1748.19	0.35972
1749.19	0.35983
1750.19	0.359945
1751.19	0.360061
1752.19	0.360157
1753.19	0.360258
1754.19	0.360364
1755.19	0.360477
1756.19	0.36059
1757.19	0.360692
1758.19	0.360798
1759.19	0.360905
1760.19	0.36102
1761.19	0.361124
1762.19	0.361236
1763.19	0.361337
1764.19	0.361447
1765.19	0.361553
1766.19	0.361661
1767.19	0.361772
1768.19	0.361878
1769.19	0.361987
1770.19	0.362095
1771.19	0.362208
1772.19	0.36231
1773.19	0.362424
1774.19	0.362528
1775.19	0.362639
1776.19	0.362743
1777.19	0.362855
1778.19	0.362963
1779.19	0.363069
1780.19	0.363173
1781.19	0.363284
1782.19	0.363393
1783.19	0.363503
1784.19	0.363616
1785.19	0.363726
1786.19	0.363834
1787.19	0.363936
1788.19	0.364047
1789.2	0.36415
1790.2	0.364265
1791.2	0.364363
1792.2	0.36447
1793.2	0.364575
1794.2	0.364684
1795.2	0.36479
1796.2	0.3649
1797.2	0.365011
1798.2	0.365106
1799.2	0.365211
1800.2	0.365321
1801.2	0.36543
1802.2	0.365536
1803.2	0.365642
1804.2	0.365757
1805.2	0.365865
1806.2	0.365969
1807.2	0.366081
1808.2	0.366181
1809.2	0.366291
1810.2	0.366395
1811.2	0.366497
1812.2	0.366608
1813.2	0.366716
1814.2	0.366825
1815.2	0.366932
1816.2	0.367029
1817.2	0.367143
1818.2	0.36725
1819.2	0.36735
1820.2	0.367451
1821.2	0.367555
1822.2	0.36766
1823.2	0.367766
1824.2	0.367867
1825.2	0.367973
1826.2	0.368084
1827.2	0.368194
1828.2	0.368301
1829.2	0.368411
1830.2	0.368522
1831.2	0.368628
1832.2	0.368738
1833.2	0.368844
1834.2	0.368945
1835.2	0.36905
1836.2	0.369153
1837.2	0.369264
1838.2	0.369365
1839.2	0.369474
1840.2	0.369579
1841.2	0.369686
1842.2	0.369793
1843.2	0.369897
1844.2	0.369991
1845.2	0.370091
1846.2	0.370197
1847.2	0.370305
1848.2	0.370416
1849.2	0.370521
1850.2	0.370622
1851.2	0.370721
1852.2	0.370822
1853.2	0.370918
1854.2	0.371021
1855.2	0.371126
1856.2	0.371227
1857.2	0.371332
1858.2	0.371446
1859.2	0.371546
1860.2	0.371651
1861.2	0.371752
1862.2	0.371849
1863.2	0.371948
1864.2	0.372053
1865.2	0.372157
1866.2	0.372259
1867.2	0.372358
1868.2	0.372463
1869.2	0.372565
1870.2	0.372665
1871.2	0.372761
1872.2	0.372863
1873.2	0.37297
1874.2	0.373066
1875.2	0.373169
1876.2	0.373263
1877.2	0.373362
1878.2	0.373469
1879.2	0.373567
1880.2	0.373676
1881.2	0.373783
1882.2	0.373886
1883.2	0.373984
1884.2	0.374085
1885.2	0.37419
1886.2	0.374295
1887.2	0.374402
1888.2	0.374511
1889.2	0.374612
1890.2	0.374714
1891.2	0.374817
1892.2	0.374921
1893.2	0.375025
1894.2	0.375128
1895.2	0.375233
1896.2	0.375339
1897.2	0.375439
1898.2	0.375538
1899.2	0.375632
1900.2	0.375736
1901.21	0.375844
1902.21	0.375944
1903.21	0.37605
1904.21	0.37615
1905.21	0.376251
1906.21	0.376359
1907.21	0.376452
1908.21	0.376557
1909.21	0.376657
1910.21	0.376758
1911.21	0.37686
1912.21	0.376965
1913.21	0.377069
1914.21	0.37717
1915.21	0.377273
1916.21	0.377369
1917.21	0.377466
1918.21	0.377565
1919.21	0.377668
1920.21	0.377774
1921.21	0.37787
1922.21	0.377974
1923.21	0.37808
1924.21	0.378175
1925.21	0.378281
1926.21	0.378377
1927.21	0.378478
1928.21	0.378579
1929.21	0.378686
1930.21	0.378785
1931.21	0.378888
1932.21	0.378989
1933.21	0.379096
1934.21	0.379194
1935.21	0.379297
1936.21	0.379397
1937.21	0.379503
1938.21	0.379602
1939.21	0.3797
1940.21	0.379805
1941.21	0.379903
1942.21	0.380005
1943.21	0.380104
1944.21	0.38021
1945.21	0.380312
1946.21	0.380419
1947.21	0.380516
1948.21	0.380609
1949.21	0.380707
1950.21	0.380803
1951.21	0.380904
1952.21	0.380996
1953.21	0.381093
1954.21	0.381196
1955.21	0.381289
1956.21	0.381389
1957.21	0.381491
1958.21	0.381593
1959.21	0.381687
1960.21	0.381786
1961.21	0.381881
1962.21	0.381985
1963.21	0.38209
1964.21	0.382192
1965.21	0.382294
1966.21	0.382394
1967.21	0.382493
1968.21	0.382599
1969.21	0.382692
1970.21	0.382791
1971.21	0.38289
1972.21	0.382989
1973.21	0.383089
1974.21	0.383183
1975.21	0.383281
1976.21	0.383377
1977.21	0.383472
1978.21	0.383565
1979.21	0.383667
1980.21	0.38376
1981.21	0.383853
1982.21	0.383951
1983.21	0.384049
1984.21	0.384149
1985.21	0.384251
1986.21	0.384352
1987.21	0.384458
1988.21	0.384555
1989.21	0.384654
1990.21	0.384755
1991.21	0.384848
1992.21	0.384945
1993.21	0.385044
1994.21	0.385132
1995.21	0.385226
1996.21	0.385318
1997.21	0.385416
1998.21	0.385512
1999.21	0.385612
2000.21	0.38571
2001.21	0.385805
2002.21	0.385903
2003.21	0.385993
2004.21	0.386091
2005.21	0.386188
2006.21	0.386283
2007.21	0.38638
2008.21	0.386482
2009.21	0.386574
2010.21	0.386682
2011.21	0.386779
2012.21	0.386875
2013.21	0.386975
2014.21	0.387071
2015.21	0.387168
2016.21	0.387261
2017.21	0.38736
2018.21	0.387456
2019.21	0.387556
2020.21	0.387653
2021.21	0.38775
2022.21	0.387842
2023.21	0.387936
2024.21	0.388038
2025.21	0.388134
2026.21	0.388232
2027.21	0.388326
2028.21	0.388424
2029.21	0.38852
2030.21	0.38861
2031.21	0.388703
2032.21	0.388799
2033.21	0.388893
2034.21	0.38899
2035.21	0.389089
2036.21	0.389188
2037.21	0.389279
2038.22	0.389378
2039.22	0.389481
2040.22	0.389576
2041.22	0.389666
2042.22	0.389761
2043.22	0.389854
2044.22	0.389956
2045.22	0.390051
2046.22	0.390156
2047.22	0.390247
2048.22	0.390335
2049.22	0.390435
2050.22	0.390523
2051.22	0.39062
2052.22	0.390716
2053.22	0.390805
2054.22	0.390904
2055.22	0.390988
2056.22	0.391091
2057.22	0.391187
2058.22	0.391281
2059.22	0.39138
2060.22	0.391472
2061.22	0.391569
2062.22	0.391665
2063.22	0.391764
2064.22	0.391861
2065.22	0.391947
2066.22	0.39204
2067.22	0.39213
2068.22	0.392216
2069.22	0.392307
2070.22	0.392394
2071.22	0.392491
2072.22	0.39258
2073.22	0.392674
2074.22	0.392763
2075.22	0.392856
2076.22	0.392947
2077.22	0.393037
2078.22	0.39313
2079.22	0.393227
2080.22	0.393319
2081.22	0.393416
2082.22	0.393509
2083.22	0.3936
2084.22	0.393687
2085.22	0.393779
2086.22	0.393869
2087.22	0.393971
2088.22	0.394069
2089.22	0.394164
2090.22	0.394255
2091.22	0.39435
2092.22	0.394438
2093.22	0.394531
2094.22	0.394634
2095.22	0.394732
2096.22	0.394827
2097.22	0.394924
2098.22	0.395017
2099.22	0.395108
2100.22	0.395199
2101.22	0.395296
2102.22	0.395393
2103.22	0.395486
2104.22	0.395581
2105.22	0.395679
2106.22	0.395778
2107.22	0.395867
2108.22	0.395962
2109.22	0.396053
2110.22	0.396145
2111.22	0.396239
2112.22	0.396324
2113.22	0.396419
2114.22	0.396506
2115.22	0.3966
2116.22	0.39669
2117.22	0.396781
2118.22	0.396875
2119.22	0.396976
2120.22	0.397069
2121.22	0.397165
2122.22	0.39725
2123.22	0.397339
2124.22	0.397431
2125.22	0.397524
2126.22	0.397616
2127.22	0.397708
2128.22	0.397796
2129.22	0.397884
2130.22	0.397979
2131.22	0.398069
2132.22	0.398161
2133.22	0.398255
2134.22	0.398346
2135.22	0.398437
2136.22	0.39854
2137.22	0.398628
2138.22	0.398721
2139.22	0.398821
2140.22	0.398909
2141.22	0.399003
2142.22	0.399095
2143.22	0.399189
2144.22	0.399275
2145.22	0.399364
2146.22	0.399455
2147.22	0.399547
2148.22	0.399636
2149.22	0.399728
2150.22	0.399816
2151.22	0.399909
2152.22	0.400004
2153.22	0.400094
2154.22	0.400191
2155.22	0.400279
2156.22	0.400372
2157.22	0.400454
2158.23	0.400552
2159.23	0.400643
2160.23	0.400739
2161.23	0.400826
2162.23	0.400913
2163.23	0.400997
2164.23	0.40108
2165.23	0.401169
2166.23	0.401252
2167.23	0.401345
2168.23	0.401436
2169.23	0.401528
2170.23	0.40162
2171.23	0.401712
2172.23	0.40181
2173.23	0.401902
2174.23	0.401995
2175.23	0.402084
2176.23	0.402176
2177.23	0.402262
2178.23	0.402357
2179.23	0.402446
2180.23	0.402535
2181.23	0.402627
2182.23	0.402716
2183.23	0.402807
2184.23	0.402898
2185.23	0.402991
2186.23	0.403084
2187.23	0.403169
2188.23	0.403261
2189.23	0.403354
2190.23	0.403443
2191.23	0.403535
2192.23	0.403622
2193.23	0.403707
2194.23	0.4038
2195.23	0.403888
2196.23	0.403981
2197.23	0.404058
2198.23	0.404144
2199.23	0.404236
2200.23	0.404334
2201.23	0.40442
2202.23	0.40451
2203.23	0.404605
2204.23	0.404695
2205.23	0.404785
2206.23	0.404876
2207.23	0.404968
2208.23	0.405053
2209.23	0.405142
2210.23	0.405233
2211.23	0.405327
2212.23	0.405413
2213.23	0.405496
2214.23	0.40559
2215.23	0.405681
2216.23	0.405772
2217.23	0.405861
2218.23	0.405949
2219.23	0.406036
2220.23	0.406127
2221.23	0.406211
2222.23	0.406297
2223.23	0.406385
2224.23	0.40647
2225.23	0.406561
2226.23	0.406653
2227.23	0.406745
2228.23	0.406834
2229.23	0.406917
2230.23	0.407014
2231.23	0.407105
2232.23	0.407198
2233.23	0.407288
2234.23	0.407379
2235.23	0.407464
2236.23	0.407555
2237.23	0.407646
2238.23	0.407735
2239.23	0.407817
2240.23	0.407906
2241.23	0.407998
2242.23	0.408088
2243.23	0.408176
2244.23	0.408268
2245.23	0.408354
2246.23	0.408437
2247.23	0.408529
2248.23	0.408615
2249.23	0.408703
2250.23	0.408792
2251.23	0.408885
2252.23	0.408971
2253.23	0.409064
2254.23	0.409154
2255.23	0.409248
2256.23	0.409339
2257.23	0.409422
2258.23	0.409504
2259.23	0.409595
2260.23	0.409691
2261.23	0.409778
2262.24	0.409869
2263.24	0.40996
2264.24	0.410048
2265.24	0.410134
2266.24	0.410222
2267.24	0.410312
2268.24	0.410397
2269.24	0.410491
2270.24	0.410583
2271.24	0.410669
2272.24	0.410755
2273.24	0.410841
2274.24	0.410921
2275.24	0.41101
2276.24	0.411106
2277.24	0.411192
2278.24	0.411281
2279.24	0.41137
2280.24	0.411461
2281.24	0.411546
2282.24	0.41163
2283.24	0.411718
2284.24	0.411804
2285.24	0.411889
2286.24	0.411978
2287.24	0.412071
2288.24	0.412161
2289.24	0.412248
2290.24	0.412334
2291.24	0.412419
2292.24	0.412503
2293.24	0.412587
2294.24	0.412675
2295.24	0.412762
2296.24	0.41285
2297.24	0.412941
2298.24	0.413028
2299.24	0.413111
2300.24	0.413199
2301.24	0.413284
2302.24	0.413371
2303.24	0.413458
2304.24	0.413547
2305.24	0.413638
2306.24	0.413723
2307.24	0.41381
2308.24	0.413895
2309.24	0.413978
2310.24	0.414068
2311.24	0.414149
2312.24	0.414236
2313.24	0.41432
2314.24	0.41441
2315.24	0.414499
2316.24	0.414594
2317.24	0.414689
2318.24	0.41478
2319.24	0.414862
2320.24	0.414941
2321.24	0.415031
2322.24	0.415119
2323.24	0.415208
2324.24	0.415297
2325.24	0.415387
2326.24	0.415473
2327.24	0.41556
2328.24	0.415641
2329.24	0.415727
2330.24	0.415811
2331.24	0.415895
2332.24	0.415979
2333.24	0.416063
2334.24	0.416154
2335.24	0.416236
2336.24	0.416321
2337.24	0.416407
2338.24	0.416501
2339.24	0.416589
2340.24	0.41668
2341.24	0.416766
2342.24	0.416851
2343.24	0.416935
2344.24	0.417015
2345.24	0.417101
2346.24	0.417187
2347.24	0.417273
2348.24	0.417359
2349.24	0.41745
2350.24	0.417535
2351.24	0.417624
2352.24	0.417709
2353.24	0.417796
2354.24	0.417882
2355.24	0.417964
2356.24	0.418053
2357.24	0.418134
2358.24	0.418214
2359.24	0.418293
2360.24	0.418377
2361.24	0.418468
2362.24	0.418555
2363.24	0.418639
2364.24	0.418723
2365.24	0.418808
2366.24	0.418891
2367.24	0.418975
2368.24	0.419061
2369.24	0.419144
2370.24	0.419233
2371.24	0.419319
2372.24	0.4194
2373.24	0.419482
2374.24	0.419564
2375.24	0.419652
2376.24	0.419737
2377.24	0.419815
2378.24	0.419899
2379.24	0.419974
2380.24	0.420054
2381.24	0.420144
2382.24	0.420224
2383.24	0.420318
2384.24	0.420406
2385.24	0.420493
2386.24	0.420578
2387.24	0.42066
2388.24	0.420738
2389.24	0.420818
2390.24	0.420899
2391.24	0.420979
2392.24	0.42106
2393.24	0.421145
2394.25	0.421223
2395.25	0.421308
2396.25	0.421391
2397.25	0.421474
2398.25	0.421558
2399.25	0.421642
2400.25	0.42173
2401.25	0.421823
2402.25	0.421913
2403.25	0.421993
2404.25	0.422081
2405.25	0.422164
2406.25	0.422249
2407.25	0.42233
2408.25	0.422409
2409.25	0.42249
2410.25	0.42257
2411.25	0.422648
2412.25	0.422729
2413.25	0.422812
2414.25	0.422905
2415.25	0.422988
2416.25	0.423075
2417.25	0.423152
2418.25	0.423235
2419.25	0.423319
2420.25	0.423398
2421.25	0.423481
2422.25	0.423562
2423.25	0.423643
2424.25	0.423726
2425.25	0.423808
2426.25	0.423891
2427.25	0.423974
2428.25	0.424057
2429.25	0.42414
2430.25	0.42423
2431.25	0.424309
2432.25	0.424393
2433.25	0.424474
2434.25	0.424549
2435.25	0.424635
2436.25	0.424719
2437.25	0.4248
2438.25	0.424885
2439.25	0.424965
2440.25	0.425045
2441.25	0.425127
2442.25	0.425213
2443.25	0.425298
2444.25	0.425384
2445.25	0.425467
2446.25	0.425547
2447.25	0.42563
2448.25	0.425718
2449.25	0.425799
2450.25	0.425885
2451.25	0.425963
2452.25	0.42604
2453.25	0.426121
2454.25	0.426206
2455.25	0.426283
2456.25	0.426366
2457.25	0.426445
2458.25	0.426525
2459.25	0.426613
2460.25	0.426696
2461.25	0.426777
2462.25	0.426864
2463.25	0.426944
2464.25	0.427029
2465.25	0.427114
2466.25	0.427202
2467.25	0.427287
2468.25	0.427364
2469.25	0.427448
2470.25	0.42753
2471.25	0.427611
2472.25	0.427694
2473.25	0.427778
2474.25	0.427857
2475.25	0.427942
2476.25	0.428023
2477.25	0.4281
2478.25	0.428182
2479.25	0.428267
2480.25	0.428349
2481.25	0.428435
2482.25	0.428515
2483.25	0.428602
2484.25	0.42868
2485.25	0.428765
2486.25	0.428848
2487.25	0.428928
2488.25	0.429015
2489.25	0.429098
2490.25	0.429182
2491.25	0.429266
2492.25	0.429346
2493.25	0.429421
2494.25	0.429501
2495.25	0.429592
2496.25	0.429673
2497.26	0.429754
2498.26	0.429836
2499.26	0.42992
2500.26	0.429998
2501.26	0.43008
2502.26	0.43016
2503.26	0.430238
2504.26	0.430321
2505.26	0.430404
2506.26	0.430487
2507.26	0.430566
2508.26	0.430645
2509.26	0.430727
2510.26	0.430804
2511.26	0.430886
2512.26	0.430965
2513.26	0.431042
2514.26	0.431125
2515.26	0.431203
2516.26	0.431285
2517.26	0.431368
2518.26	0.43145
2519.26	0.43153
2520.26	0.431606
2521.26	0.43169
2522.26	0.431769
2523.26	0.431849
2524.26	0.431928
2525.26	0.432007
2526.26	0.43209
2527.26	0.432174
2528.26	0.432257
2529.26	0.432339
2530.26	0.432417
2531.26	0.432506
2532.26	0.432582
2533.26	0.432666
2534.26	0.432742
2535.26	0.432823
2536.26	0.432897
2537.26	0.432973
2538.26	0.433056
2539.26	0.433134
2540.26	0.433217
2541.26	0.433298
2542.26	0.433381
2543.26	0.433459
2544.26	0.433545
2545.26	0.43362
2546.26	0.433703
2547.26	0.433784
2548.26	0.433865
2549.26	0.433942
2550.26	0.43402
2551.26	0.434097
2552.26	0.434183
2553.26	0.434265
2554.26	0.434344
2555.26	0.434421
2556.26	0.434501
2557.26	0.434583
2558.26	0.434664
2559.26	0.434739
2560.26	0.43482
2561.26	0.434892
2562.26	0.434976
2563.26	0.435055
2564.26	0.435137
2565.26	0.435211
2566.26	0.435288
2567.26	0.435365
2568.26	0.43544
2569.26	0.435513
2570.26	0.43559
2571.26	0.435674
2572.26	0.435754
2573.26	0.435839
2574.26	0.435917
2575.26	0.435996
2576.26	0.436073
2577.26	0.436151
2578.26	0.436229
2579.26	0.436305
2580.26	0.436382
2581.26	0.436467
2582.26	0.436555
2583.26	0.436635
2584.26	0.436714
2585.26	0.436798
2586.26	0.436878
2587.26	0.436955
2588.26	0.437039
2589.26	0.437112
2590.26	0.437188
2591.26	0.437269
2592.26	0.437346
2593.26	0.437424
2594.26	0.437504
2595.26	0.437577
2596.26	0.437651
2597.26	0.437726
2598.26	0.437801
2599.26	0.43788
2600.26	0.437961
2601.26	0.438039
2602.26	0.438118
2603.26	0.438199
2604.26	0.438284
2605.26	0.43837
2606.26	0.438445
2607.26	0.438522
2608.26	0.438606
2609.26	0.438691
2610.26	0.438766
2611.26	0.438839
2612.27	0.438916
2613.27	0.438999
2614.27	0.439077
2615.27	0.439157
2616.27	0.439231
2617.27	0.43931
2618.27	0.439391
2619.27	0.439467
2620.27	0.439546
2621.27	0.439623
2622.27	0.439701
2623.27	0.439782
2624.27	0.439861
2625.27	0.439945
2626.27	0.440023
2627.27	0.440099
2628.27	0.440176
2629.27	0.440251
2630.27	0.440325
2631.27	0.4404
2632.27	0.440476
2633.27	0.440554
2634.27	0.440624
2635.27	0.440702
2636.27	0.44078
2637.27	0.440855
2638.27	0.44093
2639.27	0.441006
2640.27	0.441084
2641.27	0.441162
2642.27	0.441241
2643.27	0.44132
2644.27	0.441404
2645.27	0.441482
2646.27	0.441558
2647.27	0.441637
2648.27	0.441714
2649.27	0.441792
2650.27	0.441871
2651.27	0.441946
2652.27	0.442024
2653.27	0.442109
2654.27	0.442183
2655.27	0.442256
2656.27	0.442338
2657.27	0.442413
2658.27	0.442484
2659.27	0.442561
2660.27	0.442641
2661.27	0.442716
2662.27	0.442789
2663.27	0.442864
2664.27	0.442938
2665.27	0.443014
2666.27	0.443094
2667.27	0.443168
2668.27	0.443242
2669.27	0.443316
2670.27	0.443392
2671.27	0.443468
2672.27	0.443545
2673.27	0.44362
2674.27	0.443692
2675.27	0.443769
2676.27	0.443848
2677.27	0.443929
2678.27	0.443995
2679.27	0.444073
2680.27	0.444147
2681.27	0.444222
2682.27	0.444293
2683.27	0.444381
2684.27	0.444455
2685.27	0.444527
2686.27	0.444605
2687.27	0.444679
2688.27	0.44476
2689.27	0.444836
2690.27	0.444904
2691.27	0.44498
2692.27	0.445055
2693.27	0.445128
2694.27	0.445203
2695.27	0.445284
2696.27	0.445359
2697.27	0.445431
2698.27	0.445502
2699.27	0.44558
2700.27	0.445661
2701.27	0.445734
2702.27	0.445806
2703.27	0.445883
2704.27	0.445955
2705.27	0.446028
2706.27	0.446102
2707.27	0.446175
2708.27	0.446246
2709.27	0.446326
2710.27	0.446398
2711.27	0.446477
2712.27	0.446551
2713.27	0.446628
2714.27	0.446699
2715.27	0.446776
2716.27	0.446849
2717.27	0.446927
2718.27	0.447003
2719.27	0.447076
2720.27	0.447152
2721.27	0.447227
2722.27	0.447304
2723.27	0.447373
2724.27	0.447445
2725.27	0.447523
2726.27	0.44759
2727.27	0.447664
2728.28	0.447738
2729.28	0.44781
2730.28	0.447889
2731.28	0.44796
2732.28	0.448034
2733.28	0.448108
2734.28	0.448187
2735.28	0.448257
2736.28	0.448337
2737.28	0.448413
2738.28	0.448494
2739.28	0.44857
2740.28	0.448642
2741.28	0.448721
2742.28	0.448794
2743.28	0.448868
2744.28	0.44894
2745.28	0.449016
2746.28	0.449091
2747.28	0.449161
2748.28	0.449235
2749.28	0.449312
2750.28	0.449387
2751.28	0.44946
2752.28	0.449539
2753.28	0.449616
2754.28	0.44969
2755.28	0.44977
2756.28	0.449848
2757.28	0.449923
2758.28	0.450001
2759.28	0.450078
2760.28	0.450158
2761.28	0.450236
2762.28	0.450309
2763.28	0.450386
2764.28	0.45046
2765.28	0.450536
2766.28	0.450608
2767.28	0.450686
2768.28	0.45076
2769.28	0.450827
2770.28	0.450897
2771.28	0.450969
2772.28	0.451045
2773.28	0.451119
2774.28	0.451194
2775.28	0.451266
2776.28	0.451341
2777.28	0.451417
2778.28	0.451495
2779.28	0.451568
2780.28	0.451644
2781.28	0.451717
2782.28	0.45179
2783.28	0.451862
2784.28	0.451938
2785.28	0.452013
2786.28	0.452092
2787.28	0.452161
2788.28	0.452231
2789.28	0.452305
2790.28	0.452374
2791.28	0.452444
2792.28	0.452515
2793.28	0.452591
2794.28	0.452664
2795.28	0.452744
2796.28	0.452816
2797.28	0.452897
2798.28	0.452971
2799.28	0.453046
2800.28	0.453123
2801.28	0.453197
2802.28	0.453272
2803.28	0.453345
2804.28	0.453422
2805.28	0.453497
2806.28	0.453568
2807.28	0.453636
2808.28	0.453707
2809.28	0.453776
2810.28	0.453847
2811.28	0.453917
2812.28	0.453987
2813.28	0.45406
2814.28	0.454134
2815.28	0.454208
2816.28	0.454282
2817.28	0.454357
2818.28	0.45443
2819.28	0.454504
2820.28	0.454584
2821.28	0.454657
2822.28	0.45473
2823.28	0.454804
2824.28	0.454877
2825.28	0.454947
2826.28	0.455019
2827.28	0.455092
2828.28	0.455165
2829.28	0.455235
2830.28	0.455308
2831.28	0.455382
2832.28	0.455452
2833.28	0.455528
2834.28	0.455601
2835.28	0.455676
2836.28	0.455753
2837.28	0.455823
2838.28	0.455893
2839.28	0.455967
2840.28	0.456041
2841.28	0.456114
2842.28	0.456184
2843.29	0.456253
2844.29	0.456331
2845.29	0.456411
2846.29	0.456486
2847.29	0.45656
2848.29	0.456633
2849.29	0.456703
2850.29	0.456778
2851.29	0.456848
2852.29	0.45692
2853.29	0.456996
2854.29	0.457069
2855.29	0.457138
2856.29	0.457212
2857.29	0.457285
2858.29	0.457357
2859.29	0.457429
2860.29	0.457498
2861.29	0.457569
2862.29	0.457644
2863.29	0.457719
2864.29	0.457789
2865.29	0.457866
2866.29	0.457932
2867.29	0.458009
2868.29	0.45808
2869.29	0.458152
2870.29	0.458228
2871.29	0.458292
2872.29	0.458364
2873.29	0.458437
2874.29	0.458509
2875.29	0.458581
2876.29	0.458661
2877.29	0.458728
2878.29	0.458806
2879.29	0.458878
2880.29	0.458948
2881.29	0.45902
2882.29	0.459083
2883.29	0.459152
2884.29	0.45922
2885.29	0.45929
2886.29	0.459361
2887.29	0.459433
2888.29	0.459504
2889.29	0.459576
2890.29	0.459647
2891.29	0.459718
2892.29	0.459784
2893.29	0.459853
2894.29	0.459922
2895.29	0.459993
2896.29	0.460062
2897.29	0.460136
2898.29	0.460208
2899.29	0.46028
2900.29	0.460351
2901.29	0.460421
2902.29	0.460485
2903.29	0.460557
2904.29	0.460627
2905.29	0.460696
2906.29	0.460764
2907.29	0.460829
2908.29	0.460901
2909.29	0.460972
2910.29	0.461043
2911.29	0.461112
2912.29	0.461181
2913.29	0.461247
2914.29	0.461315
2915.29	0.461382
2916.29	0.46145
2917.29	0.461523
2918.29	0.461596
2919.29	0.461666
2920.29	0.461736
2921.29	0.461807
2922.29	0.461881
2923.29	0.461952
2924.29	0.462021
2925.29	0.462091
2926.29	0.462154
2927.29	0.462228
2928.29	0.462295
2929.29	0.46237
2930.29	0.46244
2931.29	0.462509
2932.29	0.462581
2933.29	0.462652
2934.29	0.462717
2935.29	0.46279
2936.29	0.462858
2937.29	0.462923
2938.29	0.462994
2939.29	0.463064
2940.29	0.463126
2941.29	0.463197
2942.29	0.463262
2943.29	0.46333
2944.29	0.463402
2945.29	0.463478
2946.29	0.463553
2947.29	0.463626
2948.3	0.463701
2949.3	0.46377
2950.3	0.463841
2951.3	0.463913
2952.3	0.463981
2953.3	0.464051
2954.3	0.464127
2955.3	0.464192
2956.3	0.464263
2957.3	0.464328
2958.3	0.464399
2959.3	0.464467
2960.3	0.464537
2961.3	0.464601
2962.3	0.464678
2963.3	0.464748
2964.3	0.46482
2965.3	0.464887
2966.3	0.464957
2967.3	0.465035
2968.3	0.465108
2969.3	0.465176
2970.3	0.465247
2971.3	0.465316
2972.3	0.465384
2973.3	0.465452
2974.3	0.465525
2975.3	0.465589
2976.3	0.465657
2977.3	0.465729
2978.3	0.465803
2979.3	0.465878
2980.3	0.465948
2981.3	0.466016
2982.3	0.466087
2983.3	0.466157
2984.3	0.466228
2985.3	0.466296
2986.3	0.466363
2987.3	0.466429
2988.3	0.466499
2989.3	0.466574
2990.3	0.466644
2991.3	0.46671
2992.3	0.46678
2993.3	0.466847
2994.3	0.466917
2995.3	0.466985
2996.3	0.467055
2997.3	0.46713
2998.3	0.467199
2999.3	0.467268
3000.3	0.467338
3001.3	0.467404
3002.3	0.46748
3003.3	0.467552
3004.3	0.467619
3005.3	0.467685
3006.3	0.467756
3007.3	0.467825
3008.3	0.467896
3009.3	0.467961
3010.3	0.468034
3011.3	0.468103
3012.3	0.46817
3013.3	0.468234
3014.3	0.468309
3015.3	0.468378
3016.3	0.468446
3017.3	0.468516
3018.3	0.468589
3019.3	0.468662
3020.3	0.468734
3021.3	0.468801
3022.3	0.468872
3023.3	0.468938
3024.3	0.469009
3025.3	0.469082
3026.3	0.469155
3027.3	0.469222
3028.3	0.469289
3029.3	0.469359
3030.3	0.469423
3031.3	0.46949
3032.3	0.469559
3033.3	0.469629
3034.3	0.469702
3035.3	0.469778
3036.3	0.469845
3037.3	0.469908
3038.3	0.469979
3039.3	0.470047
3040.3	0.470117
3041.3	0.47019
3042.3	0.470261
3043.3	0.470331
3044.3	0.470406
3045.3	0.470477
3046.3	0.470546
3047.3	0.47061
3048.3	0.470674
3049.3	0.470739
3050.3	0.470804
3051.3	0.47087
3052.3	0.470942
3053.3	0.471007
3054.3	0.471078
3055.3	0.471147
3056.3	0.471214
3057.3	0.471286
3058.3	0.47135
3059.3	0.471417
3060.3	0.471481
3061.3	0.471543
3062.3	0.471617
3063.3	0.471688
3064.31	0.471753
3065.31	0.471817
3066.31	0.471882
3067.31	0.471946
3068.31	0.472012
3069.31	0.472083
3070.31	0.472155
3071.31	0.472219
3072.31	0.472284
3073.31	0.472351
3074.31	0.472418
3075.31	0.472486
3076.31	0.472553
3077.31	0.472623
3078.31	0.472688
3079.31	0.472759
3080.31	0.472823
3081.31	0.47289
3082.31	0.472953
3083.31	0.473022
3084.31	0.473087
3085.31	0.473156
3086.31	0.473226
3087.31	0.473294
3088.31	0.473365
3089.31	0.473436
3090.31	0.473504
3091.31	0.473571
3092.31	0.473644
3093.31	0.473709
3094.31	0.473779
3095.31	0.473843
3096.31	0.473914
3097.31	0.47398
3098.31	0.474054
3099.31	0.474124
3100.31	0.47419
3101.31	0.47426
3102.31	0.474327
3103.31	0.474397
3104.31	0.474466
3105.31	0.474531
3106.31	0.474605
3107.31	0.474673
3108.31	0.474734
3109.31	0.474802
3110.31	0.474867
3111.31	0.474933
3112.31	0.475
3113.31	0.475062
3114.31	0.475131
3115.31	0.475199
3116.31	0.475267
3117.31	0.475331
3118.31	0.475394
3119.31	0.475464
3120.31	0.475532
3121.31	0.475599
3122.31	0.475663
3123.31	0.475729
3124.31	0.47579
3125.31	0.475854
3126.31	0.475917
3127.31	0.475984
3128.31	0.476048
3129.31	0.476112
3130.31	0.47618
3131.31	0.47624
3132.31	0.476307
3133.31	0.476377
3134.31	0.476443
3135.31	0.476506
3136.31	0.476574
3137.31	0.476642
3138.31	0.476704
3139.31	0.476764
3140.31	0.476836
3141.31	0.476902
3142.31	0.476963
3143.31	0.477034
3144.31	0.477106
3145.31	0.477168
3146.31	0.477237
3147.31	0.477298
3148.31	0.477362
3149.31	0.477427
3150.31	0.477493
3151.31	0.477564
3152.31	0.477632
3153.31	0.4777
3154.31	0.477765
3155.31	0.477838
3156.31	0.477903
3157.31	0.477969
3158.31	0.478036
3159.31	0.478099
3160.31	0.478164
3161.31	0.478228
3162.31	0.478301
3163.31	0.478365
3164.31	0.478427
3165.31	0.478495
3166.31	0.478558
3167.31	0.478626
3168.31	0.478693
3169.31	0.478751
3170.31	0.478813
3171.31	0.478885
3172.31	0.478958
3173.31	0.479027
3174.31	0.479097
3175.31	0.479163
3176.31	0.479228
3177.31	0.479294
3178.31	0.47936
3179.31	0.47942
3180.31	0.479486
3181.31	0.479553
3182.31	0.479619
3183.31	0.479684
3184.31	0.479744
3185.32	0.47982
3186.32	0.479891
3187.32	0.479957
3188.32	0.480019
3189.32	0.480086
3190.32	0.480153
3191.32	0.480217
3192.32	0.480287
3193.32	0.480352
3194.32	0.480418
3195.32	0.480478
3196.32	0.480542
3197.32	0.480601
3198.32	0.48066
3199.32	0.480727
3200.32	0.480794
3201.32	0.48086
3202.32	0.480929
3203.32	0.480993
3204.32	0.481061
3205.32	0.481126
3206.32	0.481189
3207.32	0.481258
3208.32	0.481318
3209.32	0.481384
3210.32	0.481451
3211.32	0.481513
3212.32	0.481576
3213.32	0.481646
3214.32	0.481712
3215.32	0.481778
3216.32	0.481833
3217.32	0.481902
3218.32	0.481967
3219.32	0.48203
3220.32	0.482097
3221.32	0.482161
3222.32	0.482223
3223.32	0.482285
3224.32	0.482344
3225.32	0.482407
3226.32	0.482474
3227.32	0.482544
3228.32	0.482614
3229.32	0.482675
3230.32	0.482739
3231.32	0.4828
3232.32	0.482866
3233.32	0.482929
3234.32	0.482996
3235.32	0.483064
3236.32	0.483129
3237.32	0.483193
3238.32	0.483261
3239.32	0.483326
3240.32	0.483388
3241.32	0.483447
3242.32	0.483513
3243.32	0.483578
3244.32	0.483644
3245.32	0.483706
3246.32	0.483776
3247.32	0.483833
3248.32	0.483898
3249.32	0.483967
3250.32	0.484029
3251.32	0.48409
3252.32	0.484154
3253.32	0.484223
3254.32	0.484289
3255.32	0.484353
3256.32	0.484416
3257.32	0.48448
3258.32	0.484549
3259.32	0.484614
3260.32	0.484678
3261.32	0.484743
3262.32	0.484804
3263.32	0.484866
3264.32	0.484927
3265.32	0.484989
3266.32	0.485055
3267.32	0.485124
3268.32	0.485183
3269.32	0.485247
3270.32	0.485314
3271.32	0.485377
3272.32	0.485443
3273.32	0.48551
3274.32	0.485571
3275.32	0.485636
3276.32	0.485705
3277.32	0.485771
3278.32	0.485837
3279.32	0.485902
3280.32	0.485967
3281.32	0.486031
3282.32	0.486095
3283.32	0.486157
3284.32	0.486221
3285.32	0.486288
3286.32	0.486359
3287.32	0.486428
3288.32	0.486494
3289.32	0.486557
3290.32	0.486621
3291.32	0.486682
3292.32	0.486742
3293.32	0.486806
3294.32	0.48687
3295.32	0.48693
3296.32	0.486994
3297.32	0.487053
3298.32	0.487114
3299.32	0.487173
3300.32	0.487238
3301.32	0.487297
3302.32	0.487356
3303.32	0.48742
3304.32	0.487488
3305.32	0.487549
3306.32	0.48761
3307.32	0.487675
3308.32	0.487742
3309.32	0.487805
3310.33	0.487867
3311.33	0.487927
3312.33	0.487995
3313.33	0.48806
3314.33	0.488123
3315.33	0.488191
3316.33	0.48825
3317.33	0.488309
3318.33	0.488365
3319.33	0.488429
3320.33	0.488491
3321.33	0.488554
3322.33	0.488613
3323.33	0.488672
3324.33	0.488733
3325.33	0.488788
3326.33	0.488851
3327.33	0.488914
3328.33	0.48898
3329.33	0.489042
3330.33	0.489108
3331.33	0.489171
3332.33	0.489233
3333.33	0.489296
3334.33	0.489358
3335.33	0.48942
3336.33	0.489484
3337.33	0.489545
3338.33	0.489601
3339.33	0.489667
3340.33	0.489726
3341.33	0.489793
3342.33	0.489855
3343.33	0.489914
3344.33	0.489972
3345.33	0.490033
3346.33	0.490096
3347.33	0.490159
3348.33	0.490219
3349.33	0.490283
3350.33	0.490349
3351.33	0.490417
3352.33	0.490474
3353.33	0.490532
3354.33	0.490597
3355.33	0.490661
3356.33	0.490726
3357.33	0.490789
3358.33	0.490859
3359.33	0.490918
3360.33	0.490982
3361.33	0.491041
3362.33	0.491103
3363.33	0.491166
3364.33	0.491223
3365.33	0.491283
3366.33	0.491347
3367.33	0.491408
3368.33	0.491471
3369.33	0.491531
3370.33	0.491595
3371.33	0.491657
3372.33	0.491713
3373.33	0.491777
3374.33	0.491833
3375.33	0.491896
3376.33	0.491961
3377.33	0.492019
3378.33	0.492076
3379.33	0.492138
3380.33	0.492201
3381.33	0.492253
3382.33	0.492318
3383.33	0.492384
3384.33	0.492447
3385.33	0.492508
3386.33	0.492571
3387.33	0.492632
3388.33	0.492694
3389.33	0.492756
3390.33	0.492815
3391.33	0.492873
3392.33	0.492938
3393.33	0.493
3394.33	0.493065
3395.33	0.493123
3396.33	0.493187
3397.33	0.493254
3398.33	0.493318
3399.33	0.493383
3400.33	0.493441
3401.33	0.493503
3402.33	0.493569
3403.33	0.493633
3404.33	0.493692
3405.33	0.493753
3406.33	0.493817
3407.33	0.493875
3408.33	0.493933
3409.33	0.493996
3410.33	0.494056
3411.33	0.494117
3412.33	0.494175
3413.33	0.494236
3414.33	0.494299
3415.33	0.494356
3416.33	0.494421
3417.33	0.49448
3418.34	0.494547
3419.34	0.494613
3420.34	0.494676
3421.34	0.494742
3422.34	0.494805
3423.34	0.494864
3424.34	0.494925
3425.34	0.494985
3426.34	0.495044
3427.34	0.495107
3428.34	0.495171
3429.34	0.495233
3430.34	0.495297
3431.34	0.495363
3432.34	0.495424
3433.34	0.495488
3434.34	0.495549
3435.34	0.495611
3436.34	0.495668
3437.34	0.49573
3438.34	0.495794
3439.34	0.495857
3440.34	0.495919
3441.34	0.495984
3442.34	0.496043
3443.34	0.496107
3444.34	0.49617
3445.34	0.49623
3446.34	0.496297
3447.34	0.496357
3448.34	0.496418
3449.34	0.49648
3450.34	0.496537
3451.34	0.496593
3452.34	0.496659
3453.34	0.496719
3454.34	0.496775
3455.34	0.496842
3456.34	0.4969
3457.34	0.496962
3458.34	0.497029
3459.34	0.497086
3460.34	0.497144
3461.34	0.497202
3462.34	0.497261
3463.34	0.49732
3464.34	0.497383
3465.34	0.497445
3466.34	0.497502
3467.34	0.497559
3468.34	0.497618
3469.34	0.497676
3470.34	0.497733
3471.34	0.497798
3472.34	0.497862
3473.34	0.497917
3474.34	0.497978
3475.34	0.498032
3476.34	0.498093
3477.34	0.498156
3478.34	0.498215
3479.34	0.498275
3480.34	0.498334
3481.34	0.498398
3482.34	0.498463
3483.34	0.498524
3484.34	0.498584
3485.34	0.498642
3486.34	0.498708
3487.34	0.498767
3488.34	0.498821
3489.34	0.498883
3490.34	0.498942
3491.34	0.498997
3492.34	0.499063
3493.34	0.499122
3494.34	0.499185
3495.34	0.499243
3496.34	0.499305
3497.34	0.499371
3498.34	0.499432
3499.34	0.499492
3500.34	0.499554
3501.34	0.499611
3502.34	0.499672
3503.34	0.499735
3504.34	0.499796
3505.34	0.499857
3506.34	0.499916
3507.34	0.499975
3508.34	0.500031
3509.34	0.500094
3510.34	0.500157
3511.34	0.500218
3512.34	0.500278
3513.34	0.500337
3514.34	0.500398
3515.34	0.500464
3516.34	0.500527
3517.34	0.500589
3518.34	0.500644
3519.34	0.500706
3520.34	0.500761
3521.34	0.500817
3522.34	0.500875
3523.35	0.500936
3524.35	0.500999
3525.35	0.501062
3526.35	0.501125
3527.35	0.501183
3528.35	0.501245
3529.35	0.501308
3530.35	0.501365
3531.35	0.501422
3532.35	0.501482
3533.35	0.50154
3534.35	0.501604
3535.35	0.501662
3536.35	0.50172
3537.35	0.501781
3538.35	0.501843
3539.35	0.501904
3540.35	0.501967
3541.35	0.502026
3542.35	0.502085
3543.35	0.502143
3544.35	0.502197
3545.35	0.502257
3546.35	0.502315
3547.35	0.502374
3548.35	0.502433
3549.35	0.502488
3550.35	0.502553
3551.35	0.502613
3552.35	0.502664
3553.35	0.502723
3554.35	0.50278
3555.35	0.502835
3556.35	0.502901
3557.35	0.502959
3558.35	0.503017
3559.35	0.503076
3560.35	0.503139
3561.35	0.503203
3562.35	0.503263
3563.35	0.503322
3564.35	0.503385
3565.35	0.503447
3566.35	0.503504
3567.35	0.50356
3568.35	0.503621
3569.35	0.50368
3570.35	0.503743
3571.35	0.503802
3572.35	0.503859
3573.35	0.503917
3574.35	0.50398
3575.35	0.504041
3576.35	0.504101
3577.35	0.50416
3578.35	0.504224
3579.35	0.504282
3580.35	0.504343
3581.35	0.504399
3582.35	0.504459
3583.35	0.504519
3584.35	0.504579
3585.35	0.50464
3586.35	0.504696
3587.35	0.504756
3588.35	0.504814
3589.35	0.50488
3590.35	0.504941
3591.35	0.505003
3592.35	0.505058
3593.35	0.505112
3594.35	0.505174
3595.35	0.505227
3596.35	0.505283
3597.35	0.505345
3598.35	0.505412
3599.35	0.505471
3600.35	0.505526
3601.35	0.505584
3602.35	0.505645
3603.35	0.505703
3604.35	0.505766
3605.35	0.505823
3606.35	0.505876
3607.35	0.505931
3608.35	0.50599
3609.35	0.506052
3610.35	0.506109
3611.35	0.506168
3612.35	0.506229
3613.35	0.506286
3614.35	0.506344
3615.35	0.506397
3616.35	0.506454
3617.35	0.506512
3618.35	0.506571
3619.35	0.506626
3620.35	0.506685
3621.35	0.506742
3622.35	0.506799
3623.35	0.506851
3624.35	0.506908
3625.35	0.506966
3626.35	0.507023
3627.35	0.507083
3628.35	0.507141
3629.35	0.507196
3630.35	0.507256
3631.35	0.507316
3632.35	0.507369
3633.35	0.507429
3634.35	0.50748
3635.35	0.507542
3636.35	0.507604
3637.35	0.507662
3638.35	0.507723
3639.35	0.507777
3640.35	0.507831
3641.35	0.507895
3642.35	0.507957
3643.35	0.508013
3644.35	0.508077
3645.35	0.508137
3646.35	0.508194
3647.35	0.50825
3648.35	0.508311
3649.35	0.508365
3650.36	0.508421
3651.36	0.508478
3652.36	0.508541
3653.36	0.508601
3654.36	0.50866
3655.36	0.508717
3656.36	0.508774
3657.36	0.508838
3658.36	0.508899
3659.36	0.508952
3660.36	0.509007
3661.36	0.509062
3662.36	0.509122
3663.36	0.509184
3664.36	0.509242
3665.36	0.509295
3666.36	0.509351
3667.36	0.509414
3668.36	0.50947
3669.36	0.509526
3670.36	0.509584
3671.36	0.509646
3672.36	0.509703
3673.36	0.509754
3674.36	0.509813
3675.36	0.509868
3676.36	0.509926
3677.36	0.509989
3678.36	0.510046
3679.36	0.510103
3680.36	0.510163
3681.36	0.510216
3682.36	0.510281
3683.36	0.510339
3684.36	0.510402
3685.36	0.510459
3686.36	0.510519
3687.36	0.510573
3688.36	0.510628
3689.36	0.510685
3690.36	0.510737
3691.36	0.51079
3692.36	0.510849
3693.36	0.510909
3694.36	0.510967
3695.36	0.51102
3696.36	0.511075
3697.36	0.511134
3698.36	0.511188
3699.36	0.511249
3700.36	0.511303
3701.36	0.511357
3702.36	0.511413
3703.36	0.511468
3704.36	0.511524
3705.36	0.511584
3706.36	0.511636
3707.36	0.511691
3708.36	0.511749
3709.36	0.511808
3710.36	0.51187
3711.36	0.511926
3712.36	0.511985
3713.36	0.512041
3714.36	0.512097
3715.36	0.512155
3716.36	0.512214
3717.36	0.512269
3718.36	0.512324
3719.36	0.512381
3720.36	0.512437
3721.36	0.512497
3722.36	0.512551
3723.36	0.512606
3724.36	0.512666
3725.36	0.512727
3726.36	0.512783
3727.36	0.512838
3728.36	0.512893
3729.36	0.512953
3730.36	0.51301
3731.36	0.513069
3732.36	0.513125
3733.36	0.513178
3734.36	0.513236
3735.36	0.513295
3736.36	0.513351
3737.36	0.513408
3738.36	0.513461
3739.36	0.513513
3740.36	0.513572
3741.36	0.513627
3742.37	0.513684
3743.37	0.513738
3744.37	0.513793
3745.37	0.51385
3746.37	0.513906
3747.37	0.513969
3748.37	0.514023
3749.37	0.514083
3750.37	0.514136
3751.37	0.514193
3752.37	0.514256
3753.37	0.514312
3754.37	0.514362
3755.37	0.514421
3756.37	0.514476
3757.37	0.514533
3758.37	0.514595
3759.37	0.514653
3760.37	0.514708
3761.37	0.514767
3762.37	0.514822
3763.37	0.514878
3764.37	0.514934
3765.37	0.51499
3766.37	0.515045
3767.37	0.515099
3768.37	0.515152
3769.37	0.515204
3770.37	0.515257
3771.37	0.515308
3772.37	0.515367
3773.37	0.515422
3774.37	0.51548
3775.37	0.515539
3776.37	0.515593
3777.37	0.515649
3778.37	0.515709
3779.37	0.515768
3780.37	0.515821
3781.37	0.515875
3782.37	0.515932
3783.37	0.515989
3784.37	0.516046
3785.37	0.516098
3786.37	0.51616
3787.37	0.516215
3788.37	0.51627
3789.37	0.516324
3790.37	0.516379
3791.37	0.516433
3792.37	0.516489
3793.37	0.516545
3794.37	0.516601
3795.37	0.516657
3796.37	0.516709
3797.37	0.516768
3798.37	0.516821
3799.37	0.516881
3800.37	0.516938
3801.37	0.516992
3802.37	0.517056
3803.37	0.517116
3804.37	0.517176
3805.37	0.517233
3806.37	0.517292
3807.37	0.517348
3808.37	0.517404
3809.37	0.517462
3810.37	0.517516
3811.37	0.517568
3812.37	0.517623
3813.37	0.517679
3814.37	0.517735
3815.37	0.517787
3816.37	0.517843
3817.37	0.517898
3818.37	0.517946
3819.37	0.518004
3820.37	0.51806
3821.37	0.518114
3822.37	0.518174
3823.37	0.518232
3824.37	0.518291
3825.37	0.518351
3826.37	0.518406
3827.37	0.518458
3828.37	0.518513
3829.37	0.518567
3830.37	0.518623
3831.37	0.518681
3832.37	0.518739
3833.37	0.518797
3834.37	0.518848
3835.37	0.518904
3836.37	0.518959
3837.37	0.519016
3838.37	0.519071
3839.37	0.519128
3840.37	0.519181
3841.37	0.519238
3842.37	0.519294
3843.37	0.519346
3844.37	0.519403
3845.37	0.519464
3846.37	0.519522
3847.37	0.519578
3848.37	0.519639
3849.37	0.519698
3850.37	0.519756
3851.37	0.519813
3852.37	0.519874
3853.38	0.519931
3854.38	0.519982
3855.38	0.520035
3856.38	0.520084
3857.38	0.520131
3858.38	0.520187
3859.38	0.520246
3860.38	0.520299
3861.38	0.520358
3862.38	0.520418
3863.38	0.520467
3864.38	0.520522
3865.38	0.520577
3866.38	0.520634
3867.38	0.520686
3868.38	0.520745
3869.38	0.520803
3870.38	0.520858
3871.38	0.520909
3872.38	0.520964
3873.38	0.521017
3874.38	0.521069
3875.38	0.521126
3876.38	0.521186
3877.38	0.521239
3878.38	0.521289
3879.38	0.521343
3880.38	0.5214
3881.38	0.521456
3882.38	0.52151
3883.38	0.521566
3884.38	0.521621
3885.38	0.521676
3886.38	0.521733
3887.38	0.52179
3888.38	0.521845
3889.38	0.521897
3890.38	0.521954
3891.38	0.522006
3892.38	0.522063
3893.38	0.522112
3894.38	0.522167
3895.38	0.522217
3896.38	0.522272
3897.38	0.522322
3898.38	0.52238
3899.38	0.522436
3900.38	0.522493
3901.38	0.522545
3902.38	0.5226
3903.38	0.522658
3904.38	0.522712
3905.38	0.522769
3906.38	0.522819
3907.38	0.522872
3908.38	0.522929
3909.38	0.522985
3910.38	0.523036
3911.38	0.523092
3912.38	0.523148
3913.38	0.523205
3914.38	0.523258
3915.38	0.523315
3916.38	0.523366
3917.38	0.52342
3918.38	0.523475
3919.38	0.523529
3920.38	0.523584
3921.38	0.523639
3922.38	0.523693
3923.38	0.523749
3924.38	0.523804
3925.38	0.523858
3926.38	0.523915
3927.38	0.523966
3928.38	0.524021
3929.38	0.524078
3930.38	0.524133
3931.38	0.524188
3932.38	0.524235
3933.38	0.524287
3934.38	0.524344
3935.38	0.524397
3936.38	0.524455
3937.38	0.524511
3938.38	0.52457
3939.38	0.524627
3940.38	0.524679
3941.38	0.524736
3942.38	0.524794
3943.38	0.52485
3944.38	0.524903
3945.38	0.524954
3946.38	0.525011
3947.38	0.525062
3948.38	0.525113
3949.38	0.525165
3950.38	0.525216
3951.38	0.525266
3952.38	0.525315
3953.38	0.525365
3954.38	0.525417
3955.38	0.525474
3956.38	0.525528
3957.38	0.525581
3958.38	0.525639
3959.38	0.525697
3960.38	0.525752
3961.38	0.525808
3962.38	0.525866
3963.39	0.525919
3964.39	0.525978
3965.39	0.526033
3966.39	0.526082
3967.39	0.526138
3968.39	0.526192
3969.39	0.526249
3970.39	0.526301
3971.39	0.526352
3972.39	0.526406
3973.39	0.52646
3974.39	0.526514
3975.39	0.526563
3976.39	0.526612
3977.39	0.526665
3978.39	0.526719
3979.39	0.526772
3980.39	0.526826
3981.39	0.526882
3982.39	0.526935
3983.39	0.526994
3984.39	0.527041
3985.39	0.527095
3986.39	0.527149
3987.39	0.527202
3988.39	0.527256
3989.39	0.527314
3990.39	0.527364
3991.39	0.527422
3992.39	0.527475
3993.39	0.52753
3994.39	0.527584
3995.39	0.527639
3996.39	0.527688
3997.39	0.52774
3998.39	0.527795
3999.39	0.527844
