time	conversion
1.0057	0.00357759
2.01054	0.00666667
3.01552	0.00820402
4.01635	0.0103017
5.01769	0.012658
6.01885	0.0138793
7.02715	0.0145833
8.02869	0.0156609
9.03252	0.0173276
10.0377	0.0186925
11.0383	0.0196121
12.0386	0.0210632
13.0406	0.0222989
14.0479	0.0232328
15.0517	0.0244397
16.0526	0.0255029
17.0575	0.0267672
18.0623	0.0277443
19.0626	0.0288218
20.0817	0.0298132
21.0845	0.0306034
22.0948	0.031408
23.0949	0.032227
24.095	0.0330603
25.108	0.0341092
26.1165	0.0347989
27.1165	0.0356609
28.1238	0.0363649
29.1247	0.0371839
30.128	0.038046
31.1378	0.0388793
32.1454	0.0395402
33.1458	0.0402299
34.146	0.0409195
35.1478	0.0416523
36.1525	0.0423707
37.1526	0.0430172
38.1654	0.0437069
39.1731	0.0443247
40.1735	0.0449569
41.1767	0.0456753
42.1814	0.0462787
43.1828	0.0469971
44.1888	0.0475575
45.1905	0.0485201
46.1906	0.0490805
47.1921	0.0495833
48.1941	0.0500431
49.1984	0.0506178
50.2021	0.0513362
51.2025	0.0519971
52.2038	0.0526437
53.2083	0.0531753
54.2148	0.0538793
55.2179	0.0545546
56.2192	0.0551149
57.2214	0.0557615
58.2238	0.0564655
59.2277	0.0571839
60.2307	0.0580172
61.2307	0.05875
62.2333	0.0593247
63.234	0.0597701
64.234	0.0604023
65.2359	0.0607471
66.2359	0.0611638
67.2359	0.0615517
68.2553	0.0621552
69.2605	0.062658
70.2666	0.0631034
71.2673	0.0635632
72.2692	0.0641954
73.272	0.0647414
74.2742	0.0652299
75.2742	0.0659195
76.2873	0.0665661
77.2876	0.0669828
78.2883	0.0674425
79.2899	0.0680172
80.2984	0.0685345
81.2987	0.0688649
82.3041	0.0693247
83.3117	0.0698707
84.313	0.0704598
85.3159	0.0711638
86.3194	0.0717672
87.3195	0.0724856
88.3204	0.0730603
89.3207	0.0735776
90.321	0.0741092
91.3253	0.0746408
92.3259	0.0751724
93.3285	0.0757759
94.3294	0.0763218
95.3325	0.0769109
96.337	0.0775
97.3415	0.0779454
98.3434	0.0785057
99.3446	0.0791236
100.347	0.0796121
101.351	0.0801437
102.357	0.0808477
103.358	0.0814943
104.36	0.0820977
105.36	0.0825144
106.364	0.082931
107.368	0.0834195
108.371	0.0839368
109.385	0.0842816
110.387	0.0846839
111.388	0.0852443
112.39	0.0855316
113.394	0.0859195
114.398	0.0863362
115.402	0.0869684
116.407	0.0874425
117.409	0.087931
118.41	0.0885057
119.41	0.0887787
120.412	0.0891523
121.42	0.089727
122.423	0.0902874
123.424	0.0906178
124.428	0.0910776
125.441	0.0915948
126.445	0.0921121
127.445	0.0925718
128.445	0.0930172
129.448	0.0934195
130.459	0.09375
131.46	0.0941236
132.461	0.0946121
133.462	0.0950144
134.464	0.0954741
135.464	0.095977
136.471	0.0965086
137.474	0.0968391
138.475	0.0972557
139.479	0.0977011
140.481	0.098204
141.482	0.0985201
142.487	0.0989368
143.49	0.0993678
144.493	0.0998563
145.493	0.10023
146.493	0.100474
147.494	0.100977
148.504	0.101451
149.506	0.101825
150.509	0.10227
151.518	0.102759
152.518	0.103161
153.518	0.103491
154.519	0.103922
155.52	0.104353
156.526	0.104626
157.535	0.104928
158.537	0.105273
159.539	0.105546
160.54	0.105704
161.54	0.106006
162.544	0.106379
163.547	0.106681
164.553	0.107069
165.553	0.107342
166.562	0.107759
167.564	0.108032
168.564	0.108305
169.578	0.108506
170.581	0.108822
171.587	0.109267
172.591	0.109799
173.592	0.110158
174.595	0.11046
175.595	0.110833
176.601	0.111135
177.604	0.111537
178.624	0.111839
179.627	0.112098
180.635	0.112342
181.638	0.112658
182.64	0.113175
183.64	0.113635
184.647	0.114124
185.65	0.114425
186.65	0.114828
187.652	0.115144
188.653	0.115546
189.656	0.115891
190.657	0.116149
191.669	0.116394
192.67	0.116681
193.67	0.116997
194.675	0.117457
195.678	0.117802
196.68	0.118032
197.682	0.118376
198.688	0.118721
199.693	0.118908
200.718	0.119239
201.727	0.119641
202.736	0.120029
203.738	0.120273
204.739	0.12056
205.741	0.120776
206.743	0.121193
207.749	0.121523
208.751	0.121695
209.757	0.122055
210.768	0.122428
211.768	0.122744
212.771	0.123017
213.772	0.123319
214.775	0.123635
215.775	0.123894
216.781	0.124109
217.788	0.124425
218.796	0.12467
219.798	0.124943
220.802	0.125259
221.802	0.12556
222.803	0.12602
223.808	0.126422
224.811	0.126739
225.811	0.127011
226.819	0.127356
227.826	0.127557
228.827	0.127859
229.831	0.128103
230.833	0.128434
231.836	0.128851
232.838	0.129152
233.847	0.129468
234.888	0.129784
235.898	0.130043
236.9	0.130374
237.9	0.130632
238.904	0.130761
239.91	0.130963
240.915	0.13125
241.916	0.131566
242.918	0.131897
243.919	0.132385
244.921	0.132658
245.922	0.132974
246.926	0.133233
247.927	0.133534
248.931	0.133764
249.936	0.134195
250.939	0.134511
251.948	0.134828
252.949	0.135172
253.951	0.135589
254.952	0.135891
255.956	0.136092
256.961	0.136422
257.967	0.136739
258.968	0.136983
259.985	0.137184
260.986	0.137486
261.986	0.137802
262.988	0.138003
263.991	0.138376
264.994	0.138678
266	0.138822
267.001	0.139152
268.01	0.139483
269.01	0.139713
270.012	0.14
271.024	0.140287
272.032	0.140503
273.036	0.140819
274.038	0.140991
275.042	0.141207
276.047	0.141566
277.053	0.141825
278.056	0.142256
279.064	0.142414
280.072	0.14273
281.073	0.143147
282.075	0.143376
283.077	0.143678
284.078	0.144066
285.08	0.144253
286.095	0.14454
287.099	0.144784
288.103	0.145072
289.103	0.145445
290.103	0.145862
291.111	0.146178
292.116	0.146451
293.12	0.146739
294.122	0.147069
295.125	0.147328
296.126	0.147572
297.131	0.147945
298.134	0.148247
299.134	0.148649
300.137	0.148908
301.138	0.149339
302.142	0.149741
303.145	0.149957
304.146	0.150259
305.153	0.150603
306.155	0.150891
307.164	0.151178
308.165	0.151422
309.167	0.151638
310.173	0.151897
311.178	0.152055
312.187	0.152342
313.188	0.152529
314.19	0.15296
315.19	0.153463
316.209	0.153793
317.213	0.154052
318.216	0.15431
319.22	0.154555
320.23	0.154856
321.232	0.155057
322.234	0.15523
323.244	0.15556
324.244	0.155833
325.244	0.156193
326.249	0.156451
327.253	0.156724
328.259	0.157011
329.26	0.157155
330.263	0.157428
331.266	0.157658
332.267	0.157902
333.273	0.158103
334.282	0.158348
335.286	0.158649
336.287	0.158822
337.288	0.15908
338.289	0.159224
339.293	0.159454
340.298	0.159727
341.305	0.160086
342.305	0.16033
343.314	0.160733
344.314	0.161078
345.315	0.161236
346.322	0.16148
347.324	0.161782
348.325	0.16204
349.329	0.162328
350.33	0.162644
351.338	0.162845
352.345	0.163305
353.349	0.163678
354.351	0.163966
355.353	0.16421
356.357	0.164411
357.358	0.164741
358.359	0.165057
359.361	0.165187
360.361	0.165431
361.366	0.165603
362.378	0.165848
363.379	0.166121
364.381	0.166307
365.384	0.166494
366.387	0.166753
367.387	0.16704
368.391	0.167227
369.394	0.167457
370.397	0.167687
371.402	0.167931
372.404	0.168118
373.411	0.168333
374.415	0.168621
375.42	0.169009
376.425	0.169339
377.426	0.169454
378.428	0.169684
379.429	0.169842
380.431	0.170057
381.432	0.170259
382.433	0.170503
383.433	0.170761
384.433	0.171092
385.438	0.171193
386.441	0.171307
387.444	0.171509
388.445	0.17171
389.445	0.171868
390.445	0.172155
391.45	0.172313
392.455	0.172443
393.461	0.172773
394.463	0.17306
395.468	0.173333
396.471	0.173592
397.471	0.173779
398.479	0.173966
399.483	0.174138
400.487	0.174368
401.489	0.174626
402.49	0.174856
403.494	0.175101
404.497	0.175359
405.502	0.17556
406.507	0.175905
407.514	0.176006
408.516	0.176135
409.519	0.176336
410.519	0.176624
411.524	0.176897
412.524	0.177141
413.524	0.17727
414.536	0.177486
415.544	0.17773
416.549	0.178017
417.55	0.178175
418.553	0.178534
419.555	0.178664
420.558	0.178951
421.562	0.179109
422.568	0.179397
423.569	0.179612
424.571	0.179943
425.571	0.180144
426.577	0.180402
427.58	0.180632
428.58	0.180905
429.584	0.181207
430.584	0.181422
431.585	0.18171
432.587	0.181954
433.59	0.182112
434.592	0.182313
435.592	0.182529
436.596	0.18273
437.599	0.182917
438.6	0.183103
439.601	0.183305
440.601	0.183491
441.602	0.183635
442.605	0.183793
443.605	0.183922
444.606	0.184138
445.608	0.184339
446.61	0.184569
447.611	0.184928
448.613	0.185172
449.613	0.18533
450.618	0.185589
451.621	0.18579
452.639	0.18602
453.641	0.186293
454.643	0.186537
455.656	0.186839
456.657	0.187213
457.66	0.187514
458.664	0.187716
459.665	0.187859
460.675	0.188118
461.677	0.188319
462.677	0.188736
463.68	0.188951
464.688	0.189152
465.708	0.18944
466.71	0.189698
467.712	0.189928
468.715	0.190115
469.724	0.190201
470.729	0.19033
471.735	0.190532
472.742	0.190661
473.743	0.190805
474.745	0.190991
475.747	0.191207
476.75	0.191322
477.755	0.191566
478.757	0.191839
479.761	0.191997
480.761	0.192155
481.768	0.192385
482.769	0.192601
483.779	0.192917
484.78	0.193089
485.783	0.193391
486.797	0.19352
487.803	0.193764
488.815	0.193908
489.818	0.19408
490.819	0.194339
491.819	0.194411
492.821	0.194555
493.823	0.194655
494.824	0.194914
495.826	0.195172
496.828	0.195316
497.83	0.195445
498.832	0.195575
499.846	0.195776
500.849	0.195948
501.857	0.196207
502.858	0.196379
503.86	0.196494
504.864	0.196638
505.868	0.196925
506.868	0.197098
507.873	0.197399
508.877	0.197543
509.878	0.197716
510.881	0.197945
511.887	0.198089
512.887	0.19829
513.887	0.198448
514.887	0.198664
515.889	0.198736
516.892	0.198937
517.897	0.199109
518.898	0.199397
519.901	0.199569
520.901	0.19967
521.903	0.199842
522.904	0.200216
523.92	0.200359
524.924	0.20046
525.933	0.200647
526.934	0.200805
527.936	0.200948
528.941	0.201121
529.949	0.201394
530.952	0.201609
531.956	0.201853
532.956	0.201983
533.957	0.202256
534.961	0.202414
535.963	0.202629
536.972	0.202773
537.973	0.202888
538.975	0.203017
539.987	0.203477
540.991	0.203707
541.992	0.203908
542.996	0.204181
544.011	0.204296
545.011	0.204468
546.012	0.204655
547.012	0.204871
548.012	0.205029
549.021	0.205158
550.03	0.20533
551.03	0.205532
552.036	0.20569
553.049	0.205862
554.059	0.206078
555.06	0.206221
556.072	0.206365
557.074	0.206552
558.08	0.206782
559.082	0.206839
560.084	0.206983
561.087	0.207141
562.089	0.207356
563.096	0.2075
564.098	0.207687
565.1	0.20783
566.107	0.208032
567.108	0.208204
568.109	0.208276
569.112	0.208477
570.116	0.208678
571.119	0.208807
572.125	0.20898
573.125	0.20921
574.13	0.209339
575.13	0.209511
576.131	0.209713
577.137	0.209828
578.15	0.210101
579.152	0.210216
580.159	0.210431
581.159	0.210704
582.167	0.210891
583.17	0.211049
584.17	0.211221
585.177	0.211437
586.18	0.211595
587.181	0.211724
588.185	0.211839
589.194	0.211997
590.2	0.212241
591.204	0.212428
592.212	0.212658
593.215	0.212802
594.216	0.212945
595.217	0.213089
596.224	0.213247
597.232	0.213376
598.234	0.213506
599.234	0.213678
600.236	0.213851
601.239	0.214095
602.24	0.214267
603.244	0.214425
604.246	0.21467
605.247	0.214914
606.251	0.214986
607.257	0.215158
608.258	0.21533
609.258	0.215532
610.262	0.215661
611.275	0.215819
612.276	0.215991
613.282	0.216121
614.295	0.216279
615.298	0.216523
616.312	0.216681
617.317	0.216868
618.317	0.216983
619.32	0.217141
620.325	0.217313
621.327	0.217486
622.364	0.217586
623.38	0.217744
624.382	0.217888
625.404	0.218046
626.408	0.218175
627.414	0.218276
628.417	0.21842
629.419	0.218563
630.426	0.218721
631.433	0.218908
632.434	0.219152
633.435	0.219253
634.44	0.21954
635.442	0.219583
636.443	0.219871
637.446	0.22
638.448	0.220144
639.449	0.220302
640.449	0.220517
641.453	0.220632
642.455	0.220862
643.462	0.221135
644.464	0.221279
645.467	0.221394
646.474	0.221494
647.494	0.221667
648.494	0.22181
649.498	0.222011
650.507	0.222213
651.508	0.222457
652.509	0.222601
653.509	0.222787
654.517	0.222945
655.519	0.223075
656.521	0.22329
657.525	0.223405
658.532	0.223534
659.535	0.223707
660.544	0.223764
661.551	0.223922
662.554	0.224066
663.556	0.224253
664.56	0.22444
665.562	0.22454
666.562	0.224756
667.563	0.224871
668.565	0.224914
669.569	0.225043
670.57	0.225287
671.571	0.225417
672.574	0.225546
673.595	0.225675
674.599	0.22579
675.603	0.225977
676.604	0.226078
677.605	0.226293
678.608	0.226466
679.61	0.226624
680.612	0.226724
681.613	0.226825
682.614	0.227083
683.625	0.227227
684.632	0.227356
685.638	0.227514
686.647	0.227572
687.65	0.227802
688.651	0.228103
689.652	0.228204
690.652	0.228448
691.658	0.228534
692.666	0.228664
693.671	0.22875
694.675	0.228879
695.68	0.229037
696.68	0.229239
697.683	0.229382
698.69	0.229598
699.696	0.229713
700.697	0.229986
701.703	0.230129
702.706	0.230431
703.706	0.230489
704.712	0.230632
705.719	0.230761
706.724	0.230833
707.725	0.231006
708.726	0.231178
709.74	0.231221
710.745	0.231336
711.761	0.231466
712.784	0.231595
713.786	0.231724
714.79	0.231882
715.792	0.232098
716.794	0.232227
717.802	0.232414
718.802	0.232514
719.805	0.232759
720.807	0.233003
721.809	0.23319
722.811	0.233348
723.814	0.233448
724.822	0.233578
725.825	0.233707
726.838	0.233865
727.846	0.233966
728.847	0.234224
729.847	0.234339
730.873	0.234497
731.875	0.234641
732.881	0.234698
733.883	0.234856
734.888	0.235029
735.891	0.235115
736.892	0.235302
737.904	0.235503
738.938	0.235733
739.939	0.235905
740.951	0.236092
741.959	0.23625
742.96	0.236451
743.964	0.236667
744.966	0.23681
745.968	0.236925
746.969	0.237011
747.979	0.237155
749	0.237328
750.001	0.237428
751.004	0.237615
752.004	0.237816
753.032	0.237888
754.034	0.238046
755.043	0.238161
756.047	0.238261
757.047	0.238362
758.049	0.23852
759.051	0.238649
760.059	0.238793
761.065	0.238966
762.074	0.239066
763.082	0.239296
764.083	0.23944
765.084	0.239598
766.089	0.23977
767.098	0.239928
768.101	0.240144
769.101	0.240273
770.103	0.240431
771.111	0.240589
772.111	0.240733
773.115	0.240761
774.12	0.240948
775.124	0.241164
776.124	0.241336
777.134	0.241437
778.147	0.241624
779.155	0.241782
780.158	0.24194
781.17	0.242184
782.177	0.242356
783.177	0.242486
784.187	0.242658
785.191	0.242716
786.191	0.242859
787.194	0.243003
788.195	0.243161
789.195	0.243276
790.196	0.243405
791.2	0.243491
792.205	0.243635
793.207	0.243822
794.24	0.244023
795.264	0.244224
796.265	0.244325
797.271	0.244454
798.272	0.244511
799.28	0.244741
800.287	0.244871
801.308	0.244971
802.314	0.245129
803.317	0.245273
804.339	0.245388
805.34	0.245489
806.346	0.245618
807.352	0.245747
808.353	0.24592
809.354	0.246049
810.369	0.246264
811.372	0.246322
812.382	0.246422
813.391	0.246609
814.391	0.246753
815.394	0.246853
816.394	0.246954
817.4	0.247083
818.401	0.24717
819.404	0.247299
820.418	0.247486
821.419	0.247629
822.448	0.247716
823.459	0.247874
824.471	0.24796
825.481	0.248103
826.488	0.248233
827.499	0.248362
828.501	0.248534
829.503	0.248664
830.525	0.248779
831.525	0.248851
832.532	0.248937
833.538	0.249066
834.54	0.249195
835.54	0.249253
836.545	0.249382
837.554	0.249555
838.582	0.24967
839.59	0.249799
840.609	0.249914
841.611	0.250029
842.612	0.250158
843.616	0.250359
844.621	0.250517
845.644	0.250647
846.645	0.250833
847.651	0.251006
848.668	0.251149
849.672	0.251293
850.676	0.251365
851.678	0.251466
852.68	0.251509
853.682	0.251724
854.683	0.251868
855.702	0.251997
856.714	0.252098
857.719	0.25227
858.721	0.252428
859.729	0.252529
860.73	0.252615
861.745	0.252744
862.745	0.252917
863.746	0.253003
864.753	0.253118
865.757	0.253218
866.759	0.253362
867.764	0.253448
868.765	0.253649
869.765	0.253879
870.768	0.254023
871.768	0.254124
872.774	0.254239
873.779	0.254339
874.785	0.254468
875.814	0.254583
876.835	0.254741
877.836	0.254943
878.848	0.255072
879.854	0.255129
880.856	0.255302
881.863	0.255417
882.879	0.25556
883.883	0.255647
884.884	0.255747
885.888	0.255862
886.888	0.255948
887.891	0.256034
888.891	0.256149
889.895	0.256207
890.896	0.256264
891.896	0.256451
892.896	0.256595
893.903	0.256638
894.914	0.256724
895.922	0.256853
896.926	0.256968
897.934	0.257098
898.941	0.257227
899.956	0.257313
900.956	0.257529
901.974	0.257672
902.976	0.257701
903.988	0.25783
904.988	0.257917
905.994	0.25806
906.995	0.258161
908.004	0.25829
909.017	0.258405
910.019	0.258477
911.03	0.258592
912.031	0.258707
913.037	0.258851
914.057	0.258922
915.057	0.259037
916.069	0.259224
917.079	0.259368
918.083	0.259483
919.09	0.259555
920.093	0.25967
921.098	0.259784
922.113	0.259899
923.114	0.260129
924.121	0.260201
925.128	0.260345
926.136	0.260517
927.136	0.260632
928.143	0.260704
929.176	0.260848
930.182	0.260948
931.188	0.261164
932.197	0.261264
933.204	0.261422
934.205	0.261451
935.208	0.261537
936.209	0.261652
937.221	0.261739
938.221	0.26181
939.226	0.261882
940.241	0.262011
941.244	0.262112
942.251	0.26227
943.253	0.262356
944.257	0.262443
945.269	0.262543
946.271	0.26273
947.276	0.262845
948.294	0.263003
949.301	0.26306
950.308	0.263147
951.309	0.263276
952.31	0.263463
953.33	0.263563
954.361	0.263664
955.364	0.26375
956.364	0.263894
957.396	0.264037
958.397	0.264152
959.402	0.264339
960.431	0.264411
961.447	0.264483
962.455	0.264655
963.462	0.26477
964.482	0.264842
965.495	0.264986
966.497	0.265086
967.498	0.265158
968.51	0.265302
969.517	0.265431
970.522	0.26546
971.558	0.265589
972.568	0.265647
973.569	0.265833
974.573	0.265934
975.575	0.266092
976.581	0.266164
977.586	0.266264
978.592	0.266466
979.599	0.266638
980.609	0.266767
981.624	0.266868
982.626	0.266983
983.633	0.267126
984.641	0.267299
985.643	0.267385
986.647	0.267443
987.648	0.267543
988.687	0.267744
989.689	0.267874
990.69	0.26806
991.7	0.26829
992.704	0.268376
993.73	0.268506
994.735	0.268707
995.754	0.268807
996.757	0.268922
997.769	0.269023
998.772	0.269195
999.772	0.269353
1000.77	0.269454
1001.77	0.269569
1002.78	0.269684
1003.78	0.269828
1004.79	0.269943
1005.79	0.27
1006.8	0.270158
1007.81	0.270216
1008.82	0.270402
1009.83	0.270474
1010.9	0.270589
1011.91	0.270704
1012.91	0.270805
1013.92	0.270862
1014.92	0.270977
1015.93	0.271049
1016.95	0.271092
1017.98	0.271236
1018.98	0.271293
1019.99	0.271379
1021	0.27148
1022	0.271624
1023	0.271652
1024.01	0.271796
1025.02	0.271911
1026.03	0.272055
1027.03	0.272213
1028.04	0.272328
1029.04	0.2725
1030.05	0.272658
1031.06	0.27273
1032.09	0.272874
1033.1	0.272974
1034.1	0.273017
1035.1	0.273118
1036.1	0.27319
1037.1	0.273247
1038.12	0.273362
1039.12	0.27342
1040.12	0.273491
1041.12	0.273649
1042.12	0.273764
1043.15	0.273879
1044.15	0.274009
1045.16	0.274109
1046.16	0.274267
1047.17	0.274425
1048.18	0.274526
1049.2	0.274641
1050.21	0.27477
1051.21	0.274885
1052.21	0.274986
1053.22	0.275086
1054.23	0.275201
1055.23	0.275316
1056.24	0.275517
1057.25	0.275603
1058.28	0.275675
1059.29	0.27579
1060.32	0.27592
1061.33	0.275948
1062.33	0.276063
1063.34	0.276207
1064.34	0.27625
1065.35	0.276408
1066.36	0.276537
1067.4	0.276695
1068.4	0.276882
1069.41	0.276968
1070.41	0.277126
1071.42	0.277284
1072.43	0.277356
1073.43	0.277543
1074.43	0.277658
1075.43	0.277802
1076.45	0.277845
1077.45	0.277945
1078.46	0.278132
1079.46	0.278333
1080.47	0.278376
1081.49	0.278463
1082.5	0.278635
1083.51	0.278721
1084.51	0.278836
1085.52	0.278894
1086.53	0.279109
1087.53	0.279152
1088.54	0.27921
1089.54	0.279325
1090.55	0.27944
1091.56	0.279526
1092.56	0.279583
1093.56	0.279698
1094.57	0.27977
1095.57	0.279856
1096.57	0.279986
1097.58	0.280086
1098.59	0.28023
1099.6	0.280345
1100.61	0.28046
1101.63	0.280575
1102.63	0.280704
1103.63	0.280905
1104.64	0.281034
1105.65	0.281178
1106.67	0.281322
1107.69	0.281408
1108.7	0.281552
1109.7	0.281681
1110.72	0.281796
1111.72	0.281897
1112.72	0.281997
1113.73	0.282098
1114.74	0.28227
1115.76	0.282385
1116.78	0.2825
1117.8	0.282701
1118.8	0.282802
1119.8	0.282945
1120.83	0.283075
1121.84	0.283204
1122.84	0.283319
1123.84	0.28342
1124.85	0.283563
1125.86	0.283693
1126.87	0.283822
1127.9	0.283908
1128.91	0.284009
1129.91	0.284124
1130.92	0.284181
1131.92	0.284282
1132.93	0.284382
1133.94	0.284483
1134.94	0.284583
1135.95	0.284842
1136.97	0.284957
1137.97	0.285057
1138.97	0.285172
1139.98	0.285287
1140.98	0.285431
1141.98	0.285517
1143	0.285647
1144	0.285805
1145	0.285991
1146	0.286092
1147	0.286279
1148.01	0.286351
1149.03	0.286451
1150.03	0.286624
1151.06	0.286767
1152.06	0.286882
1153.06	0.286925
1154.07	0.286997
1155.07	0.287126
1156.07	0.28717
1157.08	0.287256
1158.09	0.287356
1159.09	0.287486
1160.1	0.287586
1161.1	0.287687
1162.12	0.28783
1163.13	0.287902
1164.21	0.288032
1165.21	0.288132
1166.21	0.288276
1167.21	0.288348
1168.22	0.288477
1169.22	0.288506
1170.23	0.288606
1171.23	0.288736
1172.24	0.288836
1173.26	0.288908
1174.26	0.288994
1175.28	0.289095
1176.28	0.289138
1177.3	0.289167
1178.3	0.289296
1179.31	0.289382
1180.32	0.289454
1181.35	0.289526
1182.37	0.289555
1183.37	0.289698
1184.37	0.289828
1185.38	0.29
1186.39	0.290201
1187.39	0.29033
1188.4	0.290417
1189.42	0.290546
1190.42	0.29069
1191.44	0.290747
1192.44	0.290905
1193.45	0.291006
1194.46	0.291049
1195.47	0.291207
1196.47	0.291279
1197.47	0.291422
1198.47	0.291494
1199.47	0.291595
1200.49	0.291724
1201.5	0.291839
1202.5	0.291911
1203.5	0.291968
1204.5	0.292184
1205.51	0.292399
1206.51	0.292457
1207.53	0.2925
1208.53	0.292601
1209.54	0.292672
1210.54	0.292716
1211.57	0.29283
1212.57	0.293003
1213.58	0.293075
1214.58	0.293132
1215.59	0.293218
1216.6	0.293261
1217.61	0.293463
1218.62	0.29352
1219.65	0.293635
1220.66	0.293707
1221.67	0.293865
1222.67	0.293937
1223.67	0.29408
1224.68	0.294109
1225.68	0.294267
1226.68	0.294325
1227.7	0.29444
1228.7	0.294483
1229.71	0.29467
1230.72	0.294799
1231.72	0.294928
1232.73	0.295
1233.75	0.295057
1234.77	0.295144
1235.77	0.295259
1236.78	0.295359
1237.78	0.295445
1238.78	0.295575
1239.79	0.295704
1240.79	0.29579
1241.81	0.29592
1242.84	0.296049
1243.84	0.296178
1244.85	0.296293
1245.86	0.296437
1246.87	0.296509
1247.87	0.296609
1248.88	0.296667
1249.91	0.29671
1250.92	0.296796
1251.94	0.296954
1252.94	0.296968
1253.97	0.297026
1254.97	0.297112
1255.99	0.29717
1256.99	0.297241
1258	0.297371
1259	0.2975
1260.01	0.297701
1261.02	0.297773
1262.02	0.297859
1263.04	0.297888
1264.04	0.297989
1265.05	0.298075
1266.05	0.298132
1267.06	0.298247
1268.07	0.29842
1269.07	0.298506
1270.07	0.298534
1271.07	0.298707
1272.07	0.298779
1273.08	0.298966
1274.08	0.299066
1275.09	0.299152
1276.1	0.299325
1277.1	0.299468
1278.11	0.299569
1279.11	0.29967
1280.13	0.299741
1281.13	0.299885
1282.13	0.299957
1283.16	0.300029
1284.18	0.300158
1285.2	0.300216
1286.21	0.300302
1287.21	0.300474
1288.23	0.300546
1289.24	0.300675
1290.26	0.30079
1291.26	0.30092
1292.26	0.30102
1293.27	0.301049
1294.28	0.301149
1295.29	0.301336
1296.29	0.301466
1297.3	0.301566
1298.3	0.30171
1299.3	0.30181
1300.32	0.301882
1301.33	0.301983
1302.34	0.302083
1303.35	0.302198
1304.35	0.302284
1305.36	0.302385
1306.37	0.302601
1307.38	0.302716
1308.38	0.302816
1309.4	0.302859
1310.4	0.302888
1311.42	0.303089
1312.42	0.30319
1313.46	0.303261
1314.47	0.303376
1315.48	0.303463
1316.5	0.303563
1317.52	0.303693
1318.52	0.303793
1319.54	0.303836
1320.54	0.303922
1321.54	0.304009
1322.55	0.30408
1323.57	0.304152
1324.58	0.304339
1325.58	0.304397
1326.59	0.304526
1327.6	0.30467
1328.6	0.304842
1329.6	0.304899
1330.61	0.304986
1331.61	0.305057
1332.62	0.305201
1333.62	0.305287
1334.63	0.305374
1335.64	0.305489
1336.64	0.305503
1337.68	0.305603
1338.69	0.305718
1339.7	0.305848
1340.71	0.30602
1341.72	0.306164
1342.72	0.306264
1343.72	0.306379
1344.74	0.306466
1345.75	0.306609
1346.76	0.306638
1347.77	0.30681
1348.78	0.306882
1349.79	0.306954
1350.8	0.306997
1351.8	0.307055
1352.8	0.307213
1353.81	0.307313
1354.82	0.307356
1355.82	0.3075
1356.83	0.307601
1357.84	0.30773
1358.84	0.307816
1359.86	0.307845
1360.86	0.30796
1361.87	0.308118
1362.87	0.308233
1363.89	0.308261
1364.91	0.308405
1365.93	0.308491
1366.95	0.308534
1367.97	0.308578
1368.97	0.308707
1369.97	0.308836
1370.97	0.308922
1371.98	0.309009
1372.98	0.309052
1373.98	0.30908
1374.99	0.309195
1376.01	0.309282
1377.01	0.309368
1378.03	0.309526
1379.06	0.309655
1380.07	0.309871
1381.07	0.31
1382.08	0.310129
1383.09	0.310201
1384.09	0.310273
1385.1	0.310316
1386.11	0.310402
1387.15	0.310474
1388.15	0.310532
1389.16	0.310632
1390.18	0.310661
1391.2	0.310833
1392.22	0.310862
1393.23	0.310934
1394.24	0.31102
1395.24	0.311164
1396.25	0.311279
1397.26	0.311379
1398.28	0.311537
1399.28	0.311609
1400.28	0.311681
1401.29	0.31181
1402.29	0.311897
1403.3	0.311997
1404.33	0.312083
1405.36	0.312141
1406.37	0.312213
1407.37	0.312299
1408.39	0.312299
1409.39	0.312443
1410.4	0.312586
1411.4	0.312744
1412.41	0.312816
1413.41	0.312902
1414.41	0.312917
1415.43	0.313032
1416.44	0.313132
1417.44	0.313175
1418.46	0.313218
1419.46	0.313276
1420.5	0.313491
1421.52	0.313549
1422.53	0.313621
1423.54	0.313707
1424.55	0.313779
1425.57	0.313836
1426.61	0.314037
1427.64	0.31421
1428.64	0.314325
1429.66	0.314353
1430.66	0.314425
1431.67	0.314483
1432.67	0.314626
1433.68	0.314713
1434.7	0.314813
1435.72	0.314986
1436.73	0.315086
1437.73	0.315129
1438.73	0.315273
1439.77	0.315359
1440.78	0.315402
1441.8	0.315517
1442.8	0.315589
1443.8	0.315661
1444.8	0.31569
1445.81	0.315747
1446.81	0.315805
1447.82	0.315905
1448.82	0.315991
1449.83	0.316078
1450.84	0.316149
1451.84	0.316164
1452.84	0.316221
1453.85	0.316336
1454.86	0.316466
1455.87	0.316537
1456.88	0.31658
1457.88	0.316667
1458.89	0.316753
1459.9	0.31694
1460.93	0.31704
1461.94	0.317083
1462.95	0.317213
1463.96	0.317256
1464.96	0.317328
1465.97	0.317457
1466.98	0.317615
1467.99	0.317744
1468.99	0.31783
1470.03	0.317931
1471.03	0.318032
1472.03	0.318161
1473.03	0.318218
1474.03	0.318247
1475.04	0.318333
1476.04	0.318477
1477.05	0.318549
1478.06	0.318621
1479.06	0.318678
1480.08	0.31875
1481.11	0.318922
1482.12	0.319009
1483.14	0.319124
1484.17	0.31921
1485.17	0.319282
1486.17	0.319425
1487.17	0.319511
1488.17	0.319626
1489.18	0.319713
1490.19	0.319784
1491.21	0.319914
1492.21	0.32
1493.22	0.320187
1494.22	0.320287
1495.23	0.320388
1496.24	0.320445
1497.25	0.320517
1498.26	0.320546
1499.26	0.32069
1500.29	0.320776
1501.29	0.320905
1502.3	0.321006
1503.31	0.321063
1504.32	0.321178
1505.32	0.32125
1506.32	0.321336
1507.33	0.321437
1508.33	0.321566
1509.34	0.321667
1510.35	0.32171
1511.35	0.321825
1512.4	0.321968
1513.41	0.321997
1514.41	0.322011
1515.41	0.322098
1516.41	0.322184
1517.42	0.32227
1518.42	0.322342
1519.43	0.322428
1520.45	0.322514
1521.46	0.322586
1522.47	0.322701
1523.49	0.32273
1524.49	0.32283
1525.51	0.322931
1526.51	0.323032
1527.51	0.323075
1528.52	0.323305
1529.53	0.323463
1530.53	0.323606
1531.54	0.323635
1532.55	0.323764
1533.55	0.323922
1534.55	0.324009
1535.56	0.324095
1536.56	0.324224
1537.57	0.32431
1538.61	0.324411
1539.66	0.324497
1540.66	0.324583
1541.67	0.324698
1542.67	0.324799
1543.73	0.324856
1544.73	0.324957
1545.74	0.325057
1546.74	0.325115
1547.75	0.325201
1548.75	0.325259
1549.76	0.325374
1550.76	0.325445
1551.77	0.325532
1552.82	0.325647
1553.84	0.325718
1554.85	0.325747
1555.9	0.325819
1556.93	0.325905
1557.94	0.326049
1558.95	0.326149
1559.97	0.32625
1560.97	0.326336
1561.99	0.32648
1562.99	0.326609
1564.01	0.326767
1565.01	0.326868
1566.01	0.326911
1567.01	0.32704
1568.01	0.327184
1569.02	0.32727
1570.02	0.327356
1571.02	0.327443
1572.03	0.327543
1573.05	0.327644
1574.05	0.327802
1575.07	0.327874
1576.07	0.327945
1577.07	0.328017
1578.07	0.328147
1579.08	0.32819
1580.11	0.328218
1581.13	0.32829
1582.13	0.328362
1583.13	0.32842
1584.14	0.328491
1585.14	0.328563
1586.15	0.328707
1587.17	0.328764
1588.18	0.328793
1589.19	0.328822
1590.2	0.328894
1591.21	0.328966
1592.21	0.329124
1593.22	0.329382
1594.23	0.329569
1595.23	0.329713
1596.24	0.329784
1597.3	0.329885
1598.3	0.329928
1599.3	0.330115
1600.33	0.330158
1601.34	0.330244
1602.35	0.330374
1603.35	0.330445
1604.36	0.330618
1605.37	0.330761
1606.37	0.330862
1607.37	0.330963
1608.39	0.331121
1609.41	0.331307
1610.41	0.331437
1611.41	0.33148
1612.46	0.331552
1613.49	0.331695
1614.54	0.331724
1615.54	0.331767
1616.54	0.331897
1617.55	0.331954
1618.55	0.332069
1619.56	0.332213
1620.56	0.332328
1621.58	0.332457
1622.6	0.332572
1623.6	0.332759
1624.63	0.332859
1625.63	0.333075
1626.63	0.333161
1627.63	0.333305
1628.65	0.333463
1629.65	0.333506
1630.67	0.333693
1631.68	0.333851
1632.69	0.333966
1633.69	0.334023
1634.71	0.334109
1635.71	0.334195
1636.72	0.334267
1637.73	0.334353
1638.76	0.334454
1639.79	0.334569
1640.79	0.334626
1641.79	0.334756
1642.79	0.334871
1643.79	0.334943
1644.8	0.335014
1645.8	0.335115
1646.81	0.335244
1647.81	0.335374
1648.81	0.335489
1649.82	0.335546
1650.82	0.335675
1651.83	0.33579
1652.84	0.335833
1653.84	0.335934
1654.85	0.336063
1655.85	0.336121
1656.88	0.336178
1657.88	0.336279
1658.91	0.336394
1659.92	0.336451
1660.93	0.336552
1661.94	0.336724
1662.94	0.336825
1663.95	0.33694
1664.96	0.337112
1665.96	0.337227
1666.97	0.337313
1667.98	0.337443
1668.98	0.3375
1669.98	0.337615
1670.98	0.33773
1671.98	0.337917
1672.99	0.33806
1674	0.338175
1675.02	0.33829
1676.03	0.338376
1677.03	0.338477
1678.03	0.338649
1679.04	0.338807
1680.06	0.338966
1681.06	0.339009
1682.07	0.339037
1683.1	0.339152
1684.11	0.339253
1685.11	0.339397
1686.11	0.339468
1687.12	0.33954
1688.13	0.339641
1689.14	0.339698
1690.14	0.339784
1691.15	0.339871
1692.15	0.339971
1693.15	0.340043
1694.16	0.340072
1695.21	0.340115
1696.21	0.340259
1697.21	0.340388
1698.21	0.34046
1699.22	0.340575
1700.23	0.340647
1701.23	0.340733
1702.24	0.340819
1703.24	0.340963
1704.24	0.341063
1705.25	0.341164
1706.26	0.341207
1707.28	0.341279
1708.3	0.341379
1709.3	0.341451
1710.31	0.341595
1711.31	0.341724
1712.31	0.341767
1713.32	0.341825
1714.34	0.341925
1715.35	0.341983
1716.36	0.342098
1717.36	0.342213
1718.38	0.342313
1719.39	0.342371
1720.39	0.342443
1721.39	0.342543
1722.4	0.342586
1723.4	0.342687
1724.4	0.342759
1725.4	0.342845
1726.42	0.342917
1727.43	0.343103
1728.45	0.343247
1729.47	0.343319
1730.48	0.34342
1731.49	0.343549
1732.5	0.343664
1733.5	0.343851
1734.52	0.344023
1735.55	0.34408
1736.56	0.344239
1737.56	0.344339
1738.57	0.344397
1739.58	0.344454
1740.58	0.344483
1741.58	0.344583
1742.59	0.344698
1743.59	0.344842
1744.59	0.344914
1745.59	0.344943
1746.6	0.345057
1747.6	0.345216
1748.61	0.345287
1749.61	0.345431
1750.62	0.345489
1751.62	0.345603
1752.63	0.345747
1753.64	0.345833
1754.65	0.345905
1755.67	0.346034
1756.67	0.346164
1757.67	0.346322
1758.68	0.346351
1759.68	0.346422
1760.69	0.346466
1761.7	0.346537
1762.7	0.346624
1763.73	0.346695
1764.74	0.34681
1765.78	0.346911
1766.78	0.347026
1767.78	0.347083
1768.79	0.347213
1769.79	0.347356
1770.8	0.3475
1771.82	0.347629
1772.84	0.34773
1773.86	0.347888
1774.87	0.348089
1775.87	0.348103
1776.89	0.348175
1777.9	0.348247
1778.91	0.348333
1779.93	0.348376
1780.93	0.348434
1781.94	0.348549
1782.94	0.348621
1783.95	0.348693
1784.95	0.348822
1785.96	0.348922
1786.96	0.349037
1787.97	0.349109
1788.99	0.349152
1789.99	0.349195
1791	0.34931
1792.01	0.349397
1793.01	0.34944
1794.01	0.349598
1795.03	0.349727
1796.03	0.349813
1797.04	0.349856
1798.04	0.349885
1799.04	0.349957
1800.05	0.350101
1801.06	0.350216
1802.06	0.350259
1803.09	0.35033
1804.09	0.350417
1805.1	0.350489
1806.1	0.350632
1807.11	0.350819
1808.12	0.350819
1809.12	0.350833
1810.12	0.350848
1811.12	0.35092
1812.15	0.351034
1813.15	0.351092
1814.15	0.351149
1815.15	0.351279
1816.15	0.351379
1817.16	0.35148
1818.17	0.351537
1819.18	0.351638
1820.2	0.351681
1821.2	0.35181
1822.22	0.351925
1823.23	0.352026
1824.24	0.352098
1825.24	0.352227
1826.25	0.352284
1827.25	0.352371
1828.26	0.352557
1829.28	0.352644
1830.29	0.352759
1831.29	0.35283
1832.31	0.352902
1833.32	0.353046
1834.32	0.353132
1835.33	0.353233
1836.33	0.353276
1837.34	0.353376
1838.36	0.353463
1839.36	0.353549
1840.36	0.353621
1841.38	0.353707
1842.39	0.353793
1843.4	0.353851
1844.4	0.353937
1845.4	0.354023
1846.4	0.354095
1847.4	0.354124
1848.45	0.354181
1849.47	0.354296
1850.47	0.354497
1851.47	0.354526
1852.47	0.354684
1853.48	0.354784
1854.49	0.354914
1855.5	0.355043
1856.52	0.355101
1857.52	0.355316
1858.53	0.355388
1859.53	0.355474
1860.53	0.355546
1861.53	0.355661
1862.56	0.355747
1863.59	0.355805
1864.59	0.355876
1865.59	0.355977
1866.6	0.356092
1867.62	0.356164
1868.65	0.35625
1869.74	0.356322
1870.74	0.356422
1871.76	0.35648
1872.77	0.356566
1873.79	0.356638
1874.81	0.356767
1875.81	0.356825
1876.83	0.356983
1877.83	0.357141
1878.84	0.357141
1879.86	0.35727
1880.86	0.357313
1881.87	0.357414
1882.89	0.357514
1883.89	0.357601
1884.89	0.357701
1885.9	0.357759
1886.9	0.35783
1887.9	0.357859
1888.91	0.357945
1889.93	0.35806
1890.94	0.358175
1891.94	0.358247
1892.94	0.358319
1893.95	0.358448
1894.95	0.35852
1895.95	0.358664
1896.95	0.358779
1897.96	0.358879
1898.98	0.358951
1899.99	0.359109
1901	0.359195
1902.03	0.359282
1903.07	0.359353
1904.08	0.359468
1905.08	0.359555
1906.08	0.359626
1907.1	0.359784
1908.1	0.359856
1909.11	0.359986
1910.11	0.360043
1911.11	0.360086
1912.12	0.360187
1913.16	0.360273
1914.18	0.360445
1915.22	0.360503
1916.22	0.360589
1917.23	0.360647
1918.23	0.360747
1919.23	0.360819
1920.24	0.360876
1921.25	0.36092
1922.25	0.361049
1923.26	0.361135
1924.27	0.361178
1925.27	0.361351
1926.27	0.361466
1927.29	0.361609
1928.3	0.361667
1929.3	0.361782
1930.3	0.361868
1931.31	0.362026
1932.32	0.362098
1933.35	0.362198
1934.35	0.362299
1935.36	0.362371
1936.36	0.362486
1937.37	0.362586
1938.39	0.362658
1939.42	0.362701
1940.42	0.362787
1941.42	0.362859
1942.44	0.362931
1943.44	0.362945
1944.44	0.363032
1945.45	0.363161
1946.46	0.363218
1947.46	0.363276
1948.46	0.363333
1949.48	0.363491
1950.5	0.363563
1951.51	0.363635
1952.52	0.363736
1953.53	0.363822
1954.54	0.363951
1955.54	0.364023
1956.55	0.364138
1957.55	0.364195
1958.56	0.36431
1959.56	0.364382
1960.57	0.364511
1961.57	0.364598
1962.59	0.364641
1963.6	0.364684
1964.6	0.364727
1965.62	0.364799
1966.62	0.364842
1967.63	0.364957
1968.64	0.365072
1969.64	0.365172
1970.65	0.365273
1971.66	0.365316
1972.66	0.365374
1973.67	0.365431
1974.67	0.365517
1975.67	0.365603
1976.71	0.36569
1977.72	0.365761
1978.72	0.36592
1979.76	0.365991
1980.77	0.366092
1981.77	0.366178
1982.78	0.366322
1983.8	0.366408
1984.8	0.366509
1985.81	0.36658
1986.81	0.366739
1987.82	0.366825
1988.82	0.36694
1989.83	0.367026
1990.83	0.367126
1991.83	0.367213
1992.85	0.367284
1993.85	0.367414
1994.85	0.367586
1995.86	0.367716
1996.86	0.367802
1997.87	0.367974
1998.88	0.368046
1999.89	0.368118
2000.89	0.368261
2001.89	0.368348
2002.9	0.368506
2003.91	0.368606
2004.92	0.368664
2005.93	0.368721
2006.94	0.368836
2007.94	0.368937
2008.96	0.369037
2009.97	0.369224
2010.97	0.369368
2011.97	0.369497
2012.98	0.369598
2013.98	0.369655
2014.99	0.36977
2016	0.369828
2017.01	0.369971
2018.01	0.370014
2019.02	0.370158
2020.04	0.37023
2021.05	0.370345
2022.05	0.370474
2023.05	0.370603
2024.08	0.370747
2025.08	0.370876
2026.09	0.371006
2027.1	0.371092
2028.11	0.371193
2029.12	0.371307
2030.13	0.371408
2031.14	0.371509
2032.14	0.37158
2033.17	0.371638
2034.19	0.37171
2035.21	0.371825
2036.22	0.371954
2037.22	0.372069
2038.23	0.372155
2039.23	0.372299
2040.24	0.372443
2041.24	0.372529
2042.25	0.372586
2043.27	0.372744
2044.27	0.372859
2045.28	0.372917
2046.31	0.372974
2047.31	0.373233
2048.32	0.37329
2049.33	0.373391
2050.33	0.373491
2051.34	0.373563
2052.35	0.373606
2053.36	0.373707
2054.37	0.373764
2055.37	0.373851
2056.38	0.373966
2057.38	0.374037
2058.38	0.374124
2059.38	0.374195
2060.41	0.374353
2061.43	0.374411
2062.43	0.374468
2063.43	0.374612
2064.44	0.374698
2065.46	0.374828
2066.47	0.374943
2067.48	0.375072
2068.49	0.375144
2069.49	0.375244
2070.49	0.375316
2071.49	0.375402
2072.5	0.375517
2073.5	0.375675
2074.52	0.375833
2075.52	0.375948
2076.53	0.375977
2077.54	0.376063
2078.55	0.376149
2079.57	0.376264
2080.58	0.376422
2081.59	0.376552
2082.59	0.376624
2083.63	0.376724
2084.63	0.376853
2085.64	0.37694
2086.64	0.377098
2087.65	0.37717
2088.66	0.377241
2089.67	0.377299
2090.69	0.377443
2091.7	0.377615
2092.71	0.37773
2093.71	0.377802
2094.71	0.37783
2095.72	0.377917
2096.73	0.377945
2097.73	0.378017
2098.74	0.378132
2099.74	0.378233
2100.75	0.37829
2101.77	0.378391
2102.77	0.378463
2103.78	0.378534
2104.78	0.378635
2105.79	0.378793
2106.8	0.378836
2107.81	0.378922
2108.82	0.379109
2109.82	0.379181
2110.83	0.379267
2111.83	0.379368
2112.84	0.379411
2113.85	0.379598
2114.86	0.379698
2115.87	0.379784
2116.87	0.379914
2117.87	0.379943
2118.9	0.380029
2119.9	0.380115
2120.9	0.380187
2121.92	0.380273
2122.93	0.380316
2123.93	0.380431
2124.93	0.380575
2125.93	0.380675
2126.97	0.38079
2127.97	0.380891
2128.99	0.380934
2130	0.381049
2131.01	0.381135
2132.01	0.381236
2133.02	0.381307
2134.04	0.381379
2135.04	0.381422
2136.08	0.381523
2137.11	0.381609
2138.13	0.381695
2139.13	0.38181
2140.14	0.381911
2141.14	0.381954
2142.15	0.381983
2143.15	0.382083
2144.17	0.382141
2145.17	0.382198
2146.18	0.38227
2147.19	0.382356
2148.19	0.382428
2149.21	0.382457
2150.21	0.382557
2151.21	0.382672
2152.23	0.382759
2153.23	0.382931
2154.24	0.383032
2155.24	0.383147
2156.24	0.38329
2157.26	0.383405
2158.27	0.38352
2159.27	0.383578
2160.29	0.383635
2161.29	0.383707
2162.29	0.383779
2163.3	0.383807
2164.32	0.383865
2165.32	0.383994
2166.33	0.38408
2167.37	0.384124
2168.38	0.38421
2169.39	0.384253
2170.4	0.384339
2171.41	0.384397
2172.41	0.384483
2173.44	0.384569
2174.44	0.384684
2175.45	0.384713
2176.45	0.384756
2177.45	0.384899
2178.46	0.384971
2179.46	0.385057
2180.47	0.385187
2181.47	0.385259
2182.48	0.385345
2183.5	0.385388
2184.51	0.385474
2185.51	0.385575
2186.52	0.38569
2187.53	0.385733
2188.53	0.385776
2189.54	0.38592
2190.57	0.386006
2191.58	0.386135
2192.61	0.386221
2193.63	0.386336
2194.64	0.386379
2195.64	0.386466
2196.64	0.386523
2197.66	0.386552
2198.66	0.386638
2199.67	0.38671
2200.68	0.386753
2201.7	0.38681
2202.71	0.386839
2203.73	0.386983
2204.74	0.38704
2205.75	0.387112
2206.75	0.387184
2207.76	0.387213
2208.76	0.387227
2209.77	0.387313
2210.77	0.387457
2211.77	0.387586
2212.78	0.387716
2213.78	0.387888
2214.79	0.387945
2215.79	0.388046
2216.8	0.388132
2217.81	0.388247
2218.83	0.388348
2219.83	0.388434
2220.84	0.38852
2221.85	0.388606
2222.86	0.38875
2223.87	0.388807
2224.87	0.388879
2225.87	0.38898
2226.88	0.38908
2227.88	0.389124
2228.89	0.389181
2229.89	0.389224
2230.9	0.389253
2231.9	0.38931
2232.92	0.389411
2233.93	0.389497
2234.94	0.389583
2235.94	0.389598
2236.96	0.389612
2237.97	0.38967
2238.99	0.389756
2239.99	0.389885
2241.01	0.390144
2242.01	0.390216
2243.01	0.390316
2244.02	0.390374
2245.03	0.39046
2246.03	0.390532
2247.04	0.390632
2248.04	0.390776
2249.06	0.390862
2250.06	0.390991
2251.07	0.391106
2252.07	0.391178
2253.07	0.391221
2254.11	0.391293
2255.11	0.391422
2256.13	0.391466
2257.14	0.391566
2258.15	0.391638
2259.15	0.391724
2260.16	0.39181
2261.16	0.391911
2262.16	0.391997
2263.17	0.392112
2264.17	0.392155
2265.2	0.392227
2266.2	0.392313
2267.2	0.392414
2268.23	0.392457
2269.25	0.392514
2270.25	0.392572
2271.27	0.392629
2272.29	0.392701
2273.29	0.392816
2274.29	0.392931
2275.3	0.393003
2276.31	0.39306
2277.31	0.393103
2278.32	0.39319
2279.33	0.39329
2280.34	0.393491
2281.35	0.393721
2282.35	0.393851
2283.36	0.393908
2284.36	0.394023
2285.37	0.394095
2286.38	0.394195
2287.38	0.394325
2288.38	0.394454
2289.39	0.394511
2290.39	0.394583
2291.39	0.394684
2292.4	0.394813
2293.41	0.394871
2294.41	0.394971
2295.46	0.395086
2296.46	0.395187
2297.46	0.395273
2298.46	0.395287
2299.47	0.395474
2300.5	0.395589
2301.52	0.395704
2302.52	0.395733
2303.52	0.395805
2304.53	0.395948
2305.54	0.396006
2306.54	0.396135
2307.55	0.396207
2308.56	0.39625
2309.57	0.396336
2310.59	0.396422
2311.59	0.39648
2312.59	0.396566
2313.6	0.396695
2314.61	0.396767
2315.61	0.396839
2316.63	0.396897
2317.63	0.39704
2318.65	0.397141
2319.67	0.397213
2320.69	0.397313
2321.7	0.397356
2322.7	0.397428
2323.71	0.397572
2324.71	0.397687
2325.71	0.39773
2326.74	0.397773
2327.74	0.397888
2328.74	0.397917
2329.75	0.398003
2330.76	0.398147
2331.77	0.398175
2332.79	0.398376
2333.79	0.39842
2334.8	0.398448
2335.83	0.398621
2336.85	0.398649
2337.87	0.398664
2338.88	0.398779
2339.89	0.398851
2340.9	0.39898
2341.91	0.399066
2342.92	0.399167
2343.93	0.399253
2344.93	0.399382
2345.94	0.399454
2346.95	0.399526
2347.96	0.399612
2348.98	0.399713
2350	0.39977
2351.02	0.399799
2352.03	0.399856
2353.03	0.399943
2354.04	0.400014
2355.04	0.400101
2356.06	0.400259
2357.08	0.40033
2358.09	0.400445
2359.09	0.400575
2360.11	0.400776
2361.13	0.40092
2362.14	0.400991
2363.14	0.401106
2364.16	0.401164
2365.19	0.401236
2366.19	0.401307
2367.19	0.401351
2368.19	0.401437
2369.2	0.401595
2370.2	0.401667
2371.21	0.401739
2372.23	0.401782
2373.25	0.401839
2374.26	0.401897
2375.27	0.401925
2376.28	0.402055
2377.3	0.402083
2378.31	0.402155
2379.31	0.402213
2380.31	0.402241
2381.33	0.402328
2382.35	0.402428
2383.36	0.402514
2384.36	0.402572
2385.36	0.402644
2386.38	0.402701
2387.38	0.402787
2388.39	0.402931
2389.39	0.402974
2390.4	0.403103
2391.42	0.403132
2392.42	0.403247
2393.43	0.403319
2394.43	0.40342
2395.43	0.403563
2396.44	0.403693
2397.45	0.403807
2398.48	0.403879
2399.48	0.403908
2400.49	0.403922
2401.49	0.404037
2402.54	0.404138
2403.55	0.40421
2404.55	0.404353
2405.55	0.40444
2406.56	0.404526
2407.57	0.40454
2408.58	0.404612
2409.6	0.40467
2410.6	0.40477
2411.63	0.404871
2412.63	0.405029
2413.66	0.405129
2414.67	0.405158
2415.68	0.40523
2416.69	0.405287
2417.72	0.40533
2418.73	0.405388
2419.74	0.405489
2420.76	0.405632
2421.76	0.405704
2422.76	0.405862
2423.76	0.40592
2424.8	0.405977
2425.8	0.406106
2426.81	0.406164
2427.81	0.406236
2428.82	0.406379
2429.83	0.406523
2430.84	0.406609
2431.84	0.406638
2432.84	0.406796
2433.85	0.406853
2434.87	0.406911
2435.88	0.406983
2436.9	0.407069
2437.91	0.407126
2438.91	0.407241
2439.91	0.407356
2440.92	0.407428
2441.96	0.407486
2442.96	0.407601
2443.98	0.407672
2444.98	0.407759
2445.99	0.407845
2447.02	0.407917
2448.03	0.40806
2449.05	0.408147
2450.05	0.408261
2451.06	0.408348
2452.07	0.408391
2453.09	0.40852
2454.09	0.408606
2455.11	0.408649
2456.11	0.408822
2457.12	0.408908
2458.12	0.409037
2459.14	0.409095
2460.15	0.409224
2461.15	0.409267
2462.15	0.40931
2463.16	0.409368
2464.16	0.409425
2465.16	0.409483
2466.16	0.409511
2467.16	0.409598
2468.17	0.409641
2469.21	0.409727
2470.21	0.409799
2471.21	0.409842
2472.23	0.409885
2473.23	0.409986
2474.23	0.410029
2475.24	0.410172
2476.24	0.410287
2477.24	0.410316
2478.25	0.41046
2479.25	0.410517
2480.26	0.410618
2481.26	0.41069
2482.26	0.41079
2483.27	0.410876
2484.27	0.410977
2485.29	0.411078
2486.29	0.411149
2487.3	0.411293
2488.3	0.411437
2489.3	0.411537
2490.31	0.411609
2491.34	0.411753
2492.35	0.411839
2493.36	0.411897
2494.36	0.411968
2495.36	0.41204
2496.38	0.412198
2497.39	0.41227
2498.4	0.412399
2499.4	0.412471
2500.42	0.412557
2501.43	0.41273
2502.43	0.412845
2503.44	0.41296
2504.46	0.413003
2505.46	0.413103
2506.46	0.413218
2507.47	0.413233
2508.49	0.413319
2509.49	0.413434
2510.49	0.413563
2511.5	0.413707
2512.5	0.413807
2513.52	0.413894
2514.53	0.413951
2515.53	0.414037
2516.56	0.414109
2517.56	0.414239
2518.56	0.414282
2519.56	0.414325
2520.58	0.414454
2521.58	0.414483
2522.58	0.414555
2523.59	0.414598
2524.59	0.414713
2525.6	0.414799
2526.62	0.414943
2527.63	0.415
2528.65	0.415129
2529.66	0.415244
2530.69	0.415302
2531.69	0.415402
2532.7	0.41546
2533.7	0.415603
2534.71	0.415632
2535.74	0.415704
2536.74	0.415862
2537.78	0.41602
2538.8	0.416149
2539.8	0.416193
2540.81	0.416279
2541.81	0.416394
2542.82	0.416494
2543.82	0.416552
2544.83	0.41658
2545.84	0.416624
2546.85	0.416652
2547.85	0.416724
2548.86	0.416782
2549.88	0.416911
2550.91	0.417011
2551.93	0.417069
2552.93	0.417184
2553.93	0.417256
2554.95	0.417371
2555.96	0.417443
2556.96	0.417586
2557.97	0.417658
2558.99	0.41773
2560	0.417787
2561.01	0.417902
2562.02	0.418003
2563.02	0.41806
2564.05	0.418147
2565.06	0.418218
2566.06	0.418261
2567.1	0.418319
2568.1	0.418405
2569.11	0.41852
2570.13	0.418606
2571.13	0.418736
2572.13	0.418779
2573.14	0.418822
2574.15	0.418894
2575.15	0.418951
2576.17	0.419023
2577.18	0.419095
2578.22	0.419095
2579.22	0.419152
2580.24	0.419224
2581.26	0.419339
2582.26	0.419468
2583.29	0.419511
2584.3	0.419626
2585.31	0.419727
2586.33	0.419828
2587.34	0.419871
2588.35	0.420029
2589.35	0.420101
2590.36	0.420172
2591.38	0.420273
2592.39	0.420374
2593.4	0.42046
2594.4	0.420517
2595.41	0.420589
2596.43	0.420704
2597.43	0.420819
2598.43	0.420862
2599.45	0.420948
2600.46	0.421063
2601.47	0.421106
2602.47	0.421264
2603.48	0.421408
2604.49	0.421595
2605.53	0.421638
2606.53	0.421667
2607.56	0.421767
2608.56	0.421868
2609.57	0.421925
2610.59	0.422011
2611.6	0.422112
2612.61	0.422198
2613.61	0.422256
2614.62	0.422313
2615.63	0.422371
2616.65	0.422457
2617.67	0.4225
2618.67	0.422557
2619.69	0.422687
2620.7	0.42273
2621.71	0.422802
2622.72	0.422816
2623.73	0.422931
2624.73	0.423032
2625.74	0.423089
2626.74	0.423118
2627.76	0.423218
2628.78	0.423261
2629.8	0.423391
2630.8	0.423405
2631.8	0.423448
2632.8	0.42352
2633.81	0.423649
2634.82	0.423721
2635.83	0.423779
2636.84	0.423822
2637.87	0.423836
2638.87	0.423951
2639.9	0.424023
2640.91	0.424152
2641.92	0.424282
2642.92	0.424397
2643.92	0.424468
2644.93	0.424511
2645.94	0.424583
2646.96	0.424756
2647.97	0.424813
2648.98	0.424914
2649.99	0.424943
2651	0.425101
2652	0.425201
2653.04	0.42533
2654.04	0.425431
2655.04	0.425517
2656.05	0.425575
2657.05	0.425618
2658.06	0.425733
2659.06	0.425862
2660.07	0.42592
2661.07	0.425991
2662.08	0.42602
2663.09	0.426078
2664.1	0.426092
2665.1	0.426221
2666.1	0.426307
2667.11	0.426336
2668.12	0.426422
2669.12	0.426509
2670.16	0.426624
2671.17	0.426724
2672.18	0.426796
2673.19	0.426983
2674.21	0.427098
2675.24	0.427184
2676.25	0.427284
2677.25	0.427371
2678.26	0.427399
2679.26	0.4275
2680.28	0.427572
2681.29	0.427629
2682.29	0.427629
2683.29	0.427687
2684.3	0.427716
2685.31	0.427859
2686.32	0.427974
2687.32	0.428032
2688.32	0.428118
2689.33	0.428233
2690.33	0.428305
2691.34	0.42842
2692.35	0.428477
2693.35	0.428549
2694.35	0.428621
2695.37	0.42875
2696.38	0.428764
2697.42	0.428807
2698.43	0.428922
2699.43	0.429009
2700.45	0.429066
2701.48	0.42921
2702.52	0.429267
2703.53	0.429325
2704.54	0.429397
2705.54	0.429497
2706.55	0.429641
2707.56	0.429756
2708.57	0.429885
2709.57	0.429957
2710.58	0.430129
2711.58	0.430172
2712.59	0.430216
2713.62	0.430273
2714.63	0.430374
2715.63	0.430489
2716.64	0.430589
2717.64	0.430632
2718.65	0.430718
2719.65	0.430862
2720.67	0.43102
2721.68	0.431078
2722.69	0.431236
2723.69	0.431394
2724.69	0.431466
2725.72	0.431566
2726.73	0.431638
2727.74	0.431667
2728.74	0.43171
2729.75	0.431767
2730.75	0.431825
2731.75	0.431853
2732.77	0.431968
2733.79	0.43204
2734.79	0.432112
2735.8	0.432198
2736.8	0.432284
2737.82	0.432385
2738.82	0.432428
2739.83	0.432457
2740.83	0.432543
2741.83	0.432629
2742.83	0.432759
2743.84	0.43283
2744.85	0.432931
2745.86	0.433003
2746.87	0.43306
2747.87	0.433147
2748.87	0.433204
2749.89	0.433261
2750.89	0.43329
2751.91	0.433405
2752.92	0.433506
2753.96	0.433649
2754.97	0.433736
2755.98	0.433879
2757.01	0.433951
2758.01	0.434037
2759.03	0.434109
2760.03	0.43421
2761.04	0.434267
2762.05	0.434325
2763.06	0.434353
2764.06	0.434425
2765.07	0.434483
2766.08	0.434555
2767.08	0.434641
2768.1	0.434741
2769.11	0.434899
2770.12	0.434986
2771.15	0.435057
2772.15	0.435129
2773.17	0.435187
2774.18	0.435316
2775.19	0.435374
2776.19	0.43546
2777.2	0.43556
2778.2	0.435618
2779.2	0.435704
2780.21	0.43579
2781.21	0.435833
2782.24	0.43592
2783.28	0.435991
2784.28	0.436063
2785.28	0.436178
2786.28	0.436221
2787.28	0.436293
2788.3	0.436394
2789.31	0.436466
2790.32	0.436537
2791.32	0.436552
2792.35	0.436652
2793.35	0.436739
2794.36	0.436868
2795.36	0.436997
2796.38	0.437026
2797.38	0.437112
2798.38	0.437126
2799.39	0.437213
2800.41	0.437241
2801.41	0.437328
2802.41	0.437385
2803.42	0.437457
2804.42	0.4375
2805.45	0.437572
2806.45	0.437658
2807.46	0.437802
2808.47	0.437888
2809.48	0.437974
2810.48	0.438118
2811.49	0.438175
2812.52	0.438261
2813.52	0.438348
2814.54	0.438448
2815.55	0.438491
2816.56	0.438563
2817.58	0.438592
2818.58	0.438678
2819.59	0.438779
2820.59	0.438937
2821.6	0.439037
2822.6	0.43908
2823.6	0.43921
2824.61	0.439325
2825.64	0.439397
2826.64	0.439454
2827.65	0.439511
2828.67	0.439598
2829.69	0.439684
2830.72	0.439727
2831.72	0.439784
2832.72	0.439842
2833.74	0.439914
2834.75	0.439971
2835.77	0.440072
2836.82	0.440101
2837.82	0.440158
2838.84	0.440273
2839.85	0.440359
2840.85	0.440388
2841.86	0.440431
2842.89	0.440532
2843.9	0.440575
2844.9	0.440718
2845.92	0.440776
2846.93	0.440819
2847.93	0.440905
2848.94	0.440934
2849.95	0.441106
2850.95	0.441193
2851.97	0.441279
2852.97	0.441394
2853.97	0.441451
2854.98	0.44148
2856	0.441537
2857.01	0.44158
2858.01	0.441638
2859.01	0.441724
2860.02	0.441724
2861.03	0.441825
2862.03	0.44194
2863.04	0.442011
2864.04	0.442069
2865.04	0.442141
2866.08	0.442184
2867.09	0.442313
2868.11	0.442356
2869.13	0.442399
2870.14	0.442486
2871.15	0.442557
2872.15	0.442672
2873.16	0.442888
2874.16	0.442931
2875.18	0.44296
2876.2	0.443075
2877.2	0.443103
2878.22	0.44319
2879.25	0.443276
2880.25	0.443333
2881.25	0.443362
2882.25	0.443434
2883.28	0.443549
2884.29	0.443606
2885.29	0.443707
2886.3	0.44375
2887.36	0.443822
2888.36	0.443879
2889.37	0.443922
2890.37	0.444009
2891.38	0.44408
2892.39	0.444095
2893.39	0.444195
2894.4	0.444224
2895.41	0.444267
2896.42	0.444339
2897.43	0.444468
2898.43	0.444511
2899.43	0.444569
2900.44	0.444641
2901.46	0.444698
2902.47	0.444756
2903.49	0.444856
2904.51	0.444899
2905.52	0.445043
2906.53	0.445101
2907.53	0.445172
2908.54	0.445244
2909.57	0.445302
2910.58	0.445417
2911.59	0.445503
2912.59	0.445575
2913.59	0.445632
2914.6	0.44569
2915.6	0.44579
2916.6	0.445833
2917.61	0.445934
2918.61	0.445948
2919.62	0.446006
2920.64	0.446164
2921.64	0.446207
2922.65	0.446279
2923.67	0.446336
2924.67	0.446394
2925.69	0.446494
2926.71	0.44658
2927.71	0.446667
2928.71	0.446681
2929.74	0.446767
2930.75	0.446796
2931.75	0.446868
2932.77	0.446897
2933.78	0.446983
2934.78	0.447112
2935.79	0.447184
2936.79	0.447227
2937.79	0.447328
2938.8	0.447399
2939.8	0.447543
2940.81	0.447658
2941.81	0.447802
2942.83	0.447859
2943.84	0.447989
2944.86	0.448103
2945.86	0.448132
2946.88	0.448233
2947.89	0.448333
2948.93	0.448477
2949.94	0.448477
2950.94	0.448549
2951.94	0.448578
2952.95	0.448693
2953.95	0.448793
2954.96	0.448865
2955.97	0.448966
2956.97	0.449023
2957.99	0.449124
2958.99	0.449181
2960	0.449239
2961.03	0.44931
2962.03	0.44944
2963.04	0.449468
2964.05	0.449569
2965.06	0.449583
2966.07	0.449641
2967.07	0.449741
2968.08	0.449828
2969.08	0.449928
2970.09	0.450014
2971.1	0.450144
2972.1	0.450216
2973.11	0.450345
2974.11	0.450374
2975.15	0.450445
2976.15	0.450546
2977.16	0.450603
2978.16	0.450675
2979.18	0.450704
2980.19	0.450805
2981.23	0.450891
2982.24	0.450948
2983.24	0.451034
2984.24	0.451092
2985.25	0.451164
2986.27	0.451264
2987.29	0.451307
2988.29	0.451351
2989.29	0.451437
2990.3	0.451494
2991.3	0.45158
2992.31	0.451638
2993.33	0.451739
2994.33	0.45181
2995.35	0.451868
2996.37	0.451954
2997.38	0.451968
2998.38	0.452026
2999.39	0.452112
3000.4	0.452198
3001.42	0.452313
3002.43	0.452457
3003.43	0.452514
3004.45	0.452586
3005.49	0.452658
3006.5	0.452759
3007.51	0.452802
3008.51	0.45296
3009.52	0.453003
3010.53	0.453118
3011.54	0.453218
3012.55	0.453305
3013.56	0.453434
3014.57	0.453491
3015.57	0.453563
3016.57	0.453649
3017.58	0.453693
3018.58	0.453764
3019.59	0.453807
3020.59	0.453851
3021.61	0.453908
3022.61	0.453908
3023.62	0.453951
3024.63	0.454052
3025.63	0.45408
3026.63	0.454167
3027.63	0.454282
3028.64	0.454397
3029.65	0.45454
3030.65	0.454626
3031.65	0.454727
3032.66	0.454842
3033.66	0.454971
3034.69	0.455014
3035.69	0.455129
3036.7	0.455244
3037.74	0.455316
3038.75	0.455445
3039.75	0.455503
3040.77	0.455603
3041.78	0.455675
3042.8	0.45579
3043.81	0.455905
3044.81	0.45602
3045.83	0.456092
3046.83	0.456149
3047.84	0.456164
3048.85	0.456293
3049.85	0.456379
3050.87	0.456437
3051.87	0.456552
3052.88	0.456652
3053.91	0.45681
3054.92	0.45694
3055.92	0.457026
3056.92	0.457098
3057.92	0.457227
3058.92	0.457313
3059.95	0.457356
3060.98	0.457428
3061.98	0.457529
3062.99	0.457615
3063.99	0.457687
3065	0.457787
3066	0.457845
3067.01	0.457902
3068.02	0.45796
3069.02	0.45806
3070.05	0.458103
3071.05	0.458161
3072.09	0.458247
3073.11	0.458276
3074.12	0.458348
3075.12	0.458434
3076.12	0.45852
3077.13	0.458621
3078.13	0.458707
3079.14	0.458764
3080.14	0.458879
3081.14	0.459066
3082.15	0.459095
3083.17	0.459167
3084.2	0.459267
3085.23	0.459353
3086.23	0.459454
3087.24	0.459526
3088.25	0.459569
3089.25	0.459626
3090.26	0.45967
3091.26	0.459784
3092.26	0.459856
3093.27	0.459943
3094.27	0.459986
3095.27	0.460057
3096.28	0.460129
3097.29	0.460201
3098.3	0.460287
3099.3	0.460402
3100.3	0.460431
3101.32	0.460532
3102.39	0.460618
3103.41	0.460747
3104.42	0.460848
3105.42	0.46092
3106.43	0.461092
3107.43	0.461121
3108.45	0.461221
3109.46	0.461307
3110.46	0.461351
3111.47	0.461394
3112.47	0.461451
3113.48	0.461523
3114.5	0.461537
3115.5	0.461595
3116.51	0.461652
3117.51	0.461695
3118.53	0.461796
3119.53	0.461925
3120.53	0.461954
3121.53	0.46204
3122.59	0.462112
3123.59	0.462241
3124.6	0.462328
3125.6	0.462371
3126.62	0.462471
3127.62	0.462543
3128.63	0.462644
3129.64	0.46273
3130.66	0.462874
3131.66	0.46296
3132.66	0.462974
3133.67	0.463075
3134.68	0.463118
3135.69	0.463218
3136.69	0.463247
3137.7	0.463376
3138.71	0.463391
3139.74	0.463434
3140.74	0.463491
3141.75	0.463563
3142.76	0.463621
3143.78	0.463693
3144.79	0.463764
3145.79	0.463822
3146.8	0.463894
3147.82	0.463937
3148.82	0.464037
3149.84	0.464095
3150.87	0.464239
3151.87	0.46431
3152.88	0.464339
3153.88	0.464468
3154.9	0.464526
3155.93	0.464641
3156.94	0.464713
3157.94	0.464799
3158.96	0.464871
3159.98	0.464914
3160.98	0.465
3161.99	0.465029
3162.99	0.465101
3164.04	0.46523
3165.04	0.465273
3166.05	0.465359
3167.08	0.465445
3168.09	0.465532
3169.12	0.46556
3170.12	0.465618
3171.13	0.46569
3172.13	0.46579
3173.15	0.465833
3174.15	0.465891
3175.16	0.465991
3176.16	0.466078
3177.17	0.466078
3178.17	0.466149
3179.17	0.466279
3180.19	0.466379
3181.19	0.466422
3182.21	0.466466
3183.23	0.466494
3184.23	0.466552
3185.29	0.466624
3186.29	0.466652
3187.3	0.466724
3188.32	0.46681
3189.32	0.466897
3190.34	0.466954
3191.34	0.467011
3192.34	0.467055
3193.34	0.46717
3194.36	0.467227
3195.36	0.467342
3196.37	0.467356
3197.4	0.467457
3198.4	0.467543
3199.4	0.467658
3200.41	0.467716
3201.41	0.467845
3202.44	0.467931
3203.45	0.467989
3204.46	0.468089
3205.46	0.468161
3206.46	0.468276
3207.46	0.468348
3208.48	0.468434
3209.48	0.468506
3210.5	0.468621
3211.5	0.468736
3212.51	0.468807
3213.52	0.468922
3214.52	0.469037
3215.53	0.469095
3216.54	0.469152
3217.54	0.469224
3218.56	0.469296
3219.58	0.469353
3220.59	0.469368
3221.6	0.469397
3222.61	0.469526
3223.61	0.469641
3224.61	0.469713
3225.61	0.469756
3226.63	0.469899
3227.67	0.469943
3228.67	0.469971
3229.68	0.470115
3230.68	0.470187
3231.7	0.470316
3232.71	0.47046
3233.71	0.470503
3234.72	0.470675
3235.76	0.470747
3236.76	0.470833
3237.77	0.470948
3238.77	0.471006
3239.79	0.471049
3240.8	0.471149
3241.84	0.471207
3242.84	0.471322
3243.84	0.471408
3244.85	0.471523
3245.86	0.471695
3246.86	0.471853
3247.87	0.471897
3248.89	0.47194
3249.89	0.472055
3250.89	0.472112
3251.9	0.472256
3252.93	0.472299
3253.94	0.472414
3254.94	0.472457
3255.96	0.472486
3256.97	0.472557
3257.98	0.472629
3258.98	0.472672
3259.98	0.472759
3260.98	0.472931
3261.98	0.472974
3262.98	0.473046
3263.98	0.47306
3265.02	0.473089
3266.02	0.47319
3267.03	0.473247
3268.03	0.473348
3269.05	0.473434
3270.05	0.473491
3271.05	0.473621
3272.06	0.473693
3273.06	0.47375
3274.07	0.473879
3275.07	0.473922
3276.07	0.474066
3277.08	0.474124
3278.09	0.47421
3279.11	0.474253
3280.12	0.47431
3281.12	0.474368
3282.13	0.474468
3283.14	0.474511
3284.14	0.474641
3285.14	0.474741
3286.15	0.474784
3287.16	0.474856
3288.17	0.474957
3289.17	0.475014
3290.2	0.475115
3291.22	0.475129
3292.23	0.475144
3293.23	0.475244
3294.23	0.475302
3295.23	0.475359
3296.24	0.475474
3297.24	0.475532
3298.26	0.475603
3299.26	0.475675
3300.28	0.475704
3301.28	0.475776
3302.3	0.475805
3303.31	0.47592
3304.33	0.476006
3305.34	0.47602
3306.35	0.476049
3307.36	0.476121
3308.38	0.476236
3309.39	0.476279
3310.39	0.476322
3311.4	0.476408
3312.4	0.476466
3313.41	0.476552
3314.41	0.476695
3315.42	0.476739
3316.42	0.476839
3317.42	0.476983
3318.44	0.477055
3319.44	0.477126
3320.44	0.477241
3321.45	0.477328
3322.45	0.477414
3323.46	0.477514
3324.46	0.477586
3325.47	0.477644
3326.47	0.477716
3327.48	0.477787
3328.5	0.477902
3329.5	0.477945
3330.52	0.478075
3331.52	0.47819
3332.53	0.478319
3333.57	0.478362
3334.59	0.478448
3335.6	0.478592
3336.6	0.478635
3337.6	0.478707
3338.66	0.47875
3339.68	0.478793
3340.68	0.478793
3341.68	0.478836
3342.72	0.478937
3343.73	0.478994
3344.74	0.479095
3345.74	0.479195
3346.75	0.479239
3347.76	0.479282
3348.77	0.479339
3349.77	0.479468
3350.77	0.479483
3351.77	0.479511
3352.78	0.479626
3353.78	0.479641
3354.78	0.479698
3355.82	0.479727
3356.82	0.479756
3357.83	0.479828
3358.83	0.479871
3359.83	0.479928
3360.83	0.480057
3361.84	0.480072
3362.84	0.480129
3363.85	0.480244
3364.86	0.480345
3365.86	0.480503
3366.86	0.480575
3367.87	0.48069
3368.87	0.480747
3369.87	0.480848
3370.89	0.480905
3371.89	0.480977
3372.9	0.481078
3373.9	0.481135
3374.9	0.481221
3375.92	0.481279
3376.92	0.481293
3377.93	0.481408
3378.93	0.481523
3379.93	0.481609
3380.93	0.481638
3381.94	0.48171
3382.94	0.481767
3383.94	0.48181
3384.96	0.481825
3386.01	0.481968
3387.01	0.482026
3388.01	0.482141
3389.02	0.482227
3390.02	0.482342
3391.03	0.482443
3392.04	0.482572
3393.04	0.482586
3394.04	0.482615
3395.05	0.482658
3396.05	0.482716
3397.06	0.482787
3398.06	0.48283
3399.06	0.482917
3400.07	0.482945
3401.08	0.482974
3402.1	0.483075
3403.1	0.483118
3404.12	0.483247
3405.12	0.483305
3406.12	0.483376
3407.12	0.483477
3408.16	0.483549
3409.17	0.483664
3410.17	0.483736
3411.18	0.483851
3412.18	0.483937
3413.18	0.48398
3414.19	0.48408
3415.2	0.484167
3416.22	0.484267
3417.22	0.484382
3418.22	0.484397
3419.23	0.484468
3420.24	0.484555
3421.24	0.484641
3422.24	0.484741
3423.25	0.484799
3424.25	0.484828
3425.25	0.484856
3426.26	0.484885
3427.26	0.484943
3428.27	0.485029
3429.27	0.485115
3430.27	0.485187
3431.27	0.485302
3432.27	0.485345
3433.28	0.485417
3434.29	0.485445
3435.29	0.485517
3436.3	0.485661
3437.3	0.485747
3438.3	0.485805
3439.31	0.485805
3440.32	0.485891
3441.32	0.485977
3442.32	0.48602
3443.33	0.486049
3444.33	0.486121
3445.33	0.486178
3446.33	0.486207
3447.34	0.486322
3448.34	0.486451
3449.36	0.486509
3450.36	0.486595
3451.36	0.486724
3452.37	0.48681
3453.37	0.486839
3454.38	0.48694
3455.38	0.487055
3456.38	0.487098
3457.38	0.48717
3458.38	0.487198
3459.39	0.487313
3460.39	0.487414
3461.4	0.487557
3462.4	0.487601
3463.4	0.487759
3464.41	0.487802
3465.41	0.487816
3466.41	0.487917
3467.42	0.487931
3468.42	0.488003
3469.43	0.488046
3470.43	0.488089
3471.43	0.488204
3472.44	0.488319
3473.44	0.488448
3474.44	0.488506
3475.44	0.488578
3476.44	0.488649
3477.45	0.488707
3478.45	0.48875
3479.46	0.488851
3480.46	0.488865
3481.47	0.488922
3482.47	0.489023
3483.48	0.489109
3484.49	0.48921
3485.49	0.489267
3486.49	0.489339
3487.5	0.489397
3488.51	0.489483
3489.53	0.489511
3490.54	0.48954
3491.54	0.489598
3492.54	0.489626
3493.54	0.489641
3494.54	0.489684
3495.54	0.489799
3496.55	0.489885
3497.56	0.489928
3498.56	0.490029
3499.56	0.490072
3500.57	0.490201
3501.57	0.490216
3502.57	0.490273
3503.57	0.490431
3504.59	0.490489
3505.6	0.490546
3506.6	0.490632
3507.63	0.490675
3508.63	0.490733
3509.63	0.490848
3510.63	0.490891
3511.63	0.490934
3512.65	0.49102
3513.65	0.491078
3514.66	0.491207
3515.66	0.491264
3516.66	0.491322
3517.66	0.491379
3518.66	0.491466
3519.66	0.491537
3520.68	0.491652
3521.69	0.491695
3522.7	0.491767
3523.7	0.491796
3524.7	0.491897
3525.72	0.491954
3526.72	0.491983
3527.72	0.49204
3528.72	0.492083
3529.73	0.492112
3530.74	0.492184
3531.74	0.492241
3532.74	0.492313
3533.74	0.492428
3534.75	0.492572
3535.75	0.492658
3536.75	0.492687
3537.75	0.492744
3538.76	0.492845
3539.76	0.492859
3540.76	0.49296
3541.76	0.492974
3542.77	0.493017
3543.8	0.493075
3544.8	0.493103
3545.8	0.49319
3546.81	0.493204
3547.82	0.493233
3548.83	0.493305
3549.83	0.493376
3550.83	0.493463
3551.84	0.493491
3552.84	0.49352
3553.84	0.493635
3554.84	0.493664
3555.85	0.49375
3556.85	0.493836
3557.86	0.493908
3558.87	0.493908
3559.88	0.494009
3560.88	0.494066
3561.88	0.494095
3562.88	0.494181
3563.88	0.494195
3564.89	0.494253
3565.89	0.494325
3566.89	0.494353
3567.9	0.494425
3568.9	0.494483
3569.9	0.494569
3570.91	0.494626
3571.91	0.494698
3572.91	0.494799
3573.91	0.494856
3574.92	0.494899
3575.92	0.494971
3576.92	0.495029
3577.92	0.495101
3578.93	0.495129
3579.93	0.49523
3580.95	0.495273
3581.96	0.495273
3582.96	0.495388
3583.97	0.495517
3584.98	0.495575
3585.98	0.495589
3586.98	0.495647
3587.98	0.49569
3588.98	0.49579
3589.98	0.495891
3590.99	0.495963
3591.99	0.495991
3592.99	0.496034
3594	0.496049
3595	0.496092
3596	0.496135
3597.01	0.496221
3598.01	0.496279
3599.02	0.496293
3600.03	0.496307
3601.04	0.49648
3602.04	0.496566
3603.04	0.49658
3604.05	0.496638
3605.06	0.496681
3606.06	0.496695
3607.06	0.496695
3608.06	0.496767
3609.07	0.496853
3610.08	0.496897
3611.08	0.496968
3612.09	0.497069
3613.09	0.497126
3614.09	0.49717
3615.09	0.497213
3616.09	0.497299
3617.09	0.497328
3618.1	0.497399
3619.1	0.497486
3620.11	0.497572
3621.12	0.497586
3622.12	0.497672
3623.12	0.497716
3624.12	0.497773
3625.12	0.497845
3626.13	0.497902
3627.14	0.497917
3628.14	0.497931
3629.15	0.497989
3630.16	0.49806
3631.17	0.498118
3632.17	0.498175
3633.17	0.498218
3634.17	0.498233
3635.17	0.498261
3636.18	0.498348
3637.18	0.498405
3638.18	0.49852
3639.18	0.498578
3640.19	0.498592
3641.2	0.498621
3642.2	0.498721
3643.21	0.498779
3644.21	0.498822
3645.21	0.498937
3646.21	0.498966
3647.21	0.499009
3648.21	0.499037
3649.22	0.499066
3650.23	0.499181
3651.23	0.499224
3652.24	0.499239
3653.26	0.499253
3654.27	0.499325
3655.27	0.499411
3656.28	0.499454
3657.28	0.499511
3658.28	0.499569
3659.28	0.499641
3660.29	0.499756
3661.29	0.499799
3662.3	0.499871
3663.3	0.499885
3664.3	0.499971
3665.31	0.500014
3666.31	0.500072
3667.32	0.500115
3668.32	0.500172
3669.32	0.500187
3670.33	0.500216
3671.33	0.500244
3672.33	0.500359
3673.33	0.500431
3674.33	0.500489
3675.34	0.500603
3676.34	0.500704
3677.35	0.500776
3678.35	0.500848
3679.35	0.500891
3680.35	0.500905
3681.35	0.500934
3682.36	0.500948
3683.36	0.500991
3684.37	0.501049
3685.37	0.501121
3686.37	0.501164
3687.37	0.501178
3688.38	0.501178
3689.38	0.501207
3690.38	0.501221
3691.39	0.50125
3692.39	0.501279
3693.39	0.501322
3694.39	0.501437
3695.39	0.50148
3696.4	0.501537
3697.4	0.50158
3698.41	0.50171
3699.41	0.501753
3700.41	0.501839
3701.43	0.50194
3702.44	0.502011
3703.44	0.502069
3704.45	0.502155
3705.45	0.502213
3706.45	0.50227
3707.47	0.502299
3708.47	0.502342
3709.48	0.502371
3710.48	0.502471
3711.48	0.502486
3712.49	0.502543
3713.5	0.502601
3714.5	0.502687
3715.5	0.502744
3716.51	0.502787
3717.51	0.502874
3718.52	0.502931
3719.52	0.503017
3720.53	0.503032
3721.55	0.503103
3722.57	0.503175
3723.57	0.503233
3724.59	0.503276
3725.59	0.503348
3726.59	0.503391
3727.61	0.503448
3728.62	0.503491
3729.62	0.503506
3730.63	0.503578
3731.64	0.503621
3732.66	0.503678
3733.66	0.50375
3734.66	0.503779
3735.67	0.503807
3736.68	0.503822
3737.68	0.503879
3738.69	0.503951
3739.69	0.503994
3740.69	0.504009
3741.7	0.504023
3742.7	0.504066
3743.7	0.504109
3744.7	0.504124
3745.7	0.504152
3746.7	0.504224
3747.71	0.504267
3748.71	0.504296
3749.71	0.504397
3750.72	0.504425
3751.73	0.50454
3752.73	0.504612
3753.73	0.504626
3754.73	0.504655
3755.74	0.504741
3756.74	0.504784
3757.74	0.504813
3758.75	0.504885
3759.75	0.504914
3760.75	0.504971
3761.75	0.505057
3762.75	0.505101
3763.76	0.505158
3764.76	0.505273
3765.77	0.505374
3766.77	0.505402
3767.78	0.505445
3768.78	0.505489
3769.79	0.505503
3770.8	0.505546
3771.81	0.505575
3772.82	0.505632
3773.82	0.505733
3774.83	0.505819
3775.83	0.505891
3776.83	0.505905
3777.84	0.505991
3778.84	0.506006
3779.84	0.50602
3780.84	0.506078
3781.84	0.506135
3782.88	0.506164
3783.88	0.506221
3784.89	0.506264
3785.89	0.506307
3786.89	0.506422
3787.9	0.50648
3788.9	0.506638
3789.91	0.506695
3790.91	0.506753
3791.91	0.506796
3792.92	0.506825
3793.92	0.506868
3794.92	0.50694
3795.93	0.506983
3796.94	0.506997
3797.95	0.507011
3798.95	0.507083
3799.95	0.507112
3800.96	0.50717
3801.96	0.507227
3802.98	0.50727
3803.98	0.507342
3804.99	0.507385
3806	0.507486
3807	0.507529
3808	0.507615
3809	0.507672
3810.01	0.507716
3811.01	0.507773
3812.01	0.507845
3813.02	0.507902
3814.02	0.50796
3815.02	0.508032
3816.03	0.508075
3817.03	0.508118
3818.03	0.508233
3819.04	0.508261
3820.04	0.508333
3821.04	0.50842
3822.05	0.508491
3823.05	0.508578
3824.06	0.508621
3825.06	0.508664
3826.08	0.508678
3827.09	0.508707
3828.09	0.508736
3829.1	0.508764
3830.11	0.508793
3831.11	0.508836
3832.12	0.508879
3833.12	0.508922
3834.13	0.509009
3835.13	0.509095
3836.13	0.509167
3837.13	0.50921
3838.13	0.509253
3839.14	0.50931
3840.14	0.509353
3841.14	0.50944
3842.15	0.509497
3843.15	0.509555
3844.17	0.509569
3845.17	0.509655
3846.18	0.509698
3847.18	0.509741
3848.19	0.509799
3849.2	0.509828
3850.2	0.509871
3851.23	0.509914
3852.24	0.509957
3853.24	0.510014
3854.24	0.510057
3855.26	0.510086
3856.26	0.510201
3857.26	0.510244
3858.27	0.51033
3859.27	0.510374
3860.28	0.510431
3861.28	0.510474
3862.3	0.510517
3863.31	0.510575
3864.33	0.510632
3865.34	0.51069
3866.35	0.510747
3867.35	0.51079
3868.36	0.510862
3869.36	0.510905
3870.37	0.510963
3871.38	0.511006
3872.39	0.511049
3873.4	0.511092
3874.4	0.511121
3875.41	0.511193
3876.42	0.51125
3877.42	0.511279
3878.43	0.511322
3879.43	0.511379
3880.44	0.511451
3881.44	0.51148
3882.44	0.511537
3883.44	0.511609
3884.45	0.511667
3885.45	0.511753
3886.45	0.511782
3887.46	0.511868
3888.46	0.511911
3889.46	0.511954
3890.46	0.512011
3891.47	0.512069
3892.49	0.512141
3893.52	0.512198
3894.52	0.512241
3895.54	0.512342
3896.54	0.512457
3897.54	0.512543
3898.54	0.512687
3899.55	0.512773
3900.55	0.512787
3901.55	0.51283
3902.55	0.512859
3903.56	0.512931
3904.58	0.512974
3905.58	0.513017
3906.58	0.513046
3907.58	0.513089
3908.59	0.513161
3909.59	0.513218
3910.59	0.513261
3911.6	0.513333
3912.6	0.51342
3913.6	0.513477
3914.6	0.513477
3915.61	0.51352
3916.61	0.513592
3917.61	0.513621
3918.62	0.513635
3919.63	0.513707
3920.63	0.513736
3921.63	0.513764
3922.64	0.513793
3923.65	0.513894
3924.65	0.51398
3925.65	0.514066
3926.66	0.514124
3927.66	0.514152
3928.67	0.514195
3929.68	0.514224
3930.68	0.514267
3931.68	0.514353
3932.7	0.514411
3933.7	0.514483
3934.71	0.514555
3935.72	0.514583
3936.72	0.514655
3937.73	0.51467
3938.73	0.514741
3939.73	0.514799
3940.73	0.514856
3941.74	0.514885
3942.74	0.514914
3943.74	0.514957
3944.74	0.514986
3945.75	0.515057
3946.76	0.515158
3947.77	0.51523
3948.77	0.515287
3949.77	0.515345
3950.77	0.515359
3951.77	0.515431
3952.78	0.515489
3953.79	0.515517
3954.79	0.515546
3955.79	0.515575
3956.79	0.515661
3957.8	0.515661
3958.82	0.515718
3959.82	0.515733
3960.82	0.51579
3961.82	0.515848
3962.83	0.515905
3963.83	0.515948
3964.84	0.516006
3965.84	0.51602
3966.85	0.516078
3967.86	0.516135
3968.86	0.516164
3969.87	0.516236
3970.88	0.516279
3971.9	0.516322
3972.91	0.516422
3973.91	0.51648
3974.91	0.516595
3975.91	0.516638
3976.92	0.516681
3977.92	0.516724
3978.93	0.516753
3979.93	0.516782
3980.93	0.516882
3981.94	0.51694
3982.94	0.516968
3983.94	0.516997
3984.94	0.51704
3985.94	0.517055
3986.94	0.517141
3987.95	0.517241
3988.95	0.517299
3989.95	0.517342
3990.96	0.517356
3991.97	0.517399
3992.97	0.517443
3993.98	0.517471
3994.98	0.517486
3995.98	0.517514
3996.99	0.517572
3997.99	0.517615
3999	0.517644
4000	0.517658
