time	scale_fac	average kmc radical concentration	ode radical concentration
0.000135402  42.4745 6.70977e-05 1.57972e-06 1111111
10.0068  77.5464 4.9055e-05 6.32588e-07 0.731097
20.0072  102.19 5.06546e-05 4.95691e-07 0.754937
30.0129  119.914 5.14748e-05 4.29263e-07 0.767162
40.0146  137.359 5.32104e-05 3.87383e-07 0.793028
50.0221  153.607 5.49262e-05 3.57575e-07 0.8186
60.0318  184.475 6.17687e-05 3.34835e-07 0.920578
70.0351  198.494 6.28606e-05 3.16687e-07 0.936851
80.0367  225.194 6.79449e-05 3.01717e-07 1.01263
90.0371  280.719 8.11457e-05 2.89064e-07 1.20937
100.04  346.716 9.64439e-05 2.78164e-07 1.43737
110.041  448.391 0.000120453 2.68634e-07 1.79519
120.044  559.259 0.000145519 2.60199e-07 2.16876
130.048  691.578 0.000174731 2.52655e-07 2.60413
140.049  844.886 0.000207718 2.45854e-07 3.09576
150.054  953.314 0.000228483 2.39672e-07 3.40522
160.065  1000.37 0.000234103 2.34016e-07 3.48899
170.066  959.465 0.000219545 2.2882e-07 3.27202
180.069  934.278 0.000209295 2.24018e-07 3.11926
190.072  1012.27 0.000222254 2.19561e-07 3.31239
200.082  994.29 0.000214175 2.15405e-07 3.19199
210.082  1000.71 0.000211674 2.11523e-07 3.15471
220.084  1039.63 0.000216118 2.07881e-07 3.22094
230.086  1128.6 0.000230745 2.04454e-07 3.43895
240.087  1203.44 0.000242158 2.01221e-07 3.60904
250.095  1379.56 0.000273377 1.98163e-07 4.07431
260.097  1494.98 0.00029192 1.95266e-07 4.35067
270.101  1496.31 0.000288062 1.92515e-07 4.29317
280.101  1620.37 0.000307704 1.89898e-07 4.58592
290.102  1735.24 0.000325189 1.87403e-07 4.8465
300.104  1854.63 0.000343146 1.85022e-07 5.11413
310.104  2126.08 0.000388529 1.82744e-07 5.79049
320.106  2342.76 0.000423016 1.80563e-07 6.30448
330.107  2496.32 0.000445524 1.78473e-07 6.63993
340.108  2585.21 0.000456199 1.76465e-07 6.79902
350.11  2869 0.000500741 1.74535e-07 7.46286
360.112  3014.04 0.000520457 1.72678e-07 7.75671
370.114  3278.78 0.000560305 1.70888e-07 8.35059
380.124  3301.38 0.000558468 1.69162e-07 8.32321
390.124  3049.36 0.000510759 1.67497e-07 7.61216
400.125  3083.63 0.000511538 1.65888e-07 7.62377
410.127  3075.27 0.000505367 1.64332e-07 7.53181
420.136  3188.46 0.000519164 1.62826e-07 7.73744
430.142  3344.08 0.000539626 1.61367e-07 8.0424
440.146  3363.91 0.000538071 1.59954e-07 8.01921
450.146  3519.16 0.000558083 1.58584e-07 8.31746
460.148  3811.62 0.000599391 1.57254e-07 8.93311
470.151  3810.55 0.0005943 1.55962e-07 8.85723
480.154  3776.6 0.000584264 1.54706e-07 8.70767
490.159  3883.24 0.000596021 1.53485e-07 8.88288
500.166  3721.58 0.000566787 1.52297e-07 8.44719
510.176  3728.58 0.00056354 1.51141e-07 8.39879
520.176  3850.33 0.000577607 1.50015e-07 8.60845
530.177  3965.04 0.000590466 1.48918e-07 8.80009
540.182  3862.55 0.000571071 1.47848e-07 8.51104
550.19  3819.03 0.00056065 1.46804e-07 8.35572
560.197  3505.8 0.000511096 1.45786e-07 7.6172
570.21  3148.97 0.000455944 1.44791e-07 6.79522
580.211  2885.54 0.000415 1.43821e-07 6.18501
590.228  2643.85 0.000377731 1.42871e-07 5.62956
600.228  2608.45 0.000370256 1.41945e-07 5.51816
610.23  2670.34 0.00037662 1.41038e-07 5.61301
620.233  2584.35 0.000362202 1.40152e-07 5.39812
630.234  2202.78 0.000306814 1.39285e-07 4.57265
640.234  1846.08 0.000255563 1.38436e-07 3.80882
650.238  1801.13 0.000247844 1.37604e-07 3.69378
660.247  1584.36 0.000216724 1.3679e-07 3.22998
670.25  1417.23 0.000192731 1.35992e-07 2.8724
680.25  1230.31 0.00016635 1.3521e-07 2.47922
690.252  1068.29 0.000143625 1.34444e-07 2.14054
700.255  938.436 0.000125461 1.33692e-07 1.86983
710.258  803.846 0.000106875 1.32954e-07 1.59283
720.261  744.499 9.84458e-05 1.32231e-07 1.4672
730.27  656.696 8.63689e-05 1.3152e-07 1.28721
740.271  614.224 8.03549e-05 1.30823e-07 1.19758
750.28  590.249 7.68141e-05 1.30138e-07 1.14481
760.288  535.503 6.93294e-05 1.29466e-07 1.03326
770.292  473.849 6.10343e-05 1.28805e-07 0.909633
780.295  411.198 5.26975e-05 1.28156e-07 0.785385
790.299  348.041 4.43816e-05 1.27518e-07 0.661447
800.301  308.219 3.91103e-05 1.26891e-07 0.582887
810.301  274.954 3.47199e-05 1.26275e-07 0.517452
820.302  231.132 2.90461e-05 1.25669e-07 0.432892
830.302  197.818 2.47416e-05 1.25072e-07 0.36874
840.312  171.176 2.13089e-05 1.24485e-07 0.31758
850.326  147.794 1.83127e-05 1.23907e-07 0.272926
860.329  128.649 1.58674e-05 1.23339e-07 0.236481
870.334  109.087 1.33936e-05 1.22779e-07 0.199613
880.34  85.0138 1.03911e-05 1.22228e-07 0.154864
890.343  68.4954 8.33488e-06 1.21685e-07 0.12422
900.344  55.2168 6.68957e-06 1.21151e-07 0.099699
910.348  44.1267 5.32277e-06 1.20625e-07 0.0793286
920.349  36.7396 4.41265e-06 1.20106e-07 0.0657645
930.355  30.0158 3.58973e-06 1.19595e-07 0.0535001
940.359  23.1149 2.75278e-06 1.19091e-07 0.0410265
950.364  19.5485 2.31835e-06 1.18594e-07 0.0345518
960.397  16.3611 1.93231e-06 1.18103e-07 0.0287984
970.402  13.7838 1.62125e-06 1.17621e-07 0.0241626
980.414  11.771 1.37891e-06 1.17144e-07 0.0205508
990.414  10.349 1.20746e-06 1.16675e-07 0.0179956
1000.41  8.81419 1.02431e-06 1.16212e-07 0.015266
1010.42  7.60835 8.80704e-07 1.15755e-07 0.0131257
1020.42  6.00933 6.929e-07 1.15304e-07 0.0103267
1030.42  5.33597 6.12886e-07 1.14859e-07 0.00913424
1040.43  4.55704 5.21417e-07 1.1442e-07 0.00777101
1050.44  3.91078 4.45775e-07 1.13986e-07 0.00664368
1060.45  3.36607 3.82246e-07 1.13558e-07 0.00569685
1070.45  3.02146 3.41836e-07 1.13136e-07 0.0050946
1080.45  2.58377 2.9124e-07 1.12719e-07 0.00434053
1090.49  2.01523 2.26321e-07 1.12305e-07 0.00337301
1100.51  1.6579 1.85515e-07 1.11898e-07 0.00276485
1110.52  1.44424 1.61026e-07 1.11496e-07 0.00239988
1120.52  1.26482 1.40521e-07 1.11099e-07 0.00209427
1130.52  0.969237 1.07301e-07 1.10707e-07 0.00159918
1140.53  0.838214 9.2471e-08 1.10319e-07 0.00137816
1150.54  0.729759 8.02267e-08 1.09936e-07 0.00119567
1160.57  0.59969 6.56998e-08 1.09556e-07 0.000979166
1170.58  0.509697 5.56497e-08 1.09182e-07 0.000829383
1180.58  0.440154 4.78941e-08 1.08812e-07 0.000713797
1190.62  0.379054 4.11066e-08 1.08445e-07 0.000612638
1200.62  0.313065 3.38372e-08 1.08084e-07 0.000504298
1210.62  0.261546 2.81754e-08 1.07726e-07 0.000419916
1220.63  0.217894 2.3396e-08 1.07373e-07 0.000348685
1230.64  0.185299 1.98313e-08 1.07023e-07 0.000295558
1240.65  0.162259 1.73094e-08 1.06677e-07 0.000257973
1250.66  0.142759 1.51803e-08 1.06335e-07 0.000226241
1260.67  0.11634 1.23316e-08 1.05996e-07 0.000183786
1270.68  0.102726 1.08542e-08 1.05662e-07 0.000161767
1280.68  0.0944417 9.94761e-09 1.05331e-07 0.000148256
1290.68  0.0797705 8.37615e-09 1.05003e-07 0.000124835
1300.68  0.0676315 7.07961e-09 1.04679e-07 0.000105512
1310.68  0.0593091 6.18939e-09 1.04358e-07 9.22444e-05
1320.69  0.0489106 5.08869e-09 1.04041e-07 7.584e-05
1330.69  0.0427635 4.4357e-09 1.03726e-07 6.61081e-05
1340.69  0.0346278 3.58104e-09 1.03415e-07 5.33705e-05
1350.71  0.0306165 3.15676e-09 1.03107e-07 4.70473e-05
1360.71  0.0246839 2.53756e-09 1.02802e-07 3.78188e-05
1370.72  0.0220854 2.26376e-09 1.025e-07 3.37382e-05
1380.72  0.0198523 2.02893e-09 1.02201e-07 3.02384e-05
1390.72  0.0176214 1.79571e-09 1.01905e-07 2.67627e-05
1400.73  0.0158787 1.61347e-09 1.01612e-07 2.40466e-05
1410.74  0.0130849 1.32578e-09 1.01321e-07 1.9759e-05
1420.74  0.0107893 1.09008e-09 1.01034e-07 1.62462e-05
1430.75  0.00919302 9.26188e-10 1.00749e-07 1.38036e-05
1440.75  0.00764364 7.67934e-10 1.00467e-07 1.1445e-05
1450.75  0.00657441 6.58674e-10 1.00187e-07 9.81664e-06
1460.76  0.00560211 5.5971e-10 9.99104e-08 8.34171e-06
1470.76  0.00482281 4.80526e-10 9.96362e-08 7.16159e-06
1480.77  0.00427858 4.25138e-10 9.93644e-08 6.3361e-06
1490.77  0.00359005 3.55756e-10 9.9095e-08 5.30205e-06
1500.78  0.00315948 3.12245e-10 9.8828e-08 4.65358e-06
1510.81  0.002791 2.75089e-10 9.85628e-08 4.09982e-06
1520.81  0.00255331 2.50992e-10 9.83008e-08 3.7407e-06
1530.83  0.00221062 2.1673e-10 9.80406e-08 3.23007e-06
1540.83  0.00195438 1.91105e-10 9.77832e-08 2.84816e-06
1550.83  0.00172972 1.68696e-10 9.7528e-08 2.51419e-06
1560.84  0.00161166 1.56774e-10 9.72748e-08 2.3365e-06
1570.84  0.00148523 1.44103e-10 9.7024e-08 2.14766e-06
1580.84  0.00128313 1.24175e-10 9.67754e-08 1.85066e-06
1590.85  0.0011324 1.09309e-10 9.65288e-08 1.62911e-06
1600.86  0.000978218 9.41869e-11 9.62842e-08 1.40373e-06
1610.86  0.000873948 8.39355e-11 9.60418e-08 1.25094e-06
1620.87  0.00075513 7.23425e-11 9.58014e-08 1.07817e-06
1630.88  0.000727699 6.95409e-11 9.55627e-08 1.03641e-06
1640.89  0.000684587 6.52591e-11 9.53263e-08 9.72599e-07
1650.9  0.000636878 6.05618e-11 9.50916e-08 9.02591e-07
1660.91  0.000574016 5.44507e-11 9.48592e-08 8.11513e-07
1670.91  0.000536693 5.07864e-11 9.46285e-08 7.56903e-07
1680.91  0.000473325 4.46818e-11 9.43997e-08 6.65922e-07
1690.92  0.000436028 4.1062e-11 9.41729e-08 6.11973e-07
1700.92  0.000402446 3.78088e-11 9.39477e-08 5.63489e-07
1710.93  0.000387462 3.63145e-11 9.37242e-08 5.41219e-07
1720.95  0.000346403 3.23895e-11 9.35025e-08 4.82722e-07
1730.96  0.000314134 2.93032e-11 9.32825e-08 4.36724e-07
1740.96  0.000278856 2.59515e-11 9.30644e-08 3.86772e-07
1750.97  0.000263471 2.44627e-11 9.28478e-08 3.64583e-07
1760.98  0.000246183 2.28047e-11 9.26331e-08 3.39874e-07
1770.99  0.000227933 2.10656e-11 9.242e-08 3.13953e-07
1781.01  0.000200486 1.84864e-11 9.22082e-08 2.75515e-07
1791.01  0.00017864 1.64346e-11 9.19984e-08 2.44935e-07
1801.03  0.000166618 1.52939e-11 9.17898e-08 2.27934e-07
1811.03  0.000159812 1.46361e-11 9.15831e-08 2.18131e-07
1821.03  0.000149016 1.36168e-11 9.1378e-08 2.0294e-07
1831.05  0.000145851 1.32978e-11 9.11742e-08 1.98186e-07
1841.07  0.000141923 1.2911e-11 9.09716e-08 1.92421e-07
1851.07  0.000137528 1.24835e-11 9.07711e-08 1.8605e-07
1861.09  0.000131286 1.18908e-11 9.05717e-08 1.77217e-07
1871.11  0.000124813 1.12798e-11 9.03736e-08 1.6811e-07
1881.12  0.000128259 1.1566e-11 9.01773e-08 1.72376e-07
1891.14  0.000130873 1.17762e-11 8.99822e-08 1.75508e-07
1901.14  0.000125862 1.1301e-11 8.97888e-08 1.68426e-07
1911.15  0.000123774 1.10897e-11 8.95965e-08 1.65277e-07
1921.16  0.00012058 1.07805e-11 8.94057e-08 1.60669e-07
1931.16  0.000118647 1.05852e-11 8.92163e-08 1.57758e-07
1941.16  0.00011752 1.04626e-11 8.90283e-08 1.5593e-07
1951.17  0.000110096 9.78109e-12 8.88415e-08 1.45774e-07
1961.17  0.000105125 9.31995e-12 8.86561e-08 1.38901e-07
1971.19  0.000103851 9.1879e-12 8.84718e-08 1.36933e-07
1981.2  0.000102703 9.06749e-12 8.82886e-08 1.35139e-07
1991.25  0.000107436 9.46574e-12 8.81062e-08 1.41074e-07
2001.26  0.000109641 9.64026e-12 8.79257e-08 1.43675e-07
2011.26  0.000113655 9.97285e-12 8.77465e-08 1.48632e-07
2021.27  0.000106602 9.335e-12 8.75686e-08 1.39125e-07
2031.28  0.00010567 9.23467e-12 8.73915e-08 1.3763e-07
2041.29  0.00010897 9.50395e-12 8.7216e-08 1.41643e-07
2051.29  0.000111109 9.67112e-12 8.70415e-08 1.44135e-07
2061.29  0.000114317 9.93053e-12 8.68683e-08 1.48001e-07
2071.3  0.000114037 9.88659e-12 8.66961e-08 1.47346e-07
2081.31  0.000113138 9.78924e-12 8.6525e-08 1.45895e-07
2091.32  0.000118769 1.02562e-11 8.63549e-08 1.52855e-07
2101.32  0.000113876 9.81457e-12 8.61861e-08 1.46273e-07
2111.33  0.00011607 9.98412e-12 8.60183e-08 1.488e-07
2121.34  0.000121191 1.04045e-11 8.58516e-08 1.55064e-07
2131.38  0.000121892 1.04444e-11 8.56854e-08 1.55659e-07
2141.4  0.000123015 1.05203e-11 8.55207e-08 1.56791e-07
2151.4  0.000124549 1.06311e-11 8.53573e-08 1.58443e-07
2161.42  0.000132777 1.13119e-11 8.51946e-08 1.68588e-07
2171.45  0.000134945 1.14748e-11 8.50328e-08 1.71016e-07
2181.45  0.000135208 1.14754e-11 8.48724e-08 1.71025e-07
2191.49  0.000146752 1.24317e-11 8.47125e-08 1.85277e-07
2201.49  0.000142966 1.20883e-11 8.4554e-08 1.8016e-07
2211.49  0.000137274 1.15854e-11 8.43966e-08 1.72665e-07
2221.51  0.000145672 1.22714e-11 8.42399e-08 1.82888e-07
2231.53  0.000156077 1.31236e-11 8.40842e-08 1.9559e-07
2241.53  0.000160395 1.34619e-11 8.39296e-08 2.00631e-07
2251.54  0.000160281 1.34277e-11 8.37759e-08 2.00122e-07
2261.54  0.000176293 1.47422e-11 8.36233e-08 2.19712e-07
2271.54  0.000180957 1.51047e-11 8.34714e-08 2.25115e-07
2281.56  0.00019193 1.59917e-11 8.33204e-08 2.38334e-07
2291.57  0.000196595 1.63509e-11 8.31703e-08 2.43688e-07
2301.57  0.000219216 1.81996e-11 8.30213e-08 2.7124e-07
2311.58  0.000230735 1.91217e-11 8.2873e-08 2.84983e-07
2321.6  0.000246456 2.03881e-11 8.27253e-08 3.03857e-07
2331.6  0.000250081 2.06514e-11 8.25789e-08 3.07781e-07
2341.6  0.000243421 2.0066e-11 8.24333e-08 2.99056e-07
2351.61  0.0002457 2.02183e-11 8.22885e-08 3.01326e-07
2361.62  0.000255266 2.09686e-11 8.21444e-08 3.12509e-07
2371.63  0.00027596 2.2629e-11 8.20012e-08 3.37255e-07
2381.63  0.000288817 2.36422e-11 8.18589e-08 3.52355e-07
2391.63  0.000302081 2.46853e-11 8.17174e-08 3.67901e-07
2401.64  0.000341408 2.78509e-11 8.15767e-08 4.1508e-07
2411.65  0.000330742 2.69346e-11 8.14367e-08 4.01423e-07
2421.66  0.000364014 2.95934e-11 8.12975e-08 4.4105e-07
2431.66  0.000398974 3.23804e-11 8.11591e-08 4.82586e-07
2441.67  0.000426981 3.45947e-11 8.10216e-08 5.15587e-07
2451.68  0.000450811 3.64637e-11 8.08847e-08 5.43442e-07
2461.68  0.000489807 3.95513e-11 8.07487e-08 5.89458e-07
2471.68  0.000572019 4.61124e-11 8.06134e-08 6.87243e-07
2481.68  0.000655212 5.27307e-11 8.04789e-08 7.8588e-07
2491.69  0.000706277 5.67459e-11 8.03451e-08 8.4572e-07
2501.69  0.000795798 6.38325e-11 8.0212e-08 9.51337e-07
2511.7  0.000879629 7.04403e-11 8.00796e-08 1.04982e-06
2521.7  0.00103805 8.29904e-11 7.9948e-08 1.23686e-06
2531.72  0.00110662 8.83271e-11 7.98169e-08 1.3164e-06
2541.73  0.00120058 9.56698e-11 7.96865e-08 1.42583e-06
2551.73  0.00127886 1.01742e-10 7.9557e-08 1.51633e-06
2561.74  0.00131106 1.04135e-10 7.94281e-08 1.55199e-06
2571.77  0.00138472 1.09808e-10 7.92996e-08 1.63654e-06
2581.77  0.00152662 1.20866e-10 7.91722e-08 1.80135e-06
2591.78  0.001676 1.3248e-10 7.90453e-08 1.97443e-06
2601.78  0.00193532 1.52734e-10 7.89192e-08 2.2763e-06
2611.79  0.00203749 1.60541e-10 7.87937e-08 2.39265e-06
2621.81  0.00217316 1.7096e-10 7.86687e-08 2.54792e-06
2631.82  0.00242066 1.9013e-10 7.85444e-08 2.83362e-06
2641.82  0.00272912 2.1402e-10 7.84209e-08 3.18968e-06
2651.85  0.0031812 2.4908e-10 7.82976e-08 3.7122e-06
2661.85  0.0035697 2.79063e-10 7.81754e-08 4.15905e-06
2671.87  0.00374084 2.91986e-10 7.80536e-08 4.35166e-06
2681.87  0.00411705 3.20853e-10 7.79326e-08 4.78187e-06
2691.88  0.00467248 3.63576e-10 7.78121e-08 5.4186e-06
2701.88  0.00482403 3.7479e-10 7.76923e-08 5.58574e-06
2711.88  0.00577828 4.48239e-10 7.75731e-08 6.6804e-06
2721.89  0.006672 5.16776e-10 7.74544e-08 7.70184e-06
2731.91  0.00743965 5.75355e-10 7.73363e-08 8.57489e-06
2741.93  0.00856384 6.61288e-10 7.72187e-08 9.85561e-06
2751.94  0.00915933 7.06201e-10 7.71018e-08 1.0525e-05
2761.95  0.0102238 7.87086e-10 7.69855e-08 1.17305e-05
2771.95  0.0110841 8.52033e-10 7.68698e-08 1.26984e-05
2781.96  0.0133383 1.02377e-09 7.67545e-08 1.5258e-05
2791.99  0.0156826 1.20191e-09 7.66397e-08 1.79129e-05
2802  0.0184987 1.41563e-09 7.65257e-08 2.1098e-05
2812.01  0.0216786 1.65651e-09 7.64121e-08 2.4688e-05
2822.03  0.0265376 2.02479e-09 7.6299e-08 3.01768e-05
2832.04  0.0308964 2.35389e-09 7.61866e-08 3.50816e-05
2842.04  0.0325602 2.47701e-09 7.60748e-08 3.69165e-05
2852.04  0.0377373 2.86666e-09 7.59636e-08 4.27236e-05
2862.05  0.0441955 3.35236e-09 7.58528e-08 4.99623e-05
2872.05  0.0496105 3.75763e-09 7.57426e-08 5.60024e-05
2882.06  0.0567996 4.29591e-09 7.56328e-08 6.40247e-05
2892.07  0.0679328 5.13053e-09 7.55236e-08 7.64636e-05
2902.08  0.0824545 6.21829e-09 7.54149e-08 9.26752e-05
2912.11  0.0961711 7.24231e-09 7.53064e-08 0.000107937
2922.12  0.103766 7.80309e-09 7.51987e-08 0.000116294
2932.14  0.125957 9.45826e-09 7.50914e-08 0.000140963
2942.14  0.14677 1.10055e-08 7.49847e-08 0.000164022
2952.17  0.157829 1.1818e-08 7.48783e-08 0.000176131
2962.17  0.197711 1.47834e-08 7.47727e-08 0.000220327
2972.2  0.238994 1.7845e-08 7.46673e-08 0.000265956
2982.2  0.285696 2.13023e-08 7.45626e-08 0.000317481
2992.21  0.320233 2.3844e-08 7.44583e-08 0.000355362
3002.21  0.370225 2.75279e-08 7.43546e-08 0.000410266
3012.21  0.412816 3.06521e-08 7.42513e-08 0.000456828
3022.22  0.467724 3.4681e-08 7.41484e-08 0.000516873
3032.26  0.549853 4.07143e-08 7.40458e-08 0.000606791
3042.27  0.664666 4.9148e-08 7.39439e-08 0.000732484
3052.27  0.857052 6.32868e-08 7.38424e-08 0.000943203
3062.27  1.01553 7.48866e-08 7.37415e-08 0.00111608
3072.28  1.12389 8.27641e-08 7.36409e-08 0.00123349
3082.29  1.33053 9.78482e-08 7.35408e-08 0.00145829
3092.32  1.58266 1.16232e-07 7.34409e-08 0.00173228
3102.39  1.78357 1.30809e-07 7.3341e-08 0.00194953
3112.4  2.25021 1.64811e-07 7.32422e-08 0.00245628
3122.4  2.52492 1.84682e-07 7.31439e-08 0.00275244
3132.41  3.01357 2.20129e-07 7.30459e-08 0.00328072
3142.43  3.6254 2.64467e-07 7.29483e-08 0.00394152
3152.44  4.337 3.15956e-07 7.28512e-08 0.00470889
3162.45  5.01078 3.64557e-07 7.27545e-08 0.00543322
3172.45  5.82877 4.23509e-07 7.26583e-08 0.00631182
3182.47  6.60218 4.7907e-07 7.25624e-08 0.00713989
3192.48  7.56709 5.48364e-07 7.2467e-08 0.00817262
3202.49  9.14091 6.61545e-07 7.23719e-08 0.00985943
3212.49  11.4947 8.30809e-07 7.22773e-08 0.0123821
3222.49  14.6665 1.05867e-06 7.21831e-08 0.0157781
3232.51  16.6506 1.20033e-06 7.20892e-08 0.0178893
3242.52  20.9274 1.50669e-06 7.19958e-08 0.0224551
3252.52  25.781 1.85373e-06 7.19029e-08 0.0276273
3262.53  29.5113 2.11921e-06 7.18102e-08 0.031584
3272.53  36.6142 2.6259e-06 7.1718e-08 0.0391354
3282.54  41.5274 2.97445e-06 7.16262e-08 0.0443301
3292.55  47.1885 3.37561e-06 7.15347e-08 0.0503089
3302.58  58.7393 4.19653e-06 7.14433e-08 0.0625436
3312.58  70.2591 5.01317e-06 7.13527e-08 0.0747145
3322.59  87.422 6.22989e-06 7.12623e-08 0.092848
3332.59  113.513 8.07898e-06 7.11724e-08 0.120406
3342.6  136.819 9.72551e-06 7.10828e-08 0.144945
3352.6  166.4 1.18133e-05 7.09935e-08 0.176061
3362.62  189.254 1.3419e-05 7.09046e-08 0.199991
3372.62  243.918 1.72733e-05 7.08161e-08 0.257435
3382.63  282.994 2.00155e-05 7.07279e-08 0.298304
3392.63  328.988 2.32398e-05 7.06401e-08 0.346357
3402.65  400.611 2.82641e-05 7.05526e-08 0.421238
3412.66  526.019 3.70661e-05 7.04655e-08 0.552421
3422.68  604.181 4.25214e-05 7.03786e-08 0.633723
3432.69  626.543 4.4041e-05 7.02921e-08 0.656372
3442.69  674.01 4.73196e-05 7.02061e-08 0.705235
3452.7  710.387 4.98127e-05 7.01205e-08 0.74239
3462.7  785.119 5.49859e-05 7.00351e-08 0.81949
3472.7  833.198 5.82823e-05 6.99501e-08 0.868619
3482.7  929.74 6.49567e-05 6.98655e-08 0.968092
3492.7  1072.84 7.48641e-05 6.97811e-08 1.11575
3502.7  1176.31 8.19857e-05 6.96971e-08 1.22189
3512.7  1427.05 9.93415e-05 6.96134e-08 1.48055
3522.7  1678.36 0.000116696 6.95301e-08 1.7392
3532.71  1893.94 0.000131529 6.9447e-08 1.96025
3542.71  2068.4 0.000143473 6.93643e-08 2.13828
3552.71  2371.76 0.00016432 6.92819e-08 2.44896
3562.71  2692.74 0.000186337 6.91998e-08 2.7771
3572.71  3045.97 0.000210531 6.91181e-08 3.13768
3582.73  3277.66 0.000226278 6.90365e-08 3.37237
3592.73  3491.69 0.000240771 6.89553e-08 3.58836
3602.75  3926.58 0.000270441 6.88744e-08 4.03055
3612.75  4273.07 0.000293961 6.87939e-08 4.38109
3622.75  4676.39 0.000321331 6.87136e-08 4.78901
3632.76  4760.06 0.0003267 6.86337e-08 4.86903
3642.76  4913.95 0.000336871 6.85541e-08 5.02061
3652.76  5114.34 0.000350203 6.84747e-08 5.2193
3662.77  5166.06 0.000353336 6.83957e-08 5.266
3672.77  5234.83 0.000357628 6.8317e-08 5.32995
3682.77  5150.17 0.00035144 6.82385e-08 5.23773
3692.78  5622.73 0.000383247 6.81603e-08 5.71178
3702.8  5704.11 0.000388349 6.80823e-08 5.78781
3712.8  5330.97 0.000362531 6.80047e-08 5.40303
3722.81  5326.4 0.000361809 6.79274e-08 5.39227
3732.82  5459.73 0.000370445 6.78504e-08 5.52098
3742.82  5584.7 0.000378495 6.77736e-08 5.64096
3752.82  5647.04 0.000382289 6.76972e-08 5.69749
3762.82  6060.03 0.000409785 6.7621e-08 6.10729
3772.83  5976.13 0.000403658 6.75451e-08 6.01598
3782.88  5919.29 0.000399369 6.74691e-08 5.95206
3792.88  5855.45 0.000394621 6.73938e-08 5.88129
3802.88  6039.08 0.000406543 6.73187e-08 6.05897
3812.88  6171.98 0.000415028 6.72439e-08 6.18543
3822.89  6112.03 0.000410541 6.71694e-08 6.11856
3832.89  5948.19 0.000399094 6.70951e-08 5.94796
3842.9  6055.61 0.000405853 6.7021e-08 6.04869
3852.9  5864.14 0.000392588 6.69473e-08 5.85099
3862.91  5805.67 0.000388247 6.68738e-08 5.7863
3872.91  5714.82 0.000381753 6.68006e-08 5.68951
3882.93  5927.56 0.000395531 6.67275e-08 5.89486
3892.95  6724.34 0.000448209 6.66546e-08 6.67994
3902.95  7081.85 0.000471525 6.65822e-08 7.02743
3912.96  6919.96 0.000460246 6.651e-08 6.85935
3922.97  6780.83 0.000450505 6.64379e-08 6.71416
3932.97  6003.04 0.000398399 6.63663e-08 5.9376
3942.98  6104.04 0.000404666 6.62948e-08 6.03099
3952.98  6520.58 0.000431816 6.62236e-08 6.43563
3962.98  6419.35 0.000424657 6.61527e-08 6.32893
3972.99  6400.14 0.000422933 6.60819e-08 6.30325
3982.99  6233.05 0.000411453 6.60115e-08 6.13214
3992.99  6415.4 0.00042304 6.59413e-08 6.30483
