time	conversion
1	0.00231106
2.00002	0.00362241
3.00002	0.00470216
4.00037	0.00563822
5.00057	0.00647773
6.00057	0.00728894
7.00065	0.00804425
8.00065	0.00873032
9.00111	0.00940718
10.0013	0.0100838
11.0013	0.0107171
12.0014	0.0113307
13.0014	0.0119624
14.0014	0.0125111
15.0015	0.0130687
16.0015	0.0136174
17.0016	0.0141652
18.0016	0.0147066
19.0017	0.0152289
20.0018	0.0157519
21.0019	0.0162279
22.0019	0.0167253
23.0021	0.0172178
24.0022	0.0176908
25.0025	0.0181797
26.0027	0.0186385
27.0027	0.0190898
28.0031	0.0195592
29.0032	0.020019
30.0034	0.0204931
31.0034	0.0209458
32.0037	0.0213927
33.0038	0.0218309
34.0039	0.022253
35.004	0.0226711
36.0042	0.0231122
37.0043	0.0235389
38.0043	0.0239585
39.0045	0.0243713
40.0046	0.0247741
41.005	0.0251694
42.005	0.0255609
43.0052	0.0259636
44.0053	0.0263484
45.0053	0.0267333
46.0055	0.0271241
47.0058	0.0274944
48.0066	0.0278618
49.0066	0.0282414
50.0067	0.0286172
51.0068	0.0289813
52.0068	0.029344
53.0068	0.029698
54.0068	0.0300668
55.0072	0.0304362
56.0074	0.0307955
57.0074	0.0311687
58.0074	0.0315236
59.0078	0.0318849
60.0079	0.0322194
61.0079	0.0325733
62.0079	0.0329152
63.008	0.0332601
64.0081	0.0336069
65.0081	0.0339572
66.0081	0.0343034
67.0081	0.0346524
68.0082	0.0349756
69.0082	0.0353066
70.0083	0.0356559
71.0087	0.0359657
72.0088	0.0362833
73.0093	0.0366292
74.0094	0.0369453
75.0095	0.0372526
76.0097	0.0375668
77.0101	0.0378918
78.0106	0.0382063
79.0108	0.0385119
80.0109	0.0388236
81.011	0.0391409
82.0112	0.0394589
83.0112	0.0397818
84.0114	0.0400787
85.0115	0.0404039
86.012	0.0407076
87.0121	0.0410003
88.0121	0.0413032
89.0121	0.0416024
90.0124	0.0419052
91.0124	0.0422096
92.0129	0.042508
93.0129	0.0428011
94.0132	0.0430881
95.0132	0.0433756
96.0132	0.0436704
97.0133	0.0439697
98.0136	0.0442453
99.0136	0.0445193
100.014	0.0448033
101.014	0.0450872
102.014	0.045372
103.014	0.0456461
104.015	0.0459228
105.015	0.0462231
106.015	0.0465078
107.015	0.0467819
108.015	0.0470522
109.016	0.0473236
110.016	0.0475964
111.016	0.0478687
112.016	0.0481333
113.016	0.0483957
114.017	0.0486642
115.017	0.0489295
116.017	0.0491955
117.017	0.0494602
118.017	0.0497257
119.017	0.0499964
120.018	0.0502501
121.018	0.0505027
122.018	0.0507698
123.018	0.0510239
124.018	0.0512895
125.018	0.051554
126.019	0.0518105
127.019	0.0520622
128.019	0.05233
129.02	0.0525839
130.02	0.0528312
131.02	0.0531001
132.02	0.0533733
133.02	0.0536247
134.021	0.0538609
135.021	0.0541214
136.021	0.0543691
137.021	0.0546108
138.021	0.054847
139.021	0.0551086
140.021	0.0553743
141.022	0.0556204
142.022	0.0558668
143.022	0.0561059
144.022	0.0563668
145.022	0.0566065
146.023	0.056855
147.023	0.0570958
148.023	0.0573453
149.024	0.0575874
150.025	0.0578293
151.025	0.0580642
152.025	0.0583256
153.025	0.0585555
154.025	0.0587983
155.026	0.0590407
156.027	0.0592677
157.027	0.0595172
158.027	0.059757
159.027	0.0599955
160.027	0.0602375
161.028	0.0604704
162.028	0.0607032
163.028	0.0609404
164.028	0.061169
165.029	0.0614062
166.029	0.0616391
167.029	0.0618662
168.03	0.0621036
169.03	0.0623381
170.03	0.0625704
171.03	0.062808
172.03	0.0630391
173.03	0.0632592
174.03	0.0634728
175.03	0.0636996
176.031	0.0639379
177.031	0.0641739
178.031	0.0644194
179.031	0.0646497
180.032	0.0648812
181.032	0.0651125
182.032	0.0653369
183.032	0.0655642
184.032	0.0657866
185.033	0.0660162
186.033	0.0662371
187.033	0.066454
188.034	0.066668
189.034	0.0668859
190.034	0.067105
191.035	0.0673144
192.035	0.0675412
193.035	0.0677572
194.035	0.0679805
195.036	0.0681986
196.036	0.0684216
197.037	0.0686358
198.037	0.0688615
199.038	0.0690852
200.038	0.0692881
201.038	0.0695011
202.038	0.0697083
203.038	0.0699193
204.038	0.0701335
205.039	0.0703572
206.039	0.070573
207.039	0.0707866
208.039	0.0710017
209.039	0.0712114
210.04	0.0714257
211.04	0.0716497
212.041	0.071876
213.041	0.0720924
214.041	0.0722957
215.041	0.0725216
216.041	0.0727198
217.041	0.0729316
218.041	0.0731421
219.042	0.0733586
220.042	0.0735763
221.042	0.073772
222.042	0.0739743
223.042	0.0741891
224.043	0.0744037
225.043	0.0746003
226.043	0.0747989
227.043	0.0749983
228.043	0.0751924
229.043	0.0754052
230.043	0.075623
231.044	0.0758237
232.045	0.076023
233.045	0.0762379
234.045	0.0764425
235.045	0.0766341
236.045	0.0768385
237.045	0.0770391
238.046	0.0772407
239.046	0.0774417
240.046	0.0776391
241.046	0.0778378
242.046	0.0780282
243.046	0.0782217
244.046	0.078427
245.047	0.0786119
246.047	0.0788187
247.047	0.0790178
248.047	0.0792023
249.047	0.0794037
250.047	0.0795941
251.047	0.0797983
252.048	0.0799878
253.048	0.0801714
254.048	0.080372
255.049	0.080558
256.049	0.0807524
257.049	0.080947
258.05	0.0811349
259.05	0.0813392
260.051	0.0815332
261.051	0.0817208
262.051	0.0819112
263.051	0.082093
264.052	0.0822861
265.052	0.0824736
266.052	0.0826642
267.052	0.0828542
268.052	0.0830397
269.052	0.0832204
270.052	0.08342
271.053	0.0836098
272.054	0.0837832
273.054	0.0839717
274.055	0.0841549
275.055	0.0843349
276.055	0.084525
277.055	0.0846951
278.056	0.0848846
279.056	0.0850614
280.056	0.085256
281.056	0.0854443
282.056	0.0856277
283.056	0.0858095
284.057	0.0859986
285.057	0.0861822
286.057	0.0863783
287.057	0.0865526
288.057	0.0867355
289.058	0.0869261
290.059	0.0871083
291.059	0.0872864
292.059	0.0874687
293.059	0.0876626
294.059	0.0878444
295.059	0.0880198
296.059	0.0881953
297.059	0.0883832
298.059	0.0885635
299.06	0.0887546
300.06	0.0889376
301.061	0.0891237
302.061	0.0893136
303.061	0.0894842
304.061	0.0896769
305.061	0.0898539
306.062	0.0900332
307.062	0.0902162
308.062	0.0904029
309.063	0.0905806
310.063	0.0907645
311.063	0.0909361
312.064	0.0911174
313.064	0.0913029
314.064	0.0914793
315.064	0.0916517
316.065	0.0918313
317.066	0.092007
318.066	0.0921805
319.066	0.0923491
320.066	0.0925165
321.066	0.0926917
322.066	0.0928703
323.067	0.0930457
324.067	0.0932154
325.067	0.0933866
326.067	0.0935526
327.067	0.0937226
328.067	0.0938967
329.067	0.0940792
330.067	0.0942487
331.067	0.0944207
332.067	0.0945922
333.067	0.0947632
334.068	0.094931
335.068	0.0950922
336.068	0.0952598
337.068	0.0954365
338.068	0.095605
339.068	0.0957648
340.068	0.095933
341.069	0.0960904
342.069	0.0962507
343.07	0.0964162
344.07	0.0965865
345.07	0.0967529
346.07	0.0969142
347.07	0.0970681
348.07	0.0972398
349.07	0.0974079
350.071	0.0975659
351.071	0.0977313
352.071	0.0978968
353.071	0.0980511
354.072	0.0982124
355.072	0.09838
356.073	0.0985428
357.073	0.0987115
358.073	0.098875
359.073	0.0990398
360.073	0.0992011
361.074	0.099371
362.074	0.09953
363.074	0.0996871
364.075	0.0998522
365.075	0.100007
366.075	0.100178
367.075	0.10034
368.075	0.100497
369.075	0.100657
370.076	0.100826
371.076	0.100986
372.076	0.101145
373.076	0.101309
374.076	0.101473
375.076	0.101622
376.077	0.101789
377.077	0.101944
378.077	0.102101
379.077	0.10226
380.077	0.102421
381.077	0.102582
382.079	0.102734
383.079	0.102898
384.079	0.103052
385.08	0.103217
386.081	0.103387
387.081	0.103551
388.082	0.103703
389.082	0.103854
390.083	0.103999
391.083	0.104158
392.083	0.104316
393.084	0.104472
394.084	0.104625
395.084	0.104781
396.084	0.104947
397.085	0.105107
398.085	0.105263
399.085	0.105413
400.086	0.105568
401.087	0.105728
402.087	0.105882
403.087	0.10605
404.087	0.106211
405.087	0.106376
406.087	0.106535
407.088	0.106702
408.088	0.106854
409.088	0.107004
410.088	0.10716
411.088	0.107309
412.089	0.107454
413.089	0.107605
414.089	0.10776
415.089	0.107921
416.09	0.108076
417.09	0.108223
418.09	0.108373
419.091	0.108527
420.092	0.108681
421.092	0.108834
422.092	0.108982
423.092	0.109131
424.092	0.109276
425.092	0.109422
426.092	0.109577
427.093	0.109728
428.093	0.10988
429.093	0.110027
430.093	0.11018
431.093	0.110329
432.093	0.110476
433.094	0.11063
434.095	0.110784
435.095	0.110927
436.095	0.111081
437.095	0.111251
438.095	0.111404
439.095	0.111556
440.095	0.111704
441.096	0.111846
442.096	0.111992
443.096	0.112151
444.096	0.112293
445.096	0.112438
446.096	0.112592
447.096	0.112737
448.096	0.112875
449.097	0.113026
450.097	0.113172
451.097	0.113324
452.097	0.113473
453.097	0.113633
454.097	0.113779
455.098	0.113924
456.098	0.114078
457.098	0.114228
458.098	0.114374
459.099	0.11453
460.099	0.114678
461.099	0.114837
462.099	0.114986
463.1	0.115135
464.1	0.115286
465.1	0.115442
466.1	0.115585
467.1	0.115737
468.101	0.115895
469.101	0.116042
470.101	0.116188
471.101	0.116331
472.102	0.116479
473.102	0.116628
474.102	0.116781
475.102	0.116925
476.102	0.117066
477.103	0.117221
478.104	0.117375
479.105	0.117519
480.105	0.117684
481.105	0.117836
482.106	0.117989
483.106	0.11814
484.106	0.118288
485.106	0.118432
486.107	0.118574
487.108	0.118718
488.109	0.118863
489.11	0.119005
490.11	0.11915
491.111	0.11929
492.111	0.119434
493.112	0.119574
494.112	0.119726
495.112	0.119878
496.112	0.120021
497.112	0.120162
498.113	0.120304
499.113	0.120455
500.113	0.120594
501.113	0.120738
502.113	0.120882
503.113	0.12103
504.113	0.12117
505.113	0.121309
506.115	0.121454
507.115	0.121596
508.116	0.121746
509.116	0.121894
510.116	0.122031
511.117	0.122167
512.117	0.122302
513.117	0.12246
514.118	0.122608
515.119	0.122754
516.119	0.122905
517.119	0.123046
518.119	0.123182
519.12	0.12332
520.12	0.123455
521.121	0.123591
522.121	0.123735
523.121	0.123884
524.122	0.12403
525.122	0.124168
526.122	0.124301
527.123	0.12444
528.123	0.124576
529.123	0.124718
530.123	0.124861
531.123	0.124994
532.123	0.125139
533.124	0.125288
534.125	0.125428
535.125	0.125575
536.126	0.125714
537.126	0.125852
538.126	0.125989
539.127	0.126134
540.127	0.126274
541.127	0.12641
542.127	0.126543
543.128	0.126688
544.129	0.126837
545.129	0.126977
546.13	0.127114
547.13	0.127253
548.13	0.127393
549.13	0.12753
550.131	0.12767
551.132	0.127801
552.132	0.127943
553.132	0.128075
554.132	0.128208
555.132	0.128354
556.132	0.128479
557.133	0.128622
558.133	0.128767
559.133	0.128902
560.133	0.129037
561.133	0.129166
562.134	0.129299
563.134	0.129433
564.135	0.129566
565.135	0.1297
566.135	0.129828
567.135	0.129966
568.136	0.130107
569.137	0.130239
570.137	0.130383
571.138	0.130523
572.138	0.13065
573.138	0.13079
574.139	0.130928
575.139	0.131066
576.139	0.131212
577.139	0.131344
578.139	0.131469
579.139	0.131603
580.14	0.131732
581.14	0.131877
582.14	0.132018
583.141	0.132138
584.141	0.132263
585.141	0.132397
586.141	0.13253
587.141	0.132668
588.142	0.132794
589.142	0.132928
590.142	0.133057
591.143	0.133192
592.143	0.133321
593.144	0.133459
594.144	0.133583
595.144	0.133715
596.144	0.133843
597.144	0.133984
598.144	0.134112
599.144	0.134247
600.145	0.134372
601.146	0.134509
602.146	0.13464
603.146	0.134774
604.147	0.134896
605.147	0.135027
606.147	0.135151
607.147	0.135285
608.148	0.135418
609.148	0.135543
610.148	0.135664
611.148	0.135791
612.148	0.135922
613.148	0.136051
614.148	0.136191
615.148	0.136315
616.148	0.136456
617.148	0.13658
618.148	0.136711
619.149	0.13684
620.149	0.136976
621.149	0.137108
622.15	0.137232
623.15	0.137349
624.15	0.13748
625.15	0.1376
626.15	0.137733
627.151	0.137867
628.151	0.138001
629.151	0.138129
630.151	0.138259
631.151	0.138398
632.151	0.138525
633.151	0.138657
634.152	0.138783
635.152	0.138914
636.152	0.139041
637.152	0.139167
638.152	0.1393
639.152	0.139428
640.153	0.139561
641.153	0.139692
642.153	0.139815
643.154	0.139941
644.154	0.140077
645.154	0.140203
646.154	0.140333
647.154	0.140466
648.154	0.140592
649.155	0.140709
650.155	0.14083
651.155	0.140963
652.156	0.141079
653.156	0.141207
654.156	0.141334
655.156	0.141462
656.156	0.14159
657.156	0.141712
658.156	0.141841
659.156	0.141971
660.157	0.142099
661.157	0.142225
662.157	0.142361
663.157	0.142498
664.157	0.14263
665.157	0.142754
666.157	0.142877
667.158	0.143011
668.158	0.143141
669.158	0.143268
670.158	0.143404
671.159	0.143537
672.159	0.143663
673.159	0.143794
674.159	0.143916
675.159	0.144041
676.159	0.144169
677.16	0.144293
678.16	0.14441
679.16	0.144532
680.16	0.144658
681.16	0.14478
682.16	0.144912
683.16	0.145041
684.16	0.145161
685.16	0.145291
686.16	0.145418
687.16	0.14555
688.16	0.145679
689.161	0.145811
690.161	0.145938
691.161	0.146063
692.162	0.146178
693.162	0.146297
694.162	0.146422
695.162	0.146551
696.162	0.146671
697.162	0.146794
698.163	0.146918
699.163	0.147046
700.163	0.147166
701.163	0.147277
702.163	0.147388
703.164	0.147511
704.164	0.147641
705.164	0.147756
706.164	0.147873
707.165	0.147997
708.166	0.148117
709.166	0.148232
710.166	0.148356
711.166	0.148478
712.166	0.148597
713.167	0.148723
714.167	0.148847
715.167	0.148967
716.167	0.14909
717.167	0.149216
718.167	0.149334
719.168	0.149455
720.168	0.149576
721.168	0.149692
722.169	0.14981
723.169	0.149928
724.169	0.150051
725.169	0.150174
726.169	0.150298
727.169	0.150416
728.169	0.150531
729.169	0.150642
730.169	0.150761
731.17	0.15088
732.17	0.151015
733.17	0.151135
734.17	0.151259
735.17	0.151378
736.17	0.151504
737.17	0.151626
738.171	0.151756
739.172	0.151876
740.172	0.151996
741.172	0.152124
742.172	0.152243
743.172	0.152361
744.172	0.152482
745.172	0.1526
746.172	0.15273
747.172	0.152849
748.172	0.152971
749.173	0.15309
750.173	0.153208
751.173	0.153318
752.174	0.153441
753.174	0.153564
754.175	0.153677
755.175	0.153798
756.175	0.153918
757.175	0.154031
758.175	0.154151
759.176	0.154273
760.176	0.154402
761.176	0.15451
762.176	0.154634
763.176	0.154748
764.176	0.154873
765.177	0.154989
766.178	0.155111
767.178	0.155234
768.178	0.155345
769.178	0.155461
770.178	0.155574
771.178	0.155697
772.179	0.155804
773.179	0.155926
774.179	0.156049
775.18	0.156156
776.18	0.156269
777.18	0.156384
778.181	0.156511
779.181	0.156625
780.181	0.156742
781.182	0.156863
782.182	0.15698
783.182	0.157087
784.183	0.157198
785.183	0.157313
786.183	0.15743
787.184	0.157554
788.184	0.157666
789.184	0.157782
790.184	0.157902
791.185	0.158016
792.185	0.158132
793.186	0.158249
794.186	0.158371
795.186	0.15849
796.186	0.158604
797.187	0.15871
798.188	0.158823
799.188	0.158941
800.188	0.159057
801.188	0.159172
802.188	0.159294
803.188	0.15941
804.188	0.159523
805.189	0.15964
806.189	0.159754
807.189	0.159863
808.19	0.159981
809.191	0.160096
810.191	0.160216
811.191	0.160335
812.191	0.160454
813.191	0.160571
814.192	0.160683
815.192	0.16079
816.192	0.160905
817.192	0.161022
818.192	0.161149
819.193	0.161262
820.193	0.161387
821.193	0.161502
822.194	0.161613
823.194	0.161733
824.194	0.161853
825.195	0.161966
826.195	0.162076
827.196	0.16219
828.196	0.16231
829.196	0.162424
830.196	0.162538
831.196	0.162654
832.196	0.162777
833.197	0.162897
834.197	0.163014
835.199	0.163131
836.199	0.163259
837.199	0.163373
838.199	0.163497
839.199	0.16361
840.199	0.163722
841.2	0.163832
842.2	0.163952
843.2	0.16407
844.2	0.164183
845.201	0.164299
846.201	0.164418
847.201	0.164526
848.201	0.16465
849.201	0.164771
850.201	0.164886
851.201	0.165008
852.203	0.165132
853.203	0.165244
854.203	0.165363
855.203	0.165472
856.203	0.165591
857.203	0.165703
858.204	0.165809
859.204	0.165928
860.204	0.166037
861.204	0.166151
862.204	0.166258
863.204	0.166361
864.205	0.166478
865.206	0.166589
866.206	0.166704
867.206	0.166811
868.207	0.166919
869.207	0.167029
870.207	0.16714
871.207	0.167244
872.208	0.167354
873.208	0.167468
874.208	0.167577
875.208	0.167688
876.209	0.167798
877.209	0.167912
878.209	0.168028
879.209	0.168138
880.209	0.168245
881.209	0.168365
882.21	0.168478
883.21	0.168589
884.211	0.1687
885.211	0.168808
886.211	0.168923
887.211	0.169039
888.211	0.169153
889.212	0.169257
890.212	0.169365
891.212	0.169471
892.213	0.169572
893.213	0.169683
894.213	0.169794
895.214	0.169906
896.214	0.170017
897.214	0.170126
898.215	0.170231
899.215	0.170344
900.216	0.170452
901.217	0.170571
902.217	0.170684
903.217	0.170784
904.218	0.170898
905.218	0.171006
906.218	0.171116
907.219	0.171225
908.219	0.171332
909.22	0.171444
910.22	0.171558
911.22	0.171674
912.221	0.171782
913.221	0.171896
914.221	0.172
915.221	0.172106
916.221	0.172206
917.221	0.172314
918.222	0.172421
919.222	0.172534
920.222	0.172642
921.223	0.172753
922.223	0.172864
923.223	0.172964
924.223	0.173078
925.223	0.17318
926.224	0.173288
927.224	0.173394
928.224	0.173498
929.224	0.173609
930.224	0.173717
931.225	0.173826
932.225	0.17393
933.225	0.174041
934.226	0.174143
935.226	0.174256
936.228	0.174364
937.228	0.174476
938.228	0.174577
939.228	0.17468
940.229	0.17479
941.229	0.174895
942.229	0.174999
943.229	0.175103
944.23	0.175211
945.231	0.175317
946.231	0.175414
947.231	0.175526
948.232	0.175634
949.232	0.175747
950.233	0.17585
951.233	0.17596
952.233	0.176068
953.233	0.176181
954.234	0.17629
955.234	0.176402
956.234	0.176512
957.234	0.176616
958.236	0.176724
959.236	0.17683
960.236	0.176937
961.236	0.177037
962.237	0.177136
963.237	0.177237
964.237	0.177339
965.237	0.177451
966.238	0.177564
967.238	0.177669
968.238	0.177771
969.238	0.177876
970.238	0.177982
971.238	0.178085
972.238	0.178189
973.24	0.178298
974.24	0.178408
975.241	0.178515
976.241	0.17862
977.241	0.178719
978.241	0.178822
979.241	0.178935
980.241	0.179043
981.242	0.179147
982.242	0.179257
983.242	0.179362
984.242	0.179467
985.242	0.179574
986.243	0.179673
987.243	0.179775
988.243	0.17988
989.243	0.179983
990.243	0.180093
991.244	0.180207
992.245	0.180308
993.245	0.180414
994.246	0.180523
995.246	0.180628
996.246	0.180729
997.246	0.180834
998.247	0.180931
999.247	0.181038
1000.25	0.18115
1001.25	0.181257
1002.25	0.181355
1003.25	0.181465
1004.25	0.181559
1005.25	0.181658
1006.25	0.181763
1007.25	0.181863
1008.25	0.18196
1009.25	0.182068
1010.25	0.182169
1011.25	0.182271
1012.25	0.182379
1013.25	0.182492
1014.25	0.182598
1015.25	0.1827
1016.25	0.182803
1017.25	0.182907
1018.25	0.183001
1019.25	0.183101
1020.25	0.183201
1021.25	0.18331
1022.26	0.183413
1023.26	0.183517
1024.26	0.18362
1025.26	0.183719
1026.26	0.183823
1027.26	0.183928
1028.26	0.184033
1029.26	0.184133
1030.26	0.184228
1031.26	0.184332
1032.26	0.184433
1033.26	0.184537
1034.26	0.184641
1035.26	0.18474
1036.26	0.184844
1037.26	0.184952
1038.26	0.185056
1039.26	0.185163
1040.26	0.185265
1041.26	0.185371
1042.26	0.185469
1043.26	0.18557
1044.26	0.185671
1045.26	0.185785
1046.26	0.185886
1047.26	0.185988
1048.26	0.186089
1049.26	0.186189
1050.26	0.186294
1051.26	0.186392
1052.26	0.186495
1053.27	0.186594
1054.27	0.18669
1055.27	0.186789
1056.27	0.186886
1057.27	0.186994
1058.27	0.187096
1059.27	0.18719
1060.27	0.187288
1061.27	0.187388
1062.27	0.187482
1063.27	0.187576
1064.27	0.187678
1065.27	0.187778
1066.27	0.187884
1067.27	0.187978
1068.27	0.18807
1069.27	0.188161
1070.27	0.188261
1071.27	0.188352
1072.27	0.188464
1073.27	0.188561
1074.27	0.188663
1075.27	0.188757
1076.27	0.188856
1077.27	0.188959
1078.27	0.189049
1079.27	0.189151
1080.27	0.189249
1081.27	0.189348
1082.27	0.189445
1083.28	0.189552
1084.28	0.189656
1085.28	0.189752
1086.28	0.189856
1087.28	0.189951
1088.28	0.190049
1089.28	0.190152
1090.28	0.190244
1091.28	0.190343
1092.28	0.190445
1093.28	0.190548
1094.28	0.190648
1095.28	0.190751
1096.28	0.190847
1097.28	0.190943
1098.28	0.19104
1099.28	0.19114
1100.28	0.191245
1101.28	0.191345
1102.28	0.191443
1103.28	0.191542
1104.28	0.191646
1105.28	0.191746
1106.28	0.191851
1107.28	0.191954
1108.28	0.192047
1109.28	0.192155
1110.28	0.192256
1111.28	0.192352
1112.28	0.192451
1113.28	0.192545
1114.28	0.192645
1115.29	0.192751
1116.29	0.192843
1117.29	0.19294
1118.29	0.193045
1119.29	0.193146
1120.29	0.193243
1121.29	0.193339
1122.29	0.193428
1123.29	0.193525
1124.29	0.193623
1125.29	0.193718
1126.29	0.193816
1127.29	0.193909
1128.29	0.194003
1129.29	0.194108
1130.29	0.194208
1131.29	0.194314
1132.29	0.194413
1133.29	0.194514
1134.29	0.194607
1135.29	0.194701
1136.29	0.194794
1137.29	0.194888
1138.29	0.194992
1139.29	0.195091
1140.29	0.195191
1141.29	0.195284
1142.29	0.195382
1143.29	0.195477
1144.29	0.195582
1145.29	0.195678
1146.29	0.195771
1147.29	0.195866
1148.29	0.195967
1149.29	0.196062
1150.29	0.196153
1151.29	0.196256
1152.29	0.196351
1153.29	0.196456
1154.29	0.196553
1155.29	0.196654
1156.29	0.196753
1157.29	0.196847
1158.3	0.196941
1159.3	0.197034
1160.3	0.197126
1161.3	0.197227
1162.3	0.197336
1163.3	0.197433
1164.3	0.197523
1165.3	0.197617
1166.3	0.197714
1167.3	0.197804
1168.3	0.197892
1169.3	0.197996
1170.3	0.198087
1171.3	0.198191
1172.3	0.198283
1173.3	0.19838
1174.3	0.198472
1175.3	0.198561
1176.3	0.198653
1177.3	0.198751
1178.3	0.198851
1179.3	0.198949
1180.3	0.199044
1181.3	0.199144
1182.3	0.199242
1183.3	0.199336
1184.3	0.199436
1185.3	0.199529
1186.3	0.199627
1187.3	0.199724
1188.3	0.199821
1189.3	0.199922
1190.3	0.20002
1191.3	0.200119
1192.3	0.200215
1193.3	0.200315
1194.3	0.200417
1195.3	0.200509
1196.3	0.200606
1197.3	0.200698
1198.3	0.200797
1199.3	0.20089
1200.3	0.200994
1201.3	0.201089
1202.3	0.201183
1203.3	0.201274
1204.31	0.201362
1205.31	0.201456
1206.31	0.201555
1207.31	0.201649
1208.31	0.20174
1209.31	0.201832
1210.31	0.201925
1211.31	0.202024
1212.31	0.202114
1213.31	0.202209
1214.31	0.202306
1215.31	0.202401
1216.31	0.202496
1217.31	0.202592
1218.31	0.202687
1219.31	0.202784
1220.31	0.202887
1221.31	0.202978
1222.31	0.203072
1223.31	0.203167
1224.31	0.20326
1225.31	0.203353
1226.31	0.203442
1227.31	0.203526
1228.31	0.203621
1229.31	0.203703
1230.31	0.2038
1231.31	0.203894
1232.31	0.203989
1233.31	0.204085
1234.31	0.204188
1235.31	0.204285
1236.31	0.204377
1237.31	0.204471
1238.31	0.204568
1239.31	0.204664
1240.31	0.20475
1241.32	0.204832
1242.32	0.204918
1243.32	0.205004
1244.32	0.205098
1245.32	0.205187
1246.32	0.205281
1247.32	0.205384
1248.32	0.205476
1249.32	0.205567
1250.32	0.205659
1251.32	0.205748
1252.32	0.205844
1253.32	0.205941
1254.32	0.206037
1255.32	0.20613
1256.32	0.206225
1257.32	0.206317
1258.32	0.206407
1259.32	0.2065
1260.32	0.206594
1261.32	0.206686
1262.32	0.206776
1263.32	0.206867
1264.32	0.206968
1265.32	0.207064
1266.32	0.207159
1267.32	0.207259
1268.32	0.207351
1269.32	0.207439
1270.32	0.207532
1271.32	0.207619
1272.32	0.207714
1273.32	0.207811
1274.32	0.207899
1275.32	0.207994
1276.32	0.208091
1277.32	0.208187
1278.32	0.208279
1279.32	0.208373
1280.32	0.208467
1281.32	0.208556
1282.33	0.208649
1283.33	0.208732
1284.33	0.208826
1285.33	0.208911
1286.33	0.208999
1287.33	0.209087
1288.33	0.20917
1289.33	0.209258
1290.33	0.209341
1291.33	0.209436
1292.33	0.209527
1293.33	0.209618
1294.33	0.20971
1295.33	0.2098
1296.33	0.20989
1297.33	0.209973
1298.33	0.21006
1299.33	0.210151
1300.33	0.210249
1301.33	0.210337
1302.33	0.210424
1303.33	0.210512
1304.33	0.210607
1305.33	0.210697
1306.33	0.210783
1307.33	0.210872
1308.33	0.21096
1309.33	0.211055
1310.33	0.211141
1311.33	0.211234
1312.33	0.211328
1313.33	0.21142
1314.33	0.211509
1315.33	0.211606
1316.34	0.211702
1317.34	0.211794
1318.34	0.211884
1319.34	0.21198
1320.34	0.212069
1321.34	0.212163
1322.34	0.212251
1323.34	0.212341
1324.34	0.212432
1325.34	0.212526
1326.34	0.212611
1327.34	0.212693
1328.34	0.212783
1329.34	0.212877
1330.34	0.212971
1331.34	0.213053
1332.34	0.213139
1333.34	0.213232
1334.34	0.213334
1335.34	0.213426
1336.34	0.213511
1337.34	0.213599
1338.34	0.21369
1339.34	0.213788
1340.34	0.213883
1341.34	0.213972
1342.34	0.214058
1343.34	0.214151
1344.34	0.214237
1345.34	0.214329
1346.34	0.214416
1347.34	0.214506
1348.34	0.214589
1349.34	0.214673
1350.34	0.214762
1351.34	0.214851
1352.34	0.21494
1353.34	0.215025
1354.34	0.215111
1355.34	0.215199
1356.34	0.215294
1357.35	0.215378
1358.35	0.215468
1359.35	0.215564
1360.35	0.215656
1361.35	0.21574
1362.35	0.215838
1363.35	0.215934
1364.35	0.216024
1365.35	0.216111
1366.35	0.216201
1367.35	0.216289
1368.35	0.216381
1369.35	0.216469
1370.35	0.216552
1371.35	0.216639
1372.35	0.21673
1373.35	0.216817
1374.35	0.216905
1375.35	0.216999
1376.35	0.217092
1377.35	0.217178
1378.35	0.21727
1379.35	0.217357
1380.35	0.217449
1381.35	0.217543
1382.35	0.217635
1383.35	0.217723
1384.35	0.21782
1385.35	0.217915
1386.35	0.218012
1387.35	0.218102
1388.35	0.218196
1389.35	0.21828
1390.35	0.218367
1391.35	0.218449
1392.35	0.218532
1393.35	0.218622
1394.36	0.218716
1395.36	0.218802
1396.36	0.21889
1397.36	0.218977
1398.36	0.219057
1399.36	0.219152
1400.36	0.219241
1401.36	0.21933
1402.36	0.219424
1403.36	0.219507
1404.36	0.219597
1405.36	0.219683
1406.36	0.219772
1407.36	0.219858
1408.36	0.21994
1409.36	0.220027
1410.36	0.220119
1411.36	0.220208
1412.36	0.2203
1413.36	0.220389
1414.36	0.220478
1415.36	0.220566
1416.36	0.220654
1417.36	0.220738
1418.36	0.220829
1419.36	0.220918
1420.36	0.221001
1421.36	0.221085
1422.36	0.221172
1423.36	0.221256
1424.36	0.221349
1425.36	0.221443
1426.37	0.221526
1427.37	0.221619
1428.37	0.221706
1429.37	0.221791
1430.37	0.221881
1431.37	0.221966
1432.37	0.222054
1433.37	0.222136
1434.37	0.222228
1435.37	0.222314
1436.37	0.222399
1437.37	0.222487
1438.37	0.222577
1439.37	0.222659
1440.37	0.222743
1441.37	0.222831
1442.37	0.222916
1443.37	0.223
1444.37	0.223079
1445.37	0.223169
1446.37	0.223255
1447.37	0.223341
1448.37	0.223427
1449.37	0.223513
1450.37	0.223594
1451.37	0.223672
1452.37	0.223757
1453.37	0.22384
1454.37	0.223927
1455.37	0.224009
1456.37	0.224097
1457.37	0.22418
1458.37	0.224263
1459.37	0.224344
1460.37	0.22443
1461.37	0.224516
1462.37	0.224601
1463.37	0.224691
1464.37	0.224776
1465.37	0.224869
1466.37	0.224957
1467.37	0.225042
1468.37	0.225126
1469.37	0.225209
1470.37	0.225298
1471.37	0.225381
1472.37	0.225465
1473.38	0.225557
1474.38	0.225646
1475.38	0.225731
1476.38	0.225812
1477.38	0.225899
1478.38	0.225975
1479.38	0.226068
1480.38	0.226157
1481.38	0.226244
1482.38	0.226333
1483.38	0.226418
1484.38	0.226491
1485.38	0.226577
1486.38	0.226662
1487.38	0.226752
1488.38	0.226831
1489.38	0.226911
1490.38	0.226998
1491.38	0.227081
1492.38	0.22716
1493.38	0.227244
1494.38	0.227324
1495.38	0.227413
1496.38	0.2275
1497.38	0.227585
1498.38	0.22767
1499.38	0.227755
1500.38	0.227841
1501.38	0.227927
1502.38	0.228007
1503.38	0.228097
1504.38	0.228184
1505.38	0.228267
1506.39	0.22835
1507.39	0.228432
1508.39	0.228509
1509.39	0.228597
1510.39	0.22868
1511.39	0.228768
1512.39	0.228857
1513.39	0.228941
1514.39	0.229027
1515.39	0.229105
1516.39	0.229183
1517.39	0.229268
1518.39	0.229353
1519.39	0.229444
1520.39	0.22953
1521.39	0.22961
1522.39	0.22969
1523.39	0.229765
1524.39	0.22985
1525.39	0.229935
1526.39	0.230018
1527.39	0.230095
1528.39	0.230176
1529.39	0.230266
1530.39	0.230353
1531.39	0.23044
1532.39	0.230525
1533.39	0.230607
1534.39	0.230687
1535.39	0.230776
1536.39	0.230854
1537.39	0.230931
1538.39	0.231016
1539.39	0.231105
1540.39	0.231187
1541.39	0.231267
1542.39	0.231361
1543.39	0.231442
1544.4	0.231527
1545.4	0.231605
1546.4	0.231695
1547.4	0.231777
1548.4	0.231858
1549.4	0.231934
1550.4	0.23202
1551.4	0.232099
1552.4	0.232179
1553.4	0.232262
1554.4	0.232338
1555.4	0.232427
1556.4	0.232514
1557.4	0.232592
1558.4	0.232677
1559.4	0.23276
1560.4	0.23284
1561.4	0.232914
1562.4	0.232989
1563.4	0.233069
1564.4	0.233148
1565.4	0.233231
1566.4	0.233309
1567.4	0.233384
1568.4	0.233472
1569.4	0.233553
1570.4	0.23364
1571.4	0.233726
1572.4	0.233806
1573.41	0.233887
1574.41	0.23397
1575.41	0.234052
1576.41	0.234142
1577.41	0.234225
1578.41	0.23431
1579.41	0.234392
1580.41	0.234479
1581.41	0.234554
1582.41	0.234634
1583.41	0.234715
1584.41	0.234802
1585.41	0.234884
1586.41	0.234972
1587.41	0.23505
1588.41	0.235137
1589.41	0.235221
1590.41	0.235307
1591.41	0.235396
1592.41	0.235482
1593.41	0.235564
1594.41	0.235645
1595.41	0.235728
1596.41	0.235813
1597.41	0.235891
1598.41	0.235973
1599.41	0.236057
1600.41	0.236144
1601.41	0.236226
1602.41	0.236315
1603.41	0.23639
1604.41	0.236474
1605.42	0.236563
1606.42	0.236639
1607.42	0.236719
1608.42	0.236796
1609.42	0.236873
1610.42	0.236961
1611.42	0.237042
1612.42	0.237123
1613.42	0.237205
1614.42	0.237285
1615.42	0.237361
1616.42	0.237447
1617.42	0.23752
1618.42	0.237604
1619.42	0.237684
1620.42	0.237766
1621.42	0.237846
1622.42	0.237925
1623.42	0.238006
1624.42	0.238089
1625.42	0.23817
1626.42	0.238252
1627.42	0.23833
1628.42	0.238414
1629.42	0.238491
1630.42	0.238566
1631.42	0.238644
1632.42	0.238727
1633.42	0.238803
1634.42	0.238886
1635.43	0.238969
1636.43	0.239048
1637.43	0.239124
1638.43	0.239213
1639.43	0.239298
1640.43	0.239378
1641.43	0.239454
1642.43	0.239532
1643.43	0.239612
1644.43	0.239693
1645.43	0.239776
1646.43	0.239856
1647.43	0.239937
1648.43	0.240022
1649.43	0.240097
1650.43	0.240172
1651.43	0.240255
1652.43	0.240331
1653.43	0.240415
1654.43	0.240503
1655.43	0.240586
1656.43	0.240662
1657.43	0.24074
1658.43	0.240825
1659.43	0.240907
1660.43	0.240985
1661.43	0.241064
1662.43	0.241145
1663.43	0.241224
1664.43	0.241308
1665.43	0.241394
1666.43	0.241472
1667.43	0.241552
1668.43	0.24163
1669.43	0.24171
1670.43	0.24179
1671.43	0.241861
1672.43	0.24194
1673.44	0.242018
1674.44	0.242098
1675.44	0.242175
1676.44	0.242247
1677.44	0.242323
1678.44	0.242399
1679.44	0.242484
1680.44	0.242567
1681.44	0.242649
1682.44	0.242732
1683.44	0.242812
1684.44	0.242889
1685.44	0.242972
1686.44	0.243047
1687.44	0.243127
1688.44	0.243199
1689.44	0.24328
1690.44	0.243354
1691.44	0.243433
1692.44	0.243515
1693.44	0.243596
1694.44	0.243673
1695.44	0.243753
1696.44	0.24383
1697.44	0.243906
1698.45	0.243985
1699.45	0.244066
1700.45	0.244145
1701.45	0.244226
1702.45	0.244309
1703.45	0.244382
1704.45	0.244456
1705.45	0.244538
1706.45	0.244612
1707.45	0.24469
1708.45	0.244766
1709.45	0.244854
1710.45	0.244933
1711.45	0.245012
1712.45	0.245092
1713.45	0.245168
1714.45	0.245243
1715.45	0.245321
1716.45	0.245403
1717.45	0.245475
1718.45	0.245552
1719.45	0.245628
1720.45	0.245703
1721.46	0.245781
1722.46	0.245865
1723.46	0.245938
1724.46	0.246017
1725.46	0.246099
1726.46	0.246181
1727.46	0.246258
1728.46	0.246332
1729.46	0.246408
1730.46	0.246486
1731.46	0.246567
1732.46	0.246651
1733.46	0.246731
1734.46	0.246812
1735.46	0.24689
1736.46	0.246975
1737.46	0.247047
1738.46	0.24712
1739.46	0.247196
1740.46	0.247274
1741.46	0.247352
1742.46	0.247429
1743.46	0.247501
1744.46	0.24758
1745.46	0.247656
1746.46	0.247732
1747.46	0.247816
1748.46	0.247892
1749.47	0.247972
1750.47	0.248042
1751.47	0.248124
1752.47	0.248196
1753.47	0.248276
1754.47	0.248359
1755.47	0.248433
1756.47	0.248511
1757.47	0.248588
1758.47	0.248663
1759.47	0.248735
1760.47	0.248803
1761.47	0.248878
1762.47	0.248951
1763.47	0.249025
1764.47	0.249099
1765.47	0.249171
1766.47	0.249249
1767.47	0.249331
1768.47	0.249405
1769.47	0.249481
1770.47	0.249551
1771.47	0.249626
1772.47	0.249699
1773.47	0.249778
1774.47	0.249856
1775.47	0.249928
1776.47	0.250006
1777.47	0.250085
1778.47	0.250158
1779.47	0.250231
1780.47	0.250302
1781.47	0.250381
1782.47	0.250465
1783.47	0.250542
1784.47	0.250625
1785.47	0.2507
1786.48	0.250781
1787.48	0.250852
1788.48	0.250925
1789.48	0.250999
1790.48	0.251077
1791.48	0.251154
1792.48	0.25123
1793.48	0.251308
1794.48	0.25139
1795.48	0.251471
1796.48	0.251549
1797.48	0.251629
1798.48	0.251713
1799.48	0.251785
1800.48	0.251871
1801.48	0.251949
1802.48	0.252028
1803.49	0.252101
1804.49	0.252171
1805.49	0.252247
1806.49	0.252326
1807.49	0.2524
1808.49	0.252477
1809.49	0.252543
1810.49	0.252617
1811.49	0.252691
1812.49	0.252768
1813.49	0.252841
1814.49	0.252914
1815.49	0.252988
1816.49	0.253061
1817.49	0.253137
1818.49	0.253208
1819.49	0.253283
1820.49	0.25336
1821.49	0.253433
1822.49	0.25351
1823.49	0.253583
1824.49	0.253659
1825.49	0.253731
1826.49	0.253803
1827.49	0.253875
1828.49	0.253948
1829.49	0.254029
1830.49	0.2541
1831.49	0.254179
1832.49	0.254255
1833.49	0.254325
1834.49	0.254398
1835.49	0.254478
1836.49	0.254558
1837.49	0.254635
1838.49	0.254714
1839.49	0.254786
1840.49	0.254862
1841.49	0.254952
1842.49	0.255032
1843.5	0.255109
1844.5	0.255184
1845.5	0.255253
1846.5	0.25533
1847.5	0.255403
1848.5	0.255482
1849.5	0.255558
1850.5	0.255631
1851.5	0.255718
1852.5	0.255788
1853.5	0.255859
1854.5	0.255932
1855.5	0.256006
1856.5	0.256081
1857.5	0.256151
1858.5	0.256228
1859.5	0.2563
1860.5	0.256377
1861.5	0.256446
1862.5	0.25652
1863.5	0.256598
1864.5	0.256675
1865.5	0.256747
1866.5	0.256824
1867.5	0.256902
1868.5	0.256973
1869.5	0.257042
1870.5	0.257115
1871.5	0.257189
1872.5	0.257266
1873.5	0.257338
1874.5	0.257416
1875.51	0.257491
1876.51	0.257567
1877.51	0.257648
1878.51	0.257726
1879.51	0.257797
1880.51	0.257867
1881.51	0.257943
1882.51	0.258021
1883.51	0.258099
1884.51	0.258181
1885.51	0.258248
1886.51	0.258328
1887.51	0.258398
1888.51	0.258473
1889.51	0.258548
1890.51	0.25862
1891.51	0.258695
1892.51	0.258769
1893.51	0.258844
1894.51	0.258917
1895.51	0.258993
1896.51	0.259066
1897.51	0.259134
1898.51	0.259205
1899.51	0.259276
1900.52	0.259347
1901.52	0.259421
1902.52	0.259497
1903.52	0.259569
1904.52	0.259649
1905.52	0.259721
1906.52	0.259795
1907.52	0.259863
1908.52	0.25994
1909.52	0.260008
1910.52	0.260081
1911.52	0.260154
1912.52	0.26023
1913.52	0.260304
1914.52	0.260377
1915.52	0.26045
1916.52	0.260525
1917.52	0.260601
1918.52	0.260669
1919.52	0.260743
1920.52	0.260817
1921.52	0.260891
1922.52	0.260961
1923.52	0.26104
1924.52	0.261112
1925.52	0.26118
1926.52	0.261253
1927.52	0.261332
1928.52	0.261402
1929.52	0.261473
1930.52	0.261539
1931.52	0.26161
1932.53	0.261682
1933.53	0.261759
1934.53	0.261837
1935.53	0.261911
1936.53	0.261983
1937.53	0.262053
1938.53	0.262125
1939.53	0.262195
1940.53	0.262268
1941.53	0.262342
1942.53	0.262416
1943.53	0.262482
1944.53	0.262552
1945.53	0.262628
1946.53	0.262697
1947.53	0.262766
1948.53	0.262835
1949.53	0.262909
1950.53	0.262979
1951.53	0.263051
1952.53	0.263129
1953.53	0.263201
1954.53	0.26327
1955.53	0.263339
1956.53	0.263411
1957.53	0.26348
1958.53	0.263547
1959.53	0.263614
1960.53	0.263688
1961.54	0.263762
1962.54	0.263829
1963.54	0.263901
1964.54	0.263976
1965.54	0.264045
1966.54	0.264113
1967.54	0.264183
1968.54	0.264255
1969.54	0.264327
1970.54	0.2644
1971.54	0.264473
1972.54	0.264545
1973.54	0.264611
1974.54	0.264681
1975.54	0.264751
1976.54	0.264825
1977.54	0.264895
1978.54	0.264966
1979.54	0.265034
1980.54	0.265102
1981.54	0.265175
1982.54	0.265247
1983.54	0.265325
1984.54	0.265393
1985.54	0.265469
1986.54	0.265537
1987.54	0.26561
1988.54	0.265684
1989.54	0.265756
1990.54	0.265826
1991.54	0.265896
1992.54	0.265966
1993.55	0.266039
1994.55	0.266111
1995.55	0.266182
1996.55	0.266253
1997.55	0.266318
1998.55	0.266393
1999.55	0.266459
2000.55	0.266534
2001.55	0.266604
2002.55	0.266679
2003.55	0.266747
2004.55	0.266817
2005.55	0.266889
2006.55	0.266957
2007.55	0.267031
2008.55	0.267105
2009.55	0.26717
2010.55	0.267238
2011.55	0.26731
2012.55	0.26738
2013.55	0.26745
2014.55	0.267525
2015.55	0.267592
2016.55	0.267667
2017.55	0.267736
2018.55	0.267805
2019.55	0.267876
2020.55	0.267955
2021.55	0.268022
2022.55	0.268095
2023.55	0.268169
2024.55	0.268234
2025.55	0.268305
2026.55	0.268375
2027.55	0.268443
2028.55	0.268505
2029.55	0.268573
2030.55	0.268642
2031.55	0.268716
2032.55	0.268792
2033.55	0.268863
2034.55	0.268932
2035.56	0.269004
2036.56	0.269075
2037.56	0.269144
2038.56	0.269212
2039.56	0.269279
2040.56	0.269349
2041.56	0.26942
2042.56	0.269487
2043.56	0.269554
2044.56	0.269625
2045.56	0.269693
2046.56	0.269766
2047.56	0.269828
2048.56	0.269901
2049.56	0.26997
2050.56	0.270043
2051.56	0.27011
2052.56	0.270176
2053.56	0.270247
2054.56	0.270311
2055.56	0.270381
2056.56	0.270454
2057.56	0.270522
2058.56	0.270589
2059.56	0.270665
2060.57	0.27073
2061.57	0.270803
2062.57	0.270874
2063.57	0.270944
2064.57	0.271017
2065.57	0.271086
2066.57	0.271155
2067.57	0.271224
2068.57	0.27129
2069.57	0.271361
2070.57	0.271434
2071.57	0.271506
2072.57	0.27158
2073.57	0.271646
2074.57	0.271713
2075.57	0.271778
2076.57	0.271844
2077.57	0.27191
2078.57	0.271977
2079.57	0.27205
2080.57	0.27212
2081.57	0.272191
2082.57	0.272258
2083.57	0.272326
2084.57	0.272393
2085.57	0.272462
2086.57	0.272538
2087.57	0.27261
2088.57	0.272675
2089.57	0.272744
2090.57	0.272819
2091.57	0.272886
2092.57	0.272953
2093.57	0.273023
2094.58	0.273091
2095.58	0.273156
2096.58	0.273231
2097.58	0.273297
2098.58	0.273367
2099.58	0.273439
2100.58	0.273511
2101.58	0.273583
2102.58	0.273654
2103.58	0.273725
2104.58	0.273795
2105.58	0.273865
2106.58	0.273932
2107.58	0.273991
2108.58	0.274055
2109.58	0.274122
2110.58	0.274196
2111.58	0.274264
2112.58	0.274338
2113.58	0.274401
2114.58	0.274473
2115.58	0.274545
2116.58	0.274613
2117.59	0.274679
2118.59	0.274746
2119.59	0.274813
2120.59	0.274882
2121.59	0.274948
2122.59	0.275024
2123.59	0.275085
2124.59	0.275151
2125.59	0.275223
2126.59	0.275279
2127.59	0.275347
2128.59	0.275419
2129.59	0.275486
2130.59	0.275548
2131.59	0.275608
2132.59	0.275682
2133.59	0.275754
2134.59	0.275824
2135.59	0.275896
2136.59	0.275959
2137.59	0.276025
2138.59	0.276087
2139.59	0.276163
2140.59	0.276235
2141.59	0.276302
2142.59	0.276369
2143.59	0.276439
2144.59	0.276507
2145.59	0.276566
2146.59	0.276635
2147.59	0.276702
2148.59	0.276766
2149.59	0.276832
2150.59	0.276902
2151.59	0.276971
2152.59	0.277036
2153.6	0.277105
2154.6	0.277172
2155.6	0.277229
2156.6	0.277294
2157.6	0.277363
2158.6	0.277434
2159.6	0.277498
2160.6	0.277564
2161.6	0.27763
2162.6	0.2777
2163.6	0.277762
2164.6	0.277831
2165.6	0.2779
2166.6	0.277964
2167.6	0.278034
2168.6	0.278103
2169.6	0.278167
2170.6	0.278235
2171.6	0.278301
2172.6	0.278367
2173.6	0.278437
2174.6	0.278502
2175.6	0.278573
2176.6	0.27864
2177.6	0.278711
2178.6	0.278777
2179.6	0.278851
2180.6	0.278924
2181.6	0.278993
2182.61	0.279058
2183.61	0.279121
2184.61	0.279188
2185.61	0.279257
2186.61	0.279326
2187.61	0.279395
2188.61	0.279463
2189.61	0.279532
2190.61	0.279593
2191.61	0.279665
2192.61	0.279729
2193.61	0.279798
2194.61	0.279865
2195.61	0.279934
2196.61	0.279996
2197.61	0.280066
2198.61	0.280129
2199.61	0.280201
2200.61	0.280271
2201.61	0.28034
2202.61	0.280416
2203.61	0.280483
2204.61	0.280549
2205.61	0.280617
2206.61	0.280686
2207.61	0.280756
2208.61	0.280825
2209.61	0.280895
2210.61	0.28096
2211.61	0.281029
2212.61	0.281098
2213.61	0.281158
2214.61	0.281231
2215.61	0.281302
2216.61	0.28137
2217.61	0.281429
2218.61	0.281495
2219.61	0.281562
2220.61	0.281628
2221.61	0.281699
2222.61	0.281762
2223.61	0.28183
2224.62	0.281899
2225.62	0.28197
2226.62	0.282042
2227.62	0.282114
2228.62	0.282181
2229.62	0.282249
2230.62	0.282312
2231.62	0.282374
2232.62	0.282443
2233.62	0.28251
2234.62	0.282575
2235.62	0.282646
2236.62	0.282716
2237.62	0.282785
2238.62	0.282853
2239.62	0.282922
2240.62	0.282989
2241.62	0.28306
2242.62	0.283126
2243.62	0.283189
2244.62	0.283256
2245.63	0.283322
2246.63	0.283397
2247.63	0.283465
2248.63	0.283534
2249.63	0.2836
2250.63	0.283668
2251.63	0.283732
2252.63	0.283795
2253.63	0.283862
2254.63	0.283932
2255.63	0.284
2256.63	0.284064
2257.63	0.28413
2258.63	0.284193
2259.63	0.284259
2260.63	0.284327
2261.63	0.28439
2262.63	0.284459
2263.63	0.284527
2264.63	0.284589
2265.63	0.28466
2266.63	0.28473
2267.63	0.284799
2268.63	0.284863
2269.63	0.284929
2270.63	0.284997
2271.63	0.285061
2272.63	0.285131
2273.63	0.285199
2274.63	0.285269
2275.63	0.285328
2276.63	0.285392
2277.63	0.285459
2278.63	0.285519
2279.63	0.285587
2280.63	0.28565
2281.63	0.285713
2282.63	0.285779
2283.63	0.285841
2284.63	0.285913
2285.63	0.285977
2286.63	0.286041
2287.63	0.286105
2288.64	0.286169
2289.64	0.286227
2290.64	0.286293
2291.64	0.28636
2292.64	0.286428
2293.64	0.286492
2294.64	0.286559
2295.64	0.286624
2296.64	0.28669
2297.64	0.286755
2298.64	0.286821
2299.64	0.286889
2300.64	0.286959
2301.64	0.287026
2302.64	0.287087
2303.64	0.287154
2304.64	0.28722
2305.64	0.287282
2306.64	0.287353
2307.64	0.287416
2308.64	0.287484
2309.64	0.287548
2310.64	0.287611
2311.64	0.287687
2312.64	0.287751
2313.64	0.287815
2314.64	0.287886
2315.64	0.287956
2316.64	0.288025
2317.64	0.288091
2318.64	0.288159
2319.64	0.288228
2320.64	0.288294
2321.64	0.28835
2322.64	0.288419
2323.64	0.288488
2324.65	0.288557
2325.65	0.288628
2326.65	0.288687
2327.65	0.288754
2328.65	0.288823
2329.65	0.288888
2330.65	0.288956
2331.65	0.289023
2332.65	0.289088
2333.65	0.28915
2334.65	0.289215
2335.65	0.289274
2336.65	0.289342
2337.65	0.2894
2338.65	0.289465
2339.65	0.289531
2340.65	0.289601
2341.65	0.289667
2342.65	0.289732
2343.65	0.289795
2344.65	0.289859
2345.65	0.289928
2346.65	0.289994
2347.65	0.290058
2348.65	0.290127
2349.65	0.290193
2350.65	0.290262
2351.65	0.290331
2352.65	0.290398
2353.65	0.290464
2354.65	0.290532
2355.65	0.290596
2356.66	0.290662
2357.66	0.290721
2358.66	0.290781
2359.66	0.29085
2360.66	0.290919
2361.66	0.290986
2362.66	0.291047
2363.66	0.291114
2364.66	0.291178
2365.66	0.291234
2366.66	0.291297
2367.66	0.291364
2368.66	0.291425
2369.66	0.291489
2370.66	0.291555
2371.66	0.291618
2372.66	0.291674
2373.66	0.291736
2374.66	0.291802
2375.66	0.291866
2376.66	0.291931
2377.66	0.292001
2378.66	0.292069
2379.66	0.292129
2380.66	0.292191
2381.66	0.292259
2382.66	0.292319
2383.66	0.292384
2384.67	0.292447
2385.67	0.292513
2386.67	0.292581
2387.67	0.292638
2388.67	0.292704
2389.67	0.292765
2390.67	0.292826
2391.67	0.292888
2392.67	0.29295
2393.67	0.293018
2394.67	0.293078
2395.67	0.293144
2396.67	0.293206
2397.67	0.293272
2398.67	0.293343
2399.67	0.293403
2400.67	0.29347
2401.67	0.293529
2402.67	0.293596
2403.67	0.29366
2404.67	0.293725
2405.67	0.29379
2406.67	0.293851
2407.67	0.293921
2408.67	0.293982
2409.67	0.294049
2410.67	0.294114
2411.67	0.294178
2412.67	0.294242
2413.67	0.294301
2414.67	0.294368
2415.67	0.294433
2416.67	0.294499
2417.67	0.294563
2418.67	0.294625
2419.67	0.294689
2420.67	0.294756
2421.68	0.294817
2422.68	0.294886
2423.68	0.294945
2424.68	0.295013
2425.68	0.295074
2426.68	0.295139
2427.68	0.295209
2428.68	0.295273
2429.68	0.295333
2430.68	0.295392
2431.68	0.295458
2432.68	0.295524
2433.68	0.295587
2434.68	0.295648
2435.68	0.295717
2436.68	0.295784
2437.68	0.295846
2438.68	0.295914
2439.68	0.295977
2440.68	0.296041
2441.68	0.296104
2442.68	0.296175
2443.68	0.296242
2444.68	0.296305
2445.69	0.296372
2446.69	0.296445
2447.69	0.296512
2448.69	0.296579
2449.69	0.296642
2450.69	0.296702
2451.69	0.296766
2452.69	0.296832
2453.69	0.296896
2454.69	0.296956
2455.69	0.297024
2456.69	0.297092
2457.69	0.297151
2458.69	0.297215
2459.69	0.297275
2460.69	0.297339
2461.69	0.297403
2462.69	0.297472
2463.69	0.297536
2464.69	0.297598
2465.69	0.29766
2466.69	0.297727
2467.69	0.297791
2468.69	0.297854
2469.69	0.297917
2470.69	0.297977
2471.69	0.298037
2472.69	0.298098
2473.69	0.298153
2474.69	0.298217
2475.69	0.298276
2476.69	0.298341
2477.69	0.298401
2478.69	0.298465
2479.69	0.298528
2480.69	0.298596
2481.7	0.298657
2482.7	0.298721
2483.7	0.298788
2484.7	0.298843
2485.7	0.298909
2486.7	0.298975
2487.7	0.299043
2488.7	0.299107
2489.7	0.299173
2490.7	0.299228
2491.7	0.299291
2492.7	0.299359
2493.7	0.299421
2494.7	0.29949
2495.7	0.299555
2496.7	0.299619
2497.7	0.299686
2498.7	0.299747
2499.7	0.299809
2500.7	0.300044
2501.7	0.300372
2502.7	0.300684
2503.7	0.300996
2504.7	0.301307
2505.7	0.301612
2506.7	0.301922
2507.7	0.302227
2508.7	0.302513
2509.7	0.302824
2510.7	0.30313
2511.7	0.303433
2512.7	0.30373
2513.7	0.30403
2514.7	0.30433
2515.7	0.304626
2516.7	0.304932
2517.7	0.305217
2518.7	0.305495
2519.7	0.305785
2520.7	0.306075
2521.7	0.306356
2522.7	0.306649
2523.7	0.30694
2524.7	0.307229
2525.7	0.307508
2526.7	0.30779
2527.7	0.308078
2528.7	0.308355
2529.7	0.308634
2530.7	0.308914
2531.7	0.309184
2532.7	0.309457
2533.7	0.309737
2534.7	0.310008
2535.7	0.310276
2536.7	0.310562
2537.7	0.31083
2538.7	0.311109
2539.7	0.311381
2540.7	0.311651
2541.7	0.311934
2542.7	0.312217
2543.7	0.31248
2544.7	0.312734
2545.7	0.313002
2546.7	0.31328
2547.7	0.313544
2548.7	0.313807
2549.7	0.314071
2550.7	0.314328
2551.7	0.314591
2552.7	0.314855
2553.7	0.315117
2554.7	0.315386
2555.7	0.315654
2556.7	0.315918
2557.7	0.316168
2558.7	0.316428
2559.7	0.316679
2560.7	0.316933
2561.7	0.317192
2562.7	0.317448
2563.7	0.317717
2564.7	0.317973
2565.7	0.318234
2566.7	0.318481
2567.7	0.31873
2568.7	0.31898
2569.7	0.31923
2570.7	0.319485
2571.7	0.319733
2572.7	0.319976
2573.7	0.320227
2574.7	0.320475
2575.7	0.320728
2576.7	0.320976
2577.7	0.321216
2578.71	0.321467
2579.71	0.321723
2580.71	0.321957
2581.71	0.322198
2582.71	0.322442
2583.71	0.322696
2584.71	0.32294
2585.71	0.32318
2586.71	0.323409
2587.71	0.323654
2588.71	0.323896
2589.71	0.324133
2590.71	0.324368
2591.71	0.324607
2592.71	0.324838
2593.71	0.325076
2594.71	0.325303
2595.71	0.325538
2596.71	0.32578
2597.71	0.326008
2598.71	0.326249
2599.71	0.32647
2600.71	0.326709
2601.71	0.326943
2602.71	0.327178
2603.71	0.327411
2604.71	0.327634
2605.71	0.327866
2606.71	0.328092
2607.71	0.328323
2608.71	0.32855
2609.71	0.328777
2610.71	0.329012
2611.71	0.329242
2612.71	0.329473
2613.71	0.329699
2614.71	0.329932
2615.71	0.33016
2616.71	0.33039
2617.71	0.330627
2618.71	0.330863
2619.71	0.331086
2620.71	0.331316
2621.71	0.331541
2622.71	0.331764
2623.71	0.331987
2624.71	0.332206
2625.71	0.332435
2626.71	0.332659
2627.71	0.332876
2628.71	0.333103
2629.71	0.33334
2630.71	0.333559
2631.71	0.333781
2632.71	0.334001
2633.71	0.334224
2634.71	0.33444
2635.71	0.334651
2636.71	0.334866
2637.71	0.335096
2638.71	0.335308
2639.71	0.33553
2640.71	0.335754
2641.71	0.335975
2642.71	0.336197
2643.71	0.336416
2644.71	0.336642
2645.71	0.336863
2646.71	0.337072
2647.71	0.337282
2648.71	0.337503
2649.71	0.337718
2650.71	0.337925
2651.71	0.338144
2652.71	0.338359
2653.71	0.338573
2654.71	0.338788
2655.71	0.338993
2656.71	0.339202
2657.71	0.339416
2658.71	0.339625
2659.71	0.339847
2660.71	0.340057
2661.71	0.340271
2662.71	0.340483
2663.71	0.340697
2664.71	0.340897
2665.71	0.341098
2666.71	0.3413
2667.71	0.341504
2668.71	0.341711
2669.71	0.341911
2670.71	0.342115
2671.71	0.342317
2672.71	0.342526
2673.71	0.342734
2674.71	0.34295
2675.71	0.343151
2676.71	0.343354
2677.71	0.343563
2678.71	0.34377
2679.71	0.343976
2680.71	0.344173
2681.71	0.34437
2682.71	0.344571
2683.71	0.344764
2684.71	0.344963
2685.71	0.345169
2686.71	0.345378
2687.71	0.345567
2688.71	0.345764
2689.71	0.345963
2690.71	0.346167
2691.71	0.346361
2692.71	0.346551
2693.71	0.346744
2694.71	0.346942
2695.71	0.347135
2696.71	0.347336
2697.71	0.347536
2698.71	0.347733
2699.71	0.347923
2700.71	0.348107
2701.71	0.348304
2702.71	0.348509
2703.71	0.348709
2704.71	0.348903
2705.71	0.349096
2706.71	0.349289
2707.71	0.349484
2708.71	0.349681
2709.71	0.34988
2710.71	0.350073
2711.71	0.350273
2712.71	0.350461
2713.71	0.350646
2714.71	0.350826
2715.71	0.351023
2716.71	0.351219
2717.71	0.351412
2718.71	0.3516
2719.71	0.35178
2720.71	0.351973
2721.71	0.352172
2722.71	0.352373
2723.71	0.352562
2724.71	0.352755
2725.71	0.352943
2726.71	0.353141
2727.71	0.35334
2728.71	0.353524
2729.71	0.353714
2730.71	0.353899
2731.71	0.354089
2732.71	0.35428
2733.71	0.354463
2734.71	0.354651
2735.71	0.354831
2736.71	0.355015
2737.71	0.355196
2738.71	0.355389
2739.71	0.355572
2740.72	0.355757
2741.72	0.355941
2742.72	0.35613
2743.72	0.35633
2744.72	0.356512
2745.72	0.356694
2746.72	0.356878
2747.72	0.357064
2748.72	0.35725
2749.72	0.357427
2750.72	0.357618
2751.72	0.357797
2752.72	0.357976
2753.72	0.358151
2754.72	0.358329
2755.72	0.358518
2756.72	0.358698
2757.72	0.358869
2758.72	0.359054
2759.72	0.35924
2760.72	0.359431
2761.72	0.359616
2762.72	0.359795
2763.72	0.35997
2764.72	0.360147
2765.72	0.360334
2766.72	0.360511
2767.72	0.360691
2768.72	0.360876
2769.72	0.361054
2770.72	0.361226
2771.72	0.361405
2772.72	0.361585
2773.72	0.361762
2774.72	0.361943
2775.72	0.362129
2776.72	0.362298
2777.72	0.362464
2778.72	0.362637
2779.72	0.362816
2780.72	0.362986
2781.72	0.36316
2782.72	0.363329
2783.72	0.363502
2784.72	0.363676
2785.72	0.363852
2786.72	0.364033
2787.72	0.364199
2788.72	0.364365
2789.72	0.364545
2790.72	0.36472
2791.72	0.364895
2792.72	0.365068
2793.72	0.365237
2794.72	0.365412
2795.72	0.365577
2796.72	0.365753
2797.72	0.365933
2798.72	0.3661
2799.72	0.366273
2800.72	0.366444
2801.72	0.366608
2802.72	0.366773
2803.72	0.366943
2804.72	0.367114
2805.72	0.367289
2806.72	0.367463
2807.72	0.36764
2808.72	0.367818
2809.72	0.367986
2810.72	0.36816
2811.72	0.368321
2812.72	0.368499
2813.72	0.368664
2814.72	0.368841
2815.72	0.369011
2816.72	0.369178
2817.72	0.369346
2818.72	0.369507
2819.72	0.369678
2820.72	0.36986
2821.72	0.370031
2822.72	0.370195
2823.72	0.370359
2824.72	0.370536
2825.72	0.370711
2826.72	0.37088
2827.72	0.371046
2828.72	0.371207
2829.72	0.371369
2830.72	0.371536
2831.72	0.371697
2832.72	0.371852
2833.72	0.37201
2834.72	0.372176
2835.72	0.372339
2836.72	0.3725
2837.72	0.372666
2838.72	0.37282
2839.72	0.372991
2840.72	0.373156
2841.72	0.373317
2842.72	0.373492
2843.72	0.373653
2844.72	0.373814
2845.72	0.373975
2846.72	0.374131
2847.72	0.374292
2848.72	0.374453
2849.72	0.374622
2850.72	0.374777
2851.72	0.374938
2852.72	0.375105
2853.72	0.375263
2854.72	0.375423
2855.72	0.375584
2856.72	0.375755
2857.72	0.375912
2858.72	0.376082
2859.72	0.376243
2860.72	0.376407
2861.72	0.376574
2862.72	0.376738
2863.72	0.376888
2864.72	0.377056
2865.72	0.377211
2866.72	0.377364
2867.72	0.37752
2868.72	0.377676
2869.72	0.377834
2870.72	0.377996
2871.72	0.378151
2872.72	0.378305
2873.72	0.378457
2874.72	0.378625
2875.72	0.378773
2876.72	0.378941
2877.72	0.379095
2878.72	0.379252
2879.72	0.379413
2880.72	0.379564
2881.72	0.379719
2882.72	0.379875
2883.72	0.380039
2884.72	0.380201
2885.72	0.380365
2886.73	0.380515
2887.73	0.380671
2888.73	0.380824
2889.73	0.380985
2890.73	0.381137
2891.73	0.381291
2892.73	0.381452
2893.73	0.381607
2894.73	0.381755
2895.73	0.381906
2896.73	0.382061
2897.73	0.382218
2898.73	0.382365
2899.73	0.382518
2900.73	0.382674
2901.73	0.382831
2902.73	0.382984
2903.73	0.383129
2904.73	0.383286
2905.73	0.383425
2906.73	0.383573
2907.73	0.383716
2908.73	0.383873
2909.73	0.384023
2910.73	0.384175
2911.73	0.38432
2912.73	0.384473
2913.73	0.384618
2914.73	0.384776
2915.73	0.384926
2916.73	0.38507
2917.73	0.385224
2918.73	0.385376
2919.73	0.385529
2920.73	0.385677
2921.73	0.385824
2922.73	0.385973
2923.73	0.386124
2924.73	0.386272
2925.73	0.386424
2926.73	0.386578
2927.73	0.386725
2928.73	0.386873
2929.73	0.387022
2930.73	0.387174
2931.73	0.387326
2932.73	0.387476
2933.73	0.387626
2934.73	0.387771
2935.73	0.387925
2936.73	0.388071
2937.73	0.388225
2938.73	0.388368
2939.73	0.388522
2940.73	0.38868
2941.73	0.388829
2942.73	0.388978
2943.73	0.389131
2944.73	0.389286
2945.73	0.389438
2946.73	0.389584
2947.73	0.389728
2948.73	0.38987
2949.73	0.390026
2950.73	0.390168
2951.73	0.390316
2952.73	0.390467
2953.73	0.390614
2954.73	0.390751
2955.73	0.3909
2956.73	0.391042
2957.73	0.391189
2958.73	0.391328
2959.73	0.391474
2960.73	0.391615
2961.73	0.391757
2962.73	0.391903
2963.73	0.39205
2964.73	0.392194
2965.73	0.39235
2966.73	0.392498
2967.73	0.392639
2968.73	0.392783
2969.73	0.39292
2970.73	0.393055
2971.73	0.393198
2972.73	0.393336
2973.73	0.393478
2974.73	0.393625
2975.73	0.393767
2976.73	0.393904
2977.73	0.394049
2978.73	0.394185
2979.73	0.394325
2980.73	0.394472
2981.73	0.394617
2982.73	0.394766
2983.73	0.394908
2984.73	0.395054
2985.73	0.395196
2986.73	0.395342
2987.73	0.395481
2988.73	0.395619
2989.73	0.395758
2990.73	0.3959
2991.73	0.396041
2992.73	0.396177
2993.73	0.396324
2994.73	0.396468
2995.73	0.396607
2996.73	0.396752
2997.73	0.396888
2998.73	0.397027
2999.73	0.397158
3000.73	0.397299
3001.73	0.397436
3002.73	0.397578
3003.73	0.39772
3004.73	0.39786
3005.73	0.397999
3006.73	0.398126
3007.73	0.398263
3008.73	0.3984
3009.73	0.398529
3010.74	0.39867
3011.74	0.398814
3012.74	0.398949
3013.74	0.399087
3014.74	0.399225
3015.74	0.399356
3016.74	0.399495
3017.74	0.39964
3018.74	0.399775
3019.74	0.399918
3020.74	0.40005
3021.74	0.400199
3022.74	0.40033
3023.74	0.400459
3024.74	0.400596
3025.74	0.400742
3026.74	0.400874
3027.74	0.401009
3028.74	0.401143
3029.74	0.401269
3030.74	0.4014
3031.74	0.401541
3032.74	0.40168
3033.74	0.401819
3034.74	0.401956
3035.74	0.402081
3036.74	0.402214
3037.74	0.402353
3038.74	0.402485
3039.74	0.402622
3040.74	0.402755
3041.74	0.402888
3042.74	0.403025
3043.74	0.403157
3044.74	0.403292
3045.74	0.403421
3046.74	0.403556
3047.74	0.403688
3048.74	0.403826
3049.74	0.403963
3050.74	0.404097
3051.74	0.404231
3052.74	0.40436
3053.74	0.404496
3054.74	0.404623
3055.74	0.404763
3056.74	0.404896
3057.74	0.405022
3058.74	0.405147
3059.74	0.405281
3060.74	0.405416
3061.74	0.405548
3062.74	0.405674
3063.74	0.405813
3064.74	0.405955
3065.74	0.406092
3066.74	0.40622
3067.74	0.406355
3068.74	0.406482
3069.74	0.406621
3070.74	0.406757
3071.74	0.406887
3072.74	0.407022
3073.74	0.407158
3074.74	0.407296
3075.74	0.407425
3076.74	0.407558
3077.74	0.407698
3078.74	0.407824
3079.74	0.40795
3080.74	0.408084
3081.74	0.408215
3082.74	0.408349
3083.74	0.408478
3084.74	0.408599
3085.74	0.408733
3086.74	0.408862
3087.74	0.408988
3088.74	0.409115
3089.74	0.409244
3090.74	0.409374
3091.74	0.409505
3092.74	0.409641
3093.74	0.40977
3094.74	0.409904
3095.74	0.410028
3096.74	0.41016
3097.74	0.410291
3098.74	0.410413
3099.74	0.410546
3100.74	0.410674
3101.74	0.410803
3102.74	0.410929
3103.74	0.411054
3104.74	0.411185
3105.74	0.411319
3106.74	0.411446
3107.74	0.411583
3108.74	0.411709
3109.74	0.411835
3110.74	0.411968
3111.74	0.412091
3112.74	0.412217
3113.74	0.412339
3114.74	0.412466
3115.74	0.41259
3116.74	0.412719
3117.74	0.412845
3118.74	0.412973
3119.74	0.413103
3120.74	0.413238
3121.74	0.413358
3122.74	0.41348
3123.74	0.413601
3124.74	0.413725
3125.74	0.41385
3126.74	0.413978
3127.74	0.414109
3128.74	0.414231
3129.74	0.414357
3130.74	0.414484
3131.74	0.414607
3132.74	0.414726
3133.74	0.414854
3134.74	0.414981
3135.74	0.415101
3136.74	0.415223
3137.74	0.415348
3138.74	0.415478
3139.74	0.415616
3140.74	0.415735
3141.74	0.415869
3142.74	0.415997
3143.74	0.416126
3144.74	0.41625
3145.74	0.416384
3146.74	0.416502
3147.74	0.416628
3148.74	0.416747
3149.74	0.416872
3150.74	0.416994
3151.74	0.417112
3152.74	0.41724
3153.74	0.417369
3154.74	0.417497
3155.74	0.417621
3156.74	0.417746
3157.75	0.417871
3158.75	0.417986
3159.75	0.418109
3160.75	0.418237
3161.75	0.418364
3162.75	0.418498
3163.75	0.41862
3164.75	0.418745
3165.75	0.418871
3166.75	0.418992
3167.75	0.419119
3168.75	0.419236
3169.75	0.419363
3170.75	0.419484
3171.75	0.419601
3172.75	0.419723
3173.75	0.419844
3174.75	0.419958
3175.75	0.420074
3176.75	0.420201
3177.75	0.420317
3178.75	0.420444
3179.75	0.420566
3180.75	0.420684
3181.75	0.420805
3182.75	0.420926
3183.75	0.421049
3184.75	0.421164
3185.75	0.421282
3186.75	0.421406
3187.75	0.421527
3188.75	0.421646
3189.75	0.421766
3190.75	0.421891
3191.75	0.422012
3192.75	0.422131
3193.75	0.422247
3194.75	0.422373
3195.75	0.422493
3196.75	0.42261
3197.75	0.422736
3198.75	0.422856
3199.75	0.422982
3200.75	0.423094
3201.75	0.42321
3202.75	0.423327
3203.75	0.423456
3204.75	0.423581
3205.75	0.423699
3206.75	0.423822
3207.75	0.423936
3208.75	0.424057
3209.75	0.424182
3210.75	0.424303
3211.75	0.424429
3212.75	0.424549
3213.75	0.424673
3214.75	0.424785
3215.75	0.424904
3216.75	0.425017
3217.75	0.425136
3218.75	0.425247
3219.75	0.425367
3220.75	0.425483
3221.75	0.425599
3222.75	0.425717
3223.75	0.425832
3224.75	0.425949
3225.75	0.42607
3226.75	0.426193
3227.75	0.426303
3228.75	0.42642
3229.75	0.426529
3230.75	0.426639
3231.75	0.426761
3232.75	0.426877
3233.75	0.426994
3234.75	0.42712
3235.75	0.427242
3236.75	0.42736
3237.75	0.427476
3238.75	0.427598
3239.75	0.427723
3240.75	0.427836
3241.75	0.427953
3242.75	0.428064
3243.75	0.428174
3244.75	0.428284
3245.75	0.428392
3246.75	0.428501
3247.75	0.428615
3248.75	0.428731
3249.75	0.428849
3250.75	0.428965
3251.75	0.429087
3252.75	0.429202
3253.75	0.429316
3254.75	0.429433
3255.75	0.429539
3256.75	0.429656
3257.75	0.429767
3258.75	0.429882
3259.75	0.429996
3260.75	0.430117
3261.75	0.430229
3262.75	0.430344
3263.75	0.430467
3264.75	0.430587
3265.75	0.430706
3266.75	0.430823
3267.75	0.43094
3268.75	0.43105
3269.75	0.431166
3270.75	0.431271
3271.75	0.431386
3272.75	0.431498
3273.75	0.43161
3274.75	0.43172
3275.75	0.431831
3276.75	0.431936
3277.75	0.432051
3278.75	0.432164
3279.75	0.432282
3280.75	0.432395
3281.75	0.432513
3282.75	0.432629
3283.75	0.43274
3284.75	0.432859
3285.75	0.432977
3286.75	0.433095
3287.75	0.433215
3288.75	0.433329
3289.75	0.433439
3290.75	0.433553
3291.75	0.433664
3292.75	0.433785
3293.75	0.433901
3294.75	0.434014
3295.75	0.434127
3296.75	0.434246
3297.75	0.434363
3298.75	0.434475
3299.75	0.434587
3300.75	0.4347
3301.75	0.434815
3302.75	0.434924
3303.75	0.435035
3304.75	0.435156
3305.75	0.435272
3306.75	0.435387
3307.75	0.435494
3308.75	0.435602
3309.75	0.43572
3310.75	0.435833
3311.75	0.435939
3312.75	0.436061
3313.75	0.436175
3314.75	0.436287
3315.75	0.436403
3316.75	0.436512
3317.76	0.436625
3318.76	0.436723
3319.76	0.436836
3320.76	0.436948
3321.76	0.437064
3322.76	0.437178
3323.76	0.437286
3324.76	0.437399
3325.76	0.437505
3326.76	0.437616
3327.76	0.437724
3328.76	0.43784
3329.76	0.437949
3330.76	0.438061
3331.76	0.438172
3332.76	0.438279
3333.76	0.438387
3334.76	0.438503
3335.76	0.438611
3336.76	0.438723
3337.76	0.438836
3338.76	0.43894
3339.76	0.439052
3340.76	0.439154
3341.76	0.43926
3342.76	0.439359
3343.76	0.439472
3344.76	0.439577
3345.76	0.439674
3346.76	0.43979
3347.76	0.439895
3348.76	0.440001
3349.76	0.440109
3350.76	0.440223
3351.76	0.440331
3352.76	0.440445
3353.76	0.440553
3354.76	0.440662
3355.76	0.440768
3356.76	0.440883
3357.76	0.440989
3358.76	0.441102
3359.76	0.441215
3360.76	0.441325
3361.76	0.441429
3362.76	0.44154
3363.76	0.441655
3364.76	0.441765
3365.76	0.441878
3366.76	0.441984
3367.76	0.442091
3368.76	0.442199
3369.76	0.442319
3370.76	0.442423
3371.76	0.44253
3372.76	0.442635
3373.76	0.442747
3374.76	0.442853
3375.76	0.442958
3376.76	0.443061
3377.76	0.443168
3378.76	0.443267
3379.76	0.443374
3380.76	0.443473
3381.76	0.443581
3382.76	0.443695
3383.76	0.443805
3384.76	0.443909
3385.76	0.444011
3386.76	0.444117
3387.76	0.444223
3388.76	0.444324
3389.76	0.444433
3390.76	0.444542
3391.76	0.444653
3392.76	0.444761
3393.76	0.44487
3394.76	0.444975
3395.76	0.445085
3396.76	0.445183
3397.76	0.44529
3398.76	0.445401
3399.76	0.445507
3400.76	0.445619
3401.76	0.445726
3402.76	0.445826
3403.76	0.445931
3404.76	0.446033
3405.76	0.446135
3406.76	0.44624
3407.76	0.446342
3408.76	0.446443
3409.76	0.446552
3410.76	0.446659
3411.76	0.446763
3412.76	0.446865
3413.76	0.446972
3414.76	0.447073
3415.76	0.447172
3416.76	0.447281
3417.76	0.44739
3418.76	0.447492
3419.76	0.447598
3420.76	0.447712
3421.76	0.447821
3422.76	0.447925
3423.76	0.448029
3424.76	0.448129
3425.76	0.448237
3426.76	0.448337
3427.76	0.448436
3428.76	0.448535
3429.76	0.448645
3430.76	0.448756
3431.76	0.448852
3432.76	0.448962
3433.76	0.44907
3434.76	0.44917
3435.76	0.449272
3436.76	0.449377
3437.76	0.44948
3438.76	0.449585
3439.76	0.449686
3440.76	0.44979
3441.76	0.449902
3442.76	0.45001
3443.76	0.450107
3444.76	0.450207
3445.76	0.450317
3446.76	0.450422
3447.76	0.450521
3448.76	0.450629
3449.76	0.450733
3450.76	0.450839
3451.76	0.450946
3452.76	0.451055
3453.76	0.451164
3454.76	0.451266
3455.76	0.451365
3456.76	0.451464
3457.76	0.45156
3458.76	0.451661
3459.76	0.451758
3460.76	0.451861
3461.76	0.451959
3462.76	0.45206
3463.76	0.452163
3464.76	0.452263
3465.76	0.452372
3466.76	0.452474
3467.76	0.452584
3468.76	0.452689
3469.76	0.452794
3470.76	0.452902
3471.76	0.453004
3472.76	0.453099
3473.76	0.453205
3474.76	0.453308
3475.76	0.453409
3476.76	0.45351
3477.77	0.453607
3478.77	0.45371
3479.77	0.453811
3480.77	0.453908
3481.77	0.454014
3482.77	0.454111
3483.77	0.454217
3484.77	0.45432
3485.77	0.454415
3486.77	0.454518
3487.77	0.454622
3488.77	0.454728
3489.77	0.454825
3490.77	0.454928
3491.77	0.455029
3492.77	0.455128
3493.77	0.455225
3494.77	0.455338
3495.77	0.455442
3496.77	0.455544
3497.77	0.455639
3498.77	0.455737
3499.77	0.455834
3500.77	0.455929
3501.77	0.456028
3502.77	0.456127
3503.77	0.456231
3504.77	0.456333
3505.77	0.456435
3506.77	0.456528
3507.77	0.456629
3508.77	0.456733
3509.77	0.456835
3510.77	0.456928
3511.77	0.457024
3512.77	0.457124
3513.77	0.457224
3514.77	0.457326
3515.77	0.457428
3516.77	0.457524
3517.77	0.457628
3518.77	0.45773
3519.77	0.457828
3520.77	0.457931
3521.77	0.458032
3522.77	0.458137
3523.77	0.458236
3524.77	0.458338
3525.77	0.458437
3526.77	0.458536
3527.77	0.458638
3528.77	0.458735
3529.77	0.458835
3530.77	0.45893
3531.77	0.459022
3532.77	0.459118
3533.77	0.459215
3534.77	0.459316
3535.77	0.45941
3536.77	0.459507
3537.77	0.459603
3538.77	0.459706
3539.77	0.459804
3540.77	0.459907
3541.77	0.460002
3542.77	0.460101
3543.77	0.460197
3544.77	0.460298
3545.77	0.460389
3546.77	0.460488
3547.77	0.460586
3548.77	0.460682
3549.77	0.46078
3550.77	0.460876
3551.77	0.46097
3552.77	0.46107
3553.77	0.461164
3554.77	0.461261
3555.77	0.461365
3556.77	0.461461
3557.77	0.461556
3558.77	0.461648
3559.77	0.461743
3560.77	0.461834
3561.77	0.461933
3562.77	0.462032
3563.77	0.462127
3564.77	0.462226
3565.77	0.462319
3566.77	0.462411
3567.77	0.462511
3568.77	0.462605
3569.77	0.462703
3570.77	0.4628
3571.77	0.462902
3572.77	0.463
3573.77	0.463099
3574.77	0.463198
3575.77	0.463299
3576.77	0.463396
3577.77	0.463484
3578.77	0.463573
3579.77	0.463674
3580.77	0.463772
3581.77	0.463867
3582.77	0.463966
3583.77	0.46406
3584.77	0.464159
3585.77	0.464255
3586.77	0.464346
3587.77	0.464443
3588.77	0.464536
3589.77	0.464631
3590.77	0.464732
3591.77	0.464832
3592.77	0.464924
3593.77	0.465021
3594.77	0.465119
3595.77	0.465223
3596.77	0.465319
3597.77	0.465414
3598.77	0.465509
3599.77	0.465603
3600.77	0.465707
3601.77	0.465806
3602.77	0.465907
3603.77	0.466
3604.77	0.466099
3605.77	0.4662
3606.77	0.466297
3607.77	0.466396
3608.77	0.466488
3609.77	0.466578
3610.77	0.466672
3611.77	0.466771
3612.77	0.46687
3613.77	0.466964
3614.77	0.46706
3615.78	0.467151
3616.78	0.467243
3617.78	0.467344
3618.78	0.467442
3619.78	0.467536
3620.78	0.467628
3621.78	0.467724
3622.78	0.467822
3623.78	0.467919
3624.78	0.468018
3625.78	0.468106
3626.78	0.468205
3627.78	0.468297
3628.78	0.468399
3629.78	0.468485
3630.78	0.468586
3631.78	0.468678
3632.78	0.468775
3633.78	0.468868
3634.78	0.468959
3635.78	0.469056
3636.78	0.469152
3637.78	0.469251
3638.78	0.469343
3639.78	0.46944
3640.78	0.469533
3641.78	0.469621
3642.78	0.469721
3643.78	0.469806
3644.78	0.469903
3645.78	0.469999
3646.78	0.470097
3647.78	0.470192
3648.78	0.470282
3649.78	0.470379
3650.78	0.470471
3651.78	0.470563
3652.78	0.470663
3653.78	0.470763
3654.78	0.470853
3655.78	0.470946
3656.78	0.471048
3657.78	0.471141
3658.78	0.471239
3659.78	0.471333
3660.78	0.471429
3661.78	0.47152
3662.78	0.471617
3663.78	0.471709
3664.78	0.471799
3665.78	0.471885
3666.78	0.471975
3667.78	0.47207
3668.78	0.472157
3669.78	0.47225
3670.78	0.472349
3671.78	0.472438
3672.78	0.47253
3673.78	0.472621
3674.78	0.472708
3675.78	0.472803
3676.78	0.472892
3677.78	0.472989
3678.78	0.473084
3679.78	0.473176
3680.78	0.473276
3681.78	0.473362
3682.78	0.473457
3683.78	0.473553
3684.78	0.473649
3685.78	0.473745
3686.78	0.473838
3687.78	0.473927
3688.78	0.474023
3689.78	0.474113
3690.78	0.474205
3691.78	0.4743
3692.78	0.474398
3693.78	0.474498
3694.78	0.474584
3695.78	0.474674
3696.78	0.474768
3697.78	0.474857
3698.78	0.474949
3699.78	0.475042
3700.78	0.475135
3701.78	0.475227
3702.78	0.475327
3703.78	0.475416
3704.78	0.475507
3705.78	0.4756
3706.78	0.475686
3707.78	0.47578
3708.78	0.475866
3709.78	0.475962
3710.78	0.476052
3711.78	0.476137
3712.78	0.476234
3713.78	0.476325
3714.78	0.47642
3715.78	0.476516
3716.78	0.476604
3717.78	0.4767
3718.78	0.476795
3719.78	0.476891
3720.78	0.476984
3721.78	0.477075
3722.78	0.477163
3723.78	0.477249
3724.78	0.477344
3725.78	0.477435
3726.78	0.477531
3727.78	0.477624
3728.78	0.477718
3729.78	0.477811
3730.78	0.4779
3731.78	0.477989
3732.78	0.478081
3733.78	0.478172
3734.78	0.478265
3735.78	0.478357
3736.78	0.478447
3737.78	0.47854
3738.79	0.478632
3739.79	0.478726
3740.79	0.478824
3741.79	0.478914
3742.79	0.479004
3743.79	0.479098
3744.79	0.47919
3745.79	0.479277
3746.79	0.479366
3747.79	0.479456
3748.79	0.479544
3749.79	0.479632
3750.79	0.479712
3751.79	0.479801
3752.79	0.479894
3753.79	0.479984
3754.79	0.480068
3755.79	0.480149
3756.79	0.480234
3757.79	0.48032
3758.79	0.480403
3759.79	0.480492
3760.79	0.480582
3761.79	0.480671
3762.79	0.480761
3763.79	0.480858
3764.79	0.480945
3765.79	0.481031
3766.79	0.481119
3767.79	0.481206
3768.79	0.481298
3769.79	0.481382
3770.79	0.481469
3771.79	0.481563
3772.79	0.481651
3773.79	0.481739
3774.79	0.481836
3775.79	0.481929
3776.79	0.482015
3777.79	0.482103
3778.79	0.482193
3779.79	0.482277
3780.79	0.482372
3781.79	0.482463
3782.79	0.482549
3783.79	0.482641
3784.79	0.482724
3785.79	0.482815
3786.79	0.482906
3787.79	0.482993
3788.79	0.483088
3789.79	0.483172
3790.79	0.483253
3791.79	0.483341
3792.79	0.483429
3793.79	0.483521
3794.79	0.483602
3795.79	0.483685
3796.79	0.483775
3797.79	0.483862
3798.79	0.483952
3799.79	0.484039
3800.79	0.484123
3801.79	0.484214
3802.79	0.484304
3803.79	0.484387
3804.79	0.484476
3805.79	0.484567
3806.79	0.48466
3807.79	0.48475
3808.79	0.484838
3809.79	0.484929
3810.79	0.48502
3811.79	0.485106
3812.79	0.485192
3813.79	0.48528
3814.79	0.485368
3815.79	0.485459
3816.79	0.485548
3817.79	0.485638
3818.79	0.485726
3819.79	0.485811
3820.79	0.485898
3821.79	0.485986
3822.79	0.486082
3823.79	0.486178
3824.79	0.486264
3825.79	0.486351
3826.79	0.486437
3827.79	0.486523
3828.79	0.48661
3829.79	0.486694
3830.79	0.486785
3831.79	0.486869
3832.79	0.486958
3833.79	0.487046
3834.79	0.487135
3835.79	0.487224
3836.79	0.487316
3837.79	0.487399
3838.79	0.48749
3839.79	0.487568
3840.79	0.487658
3841.79	0.487747
3842.79	0.487831
3843.79	0.487916
3844.79	0.487999
3845.79	0.488086
3846.79	0.488175
3847.79	0.48826
3848.79	0.488346
3849.79	0.488429
3850.79	0.488517
3851.79	0.488605
3852.79	0.488693
3853.79	0.488775
3854.79	0.488865
3855.79	0.488951
3856.79	0.48904
3857.79	0.489124
3858.79	0.489207
3859.79	0.489294
3860.79	0.489377
3861.79	0.489466
3862.79	0.489555
3863.79	0.489639
3864.79	0.489724
3865.79	0.489806
3866.79	0.489893
3867.79	0.489981
3868.79	0.490063
3869.79	0.490146
3870.79	0.490229
3871.79	0.49032
3872.79	0.490407
3873.79	0.490493
3874.8	0.490572
3875.8	0.490656
3876.8	0.490735
3877.8	0.490819
3878.8	0.490908
3879.8	0.490991
3880.8	0.49108
3881.8	0.491164
3882.8	0.491252
3883.8	0.491341
3884.8	0.491428
3885.8	0.491514
3886.8	0.491593
3887.8	0.49168
3888.8	0.491766
3889.8	0.49185
3890.8	0.491938
3891.8	0.492021
3892.8	0.492104
3893.8	0.492187
3894.8	0.49227
3895.8	0.49235
3896.8	0.492433
3897.8	0.492518
3898.8	0.492597
3899.8	0.492683
3900.8	0.49276
3901.8	0.492844
3902.8	0.492929
3903.8	0.493019
3904.8	0.493101
3905.8	0.493186
3906.8	0.493263
3907.8	0.493349
3908.8	0.493428
3909.8	0.493518
3910.8	0.493605
3911.8	0.49369
3912.8	0.493769
3913.8	0.493857
3914.8	0.493939
3915.8	0.494025
3916.8	0.494104
3917.8	0.494187
3918.8	0.494271
3919.8	0.494354
3920.8	0.49444
3921.8	0.494523
3922.8	0.49461
3923.8	0.494689
3924.8	0.494774
3925.8	0.494857
3926.8	0.494942
3927.8	0.495015
3928.8	0.495101
3929.8	0.495187
3930.8	0.495266
3931.8	0.495346
3932.8	0.495426
3933.8	0.495508
3934.8	0.495586
3935.8	0.49567
3936.8	0.495745
3937.8	0.495823
3938.8	0.495904
3939.8	0.495981
3940.8	0.496056
3941.8	0.496141
3942.8	0.496218
3943.8	0.496298
3944.8	0.49638
3945.8	0.496461
3946.8	0.49654
3947.8	0.49662
3948.8	0.496699
3949.8	0.496777
3950.8	0.496863
3951.8	0.496941
3952.8	0.497024
3953.8	0.49711
3954.8	0.497186
3955.8	0.49727
3956.8	0.497348
3957.8	0.49743
3958.8	0.497508
3959.8	0.49759
3960.8	0.49767
3961.8	0.497748
3962.8	0.497835
3963.8	0.497917
3964.8	0.497996
3965.8	0.498077
3966.8	0.498161
3967.8	0.498244
3968.8	0.498326
3969.8	0.498412
3970.8	0.498493
3971.8	0.49857
3972.8	0.49865
3973.8	0.498735
3974.8	0.498814
3975.8	0.4989
3976.8	0.498976
3977.8	0.499061
3978.8	0.499144
3979.8	0.499219
3980.8	0.499303
3981.8	0.499382
3982.8	0.499466
3983.8	0.499551
3984.8	0.499635
3985.8	0.499715
3986.8	0.499796
3987.8	0.499873
3988.8	0.499955
3989.8	0.500039
3990.8	0.500115
3991.8	0.50019
3992.8	0.500274
3993.8	0.500352
3994.8	0.500434
3995.8	0.500513
3996.8	0.500594
3997.8	0.500673
3998.8	0.50075
3999.8	0.500829
