time	conversion
1.0028	0.00255747
2.00412	0.00515805
3.02745	0.00613506
4.03048	0.00698276
5.05719	0.00797414
6.06591	0.0087069
7.07471	0.00958333
8.09563	0.0106897
9.10233	0.0115805
10.1617	0.0127155
11.1628	0.01375
12.1814	0.0142098
13.212	0.0145546
14.2723	0.0150575
15.3135	0.0154598
16.316	0.0161063
17.3255	0.0164943
18.3389	0.0166954
19.3492	0.0176293
20.364	0.0183764
21.3643	0.0191379
22.4128	0.0196264
23.4184	0.0201006
24.4188	0.0203879
25.4199	0.0208477
26.433	0.0214799
27.5052	0.0220833
28.5122	0.0226437
29.552	0.0232471
30.5886	0.0236925
31.6784	0.0240948
32.6809	0.0245546
33.7129	0.0249425
34.7298	0.0256753
35.7312	0.0261638
36.7327	0.0265948
37.7417	0.0268678
38.7543	0.0272845
39.7796	0.0278736
40.817	0.0284914
41.8189	0.0289799
42.8232	0.029569
43.9557	0.0301149
44.9821	0.0303879
46.0284	0.0307471
47.0289	0.0311207
48.0355	0.0314224
49.0954	0.0316523
50.1639	0.0320115
51.1652	0.0323563
52.2559	0.0327443
53.2573	0.0331322
54.2789	0.0335345
55.2831	0.0340374
56.3139	0.0344253
57.353	0.0347701
58.377	0.0351724
59.3909	0.0356034
60.4084	0.0360489
61.4156	0.0362787
62.4476	0.0366236
63.6485	0.0371264
64.6518	0.0374856
65.6677	0.0379598
66.6678	0.0384626
67.7137	0.0388218
68.7734	0.0391667
69.8442	0.0394397
70.8532	0.0399713
71.907	0.0404167
72.9089	0.040704
73.9395	0.0411782
74.9426	0.041681
76.0341	0.0419397
77.0469	0.0423563
78.0493	0.0429454
79.0624	0.0432328
80.0799	0.0435632
81.101	0.0439368
82.117	0.0443247
83.1241	0.0445977
84.1374	0.0451437
85.1452	0.0455891
86.1534	0.0459339
87.1626	0.046408
88.1704	0.0468534
89.1919	0.0471983
90.2204	0.0474713
91.2237	0.0480891
92.2333	0.0485776
93.267	0.0488649
94.2675	0.0493534
95.2719	0.0496552
96.2744	0.0500575
97.2791	0.0502299
98.2797	0.0506034
99.2896	0.0508764
100.301	0.0512644
101.309	0.0513937
102.319	0.0517241
103.34	0.0518966
104.356	0.052342
105.494	0.0525
106.499	0.0527299
107.5	0.0530316
108.5	0.0533764
109.502	0.0536782
110.517	0.053908
111.577	0.0542098
112.642	0.0544397
113.643	0.0546839
114.656	0.0547701
115.725	0.0550287
116.748	0.055158
117.748	0.0555172
118.754	0.0559483
119.77	0.0563362
120.797	0.0566236
121.862	0.0567098
122.865	0.0569971
123.872	0.0572557
124.878	0.0575431
125.879	0.0578879
126.89	0.0581322
127.936	0.0583477
128.948	0.0586351
129.954	0.0589224
131.046	0.0591523
132.062	0.0593966
133.065	0.0596121
134.068	0.0600144
135.069	0.0601437
136.077	0.060546
137.085	0.0608046
138.088	0.0610632
139.1	0.0612644
140.1	0.0614943
141.101	0.0617529
142.11	0.0620833
143.113	0.0622557
144.151	0.0624856
145.21	0.0627011
146.222	0.063046
147.25	0.0634195
148.251	0.0636925
149.252	0.0640086
150.253	0.0643247
151.332	0.0645115
152.392	0.0647701
153.404	0.0650575
154.432	0.0653305
155.442	0.0655172
156.463	0.0657328
157.468	0.065977
158.468	0.0662069
159.472	0.0665517
160.476	0.0667385
161.498	0.0670833
162.528	0.0672845
163.55	0.0674569
164.593	0.067773
165.622	0.0681034
166.638	0.0683333
167.656	0.0686207
168.657	0.0687644
169.686	0.0690374
170.692	0.0693103
171.762	0.0695402
172.772	0.0698707
173.853	0.0702011
174.856	0.0704885
175.881	0.0706753
176.926	0.0709195
177.954	0.0713075
178.955	0.0715948
179.987	0.0719684
180.995	0.0722126
182.007	0.0723276
183.019	0.0725575
184.019	0.0727586
185.025	0.072931
186.034	0.0732184
187.044	0.0733046
188.067	0.0734914
189.079	0.0737931
190.086	0.0740086
191.118	0.0742672
192.127	0.074569
193.128	0.0747126
194.133	0.0749425
195.143	0.0751724
196.148	0.0754598
197.159	0.0757759
198.187	0.0759914
199.189	0.0761207
200.195	0.0764511
201.235	0.0766523
202.241	0.0768966
203.251	0.0772126
204.253	0.0774138
205.284	0.0776293
206.287	0.0778736
207.345	0.0781897
208.407	0.0784195
209.407	0.0785776
210.41	0.0788218
211.42	0.0791092
212.427	0.0793966
213.5	0.0795546
214.508	0.079842
215.518	0.08
216.521	0.0802011
217.55	0.0805747
218.559	0.0807471
219.564	0.0809483
220.565	0.0811207
221.576	0.0813937
222.59	0.0815374
223.591	0.0817816
224.592	0.0819397
225.596	0.0821695
226.606	0.0822989
227.622	0.0824425
228.691	0.0826006
229.712	0.0827586
230.791	0.0829167
231.798	0.0832615
232.815	0.0835345
233.817	0.0837931
234.823	0.0840374
235.842	0.0842098
236.855	0.0843247
237.879	0.0843966
238.881	0.0845977
239.881	0.0847557
240.888	0.084842
241.896	0.0851437
242.897	0.085431
243.909	0.0857471
244.913	0.0860057
246.036	0.0861782
247.058	0.0865517
248.074	0.0866954
249.106	0.0869253
250.108	0.0871408
251.112	0.0874856
252.127	0.0876724
253.148	0.0877874
254.151	0.088046
255.239	0.0882328
256.322	0.0884052
257.323	0.0885345
258.324	0.0888218
259.338	0.0891092
260.338	0.0892816
261.34	0.0894828
262.341	0.0897701
263.364	0.0900431
264.364	0.0903879
265.368	0.0907902
266.372	0.0911207
267.381	0.0912356
268.424	0.0913937
269.429	0.0915805
270.435	0.0918103
271.456	0.0921552
272.458	0.0922989
273.46	0.0925
274.469	0.0927011
275.483	0.0930891
276.484	0.0933908
277.499	0.09375
278.5	0.0938937
279.528	0.0941667
280.53	0.0944684
281.647	0.0946552
282.665	0.0949282
283.671	0.0952011
284.679	0.095431
285.715	0.0955891
286.748	0.0958046
287.763	0.0961494
288.766	0.0962787
289.773	0.0965086
290.773	0.0968534
291.787	0.0969971
292.795	0.097227
293.809	0.0974425
294.811	0.097658
295.839	0.0978305
296.845	0.0979598
297.852	0.0980891
298.865	0.0983477
299.876	0.0985776
300.891	0.0987356
301.895	0.0989943
302.909	0.0991523
303.934	0.0993391
304.954	0.0994684
306.006	0.0996695
307.032	0.0998132
308.049	0.0999138
309.077	0.100072
310.078	0.100259
311.108	0.100417
312.134	0.100575
313.149	0.100747
314.152	0.100963
315.158	0.101121
316.171	0.101279
317.179	0.101351
318.2	0.101466
319.223	0.101566
320.226	0.101796
321.231	0.101911
322.243	0.101997
323.258	0.10204
324.264	0.102241
325.272	0.102514
326.297	0.102687
327.353	0.102974
328.37	0.103204
329.385	0.103319
330.393	0.103549
331.41	0.103822
332.422	0.104023
333.432	0.104282
334.442	0.104511
335.447	0.104641
336.451	0.104713
337.467	0.104799
338.481	0.104885
339.496	0.105101
340.519	0.105216
341.55	0.105359
342.571	0.105503
343.605	0.105603
344.651	0.105776
345.652	0.105963
346.68	0.106121
347.684	0.106365
348.69	0.10648
349.69	0.106724
350.724	0.106853
351.74	0.107011
352.745	0.107198
353.758	0.107284
354.77	0.107428
355.771	0.107572
356.782	0.107773
357.791	0.107917
358.821	0.108103
359.827	0.10829
360.868	0.108534
361.877	0.108707
362.934	0.108793
363.98	0.108908
365	0.109009
366.008	0.109181
367.043	0.109368
368.073	0.109583
369.077	0.10977
370.094	0.109899
371.128	0.110072
372.131	0.110273
373.141	0.110431
374.151	0.110618
375.184	0.110733
376.186	0.110833
377.207	0.110991
378.212	0.111178
379.219	0.111293
380.227	0.111466
381.271	0.111609
382.302	0.111839
383.339	0.112026
384.36	0.112227
385.418	0.112385
386.449	0.1125
387.467	0.112601
388.479	0.112744
389.519	0.112902
390.525	0.113204
391.527	0.11329
392.533	0.113376
393.538	0.113506
394.541	0.113621
395.567	0.113721
396.624	0.113879
397.64	0.114023
398.658	0.11421
399.697	0.114411
400.697	0.114655
401.701	0.114957
402.72	0.115158
403.721	0.11533
404.728	0.115474
405.759	0.115805
406.767	0.116006
407.777	0.116164
408.779	0.116307
409.784	0.11658
410.825	0.116638
411.84	0.116897
412.847	0.117112
413.86	0.117414
414.871	0.117486
415.885	0.117716
416.894	0.11783
417.936	0.118089
418.949	0.118276
419.969	0.11842
420.971	0.118707
421.973	0.118908
422.976	0.119037
423.985	0.119138
425.039	0.119282
426.04	0.119425
427.042	0.119497
428.074	0.119612
429.076	0.119784
430.077	0.119914
431.078	0.120072
432.08	0.120287
433.097	0.120445
434.105	0.120632
435.127	0.120747
436.128	0.12092
437.171	0.121092
438.173	0.12125
439.256	0.121451
440.258	0.121638
441.265	0.12181
442.272	0.121897
443.281	0.122026
444.288	0.12217
445.296	0.122342
446.303	0.122514
447.304	0.12273
448.31	0.122945
449.351	0.123046
450.355	0.123132
451.528	0.123305
452.533	0.123477
453.534	0.123606
454.536	0.123764
455.538	0.123779
456.568	0.123966
457.593	0.124267
458.607	0.12444
459.611	0.124583
460.619	0.124727
461.622	0.124957
462.649	0.125086
463.655	0.125216
464.706	0.125402
465.732	0.125575
466.733	0.12569
467.745	0.125905
468.746	0.126063
469.763	0.126178
470.767	0.126307
471.779	0.126394
472.788	0.126466
473.816	0.126566
474.844	0.126695
475.881	0.126796
476.918	0.127026
477.921	0.12727
478.922	0.127471
479.929	0.127586
480.948	0.127687
481.951	0.127931
482.977	0.128103
484.002	0.128204
485.011	0.128348
486.013	0.128534
487.016	0.128649
488.039	0.128779
489.087	0.128879
490.093	0.12908
491.126	0.129325
492.129	0.129555
493.14	0.129741
494.161	0.129856
495.161	0.129957
496.175	0.130172
497.184	0.130316
498.201	0.130517
499.205	0.130647
500.218	0.130761
501.234	0.130805
502.252	0.131049
503.271	0.131149
504.273	0.131307
505.287	0.131422
506.314	0.131537
507.315	0.131652
508.348	0.131724
509.356	0.131897
510.377	0.132126
511.379	0.132213
512.381	0.132342
513.388	0.132471
514.396	0.132572
515.409	0.132716
516.42	0.132874
517.422	0.133017
518.44	0.133161
519.442	0.13329
520.467	0.13342
521.467	0.133549
522.484	0.13375
523.496	0.133807
524.505	0.133894
525.514	0.134023
526.532	0.134239
527.555	0.134368
528.563	0.134555
529.592	0.134741
530.592	0.134813
531.618	0.134957
532.644	0.135115
533.669	0.135302
534.695	0.135546
535.696	0.135661
536.705	0.135805
537.719	0.135991
538.742	0.136207
539.768	0.136394
540.776	0.136552
541.782	0.136638
542.842	0.136724
543.869	0.136868
544.871	0.136968
545.883	0.137126
546.892	0.137256
547.916	0.137356
548.956	0.137399
549.963	0.137615
550.969	0.137716
551.989	0.137816
553.003	0.137917
554.003	0.138103
555.006	0.138333
556.007	0.138506
557.028	0.138807
558.04	0.138908
559.049	0.139023
560.051	0.13921
561.06	0.139397
562.061	0.139569
563.076	0.139713
564.101	0.139842
565.109	0.140115
566.123	0.140345
567.139	0.140546
568.145	0.140647
569.192	0.140761
570.221	0.140948
571.226	0.141135
572.237	0.141221
573.264	0.141307
574.296	0.141437
575.317	0.141552
576.321	0.14171
577.373	0.141853
578.401	0.142026
579.453	0.142227
580.456	0.142356
581.482	0.142486
582.486	0.142658
583.492	0.14273
584.502	0.14283
585.532	0.142974
586.545	0.143118
587.549	0.143261
588.565	0.143333
589.566	0.143448
590.568	0.143534
591.57	0.143678
592.591	0.143879
593.62	0.143951
594.646	0.144066
595.722	0.144382
596.724	0.14444
597.736	0.144583
598.767	0.144741
599.77	0.144828
600.802	0.145043
601.803	0.14523
602.865	0.145359
603.868	0.14546
604.876	0.145517
605.876	0.145632
606.878	0.14579
607.88	0.145934
608.897	0.146049
609.922	0.14625
610.929	0.146408
611.941	0.146566
612.955	0.146681
613.971	0.146782
615.001	0.146954
616.022	0.147112
617.039	0.147256
618.058	0.147457
619.059	0.147615
620.064	0.147672
621.066	0.147773
622.083	0.148118
623.084	0.148276
624.093	0.148434
625.095	0.14852
626.148	0.148635
627.18	0.148736
628.194	0.148836
629.209	0.148922
630.212	0.14898
631.217	0.149167
632.246	0.149296
633.286	0.149497
634.311	0.149569
635.343	0.149641
636.376	0.149741
637.394	0.149842
638.397	0.149899
639.401	0.150086
640.413	0.150259
641.42	0.150302
642.427	0.150431
643.442	0.150532
644.45	0.150647
645.462	0.150833
646.479	0.150963
647.489	0.151135
648.5	0.15125
649.5	0.151322
650.505	0.151422
651.508	0.151523
652.511	0.151638
653.535	0.151667
654.535	0.151782
655.546	0.151983
656.548	0.152026
657.554	0.152126
658.584	0.152241
659.587	0.152328
660.591	0.152457
661.622	0.152514
662.631	0.152586
663.647	0.152615
664.668	0.152773
665.669	0.152874
666.699	0.152974
667.709	0.153075
668.729	0.15319
669.747	0.15329
670.749	0.153434
671.755	0.153491
672.761	0.153563
673.768	0.153707
674.772	0.153793
675.826	0.153908
676.83	0.154023
677.832	0.154167
678.832	0.154267
679.843	0.154339
680.846	0.15444
681.856	0.154583
682.871	0.154756
683.872	0.154842
684.879	0.154971
685.923	0.155144
686.93	0.155273
687.959	0.15546
688.986	0.155661
690.005	0.15569
691.019	0.15579
692.023	0.155891
693.034	0.15602
694.044	0.156236
695.055	0.156351
696.058	0.156451
697.087	0.156566
698.123	0.156638
699.124	0.156767
700.157	0.156882
701.158	0.156983
702.188	0.157155
703.204	0.157328
704.208	0.157514
705.211	0.157658
706.227	0.157759
707.24	0.157888
708.251	0.158017
709.319	0.158118
710.324	0.158233
711.327	0.158333
712.391	0.158477
713.403	0.158578
714.413	0.158736
715.417	0.158851
716.419	0.158966
717.43	0.159138
718.43	0.159282
719.441	0.159454
720.448	0.15954
721.464	0.159655
722.504	0.159756
723.508	0.159799
724.518	0.159914
725.522	0.159943
726.548	0.160029
727.551	0.160244
728.56	0.160359
729.566	0.160489
730.572	0.160589
731.636	0.160704
732.641	0.160848
733.647	0.160948
734.648	0.16102
735.661	0.161121
736.666	0.161236
737.693	0.161365
738.718	0.161523
739.729	0.161667
740.744	0.161767
741.76	0.16181
742.794	0.161968
743.802	0.162141
744.815	0.162241
745.819	0.162328
746.828	0.162486
747.849	0.162658
748.875	0.162687
749.961	0.162759
750.969	0.162859
751.975	0.163046
752.981	0.163103
754.03	0.163247
755.041	0.163391
756.085	0.163506
757.088	0.163592
758.095	0.163649
759.136	0.16375
760.147	0.163865
761.178	0.163994
762.179	0.164109
763.183	0.164253
764.219	0.164282
765.262	0.164353
766.265	0.164483
767.266	0.164555
768.279	0.164641
769.313	0.164727
770.339	0.164828
771.348	0.165086
772.365	0.16533
773.385	0.165431
774.394	0.165618
775.408	0.165747
776.433	0.165805
777.449	0.165977
778.469	0.166221
779.488	0.166509
780.524	0.16658
781.534	0.166652
782.543	0.166767
783.546	0.16694
784.547	0.167055
785.555	0.167141
786.558	0.16727
787.57	0.167399
788.574	0.167471
789.574	0.167615
790.589	0.16773
791.613	0.16783
792.614	0.167902
793.617	0.168075
794.639	0.16819
795.643	0.168348
796.656	0.168491
797.726	0.168563
798.728	0.168693
799.743	0.168779
800.873	0.168937
801.874	0.168966
802.874	0.169052
803.878	0.169224
804.882	0.169353
805.904	0.169468
806.914	0.169598
807.916	0.16967
808.916	0.169741
809.922	0.169856
810.929	0.17
811.945	0.170101
812.955	0.170216
813.961	0.17046
814.994	0.170503
816.005	0.170647
817.006	0.170805
818.036	0.170963
819.062	0.171121
820.074	0.171279
821.111	0.171394
822.124	0.17148
823.133	0.171595
824.143	0.17181
825.182	0.171968
826.188	0.172026
827.188	0.172112
828.2	0.17227
829.205	0.172414
830.221	0.172586
831.238	0.172701
832.252	0.172874
833.257	0.173003
834.261	0.17306
835.273	0.173132
836.283	0.173218
837.29	0.173376
838.293	0.173463
839.299	0.173534
840.322	0.17375
841.331	0.173879
842.332	0.17398
843.339	0.174066
844.353	0.174152
845.361	0.174253
846.373	0.174397
847.402	0.174526
848.409	0.174583
849.441	0.174713
850.464	0.174828
851.488	0.174943
852.51	0.175043
853.516	0.175129
854.52	0.175172
855.525	0.175345
856.543	0.175489
857.554	0.17556
858.559	0.17579
859.576	0.175876
860.6	0.176049
861.642	0.176164
862.647	0.176293
863.656	0.176451
864.677	0.176494
865.681	0.176667
866.683	0.176767
867.739	0.17681
868.74	0.176868
869.787	0.176954
870.8	0.177098
871.808	0.177184
872.811	0.177299
873.838	0.177443
874.839	0.177529
875.85	0.177615
876.865	0.177759
877.868	0.177874
878.882	0.177974
879.887	0.178046
880.905	0.178089
881.926	0.178175
882.932	0.178233
883.951	0.178305
884.958	0.178391
885.979	0.178506
887.019	0.178549
888.023	0.178563
889.033	0.178707
890.042	0.178779
891.048	0.178865
892.079	0.179023
893.08	0.179152
894.08	0.17921
895.092	0.179411
896.096	0.179526
897.104	0.179569
898.121	0.17967
899.169	0.17977
900.187	0.179784
901.192	0.179899
902.192	0.179986
903.195	0.180129
904.198	0.180259
905.204	0.180417
906.207	0.180474
907.218	0.180546
908.225	0.180647
909.262	0.180733
910.265	0.180761
911.373	0.180905
912.385	0.181034
913.419	0.181106
914.44	0.181236
915.442	0.181279
916.458	0.181322
917.476	0.181422
918.484	0.181494
919.486	0.181624
920.519	0.181681
921.576	0.181839
922.595	0.18204
923.597	0.182213
924.631	0.182284
925.637	0.182342
926.639	0.182385
927.641	0.1825
928.663	0.182601
929.667	0.182701
930.674	0.182773
931.683	0.182974
932.69	0.183075
933.716	0.183175
934.78	0.183276
935.786	0.183362
936.796	0.183463
937.825	0.183606
938.848	0.183707
939.881	0.183764
940.911	0.183908
941.945	0.184037
942.951	0.184167
943.968	0.184282
944.972	0.184382
945.978	0.184483
947.01	0.184583
948.048	0.184741
949.067	0.184828
950.114	0.184957
951.143	0.185072
952.156	0.185144
953.169	0.18523
954.171	0.185359
955.198	0.185445
956.201	0.18556
957.245	0.185661
958.26	0.185776
959.26	0.185833
960.267	0.185948
961.287	0.186121
962.333	0.186207
963.336	0.186279
964.341	0.186322
965.354	0.186408
966.357	0.186494
967.363	0.186609
968.368	0.186739
969.369	0.18694
970.377	0.187069
971.379	0.187184
972.38	0.187256
973.384	0.187356
974.388	0.187443
975.422	0.187529
976.428	0.187701
977.429	0.187802
978.448	0.18783
979.454	0.187902
980.476	0.18796
981.481	0.188003
982.513	0.188147
983.517	0.188233
984.548	0.188276
985.553	0.188305
986.582	0.188405
987.587	0.188563
988.602	0.188592
989.615	0.188664
990.619	0.188721
991.629	0.188779
992.631	0.188879
993.641	0.189009
994.643	0.189095
995.651	0.189181
996.674	0.18921
997.674	0.189353
998.742	0.189397
999.751	0.189468
1000.75	0.189612
1001.75	0.190057
1002.76	0.190618
1003.76	0.191121
1004.76	0.191739
1005.76	0.192083
1006.77	0.192572
1007.77	0.192974
1008.78	0.19352
1009.78	0.193807
1010.78	0.194253
1011.78	0.194856
1012.79	0.195201
1013.79	0.195589
1014.79	0.196006
1015.79	0.196293
1016.8	0.196695
1017.81	0.197284
1018.82	0.197672
1019.82	0.198218
1020.82	0.19875
1021.82	0.199181
1022.83	0.199583
1023.83	0.2
1024.83	0.200474
1025.84	0.200905
1026.84	0.201279
1027.84	0.201739
1028.85	0.202241
1029.85	0.202557
1030.85	0.203017
1031.86	0.203391
1032.87	0.203807
1033.89	0.204195
1034.9	0.204497
1035.9	0.204899
1036.9	0.20523
1037.9	0.20569
1038.9	0.206034
1039.9	0.206365
1040.91	0.206868
1041.91	0.207213
1042.92	0.207629
1043.92	0.208132
1044.92	0.208621
1045.93	0.208966
1046.93	0.209411
1047.93	0.209741
1048.93	0.210201
1049.94	0.210632
1050.94	0.211092
1051.94	0.211394
1052.95	0.211825
1053.95	0.212371
1054.96	0.212787
1055.96	0.213003
1056.97	0.213376
1057.97	0.213836
1058.97	0.21431
1059.98	0.214684
1060.98	0.21523
1061.98	0.215618
1062.98	0.215905
1063.99	0.216135
1064.99	0.216451
1065.99	0.216968
1067	0.217313
1068	0.21773
1069	0.217974
1070	0.218391
1071	0.218822
1072.01	0.219325
1073.01	0.219612
1074.01	0.219957
1075.02	0.220345
1076.02	0.220733
1077.02	0.220948
1078.02	0.221264
1079.02	0.221552
1080.03	0.22204
1081.03	0.222313
1082.03	0.222658
1083.03	0.22306
1084.04	0.223434
1085.04	0.223851
1086.04	0.224267
1087.05	0.224784
1088.05	0.225072
1089.05	0.225302
1090.06	0.22569
1091.06	0.226006
1092.06	0.226394
1093.07	0.226681
1094.07	0.226925
1095.07	0.227227
1096.07	0.227644
1097.08	0.228032
1098.08	0.22829
1099.08	0.228621
1100.08	0.229109
1101.08	0.22944
1102.08	0.229741
1103.09	0.230072
1104.09	0.230474
1105.09	0.230805
1106.09	0.231092
1107.1	0.231451
1108.1	0.231897
1109.1	0.232126
1110.1	0.232443
1111.11	0.232687
1112.11	0.23296
1113.11	0.233247
1114.11	0.233592
1115.12	0.233851
1116.12	0.234109
1117.12	0.234468
1118.12	0.234842
1119.13	0.235057
1120.13	0.235359
1121.13	0.235747
1122.13	0.236178
1123.14	0.236451
1124.14	0.236695
1125.14	0.236954
1126.14	0.237313
1127.15	0.23773
1128.15	0.238089
1129.16	0.238305
1130.16	0.238578
1131.16	0.238865
1132.16	0.239095
1133.16	0.239411
1134.17	0.239598
1135.17	0.239799
1136.17	0.239986
1137.18	0.240201
1138.18	0.240474
1139.19	0.240733
1140.19	0.241063
1141.19	0.241264
1142.2	0.241624
1143.2	0.241739
1144.21	0.241868
1145.21	0.242184
1146.21	0.242414
1147.21	0.242644
1148.21	0.24283
1149.21	0.243046
1150.21	0.243276
1151.22	0.243506
1152.22	0.243807
1153.22	0.244138
1154.22	0.24444
1155.23	0.244598
1156.23	0.244856
1157.23	0.245029
1158.23	0.245417
1159.23	0.245747
1160.24	0.246149
1161.25	0.246466
1162.25	0.246652
1163.26	0.24694
1164.27	0.247198
1165.27	0.2475
1166.28	0.247744
1167.28	0.248089
1168.28	0.248376
1169.29	0.248621
1170.29	0.248865
1171.29	0.249109
1172.29	0.24954
1173.3	0.249885
1174.3	0.250144
1175.3	0.250388
1176.3	0.250618
1177.3	0.250833
1178.31	0.251034
1179.31	0.251264
1180.31	0.251509
1181.32	0.251753
1182.32	0.251954
1183.32	0.252284
1184.32	0.252629
1185.33	0.252874
1186.33	0.253118
1187.33	0.253405
1188.33	0.253707
1189.34	0.253937
1190.34	0.254181
1191.34	0.25444
1192.35	0.254698
1193.35	0.254899
1194.35	0.255302
1195.36	0.25569
1196.37	0.255905
1197.39	0.256078
1198.39	0.256394
1199.39	0.256624
1200.4	0.256954
1201.4	0.257198
1202.4	0.257457
1203.41	0.257773
1204.41	0.257974
1205.44	0.25819
1206.46	0.258506
1207.46	0.258721
1208.47	0.258822
1209.47	0.259109
1210.47	0.259397
1211.48	0.259511
1212.48	0.259741
1213.49	0.260057
1214.49	0.260273
1215.49	0.260417
1216.49	0.260632
1217.5	0.260848
1218.51	0.26102
1219.51	0.261336
1220.51	0.26148
1221.51	0.261537
1222.51	0.261739
1223.51	0.26194
1224.52	0.262241
1225.52	0.262486
1226.52	0.262744
1227.52	0.262902
1228.53	0.263118
1229.54	0.263333
1230.54	0.263549
1231.54	0.263865
1232.54	0.264109
1233.54	0.264339
1234.54	0.264569
1235.55	0.26477
1236.55	0.265115
1237.55	0.265287
1238.55	0.265489
1239.55	0.265833
1240.56	0.265963
1241.56	0.266092
1242.57	0.266351
1243.57	0.266595
1244.57	0.266853
1245.57	0.267069
1246.58	0.267342
1247.58	0.267529
1248.58	0.267787
1249.59	0.268046
1250.59	0.268233
1251.6	0.268348
1252.6	0.268592
1253.6	0.268822
1254.61	0.268994
1255.61	0.269239
1256.61	0.269511
1257.62	0.269713
1258.62	0.269971
1259.62	0.270172
1260.63	0.27046
1261.63	0.270647
1262.64	0.270848
1263.64	0.271049
1264.65	0.271207
1265.65	0.271379
1266.65	0.271595
1267.66	0.27181
1268.66	0.272112
1269.66	0.272284
1270.67	0.272486
1271.67	0.272658
1272.68	0.27283
1273.68	0.273103
1274.68	0.273563
1275.68	0.273836
1276.69	0.274095
1277.7	0.27431
1278.7	0.274555
1279.7	0.27467
1280.71	0.274871
1281.72	0.275115
1282.72	0.275172
1283.72	0.275273
1284.73	0.275431
1285.74	0.275618
1286.74	0.275848
1287.74	0.275991
1288.75	0.276336
1289.76	0.276595
1290.76	0.276882
1291.78	0.277198
1292.79	0.277414
1293.79	0.277572
1294.79	0.277744
1295.79	0.277945
1296.8	0.278233
1297.81	0.278405
1298.81	0.278635
1299.81	0.278836
1300.81	0.279037
1301.81	0.279267
1302.82	0.279483
1303.82	0.279727
1304.83	0.279899
1305.83	0.280086
1306.84	0.28033
1307.84	0.280532
1308.85	0.280675
1309.86	0.280761
1310.86	0.281078
1311.87	0.281264
1312.87	0.281552
1313.88	0.281681
1314.88	0.281897
1315.89	0.282141
1316.89	0.282414
1317.89	0.28273
1318.89	0.282974
1319.89	0.283132
1320.89	0.283247
1321.89	0.283405
1322.89	0.283563
1323.9	0.283793
1324.9	0.283966
1325.9	0.284167
1326.91	0.284382
1327.91	0.284626
1328.92	0.284813
1329.92	0.284957
1330.92	0.285201
1331.93	0.285431
1332.95	0.285603
1333.95	0.285805
1334.97	0.285934
1335.97	0.286221
1336.97	0.286451
1337.97	0.286652
1338.97	0.286853
1339.98	0.28704
1340.98	0.287198
1341.98	0.287371
1342.99	0.287529
1343.99	0.287716
1344.99	0.28783
1345.99	0.287974
1347	0.288276
1348	0.288506
1349	0.288678
1350.01	0.288822
1351.01	0.289009
1352.02	0.289267
1353.03	0.289425
1354.03	0.289626
1355.03	0.289828
1356.03	0.289986
1357.03	0.290043
1358.04	0.290216
1359.04	0.290402
1360.04	0.290589
1361.05	0.290805
1362.05	0.291078
1363.05	0.291408
1364.05	0.291552
1365.05	0.291739
1366.06	0.291925
1367.06	0.292055
1368.07	0.292198
1369.07	0.292328
1370.07	0.292543
1371.07	0.292744
1372.08	0.292974
1373.08	0.293218
1374.09	0.293348
1375.09	0.293534
1376.09	0.293822
1377.1	0.294009
1378.11	0.294296
1379.11	0.294483
1380.11	0.294598
1381.11	0.294641
1382.13	0.294828
1383.13	0.295144
1384.13	0.295316
1385.13	0.295474
1386.13	0.295632
1387.13	0.295963
1388.14	0.296092
1389.14	0.296293
1390.14	0.296437
1391.15	0.296638
1392.15	0.29681
1393.17	0.297026
1394.17	0.29717
1395.17	0.297328
1396.17	0.297543
1397.18	0.29783
1398.18	0.298075
1399.19	0.298261
1400.19	0.298348
1401.19	0.298549
1402.2	0.298707
1403.2	0.298951
1404.21	0.299109
1405.21	0.299282
1406.21	0.29944
1407.22	0.299655
1408.22	0.299899
1409.22	0.300201
1410.22	0.300431
1411.24	0.300618
1412.24	0.300862
1413.25	0.301063
1414.26	0.30125
1415.26	0.301466
1416.26	0.301609
1417.27	0.30171
1418.28	0.301868
1419.29	0.302069
1420.29	0.302256
1421.3	0.302457
1422.3	0.302787
1423.3	0.30296
1424.3	0.303089
1425.3	0.303204
1426.31	0.303362
1427.32	0.303606
1428.32	0.303836
1429.32	0.303966
1430.33	0.304167
1431.33	0.304224
1432.33	0.304339
1433.33	0.304526
1434.34	0.304727
1435.34	0.304928
1436.34	0.305115
1437.34	0.305273
1438.35	0.305489
1439.36	0.305675
1440.37	0.305833
1441.37	0.305963
1442.37	0.306164
1443.37	0.306293
1444.37	0.306451
1445.38	0.306667
1446.39	0.30681
1447.39	0.306954
1448.39	0.307083
1449.4	0.307256
1450.4	0.307514
1451.41	0.307629
1452.41	0.30783
1453.41	0.308003
1454.41	0.308218
1455.42	0.308463
1456.42	0.308664
1457.42	0.308879
1458.43	0.309095
1459.43	0.309353
1460.43	0.309569
1461.43	0.309784
1462.43	0.309871
1463.43	0.310101
1464.44	0.31023
1465.45	0.310431
1466.46	0.310632
1467.46	0.310718
1468.46	0.310891
1469.46	0.311006
1470.47	0.311207
1471.48	0.311379
1472.49	0.311595
1473.5	0.31181
1474.5	0.31194
1475.5	0.312126
1476.5	0.312356
1477.5	0.312629
1478.51	0.312759
1479.51	0.312845
1480.53	0.313118
1481.53	0.313218
1482.53	0.313391
1483.54	0.313534
1484.54	0.313664
1485.54	0.313851
1486.54	0.314023
1487.55	0.314138
1488.55	0.314339
1489.55	0.314526
1490.55	0.31467
1491.56	0.314842
1492.56	0.315029
1493.56	0.315172
1494.56	0.315287
1495.59	0.315402
1496.6	0.315575
1497.61	0.315675
1498.61	0.315833
1499.61	0.316006
1500.62	0.316121
1501.62	0.316236
1502.62	0.316466
1503.62	0.316667
1504.62	0.316868
1505.63	0.317098
1506.63	0.317184
1507.63	0.317342
1508.64	0.317443
1509.64	0.317601
1510.64	0.317744
1511.64	0.317917
1512.64	0.31806
1513.65	0.318247
1514.65	0.318391
1515.66	0.318592
1516.67	0.318822
1517.67	0.319095
1518.67	0.31931
1519.67	0.319511
1520.69	0.319626
1521.69	0.319784
1522.69	0.32
1523.69	0.320201
1524.69	0.320431
1525.7	0.320575
1526.7	0.320718
1527.7	0.320848
1528.71	0.321049
1529.71	0.321207
1530.71	0.321307
1531.71	0.321394
1532.72	0.321552
1533.72	0.321667
1534.73	0.321825
1535.74	0.321997
1536.74	0.322126
1537.75	0.322256
1538.75	0.322385
1539.75	0.322586
1540.75	0.322759
1541.76	0.322917
1542.76	0.323103
1543.77	0.323276
1544.78	0.323463
1545.78	0.323721
1546.79	0.323822
1547.79	0.323937
1548.8	0.324066
1549.8	0.324253
1550.82	0.324425
1551.83	0.324626
1552.84	0.324914
1553.84	0.325043
1554.85	0.32523
1555.85	0.32533
1556.85	0.32556
1557.86	0.325704
1558.86	0.325819
1559.86	0.325963
1560.86	0.326149
1561.86	0.326351
1562.87	0.326494
1563.88	0.326652
1564.89	0.326782
1565.89	0.327011
1566.9	0.32717
1567.91	0.327313
1568.92	0.327471
1569.92	0.327601
1570.94	0.327744
1571.94	0.327931
1572.94	0.328175
1573.95	0.328376
1574.96	0.32852
1575.97	0.328664
1576.97	0.328807
1577.97	0.328879
1578.97	0.32908
1579.98	0.329325
1580.99	0.32954
1582	0.329727
1583	0.329871
1584.01	0.33
1585.01	0.330086
1586.02	0.330244
1587.03	0.330345
1588.04	0.330517
1589.04	0.330704
1590.04	0.330905
1591.04	0.331049
1592.05	0.331207
1593.05	0.331379
1594.06	0.331695
1595.06	0.331796
1596.06	0.331968
1597.06	0.33217
1598.07	0.332356
1599.07	0.332471
1600.07	0.332601
1601.07	0.332759
1602.07	0.332931
1603.07	0.333132
1604.07	0.33329
1605.07	0.33352
1606.08	0.333578
1607.08	0.33375
1608.08	0.333894
1609.08	0.334037
1610.09	0.334325
1611.09	0.334483
1612.1	0.334655
1613.11	0.334741
1614.11	0.334914
1615.11	0.335187
1616.11	0.335273
1617.11	0.335431
1618.12	0.335532
1619.12	0.33579
1620.12	0.335977
1621.13	0.336121
1622.13	0.336322
1623.13	0.336509
1624.13	0.336595
1625.16	0.336767
1626.16	0.336954
1627.16	0.337141
1628.16	0.337299
1629.18	0.337414
1630.18	0.337557
1631.19	0.337701
1632.19	0.337874
1633.19	0.338003
1634.21	0.338161
1635.21	0.338305
1636.22	0.338592
1637.22	0.338721
1638.22	0.338822
1639.22	0.338922
1640.23	0.339095
1641.24	0.339167
1642.25	0.339339
1643.25	0.339569
1644.26	0.339698
1645.26	0.339813
1646.27	0.339957
1647.27	0.340057
1648.29	0.34023
1649.29	0.340359
1650.3	0.340546
1651.3	0.340675
1652.3	0.340805
1653.3	0.340948
1654.31	0.341164
1655.31	0.341307
1656.31	0.341365
1657.31	0.341422
1658.31	0.341552
1659.33	0.341667
1660.34	0.341839
1661.34	0.342011
1662.35	0.342126
1663.35	0.34227
1664.35	0.342385
1665.36	0.342543
1666.36	0.342687
1667.36	0.342759
1668.37	0.342902
1669.37	0.343046
1670.38	0.34319
1671.38	0.343391
1672.39	0.343549
1673.39	0.343678
1674.39	0.34375
1675.39	0.34398
1676.4	0.344124
1677.41	0.34421
1678.41	0.344382
1679.41	0.344483
1680.41	0.344612
1681.42	0.344741
1682.43	0.344871
1683.43	0.345057
1684.43	0.345244
1685.44	0.345374
1686.44	0.34556
1687.45	0.345675
1688.45	0.345747
1689.45	0.345934
1690.45	0.346063
1691.45	0.346193
1692.46	0.346351
1693.46	0.346466
1694.46	0.346667
1695.46	0.346724
1696.46	0.346825
1697.46	0.346983
1698.47	0.347184
1699.48	0.347371
1700.48	0.347457
1701.48	0.347557
1702.48	0.347687
1703.49	0.34783
1704.5	0.347989
1705.5	0.348089
1706.51	0.348233
1707.51	0.348319
1708.52	0.348563
1709.53	0.348721
1710.53	0.348836
1711.53	0.348937
1712.53	0.349023
1713.53	0.349167
1714.53	0.349339
1715.53	0.349397
1716.53	0.349626
1717.54	0.34977
1718.54	0.349871
1719.56	0.349986
1720.58	0.350115
1721.58	0.350244
1722.58	0.350388
1723.59	0.350489
1724.6	0.350632
1725.6	0.350819
1726.61	0.350934
1727.61	0.350991
1728.62	0.351178
1729.63	0.351351
1730.63	0.351537
1731.63	0.35181
1732.64	0.351868
1733.64	0.351954
1734.65	0.352126
1735.67	0.35227
1736.68	0.352371
1737.68	0.3525
1738.68	0.352615
1739.69	0.352773
1740.69	0.352945
1741.69	0.35306
1742.69	0.353147
1743.69	0.353405
1744.7	0.353491
1745.7	0.353606
1746.7	0.353779
1747.71	0.353894
1748.72	0.354052
1749.72	0.354195
1750.72	0.354325
1751.72	0.354526
1752.72	0.354741
1753.72	0.354799
1754.73	0.354914
1755.74	0.355029
1756.75	0.355086
1757.75	0.355216
1758.75	0.355388
1759.76	0.355517
1760.78	0.35569
1761.79	0.355819
1762.8	0.355948
1763.81	0.356164
1764.81	0.356307
1765.82	0.35648
1766.82	0.356566
1767.82	0.356695
1768.84	0.356868
1769.84	0.357011
1770.85	0.35717
1771.85	0.357284
1772.85	0.357414
1773.85	0.357486
1774.87	0.357601
1775.87	0.357787
1776.87	0.357874
1777.87	0.358046
1778.88	0.358175
1779.88	0.358348
1780.89	0.358477
1781.89	0.358563
1782.9	0.358707
1783.9	0.358779
1784.9	0.358922
1785.92	0.358966
1786.92	0.359066
1787.92	0.359224
1788.92	0.359325
1789.93	0.359483
1790.93	0.359655
1791.93	0.359813
1792.94	0.359928
1793.94	0.360129
1794.94	0.360273
1795.95	0.360388
1796.96	0.360489
1797.97	0.36069
1798.98	0.360776
1799.98	0.360905
1800.98	0.361092
1801.99	0.361221
1802.99	0.361264
1803.99	0.361408
1804.99	0.361509
1805.99	0.361638
1807	0.361739
1808	0.361925
1809.01	0.361997
1810.01	0.362126
1811.02	0.362313
1812.02	0.362428
1813.03	0.362615
1814.03	0.362687
1815.03	0.362802
1816.03	0.362931
1817.04	0.363132
1818.05	0.363247
1819.06	0.363319
1820.06	0.363362
1821.06	0.363477
1822.07	0.363578
1823.08	0.363649
1824.08	0.363851
1825.08	0.363951
1826.08	0.364095
1827.09	0.364152
1828.09	0.36431
1829.09	0.364454
1830.1	0.364598
1831.1	0.364756
1832.1	0.364842
1833.1	0.365014
1834.13	0.365129
1835.13	0.365273
1836.13	0.365417
1837.14	0.365489
1838.15	0.365661
1839.16	0.365733
1840.16	0.365833
1841.16	0.36602
1842.17	0.366207
1843.17	0.366293
1844.17	0.366408
1845.18	0.366466
1846.18	0.366523
1847.18	0.366609
1848.19	0.366652
1849.19	0.366724
1850.19	0.366868
1851.19	0.367026
1852.19	0.367227
1853.2	0.367356
1854.21	0.367414
1855.22	0.367572
1856.22	0.367701
1857.23	0.367787
1858.24	0.367931
1859.26	0.368089
1860.26	0.368175
1861.26	0.368276
1862.26	0.368405
1863.26	0.368491
1864.27	0.368578
1865.28	0.368664
1866.28	0.368822
1867.28	0.369037
1868.29	0.369095
1869.29	0.369224
1870.3	0.369296
1871.32	0.369425
1872.32	0.369569
1873.32	0.369698
1874.32	0.369842
1875.32	0.369986
1876.32	0.370187
1877.33	0.370374
1878.33	0.370431
1879.34	0.370532
1880.34	0.370718
1881.34	0.370948
1882.34	0.371092
1883.34	0.371236
1884.35	0.371336
1885.35	0.371408
1886.36	0.371523
1887.36	0.371638
1888.37	0.371825
1889.37	0.37194
1890.37	0.372055
1891.37	0.372198
1892.37	0.372414
1893.39	0.372514
1894.4	0.372629
1895.4	0.372759
1896.4	0.372888
1897.41	0.372945
1898.42	0.373046
1899.42	0.373161
1900.42	0.373261
1901.42	0.373391
1902.43	0.373563
1903.44	0.373621
1904.44	0.373721
1905.44	0.373807
1906.45	0.373908
1907.45	0.37408
1908.45	0.37421
1909.45	0.37431
1910.45	0.37444
1911.45	0.374626
1912.47	0.374741
1913.47	0.374899
1914.47	0.374986
1915.48	0.375115
1916.48	0.375259
1917.48	0.375316
1918.49	0.375359
1919.5	0.375474
1920.5	0.375575
1921.5	0.375704
1922.51	0.37579
1923.51	0.375991
1924.51	0.376135
1925.52	0.376293
1926.52	0.376437
1927.53	0.376552
1928.53	0.376796
1929.54	0.376882
1930.54	0.376983
1931.54	0.377098
1932.54	0.377184
1933.55	0.377256
1934.56	0.377399
1935.57	0.377586
1936.57	0.377615
1937.57	0.377744
1938.57	0.377902
1939.58	0.378046
1940.58	0.378175
1941.58	0.378276
1942.59	0.378405
1943.59	0.378549
1944.6	0.378764
1945.61	0.378908
1946.62	0.379037
1947.63	0.379167
1948.64	0.379224
1949.64	0.379353
1950.64	0.379454
1951.65	0.37954
1952.66	0.379684
1953.67	0.379871
1954.67	0.380057
1955.67	0.380201
1956.67	0.380345
1957.67	0.380489
1958.68	0.380618
1959.68	0.380733
1960.68	0.380876
1961.68	0.381049
1962.69	0.381193
1963.7	0.381351
1964.7	0.381509
1965.71	0.38158
1966.72	0.381753
1967.73	0.38181
1968.73	0.381911
1969.73	0.382026
1970.74	0.382112
1971.74	0.382198
1972.74	0.382299
1973.74	0.382428
1974.75	0.382557
1975.76	0.382716
1976.76	0.38283
1977.77	0.383017
1978.78	0.383103
1979.78	0.383218
1980.79	0.383333
1981.79	0.383477
1982.8	0.383621
1983.8	0.38375
1984.8	0.383865
1985.8	0.384052
1986.8	0.384167
1987.8	0.384296
1988.81	0.384425
1989.81	0.384583
1990.81	0.38467
1991.81	0.384741
1992.82	0.384871
1993.82	0.384957
1994.83	0.385129
1995.83	0.385287
1996.83	0.385345
1997.83	0.385431
1998.85	0.385503
1999.85	0.385632
2000.85	0.385733
2001.86	0.385833
2002.86	0.385948
2003.86	0.386106
2004.87	0.386193
2005.88	0.386264
2006.88	0.386322
2007.88	0.386365
2008.88	0.386451
2009.89	0.386609
2010.89	0.386782
2011.89	0.386897
2012.91	0.387026
2013.91	0.387112
2014.91	0.387227
2015.91	0.387356
2016.92	0.3875
2017.92	0.387586
2018.93	0.387701
2019.93	0.387859
2020.94	0.388003
2021.94	0.388147
2022.96	0.388305
2023.99	0.388391
2024.99	0.388534
2026	0.388678
2027	0.388779
2028	0.388851
2029.01	0.388994
2030.02	0.389052
2031.02	0.389152
2032.03	0.389253
2033.03	0.389339
2034.03	0.389483
2035.04	0.389583
2036.04	0.389655
2037.04	0.38977
2038.04	0.389885
2039.04	0.389971
2040.04	0.390072
2041.06	0.390201
2042.06	0.390287
2043.06	0.390345
2044.07	0.39056
2045.07	0.390718
2046.07	0.390862
2047.07	0.390948
2048.07	0.391049
2049.08	0.391164
2050.08	0.391322
2051.09	0.391422
2052.09	0.391523
2053.09	0.391652
2054.09	0.391767
2055.09	0.391897
2056.09	0.392069
2057.11	0.392198
2058.11	0.392371
2059.12	0.392457
2060.13	0.392586
2061.13	0.392716
2062.13	0.392787
2063.13	0.392917
2064.14	0.393003
2065.14	0.393147
2066.14	0.393233
2067.15	0.393319
2068.15	0.393434
2069.16	0.393606
2070.16	0.393693
2071.18	0.393793
2072.18	0.393879
2073.18	0.39398
2074.19	0.394124
2075.19	0.394181
2076.19	0.394339
2077.2	0.394483
2078.2	0.394583
2079.21	0.394799
2080.21	0.394871
2081.21	0.394957
2082.21	0.395072
2083.22	0.395187
2084.22	0.395302
2085.22	0.395388
2086.22	0.395517
2087.23	0.395675
2088.23	0.395776
2089.23	0.395805
2090.23	0.39592
2091.23	0.39602
2092.24	0.396092
2093.25	0.396193
2094.26	0.396322
2095.26	0.396466
2096.26	0.396609
2097.27	0.396667
2098.27	0.39681
2099.28	0.396882
2100.29	0.396968
2101.29	0.397112
2102.3	0.397155
2103.3	0.397213
2104.3	0.397284
2105.31	0.397328
2106.31	0.397414
2107.31	0.397529
2108.31	0.397787
2109.32	0.397888
2110.32	0.397945
2111.33	0.398017
2112.33	0.398103
2113.34	0.398233
2114.35	0.398348
2115.35	0.398405
2116.35	0.398506
2117.36	0.398578
2118.37	0.39875
2119.37	0.398879
2120.37	0.399037
2121.38	0.399138
2122.38	0.399253
2123.38	0.399382
2124.38	0.399483
2125.39	0.399612
2126.39	0.399756
2127.39	0.399842
2128.4	0.399971
2129.41	0.400072
2130.41	0.400259
2131.42	0.400374
2132.43	0.400445
2133.43	0.400532
2134.43	0.400675
2135.44	0.400776
2136.45	0.400905
2137.46	0.400977
2138.46	0.401106
2139.46	0.401178
2140.47	0.401307
2141.47	0.401437
2142.49	0.401494
2143.49	0.401595
2144.49	0.401681
2145.5	0.401782
2146.5	0.401882
2147.5	0.401954
2148.5	0.402184
2149.5	0.402227
2150.5	0.402371
2151.51	0.402471
2152.51	0.402601
2153.52	0.402672
2154.52	0.402744
2155.52	0.402874
2156.53	0.403046
2157.53	0.403132
2158.53	0.403247
2159.53	0.403305
2160.54	0.403434
2161.54	0.403477
2162.54	0.403592
2163.56	0.403721
2164.56	0.403764
2165.56	0.403851
2166.57	0.403908
2167.57	0.40398
2168.57	0.404138
2169.57	0.40431
2170.58	0.404425
2171.58	0.40454
2172.58	0.40467
2173.58	0.404756
2174.58	0.404885
2175.59	0.404971
2176.59	0.405029
2177.59	0.405115
2178.6	0.40523
2179.61	0.405316
2180.61	0.405474
2181.62	0.405575
2182.62	0.40569
2183.62	0.405833
2184.63	0.405948
2185.63	0.405963
2186.65	0.406034
2187.65	0.406264
2188.66	0.406365
2189.66	0.406451
2190.67	0.406523
2191.67	0.406652
2192.67	0.406753
2193.68	0.406853
2194.69	0.407011
2195.71	0.407141
2196.72	0.407241
2197.73	0.407356
2198.73	0.407471
2199.74	0.407557
2200.74	0.407644
2201.75	0.407716
2202.76	0.407802
2203.77	0.407917
2204.78	0.408003
2205.78	0.408089
2206.78	0.408233
2207.8	0.408319
2208.82	0.408463
2209.83	0.40852
2210.83	0.408592
2211.84	0.408693
2212.84	0.408764
2213.84	0.408851
2214.84	0.408937
2215.84	0.409066
2216.85	0.409124
2217.85	0.40931
2218.86	0.409425
2219.87	0.409583
2220.87	0.40967
2221.87	0.409784
2222.88	0.409871
2223.88	0.41
2224.88	0.410115
2225.89	0.410302
2226.89	0.41046
2227.89	0.410546
2228.9	0.410618
2229.9	0.410733
2230.9	0.410862
2231.9	0.410977
2232.91	0.41102
2233.91	0.411106
2234.91	0.411264
2235.91	0.411379
2236.92	0.411494
2237.92	0.411695
2238.93	0.411724
2239.95	0.411796
2240.96	0.411868
2241.97	0.411911
2242.98	0.412011
2243.99	0.412126
2245	0.41217
2246	0.412227
2247.01	0.412299
2248.01	0.412371
2249.01	0.412399
2250.01	0.412586
2251.02	0.412701
2252.03	0.412744
2253.04	0.412888
2254.04	0.41296
2255.04	0.413089
2256.05	0.413233
2257.06	0.413362
2258.07	0.41352
2259.08	0.413592
2260.08	0.413707
2261.08	0.413836
2262.08	0.413908
2263.09	0.414023
2264.09	0.414109
2265.09	0.41421
2266.09	0.414296
2267.09	0.414382
2268.09	0.414497
2269.09	0.414555
2270.1	0.414684
2271.1	0.414741
2272.1	0.414871
2273.11	0.414957
2274.11	0.415014
2275.12	0.415072
2276.12	0.415115
2277.12	0.415216
2278.12	0.415316
2279.13	0.415359
2280.13	0.415489
2281.13	0.415589
2282.14	0.415675
2283.14	0.415776
2284.14	0.415876
2285.15	0.415991
2286.16	0.416049
2287.16	0.416135
2288.16	0.416207
2289.16	0.416379
2290.16	0.416509
2291.17	0.416638
2292.17	0.416739
2293.18	0.416839
2294.18	0.416897
2295.19	0.416997
2296.2	0.417155
2297.21	0.417328
2298.21	0.417399
2299.22	0.417514
2300.22	0.417572
2301.22	0.417629
2302.23	0.417787
2303.23	0.417902
2304.24	0.41806
2305.24	0.418204
2306.24	0.418319
2307.25	0.418405
2308.25	0.41852
2309.26	0.418621
2310.27	0.418707
2311.27	0.418807
2312.28	0.418994
2313.28	0.419124
2314.29	0.419267
2315.29	0.419296
2316.3	0.419425
2317.3	0.419526
2318.32	0.419626
2319.33	0.41967
2320.33	0.419741
2321.33	0.419842
2322.35	0.419914
2323.35	0.420014
2324.36	0.420086
2325.36	0.420216
2326.37	0.42023
2327.37	0.420345
2328.38	0.420417
2329.38	0.420474
2330.39	0.420546
2331.39	0.420704
2332.39	0.420776
2333.4	0.420862
2334.4	0.42102
2335.4	0.421149
2336.41	0.421236
2337.41	0.421422
2338.43	0.421566
2339.43	0.421652
2340.44	0.421739
2341.44	0.421796
2342.45	0.421911
2343.45	0.422083
2344.45	0.42217
2345.46	0.422227
2346.46	0.42227
2347.46	0.422385
2348.46	0.422428
2349.46	0.422543
2350.47	0.422658
2351.47	0.422759
2352.48	0.422888
2353.48	0.423032
2354.48	0.423089
2355.49	0.423161
2356.49	0.423233
2357.5	0.423333
2358.5	0.423376
2359.5	0.423463
2360.5	0.423578
2361.5	0.423664
2362.5	0.423736
2363.5	0.423851
2364.51	0.423894
2365.52	0.42398
2366.52	0.424009
2367.52	0.424124
2368.52	0.424239
2369.52	0.424282
2370.53	0.42444
2371.53	0.424612
2372.54	0.424713
2373.55	0.424828
2374.56	0.424871
2375.56	0.424928
2376.56	0.424971
2377.57	0.425
2378.58	0.425086
2379.58	0.425216
2380.58	0.42533
2381.59	0.425431
2382.6	0.42546
2383.61	0.425575
2384.61	0.42569
2385.62	0.425848
2386.63	0.425977
2387.63	0.426049
2388.63	0.426092
2389.63	0.426164
2390.65	0.426293
2391.65	0.426437
2392.65	0.426451
2393.65	0.42658
2394.66	0.426667
2395.66	0.426868
2396.67	0.427026
2397.67	0.427141
2398.68	0.427213
2399.69	0.427313
2400.69	0.427385
2401.69	0.427428
2402.7	0.4275
2403.71	0.427601
2404.71	0.427716
2405.72	0.42783
2406.72	0.427902
2407.72	0.427945
2408.73	0.428089
2409.75	0.428261
2410.75	0.428276
2411.76	0.428333
2412.76	0.428477
2413.77	0.428592
2414.77	0.428693
2415.77	0.428793
2416.78	0.428851
2417.78	0.428966
2418.78	0.429023
2419.78	0.429109
2420.78	0.429195
2421.79	0.429353
2422.79	0.429526
2423.81	0.429641
2424.81	0.429813
2425.81	0.429914
2426.81	0.430029
2427.82	0.430187
2428.83	0.430287
2429.85	0.430388
2430.85	0.430546
2431.85	0.430618
2432.86	0.430704
2433.86	0.430747
2434.87	0.430848
2435.87	0.430905
2436.87	0.430977
2437.88	0.431121
2438.88	0.431207
2439.89	0.431307
2440.9	0.431437
2441.91	0.431494
2442.91	0.431523
2443.91	0.431609
2444.91	0.431681
2445.91	0.431695
2446.91	0.431796
2447.92	0.431882
2448.92	0.431911
2449.93	0.431983
2450.94	0.432083
2451.94	0.43217
2452.94	0.432342
2453.94	0.432471
2454.95	0.432529
2455.96	0.432572
2456.96	0.43273
2457.97	0.432802
2458.97	0.432945
2459.98	0.433046
2460.98	0.433118
2461.99	0.433175
2462.99	0.433233
2463.99	0.433333
2464.99	0.433448
2465.99	0.433606
2467	0.433707
2468.01	0.433779
2469.01	0.433922
2470.01	0.433966
2471.02	0.434037
2472.02	0.434124
2473.02	0.434195
2474.03	0.434296
2475.03	0.434382
2476.03	0.434497
2477.03	0.434555
2478.03	0.434684
2479.04	0.434784
2480.04	0.434899
2481.05	0.434986
2482.05	0.435029
2483.05	0.435158
2484.05	0.435287
2485.06	0.43533
2486.06	0.435445
2487.07	0.435575
2488.07	0.435647
2489.07	0.435761
2490.08	0.435862
2491.08	0.43592
2492.08	0.436049
2493.08	0.436078
2494.09	0.436164
2495.12	0.436221
2496.14	0.436307
2497.14	0.43648
2498.14	0.436566
2499.15	0.436667
2500.15	0.43671
2501.15	0.436767
2502.15	0.436897
2503.15	0.436997
2504.16	0.437112
2505.16	0.437284
2506.16	0.437328
2507.17	0.437457
2508.18	0.4375
2509.18	0.437601
2510.19	0.437644
2511.19	0.43773
2512.19	0.437773
2513.2	0.43783
2514.22	0.437888
2515.23	0.43796
2516.23	0.438046
2517.24	0.438075
2518.25	0.438175
2519.25	0.438233
2520.27	0.438319
2521.27	0.438376
2522.28	0.438506
2523.32	0.438621
2524.32	0.438779
2525.32	0.438851
2526.33	0.438922
2527.34	0.43898
2528.34	0.439066
2529.34	0.439181
2530.35	0.439282
2531.36	0.439397
2532.36	0.439555
2533.36	0.439684
2534.36	0.439828
2535.37	0.439943
2536.37	0.440057
2537.37	0.440216
2538.37	0.440316
2539.38	0.440402
2540.38	0.440503
2541.38	0.440589
2542.39	0.440675
2543.39	0.440876
2544.4	0.440991
2545.41	0.441106
2546.41	0.441193
2547.41	0.441279
2548.41	0.441408
2549.42	0.441451
2550.42	0.441509
2551.42	0.441552
2552.42	0.441667
2553.42	0.441739
2554.43	0.441839
2555.43	0.441983
2556.43	0.442026
2557.44	0.442126
2558.44	0.442328
2559.45	0.442414
2560.45	0.4425
2561.47	0.442543
2562.47	0.442672
2563.48	0.442744
2564.48	0.442802
2565.49	0.442902
2566.5	0.44296
2567.5	0.443046
2568.5	0.44319
2569.51	0.443261
2570.51	0.443333
2571.51	0.44352
2572.52	0.443606
2573.52	0.443635
2574.53	0.443779
2575.53	0.443879
2576.53	0.443994
2577.54	0.44408
2578.54	0.444124
2579.55	0.444167
2580.55	0.44421
2581.56	0.444267
2582.56	0.444339
2583.57	0.44444
2584.58	0.44454
2585.58	0.444583
2586.58	0.44467
2587.59	0.444741
2588.59	0.444828
2589.59	0.444885
2590.59	0.444986
2591.59	0.445086
2592.6	0.445129
2593.61	0.445216
2594.61	0.44533
2595.62	0.445445
2596.63	0.445517
2597.63	0.445632
2598.63	0.445747
2599.63	0.445776
2600.63	0.445848
2601.65	0.445876
2602.65	0.445934
2603.65	0.446049
2604.65	0.446106
2605.66	0.446236
2606.66	0.446336
2607.67	0.446408
2608.68	0.446451
2609.68	0.446609
2610.68	0.446695
2611.68	0.446825
2612.69	0.446911
2613.69	0.446983
2614.69	0.447083
2615.7	0.447155
2616.7	0.447198
2617.7	0.44727
2618.7	0.447342
2619.7	0.447428
2620.71	0.447543
2621.71	0.447629
2622.72	0.447744
2623.72	0.447859
2624.72	0.447945
2625.73	0.448075
2626.73	0.448103
2627.73	0.44819
2628.73	0.448247
2629.74	0.448319
2630.74	0.448534
2631.75	0.448549
2632.75	0.448592
2633.76	0.448621
2634.76	0.448664
2635.77	0.44875
2636.77	0.448894
2637.77	0.449037
2638.78	0.449109
2639.79	0.449195
2640.79	0.449224
2641.79	0.449397
2642.79	0.449468
2643.79	0.449526
2644.8	0.449583
2645.8	0.449641
2646.81	0.449756
2647.81	0.44977
2648.82	0.449871
2649.82	0.449986
2650.83	0.450072
2651.83	0.450158
2652.84	0.450259
2653.84	0.450345
2654.85	0.450417
2655.85	0.450532
2656.86	0.450632
2657.86	0.450733
2658.87	0.450819
2659.88	0.450905
2660.89	0.451034
2661.89	0.451164
2662.9	0.451236
2663.9	0.451307
2664.9	0.451379
2665.91	0.45148
2666.91	0.45158
2667.93	0.451595
2668.93	0.451753
2669.93	0.451882
2670.94	0.451983
2671.95	0.45204
2672.95	0.452155
2673.96	0.45217
2674.96	0.45227
2675.97	0.452371
2676.98	0.452414
2677.98	0.4525
2678.99	0.452586
2679.99	0.452644
2680.99	0.452716
2681.99	0.452802
2683	0.452845
2684	0.452974
2685	0.452989
2686	0.453089
2687.01	0.453175
2688.01	0.453276
2689.02	0.453305
2690.02	0.453391
2691.02	0.453434
2692.04	0.453506
2693.05	0.453592
2694.05	0.453693
2695.06	0.453793
2696.06	0.453922
2697.06	0.454009
2698.07	0.454052
2699.07	0.454138
2700.07	0.454195
2701.07	0.45431
2702.07	0.454382
2703.07	0.454468
2704.07	0.454555
2705.08	0.454713
2706.08	0.454784
2707.09	0.454871
2708.09	0.455014
2709.09	0.455086
2710.1	0.455244
2711.11	0.455374
2712.11	0.455474
2713.11	0.455503
2714.11	0.45556
2715.12	0.455647
2716.12	0.455718
2717.12	0.455819
2718.13	0.455891
2719.13	0.455934
2720.14	0.456049
2721.14	0.456178
2722.15	0.456236
2723.15	0.456322
2724.15	0.456466
2725.16	0.456552
2726.16	0.456595
2727.17	0.456652
2728.18	0.456695
2729.19	0.456796
2730.2	0.456825
2731.21	0.456882
2732.21	0.45694
2733.22	0.456954
2734.23	0.457011
2735.23	0.457141
2736.23	0.457256
2737.25	0.457328
2738.25	0.457428
2739.25	0.457529
2740.25	0.457601
2741.26	0.457744
2742.27	0.457816
2743.27	0.457859
2744.27	0.45796
2745.27	0.458118
2746.28	0.458204
2747.29	0.458333
2748.31	0.458376
2749.31	0.45852
2750.31	0.458578
2751.31	0.458678
2752.31	0.458807
2753.32	0.458966
2754.32	0.459138
2755.32	0.459195
2756.32	0.459368
2757.33	0.459425
2758.33	0.459526
2759.33	0.459612
2760.35	0.459713
2761.35	0.459799
2762.35	0.459871
2763.36	0.459914
2764.36	0.459986
2765.36	0.460086
2766.36	0.460172
2767.36	0.460216
2768.36	0.460302
2769.37	0.460417
2770.37	0.460474
2771.37	0.460575
2772.37	0.460675
2773.37	0.460761
2774.38	0.460805
2775.38	0.460934
2776.39	0.460991
2777.39	0.461049
2778.39	0.461149
2779.4	0.461207
2780.4	0.46125
2781.4	0.461322
2782.41	0.461451
2783.41	0.461509
2784.41	0.461595
2785.42	0.461695
2786.43	0.461825
2787.43	0.461853
2788.44	0.461911
2789.44	0.461968
2790.44	0.462141
2791.44	0.462299
2792.45	0.462356
2793.45	0.462443
2794.45	0.462514
2795.45	0.462572
2796.45	0.462644
2797.46	0.46273
2798.46	0.46283
2799.47	0.462945
2800.47	0.463089
2801.49	0.463147
2802.49	0.463204
2803.49	0.463348
2804.49	0.463506
2805.5	0.463606
2806.5	0.463693
2807.5	0.463764
2808.51	0.463851
2809.51	0.463908
2810.52	0.464023
2811.52	0.464066
2812.52	0.464167
2813.52	0.464282
2814.52	0.464368
2815.53	0.46444
2816.53	0.46454
2817.54	0.464612
2818.54	0.464684
2819.54	0.464828
2820.54	0.464899
2821.54	0.465
2822.55	0.465101
2823.55	0.465144
2824.56	0.465259
2825.56	0.465302
2826.57	0.465402
2827.58	0.465575
2828.58	0.465747
2829.59	0.465805
2830.59	0.465905
2831.6	0.466034
2832.61	0.466106
2833.61	0.466207
2834.61	0.466351
2835.62	0.466408
2836.63	0.466509
2837.63	0.466595
2838.64	0.466638
2839.65	0.466796
2840.66	0.466882
2841.66	0.466954
2842.66	0.467011
2843.66	0.467069
2844.66	0.467141
2845.66	0.467227
2846.67	0.467399
2847.67	0.467457
2848.67	0.467471
2849.67	0.467543
2850.67	0.467629
2851.68	0.467687
2852.68	0.467802
2853.69	0.467845
2854.7	0.46796
2855.71	0.468075
2856.72	0.468175
2857.73	0.468233
2858.73	0.468276
2859.74	0.468348
2860.74	0.468391
2861.76	0.46842
2862.76	0.468491
2863.77	0.468563
2864.77	0.468606
2865.77	0.468678
2866.78	0.46875
2867.79	0.468779
2868.79	0.468879
2869.8	0.46898
2870.8	0.469037
2871.8	0.469181
2872.8	0.469282
2873.81	0.469368
2874.82	0.46944
2875.83	0.469526
2876.83	0.469598
2877.83	0.469698
2878.83	0.469799
2879.84	0.469928
2880.84	0.469957
2881.84	0.469971
2882.84	0.470029
2883.85	0.470101
2884.85	0.470216
2885.86	0.470374
2886.87	0.47046
2887.87	0.470603
2888.87	0.47069
2889.88	0.470747
2890.88	0.470833
2891.89	0.470934
2892.89	0.470963
2893.89	0.47102
2894.9	0.471092
2895.9	0.471178
2896.9	0.471236
2897.91	0.471351
2898.92	0.471408
2899.93	0.47148
2900.93	0.471595
2901.93	0.471667
2902.93	0.471739
2903.93	0.471882
2904.93	0.47194
2905.94	0.47204
2906.94	0.472141
2907.95	0.472241
2908.96	0.47227
2909.97	0.472299
2910.97	0.472385
2911.97	0.472428
2912.97	0.472529
2913.97	0.472615
2914.97	0.472629
2915.98	0.472716
2916.98	0.47283
2917.98	0.472859
2918.98	0.472917
2919.99	0.47306
2920.99	0.47319
2921.99	0.47329
2923	0.473348
2924	0.473448
2925.01	0.473563
2926.01	0.473678
2927.04	0.473707
2928.04	0.473793
2929.04	0.473894
2930.04	0.473922
2931.04	0.473994
2932.05	0.47408
2933.05	0.474195
2934.05	0.474267
2935.06	0.474353
2936.06	0.474397
2937.07	0.474483
2938.07	0.474569
2939.07	0.474655
2940.07	0.474713
2941.08	0.474727
2942.09	0.47477
2943.1	0.474871
2944.11	0.474885
2945.12	0.474957
2946.12	0.475101
2947.13	0.475273
2948.13	0.475374
2949.13	0.475503
2950.13	0.475589
2951.14	0.475675
2952.14	0.475747
2953.15	0.475805
2954.15	0.475862
2955.15	0.475934
2956.15	0.476092
2957.16	0.476149
2958.17	0.476221
2959.17	0.476279
2960.17	0.476408
2961.18	0.47648
2962.18	0.47658
2963.18	0.476652
2964.19	0.476667
2965.19	0.476796
2966.19	0.476897
2967.2	0.476954
2968.21	0.47704
2969.22	0.477098
2970.23	0.477198
2971.23	0.47727
2972.24	0.477342
2973.25	0.477471
2974.25	0.477529
2975.25	0.477615
2976.26	0.477701
2977.27	0.477787
2978.28	0.477859
2979.28	0.477931
2980.3	0.478089
2981.3	0.478147
2982.31	0.47819
2983.32	0.478247
2984.32	0.47829
2985.32	0.478333
2986.32	0.478362
2987.33	0.478491
2988.33	0.478649
2989.33	0.478649
2990.34	0.478693
2991.35	0.478736
2992.35	0.478793
2993.36	0.478908
2994.36	0.478994
2995.36	0.479095
2996.36	0.479167
2997.37	0.479239
2998.37	0.479267
2999.37	0.479353
3000.38	0.47944
3001.38	0.479468
3002.38	0.479526
3003.39	0.47954
3004.39	0.47967
3005.4	0.479713
3006.4	0.479813
3007.41	0.479914
3008.41	0.480029
3009.41	0.480129
3010.41	0.48023
3011.42	0.480273
3012.42	0.480359
3013.43	0.480417
3014.43	0.480503
3015.43	0.480575
3016.43	0.480647
3017.43	0.480747
3018.43	0.48079
3019.43	0.480833
3020.44	0.480891
3021.44	0.480977
3022.44	0.481106
3023.45	0.481178
3024.46	0.481207
3025.46	0.481279
3026.46	0.481394
3027.47	0.481451
3028.48	0.481494
3029.48	0.481523
3030.49	0.481681
3031.5	0.481753
3032.5	0.48181
3033.51	0.481839
3034.52	0.481911
3035.53	0.482026
3036.53	0.482098
3037.54	0.482256
3038.54	0.482342
3039.54	0.482399
3040.54	0.482428
3041.55	0.482471
3042.55	0.482514
3043.55	0.482572
3044.56	0.482644
3045.56	0.482716
3046.59	0.482773
3047.59	0.482888
3048.59	0.482945
3049.6	0.483089
3050.6	0.483147
3051.6	0.483204
3052.6	0.483333
3053.61	0.483434
3054.61	0.483549
3055.62	0.483563
3056.63	0.483635
3057.64	0.483693
3058.64	0.483807
3059.64	0.483851
3060.65	0.484066
3061.65	0.484195
3062.65	0.484282
3063.66	0.484411
3064.66	0.484468
3065.66	0.484555
3066.66	0.484583
3067.66	0.48467
3068.67	0.484698
3069.67	0.48477
3070.67	0.484799
3071.67	0.484842
3072.68	0.484928
3073.68	0.484957
3074.68	0.485057
3075.69	0.485172
3076.69	0.48523
3077.69	0.485259
3078.7	0.485374
3079.71	0.485445
3080.72	0.485546
3081.72	0.485589
3082.72	0.485647
3083.73	0.48579
3084.73	0.485819
3085.74	0.485905
3086.74	0.485934
3087.75	0.486092
3088.75	0.486135
3089.75	0.486178
3090.75	0.486236
3091.76	0.486379
3092.76	0.48648
3093.76	0.486537
3094.76	0.48658
3095.76	0.486624
3096.77	0.486695
3097.77	0.486796
3098.78	0.486839
3099.79	0.486997
3100.79	0.487055
3101.79	0.487055
3102.79	0.487141
3103.8	0.487198
3104.82	0.487227
3105.82	0.487342
3106.82	0.487399
3107.83	0.487457
3108.84	0.4875
3109.84	0.487572
3110.84	0.487601
3111.84	0.487701
3112.84	0.487759
3113.85	0.487773
3114.86	0.487874
3115.86	0.487974
3116.86	0.488103
3117.86	0.488175
3118.88	0.488276
3119.88	0.488362
3120.88	0.488448
3121.89	0.488635
3122.89	0.488664
3123.9	0.488764
3124.9	0.488851
3125.91	0.488922
3126.91	0.48898
3127.92	0.489052
3128.92	0.489095
3129.94	0.489152
3130.96	0.489195
3131.96	0.489253
3132.96	0.489339
3133.98	0.489411
3134.98	0.48944
3135.98	0.489526
3136.98	0.489612
3137.98	0.489641
3138.98	0.489727
3139.99	0.489813
3140.99	0.489871
3141.99	0.489914
3142.99	0.490043
3144	0.490101
3145	0.490216
3146.01	0.490273
3147.01	0.490316
3148.02	0.49033
3149.02	0.490374
3150.02	0.49046
3151.03	0.490503
3152.04	0.490532
3153.04	0.490589
3154.04	0.490718
3155.04	0.490761
3156.04	0.490776
3157.05	0.490819
3158.05	0.490819
3159.06	0.490905
3160.06	0.491006
3161.07	0.491049
3162.07	0.491092
3163.07	0.491236
3164.08	0.491307
3165.08	0.491322
3166.09	0.491365
3167.09	0.491379
3168.1	0.491422
3169.1	0.49148
3170.11	0.491537
3171.11	0.491609
3172.11	0.491695
3173.12	0.491753
3174.12	0.491825
3175.12	0.491911
3176.12	0.491954
3177.12	0.492069
3178.13	0.492141
3179.13	0.492213
3180.13	0.49227
3181.14	0.492342
3182.15	0.492356
3183.15	0.492457
3184.15	0.492514
3185.16	0.492514
3186.16	0.492586
3187.16	0.492601
3188.17	0.492687
3189.17	0.492744
3190.17	0.492773
3191.17	0.492888
3192.17	0.492974
3193.18	0.492989
3194.2	0.493032
3195.21	0.493175
3196.23	0.493276
3197.23	0.493348
3198.26	0.493463
3199.28	0.493506
3200.29	0.493563
3201.29	0.493606
3202.29	0.493678
3203.29	0.493707
3204.29	0.49375
3205.3	0.493779
3206.3	0.493879
3207.3	0.493922
3208.31	0.494023
3209.31	0.494037
3210.32	0.49408
3211.32	0.494152
3212.33	0.494224
3213.33	0.494296
3214.33	0.494397
3215.33	0.494425
3216.33	0.494497
3217.34	0.49454
3218.35	0.494555
3219.36	0.494612
3220.37	0.49467
3221.37	0.494741
3222.38	0.494799
3223.38	0.494842
3224.39	0.494971
3225.4	0.495072
3226.4	0.495115
3227.4	0.495187
3228.41	0.495302
3229.41	0.495388
3230.41	0.495445
3231.42	0.495474
3232.42	0.495546
3233.43	0.495575
3234.43	0.495647
3235.43	0.495675
3236.45	0.495747
3237.45	0.49579
3238.46	0.495833
3239.46	0.495833
3240.46	0.495862
3241.46	0.495876
3242.46	0.49592
3243.47	0.496006
3244.48	0.496063
3245.48	0.496149
3246.49	0.496236
3247.49	0.496293
3248.5	0.496365
3249.5	0.496451
3250.51	0.496509
3251.51	0.496595
3252.51	0.496695
3253.51	0.496739
3254.52	0.496839
3255.52	0.496911
3256.53	0.496997
3257.54	0.497083
3258.54	0.497198
3259.55	0.49727
3260.55	0.497428
3261.55	0.497471
3262.55	0.4975
3263.56	0.497543
3264.57	0.497672
3265.57	0.497716
3266.58	0.497802
3267.58	0.497917
3268.59	0.498046
3269.59	0.498103
3270.6	0.498218
3271.6	0.498319
3272.61	0.498362
3273.63	0.498477
3274.63	0.498534
3275.64	0.498649
3276.64	0.498721
3277.64	0.498793
3278.64	0.498865
3279.65	0.498994
3280.66	0.499066
3281.66	0.499109
3282.66	0.499124
3283.67	0.499195
3284.68	0.49921
3285.68	0.499282
3286.69	0.499368
3287.69	0.499397
3288.69	0.499454
3289.69	0.499511
3290.7	0.499612
3291.71	0.499655
3292.71	0.499713
3293.72	0.499799
3294.72	0.499885
3295.72	0.499957
3296.73	0.500014
3297.73	0.500086
3298.73	0.500115
3299.74	0.500158
3300.74	0.50023
3301.75	0.500316
3302.75	0.500402
3303.75	0.500517
3304.75	0.500618
3305.76	0.500747
3306.76	0.500805
3307.77	0.500963
3308.77	0.501078
3309.77	0.501121
3310.78	0.501149
3311.79	0.501236
3312.79	0.501322
3313.79	0.501351
3314.79	0.50148
3315.79	0.501552
3316.8	0.501595
3317.81	0.501724
3318.81	0.501825
3319.81	0.501897
3320.82	0.501954
3321.83	0.501968
3322.83	0.502055
3323.83	0.502112
3324.84	0.502141
3325.84	0.502241
3326.85	0.502299
3327.85	0.502356
3328.85	0.502414
3329.85	0.502471
3330.86	0.502586
3331.86	0.502672
3332.86	0.502701
3333.87	0.502759
3334.87	0.502816
3335.87	0.502931
3336.87	0.502945
3337.87	0.503017
3338.87	0.503089
3339.88	0.503147
3340.88	0.503161
3341.88	0.503161
3342.88	0.503261
3343.88	0.503333
3344.89	0.503434
3345.89	0.503534
3346.89	0.503635
3347.9	0.503721
3348.9	0.503764
3349.92	0.503793
3350.92	0.503836
3351.93	0.503908
3352.93	0.503937
3353.93	0.504066
3354.94	0.504167
3355.94	0.504253
3356.95	0.504382
3357.95	0.50444
3358.95	0.504468
3359.97	0.504555
3360.97	0.504569
3361.97	0.50467
3362.97	0.504741
3363.97	0.504871
3364.97	0.504928
3365.97	0.505014
3366.98	0.505029
3367.99	0.505043
3368.99	0.505172
3370.01	0.505302
3371.01	0.505359
3372.01	0.505402
3373.01	0.505517
3374.02	0.505632
3375.02	0.50569
3376.03	0.505761
3377.03	0.505819
3378.07	0.505948
3379.07	0.506034
3380.07	0.506063
3381.08	0.506164
3382.08	0.506221
3383.09	0.506293
3384.09	0.506365
3385.09	0.506451
3386.11	0.506552
3387.12	0.506638
3388.12	0.506739
3389.13	0.506782
3390.13	0.50681
3391.13	0.506853
3392.13	0.50694
3393.14	0.50704
3394.14	0.507112
3395.14	0.507227
3396.15	0.507284
3397.17	0.507385
3398.17	0.507457
3399.17	0.507543
3400.18	0.507601
3401.18	0.507658
3402.18	0.507716
3403.19	0.507816
3404.19	0.507859
3405.19	0.507931
3406.19	0.507989
3407.2	0.508017
3408.2	0.508032
3409.21	0.508089
3410.21	0.508132
3411.21	0.508204
3412.21	0.508305
3413.23	0.508333
3414.23	0.508391
3415.27	0.508463
3416.27	0.508592
3417.27	0.508649
3418.27	0.508707
3419.27	0.508736
3420.28	0.508807
3421.28	0.508865
3422.28	0.508879
3423.28	0.508922
3424.29	0.508951
3425.3	0.50898
3426.3	0.509037
3427.3	0.509037
3428.3	0.509066
3429.32	0.509138
3430.32	0.509167
3431.32	0.509253
3432.32	0.509296
3433.33	0.509325
3434.33	0.509397
3435.34	0.509454
3436.34	0.50954
3437.36	0.509641
3438.36	0.509727
3439.37	0.509784
3440.38	0.509885
3441.39	0.509971
3442.39	0.510029
3443.4	0.510029
3444.4	0.510101
3445.41	0.51023
3446.42	0.510287
3447.43	0.510287
3448.43	0.510359
3449.46	0.510431
3450.48	0.510474
3451.49	0.510517
3452.49	0.510603
3453.5	0.510647
3454.5	0.510733
3455.51	0.510819
3456.51	0.510905
3457.51	0.510948
3458.51	0.51102
3459.52	0.511106
3460.53	0.511193
3461.53	0.511279
3462.54	0.511336
3463.54	0.511394
3464.55	0.511437
3465.55	0.511451
3466.56	0.511494
3467.56	0.511566
3468.58	0.511652
3469.58	0.511681
3470.58	0.511796
3471.59	0.511897
3472.59	0.511911
3473.6	0.511925
3474.61	0.511968
3475.61	0.512011
3476.61	0.512083
3477.62	0.512155
3478.62	0.512198
3479.62	0.512227
3480.63	0.512385
3481.63	0.512443
3482.64	0.5125
3483.65	0.512514
3484.66	0.512543
3485.66	0.512629
3486.67	0.512658
3487.67	0.512716
3488.68	0.51283
3489.68	0.512917
3490.68	0.51296
3491.69	0.513003
3492.7	0.513032
3493.7	0.513075
3494.7	0.513175
3495.7	0.51319
3496.7	0.513218
3497.71	0.513261
3498.71	0.513319
3499.71	0.513348
3500.72	0.513362
3501.72	0.513448
3502.73	0.51352
3503.74	0.51352
3504.75	0.513549
3505.75	0.513592
3506.76	0.513649
3507.77	0.513707
3508.78	0.513779
3509.78	0.513836
3510.78	0.513922
3511.78	0.513994
3512.79	0.514066
3513.81	0.514167
3514.81	0.514224
3515.82	0.514325
3516.82	0.514368
3517.82	0.514454
3518.83	0.514511
3519.83	0.514569
3520.84	0.514641
3521.84	0.514727
3522.85	0.514756
3523.85	0.514828
3524.86	0.514885
3525.86	0.514914
3526.86	0.514928
3527.87	0.514971
3528.87	0.515
3529.88	0.515072
3530.88	0.515129
3531.88	0.515259
3532.88	0.51533
3533.88	0.515417
3534.89	0.515532
3535.89	0.515618
3536.89	0.515661
3537.92	0.515718
3538.92	0.515819
3539.93	0.515862
3540.93	0.515934
3541.93	0.51602
3542.93	0.516078
3543.93	0.516178
3544.94	0.516236
3545.94	0.516279
3546.95	0.516336
3547.96	0.516394
3548.97	0.516408
3549.98	0.516451
3550.98	0.516494
3551.98	0.516537
3552.99	0.516595
3553.99	0.516652
3555	0.51671
3556	0.516753
3557.01	0.51681
3558.01	0.516897
3559.01	0.516925
3560.02	0.517026
3561.02	0.517069
3562.02	0.517155
3563.02	0.517198
3564.02	0.517256
3565.03	0.51727
3566.03	0.517356
3567.04	0.517471
3568.04	0.517529
3569.05	0.517572
3570.05	0.517601
3571.05	0.517615
3572.06	0.517701
3573.07	0.51773
3574.07	0.517802
3575.08	0.517888
3576.08	0.518017
3577.08	0.518046
3578.09	0.518103
3579.1	0.518147
3580.1	0.518218
3581.13	0.518305
3582.14	0.518348
3583.15	0.518405
3584.16	0.518463
3585.17	0.518506
3586.17	0.518578
3587.18	0.518649
3588.18	0.51875
3589.2	0.518822
3590.2	0.518851
3591.21	0.518922
3592.21	0.51898
3593.21	0.519066
3594.22	0.519124
3595.23	0.519167
3596.23	0.519224
3597.24	0.519282
3598.24	0.519425
3599.25	0.519483
3600.25	0.519555
3601.26	0.519583
3602.26	0.519598
3603.26	0.519612
3604.26	0.51967
3605.26	0.519713
3606.26	0.519799
3607.26	0.519828
3608.27	0.519885
3609.27	0.519914
3610.29	0.519971
3611.29	0.520057
3612.31	0.520144
3613.31	0.520244
3614.31	0.520316
3615.31	0.520359
3616.32	0.520402
3617.32	0.520503
3618.32	0.520575
3619.32	0.520632
3620.33	0.520661
3621.35	0.520733
3622.35	0.52079
3623.36	0.520905
3624.36	0.520948
3625.37	0.520977
3626.37	0.520977
3627.38	0.520991
3628.38	0.521078
3629.39	0.521106
3630.39	0.521207
3631.39	0.521236
3632.4	0.521293
3633.4	0.521351
3634.4	0.52148
3635.4	0.521652
3636.4	0.52171
3637.41	0.521739
3638.41	0.521782
3639.41	0.521897
3640.43	0.521983
3641.43	0.522069
3642.43	0.522155
3643.43	0.522227
3644.45	0.522299
3645.45	0.522428
3646.46	0.522486
3647.46	0.522529
3648.47	0.522572
3649.47	0.522586
3650.47	0.522601
3651.48	0.522701
3652.48	0.52273
3653.48	0.522802
3654.49	0.522888
3655.5	0.52296
3656.5	0.522989
3657.51	0.523103
3658.53	0.523175
3659.53	0.523204
3660.54	0.523247
3661.54	0.523305
3662.54	0.523376
3663.55	0.52342
3664.55	0.523463
3665.56	0.523491
3666.56	0.523534
3667.57	0.523592
3668.58	0.523649
3669.58	0.52375
3670.58	0.523807
3671.58	0.523922
3672.59	0.52398
3673.59	0.523994
3674.59	0.524066
3675.6	0.524109
3676.6	0.524167
3677.6	0.524253
3678.6	0.524325
3679.6	0.524382
3680.6	0.524425
3681.62	0.524511
3682.63	0.524569
3683.64	0.524626
3684.64	0.524641
3685.65	0.524784
3686.66	0.524885
3687.66	0.524986
3688.66	0.525057
3689.67	0.525115
3690.67	0.525172
3691.68	0.525244
3692.68	0.525345
3693.68	0.525417
3694.7	0.525517
3695.7	0.525575
3696.71	0.525661
3697.73	0.525747
3698.73	0.525819
3699.74	0.525905
3700.74	0.52592
3701.75	0.525948
3702.75	0.526078
3703.75	0.526135
3704.76	0.526193
3705.77	0.526221
3706.77	0.526336
3707.77	0.526379
3708.78	0.526437
3709.78	0.526466
3710.78	0.526494
3711.78	0.526537
3712.79	0.526552
3713.79	0.52658
3714.8	0.526609
3715.8	0.526652
3716.81	0.526753
3717.81	0.526825
3718.81	0.526911
3719.82	0.527026
3720.85	0.527126
3721.85	0.527141
3722.86	0.52717
3723.87	0.527256
3724.87	0.527284
3725.89	0.527313
3726.9	0.527428
3727.9	0.527457
3728.9	0.527514
3729.91	0.527557
3730.91	0.527615
3731.91	0.527644
3732.92	0.527672
3733.93	0.52773
3734.93	0.527816
3735.94	0.527845
3736.94	0.527902
3737.94	0.527974
3738.95	0.528046
3739.96	0.528046
3740.96	0.528118
3741.96	0.528204
3742.97	0.528276
3743.97	0.528333
3744.98	0.528362
3745.98	0.528448
3746.98	0.528506
3747.98	0.528534
3748.98	0.528606
3749.99	0.528693
3750.99	0.528764
3751.99	0.528822
3753	0.528908
3754.01	0.528951
3755.01	0.529037
3756.02	0.529066
3757.02	0.529152
3758.03	0.52921
3759.03	0.529253
3760.04	0.52931
3761.04	0.529339
3762.04	0.529397
3763.05	0.529425
3764.05	0.529483
3765.06	0.529526
3766.07	0.52954
3767.08	0.529598
3768.09	0.529626
3769.1	0.52967
3770.1	0.529713
3771.1	0.529756
3772.11	0.529842
3773.12	0.529885
3774.12	0.529943
3775.12	0.530014
3776.12	0.530086
3777.15	0.530187
3778.15	0.530273
3779.15	0.53033
3780.15	0.530402
3781.15	0.530431
3782.15	0.530431
3783.16	0.530532
3784.16	0.530575
3785.16	0.530675
3786.17	0.530704
3787.17	0.530761
3788.18	0.530862
3789.18	0.530934
3790.19	0.530977
3791.19	0.531034
3792.19	0.531106
3793.19	0.531178
3794.22	0.531221
3795.22	0.53125
3796.22	0.531307
3797.23	0.531394
3798.23	0.53148
3799.23	0.531552
3800.24	0.531667
3801.24	0.53171
3802.25	0.531782
3803.27	0.531825
3804.27	0.531897
3805.27	0.53194
3806.28	0.531968
3807.28	0.532026
3808.29	0.532055
3809.29	0.532112
3810.3	0.532184
3811.3	0.532198
3812.31	0.532213
3813.32	0.532241
3814.33	0.532299
3815.33	0.532371
3816.33	0.532486
3817.33	0.532572
3818.34	0.532644
3819.34	0.532687
3820.34	0.53273
3821.35	0.532759
3822.37	0.532773
3823.38	0.532787
3824.39	0.532888
3825.4	0.532974
3826.41	0.533003
3827.42	0.533103
3828.43	0.533161
3829.43	0.533161
3830.44	0.533233
3831.45	0.533247
3832.46	0.533276
3833.46	0.53329
3834.46	0.533376
3835.46	0.533491
3836.47	0.533592
3837.47	0.533592
3838.47	0.533678
3839.48	0.533678
3840.49	0.533736
3841.5	0.533793
3842.51	0.533865
3843.51	0.53398
3844.51	0.534037
3845.51	0.534066
3846.51	0.534181
3847.52	0.53421
3848.53	0.534253
3849.53	0.534339
3850.54	0.534382
3851.55	0.534454
3852.55	0.534511
3853.56	0.53454
3854.56	0.534598
3855.56	0.53467
3856.57	0.53477
3857.57	0.534828
3858.57	0.534856
3859.58	0.534885
3860.58	0.534971
3861.59	0.535043
3862.59	0.535129
3863.59	0.535216
3864.59	0.535259
3865.59	0.535302
3866.6	0.535374
3867.61	0.535402
3868.61	0.53546
3869.61	0.535489
3870.62	0.535575
3871.63	0.535618
3872.63	0.535647
3873.64	0.535661
3874.66	0.535718
3875.67	0.535733
3876.68	0.535776
3877.68	0.535848
3878.68	0.535862
3879.69	0.535905
3880.69	0.535948
3881.69	0.535977
3882.7	0.535991
3883.7	0.53602
3884.71	0.536063
3885.71	0.536135
3886.72	0.536193
3887.73	0.536221
3888.73	0.536221
3889.74	0.536322
3890.74	0.536379
3891.74	0.536437
3892.75	0.536523
3893.75	0.536566
3894.75	0.536595
3895.75	0.536624
3896.76	0.536695
3897.76	0.536739
3898.77	0.536753
3899.77	0.53681
3900.78	0.53681
3901.78	0.536868
3902.78	0.536925
3903.79	0.536954
3904.79	0.53704
3905.79	0.537055
3906.8	0.537126
3907.81	0.537198
3908.81	0.537256
3909.82	0.537328
3910.82	0.537385
3911.83	0.537399
3912.86	0.537457
3913.86	0.537457
3914.88	0.537543
3915.88	0.537644
3916.89	0.53773
3917.9	0.537773
3918.9	0.53783
3919.91	0.537902
3920.91	0.538003
3921.92	0.538046
3922.92	0.538089
3923.92	0.538161
3924.93	0.538175
3925.93	0.538261
3926.93	0.538261
3927.94	0.538276
3928.94	0.538305
3929.94	0.53842
3930.95	0.538463
3931.95	0.538506
3932.96	0.538578
3933.96	0.538649
3934.96	0.53875
3935.96	0.538779
3936.96	0.538822
3937.97	0.538851
3938.97	0.538894
3939.97	0.53898
3940.98	0.539023
3941.99	0.539052
3943.01	0.539095
3944.02	0.539167
3945.02	0.539224
3946.03	0.539267
3947.03	0.539339
3948.03	0.539411
3949.04	0.539468
3950.04	0.539526
3951.05	0.539598
3952.05	0.53967
3953.06	0.539713
3954.06	0.539799
3955.07	0.539943
3956.08	0.540029
3957.08	0.540043
3958.08	0.540129
3959.09	0.540201
3960.1	0.54023
3961.1	0.540316
3962.1	0.540359
3963.11	0.540417
3964.11	0.54046
3965.12	0.540532
3966.12	0.540618
3967.12	0.540661
3968.12	0.540747
3969.13	0.540833
3970.13	0.540876
3971.14	0.54092
3972.15	0.540963
3973.15	0.541006
3974.15	0.541049
3975.16	0.541121
3976.16	0.541193
3977.17	0.541236
3978.17	0.541307
3979.17	0.541437
3980.17	0.541466
3981.18	0.541537
3982.19	0.541638
3983.2	0.54171
3984.2	0.541753
3985.2	0.541796
3986.2	0.541825
3987.2	0.541853
3988.21	0.541925
3989.21	0.54204
3990.22	0.542083
3991.22	0.542155
3992.22	0.54227
3993.23	0.542356
3994.23	0.542428
3995.23	0.542486
3996.23	0.542543
3997.24	0.542586
3998.24	0.542701
3999.25	0.542802
