time	scale_fac	average kmc radical concentration	ode radical concentration
0.0124406  15.6981 6.70977e-05 4.27425e-06 1111111
10.0144  29.4488 1.18864e-05 4.0363e-07 0.177151
20.0187  31.2239 9.89406e-06 3.16875e-07 0.147457
30.0292  35.5608 9.77208e-06 2.74799e-07 0.14564
40.0327  44.6939 1.10967e-05 2.48283e-07 0.165382
50.0463  47.6127 1.09225e-05 2.29403e-07 0.162785
60.1869  54.5071 1.17104e-05 2.14841e-07 0.174527
70.2091  55.7529 1.1338e-05 2.03362e-07 0.168978
80.2535  70.9166 1.37487e-05 1.93871e-07 0.204905
90.2835  90.9461 1.69032e-05 1.8586e-07 0.25192
100.301  118.407 2.1191e-05 1.78967e-07 0.315824
110.318  115.821 2.00301e-05 1.7294e-07 0.298521
120.32  112.455 1.88488e-05 1.67612e-07 0.280916
130.355  111.841 1.82112e-05 1.62831e-07 0.271413
140.361  126.65 2.00778e-05 1.5853e-07 0.299233
150.366  132.566 2.04976e-05 1.54622e-07 0.305489
160.369  145.715 2.20101e-05 1.51048e-07 0.32803
170.411  153.117 2.26229e-05 1.47749e-07 0.337163
180.412  188.274 2.72457e-05 1.44713e-07 0.40606
190.421  216.791 3.07606e-05 1.41891e-07 0.458446
200.421  259.737 3.6172e-05 1.39264e-07 0.539094
210.428  293.469 4.01481e-05 1.36805e-07 0.598353
220.441  370.063 4.97722e-05 1.34497e-07 0.741788
230.444  402.517 5.32638e-05 1.32327e-07 0.793824
240.478  442.442 5.76383e-05 1.30273e-07 0.859021
250.484  599.386 7.69235e-05 1.28337e-07 1.14644
260.487  580.087 7.33821e-05 1.26502e-07 1.09366
270.505  757.145 9.4459e-05 1.24757e-07 1.40778
280.506  1052.2 0.000129524 1.23099e-07 1.93038
290.507  1174.37 0.000142708 1.21518e-07 2.12686
300.54  1320.19 0.000158428 1.20004e-07 2.36115
310.556  1075.77 0.000127542 1.18559e-07 1.90083
320.566  1143.6 0.000134002 1.17175e-07 1.99712
330.575  1134.47 0.000131427 1.15849e-07 1.95874
340.579  1076.06 0.00012329 1.14576e-07 1.83747
350.605  1095.29 0.000124151 1.13349e-07 1.85029
360.614  1170.35 0.000131279 1.12171e-07 1.95654
370.725  1164.38 0.000129275 1.11024e-07 1.92666
380.73  1129.57 0.000124174 1.0993e-07 1.85065
390.756  1052.87 0.000114628 1.08872e-07 1.70838
400.797  1077.42 0.000116197 1.07848e-07 1.73176
410.825  1263.12 0.000134975 1.06859e-07 2.01162
420.831  1407.51 0.000149061 1.05904e-07 2.22155
430.857  1403.37 0.000147321 1.04977e-07 2.19562
440.862  1567.88 0.000163185 1.0408e-07 2.43205
450.877  1591.78 0.000164288 1.0321e-07 2.44849
460.887  1702.31 0.000174258 1.02366e-07 2.59708
470.888  1860.52 0.000188928 1.01546e-07 2.81572
480.89  1951.03 0.000196565 1.00749e-07 2.92953
490.913  2078.12 0.000207756 9.99733e-08 3.09632
500.947  2287.72 0.000226982 9.92173e-08 3.38286
510.99  2205.58 0.000217207 9.84807e-08 3.23718
521.019  2155.02 0.000210684 9.77643e-08 3.13996
531.02  2322.67 0.000225457 9.7068e-08 3.36013
541.039  2600.31 0.000250639 9.6388e-08 3.73543
551.06  2627.27 0.000251494 9.57246e-08 3.74818
561.06  2730.97 0.000259656 9.50785e-08 3.86983
571.068  2875.82 0.000271613 9.44471e-08 4.04802
581.086  3058.54 0.000286982 9.38299e-08 4.27708
591.089  3068.81 0.000286098 9.32276e-08 4.2639
601.094  3347.99 0.000310154 9.26388e-08 4.62242
611.094  3572.32 0.00032888 9.20633e-08 4.90151
621.119  3407.39 0.000311773 9.14989e-08 4.64655
631.121  3257.39 0.000296253 9.09479e-08 4.41524
641.132  3318.11 0.000299984 9.0408e-08 4.47085
651.139  3303.57 0.000296923 8.98795e-08 4.42523
661.14  3407.55 0.000304506 8.93622e-08 4.53825
671.159  3397.92 0.000301919 8.88543e-08 4.4997
681.17  3452.29 0.000305033 8.83569e-08 4.54611
691.178  3749.06 0.000329428 8.78694e-08 4.90968
701.189  3809.35 0.000332903 8.73912e-08 4.96147
711.195  3741.66 0.000325233 8.69223e-08 4.84716
721.205  3833.9 0.000331487 8.6462e-08 4.94036
731.216  3795.45 0.000326447 8.60101e-08 4.86524
741.307  3929.14 0.000336189 8.5563e-08 5.01044
751.332  3552 0.00030237 8.51268e-08 4.50642
761.338  3280.04 0.000277817 8.46992e-08 4.14049
771.348  3389.29 0.000285646 8.42789e-08 4.25716
781.354  3730.95 0.0003129 8.3866e-08 4.66335
791.364  3767.8 0.000314461 8.34601e-08 4.68662
801.39  3673.89 0.000305154 8.30604e-08 4.54791
811.399  3827.23 0.000316389 8.26679e-08 4.71535
821.43  3886.09 0.000319751 8.22811e-08 4.76546
831.435  4301.11 0.000352268 8.19016e-08 5.25008
841.466  4627.67 0.000377281 8.15272e-08 5.62286
851.488  4871.14 0.000395337 8.11591e-08 5.89196
861.491  4672.66 0.000377539 8.07975e-08 5.62671
871.498  4527.02 0.000364159 8.04413e-08 5.4273
881.524  4282.55 0.000342989 8.00899e-08 5.11178
891.526  4243.2 0.000338373 7.97447e-08 5.04299
901.551  4324.83 0.000343408 7.94039e-08 5.11803
911.588  3826.87 0.000302582 7.90677e-08 4.50957
921.592  3466.38 0.000272934 7.87376e-08 4.06771
931.604  3479.84 0.000272861 7.8412e-08 4.06663
941.645  3893.23 0.000304023 7.80901e-08 4.53104
951.656  4159.65 0.000323512 7.77738e-08 4.82151
961.673  4204.42 0.000325682 7.74617e-08 4.85384
971.684  3914.53 0.000302022 7.71542e-08 4.50123
981.687  3654.6 0.00028086 7.68511e-08 4.18584
991.734  3406.95 0.000260805 7.65509e-08 3.88694
1001.74  937.055 0.000331591 3.53865e-07 4.94192
1011.74  1083.44 0.000359565 3.31874e-07 5.35883
1021.74  1122.65 0.000352766 3.14225e-07 5.2575
1031.75  1284.64 0.000384888 2.99606e-07 5.73623
1041.76  1493.37 0.000428923 2.87218e-07 6.39251
1051.76  1654.09 0.000457407 2.76531e-07 6.81703
1061.77  1922.33 0.000513575 2.67163e-07 7.65413
1071.77  2198.3 0.000569069 2.58868e-07 8.4812
1081.77  2426.7 0.000610172 2.51441e-07 9.09378
1091.77  2778.78 0.000680065 2.44735e-07 10.1355
1101.77  3032.51 0.00072367 2.38637e-07 10.7853
1111.78  3251.66 0.000757807 2.33052e-07 11.2941
1121.78  3461.47 0.000788927 2.27917e-07 11.7579
1131.78  3441.31 0.000767994 2.23169e-07 11.4459
1141.78  3515.68 0.000769091 2.1876e-07 11.4623
1151.79  3250.63 0.000697738 2.14647e-07 10.3988
1161.79  3051.56 0.000643276 2.10802e-07 9.58715
1171.79  3015.65 0.000624819 2.07193e-07 9.31208
1181.79  3021.58 0.000615788 2.03797e-07 9.17748
1191.79  3049.4 0.000611686 2.00592e-07 9.11635
1201.8  2935.38 0.000579914 1.9756e-07 8.64283
1211.81  2762.89 0.000537892 1.94685e-07 8.01655
1221.81  2605.17 0.000500073 1.91954e-07 7.45291
1231.82  2447.79 0.000463503 1.89356e-07 6.90788
1241.82  2451.49 0.000458132 1.86879e-07 6.82783
1251.82  2585.64 0.000477087 1.84514e-07 7.11033
1261.82  2635.35 0.000480298 1.82252e-07 7.1582
1271.83  2608.48 0.00046975 1.80086e-07 7.00098
1281.83  2600.14 0.000462847 1.78009e-07 6.89811
1291.83  2717.57 0.000478328 1.76013e-07 7.12883
1301.83  2910.49 0.000506703 1.74095e-07 7.55172
1311.83  3118.83 0.000537217 1.7225e-07 8.0065
1321.84  3145.87 0.000536279 1.70471e-07 7.99251
1331.84  3150.44 0.000531655 1.68756e-07 7.92359
1341.85  3367.48 0.000562702 1.67099e-07 8.38631
1351.85  3296.9 0.000545632 1.65499e-07 8.1319
1361.85  3299.2 0.000540909 1.63952e-07 8.06151
1371.85  3269.71 0.000531179 1.62455e-07 7.9165
1381.86  3353.66 0.000539953 1.61004e-07 8.04727
1391.86  3461.45 0.000552444 1.59599e-07 8.23342
1401.86  3473.41 0.000549614 1.58235e-07 8.19126
1411.87  3625.39 0.00056886 1.5691e-07 8.47809
1421.88  3656.6 0.000569057 1.55625e-07 8.48102
1431.88  3563.97 0.000550189 1.54375e-07 8.19982
1441.88  3610.17 0.000552936 1.53161e-07 8.24075
1451.88  3447.17 0.000523896 1.51979e-07 7.80796
1461.89  3522.01 0.000531217 1.50828e-07 7.91707
1471.9  3497.04 0.000523529 1.49706e-07 7.80248
1481.9  3493.91 0.000519246 1.48614e-07 7.73865
1491.9  3646.77 0.00053808 1.4755e-07 8.01935
1501.91  3545.79 0.000519497 1.46511e-07 7.74239
1511.91  3664.35 0.000533153 1.45497e-07 7.94592
1521.92  3549.12 0.000512873 1.44507e-07 7.64367
1531.92  3668.17 0.000526532 1.43541e-07 7.84724
1541.93  3848.65 0.000548802 1.42596e-07 8.17914
1551.93  3880.41 0.000549749 1.41673e-07 8.19327
1561.93  3781.82 0.000532367 1.4077e-07 7.9342
1571.94  3900.79 0.00054567 1.39887e-07 8.13247
1581.94  4181.01 0.000581259 1.39023e-07 8.66287
1591.94  4172.55 0.000576553 1.38178e-07 8.59273
1601.95  4035.07 0.000554214 1.37349e-07 8.2598
1611.95  3921.1 0.000535379 1.36538e-07 7.9791
1621.96  4175.13 0.000566742 1.35742e-07 8.44652
1631.96  4216.79 0.000569112 1.34963e-07 8.48184
1641.97  4332.55 0.000581425 1.34199e-07 8.66535
1651.97  4404.93 0.00058784 1.3345e-07 8.76095
1661.99  4579.43 0.000607759 1.32715e-07 9.05782
1671.99  4663.57 0.000615562 1.31994e-07 9.17411
1681.99  4834.75 0.000634737 1.31286e-07 9.4599
1692  5196.42 0.00067861 1.30592e-07 10.1138
1702  5100.75 0.000662638 1.2991e-07 9.87571
1712  5040.64 0.000651451 1.2924e-07 9.709
1722  5015.68 0.000644925 1.28582e-07 9.61172
1732.03  5478.82 0.000700924 1.27934e-07 10.4463
1742.03  5699.48 0.000725532 1.27298e-07 10.8131
1752.03  5524.86 0.000699851 1.26673e-07 10.4303
1762.04  5240.33 0.000660587 1.26058e-07 9.84516
1772.04  5191.98 0.000651354 1.25454e-07 9.70755
1782.04  4984.01 0.000622301 1.2486e-07 9.27455
1792.05  4828.52 0.000600061 1.24274e-07 8.94309
1802.05  4994.17 0.000617772 1.23699e-07 9.20706
1812.06  5387.66 0.000663393 1.23132e-07 9.88698
1822.07  5693.23 0.00069784 1.22574e-07 10.4004
1832.1  5373.26 0.000655661 1.22023e-07 9.77174
1842.1  5324.15 0.00064679 1.21482e-07 9.63953
1852.11  5280.12 0.000638629 1.2095e-07 9.51789
1862.11  5031.41 0.000605908 1.20425e-07 9.03024
1872.11  4951.51 0.000593726 1.19908e-07 8.84868
1882.11  5249.53 0.000626787 1.19399e-07 9.34141
1892.12  5311.92 0.000631569 1.18896e-07 9.41267
1902.12  5367.62 0.000635532 1.18401e-07 9.47174
1912.13  5285.18 0.000623191 1.17913e-07 9.28782
1922.14  5076.3 0.000596118 1.17432e-07 8.88432
1932.14  4968.18 0.000581063 1.16957e-07 8.65995
1942.14  5035.23 0.000586549 1.16489e-07 8.74172
1952.14  5443.34 0.000631576 1.16027e-07 9.41278
1962.15  5622.08 0.000649752 1.15572e-07 9.68368
1972.15  5748.76 0.00066181 1.15122e-07 9.86338
1982.16  5857.27 0.000671703 1.14678e-07 10.0108
1992.16  6168.82 0.000704731 1.14241e-07 10.5031
2002.16  6222.51 0.000708175 1.13809e-07 10.5544
2012.16  6060.17 0.000687114 1.13382e-07 10.2405
2022.17  5800.4 0.000655217 1.12961e-07 9.76512
2032.18  5413.45 0.000609254 1.12544e-07 9.08011
2042.18  5462.3 0.000612508 1.12134e-07 9.1286
2052.18  5310.23 0.000593301 1.11728e-07 8.84235
2062.19  5029.18 0.000559884 1.11327e-07 8.34431
2072.2  5204.47 0.000577336 1.10931e-07 8.60441
2082.21  5360 0.000592492 1.10539e-07 8.83029
2092.21  5566.56 0.000613173 1.10153e-07 9.13851
2102.21  5533.2 0.000607385 1.09771e-07 9.05225
2112.22  5255.34 0.000574899 1.09393e-07 8.56809
2122.22  5463.66 0.000595649 1.0902e-07 8.87733
2132.23  5802.71 0.000630471 1.08651e-07 9.39632
2142.23  5769.18 0.000624724 1.08286e-07 9.31066
2152.23  5779.95 0.000623807 1.07926e-07 9.29699
2162.24  5539.32 0.000595861 1.07569e-07 8.8805
2172.24  5442.35 0.000583512 1.07217e-07 8.69645
2182.24  5434 0.000580722 1.06868e-07 8.65488
2192.24  5187.98 0.000552642 1.06523e-07 8.23638
2202.25  5168.32 0.000548784 1.06182e-07 8.17888
2212.25  4886.05 0.000517164 1.05845e-07 7.70762
2222.25  4630.2 0.000488538 1.05511e-07 7.281
2232.25  4238.93 0.000445855 1.05181e-07 6.64487
2242.25  4400.12 0.000461371 1.04854e-07 6.8761
2252.25  4177.26 0.000436653 1.04531e-07 6.50771
2262.27  4034.13 0.000420398 1.0421e-07 6.26546
2272.27  4117.13 0.000427743 1.03893e-07 6.37493
2282.28  3891.49 0.00040308 1.0358e-07 6.00736
2292.28  3993.04 0.000412359 1.0327e-07 6.14565
2302.28  4093.89 0.000421517 1.02962e-07 6.28214
2312.28  4370.48 0.000448665 1.02658e-07 6.68674
2322.28  4512.43 0.000461878 1.02357e-07 6.88367
2332.29  4451.19 0.000454283 1.02059e-07 6.77046
2342.29  4439.04 0.000451732 1.01764e-07 6.73245
2352.29  4595.06 0.000466266 1.01471e-07 6.94905
2362.29  4903.54 0.000496147 1.01181e-07 7.3944
2372.29  5167.37 0.000521359 1.00895e-07 7.77015
2382.3  5085.58 0.000511662 1.0061e-07 7.62563
2392.3  5258.6 0.00052759 1.00329e-07 7.86302
2402.3  5138.04 0.000514062 1.0005e-07 7.66139
2412.3  5071.45 0.000505998 9.9774e-08 7.54122
2422.3  5043.52 0.000501831 9.95003e-08 7.47911
2432.31  5215.14 0.000517493 9.9229e-08 7.71253
2442.31  5429.45 0.0005373 9.89603e-08 8.00772
2452.31  5311.72 0.000524236 9.8694e-08 7.81302
2462.32  5457.05 0.000537137 9.843e-08 8.0053
2472.33  5778.86 0.000567301 9.81684e-08 8.45486
2482.33  5744.97 0.000562485 9.79092e-08 8.38307
2492.34  5806.11 0.000566978 9.7652e-08 8.45004
2502.35  5783.08 0.000563256 9.73972e-08 8.39456
2512.35  5696.73 0.000553408 9.71448e-08 8.24779
2522.35  5510.9 0.000533977 9.68946e-08 7.9582
2532.35  5294.32 0.000511677 9.66464e-08 7.62585
2542.37  5454.35 0.0005258 9.64001e-08 7.83633
2552.37  5313.6 0.000510936 9.61562e-08 7.61481
2562.37  5476.08 0.000525235 9.59144e-08 7.82792
2572.38  5469 0.000523244 9.56745e-08 7.79824
2582.38  5337.64 0.000509406 9.54366e-08 7.592
2592.38  5398.59 0.000513949 9.52007e-08 7.65972
2602.39  5324.08 0.00050561 9.49667e-08 7.53542
2612.41  5441.15 0.000515463 9.47343e-08 7.68228
2622.42  5222.26 0.000493524 9.4504e-08 7.3553
2632.42  5025.41 0.000473774 9.42757e-08 7.06096
2642.43  4725.08 0.00044439 9.40493e-08 6.62303
2652.44  4476.32 0.000419988 9.38244e-08 6.25935
2662.44  4300.39 0.000402524 9.36016e-08 5.99907
2672.44  4352.27 0.000406417 9.33805e-08 6.0571
2682.44  4398.9 0.000409807 9.31612e-08 6.10761
2692.45  4197.15 0.000390098 9.29436e-08 5.81388
2702.45  4349.5 0.000403319 9.27277e-08 6.01093
2712.45  4643.71 0.000429605 9.25134e-08 6.40269
2722.45  4711.36 0.000434863 9.23009e-08 6.48104
2732.45  4291.47 0.000395201 9.20899e-08 5.88994
2742.46  4125.26 0.00037903 9.18803e-08 5.64893
2752.47  4223.6 0.000387187 9.16724e-08 5.7705
2762.47  4460.56 0.00040799 9.14662e-08 6.08054
2772.47  4607.64 0.0004205 9.12615e-08 6.26699
2782.48  4718.16 0.000429627 9.10581e-08 6.403
2792.48  4695.67 0.000426631 9.08564e-08 6.35836
2802.49  4877.67 0.000442191 9.06562e-08 6.59026
2812.5  4713.3 0.000426352 9.04571e-08 6.35419
2822.52  5075.25 0.000458089 9.02595e-08 6.8272
2832.52  5413.91 0.000487596 9.00636e-08 7.26695
2842.53  5603.11 0.000503546 8.98691e-08 7.50467
2852.54  5592.5 0.000501513 8.96759e-08 7.47436
2862.54  5542.3 0.000495948 8.94841e-08 7.39142
2872.55  5490.53 0.00049027 8.92936e-08 7.3068
2882.56  5551.1 0.000494629 8.91046e-08 7.37177
2892.56  5485.35 0.000487741 8.8917e-08 7.26911
2902.56  5621.91 0.000498836 8.87306e-08 7.43447
2912.57  5642.77 0.000499641 8.85453e-08 7.44646
2922.58  5676.46 0.00050158 8.83614e-08 7.47537
2932.58  5377.67 0.000474197 8.81789e-08 7.06727
2942.58  5491.57 0.000483245 8.79976e-08 7.20211
2952.59  5530.38 0.000485665 8.78175e-08 7.23817
2962.59  5729.19 0.000502099 8.76386e-08 7.4831
2972.6  5780.04 0.000505528 8.74609e-08 7.53421
2982.6  5972.08 0.000521271 8.72845e-08 7.76883
2992.6  5570.43 0.000485236 8.71093e-08 7.23178
3002.61  5814.62 0.000505495 8.69351e-08 7.53371
3012.61  6117.62 0.000530778 8.67622e-08 7.91053
3022.61  6184.17 0.000535489 8.65904e-08 7.98074
3032.61  6343.59 0.000548211 8.64197e-08 8.17034
3042.62  6451.7 0.00055646 8.625e-08 8.29327
3052.62  6198.36 0.000533564 8.60815e-08 7.95205
3062.63  6395.66 0.000549477 8.5914e-08 8.18921
3072.63  5675.58 0.000486668 8.57477e-08 7.25312
3082.64  5472.52 0.000468351 8.55823e-08 6.98013
3092.65  5479.63 0.000468059 8.5418e-08 6.97578
3102.65  5644.81 0.000481247 8.52548e-08 7.17233
3112.65  5374.68 0.000457346 8.50927e-08 6.81613
3122.65  5505.31 0.000467575 8.49316e-08 6.96856
3132.66  5317.96 0.000450811 8.47714e-08 6.71872
3142.66  5480.13 0.000463687 8.46123e-08 6.91062
3152.67  5365.56 0.000453143 8.4454e-08 6.75348
3162.68  5593.49 0.000471514 8.42968e-08 7.02727
3172.68  5658.14 0.000476079 8.41406e-08 7.09531
3182.68  5866.16 0.000492672 8.39853e-08 7.3426
3192.69  5939.99 0.000497955 8.3831e-08 7.42134
3202.69  6247.96 0.000522815 8.36776e-08 7.79184
3212.69  6292.76 0.000525604 8.35252e-08 7.83341
3222.7  6293.29 0.000524694 8.33735e-08 7.81985
3232.71  6526.15 0.000543124 8.32228e-08 8.09453
3242.71  6234.58 0.000517926 8.30731e-08 7.71898
3252.71  6176.28 0.000512163 8.29242e-08 7.63309
3262.72  5982.13 0.000495178 8.27762e-08 7.37995
3272.72  6013.39 0.00049688 8.26291e-08 7.40533
3282.73  5973.53 0.000492713 8.24827e-08 7.34321
3292.73  6181.44 0.000508963 8.23373e-08 7.58541
3302.75  6548.14 0.000538209 8.21926e-08 8.02127
3312.75  6856.14 0.000562539 8.20489e-08 8.38388
3322.76  7144.53 0.000585179 8.19059e-08 8.7213
3332.76  6729.64 0.000550242 8.17639e-08 8.20061
3342.76  6964.91 0.000568495 8.16226e-08 8.47264
3352.76  6768.25 0.000551492 8.14822e-08 8.21924
3362.77  6367.09 0.000517915 8.13425e-08 7.71882
3372.77  6732.67 0.000546717 8.12036e-08 8.14807
3382.77  7437.03 0.000602887 8.10655e-08 8.98521
3392.8  7608.53 0.000615742 8.09278e-08 9.1768
3402.8  7592.21 0.000613384 8.07912e-08 9.14166
3412.8  7540.62 0.000608192 8.06554e-08 9.06428
3422.81  7363.64 0.000592922 8.05203e-08 8.8367
3432.82  7448.34 0.000598741 8.03859e-08 8.92343
3442.82  8089.58 0.000649207 8.02523e-08 9.67555
3452.83  7714.78 0.000618103 8.01194e-08 9.21199
3462.83  7141.37 0.000571219 7.99872e-08 8.51324
3472.84  7085.18 0.000565793 7.98558e-08 8.43237
3482.84  7345.03 0.000585583 7.97251e-08 8.72732
3492.84  7422.85 0.000590822 7.95951e-08 8.8054
3502.84  7344.38 0.000583627 7.94658e-08 8.69817
3512.85  7437.95 0.000590106 7.93371e-08 8.79472
3522.85  7856.4 0.000622299 7.92091e-08 9.27451
3532.85  7566.26 0.000598354 7.90819e-08 8.91766
3542.85  7576.16 0.000598178 7.89553e-08 8.91503
3552.86  7784.53 0.000613649 7.88293e-08 9.14561
3562.86  7897.43 0.00062156 7.8704e-08 9.26351
3572.86  7978.86 0.000626974 7.85794e-08 9.34419
3582.86  7991.14 0.000626948 7.84554e-08 9.34381
3592.87  8054.79 0.000630948 7.83321e-08 9.40343
3602.87  7784.23 0.0006088 7.82094e-08 9.07333
3612.88  8156.75 0.000636937 7.80872e-08 9.49268
3622.89  8611.24 0.000671381 7.79657e-08 10.006
3632.89  8679.22 0.000675632 7.78448e-08 10.0694
3642.9  8982.73 0.000698179 7.77246e-08 10.4054
3652.91  8808.61 0.00068359 7.76048e-08 10.188
3662.91  8892.8 0.000689065 7.74858e-08 10.2696
3672.92  9154.25 0.00070824 7.73674e-08 10.5554
3682.92  8629.85 0.000666651 7.72495e-08 9.93553
3692.93  8747.51 0.000674715 7.71322e-08 10.0557
3702.93  9093.17 0.000700315 7.70155e-08 10.4372
3712.93  9267.46 0.000712663 7.68995e-08 10.6213
3722.94  9960.05 0.000764771 7.67839e-08 11.3979
3732.94  9855.7 0.000755626 7.66689e-08 11.2616
3742.94  9309.11 0.000712655 7.65546e-08 10.6211
3752.95  8867.2 0.000677814 7.64407e-08 10.1019
3762.95  8947.69 0.000682954 7.63274e-08 10.1785
3772.95  9093.88 0.000693088 7.62147e-08 10.3295
3782.96  9689.98 0.000737432 7.61025e-08 10.9904
3792.96  9402.97 0.00071454 7.59909e-08 10.6493
3802.96  9699.16 0.00073597 7.58798e-08 10.9686
3812.96  9408.12 0.000712845 7.57692e-08 10.624
3822.96  9494.55 0.00071835 7.56591e-08 10.706
3832.97  9666.73 0.000730317 7.55496e-08 10.8844
3842.99  9560.38 0.000721238 7.54404e-08 10.7491
3852.99  9706.21 0.000731186 7.53319e-08 10.8973
3863  9512.22 0.000715546 7.52238e-08 10.6642
3873.01  9318.28 0.000699954 7.51162e-08 10.4319
3883.03  9394.5 0.000704673 7.50091e-08 10.5022
3893.03  8955.01 0.000670754 7.49026e-08 9.99667
3903.03  9361.93 0.00070024 7.47966e-08 10.4361
3913.04  9554.21 0.000713614 7.46911e-08 10.6354
3923.04  9250.33 0.000689946 7.4586e-08 10.2827
3933.04  9261 0.000689773 7.44815e-08 10.2801
3943.04  9348.89 0.000695347 7.43774e-08 10.3632
3953.06  9945.79 0.00073871 7.42737e-08 11.0095
3963.06  10699.5 0.000793585 7.41706e-08 11.8273
3973.06  10547.4 0.000781226 7.4068e-08 11.6431
3983.06  10991.9 0.000813025 7.39658e-08 12.117
3993.07  11835.9 0.000874246 7.3864e-08 13.0295
