time	conversion
1.00002	0.000837069
2.0042	0.00138391
3.00797	0.00192414
4.00802	0.00239928
5.0331	0.00283994
6.03554	0.00318261
7.03924	0.00354856
8.03937	0.0038944
9.04032	0.0041898
10.0423	0.00447902
11.0469	0.00480618
12.047	0.00502917
13.0531	0.00526379
14.0603	0.00551523
15.0634	0.0057523
16.0634	0.00596667
17.0652	0.00618951
18.0684	0.00641566
19.075	0.00665445
20.0772	0.00684454
21.078	0.00706868
22.0871	0.0072694
23.0913	0.00746135
24.0926	0.00763305
25.0953	0.00783333
26.1007	0.00800675
27.1094	0.00821509
28.1134	0.00839756
29.1136	0.00856652
30.117	0.00874842
31.1199	0.00894655
32.1207	0.00912443
33.1208	0.00932471
34.1208	0.0095069
35.1208	0.00966537
36.1218	0.00985661
37.1249	0.0100246
38.1264	0.0102059
39.1282	0.0104065
40.129	0.0105605
41.129	0.0107361
42.1308	0.0109014
43.1308	0.011047
44.1318	0.0112086
45.132	0.0113779
46.138	0.0115326
47.1388	0.0116875
48.1405	0.0118223
49.1413	0.0119917
50.1413	0.0121435
51.1474	0.012299
52.1474	0.0124404
53.1475	0.0125619
54.1556	0.0127063
55.1591	0.0128514
56.1599	0.0130039
57.162	0.0131796
58.163	0.0133316
59.163	0.0134598
60.1645	0.013599
61.1648	0.0137473
62.165	0.0138626
63.173	0.0139884
64.1732	0.0141172
65.1736	0.0142405
66.1736	0.014375
67.1759	0.0145164
68.1763	0.0146463
69.1774	0.0148095
70.1815	0.0149499
71.1823	0.0151034
72.1836	0.0152547
73.1864	0.0153967
74.1864	0.015552
75.1874	0.0156994
76.1889	0.0158226
77.1898	0.0159651
78.196	0.0160862
79.197	0.0162214
80.1996	0.0163405
81.2	0.0164845
82.2001	0.016595
83.2001	0.0167391
84.2028	0.0168635
85.2028	0.0169912
86.203	0.0171292
87.2102	0.0172468
88.2238	0.0173685
89.2238	0.0175016
90.2254	0.0176352
91.2273	0.0177487
92.2273	0.0178703
93.233	0.0180062
94.2383	0.0181172
95.239	0.0182665
96.241	0.0183989
97.2494	0.0185233
98.2551	0.0186507
99.2575	0.0187796
100.262	0.0189078
101.264	0.0190164
102.268	0.0191474
103.268	0.0192647
104.271	0.0193915
105.272	0.0195159
106.274	0.0196392
107.275	0.0197618
108.275	0.0198851
109.276	0.0200089
110.28	0.0201149
111.281	0.0202612
112.281	0.0203822
113.285	0.020518
114.298	0.0206417
115.3	0.0207417
116.301	0.0208605
117.302	0.0209816
118.302	0.0211036
119.307	0.0212172
120.311	0.0213648
121.311	0.0214614
122.317	0.0215642
123.319	0.0216769
124.32	0.0217943
125.326	0.0219023
126.326	0.0220019
127.329	0.0221194
128.342	0.0222159
129.342	0.0223287
130.348	0.0224279
131.348	0.0225273
132.358	0.0226374
133.361	0.0227509
134.364	0.0228599
135.368	0.0229414
136.372	0.0230649
137.373	0.0231681
138.374	0.0232754
139.389	0.0233697
140.39	0.02348
141.392	0.0235989
142.397	0.0237102
143.402	0.0238168
144.405	0.0239105
145.417	0.0240147
146.421	0.0241188
147.431	0.0242187
148.432	0.0243174
149.434	0.0244198
150.438	0.0245223
151.442	0.024629
152.442	0.0247273
153.444	0.0248346
154.455	0.0249319
155.455	0.0250256
156.455	0.0251325
157.456	0.0252412
158.456	0.0253326
159.459	0.0254547
160.466	0.0255585
161.476	0.0256635
162.476	0.0257644
163.485	0.0258609
164.485	0.0259497
165.495	0.0260431
166.499	0.0261286
167.505	0.0262409
168.51	0.0263611
169.518	0.0264592
170.518	0.026555
171.52	0.0266532
172.53	0.0267655
173.537	0.0268667
174.542	0.0269592
175.543	0.0270786
176.544	0.0271713
177.545	0.0272526
178.548	0.0273409
179.55	0.0274371
180.561	0.0275365
181.561	0.0276464
182.57	0.0277603
183.587	0.027855
184.601	0.0279568
185.605	0.0280864
186.608	0.0281747
187.612	0.0282464
188.612	0.0283325
189.615	0.0284372
190.617	0.0285457
191.619	0.028644
192.619	0.0287386
193.622	0.0288325
194.629	0.0289378
195.63	0.0290286
196.632	0.0291231
197.634	0.0292198
198.641	0.0293125
199.647	0.0294036
200.657	0.0295014
201.661	0.0296073
202.665	0.0297045
203.665	0.0297999
204.666	0.0298888
205.671	0.029977
206.671	0.0300599
207.672	0.0301431
208.692	0.0302493
209.692	0.0303494
210.696	0.0304427
211.699	0.030546
212.7	0.0306414
213.708	0.0307365
214.715	0.0308102
215.719	0.0308961
216.721	0.0309879
217.723	0.0310782
218.726	0.0311703
219.731	0.0312543
220.732	0.0313556
221.735	0.0314529
222.737	0.0315352
223.739	0.0316207
224.746	0.0317223
225.751	0.0318053
226.759	0.0318807
227.76	0.0319774
228.764	0.032071
229.776	0.0321572
230.778	0.0322451
231.786	0.0323197
232.786	0.0324118
233.789	0.032501
234.792	0.0325774
235.794	0.0326576
236.798	0.0327424
237.802	0.0328182
238.803	0.0329068
239.81	0.032993
240.817	0.0330813
241.819	0.0331651
242.822	0.0332517
243.825	0.0333536
244.83	0.0334272
245.837	0.0335175
246.837	0.0336055
247.841	0.0336976
248.852	0.0337932
249.862	0.0338737
250.864	0.0339592
251.866	0.0340511
252.875	0.0341205
253.88	0.0342068
254.887	0.0342889
255.887	0.0343838
256.893	0.0344592
257.895	0.034552
258.896	0.0346339
259.897	0.0347114
260.9	0.0347747
261.909	0.034853
262.91	0.0349385
263.91	0.0350424
264.913	0.0351195
265.916	0.035195
266.937	0.0352746
267.942	0.0353737
268.943	0.0354519
269.943	0.0355388
270.953	0.0356267
271.955	0.0357001
272.957	0.0357876
273.957	0.0358759
274.96	0.0359747
275.962	0.0360557
276.964	0.0361345
277.974	0.0362063
278.976	0.0362818
279.986	0.0363655
280.986	0.0364438
281.993	0.0365341
282.994	0.0366172
283.995	0.0366997
284.996	0.0367994
286.002	0.0368878
287.002	0.0369747
288.014	0.0370625
289.028	0.0371474
290.033	0.0372322
291.048	0.0373144
292.048	0.0373879
293.048	0.0374652
294.052	0.0375467
295.053	0.0376397
296.054	0.0377315
297.055	0.0378132
298.057	0.0378987
299.06	0.0379784
300.065	0.0380519
301.065	0.0381161
302.065	0.0382
303.068	0.0382851
304.08	0.0383694
305.085	0.0384364
306.085	0.0385063
307.085	0.0386014
308.086	0.0386859
309.092	0.0387693
310.097	0.0388293
311.1	0.0389073
312.102	0.0389902
313.111	0.0390665
314.112	0.0391665
315.121	0.039271
316.124	0.0393624
317.127	0.0394322
318.127	0.0395106
319.132	0.0395953
320.135	0.0396691
321.139	0.0397539
322.139	0.0398338
323.144	0.0399124
324.144	0.0399879
325.144	0.040056
326.146	0.0401437
327.154	0.0402161
328.155	0.040295
329.161	0.040372
330.165	0.0404464
331.169	0.0405233
332.169	0.040596
333.17	0.0406749
334.172	0.0407537
335.172	0.0408155
336.178	0.0408957
337.179	0.0409718
338.181	0.0410583
339.184	0.0411342
340.191	0.041221
341.192	0.0412997
342.196	0.0413832
343.201	0.0414586
344.201	0.0415489
345.203	0.0416148
346.208	0.0416897
347.208	0.0417675
348.209	0.041856
349.215	0.0419444
350.217	0.0420224
351.22	0.0421006
352.224	0.0421708
353.229	0.0422585
354.229	0.0423412
355.229	0.0424171
356.229	0.0424912
357.23	0.0425793
358.231	0.0426516
359.235	0.042748
360.235	0.0428342
361.237	0.0429211
362.237	0.0429974
363.253	0.0430707
364.256	0.0431537
365.26	0.0432358
366.261	0.0433111
367.262	0.043383
368.273	0.0434609
369.273	0.0435507
370.282	0.043632
371.284	0.0436954
372.301	0.043772
373.302	0.0438491
374.306	0.04392
375.309	0.0440022
376.311	0.0440678
377.325	0.0441295
378.325	0.044197
379.342	0.0442664
380.345	0.0443468
381.347	0.0444154
382.351	0.0444977
383.352	0.0445668
384.365	0.0446428
385.389	0.0447194
386.397	0.0447818
387.407	0.0448589
388.41	0.0449246
389.414	0.0449886
390.415	0.0450614
391.417	0.0451161
392.42	0.0451966
393.423	0.045272
394.428	0.0453499
395.439	0.045418
396.443	0.0454897
397.446	0.0455621
398.446	0.0456214
399.451	0.0456963
400.454	0.0457589
401.454	0.0458251
402.458	0.0458951
403.462	0.0459638
404.464	0.0460409
405.465	0.0461039
406.467	0.0461711
407.469	0.0462431
408.469	0.0463121
409.475	0.0463773
410.475	0.0464464
411.481	0.0465145
412.503	0.0465836
413.51	0.0466634
414.519	0.0467312
415.52	0.0467876
416.525	0.0468626
417.525	0.0469424
418.537	0.0470024
419.54	0.0470717
420.542	0.0471351
421.545	0.0472112
422.545	0.0472852
423.545	0.0473555
424.562	0.0474315
425.571	0.0475079
426.579	0.0475648
427.58	0.0476372
428.58	0.0477055
429.583	0.0477915
430.585	0.0478524
431.586	0.0479197
432.59	0.0479818
433.591	0.0480526
434.592	0.048121
435.601	0.0482046
436.601	0.0482721
437.611	0.0483473
438.621	0.0484224
439.624	0.0485116
440.631	0.0485895
441.634	0.0486651
442.64	0.048733
443.643	0.0488158
444.643	0.0488825
445.652	0.0489466
446.654	0.0490177
447.655	0.049083
448.656	0.0491477
449.659	0.0492226
450.666	0.049297
451.669	0.0493559
452.671	0.049421
453.676	0.0494953
454.678	0.0495717
455.685	0.0496402
456.69	0.0497091
457.691	0.0497987
458.691	0.0498578
459.693	0.0499264
460.698	0.0499977
461.699	0.0500644
462.701	0.0501237
463.703	0.0501908
464.707	0.0502466
465.721	0.0503254
466.728	0.0503878
467.733	0.0504504
468.734	0.0505205
469.739	0.0505886
470.746	0.0506611
471.747	0.0507257
472.761	0.0508
473.768	0.0508731
474.769	0.0509276
475.775	0.0509907
476.775	0.0510563
477.776	0.0511205
478.776	0.051181
479.785	0.0512552
480.789	0.0513338
481.789	0.051395
482.791	0.051454
483.805	0.0515223
484.808	0.0515989
485.813	0.0516611
486.818	0.0517315
487.838	0.0517996
488.838	0.0518713
489.84	0.0519375
490.845	0.0519878
491.851	0.0520563
492.856	0.0521263
493.856	0.0521953
494.858	0.0522717
495.861	0.0523455
496.863	0.052427
497.863	0.0524994
498.869	0.0525737
499.87	0.0526399
500.87	0.0528976
501.871	0.0531876
502.871	0.0534415
503.871	0.0537142
504.872	0.0540095
505.874	0.0542912
506.877	0.0545708
507.877	0.0548614
508.878	0.0551385
509.883	0.0553711
510.883	0.0556226
511.883	0.0558789
512.884	0.0561345
513.887	0.0563848
514.887	0.0566509
515.887	0.0569086
516.89	0.0571615
517.89	0.0574253
518.891	0.0576737
519.893	0.0578999
520.893	0.0581399
521.894	0.0583616
522.895	0.0585832
523.896	0.0587953
524.896	0.0590284
525.897	0.0592626
526.897	0.0594951
527.898	0.0597338
528.898	0.0599453
529.898	0.0601625
530.899	0.060394
531.899	0.0605983
532.903	0.0608336
533.905	0.0610477
534.906	0.0612609
535.907	0.0614991
536.907	0.0616963
537.908	0.0619266
538.908	0.0621151
539.908	0.0623359
540.908	0.0625381
541.908	0.0627491
542.908	0.0629636
543.909	0.063158
544.91	0.0633661
545.912	0.0635849
546.912	0.0638101
547.913	0.0640013
548.914	0.0641915
549.914	0.0644108
550.914	0.0646093
551.914	0.0648047
552.914	0.064994
553.915	0.0652197
554.915	0.0654319
555.915	0.0656152
556.916	0.0658033
557.916	0.0660098
558.916	0.0662088
559.916	0.0664049
560.916	0.0665989
561.916	0.0667737
562.916	0.06698
563.918	0.0671928
564.919	0.0674083
565.921	0.0675989
566.922	0.0677879
567.924	0.0679588
568.926	0.0681484
569.926	0.0683486
570.927	0.0685418
571.929	0.0687264
572.93	0.06892
573.931	0.0691112
574.931	0.0693004
575.932	0.0694888
576.932	0.0696723
577.934	0.0698596
578.936	0.0700382
579.938	0.0702243
580.939	0.0703922
581.94	0.0705846
582.941	0.0707503
583.942	0.0709155
584.943	0.0710878
585.944	0.0712647
586.946	0.0714519
587.946	0.0716141
588.948	0.0717783
589.949	0.0719391
590.956	0.0721293
591.956	0.072295
592.957	0.0724553
593.958	0.0726175
594.959	0.0727899
595.959	0.0729704
596.96	0.0731466
597.96	0.0733188
598.96	0.0734799
599.961	0.0736591
600.961	0.0738201
601.963	0.0739852
602.964	0.0741651
603.964	0.0743401
604.965	0.0745194
605.966	0.0746889
606.966	0.0748478
607.967	0.0750086
608.967	0.0751596
609.969	0.0753188
610.971	0.0754753
611.971	0.0756402
612.971	0.0757987
613.971	0.0759704
614.971	0.076133
615.971	0.0762947
616.971	0.0764603
617.974	0.0766162
618.975	0.0767618
619.975	0.0769208
620.976	0.077081
621.976	0.0772351
622.976	0.0773881
623.977	0.0775273
624.977	0.0777036
625.978	0.0778622
626.978	0.0780208
627.979	0.0781664
628.979	0.0783237
629.981	0.0784668
630.981	0.0786256
631.981	0.0787611
632.982	0.078894
633.982	0.0790455
634.982	0.0792022
635.983	0.079358
636.983	0.0795066
637.983	0.0796601
638.984	0.0798174
639.984	0.0799763
640.984	0.080121
641.985	0.0802782
642.986	0.0804332
643.987	0.0805864
644.987	0.0807253
645.988	0.0808592
646.989	0.0810142
647.991	0.0811647
648.991	0.0812924
649.994	0.0814397
650.996	0.0815882
651.998	0.081727
652.999	0.0818563
654	0.0820043
655	0.0821473
656.002	0.0822947
657.002	0.0824402
658.002	0.0825713
659.002	0.0827013
660.002	0.0828453
661.002	0.0829991
662.003	0.0831375
663.003	0.0832777
664.003	0.0834289
665.004	0.0835606
666.005	0.0837039
667.006	0.083849
668.007	0.0839963
669.009	0.0841286
670.01	0.0842751
671.011	0.0844177
672.011	0.0845871
673.012	0.0847177
674.014	0.0848664
675.014	0.085007
676.014	0.0851549
677.014	0.0852951
678.014	0.0854351
679.016	0.0855832
680.017	0.0857272
681.017	0.0858645
682.02	0.0860022
683.021	0.0861287
684.021	0.0862636
685.022	0.0863981
686.022	0.0865427
687.023	0.0866868
688.023	0.0868223
689.025	0.0869501
690.027	0.0870882
691.027	0.0872274
692.028	0.0873513
693.028	0.0874855
694.029	0.0876272
695.029	0.087749
696.03	0.0878839
697.034	0.0880254
698.034	0.0881589
699.035	0.0882796
700.035	0.0884034
701.04	0.0885441
702.04	0.0886726
703.042	0.0888083
704.042	0.0889491
705.043	0.0890749
706.044	0.0892088
707.045	0.0893249
708.045	0.0894438
709.052	0.0895757
710.053	0.0897013
711.054	0.089842
712.055	0.089973
713.057	0.0901016
714.057	0.0902391
715.058	0.0903687
716.058	0.0905052
717.058	0.0906237
718.059	0.0907463
719.06	0.0908828
720.061	0.091004
721.062	0.0911374
722.062	0.0912618
723.062	0.0913928
724.062	0.0915208
725.062	0.091651
726.062	0.0917695
727.068	0.0919029
728.068	0.0920261
729.07	0.0921616
730.072	0.0922852
731.072	0.0924089
732.072	0.0925348
733.072	0.0926655
734.072	0.0927915
735.075	0.0929193
736.075	0.0930529
737.077	0.0931761
738.077	0.0933057
739.077	0.0934451
740.078	0.093578
741.078	0.0937036
742.078	0.093818
743.079	0.0939496
744.082	0.0940717
745.083	0.094196
746.088	0.0943195
747.09	0.0944335
748.09	0.0945612
749.09	0.0946876
750.092	0.0948075
751.092	0.094923
752.093	0.0950369
753.093	0.0951634
754.093	0.0952826
755.094	0.0954106
756.094	0.095546
757.094	0.0956576
758.094	0.0957703
759.094	0.0958927
760.095	0.0960109
761.096	0.0961348
762.096	0.0962598
763.097	0.0963734
764.097	0.0964914
765.097	0.0966096
766.099	0.0967269
767.1	0.0968487
768.103	0.0969655
769.103	0.0970789
770.104	0.0971925
771.104	0.0973216
772.106	0.0974322
773.106	0.0975371
774.106	0.0976486
775.107	0.0977563
776.107	0.0978671
777.11	0.0979654
778.111	0.0980805
779.111	0.0981984
780.111	0.0983172
781.113	0.0984254
782.114	0.098546
783.114	0.0986618
784.115	0.0987869
785.116	0.0989049
786.119	0.0990149
787.119	0.0991263
788.119	0.099245
789.12	0.0993537
790.12	0.0994654
791.12	0.0995878
792.12	0.0997109
793.121	0.0998375
794.122	0.0999514
795.122	0.100075
796.123	0.100202
797.123	0.100311
798.123	0.100413
799.125	0.100532
800.126	0.100659
801.126	0.100766
802.127	0.10088
803.127	0.100993
804.128	0.101117
805.128	0.101233
806.129	0.10135
807.13	0.10147
808.13	0.101583
809.131	0.101703
810.135	0.101817
811.135	0.101932
812.135	0.102049
813.137	0.102158
814.139	0.102268
815.139	0.10238
816.14	0.102487
817.14	0.102603
818.141	0.102707
819.141	0.102827
820.141	0.102956
821.142	0.103064
822.142	0.103173
823.144	0.103287
824.145	0.103402
825.146	0.103517
826.146	0.103627
827.147	0.103733
828.149	0.103845
829.15	0.103952
830.151	0.104053
831.155	0.104162
832.156	0.104263
833.158	0.104369
834.159	0.104481
835.16	0.104594
836.16	0.1047
837.16	0.104807
838.163	0.104906
839.164	0.10501
840.165	0.105105
841.165	0.105215
842.165	0.105323
843.165	0.105418
844.166	0.105523
845.167	0.105624
846.167	0.105721
847.167	0.105841
848.172	0.105946
849.173	0.106048
850.173	0.106156
851.174	0.106261
852.177	0.106359
853.177	0.106466
854.178	0.106572
855.179	0.106674
856.18	0.106783
857.182	0.106878
858.185	0.106975
859.185	0.107072
860.185	0.107175
861.185	0.107273
862.187	0.107377
863.187	0.107476
864.187	0.107574
865.188	0.107667
866.188	0.107757
867.189	0.107857
868.189	0.107955
869.19	0.108067
870.191	0.108164
871.193	0.108259
872.193	0.10836
873.193	0.108471
874.194	0.108572
875.194	0.108673
876.194	0.108775
877.195	0.108888
878.196	0.108982
879.197	0.109089
880.197	0.109183
881.198	0.10928
882.199	0.109379
883.199	0.109478
884.2	0.109585
885.2	0.109682
886.201	0.10978
887.202	0.109884
888.204	0.109994
889.207	0.110109
890.208	0.11021
891.208	0.110303
892.209	0.110401
893.21	0.110493
894.21	0.110593
895.21	0.110691
896.212	0.110789
897.213	0.110884
898.213	0.11098
899.214	0.111088
900.215	0.111183
901.216	0.111289
902.216	0.111389
903.219	0.111487
904.22	0.111586
905.22	0.111682
906.22	0.111788
907.221	0.111893
908.222	0.111983
909.222	0.112082
910.222	0.112178
911.223	0.112271
912.224	0.112374
913.226	0.112471
914.226	0.112564
915.227	0.112662
916.229	0.112764
917.229	0.112861
918.23	0.112966
919.23	0.113072
920.23	0.113167
921.231	0.113258
922.231	0.113357
923.231	0.113448
924.231	0.113548
925.232	0.113647
926.232	0.113744
927.232	0.113839
928.232	0.113919
929.233	0.114023
930.234	0.114118
931.236	0.114222
932.236	0.114321
933.237	0.114414
934.238	0.114514
935.238	0.114609
936.241	0.114697
937.243	0.114788
938.243	0.114884
939.244	0.114966
940.244	0.115062
941.245	0.115169
942.246	0.115268
943.248	0.115362
944.25	0.115455
945.25	0.115546
946.25	0.115647
947.25	0.115746
948.253	0.115841
949.255	0.115937
950.256	0.116035
951.257	0.116136
952.258	0.116228
953.258	0.116323
954.26	0.116423
955.26	0.116527
956.262	0.116627
957.262	0.116719
958.263	0.116809
959.263	0.116894
960.265	0.116988
961.27	0.117085
962.27	0.117181
963.271	0.117272
964.271	0.117363
965.272	0.11746
966.272	0.11755
967.274	0.117641
968.274	0.117744
969.274	0.117842
970.274	0.117943
971.277	0.11804
972.279	0.118131
973.281	0.118215
974.282	0.118315
975.282	0.118403
976.282	0.118503
977.283	0.118599
978.283	0.118694
979.285	0.118788
980.287	0.118875
981.289	0.118978
982.29	0.119078
983.291	0.119178
984.291	0.119265
985.292	0.119362
986.292	0.119455
987.292	0.119544
988.293	0.119634
989.293	0.119732
990.294	0.119828
991.294	0.119922
992.295	0.120016
993.295	0.120116
994.296	0.12021
995.296	0.1203
996.298	0.120386
997.298	0.120465
998.298	0.120559
999.3	0.120653
1000.3	0.120789
1001.3	0.120999
1002.3	0.121218
1003.3	0.121435
1004.3	0.121635
1005.3	0.121849
1006.3	0.12208
1007.3	0.122297
1008.3	0.122512
1009.3	0.122726
1010.3	0.122954
1011.31	0.123175
1012.31	0.123398
1013.31	0.123627
1014.31	0.123842
1015.31	0.124048
1016.31	0.124268
1017.31	0.124475
1018.31	0.124692
1019.31	0.1249
1020.31	0.125098
1021.31	0.125305
1022.31	0.125483
1023.31	0.125684
1024.31	0.125884
1025.31	0.126083
1026.31	0.126292
1027.31	0.126494
1028.31	0.126706
1029.31	0.126921
1030.31	0.12713
1031.32	0.127329
1032.32	0.127543
1033.32	0.127757
1034.32	0.127948
1035.32	0.128147
1036.32	0.128348
1037.32	0.128535
1038.32	0.128729
1039.32	0.128913
1040.32	0.129113
1041.32	0.129297
1042.32	0.129481
1043.32	0.129665
1044.32	0.129859
1045.32	0.130043
1046.32	0.130234
1047.32	0.130424
1048.32	0.130617
1049.32	0.130817
1050.32	0.131007
1051.32	0.131205
1052.32	0.131403
1053.33	0.131571
1054.33	0.131756
1055.33	0.131946
1056.33	0.132137
1057.33	0.132327
1058.33	0.132511
1059.33	0.132692
1060.33	0.132869
1061.33	0.133045
1062.33	0.133243
1063.33	0.133434
1064.33	0.133619
1065.33	0.133795
1066.33	0.133958
1067.33	0.134132
1068.33	0.134304
1069.33	0.134472
1070.33	0.134639
1071.33	0.134819
1072.33	0.134986
1073.34	0.135155
1074.34	0.135334
1075.34	0.135511
1076.34	0.135687
1077.34	0.135866
1078.34	0.136045
1079.34	0.136212
1080.34	0.136375
1081.34	0.13654
1082.34	0.136714
1083.34	0.136884
1084.34	0.137058
1085.34	0.137232
1086.34	0.137404
1087.34	0.137573
1088.34	0.137736
1089.34	0.137893
1090.34	0.138055
1091.34	0.138224
1092.34	0.138392
1093.34	0.138549
1094.34	0.138706
1095.35	0.138862
1096.35	0.139021
1097.35	0.139189
1098.35	0.139352
1099.35	0.139509
1100.35	0.139676
1101.35	0.139838
1102.35	0.140012
1103.35	0.140182
1104.35	0.140343
1105.35	0.140505
1106.35	0.140668
1107.35	0.140829
1108.35	0.140989
1109.35	0.141161
1110.35	0.141328
1111.35	0.141469
1112.35	0.141642
1113.35	0.141798
1114.35	0.141949
1115.35	0.142101
1116.35	0.142256
1117.35	0.142415
1118.35	0.142569
1119.36	0.142732
1120.36	0.142879
1121.36	0.143042
1122.36	0.143194
1123.36	0.143348
1124.36	0.1435
1125.36	0.143658
1126.36	0.143811
1127.36	0.143978
1128.36	0.144129
1129.36	0.144287
1130.36	0.144436
1131.36	0.144597
1132.36	0.144755
1133.36	0.144921
1134.36	0.14508
1135.36	0.14523
1136.36	0.145373
1137.36	0.145518
1138.36	0.145662
1139.36	0.145819
1140.36	0.145974
1141.36	0.146119
1142.37	0.146273
1143.37	0.14642
1144.37	0.146573
1145.37	0.146725
1146.37	0.146877
1147.37	0.147024
1148.37	0.147177
1149.37	0.147324
1150.37	0.147473
1151.37	0.147631
1152.37	0.147778
1153.37	0.147924
1154.37	0.148079
1155.37	0.148227
1156.37	0.148373
1157.37	0.148528
1158.37	0.148677
1159.37	0.148819
1160.37	0.148974
1161.37	0.149111
1162.37	0.149261
1163.37	0.149409
1164.37	0.149566
1165.37	0.149714
1166.37	0.149851
1167.37	0.149991
1168.37	0.150133
1169.38	0.150278
1170.38	0.150419
1171.38	0.150558
1172.38	0.150695
1173.38	0.150831
1174.38	0.150976
1175.38	0.151119
1176.38	0.151259
1177.38	0.151405
1178.38	0.151553
1179.38	0.151692
1180.38	0.151831
1181.38	0.151969
1182.38	0.152109
1183.38	0.152241
1184.38	0.152376
1185.38	0.15251
1186.38	0.152646
1187.38	0.152791
1188.38	0.152928
1189.38	0.153058
1190.38	0.153202
1191.38	0.153343
1192.38	0.153486
1193.38	0.153624
1194.38	0.153768
1195.39	0.153903
1196.39	0.154042
1197.39	0.154189
1198.39	0.154327
1199.39	0.154465
1200.39	0.154598
1201.39	0.154742
1202.39	0.154867
1203.39	0.155018
1204.39	0.155169
1205.39	0.155296
1206.39	0.155438
1207.39	0.155585
1208.39	0.155717
1209.39	0.155857
1210.39	0.155995
1211.39	0.156128
1212.39	0.156271
1213.4	0.156406
1214.4	0.156536
1215.4	0.156671
1216.4	0.156794
1217.4	0.156924
1218.4	0.157066
1219.4	0.157194
1220.4	0.157333
1221.4	0.157478
1222.4	0.15761
1223.4	0.157734
1224.4	0.157862
1225.4	0.157987
1226.4	0.158116
1227.4	0.158248
1228.4	0.15838
1229.41	0.158512
1230.41	0.15863
1231.41	0.158756
1232.41	0.158886
1233.41	0.159016
1234.41	0.159145
1235.41	0.159287
1236.41	0.159416
1237.41	0.159544
1238.41	0.159669
1239.41	0.159809
1240.41	0.159928
1241.41	0.160055
1242.41	0.160188
1243.41	0.16033
1244.41	0.16047
1245.41	0.160602
1246.41	0.160735
1247.41	0.160865
1248.41	0.160992
1249.41	0.161114
1250.41	0.161234
1251.42	0.16136
1252.42	0.161493
1253.42	0.161626
1254.42	0.161765
1255.42	0.1619
1256.42	0.162035
1257.42	0.16216
1258.42	0.162291
1259.42	0.162429
1260.42	0.162549
1261.42	0.162685
1262.42	0.162814
1263.42	0.162941
1264.42	0.163069
1265.42	0.163191
1266.42	0.163311
1267.42	0.16344
1268.42	0.163567
1269.43	0.163684
1270.43	0.163813
1271.43	0.163947
1272.43	0.164073
1273.43	0.164194
1274.43	0.16431
1275.43	0.164424
1276.43	0.16455
1277.43	0.164669
1278.43	0.164787
1279.43	0.164913
1280.43	0.165034
1281.43	0.165162
1282.43	0.165276
1283.43	0.165392
1284.43	0.165521
1285.43	0.16566
1286.43	0.16579
1287.43	0.165905
1288.43	0.166032
1289.43	0.166152
1290.43	0.166282
1291.43	0.166403
1292.43	0.166524
1293.43	0.166649
1294.43	0.166773
1295.43	0.166898
1296.43	0.167024
1297.43	0.16715
1298.44	0.167274
1299.44	0.167407
1300.44	0.167531
1301.44	0.167649
1302.44	0.167768
1303.44	0.167884
1304.44	0.168012
1305.44	0.168144
1306.44	0.168266
1307.44	0.168388
1308.44	0.168513
1309.44	0.168634
1310.44	0.168765
1311.44	0.168888
1312.44	0.169015
1313.44	0.169137
1314.44	0.169264
1315.44	0.16939
1316.44	0.169511
1317.45	0.169629
1318.45	0.16975
1319.45	0.169872
1320.45	0.169994
1321.45	0.170117
1322.45	0.170236
1323.45	0.170371
1324.45	0.170495
1325.45	0.170613
1326.45	0.17073
1327.45	0.170855
1328.45	0.170983
1329.45	0.171113
1330.45	0.171233
1331.45	0.171347
1332.45	0.171469
1333.45	0.171591
1334.45	0.171714
1335.45	0.171832
1336.45	0.171947
1337.45	0.172071
1338.45	0.17219
1339.45	0.172305
1340.45	0.172418
1341.45	0.172535
1342.46	0.172654
1343.46	0.172765
1344.46	0.172887
1345.46	0.173001
1346.46	0.173121
1347.46	0.173235
1348.46	0.173357
1349.46	0.173465
1350.46	0.173589
1351.46	0.173706
1352.46	0.173822
1353.46	0.173943
1354.46	0.174061
1355.46	0.174171
1356.46	0.174291
1357.46	0.174412
1358.46	0.174532
1359.46	0.174654
1360.46	0.174772
1361.46	0.174896
1362.46	0.174999
1363.46	0.175104
1364.47	0.175218
1365.47	0.175338
1366.47	0.175453
1367.47	0.17556
1368.47	0.175673
1369.47	0.175783
1370.47	0.175896
1371.47	0.176017
1372.47	0.17613
1373.47	0.176253
1374.47	0.176367
1375.47	0.176481
1376.47	0.176598
1377.47	0.176709
1378.48	0.176826
1379.48	0.176948
1380.48	0.177066
1381.48	0.177176
1382.48	0.177285
1383.48	0.177384
1384.48	0.177498
1385.48	0.177603
1386.48	0.177719
1387.48	0.177831
1388.48	0.177944
1389.48	0.178057
1390.48	0.178168
1391.48	0.178278
1392.48	0.178385
1393.48	0.178498
1394.48	0.17861
1395.48	0.178716
1396.48	0.178833
1397.48	0.178948
1398.48	0.17906
1399.48	0.179169
1400.48	0.179275
1401.48	0.179396
1402.49	0.179505
1403.49	0.179618
1404.49	0.179727
1405.49	0.179828
1406.49	0.179939
1407.49	0.180045
1408.49	0.180164
1409.49	0.180275
1410.49	0.180376
1411.49	0.180481
1412.49	0.18059
1413.49	0.180693
1414.49	0.180802
1415.49	0.18091
1416.49	0.181029
1417.49	0.181146
1418.49	0.181254
1419.49	0.181365
1420.49	0.181479
1421.49	0.181584
1422.49	0.1817
1423.49	0.181815
1424.49	0.181926
1425.5	0.182033
1426.5	0.18213
1427.5	0.182247
1428.5	0.182358
1429.5	0.182473
1430.5	0.182584
1431.5	0.182703
1432.5	0.182813
1433.5	0.182914
1434.5	0.183026
1435.5	0.18313
1436.5	0.183231
1437.5	0.183333
1438.5	0.183443
1439.5	0.18355
1440.5	0.18366
1441.5	0.183771
1442.5	0.183885
1443.51	0.183995
1444.51	0.184098
1445.51	0.184207
1446.51	0.184314
1447.51	0.18441
1448.51	0.184522
1449.51	0.184631
1450.51	0.184731
1451.51	0.184841
1452.51	0.184954
1453.51	0.18506
1454.51	0.18516
1455.51	0.185261
1456.51	0.185366
1457.51	0.185473
1458.51	0.185576
1459.51	0.185683
1460.51	0.185783
1461.51	0.185889
1462.52	0.185987
1463.52	0.186084
1464.52	0.186188
1465.52	0.186297
1466.52	0.186411
1467.52	0.186518
1468.52	0.186623
1469.52	0.186722
1470.52	0.186825
1471.52	0.186935
1472.52	0.187044
1473.52	0.18715
1474.52	0.18726
1475.52	0.187372
1476.52	0.187477
1477.52	0.187574
1478.52	0.187674
1479.52	0.187776
1480.52	0.187888
1481.52	0.18799
1482.52	0.188105
1483.52	0.188213
1484.52	0.188314
1485.52	0.188423
1486.52	0.188529
1487.52	0.188624
1488.52	0.18873
1489.53	0.188829
1490.53	0.188924
1491.53	0.18902
1492.53	0.189114
1493.53	0.189214
1494.53	0.18931
1495.53	0.18941
1496.53	0.189513
1497.53	0.189613
1498.53	0.189723
1499.53	0.189813
1500.53	0.189973
1501.53	0.190172
1502.53	0.190364
1503.53	0.190571
1504.53	0.190758
1505.53	0.190954
1506.53	0.191154
1507.53	0.191342
1508.53	0.191539
1509.53	0.19174
1510.53	0.191938
1511.53	0.192131
1512.53	0.192337
1513.53	0.192542
1514.53	0.19273
1515.54	0.192922
1516.54	0.193112
1517.54	0.193292
1518.54	0.19348
1519.54	0.193674
1520.54	0.193864
1521.54	0.194052
1522.54	0.194246
1523.54	0.194441
1524.54	0.194635
1525.54	0.194827
1526.54	0.195014
1527.54	0.195193
1528.54	0.195388
1529.54	0.195569
1530.54	0.195749
1531.54	0.195934
1532.54	0.196119
1533.54	0.196314
1534.54	0.196503
1535.54	0.196694
1536.54	0.196881
1537.54	0.197067
1538.54	0.197258
1539.54	0.197433
1540.54	0.19761
1541.54	0.197795
1542.54	0.197977
1543.54	0.198162
1544.54	0.198345
1545.54	0.198537
1546.54	0.198719
1547.54	0.198891
1548.54	0.199066
1549.54	0.199238
1550.54	0.199414
1551.55	0.199592
1552.55	0.199764
1553.55	0.199949
1554.55	0.200124
1555.55	0.200299
1556.55	0.200476
1557.55	0.200638
1558.55	0.200819
1559.55	0.201001
1560.55	0.201176
1561.55	0.201357
1562.55	0.201524
1563.55	0.201698
1564.55	0.201871
1565.55	0.202051
1566.55	0.202231
1567.55	0.202399
1568.55	0.202561
1569.55	0.202734
1570.55	0.202894
1571.55	0.20306
1572.55	0.203219
1573.55	0.203376
1574.55	0.203537
1575.55	0.203701
1576.55	0.20388
1577.55	0.204048
1578.55	0.204207
1579.55	0.20438
1580.55	0.204547
1581.55	0.204711
1582.55	0.204876
1583.55	0.205029
1584.55	0.205186
1585.55	0.205342
1586.55	0.205516
1587.55	0.205698
1588.55	0.205874
1589.55	0.206036
1590.55	0.206197
1591.55	0.20636
1592.55	0.206533
1593.55	0.206682
1594.55	0.206844
1595.55	0.206991
1596.55	0.207146
1597.55	0.207302
1598.55	0.207467
1599.55	0.207628
1600.55	0.207784
1601.55	0.207936
1602.55	0.208089
1603.55	0.208252
1604.55	0.208412
1605.55	0.208582
1606.56	0.20874
1607.56	0.208894
1608.56	0.209061
1609.56	0.209217
1610.56	0.209368
1611.56	0.209521
1612.56	0.209678
1613.56	0.209838
1614.56	0.209989
1615.56	0.210164
1616.56	0.210311
1617.56	0.210467
1618.56	0.210621
1619.56	0.210777
1620.56	0.210934
1621.56	0.211075
1622.56	0.211226
1623.56	0.211373
1624.56	0.211521
1625.56	0.211669
1626.56	0.211827
1627.56	0.211983
1628.56	0.21213
1629.56	0.212286
1630.56	0.212438
1631.56	0.21259
1632.56	0.212745
1633.56	0.212902
1634.56	0.213047
1635.56	0.21319
1636.56	0.213344
1637.56	0.213497
1638.56	0.213642
1639.56	0.213796
1640.56	0.213944
1641.56	0.21409
1642.56	0.214246
1643.56	0.214393
1644.56	0.214552
1645.56	0.214714
1646.56	0.214861
1647.56	0.215012
1648.56	0.21515
1649.56	0.215288
1650.56	0.215427
1651.56	0.21557
1652.56	0.215714
1653.56	0.215864
1654.56	0.216016
1655.56	0.21616
1656.56	0.216313
1657.56	0.216455
1658.57	0.216601
1659.57	0.216746
1660.57	0.216887
1661.57	0.217049
1662.57	0.217193
1663.57	0.217347
1664.57	0.217481
1665.57	0.217627
1666.57	0.217775
1667.57	0.217916
1668.57	0.218063
1669.57	0.218212
1670.57	0.218364
1671.57	0.218509
1672.57	0.218657
1673.57	0.218805
1674.57	0.218954
1675.57	0.219096
1676.57	0.219248
1677.57	0.219398
1678.57	0.21955
1679.57	0.219706
1680.57	0.219861
1681.57	0.220011
1682.57	0.220166
1683.57	0.22032
1684.57	0.220479
1685.57	0.22062
1686.57	0.220768
1687.57	0.220901
1688.57	0.221048
1689.57	0.221198
1690.57	0.221334
1691.57	0.221484
1692.57	0.221619
1693.57	0.22175
1694.57	0.221908
1695.57	0.222054
1696.57	0.222193
1697.58	0.222335
1698.58	0.222489
1699.58	0.222628
1700.58	0.222767
1701.58	0.222911
1702.58	0.22305
1703.58	0.22319
1704.58	0.223334
1705.58	0.223471
1706.58	0.223617
1707.58	0.223757
1708.58	0.223898
1709.58	0.224041
1710.58	0.224177
1711.58	0.22431
1712.58	0.224453
1713.58	0.224582
1714.58	0.224726
1715.58	0.224865
1716.58	0.225003
1717.58	0.225134
1718.58	0.225271
1719.58	0.225413
1720.58	0.225552
1721.58	0.225687
1722.58	0.225812
1723.58	0.225953
1724.58	0.22609
1725.59	0.22622
1726.59	0.22636
1727.59	0.226485
1728.59	0.226634
1729.59	0.226774
1730.59	0.226902
1731.59	0.227037
1732.59	0.227179
1733.59	0.227316
1734.59	0.227454
1735.59	0.227591
1736.59	0.22772
1737.59	0.227861
1738.59	0.227993
1739.59	0.228129
1740.59	0.228266
1741.59	0.228405
1742.59	0.22854
1743.59	0.228678
1744.59	0.228812
1745.59	0.228945
1746.59	0.229072
1747.59	0.229207
1748.59	0.229337
1749.59	0.229472
1750.59	0.229606
1751.59	0.229743
1752.59	0.229871
1753.59	0.230005
1754.59	0.230143
1755.59	0.230279
1756.59	0.230416
1757.59	0.23055
1758.59	0.230684
1759.59	0.230823
1760.59	0.23095
1761.59	0.231083
1762.59	0.231208
1763.59	0.23133
1764.59	0.231456
1765.59	0.231585
1766.59	0.231709
1767.59	0.231846
1768.59	0.23198
1769.59	0.232111
1770.6	0.232236
1771.6	0.232368
1772.6	0.2325
1773.6	0.232628
1774.6	0.232758
1775.6	0.232891
1776.6	0.233025
1777.6	0.233156
1778.6	0.233286
1779.6	0.23342
1780.6	0.233554
1781.6	0.23368
1782.6	0.233801
1783.6	0.233928
1784.6	0.234057
1785.6	0.23419
1786.6	0.234323
1787.6	0.234449
1788.6	0.234577
1789.6	0.234696
1790.6	0.234821
1791.6	0.234945
1792.6	0.23508
1793.6	0.235207
1794.6	0.235325
1795.6	0.235449
1796.6	0.23557
1797.6	0.235697
1798.6	0.235824
1799.6	0.235951
1800.6	0.236073
1801.6	0.236208
1802.6	0.236339
1803.61	0.23646
1804.61	0.236581
1805.61	0.236701
1806.61	0.236826
1807.61	0.236947
1808.61	0.237079
1809.61	0.2372
1810.61	0.237326
1811.61	0.237454
1812.61	0.237583
1813.61	0.237693
1814.61	0.237815
1815.61	0.237946
1816.61	0.238076
1817.61	0.238196
1818.61	0.238322
1819.61	0.238449
1820.61	0.238572
1821.61	0.238698
1822.61	0.238829
1823.61	0.238943
1824.61	0.239071
1825.61	0.23919
1826.61	0.239312
1827.61	0.23945
1828.61	0.239574
1829.61	0.239702
1830.61	0.239827
1831.61	0.23996
1832.61	0.240079
1833.61	0.2402
1834.61	0.24032
1835.61	0.240439
1836.61	0.240558
1837.61	0.240684
1838.61	0.240809
1839.61	0.240933
1840.61	0.241061
1841.61	0.24118
1842.62	0.241302
1843.62	0.241421
1844.62	0.241547
1845.62	0.241679
1846.62	0.241805
1847.62	0.241926
1848.62	0.242051
1849.62	0.242163
1850.62	0.242282
1851.62	0.242401
1852.62	0.242519
1853.62	0.242636
1854.62	0.242765
1855.62	0.242885
1856.62	0.243014
1857.62	0.243131
1858.62	0.243242
1859.62	0.243364
1860.62	0.243487
1861.62	0.243608
1862.62	0.24374
1863.62	0.243855
1864.62	0.243979
1865.62	0.244109
1866.62	0.244228
1867.62	0.244355
1868.62	0.244472
1869.62	0.244588
1870.62	0.244709
1871.62	0.244835
1872.62	0.24496
1873.62	0.245081
1874.62	0.245211
1875.62	0.245336
1876.62	0.245465
1877.62	0.245581
1878.62	0.245698
1879.62	0.245815
1880.63	0.245937
1881.63	0.246055
1882.63	0.246174
1883.63	0.246298
1884.63	0.246422
1885.63	0.24655
1886.63	0.246669
1887.63	0.246796
1888.63	0.246913
1889.63	0.247033
1890.63	0.247153
1891.63	0.247271
1892.63	0.247386
1893.63	0.247502
1894.63	0.247616
1895.63	0.247738
1896.63	0.24786
1897.63	0.247984
1898.63	0.248102
1899.63	0.24821
1900.63	0.248322
1901.63	0.248437
1902.63	0.248549
1903.63	0.248661
1904.63	0.248779
1905.63	0.248893
1906.63	0.249009
1907.63	0.249134
1908.63	0.24925
1909.63	0.249364
1910.63	0.249485
1911.63	0.249602
1912.63	0.249724
1913.63	0.249838
1914.63	0.24995
1915.63	0.250073
1916.63	0.250188
1917.63	0.250309
1918.63	0.25042
1919.63	0.250517
1920.64	0.250633
1921.64	0.250752
1922.64	0.250869
1923.64	0.250983
1924.64	0.251102
1925.64	0.251208
1926.64	0.251322
1927.64	0.251427
1928.64	0.251541
1929.64	0.251652
1930.64	0.251766
1931.64	0.251883
1932.64	0.251998
1933.64	0.252107
1934.64	0.252233
1935.64	0.252336
1936.64	0.252446
1937.64	0.252561
1938.64	0.252677
1939.64	0.252793
1940.64	0.252916
1941.64	0.253028
1942.64	0.253148
1943.64	0.253263
1944.64	0.253382
1945.64	0.253498
1946.65	0.253604
1947.65	0.253712
1948.65	0.253828
1949.65	0.253943
1950.65	0.254051
1951.65	0.254167
1952.65	0.254279
1953.65	0.254395
1954.65	0.254503
1955.65	0.254619
1956.65	0.254737
1957.65	0.254853
1958.65	0.254959
1959.65	0.255069
1960.65	0.255183
1961.65	0.255293
1962.65	0.255403
1963.65	0.255513
1964.65	0.255628
1965.65	0.255742
1966.65	0.255854
1967.65	0.255966
1968.65	0.256067
1969.65	0.256176
1970.65	0.256285
1971.65	0.256394
1972.66	0.256499
1973.66	0.256617
1974.66	0.256722
1975.66	0.25683
1976.66	0.256939
1977.66	0.257056
1978.66	0.25717
1979.66	0.257283
1980.66	0.257393
1981.66	0.257502
1982.66	0.257617
1983.66	0.257722
1984.66	0.257825
1985.66	0.257933
1986.66	0.258047
1987.66	0.258169
1988.66	0.258278
1989.66	0.258389
1990.66	0.258501
1991.66	0.258611
1992.66	0.258718
1993.66	0.258831
1994.66	0.258936
1995.66	0.259047
1996.66	0.259163
1997.66	0.259266
1998.66	0.259368
1999.66	0.259473
2000.66	0.259622
2001.66	0.259785
2002.66	0.259959
2003.66	0.260145
2004.66	0.260325
2005.66	0.260498
2006.66	0.260674
2007.66	0.260865
2008.66	0.261044
2009.67	0.261231
2010.67	0.261424
2011.67	0.261597
2012.67	0.261763
2013.67	0.261945
2014.67	0.26211
2015.67	0.262295
2016.67	0.26247
2017.67	0.262651
2018.67	0.262844
2019.67	0.263004
2020.67	0.263177
2021.67	0.263359
2022.67	0.263533
2023.67	0.263716
2024.67	0.263892
2025.67	0.264059
2026.67	0.264226
2027.67	0.264401
2028.67	0.26458
2029.67	0.264753
2030.67	0.264932
2031.67	0.265116
2032.67	0.265297
2033.67	0.265467
2034.67	0.265638
2035.67	0.265809
2036.67	0.265981
2037.67	0.266151
2038.67	0.266317
2039.67	0.266492
2040.67	0.26667
2041.67	0.266843
2042.67	0.267005
2043.67	0.267181
2044.67	0.267363
2045.67	0.26753
2046.67	0.267704
2047.67	0.267876
2048.67	0.268044
2049.67	0.268204
2050.67	0.268369
2051.67	0.268536
2052.67	0.268702
2053.67	0.268873
2054.67	0.269041
2055.67	0.269211
2056.67	0.269369
2057.67	0.269533
2058.67	0.269701
2059.67	0.269877
2060.67	0.270037
2061.67	0.270203
2062.67	0.270376
2063.67	0.270536
2064.67	0.270704
2065.68	0.27088
2066.68	0.271051
2067.68	0.271219
2068.68	0.271373
2069.68	0.271529
2070.68	0.271698
2071.68	0.271858
2072.68	0.272027
2073.68	0.272193
2074.68	0.27235
2075.68	0.272511
2076.68	0.272663
2077.68	0.272821
2078.68	0.272982
2079.68	0.273129
2080.68	0.273289
2081.68	0.273452
2082.68	0.273614
2083.68	0.273781
2084.68	0.273936
2085.68	0.274096
2086.68	0.274259
2087.68	0.27442
2088.68	0.274578
2089.68	0.274732
2090.68	0.274889
2091.68	0.275045
2092.68	0.275205
2093.68	0.275363
2094.68	0.275513
2095.68	0.275664
2096.68	0.275818
2097.68	0.275976
2098.68	0.276126
2099.68	0.276275
2100.68	0.276427
2101.68	0.276584
2102.68	0.276741
2103.68	0.276899
2104.68	0.277061
2105.68	0.277216
2106.68	0.277362
2107.69	0.27751
2108.69	0.277652
2109.69	0.277807
2110.69	0.277963
2111.69	0.278121
2112.69	0.278269
2113.69	0.278415
2114.69	0.278566
2115.69	0.278719
2116.69	0.27887
2117.69	0.279028
2118.69	0.279177
2119.69	0.279337
2120.69	0.279491
2121.69	0.279646
2122.69	0.279796
2123.69	0.279945
2124.69	0.280097
2125.69	0.280242
2126.69	0.280391
2127.69	0.280541
2128.69	0.280704
2129.69	0.280847
2130.69	0.281007
2131.69	0.281158
2132.69	0.28131
2133.69	0.281468
2134.69	0.281624
2135.69	0.281769
2136.69	0.281915
2137.69	0.282066
2138.69	0.282217
2139.69	0.28237
2140.69	0.282518
2141.69	0.282668
2142.69	0.282817
2143.69	0.282974
2144.69	0.283121
2145.69	0.283261
2146.69	0.283403
2147.69	0.283557
2148.69	0.283709
2149.69	0.28386
2150.69	0.28401
2151.69	0.284143
2152.69	0.284281
2153.69	0.28442
2154.69	0.284567
2155.69	0.284707
2156.69	0.284855
2157.69	0.284992
2158.69	0.285141
2159.69	0.285285
2160.69	0.285431
2161.69	0.285576
2162.69	0.28572
2163.69	0.285869
2164.69	0.28601
2165.69	0.286158
2166.69	0.286304
2167.69	0.286442
2168.69	0.286597
2169.69	0.286741
2170.69	0.286883
2171.69	0.287026
2172.69	0.287162
2173.69	0.287315
2174.69	0.287462
2175.69	0.287597
2176.69	0.287736
2177.69	0.287876
2178.69	0.28802
2179.7	0.288153
2180.7	0.288287
2181.7	0.288427
2182.7	0.288577
2183.7	0.288721
2184.7	0.288867
2185.7	0.28901
2186.7	0.289146
2187.7	0.289289
2188.7	0.289429
2189.7	0.289564
2190.7	0.289692
2191.7	0.289837
2192.7	0.289987
2193.7	0.290108
2194.7	0.290239
2195.7	0.290379
2196.7	0.29051
2197.7	0.29066
2198.7	0.290799
2199.7	0.290937
2200.7	0.291078
2201.7	0.291221
2202.7	0.291355
2203.7	0.291495
2204.7	0.291641
2205.7	0.291793
2206.7	0.291918
2207.7	0.29205
2208.7	0.292186
2209.7	0.292321
2210.7	0.292469
2211.7	0.292616
2212.7	0.29275
2213.7	0.292893
2214.7	0.293034
2215.7	0.293168
2216.7	0.293306
2217.7	0.293452
2218.7	0.293592
2219.7	0.293723
2220.7	0.293854
2221.7	0.293977
2222.7	0.294106
2223.7	0.294242
2224.7	0.294377
2225.7	0.294515
2226.7	0.294652
2227.7	0.294786
2228.7	0.294933
2229.7	0.295069
2230.7	0.295196
2231.7	0.295321
2232.7	0.295449
2233.7	0.295581
2234.7	0.29571
2235.7	0.295845
2236.7	0.295977
2237.7	0.296117
2238.71	0.296249
2239.71	0.296381
2240.71	0.296511
2241.71	0.296641
2242.71	0.296775
2243.71	0.296909
2244.71	0.297037
2245.71	0.297178
2246.71	0.29731
2247.71	0.297438
2248.71	0.297571
2249.71	0.297704
2250.71	0.297831
2251.71	0.297961
2252.71	0.298091
2253.71	0.298211
2254.71	0.298343
2255.71	0.29847
2256.71	0.2986
2257.71	0.298737
2258.71	0.298863
2259.71	0.298996
2260.71	0.299123
2261.71	0.299255
2262.71	0.299378
2263.71	0.299512
2264.71	0.299637
2265.71	0.299768
2266.71	0.299908
2267.71	0.300037
2268.71	0.300174
2269.71	0.300303
2270.71	0.300425
2271.71	0.300551
2272.71	0.300684
2273.71	0.300806
2274.71	0.300927
2275.71	0.301059
2276.71	0.301185
2277.71	0.301309
2278.71	0.301435
2279.71	0.301551
2280.71	0.301675
2281.71	0.301794
2282.71	0.301917
2283.71	0.302037
2284.71	0.302166
2285.71	0.302295
2286.71	0.302413
2287.71	0.302544
2288.71	0.302678
2289.71	0.302804
2290.71	0.302935
2291.71	0.303066
2292.71	0.30319
2293.72	0.30331
2294.72	0.303429
2295.72	0.303547
2296.72	0.303671
2297.72	0.303793
2298.72	0.30392
2299.72	0.30404
2300.72	0.304161
2301.72	0.304279
2302.72	0.304408
2303.72	0.304531
2304.72	0.304654
2305.72	0.304777
2306.72	0.304903
2307.72	0.305027
2308.72	0.305148
2309.72	0.30527
2310.72	0.305398
2311.72	0.305526
2312.72	0.305655
2313.72	0.305782
2314.72	0.305902
2315.72	0.306025
2316.72	0.306151
2317.72	0.306271
2318.72	0.306397
2319.72	0.306524
2320.72	0.306643
2321.72	0.306765
2322.72	0.306893
2323.72	0.307018
2324.72	0.307137
2325.72	0.307258
2326.72	0.307386
2327.72	0.307512
2328.72	0.307637
2329.72	0.307761
2330.72	0.307881
2331.72	0.308005
2332.72	0.308134
2333.72	0.308255
2334.72	0.308371
2335.72	0.308494
2336.72	0.308619
2337.72	0.308744
2338.72	0.308864
2339.72	0.308986
2340.72	0.309105
2341.72	0.309228
2342.72	0.309354
2343.72	0.309466
2344.72	0.309588
2345.72	0.309705
2346.72	0.309816
2347.73	0.309937
2348.73	0.31006
2349.73	0.310172
2350.73	0.310292
2351.73	0.310412
2352.73	0.310535
2353.73	0.31066
2354.73	0.310791
2355.73	0.310915
2356.73	0.311033
2357.73	0.311146
2358.73	0.311263
2359.73	0.311386
2360.73	0.311505
2361.73	0.311629
2362.73	0.311762
2363.73	0.311877
2364.73	0.311998
2365.73	0.312112
2366.73	0.312224
2367.73	0.312341
2368.73	0.312458
2369.73	0.312575
2370.73	0.312705
2371.73	0.312826
2372.73	0.312947
2373.73	0.313073
2374.73	0.313193
2375.73	0.313312
2376.73	0.313431
2377.73	0.313553
2378.73	0.313669
2379.73	0.313794
2380.73	0.313918
2381.73	0.314033
2382.73	0.314147
2383.73	0.314275
2384.73	0.314402
2385.73	0.314517
2386.73	0.314635
2387.73	0.314754
2388.73	0.314875
2389.73	0.314998
2390.73	0.315115
2391.73	0.315227
2392.73	0.315336
2393.73	0.315458
2394.73	0.315577
2395.73	0.315698
2396.74	0.315809
2397.74	0.315933
2398.74	0.31605
2399.74	0.31617
2400.74	0.316278
2401.74	0.316388
2402.74	0.316506
2403.74	0.31663
2404.74	0.316752
2405.74	0.316859
2406.74	0.316983
2407.74	0.317094
2408.74	0.317207
2409.74	0.317325
2410.74	0.317431
2411.74	0.317546
2412.74	0.31766
2413.74	0.317781
2414.74	0.317898
2415.74	0.318015
2416.74	0.31814
2417.74	0.318259
2418.74	0.318375
2419.74	0.318494
2420.74	0.3186
2421.74	0.318712
2422.74	0.318824
2423.74	0.318937
2424.74	0.319049
2425.74	0.319163
2426.74	0.319279
2427.74	0.319395
2428.74	0.319509
2429.74	0.319623
2430.74	0.319736
2431.74	0.31985
2432.74	0.319968
2433.74	0.32008
2434.74	0.3202
2435.74	0.320319
2436.74	0.320441
2437.74	0.320562
2438.74	0.320674
2439.74	0.320786
2440.74	0.320906
2441.74	0.321014
2442.74	0.321128
2443.74	0.321235
2444.74	0.321348
2445.74	0.32146
2446.74	0.321571
2447.74	0.321678
2448.74	0.321783
2449.74	0.321891
2450.74	0.322003
2451.74	0.322116
2452.74	0.322228
2453.74	0.322338
2454.74	0.322452
2455.74	0.322554
2456.74	0.322666
2457.74	0.322771
2458.74	0.322883
2459.74	0.322996
2460.74	0.323103
2461.74	0.323218
2462.74	0.323322
2463.74	0.323434
2464.74	0.323537
2465.75	0.323648
2466.75	0.323763
2467.75	0.323875
2468.75	0.323982
2469.75	0.324098
2470.75	0.324209
2471.75	0.324325
2472.75	0.324433
2473.75	0.324539
2474.75	0.32465
2475.75	0.324762
2476.75	0.324878
2477.75	0.324977
2478.75	0.325077
2479.75	0.325196
2480.75	0.325308
2481.75	0.325408
2482.75	0.325525
2483.75	0.325633
2484.75	0.325743
2485.75	0.325848
2486.75	0.325958
2487.75	0.326071
2488.75	0.326182
2489.75	0.32629
2490.75	0.326392
2491.75	0.326503
2492.75	0.326617
2493.75	0.32673
2494.75	0.326837
2495.75	0.32694
2496.75	0.327047
2497.75	0.327152
2498.75	0.327253
2499.75	0.327357
2500.75	0.327504
2501.75	0.327665
2502.75	0.327826
2503.75	0.327992
2504.75	0.328154
2505.75	0.328315
2506.75	0.328471
2507.75	0.328637
2508.75	0.328809
2509.75	0.328967
2510.75	0.329123
2511.75	0.329285
2512.75	0.329452
2513.75	0.329609
2514.75	0.329778
2515.75	0.329937
2516.75	0.330094
2517.75	0.330255
2518.75	0.330416
2519.75	0.330582
2520.75	0.33075
2521.75	0.330911
2522.75	0.331069
2523.75	0.331233
2524.75	0.331391
2525.75	0.331551
2526.75	0.331701
2527.75	0.33185
2528.75	0.332015
2529.75	0.332171
2530.75	0.332344
2531.75	0.332507
2532.75	0.332655
2533.75	0.332809
2534.75	0.332961
2535.76	0.333127
2536.76	0.333285
2537.76	0.333447
2538.76	0.333599
2539.76	0.333747
2540.76	0.333909
2541.76	0.334064
2542.76	0.334217
2543.76	0.334373
2544.76	0.334526
2545.76	0.334679
2546.76	0.334833
2547.76	0.33499
2548.76	0.335139
2549.76	0.335299
2550.76	0.335453
2551.76	0.335606
2552.76	0.335756
2553.76	0.335904
2554.76	0.336054
2555.76	0.336209
2556.76	0.336366
2557.76	0.336532
2558.76	0.336679
2559.76	0.336828
2560.76	0.336987
2561.76	0.337142
2562.76	0.33729
2563.76	0.337444
2564.76	0.337597
2565.76	0.337739
2566.76	0.33789
2567.76	0.338041
2568.76	0.338207
2569.76	0.338365
2570.76	0.338514
2571.76	0.338662
2572.76	0.338811
2573.76	0.338972
2574.76	0.33912
2575.76	0.33927
2576.76	0.339408
2577.76	0.339563
2578.76	0.33972
2579.76	0.339868
2580.76	0.340015
2581.76	0.340161
2582.76	0.340313
2583.76	0.340464
2584.76	0.340622
2585.76	0.340774
2586.76	0.340921
2587.76	0.341072
2588.76	0.341223
2589.76	0.34137
2590.76	0.34152
2591.76	0.341662
2592.76	0.341814
2593.76	0.341964
2594.76	0.34212
2595.76	0.342269
2596.76	0.342419
2597.76	0.342564
2598.76	0.342707
2599.76	0.342852
2600.76	0.34299
2601.76	0.34314
2602.76	0.343286
2603.76	0.34343
2604.76	0.343575
2605.76	0.343711
2606.76	0.343849
2607.76	0.343993
2608.76	0.344135
2609.76	0.344282
2610.76	0.344421
2611.76	0.344564
2612.76	0.344712
2613.76	0.344865
2614.76	0.345015
2615.76	0.345159
2616.76	0.345298
2617.76	0.345446
2618.76	0.345594
2619.76	0.345728
2620.76	0.345875
2621.76	0.346017
2622.76	0.346159
2623.76	0.346301
2624.76	0.346437
2625.76	0.346573
2626.76	0.346715
2627.76	0.346856
2628.76	0.347003
2629.76	0.347149
2630.76	0.347281
2631.76	0.347427
2632.76	0.347576
2633.77	0.347727
2634.77	0.347858
2635.77	0.348005
2636.77	0.348146
2637.77	0.34828
2638.77	0.348411
2639.77	0.34855
2640.77	0.34868
2641.77	0.348818
2642.77	0.348962
2643.77	0.349103
2644.77	0.34925
2645.77	0.349386
2646.77	0.349517
2647.77	0.349655
2648.77	0.349791
2649.77	0.349927
2650.77	0.35005
2651.77	0.350194
2652.77	0.350329
2653.77	0.350471
2654.77	0.350619
2655.77	0.350748
2656.77	0.35089
2657.77	0.351029
2658.77	0.351169
2659.77	0.351307
2660.77	0.351439
2661.77	0.351573
2662.77	0.351717
2663.77	0.35185
2664.77	0.351988
2665.77	0.352117
2666.77	0.352253
2667.77	0.352385
2668.77	0.352524
2669.77	0.352661
2670.77	0.352795
2671.77	0.352934
2672.77	0.353077
2673.77	0.353212
2674.77	0.353355
2675.77	0.353491
2676.77	0.353629
2677.77	0.353772
2678.77	0.353909
2679.77	0.35405
2680.77	0.35418
2681.77	0.354317
2682.77	0.354456
2683.77	0.354584
2684.77	0.35471
2685.77	0.354841
2686.77	0.354975
2687.77	0.355106
2688.77	0.355239
2689.77	0.355365
2690.77	0.355497
2691.77	0.355633
2692.77	0.35576
2693.77	0.355896
2694.77	0.356025
2695.77	0.356161
2696.77	0.356296
2697.77	0.356431
2698.77	0.356569
2699.77	0.356703
2700.77	0.356837
2701.77	0.356968
2702.77	0.357101
2703.77	0.357237
2704.77	0.357374
2705.77	0.357511
2706.77	0.35764
2707.77	0.35778
2708.77	0.357915
2709.77	0.358048
2710.77	0.358185
2711.77	0.358321
2712.77	0.35844
2713.77	0.35857
2714.77	0.35871
2715.77	0.358833
2716.77	0.35896
2717.77	0.359094
2718.77	0.359226
2719.77	0.359367
2720.77	0.359497
2721.77	0.359623
2722.77	0.359752
2723.77	0.359884
2724.78	0.360007
2725.78	0.36013
2726.78	0.360253
2727.78	0.360382
2728.78	0.360511
2729.78	0.360636
2730.78	0.360768
2731.78	0.3609
2732.78	0.361028
2733.78	0.361154
2734.78	0.361276
2735.78	0.361399
2736.78	0.361524
2737.78	0.361658
2738.78	0.361794
2739.78	0.361927
2740.78	0.362053
2741.78	0.362172
2742.78	0.362302
2743.78	0.362436
2744.78	0.362566
2745.78	0.362702
2746.78	0.362838
2747.78	0.362958
2748.78	0.363089
2749.78	0.363217
2750.78	0.363346
2751.78	0.363474
2752.78	0.363596
2753.78	0.363727
2754.78	0.36385
2755.78	0.363971
2756.78	0.364092
2757.78	0.364214
2758.78	0.364339
2759.78	0.364465
2760.78	0.364592
2761.78	0.364716
2762.78	0.364839
2763.78	0.364965
2764.78	0.365091
2765.78	0.36522
2766.78	0.365351
2767.78	0.365476
2768.78	0.365604
2769.78	0.365734
2770.78	0.365855
2771.78	0.365983
2772.78	0.366107
2773.78	0.366224
2774.78	0.366348
2775.78	0.366468
2776.78	0.366584
2777.78	0.366709
2778.78	0.366833
2779.78	0.366966
2780.78	0.367087
2781.78	0.367211
2782.78	0.367335
2783.78	0.367458
2784.78	0.367577
2785.78	0.367701
2786.78	0.367831
2787.78	0.367949
2788.78	0.368071
2789.78	0.368198
2790.78	0.368323
2791.78	0.368444
2792.78	0.368562
2793.78	0.36868
2794.78	0.368806
2795.78	0.368934
2796.78	0.369062
2797.79	0.369183
2798.79	0.3693
2799.79	0.369427
2800.79	0.369541
2801.79	0.369664
2802.79	0.369784
2803.79	0.36991
2804.79	0.370029
2805.79	0.370149
2806.79	0.370273
2807.79	0.370398
2808.79	0.370524
2809.79	0.37064
2810.79	0.370756
2811.79	0.370866
2812.79	0.370996
2813.79	0.37111
2814.79	0.371228
2815.79	0.371353
2816.79	0.371474
2817.79	0.37159
2818.79	0.371718
2819.79	0.371832
2820.79	0.371952
2821.79	0.372063
2822.79	0.372179
2823.79	0.372297
2824.79	0.372414
2825.79	0.37253
2826.79	0.372649
2827.79	0.372763
2828.79	0.372875
2829.79	0.372995
2830.79	0.373112
2831.79	0.37323
2832.79	0.373345
2833.79	0.373462
2834.79	0.373575
2835.79	0.373703
2836.79	0.373822
2837.79	0.373933
2838.79	0.374047
2839.79	0.374173
2840.79	0.374294
2841.79	0.374412
2842.79	0.374525
2843.79	0.374644
2844.79	0.374752
2845.79	0.374855
2846.79	0.374976
2847.79	0.37509
2848.79	0.375202
2849.79	0.375319
2850.79	0.375435
2851.79	0.375548
2852.79	0.375667
2853.79	0.375779
2854.79	0.375892
2855.79	0.376007
2856.79	0.376123
2857.79	0.37623
2858.79	0.376347
2859.79	0.376468
2860.79	0.376579
2861.79	0.376704
2862.79	0.376828
2863.79	0.376937
2864.79	0.377045
2865.79	0.377163
2866.79	0.377277
2867.79	0.377394
2868.79	0.377503
2869.79	0.377618
2870.79	0.377735
2871.79	0.377855
2872.79	0.377976
2873.79	0.378094
2874.8	0.378211
2875.8	0.378323
2876.8	0.37844
2877.8	0.378554
2878.8	0.378666
2879.8	0.378779
2880.8	0.378902
2881.8	0.379012
2882.8	0.379116
2883.8	0.379235
2884.8	0.379343
2885.8	0.379455
2886.8	0.379578
2887.8	0.379691
2888.8	0.379807
2889.8	0.379922
2890.8	0.380039
2891.8	0.380145
2892.8	0.38026
2893.8	0.380372
2894.8	0.380484
2895.8	0.380596
2896.8	0.380717
2897.8	0.380829
2898.8	0.380944
2899.8	0.381057
2900.8	0.381171
2901.8	0.381282
2902.8	0.381392
2903.8	0.381495
2904.8	0.381608
2905.8	0.381729
2906.8	0.38184
2907.8	0.381949
2908.8	0.382055
2909.8	0.382163
2910.8	0.382272
2911.8	0.382383
2912.8	0.382497
2913.8	0.382611
2914.8	0.382723
2915.8	0.382834
2916.8	0.382943
2917.8	0.383056
2918.8	0.383162
2919.8	0.383268
2920.8	0.383375
2921.8	0.383485
2922.8	0.383599
2923.8	0.383717
2924.8	0.383834
2925.8	0.38394
2926.8	0.38405
2927.8	0.38416
2928.8	0.384268
2929.8	0.384379
2930.8	0.38449
2931.8	0.384598
2932.8	0.384712
2933.8	0.384818
2934.8	0.384923
2935.8	0.385037
2936.8	0.385147
2937.8	0.385254
2938.8	0.385366
2939.8	0.38547
2940.8	0.385579
2941.81	0.385682
2942.81	0.385797
2943.81	0.385906
2944.81	0.38601
2945.81	0.386119
2946.81	0.386224
2947.81	0.386334
2948.81	0.386436
2949.81	0.386543
2950.81	0.386652
2951.81	0.386759
2952.81	0.386863
2953.81	0.386967
2954.81	0.387076
2955.81	0.387179
2956.81	0.387288
2957.81	0.387405
2958.81	0.387513
2959.81	0.387619
2960.81	0.387727
2961.81	0.387834
2962.81	0.387941
2963.81	0.38806
2964.81	0.388168
2965.81	0.38827
2966.81	0.388381
2967.81	0.388497
2968.81	0.388601
2969.81	0.38871
2970.81	0.388823
2971.81	0.388926
2972.81	0.38903
2973.81	0.389137
2974.81	0.389249
2975.81	0.389355
2976.81	0.389462
2977.81	0.389571
2978.81	0.389681
2979.81	0.389786
2980.81	0.389891
2981.81	0.390004
2982.81	0.390109
2983.81	0.390219
2984.81	0.390318
2985.81	0.390424
2986.81	0.390534
2987.81	0.390639
2988.81	0.390748
2989.81	0.390854
2990.81	0.390953
2991.81	0.391057
2992.81	0.391169
2993.81	0.391271
2994.81	0.391376
2995.81	0.391477
2996.81	0.391589
2997.81	0.391695
2998.81	0.3918
2999.81	0.391901
3000.81	0.392048
3001.81	0.392197
3002.81	0.392346
3003.81	0.392492
3004.81	0.392645
3005.81	0.392795
3006.81	0.392945
3007.81	0.393101
3008.81	0.393246
3009.81	0.393389
3010.81	0.393542
3011.81	0.393693
3012.81	0.393834
3013.81	0.393978
3014.81	0.39413
3015.81	0.394274
3016.81	0.394416
3017.81	0.394569
3018.81	0.394717
3019.81	0.394862
3020.81	0.395011
3021.81	0.39515
3022.81	0.395296
3023.81	0.395454
3024.81	0.395614
3025.81	0.395766
3026.81	0.39591
3027.81	0.396069
3028.81	0.396212
3029.81	0.396365
3030.81	0.396509
3031.81	0.396652
3032.81	0.3968
3033.81	0.396941
3034.81	0.39708
3035.81	0.397235
3036.81	0.397379
3037.81	0.397533
3038.82	0.397677
3039.82	0.397819
3040.82	0.397955
3041.82	0.398095
3042.82	0.39824
3043.82	0.398388
3044.82	0.398535
3045.82	0.398682
3046.82	0.39882
3047.82	0.398961
3048.82	0.399108
3049.82	0.399253
3050.82	0.399404
3051.82	0.399556
3052.82	0.3997
3053.82	0.399832
3054.82	0.399972
3055.82	0.400114
3056.82	0.400259
3057.82	0.400404
3058.82	0.400551
3059.82	0.400697
3060.82	0.400841
3061.82	0.400986
3062.82	0.40112
3063.82	0.401268
3064.82	0.401414
3065.82	0.401554
3066.82	0.401695
3067.82	0.401838
3068.82	0.401987
3069.82	0.402128
3070.82	0.402265
3071.82	0.402405
3072.82	0.402551
3073.82	0.402691
3074.82	0.402829
3075.82	0.402971
3076.82	0.403116
3077.82	0.403262
3078.82	0.403397
3079.82	0.403527
3080.82	0.403671
3081.82	0.403816
3082.82	0.403963
3083.82	0.404106
3084.82	0.404246
3085.82	0.404395
3086.82	0.404528
3087.82	0.404669
3088.82	0.404804
3089.82	0.404952
3090.82	0.405084
3091.82	0.40522
3092.82	0.40536
3093.82	0.405505
3094.82	0.40564
3095.82	0.405776
3096.82	0.405909
3097.82	0.406052
3098.82	0.406178
3099.82	0.406302
3100.82	0.406438
3101.82	0.406568
3102.82	0.406692
3103.82	0.406832
3104.82	0.406969
3105.82	0.4071
3106.82	0.407238
3107.82	0.407371
3108.82	0.407509
3109.82	0.407643
3110.82	0.407773
3111.82	0.407902
3112.82	0.408038
3113.82	0.408168
3114.82	0.408298
3115.82	0.408426
3116.82	0.408561
3117.82	0.408684
3118.82	0.408816
3119.82	0.408948
3120.82	0.409088
3121.82	0.409216
3122.82	0.409355
3123.82	0.40948
3124.82	0.409612
3125.82	0.409742
3126.82	0.409876
3127.82	0.410005
3128.82	0.410138
3129.82	0.410272
3130.82	0.410409
3131.82	0.41054
3132.82	0.410663
3133.82	0.410798
3134.82	0.410929
3135.82	0.411059
3136.82	0.411194
3137.82	0.411323
3138.82	0.411463
3139.83	0.411596
3140.83	0.411725
3141.83	0.411857
3142.83	0.411984
3143.83	0.41211
3144.83	0.412235
3145.83	0.412361
3146.83	0.412492
3147.83	0.412621
3148.83	0.412747
3149.83	0.412873
3150.83	0.412995
3151.83	0.41312
3152.83	0.413234
3153.83	0.413357
3154.83	0.413485
3155.83	0.413618
3156.83	0.413742
3157.83	0.413874
3158.83	0.414003
3159.83	0.414122
3160.83	0.414253
3161.83	0.414378
3162.83	0.414502
3163.83	0.41464
3164.83	0.414759
3165.83	0.414887
3166.83	0.415016
3167.83	0.415141
3168.83	0.415267
3169.83	0.415387
3170.83	0.415515
3171.83	0.41564
3172.83	0.415761
3173.83	0.41589
3174.83	0.416008
3175.83	0.416134
3176.83	0.416249
3177.83	0.416384
3178.83	0.416519
3179.83	0.416648
3180.83	0.416777
3181.83	0.416899
3182.83	0.417023
3183.83	0.417133
3184.83	0.417259
3185.83	0.417382
3186.83	0.417499
3187.83	0.41763
3188.83	0.417756
3189.83	0.41788
3190.83	0.418012
3191.83	0.41814
3192.83	0.418273
3193.83	0.418396
3194.83	0.418514
3195.83	0.418639
3196.83	0.41876
3197.83	0.418881
3198.83	0.419001
3199.83	0.419125
3200.83	0.419253
3201.83	0.419379
3202.83	0.419499
3203.83	0.419624
3204.83	0.419741
3205.83	0.419868
3206.83	0.419991
3207.83	0.420115
3208.83	0.420243
3209.83	0.420367
3210.83	0.420491
3211.83	0.420618
3212.83	0.420745
3213.83	0.420867
3214.83	0.420991
3215.83	0.421113
3216.83	0.421233
3217.83	0.421353
3218.83	0.421481
3219.83	0.421599
3220.83	0.421719
3221.83	0.421835
3222.83	0.421956
3223.83	0.422077
3224.83	0.422208
3225.83	0.422325
3226.83	0.422444
3227.83	0.422565
3228.83	0.422675
3229.83	0.422802
3230.83	0.422913
3231.83	0.423031
3232.83	0.423152
3233.83	0.423276
3234.83	0.423404
3235.83	0.423521
3236.83	0.423645
3237.83	0.423758
3238.83	0.423883
3239.83	0.423999
3240.83	0.424112
3241.83	0.424235
3242.83	0.424349
3243.83	0.424467
3244.83	0.424587
3245.83	0.424705
3246.84	0.424831
3247.84	0.424945
3248.84	0.425065
3249.84	0.425177
3250.84	0.425298
3251.84	0.425415
3252.84	0.425531
3253.84	0.425654
3254.84	0.425775
3255.84	0.425883
3256.84	0.425998
3257.84	0.426126
3258.84	0.426244
3259.84	0.426362
3260.84	0.426485
3261.84	0.426607
3262.84	0.426725
3263.84	0.426842
3264.84	0.426962
3265.84	0.427076
3266.84	0.427193
3267.84	0.427311
3268.84	0.427421
3269.84	0.427538
3270.84	0.427659
3271.84	0.427776
3272.84	0.427891
3273.84	0.428002
3274.84	0.42812
3275.84	0.428236
3276.84	0.428349
3277.84	0.428468
3278.84	0.428579
3279.84	0.428693
3280.84	0.428802
3281.84	0.428916
3282.84	0.429023
3283.84	0.429136
3284.84	0.42925
3285.84	0.429358
3286.84	0.429477
3287.84	0.429595
3288.84	0.429718
3289.84	0.429834
3290.84	0.429951
3291.84	0.430083
3292.84	0.430198
3293.84	0.430315
3294.84	0.430429
3295.84	0.430543
3296.84	0.430652
3297.84	0.430763
3298.84	0.430875
3299.84	0.430987
3300.84	0.431112
3301.84	0.431223
3302.84	0.431338
3303.84	0.431457
3304.84	0.431575
3305.84	0.431682
3306.84	0.431798
3307.84	0.431912
3308.84	0.432024
3309.84	0.432134
3310.84	0.432243
3311.84	0.432348
3312.84	0.432462
3313.84	0.432565
3314.84	0.432676
3315.84	0.432784
3316.84	0.43289
3317.84	0.432994
3318.84	0.433108
3319.84	0.433225
3320.84	0.433338
3321.84	0.433455
3322.84	0.433564
3323.84	0.433673
3324.84	0.433792
3325.84	0.433901
3326.84	0.434011
3327.84	0.434117
3328.84	0.434224
3329.84	0.43434
3330.84	0.434454
3331.84	0.434562
3332.84	0.434667
3333.84	0.43478
3334.84	0.434891
3335.84	0.435001
3336.84	0.435105
3337.84	0.435224
3338.84	0.435332
3339.84	0.435435
3340.84	0.435543
3341.84	0.435664
3342.84	0.435771
3343.84	0.435883
3344.84	0.435995
3345.84	0.4361
3346.85	0.43621
3347.85	0.436313
3348.85	0.436425
3349.85	0.436536
3350.85	0.436645
3351.85	0.436746
3352.85	0.436859
3353.85	0.436962
3354.85	0.437074
3355.85	0.437183
3356.85	0.437286
3357.85	0.437397
3358.85	0.437508
3359.85	0.437618
3360.85	0.437726
3361.85	0.437834
3362.85	0.437942
3363.85	0.438054
3364.85	0.438162
3365.85	0.438279
3366.85	0.438381
3367.85	0.438492
3368.85	0.4386
3369.85	0.4387
3370.85	0.438807
3371.85	0.438916
3372.85	0.439014
3373.85	0.439123
3374.85	0.439227
3375.85	0.439331
3376.85	0.439431
3377.85	0.439538
3378.85	0.439643
3379.85	0.439749
3380.85	0.439854
3381.85	0.439963
3382.85	0.440073
3383.85	0.440176
3384.85	0.440288
3385.85	0.440388
3386.85	0.440493
3387.85	0.440596
3388.85	0.440707
3389.85	0.440813
3390.85	0.440919
3391.85	0.441029
3392.85	0.441136
3393.85	0.441248
3394.85	0.441355
3395.85	0.441462
3396.85	0.441573
3397.85	0.441675
3398.85	0.441778
3399.85	0.441887
3400.85	0.441991
3401.85	0.442104
3402.85	0.442209
3403.85	0.442323
3404.85	0.44243
3405.85	0.442537
3406.85	0.44264
3407.85	0.442739
3408.85	0.442854
3409.85	0.442961
3410.85	0.44306
3411.85	0.443161
3412.85	0.44327
3413.85	0.443364
3414.85	0.443468
3415.85	0.443566
3416.85	0.443675
3417.85	0.443782
3418.85	0.443886
3419.85	0.443986
3420.85	0.444091
3421.85	0.444193
3422.85	0.444303
3423.85	0.444405
3424.85	0.44451
3425.85	0.444617
3426.85	0.444723
3427.85	0.444833
3428.85	0.444938
3429.85	0.44504
3430.85	0.445143
3431.85	0.445252
3432.85	0.44535
3433.85	0.445451
3434.85	0.445556
3435.85	0.445659
3436.85	0.44576
3437.85	0.445866
3438.85	0.445973
3439.85	0.446069
3440.85	0.446166
3441.85	0.446273
3442.85	0.446375
3443.85	0.446468
3444.85	0.446575
3445.85	0.446674
3446.85	0.446778
3447.85	0.446888
3448.85	0.446992
3449.85	0.447093
3450.85	0.447197
3451.85	0.447303
3452.85	0.447405
3453.86	0.44751
3454.86	0.447616
3455.86	0.447713
3456.86	0.447814
3457.86	0.447914
3458.86	0.448015
3459.86	0.448115
3460.86	0.448221
3461.86	0.448323
3462.86	0.448428
3463.86	0.448529
3464.86	0.448639
3465.86	0.448737
3466.86	0.448835
3467.86	0.448939
3468.86	0.449035
3469.86	0.449131
3470.86	0.449226
3471.86	0.44933
3472.86	0.449433
3473.86	0.449531
3474.86	0.449631
3475.86	0.449738
3476.86	0.449847
3477.86	0.449945
3478.86	0.450039
3479.86	0.450138
3480.86	0.450233
3481.86	0.450328
3482.86	0.450422
3483.86	0.45052
3484.86	0.450611
3485.86	0.450703
3486.86	0.450803
3487.86	0.450902
3488.86	0.451007
3489.86	0.451109
3490.86	0.451207
3491.86	0.451303
3492.86	0.451401
3493.86	0.4515
3494.86	0.451605
3495.86	0.4517
3496.86	0.451799
3497.86	0.451891
3498.86	0.451987
3499.86	0.452095
3500.86	0.452228
3501.86	0.452367
3502.86	0.452495
3503.86	0.452635
3504.86	0.452766
3505.86	0.452898
3506.86	0.453029
3507.86	0.453157
3508.86	0.4533
3509.86	0.453437
3510.86	0.453575
3511.86	0.453717
3512.86	0.453851
3513.86	0.453986
3514.86	0.45412
3515.86	0.45426
3516.86	0.454387
3517.86	0.454521
3518.86	0.454657
3519.86	0.454785
3520.86	0.454922
3521.86	0.455061
3522.86	0.455194
3523.86	0.455323
3524.86	0.455452
3525.86	0.455577
3526.86	0.455707
3527.86	0.45585
3528.86	0.455977
3529.86	0.456113
3530.86	0.456244
3531.86	0.456374
3532.86	0.456504
3533.86	0.456643
3534.86	0.456777
3535.86	0.456903
3536.86	0.457036
3537.86	0.457175
3538.86	0.45731
3539.86	0.457435
3540.86	0.457566
3541.86	0.457698
3542.86	0.457836
3543.86	0.457969
3544.86	0.458109
3545.86	0.458253
3546.86	0.45838
3547.86	0.458523
3548.86	0.458645
3549.86	0.458772
3550.86	0.458897
3551.86	0.459026
3552.86	0.459154
3553.86	0.459287
3554.86	0.459413
3555.86	0.459537
3556.86	0.459663
3557.86	0.459792
3558.86	0.459929
3559.86	0.460061
3560.86	0.460186
3561.86	0.460313
3562.86	0.460448
3563.86	0.460577
3564.86	0.460711
3565.86	0.46083
3566.86	0.460956
3567.86	0.461086
3568.86	0.46122
3569.86	0.461343
3570.86	0.461476
3571.86	0.461607
3572.86	0.461728
3573.86	0.461855
3574.86	0.461976
3575.86	0.462105
3576.86	0.462233
3577.86	0.462368
3578.86	0.462493
3579.86	0.462623
3580.86	0.462746
3581.86	0.462874
3582.86	0.463005
3583.86	0.463132
3584.86	0.463257
3585.86	0.463376
3586.86	0.463502
3587.86	0.463631
3588.86	0.463753
3589.86	0.463871
3590.86	0.46399
3591.86	0.464119
3592.86	0.464241
3593.86	0.464367
3594.86	0.464497
3595.86	0.464618
3596.86	0.464743
3597.86	0.464866
3598.86	0.464989
3599.86	0.465111
3600.87	0.46524
3601.87	0.465366
3602.87	0.465494
3603.87	0.465614
3604.87	0.465746
3605.87	0.465875
3606.87	0.465991
3607.87	0.466114
3608.87	0.466239
3609.87	0.466366
3610.87	0.466485
3611.87	0.466605
3612.87	0.466724
3613.87	0.466849
3614.87	0.466974
3615.87	0.467095
3616.87	0.467217
3617.87	0.467345
3618.87	0.467472
3619.87	0.467587
3620.87	0.467707
3621.87	0.467827
3622.87	0.467951
3623.87	0.468071
3624.87	0.468188
3625.87	0.468311
3626.87	0.468434
3627.87	0.468555
3628.87	0.468668
3629.87	0.468785
3630.87	0.468899
3631.87	0.469031
3632.87	0.469155
3633.87	0.469276
3634.87	0.469398
3635.87	0.469516
3636.87	0.469638
3637.87	0.46976
3638.87	0.469874
3639.87	0.469996
3640.87	0.470112
3641.87	0.470235
3642.87	0.470364
3643.87	0.470484
3644.87	0.470596
3645.87	0.47071
3646.87	0.470827
3647.87	0.470943
3648.87	0.471059
3649.87	0.471177
3650.87	0.471303
3651.87	0.471415
3652.87	0.471528
3653.87	0.471647
3654.87	0.471759
3655.87	0.471879
3656.87	0.471989
3657.87	0.472106
3658.87	0.472224
3659.87	0.472334
3660.87	0.472454
3661.87	0.472572
3662.87	0.472699
3663.87	0.472818
3664.87	0.472937
3665.87	0.473056
3666.87	0.47317
3667.87	0.473284
3668.87	0.473401
3669.87	0.473519
3670.87	0.473636
3671.87	0.473751
3672.87	0.473855
3673.87	0.473968
3674.87	0.474082
3675.87	0.474198
3676.87	0.474317
3677.87	0.474434
3678.87	0.474547
3679.87	0.474667
3680.87	0.474784
3681.87	0.474899
3682.87	0.475016
3683.87	0.475128
3684.87	0.475248
3685.87	0.47536
3686.87	0.475479
3687.87	0.475596
3688.87	0.475715
3689.87	0.475828
3690.87	0.475938
3691.87	0.476045
3692.87	0.476155
3693.87	0.476273
3694.87	0.476393
3695.87	0.476507
3696.87	0.476619
3697.87	0.476738
3698.87	0.476843
3699.87	0.476955
3700.87	0.477067
3701.87	0.477179
3702.87	0.477289
3703.87	0.477404
3704.87	0.477527
3705.87	0.477631
3706.87	0.477748
3707.87	0.47786
3708.87	0.477973
3709.87	0.478084
3710.87	0.478194
3711.87	0.478299
3712.87	0.478413
3713.87	0.478526
3714.87	0.478639
3715.87	0.478753
3716.87	0.478872
3717.87	0.478986
3718.87	0.479093
3719.87	0.479203
3720.87	0.479312
3721.87	0.47942
3722.87	0.47953
3723.87	0.479646
3724.87	0.479766
3725.87	0.479885
3726.87	0.480005
3727.87	0.480117
3728.87	0.480221
3729.87	0.480334
3730.87	0.480434
3731.87	0.480546
3732.87	0.480652
3733.87	0.48076
3734.87	0.480871
3735.87	0.48098
3736.87	0.481093
3737.87	0.481201
3738.87	0.481312
3739.87	0.481421
3740.87	0.481533
3741.87	0.481642
3742.87	0.481753
3743.87	0.481859
3744.87	0.481975
3745.88	0.482093
3746.88	0.482204
3747.88	0.482315
3748.88	0.482426
3749.88	0.48254
3750.88	0.482653
3751.88	0.482762
3752.88	0.482874
3753.88	0.482981
3754.88	0.483092
3755.88	0.483201
3756.88	0.483308
3757.88	0.483421
3758.88	0.48353
3759.88	0.483644
3760.88	0.483756
3761.88	0.483865
3762.88	0.483976
3763.88	0.48408
3764.88	0.48419
3765.88	0.484299
3766.88	0.484408
3767.88	0.48452
3768.88	0.484627
3769.88	0.48474
3770.88	0.484849
3771.88	0.484959
3772.88	0.485063
3773.88	0.485161
3774.88	0.485263
3775.88	0.485371
3776.88	0.48548
3777.88	0.485593
3778.88	0.485707
3779.88	0.485815
3780.88	0.48593
3781.88	0.486032
3782.88	0.486142
3783.88	0.486245
3784.88	0.486347
3785.88	0.486447
3786.88	0.486553
3787.88	0.486663
3788.88	0.486777
3789.88	0.486885
3790.88	0.486987
3791.88	0.487098
3792.88	0.487201
3793.88	0.487314
3794.88	0.487421
3795.88	0.487528
3796.88	0.487629
3797.88	0.487737
3798.88	0.487838
3799.88	0.487944
3800.88	0.488052
3801.88	0.488155
3802.88	0.488267
3803.88	0.488373
3804.88	0.488478
3805.88	0.488583
3806.88	0.488689
3807.88	0.488795
3808.88	0.488896
3809.88	0.489002
3810.88	0.489108
3811.88	0.489218
3812.88	0.489325
3813.88	0.489425
3814.88	0.489539
3815.88	0.489646
3816.88	0.489752
3817.88	0.489861
3818.88	0.489964
3819.88	0.490062
3820.88	0.490164
3821.88	0.490266
3822.88	0.49037
3823.88	0.490473
3824.88	0.490579
3825.88	0.490686
3826.88	0.490789
3827.88	0.490897
3828.88	0.491004
3829.88	0.491106
3830.88	0.491206
3831.88	0.491316
3832.88	0.491415
3833.88	0.491517
3834.88	0.491626
3835.88	0.491734
3836.88	0.491839
3837.88	0.491942
3838.88	0.492042
3839.88	0.492138
3840.88	0.492236
3841.88	0.492339
3842.88	0.492441
3843.88	0.492546
3844.88	0.492644
3845.88	0.492744
3846.88	0.492845
3847.88	0.492948
3848.88	0.493055
3849.88	0.493156
3850.88	0.493259
3851.88	0.493364
3852.88	0.49347
3853.88	0.493566
3854.88	0.493664
3855.88	0.493764
3856.88	0.493872
3857.88	0.493976
3858.88	0.494078
3859.88	0.494181
3860.88	0.494288
3861.88	0.494391
3862.88	0.494493
3863.88	0.494597
3864.88	0.494698
3865.88	0.494801
3866.88	0.494901
3867.88	0.494995
3868.88	0.495096
3869.88	0.495196
3870.88	0.495298
3871.88	0.495392
3872.89	0.495493
3873.89	0.495596
3874.89	0.49569
3875.89	0.495798
3876.89	0.4959
3877.89	0.496003
3878.89	0.496103
3879.89	0.496201
3880.89	0.496305
3881.89	0.49641
3882.89	0.496513
3883.89	0.496617
3884.89	0.496724
3885.89	0.496822
3886.89	0.496927
3887.89	0.497024
3888.89	0.497126
3889.89	0.497234
3890.89	0.497335
3891.89	0.497436
3892.89	0.497535
3893.89	0.497635
3894.89	0.497733
3895.89	0.497824
3896.89	0.497926
3897.89	0.498022
3898.89	0.498127
3899.89	0.498233
3900.89	0.498332
3901.89	0.498428
3902.89	0.498528
3903.89	0.498632
3904.89	0.498736
3905.89	0.498832
3906.89	0.498933
3907.89	0.499037
3908.89	0.499135
3909.89	0.499234
3910.89	0.499335
3911.89	0.499433
3912.89	0.499527
3913.89	0.499624
3914.89	0.49972
3915.89	0.499816
3916.89	0.499912
3917.89	0.500009
3918.89	0.500109
3919.89	0.500211
3920.89	0.500308
3921.89	0.500415
3922.89	0.500512
3923.89	0.500609
3924.89	0.500709
3925.89	0.50081
3926.89	0.500907
3927.89	0.501002
3928.89	0.5011
3929.89	0.501201
3930.89	0.501297
3931.89	0.501395
3932.89	0.501496
3933.89	0.501597
3934.89	0.501692
3935.89	0.50179
3936.89	0.501894
3937.89	0.501998
3938.89	0.502093
3939.89	0.502192
3940.89	0.502287
3941.89	0.502385
3942.89	0.502483
3943.89	0.502587
3944.89	0.502684
3945.89	0.502784
3946.89	0.502882
3947.89	0.502982
3948.89	0.503083
3949.89	0.503182
3950.89	0.503279
3951.89	0.503372
3952.89	0.503466
3953.89	0.503559
3954.89	0.50366
3955.89	0.50375
3956.89	0.503849
3957.89	0.503948
3958.89	0.504056
3959.89	0.504149
3960.89	0.504246
3961.89	0.504345
3962.89	0.504439
3963.89	0.504534
3964.89	0.50463
3965.89	0.504729
3966.89	0.504829
3967.89	0.504917
3968.89	0.505007
3969.89	0.505098
3970.89	0.505192
3971.89	0.505288
3972.89	0.505386
3973.89	0.505478
3974.89	0.505572
3975.89	0.505671
3976.89	0.505771
3977.89	0.505863
3978.89	0.505952
3979.89	0.506046
3980.89	0.506137
3981.89	0.506231
3982.89	0.506332
3983.89	0.506424
3984.89	0.506512
3985.89	0.506605
3986.89	0.506697
3987.89	0.506797
3988.9	0.506899
3989.9	0.506993
3990.9	0.507093
3991.9	0.507185
3992.9	0.507272
3993.9	0.507365
3994.9	0.507461
3995.9	0.50755
3996.9	0.507644
3997.9	0.50774
3998.9	0.507832
3999.9	0.507931
