time	conversion
1.14941	0.000244253
2.15437	0.00066092
3.39058	0.00104885
4.39222	0.0020546
5.41409	0.00267241
6.41426	0.00382184
7.4843	0.00458333
8.50917	0.00551724
9.51864	0.00599138
10.5792	0.00640805
11.5873	0.00672414
12.645	0.00731322
13.6461	0.00810345
14.6696	0.0091092
15.6894	0.00979885
16.696	0.0104741
17.7821	0.0110057
18.8677	0.0114799
19.9261	0.0120402
21.0276	0.0122845
22.0381	0.0126149
23.0384	0.0127443
24.0482	0.0128879
25.049	0.0132328
26.1471	0.0134195
27.1489	0.0138218
28.3104	0.0139655
29.3133	0.0142241
30.3202	0.0145115
31.3212	0.0150575
32.37	0.0153736
33.3726	0.0155603
34.4327	0.0157184
35.4523	0.0160057
36.4557	0.0161782
37.5368	0.0165374
38.8057	0.0166954
39.8432	0.0170259
40.848	0.0171839
41.8499	0.0174856
42.9189	0.017773
44.0809	0.017931
45.1061	0.0181178
46.2753	0.0183333
47.3589	0.0184626
48.3641	0.0187356
49.3994	0.0188218
50.4004	0.0189224
51.4271	0.0191954
52.4792	0.0194684
53.6415	0.0194828
54.7892	0.0195833
55.8112	0.0197126
56.8158	0.0199569
58.0439	0.0202155
59.0833	0.0206609
60.1937	0.0208333
61.2084	0.0209914
62.2411	0.0210632
63.2536	0.0214368
64.2912	0.0216523
65.2957	0.0218822
66.2991	0.0220833
67.3047	0.0222701
68.373	0.0225
69.4418	0.0225862
70.446	0.0231466
71.4465	0.0234195
72.4641	0.0236207
73.5829	0.023908
74.7422	0.0242816
75.9753	0.0246695
77.0463	0.0251149
78.0481	0.0251437
79.5533	0.0256897
80.6692	0.0258333
81.6775	0.0261494
82.7332	0.0263218
83.8762	0.0265948
84.8933	0.0270115
85.8939	0.0272989
87.0092	0.0274713
88.0657	0.0275718
89.1282	0.027773
90.213	0.0279741
91.2323	0.0281609
92.2399	0.0284626
93.8112	0.0286638
94.9049	0.028908
95.9612	0.0289943
96.9957	0.0293534
98.0703	0.029454
99.0937	0.0297845
100.456	0.0299282
101.465	0.0300862
102.557	0.0303017
103.56	0.0308908
104.817	0.0310345
105.921	0.03125
106.946	0.0316092
107.972	0.0319109
109.029	0.0320833
110.073	0.0322989
111.216	0.0324138
112.22	0.0325144
113.384	0.0326724
114.393	0.0328879
115.446	0.033046
116.598	0.0332184
117.631	0.0333477
118.773	0.0335632
119.778	0.033908
120.792	0.034023
121.801	0.0340948
123.153	0.0342529
124.225	0.0343247
125.228	0.0346264
126.257	0.0347845
127.262	0.0349569
128.289	0.0351724
129.302	0.0354167
130.306	0.0356753
131.334	0.0357759
132.343	0.0360776
133.444	0.0362787
134.465	0.0364943
135.494	0.0365805
136.597	0.036796
137.829	0.037069
138.876	0.0371839
139.89	0.0374425
140.917	0.0377874
141.93	0.0379741
142.999	0.038046
144.012	0.0381466
145.031	0.038319
146.064	0.0385057
147.065	0.0386207
148.068	0.038908
149.076	0.0389224
150.079	0.0390517
151.081	0.0392529
152.114	0.0393103
153.193	0.0393534
154.281	0.0393822
155.333	0.0394397
156.41	0.0395977
157.43	0.039727
158.562	0.0397989
159.653	0.0399425
160.662	0.0400575
161.665	0.0402011
162.71	0.0403017
163.722	0.0404167
164.746	0.0405603
165.901	0.0408046
167.038	0.0409195
168.045	0.0409483
169.049	0.0410057
170.15	0.0410201
171.539	0.0411638
172.644	0.0413218
173.816	0.041408
174.876	0.0415086
175.917	0.0415661
176.94	0.0418103
177.958	0.0419971
178.958	0.0421839
180.003	0.0423132
181.044	0.0425144
182.061	0.042658
183.365	0.0428305
184.374	0.0429598
185.474	0.0430891
186.478	0.0431753
187.479	0.043319
188.607	0.0433621
189.642	0.0434626
190.715	0.0436494
192.132	0.0437787
193.213	0.0439799
194.848	0.0440948
195.864	0.0441954
196.879	0.0443534
198.016	0.0444828
199.04	0.044569
200.344	0.044842
201.534	0.0449569
202.631	0.0450718
203.718	0.0453017
204.718	0.0454167
205.722	0.0456753
206.82	0.0457184
207.88	0.0458477
208.88	0.0460201
209.886	0.0461782
210.977	0.0462787
211.989	0.0464655
213.319	0.0465948
214.556	0.046796
215.606	0.046954
216.83	0.0470115
217.862	0.0471121
219.156	0.0472126
220.326	0.0472989
221.468	0.0474569
222.475	0.0475575
223.491	0.0476868
224.494	0.0477874
225.502	0.048046
226.608	0.0481178
227.75	0.048204
228.857	0.0483477
230.02	0.0483764
231.041	0.0484483
232.075	0.0486207
233.086	0.0488218
234.128	0.0489511
235.182	0.0490086
236.248	0.049181
237.279	0.0492672
238.379	0.0495259
239.471	0.0495402
240.524	0.049842
241.868	0.0499425
243.019	0.0500287
244.156	0.0502011
245.173	0.0503879
246.182	0.0506322
247.211	0.0507902
248.228	0.0510489
249.248	0.0512069
250.46	0.0513075
251.467	0.0514655
252.761	0.0515086
253.851	0.0517816
254.98	0.0518966
256.033	0.0519684
257.034	0.0521121
258.134	0.0522701
259.162	0.0523851
260.296	0.0524569
261.361	0.052658
262.362	0.0528161
263.476	0.0529454
264.485	0.0530029
265.588	0.0530747
266.594	0.0531897
267.651	0.0533908
268.761	0.0535632
269.822	0.0536925
271.071	0.0538362
272.095	0.054181
273.228	0.0543534
274.298	0.0544828
275.299	0.0545833
276.302	0.0547701
277.531	0.0549282
278.582	0.055
279.677	0.0551149
280.921	0.0552155
281.926	0.0553161
283.072	0.0555029
284.19	0.0555891
285.192	0.0557471
286.217	0.055977
287.364	0.0561207
288.472	0.0562069
289.527	0.0563649
290.751	0.0565805
292.013	0.0567385
293.047	0.0568391
294.104	0.056954
295.113	0.0571121
296.121	0.057227
297.142	0.0573132
298.58	0.0575
299.768	0.0576437
300.807	0.057773
302.1	0.0578161
303.119	0.0579741
304.28	0.0580747
305.333	0.0582902
306.534	0.0583764
307.777	0.0586207
308.907	0.0587213
310.093	0.0587356
311.104	0.058908
312.145	0.059023
313.156	0.0590374
314.232	0.0592529
315.235	0.0592529
316.245	0.0594684
317.25	0.0595546
318.319	0.0596839
319.326	0.0598563
320.362	0.0600144
321.48	0.060158
322.62	0.060273
323.624	0.0603879
324.628	0.0605747
325.637	0.0606609
326.683	0.0609052
327.851	0.0611782
328.853	0.0613362
329.998	0.0615374
331.03	0.0616667
332.393	0.061796
333.725	0.0620402
334.816	0.0621408
335.827	0.0622845
336.849	0.0623851
337.908	0.0625718
338.96	0.062658
340.01	0.0627443
341.153	0.062931
342.495	0.0629741
343.507	0.0631034
344.53	0.0631897
345.708	0.0634052
346.821	0.0634626
347.854	0.0635776
348.874	0.0636925
349.937	0.0638075
350.962	0.0638937
352.067	0.0639655
353.54	0.0641092
354.576	0.0643103
355.577	0.0644828
356.659	0.0645977
357.669	0.0648132
358.737	0.0648851
360.027	0.0650575
361.095	0.0651868
362.109	0.0652874
363.208	0.0653448
364.236	0.0655029
365.247	0.0655747
366.373	0.0656609
367.382	0.065704
368.495	0.0657902
369.694	0.0658764
370.756	0.0659626
371.822	0.0660201
372.836	0.0661494
373.932	0.0663075
374.935	0.0663649
376.053	0.066408
377.238	0.0664655
378.248	0.0666523
379.249	0.0667672
380.277	0.0669397
381.363	0.0670259
382.399	0.0671408
383.661	0.0672557
384.836	0.067342
386.076	0.0674425
387.324	0.0674856
388.404	0.0676149
389.668	0.0676868
390.676	0.0677011
391.677	0.0677874
392.776	0.067931
394.262	0.0680316
395.286	0.0682328
396.528	0.0682759
397.532	0.0684914
399.06	0.068592
400.319	0.0686925
401.547	0.0687644
402.618	0.0689655
403.731	0.0691523
404.784	0.0692529
405.791	0.0693534
406.825	0.0693822
408.224	0.069569
409.357	0.0698132
410.424	0.0699138
411.509	0.07
412.582	0.0701006
413.685	0.0701868
414.849	0.0703592
415.884	0.070546
417.102	0.0706609
418.383	0.0707759
419.44	0.0708908
420.472	0.0709483
421.533	0.0709914
422.638	0.0710632
423.775	0.0711063
425.004	0.0712356
426.013	0.0713362
427.017	0.0715517
428.028	0.071954
429.132	0.0720977
430.254	0.0721552
431.256	0.0722845
432.331	0.0724569
433.338	0.072658
434.373	0.0729023
435.382	0.0731034
436.413	0.0733046
437.952	0.0734195
438.999	0.0735057
440.07	0.0737213
441.107	0.0738937
442.109	0.0740517
443.213	0.0741954
444.264	0.0742385
445.585	0.0744971
446.586	0.0745546
448.174	0.0746983
449.563	0.0748276
450.597	0.0749425
451.661	0.0750287
452.677	0.0751293
453.77	0.0751437
454.802	0.0752011
455.837	0.0753592
456.945	0.0755029
457.954	0.0757471
459.351	0.075819
460.494	0.0760632
461.503	0.0761207
462.512	0.0761351
463.617	0.0762644
464.907	0.0764368
465.983	0.0765374
467.042	0.0766954
468.043	0.0768966
469.055	0.0770115
470.065	0.0771264
471.152	0.0772126
472.267	0.0774856
473.287	0.0776437
474.335	0.0777299
475.39	0.0778161
476.413	0.0778879
477.426	0.0780316
478.48	0.078046
479.557	0.0782328
480.721	0.0783764
482.133	0.0785776
483.206	0.0787356
484.503	0.0788218
485.503	0.0788793
486.821	0.0790661
487.829	0.079181
488.979	0.0794109
490.014	0.0794828
491.026	0.0795977
492.115	0.0797126
493.136	0.08
494.143	0.080273
495.153	0.0803161
496.159	0.0805603
497.226	0.0806753
498.618	0.0807615
499.663	0.0809626
500.717	0.0810345
501.736	0.0811351
502.74	0.0812787
503.77	0.081408
504.849	0.0815374
505.855	0.0816667
507.147	0.0817672
508.211	0.0818678
509.43	0.0819828
510.462	0.0820977
511.473	0.0822414
512.486	0.0823132
513.492	0.0824856
514.511	0.0825575
515.599	0.082773
516.606	0.0829741
517.649	0.0830891
518.776	0.0831753
519.776	0.0832184
520.84	0.083319
522.081	0.083477
523.128	0.0837069
524.144	0.0838649
525.222	0.0838937
526.353	0.0839943
527.625	0.0840517
528.629	0.0841954
529.635	0.0843247
530.683	0.0844109
531.693	0.084569
532.832	0.0846408
533.842	0.0846552
534.875	0.0846983
535.881	0.0847989
536.896	0.0848132
538.103	0.084842
539.133	0.0850287
540.15	0.0850862
541.205	0.0852443
542.284	0.0853736
543.31	0.0854023
544.313	0.0856466
545.347	0.0857328
546.372	0.0860489
547.378	0.0862069
548.394	0.0862931
549.407	0.0864799
550.413	0.0865517
551.415	0.0865948
552.538	0.0867098
553.55	0.0867529
554.563	0.0868678
555.586	0.0870259
556.599	0.0870402
557.652	0.087227
558.666	0.087227
559.69	0.0872414
560.719	0.0873994
561.723	0.0874569
562.725	0.0875431
563.746	0.0876006
564.842	0.0876868
565.967	0.087773
566.97	0.087931
568.021	0.0879598
569.03	0.0880891
570.145	0.0881034
571.368	0.0881466
572.408	0.0882328
573.463	0.0882759
574.629	0.0884483
575.658	0.088592
576.782	0.0886782
577.788	0.0887213
578.839	0.0888362
579.945	0.0889224
580.978	0.0889943
582.018	0.0891092
583.111	0.089296
584.158	0.0894109
585.699	0.0894684
586.715	0.0896695
587.738	0.0897414
588.756	0.0897989
589.771	0.0899138
590.906	0.0900718
591.937	0.0902155
592.942	0.0903736
594.265	0.0904023
595.279	0.0905172
596.311	0.0906466
597.361	0.0907328
598.405	0.0908333
599.407	0.0909052
600.434	0.0910632
601.435	0.0912069
602.479	0.0912644
603.574	0.0913075
604.579	0.0914799
605.618	0.0915086
606.682	0.0915805
608.033	0.0917672
609.044	0.0918534
610.051	0.092069
611.165	0.0921839
612.199	0.0921983
613.21	0.0922701
614.237	0.0925144
615.324	0.0926006
616.389	0.0926437
617.429	0.092773
618.434	0.0928592
619.807	0.0929454
620.931	0.0930747
622.027	0.0931178
623.36	0.0932902
624.428	0.0934483
625.432	0.0935201
626.581	0.0936494
627.684	0.0937213
628.768	0.09375
629.877	0.0938362
630.923	0.0938793
631.959	0.0939368
633.093	0.0941092
634.169	0.0941236
635.18	0.0941954
636.204	0.0944109
637.32	0.0945259
638.459	0.0945977
639.854	0.0946839
640.891	0.0948707
641.957	0.0949425
642.973	0.0950718
643.993	0.0951724
645.001	0.0952299
646.075	0.095273
647.302	0.0953879
648.327	0.0954598
649.336	0.0954741
650.354	0.0956322
651.564	0.095704
652.626	0.0957759
653.665	0.0959483
654.921	0.0960057
655.932	0.0962644
657.04	0.0962787
658.222	0.0963362
659.255	0.096408
660.256	0.0964655
661.286	0.0965805
662.361	0.0966236
663.442	0.0967672
664.64	0.0968103
665.705	0.0968391
666.895	0.0969253
667.931	0.0970402
668.934	0.0970546
669.973	0.0971552
671.004	0.0972126
672.02	0.0972989
673.034	0.0973563
674.11	0.0974425
675.251	0.0974425
676.366	0.0976006
677.438	0.097658
678.464	0.0977155
679.472	0.097773
680.474	0.0978736
681.51	0.0979454
682.521	0.0980029
683.933	0.0981322
685.13	0.0981466
686.182	0.0981897
687.3	0.0984052
688.368	0.098477
689.373	0.0985057
690.411	0.098592
691.424	0.0987213
692.486	0.0988362
693.52	0.0989224
694.522	0.0990661
695.531	0.0992098
696.693	0.0993391
697.747	0.099454
698.756	0.0995402
699.758	0.0996121
700.783	0.0997126
701.817	0.0998276
702.845	0.0999282
703.851	0.100086
704.855	0.100201
705.864	0.100345
707.166	0.100532
708.235	0.100546
709.273	0.100647
710.304	0.100761
711.348	0.100948
712.449	0.10102
713.481	0.101034
714.5	0.101121
715.789	0.101164
716.789	0.101336
717.81	0.101437
718.899	0.101566
719.948	0.10158
720.948	0.101681
721.97	0.101782
722.972	0.10181
723.993	0.101839
724.994	0.102011
726.074	0.102098
727.182	0.102213
728.213	0.102371
729.222	0.102399
730.249	0.1025
731.257	0.102687
732.362	0.10273
733.37	0.102816
734.449	0.102902
735.457	0.103003
736.489	0.103017
737.524	0.103161
738.576	0.103276
739.578	0.103319
740.581	0.103362
741.591	0.103491
742.601	0.103693
743.613	0.103793
744.653	0.103937
745.669	0.104009
746.68	0.104109
747.765	0.104253
748.861	0.104296
749.862	0.104382
750.887	0.104497
751.917	0.104655
752.973	0.10467
754.291	0.104713
755.297	0.104799
756.321	0.104856
757.324	0.104856
758.366	0.104914
759.406	0.105072
760.414	0.105158
761.427	0.105259
762.441	0.105316
763.446	0.105532
764.583	0.105675
765.792	0.105675
766.939	0.105761
768.05	0.105848
769.086	0.105934
770.165	0.106049
771.166	0.106149
772.186	0.106178
773.213	0.106293
774.223	0.106422
775.226	0.106451
776.267	0.106494
777.275	0.106638
778.349	0.106796
779.403	0.106839
780.417	0.106968
781.476	0.107055
782.582	0.107141
783.601	0.107241
784.614	0.107356
785.671	0.107457
786.738	0.107557
787.74	0.107629
788.77	0.107701
789.779	0.107773
790.856	0.107888
791.886	0.107917
792.918	0.107989
793.938	0.108132
794.962	0.108247
796.011	0.108434
797.043	0.108534
798.268	0.108621
799.297	0.108664
800.3	0.10875
801.303	0.108836
802.362	0.108937
803.529	0.108966
804.542	0.10898
805.566	0.109023
806.588	0.109095
807.594	0.10921
808.595	0.109282
809.626	0.109339
810.768	0.109425
811.832	0.109555
812.879	0.109641
813.96	0.109727
814.99	0.109842
816.012	0.109971
817.023	0.110072
818.032	0.110129
819.062	0.110259
820.171	0.110302
821.212	0.110316
822.316	0.110445
823.327	0.110503
824.334	0.110603
825.336	0.110776
826.345	0.110891
827.406	0.110991
828.462	0.11102
829.525	0.111034
830.526	0.111063
831.589	0.111106
832.631	0.111121
833.645	0.111236
834.687	0.11125
835.803	0.111293
836.815	0.111365
837.847	0.111494
838.93	0.111624
840.004	0.111667
841.052	0.111724
842.076	0.111739
843.076	0.111853
844.086	0.11194
845.145	0.112098
846.256	0.112155
847.299	0.112227
848.312	0.112342
849.424	0.112414
850.447	0.112457
851.679	0.112514
852.711	0.112586
853.775	0.112658
854.88	0.112716
856.017	0.11283
857.023	0.112902
858.048	0.113003
859.481	0.113103
860.483	0.11319
861.533	0.113276
862.647	0.113391
863.651	0.113434
864.753	0.113506
865.823	0.113664
866.926	0.113721
867.952	0.11375
868.963	0.113865
870.083	0.113908
871.112	0.114037
872.192	0.114152
873.204	0.114181
874.246	0.114267
875.383	0.114368
876.389	0.114425
877.398	0.114483
878.661	0.114526
879.675	0.114626
880.992	0.114741
882.006	0.114871
883.091	0.114986
884.104	0.115101
885.125	0.115172
886.132	0.115316
887.132	0.115359
888.19	0.115489
889.27	0.115575
890.355	0.115718
891.359	0.115862
892.578	0.115862
893.82	0.115905
894.824	0.115934
895.846	0.11602
896.915	0.116092
897.965	0.116178
898.99	0.11625
900.027	0.116322
901.102	0.116379
902.215	0.116466
903.234	0.116595
904.25	0.116681
905.379	0.116739
906.382	0.116767
907.458	0.116796
908.472	0.116868
909.535	0.116968
910.636	0.117026
911.732	0.117083
912.86	0.11717
913.918	0.117356
914.988	0.117428
916.037	0.1175
917.058	0.117514
918.087	0.117586
919.104	0.117687
920.137	0.117859
921.145	0.118003
922.171	0.118046
923.194	0.118118
924.243	0.118175
925.244	0.118261
926.283	0.118333
927.306	0.118391
928.309	0.11852
929.368	0.118649
930.426	0.11875
931.679	0.118822
932.714	0.118908
933.759	0.118966
934.867	0.119066
935.957	0.119124
936.965	0.119167
938.207	0.119181
939.239	0.119195
940.24	0.119282
941.297	0.119325
942.328	0.119411
943.345	0.119511
944.349	0.119626
945.372	0.119756
946.377	0.119813
947.448	0.119871
948.453	0.119914
949.478	0.120072
950.545	0.120187
951.552	0.120259
952.574	0.12033
953.576	0.120517
954.58	0.120661
955.642	0.12079
956.684	0.120963
957.743	0.12102
958.767	0.121063
959.796	0.121121
960.802	0.121178
961.832	0.121351
962.892	0.121437
963.924	0.121523
964.93	0.121552
965.984	0.121609
966.998	0.121667
968.087	0.12171
969.099	0.121825
970.115	0.121897
971.14	0.121997
972.196	0.122083
973.207	0.122155
974.21	0.122213
975.25	0.122328
976.28	0.122371
977.292	0.122414
978.322	0.122486
979.337	0.122543
980.395	0.122601
981.477	0.122759
982.56	0.122787
983.564	0.122845
984.582	0.122902
985.661	0.122945
986.673	0.122989
987.796	0.123017
988.886	0.123147
989.965	0.123233
991.166	0.123276
992.326	0.123276
993.33	0.123376
994.363	0.12342
995.391	0.123491
996.395	0.123563
997.424	0.123635
998.684	0.123678
999.685	0.123721
1000.7	0.123793
1001.71	0.124152
1002.71	0.124339
1003.73	0.124555
1004.73	0.124684
1005.74	0.124784
1006.78	0.125086
1007.79	0.125273
1008.8	0.125532
1009.8	0.125862
1010.82	0.126178
1011.83	0.126365
1012.84	0.126509
1013.85	0.126825
1014.85	0.127011
1015.86	0.127112
1016.87	0.127299
1017.9	0.127529
1018.9	0.127672
1019.9	0.127974
1020.91	0.128132
1021.91	0.128376
1022.91	0.128693
1023.92	0.128908
1024.94	0.129224
1025.95	0.129526
1026.96	0.129756
1027.96	0.130101
1028.99	0.130374
1030	0.130603
1031	0.130891
1032.03	0.131236
1033.03	0.131681
1034.04	0.131968
1035.11	0.13227
1036.12	0.132557
1037.12	0.13296
1038.14	0.133247
1039.14	0.13342
1040.14	0.133592
1041.16	0.133721
1042.17	0.13398
1043.17	0.134253
1044.17	0.134526
1045.19	0.134756
1046.2	0.135
1047.24	0.135216
1048.24	0.135445
1049.24	0.135733
1050.3	0.136164
1051.33	0.136437
1052.33	0.136667
1053.34	0.136911
1054.35	0.137141
1055.35	0.137371
1056.35	0.137658
1057.36	0.137802
1058.37	0.138046
1059.41	0.13819
1060.41	0.138405
1061.42	0.138678
1062.43	0.138922
1063.43	0.139138
1064.44	0.13954
1065.44	0.139713
1066.49	0.140029
1067.49	0.140216
1068.49	0.140489
1069.53	0.14079
1070.53	0.141049
1071.53	0.141322
1072.54	0.141537
1073.55	0.141853
1074.56	0.142213
1075.58	0.142385
1076.59	0.142586
1077.59	0.142888
1078.59	0.143075
1079.61	0.143305
1080.61	0.143563
1081.64	0.143836
1082.65	0.14398
1083.65	0.144195
1084.66	0.144641
1085.66	0.144957
1086.67	0.145172
1087.7	0.145359
1088.74	0.145618
1089.75	0.145805
1090.75	0.146078
1091.75	0.146451
1092.77	0.14671
1093.79	0.147069
1094.79	0.147356
1095.82	0.147744
1096.82	0.148017
1097.85	0.148218
1098.86	0.148305
1099.92	0.148448
1100.92	0.148635
1101.93	0.148707
1102.97	0.148822
1103.97	0.149109
1104.99	0.149224
1106.02	0.149325
1107.06	0.149468
1108.06	0.149813
1109.07	0.149928
1110.09	0.150029
1111.12	0.150273
1112.13	0.150575
1113.14	0.150776
1114.18	0.151063
1115.18	0.151193
1116.19	0.15148
1117.2	0.151767
1118.2	0.151853
1119.21	0.151954
1120.21	0.152083
1121.22	0.152385
1122.24	0.1525
1123.24	0.152716
1124.24	0.152945
1125.26	0.153161
1126.27	0.153391
1127.28	0.153664
1128.28	0.153851
1129.29	0.154037
1130.29	0.154195
1131.3	0.154497
1132.33	0.154684
1133.34	0.154842
1134.34	0.155043
1135.34	0.155244
1136.36	0.155388
1137.38	0.155618
1138.41	0.155819
1139.41	0.156063
1140.42	0.15625
1141.42	0.156394
1142.43	0.156523
1143.43	0.156667
1144.43	0.156911
1145.45	0.157126
1146.45	0.157313
1147.46	0.157399
1148.47	0.157543
1149.49	0.157687
1150.5	0.157845
1151.53	0.158003
1152.53	0.158161
1153.54	0.158276
1154.55	0.15842
1155.56	0.158807
1156.58	0.158966
1157.6	0.159109
1158.61	0.159368
1159.63	0.159454
1160.66	0.15967
1161.68	0.159957
1162.68	0.160115
1163.71	0.16023
1164.71	0.160388
1165.72	0.160589
1166.72	0.16079
1167.75	0.160963
1168.75	0.161236
1169.75	0.161422
1170.77	0.161667
1171.77	0.161897
1172.8	0.16204
1173.81	0.162241
1174.82	0.162443
1175.82	0.16273
1176.83	0.162859
1177.83	0.16296
1178.85	0.163161
1179.85	0.16342
1180.87	0.16375
1181.88	0.163937
1182.89	0.164109
1183.9	0.164267
1184.9	0.16454
1185.9	0.164784
1186.92	0.165144
1187.93	0.165302
1188.96	0.165503
1189.97	0.165647
1191.01	0.165833
1192.01	0.165963
1193.02	0.166149
1194.03	0.166307
1195.04	0.166609
1196.05	0.166825
1197.05	0.167112
1198.05	0.167328
1199.05	0.167457
1200.09	0.167687
1201.1	0.167874
1202.1	0.168003
1203.11	0.16819
1204.13	0.168391
1205.13	0.168549
1206.13	0.168678
1207.13	0.168807
1208.14	0.168922
1209.14	0.16908
1210.16	0.169239
1211.17	0.169325
1212.19	0.169454
1213.2	0.169569
1214.2	0.16977
1215.21	0.169899
1216.23	0.170072
1217.24	0.170273
1218.24	0.170489
1219.24	0.170747
1220.26	0.170876
1221.28	0.170991
1222.29	0.171221
1223.29	0.171365
1224.29	0.171523
1225.3	0.171667
1226.31	0.171796
1227.31	0.171997
1228.35	0.172126
1229.36	0.172241
1230.36	0.1725
1231.37	0.172615
1232.38	0.172845
1233.4	0.173017
1234.43	0.173233
1235.44	0.173448
1236.45	0.173563
1237.45	0.17375
1238.46	0.174009
1239.47	0.17431
1240.49	0.174411
1241.5	0.174483
1242.5	0.17454
1243.5	0.174626
1244.53	0.174799
1245.53	0.175086
1246.54	0.175201
1247.55	0.175359
1248.56	0.175503
1249.57	0.175675
1250.6	0.175805
1251.61	0.175948
1252.63	0.176078
1253.65	0.176178
1254.65	0.176336
1255.65	0.176552
1256.66	0.176739
1257.66	0.176968
1258.67	0.177112
1259.68	0.177284
1260.69	0.177414
1261.71	0.177687
1262.71	0.177816
1263.74	0.17806
1264.76	0.178319
1265.76	0.17852
1266.77	0.178678
1267.79	0.178779
1268.83	0.178937
1269.83	0.179124
1270.87	0.179282
1271.88	0.179454
1272.98	0.179569
1273.99	0.179655
1275	0.179871
1276	0.179957
1277.02	0.18023
1278.02	0.180417
1279.02	0.180489
1280.03	0.180733
1281.03	0.180819
1282.04	0.180963
1283.05	0.181149
1284.06	0.181408
1285.07	0.181566
1286.08	0.181624
1287.09	0.181767
1288.1	0.182098
1289.1	0.182213
1290.11	0.182371
1291.12	0.182615
1292.12	0.182759
1293.12	0.182945
1294.14	0.18306
1295.14	0.18319
1296.21	0.183247
1297.23	0.18342
1298.26	0.18352
1299.26	0.183664
1300.29	0.183951
1301.29	0.184109
1302.3	0.184239
1303.3	0.18444
1304.34	0.18454
1305.34	0.184684
1306.34	0.184813
1307.36	0.185043
1308.37	0.185187
1309.38	0.185273
1310.39	0.185402
1311.4	0.185503
1312.4	0.185618
1313.4	0.185761
1314.41	0.185876
1315.42	0.186049
1316.43	0.186207
1317.43	0.186336
1318.45	0.186437
1319.45	0.186624
1320.46	0.186767
1321.47	0.186954
1322.49	0.187141
1323.49	0.18727
1324.49	0.187356
1325.5	0.187644
1326.51	0.187716
1327.52	0.187759
1328.52	0.187845
1329.52	0.187989
1330.53	0.188089
1331.53	0.18829
1332.53	0.188376
1333.54	0.188534
1334.55	0.188707
1335.59	0.188922
1336.6	0.188994
1337.61	0.189124
1338.61	0.189267
1339.62	0.189411
1340.62	0.189497
1341.68	0.18967
1342.69	0.189727
1343.69	0.189986
1344.73	0.190129
1345.73	0.190259
1346.74	0.190359
1347.76	0.190589
1348.79	0.190704
1349.8	0.190848
1350.82	0.19092
1351.84	0.191034
1352.85	0.191164
1353.85	0.191365
1354.86	0.191552
1355.88	0.191667
1356.95	0.19181
1357.95	0.192026
1358.96	0.19217
1359.97	0.192328
1360.98	0.192399
1361.99	0.192486
1363.01	0.192601
1364.01	0.192802
1365.04	0.192917
1366.1	0.193075
1367.14	0.193233
1368.17	0.19342
1369.18	0.193678
1370.19	0.193865
1371.21	0.194109
1372.22	0.194353
1373.22	0.194555
1374.24	0.194684
1375.26	0.194828
1376.27	0.194899
1377.29	0.194986
1378.3	0.195101
1379.31	0.195259
1380.32	0.195359
1381.35	0.19546
1382.36	0.195632
1383.37	0.195761
1384.38	0.195891
1385.39	0.196063
1386.41	0.196149
1387.41	0.196264
1388.42	0.19648
1389.46	0.19658
1390.48	0.196695
1391.48	0.19681
1392.49	0.196897
1393.5	0.197112
1394.52	0.197256
1395.54	0.197414
1396.55	0.197586
1397.57	0.197701
1398.6	0.197874
1399.63	0.19796
1400.64	0.198147
1401.65	0.198218
1402.66	0.19842
1403.68	0.198477
1404.69	0.198592
1405.72	0.198764
1406.74	0.198922
1407.75	0.199009
1408.75	0.199152
1409.78	0.199253
1410.79	0.199339
1411.79	0.199454
1412.8	0.199641
1413.82	0.199784
1414.82	0.199943
1415.83	0.200101
1416.85	0.20023
1417.86	0.200287
1418.87	0.200402
1419.87	0.200603
1420.89	0.200776
1421.92	0.20102
1422.92	0.201106
1423.94	0.201264
1424.95	0.201466
1425.96	0.201652
1426.97	0.20194
1427.98	0.202026
1429.01	0.202141
1430.02	0.202227
1431.04	0.202414
1432.05	0.202543
1433.05	0.202601
1434.07	0.202787
1435.08	0.202917
1436.08	0.202945
1437.08	0.203132
1438.11	0.20329
1439.13	0.203362
1440.15	0.203463
1441.16	0.20352
1442.17	0.203621
1443.19	0.203736
1444.19	0.203894
1445.2	0.204095
1446.21	0.204253
1447.22	0.204382
1448.23	0.204598
1449.23	0.204655
1450.26	0.204799
1451.26	0.205
1452.27	0.205115
1453.29	0.205359
1454.31	0.205503
1455.31	0.20569
1456.33	0.205776
1457.34	0.205805
1458.35	0.205977
1459.37	0.206106
1460.39	0.206221
1461.42	0.206336
1462.44	0.206466
1463.44	0.206523
1464.46	0.206667
1465.46	0.206739
1466.47	0.206983
1467.56	0.207227
1468.58	0.207399
1469.58	0.207572
1470.6	0.207658
1471.61	0.207802
1472.62	0.207888
1473.62	0.207989
1474.64	0.208218
1475.66	0.20829
1476.67	0.208405
1477.69	0.208563
1478.69	0.208664
1479.7	0.208764
1480.7	0.208966
1481.75	0.209124
1482.75	0.209224
1483.77	0.209267
1484.78	0.209368
1485.8	0.209483
1486.8	0.20954
1487.81	0.209655
1488.81	0.20977
1489.82	0.209899
1490.82	0.210086
1491.83	0.210187
1492.85	0.210359
1493.85	0.21046
1494.86	0.210532
1495.86	0.21069
1496.87	0.21079
1497.87	0.210862
1498.89	0.211049
1499.92	0.211164
1500.92	0.211336
1501.92	0.21148
1502.92	0.211609
1503.96	0.211796
1504.99	0.211853
1506.02	0.211983
1507.05	0.212098
1508.05	0.212213
1509.06	0.212371
1510.06	0.212471
1511.06	0.212543
1512.08	0.212787
1513.08	0.212974
1514.1	0.213089
1515.11	0.213175
1516.11	0.213333
1517.11	0.213491
1518.12	0.213578
1519.12	0.213693
1520.12	0.213851
1521.14	0.213922
1522.15	0.214009
1523.16	0.21408
1524.17	0.214195
1525.17	0.214267
1526.17	0.21444
1527.18	0.214569
1528.21	0.214713
1529.22	0.21477
1530.24	0.214871
1531.24	0.215029
1532.25	0.215172
1533.3	0.215259
1534.33	0.215359
1535.35	0.215489
1536.39	0.215603
1537.41	0.215675
1538.41	0.21579
1539.43	0.215963
1540.43	0.216063
1541.43	0.216193
1542.44	0.216264
1543.44	0.216509
1544.5	0.21671
1545.51	0.216825
1546.52	0.217026
1547.53	0.217141
1548.53	0.217299
1549.54	0.217457
1550.55	0.217644
1551.59	0.217845
1552.61	0.217989
1553.62	0.218075
1554.63	0.218161
1555.64	0.218319
1556.67	0.218448
1557.68	0.218578
1558.7	0.218635
1559.72	0.218793
1560.72	0.218922
1561.73	0.219023
1562.74	0.219109
1563.76	0.219224
1564.76	0.219353
1565.77	0.219511
1566.78	0.219741
1567.78	0.219943
1568.81	0.220086
1569.84	0.220187
1570.86	0.220287
1571.87	0.220359
1572.92	0.220489
1573.94	0.220632
1574.95	0.220747
1575.99	0.220848
1577	0.220963
1578.02	0.221078
1579.02	0.221221
1580.03	0.221322
1581.04	0.221408
1582.06	0.221537
1583.06	0.221638
1584.07	0.221739
1585.08	0.221868
1586.11	0.221983
1587.12	0.222083
1588.12	0.222227
1589.13	0.222342
1590.16	0.222457
1591.17	0.222514
1592.17	0.222687
1593.17	0.222773
1594.19	0.222888
1595.21	0.222917
1596.23	0.22306
1597.28	0.223132
1598.3	0.223218
1599.35	0.22342
1600.36	0.223506
1601.36	0.223664
1602.36	0.223678
1603.45	0.223807
1604.45	0.223879
1605.52	0.224037
1606.53	0.224095
1607.54	0.22421
1608.56	0.224382
1609.57	0.224511
1610.61	0.22467
1611.61	0.224828
1612.65	0.224885
1613.65	0.225043
1614.65	0.225101
1615.66	0.225259
1616.66	0.225388
1617.68	0.22546
1618.68	0.225632
1619.69	0.225747
1620.71	0.225805
1621.73	0.225948
1622.73	0.226049
1623.75	0.226135
1624.77	0.226236
1625.77	0.226351
1626.78	0.226437
1627.8	0.226552
1628.81	0.226638
1629.81	0.226739
1630.81	0.226839
1631.81	0.227026
1632.83	0.227069
1633.85	0.227184
1634.87	0.227328
1635.88	0.227414
1636.92	0.227529
1637.94	0.227572
1638.95	0.227672
1639.97	0.22773
1640.98	0.227917
1641.99	0.227974
1643	0.228161
1644.01	0.228276
1645.02	0.228362
1646.06	0.22842
1647.06	0.228506
1648.08	0.228678
1649.14	0.228793
1650.14	0.22898
1651.14	0.229138
1652.15	0.229253
1653.16	0.229382
1654.19	0.229425
1655.22	0.229511
1656.23	0.229569
1657.24	0.229655
1658.27	0.229713
1659.36	0.229784
1660.38	0.229856
1661.39	0.229986
1662.4	0.230057
1663.44	0.230115
1664.47	0.230129
1665.49	0.230187
1666.51	0.230287
1667.52	0.230417
1668.53	0.23056
1669.53	0.230675
1670.54	0.230862
1671.54	0.230934
1672.55	0.230991
1673.56	0.231049
1674.59	0.231121
1675.63	0.231193
1676.65	0.231307
1677.66	0.231494
1678.68	0.231552
1679.68	0.231739
1680.68	0.23181
1681.7	0.231968
1682.7	0.232055
1683.71	0.232198
1684.71	0.232241
1685.73	0.232299
1686.77	0.232342
1687.78	0.232471
1688.8	0.232543
1689.8	0.232701
1690.81	0.232759
1691.82	0.232902
1692.89	0.233003
1693.92	0.233103
1695	0.23329
1696.01	0.233362
1697.02	0.23352
1698.02	0.233621
1699.04	0.233707
1700.04	0.233779
1701.14	0.233851
1702.17	0.233994
1703.22	0.23408
1704.23	0.234124
1705.23	0.234239
1706.24	0.23431
1707.25	0.234382
1708.26	0.23454
1709.26	0.234626
1710.27	0.23467
1711.27	0.23477
1712.27	0.234842
1713.28	0.234957
1714.29	0.235043
1715.3	0.235129
1716.32	0.235417
1717.32	0.23556
1718.32	0.235618
1719.33	0.235718
1720.34	0.235862
1721.34	0.236063
1722.36	0.236178
1723.36	0.236264
1724.37	0.236365
1725.4	0.236437
1726.43	0.236552
1727.44	0.236638
1728.49	0.236796
1729.5	0.236897
1730.51	0.237011
1731.51	0.23717
1732.52	0.237256
1733.57	0.237313
1734.57	0.237428
1735.59	0.237572
1736.6	0.237615
1737.6	0.237787
1738.61	0.237931
1739.62	0.238003
1740.64	0.238132
1741.72	0.238218
1742.73	0.238348
1743.73	0.238463
1744.77	0.238534
1745.78	0.238635
1746.82	0.238707
1747.83	0.238822
1748.84	0.238894
1749.84	0.238951
1750.87	0.239023
1751.87	0.23921
1752.88	0.239224
1753.88	0.239339
1754.89	0.239483
1755.93	0.239526
1756.95	0.239598
1757.96	0.239842
1758.98	0.239986
1759.99	0.240101
1761.01	0.240201
1762.02	0.240302
1763.03	0.240374
1764.03	0.240431
1765.04	0.240546
1766.05	0.24069
1767.05	0.240862
1768.05	0.240891
1769.08	0.240948
1770.08	0.241049
1771.11	0.241164
1772.11	0.241279
1773.12	0.241365
1774.17	0.241422
1775.17	0.241466
1776.2	0.241537
1777.21	0.241667
1778.22	0.241724
1779.22	0.241782
1780.26	0.241897
1781.26	0.242026
1782.28	0.242227
1783.29	0.242356
1784.32	0.242443
1785.32	0.242529
1786.33	0.242672
1787.33	0.242759
1788.37	0.242888
1789.4	0.24296
1790.42	0.243103
1791.43	0.243305
1792.46	0.243391
1793.47	0.243477
1794.48	0.243592
1795.48	0.243721
1796.49	0.243764
1797.51	0.243851
1798.54	0.244009
1799.55	0.244109
1800.6	0.244181
1801.61	0.244239
1802.64	0.244282
1803.65	0.244296
1804.65	0.244339
1805.65	0.244497
1806.66	0.244555
1807.68	0.244626
1808.71	0.244756
1809.71	0.244799
1810.76	0.244914
1811.77	0.245043
1812.78	0.245144
1813.78	0.245259
1814.78	0.245316
1815.81	0.245388
1816.82	0.245489
1817.83	0.245603
1818.84	0.245776
1819.85	0.245862
1820.85	0.245934
1821.86	0.246034
1822.87	0.246236
1823.87	0.246351
1824.87	0.246422
1825.89	0.246552
1826.9	0.246652
1827.91	0.246739
1828.94	0.246753
1829.94	0.246825
1830.95	0.246925
1831.96	0.247011
1832.98	0.247098
1833.99	0.247213
1834.99	0.247356
1835.99	0.247514
1837	0.247572
1838.01	0.247629
1839.02	0.24773
1840.02	0.247845
1841.04	0.247974
1842.05	0.24806
1843.06	0.248147
1844.06	0.248233
1845.12	0.24829
1846.15	0.248477
1847.18	0.248549
1848.19	0.248649
1849.26	0.248779
1850.27	0.248994
1851.28	0.24908
1852.28	0.249124
1853.31	0.249282
1854.33	0.249368
1855.34	0.249483
1856.35	0.249526
1857.35	0.249641
1858.36	0.249713
1859.36	0.249813
1860.36	0.249871
1861.37	0.249928
1862.38	0.250043
1863.38	0.250144
1864.38	0.25023
1865.38	0.25033
1866.4	0.25046
1867.43	0.250546
1868.44	0.250575
1869.44	0.250647
1870.44	0.250718
1871.44	0.250805
1872.45	0.250891
1873.45	0.251006
1874.48	0.251063
1875.49	0.251164
1876.51	0.25125
1877.53	0.251336
1878.53	0.251437
1879.55	0.251595
1880.55	0.251695
1881.57	0.251782
1882.58	0.251968
1883.59	0.252055
1884.59	0.252213
1885.62	0.252256
1886.63	0.252414
1887.63	0.2525
1888.66	0.252658
1889.66	0.252802
1890.67	0.252874
1891.67	0.252989
1892.67	0.253046
1893.67	0.253204
1894.69	0.253391
1895.69	0.253491
1896.69	0.253549
1897.7	0.253592
1898.72	0.253707
1899.73	0.25375
1900.75	0.253894
1901.76	0.254009
1902.76	0.25408
1903.79	0.254167
1904.88	0.254267
1905.88	0.254339
1906.89	0.254497
1907.9	0.254526
1908.91	0.254598
1909.93	0.254626
1910.93	0.254727
1912	0.254784
1913.02	0.254885
1914.03	0.254957
1915.04	0.255057
1916.04	0.255115
1917.04	0.255201
1918.07	0.255345
1919.09	0.255417
1920.12	0.255546
1921.12	0.255589
1922.13	0.255718
1923.13	0.255948
1924.21	0.256106
1925.23	0.256149
1926.25	0.256279
1927.25	0.256322
1928.26	0.256322
1929.27	0.256408
1930.32	0.256523
1931.33	0.256595
1932.35	0.256681
1933.36	0.256739
1934.36	0.256868
1935.38	0.256911
1936.4	0.256983
1937.42	0.25704
1938.42	0.257126
1939.47	0.257213
1940.49	0.257356
1941.5	0.257471
1942.53	0.257514
1943.56	0.257586
1944.61	0.257629
1945.61	0.257687
1946.65	0.25773
1947.65	0.257802
1948.68	0.257888
1949.7	0.258017
1950.74	0.25806
1951.77	0.258161
1952.79	0.258247
1953.82	0.258333
1954.83	0.258362
1955.85	0.258391
1956.86	0.258506
1957.88	0.258664
1958.89	0.258707
1959.89	0.258822
1960.9	0.259023
1961.91	0.259138
1962.91	0.25921
1963.94	0.259253
1964.95	0.259339
1965.95	0.259425
1966.95	0.259555
1967.96	0.259698
1968.99	0.259871
1970.02	0.259928
1971.03	0.260014
1972.07	0.260101
1973.08	0.260158
1974.08	0.260302
1975.08	0.260388
1976.09	0.26046
1977.09	0.260546
1978.09	0.260661
1979.13	0.260819
1980.13	0.260848
1981.14	0.260905
1982.21	0.261034
1983.24	0.261078
1984.25	0.261149
1985.29	0.261193
1986.3	0.261293
1987.31	0.261336
1988.32	0.261379
1989.32	0.261451
1990.33	0.261523
1991.33	0.261595
1992.34	0.261638
1993.34	0.261739
1994.4	0.261911
1995.4	0.261954
1996.41	0.261997
1997.41	0.262141
1998.41	0.262213
1999.42	0.262399
2000.42	0.262572
2001.42	0.262787
2002.43	0.263003
2003.43	0.263233
2004.44	0.263506
2005.44	0.263793
2006.48	0.264181
2007.48	0.264325
2008.48	0.264483
2009.48	0.264698
2010.48	0.265072
2011.49	0.265374
2012.49	0.265589
2013.49	0.265733
2014.49	0.265977
2015.51	0.266207
2016.51	0.266437
2017.52	0.266667
2018.54	0.267026
2019.55	0.267198
2020.55	0.267342
2021.56	0.267716
2022.56	0.267945
2023.56	0.268305
2024.56	0.268649
2025.57	0.268879
2026.59	0.269138
2027.59	0.269483
2028.6	0.269713
2029.61	0.269943
2030.61	0.270144
2031.62	0.270431
2032.64	0.270647
2033.65	0.270905
2034.65	0.271135
2035.68	0.271322
2036.7	0.271624
2037.7	0.271897
2038.75	0.272141
2039.83	0.272399
2040.86	0.272543
2041.86	0.272845
2042.88	0.273003
2043.88	0.273348
2044.89	0.273506
2045.9	0.273721
2046.9	0.273865
2047.9	0.274124
2048.9	0.274368
2049.92	0.274555
2050.92	0.274684
2051.92	0.274856
2052.93	0.274986
2053.93	0.27523
2054.95	0.27546
2055.95	0.275675
2056.96	0.275819
2057.97	0.276092
2058.97	0.276365
2059.97	0.276638
2060.98	0.276825
2061.98	0.277098
2063.04	0.277256
2064.04	0.277414
2065.07	0.277629
2066.08	0.277945
2067.08	0.278132
2068.08	0.278405
2069.08	0.278635
2070.09	0.278879
2071.1	0.27921
2072.12	0.279483
2073.14	0.279713
2074.14	0.279842
2075.15	0.280043
2076.15	0.280302
2077.16	0.280532
2078.16	0.280761
2079.17	0.280833
2080.2	0.28102
2081.2	0.281236
2082.21	0.281667
2083.21	0.281954
2084.21	0.282126
2085.21	0.282313
2086.22	0.282514
2087.22	0.282644
2088.22	0.28283
2089.24	0.283103
2090.24	0.283305
2091.26	0.283477
2092.27	0.283635
2093.27	0.283951
2094.27	0.284152
2095.27	0.284339
2096.27	0.284698
2097.28	0.284899
2098.29	0.285043
2099.29	0.285244
2100.29	0.285417
2101.29	0.285661
2102.29	0.285891
2103.3	0.286034
2104.3	0.28625
2105.31	0.286379
2106.31	0.286652
2107.32	0.286796
2108.32	0.286925
2109.32	0.28717
2110.34	0.28727
2111.34	0.287457
2112.35	0.287601
2113.36	0.287701
2114.36	0.287802
2115.38	0.288046
2116.38	0.288161
2117.38	0.288348
2118.39	0.288563
2119.39	0.288693
2120.41	0.288851
2121.41	0.289009
2122.41	0.28921
2123.44	0.289483
2124.45	0.289684
2125.45	0.289871
2126.46	0.290115
2127.47	0.290273
2128.47	0.290517
2129.47	0.290704
2130.49	0.290876
2131.52	0.291034
2132.52	0.291193
2133.53	0.29148
2134.53	0.291638
2135.53	0.291911
2136.53	0.292098
2137.54	0.292227
2138.55	0.292457
2139.57	0.292716
2140.58	0.292974
2141.59	0.293175
2142.59	0.293391
2143.59	0.293491
2144.6	0.293707
2145.61	0.293779
2146.61	0.293922
2147.61	0.293966
2148.62	0.29408
2149.62	0.294411
2150.63	0.294641
2151.63	0.294828
2152.69	0.294928
2153.69	0.29523
2154.69	0.295474
2155.69	0.295733
2156.69	0.295948
2157.7	0.296121
2158.7	0.296379
2159.71	0.296624
2160.71	0.296853
2161.72	0.297069
2162.73	0.29727
2163.74	0.297514
2164.74	0.297687
2165.74	0.297902
2166.74	0.298089
2167.75	0.298247
2168.77	0.29842
2169.78	0.298693
2170.79	0.298922
2171.8	0.299095
2172.8	0.299296
2173.81	0.299368
2174.81	0.299397
2175.81	0.29967
2176.82	0.299828
2177.82	0.300029
2178.82	0.300316
2179.82	0.300517
2180.84	0.300761
2181.84	0.300905
2182.85	0.301193
2183.85	0.301307
2184.87	0.301523
2185.88	0.301667
2186.88	0.301782
2187.9	0.301983
2188.91	0.302155
2189.91	0.302313
2190.92	0.302543
2191.92	0.302672
2192.93	0.302773
2193.93	0.302888
2194.94	0.303032
2195.94	0.303204
2196.95	0.303362
2197.96	0.303549
2198.97	0.30375
2199.97	0.303922
2200.97	0.304066
2201.99	0.304224
2202.99	0.30444
2204	0.304583
2205	0.304871
2206.01	0.305201
2207.01	0.305374
2208.03	0.305575
2209.03	0.305761
2210.03	0.306006
2211.04	0.306164
2212.04	0.306351
2213.04	0.30648
2214.06	0.306624
2215.06	0.306753
2216.07	0.306983
2217.07	0.307256
2218.08	0.307371
2219.08	0.307529
2220.08	0.307744
2221.08	0.307931
2222.09	0.308046
2223.09	0.308175
2224.09	0.308305
2225.1	0.308477
2226.11	0.308635
2227.11	0.308822
2228.12	0.309009
2229.13	0.309224
2230.15	0.309397
2231.15	0.309612
2232.16	0.309713
2233.16	0.309885
2234.17	0.310043
2235.17	0.310316
2236.19	0.310503
2237.21	0.310575
2238.21	0.310704
2239.21	0.310905
2240.21	0.311049
2241.22	0.311236
2242.22	0.311322
2243.23	0.311408
2244.23	0.311537
2245.23	0.311767
2246.23	0.311925
2247.25	0.312098
2248.25	0.312284
2249.25	0.312543
2250.25	0.312716
2251.26	0.312874
2252.27	0.313103
2253.27	0.313276
2254.28	0.313434
2255.28	0.313592
2256.29	0.313736
2257.29	0.313908
2258.3	0.314009
2259.31	0.314195
2260.31	0.314397
2261.31	0.314569
2262.32	0.31477
2263.33	0.314914
2264.33	0.315115
2265.33	0.315216
2266.33	0.315402
2267.34	0.315517
2268.35	0.315675
2269.36	0.31592
2270.37	0.316106
2271.37	0.316207
2272.38	0.316394
2273.38	0.316552
2274.39	0.316681
2275.39	0.316853
2276.39	0.317026
2277.4	0.31717
2278.4	0.317356
2279.4	0.317443
2280.42	0.317557
2281.42	0.317687
2282.42	0.317945
2283.43	0.318089
2284.43	0.318233
2285.44	0.318333
2286.44	0.318391
2287.44	0.318621
2288.45	0.318807
2289.45	0.318966
2290.46	0.319152
2291.47	0.319224
2292.47	0.319425
2293.48	0.319511
2294.5	0.319641
2295.5	0.319727
2296.51	0.319928
2297.51	0.320172
2298.52	0.320359
2299.52	0.320503
2300.52	0.320603
2301.52	0.320675
2302.53	0.320805
2303.53	0.320991
2304.54	0.321092
2305.54	0.321293
2306.55	0.321422
2307.56	0.321566
2308.56	0.321624
2309.56	0.321825
2310.56	0.321954
2311.57	0.322083
2312.57	0.322256
2313.58	0.322342
2314.58	0.322615
2315.59	0.322787
2316.59	0.322845
2317.59	0.322974
2318.6	0.323089
2319.6	0.323305
2320.6	0.323635
2321.61	0.32375
2322.63	0.323937
2323.63	0.324109
2324.64	0.324181
2325.64	0.324325
2326.65	0.324425
2327.66	0.324526
2328.66	0.324626
2329.67	0.324713
2330.68	0.324928
2331.68	0.325086
2332.69	0.325259
2333.7	0.325431
2334.7	0.325489
2335.7	0.325546
2336.71	0.325718
2337.71	0.325862
2338.71	0.325963
2339.72	0.326106
2340.72	0.326178
2341.72	0.326365
2342.72	0.32658
2343.73	0.326724
2344.73	0.326825
2345.74	0.326911
2346.74	0.327098
2347.75	0.327284
2348.76	0.327443
2349.76	0.327529
2350.77	0.327644
2351.78	0.327773
2352.78	0.327902
2353.79	0.328003
2354.79	0.328103
2355.8	0.328147
2356.81	0.328276
2357.81	0.328376
2358.82	0.328606
2359.83	0.328693
2360.83	0.328851
2361.84	0.329009
2362.85	0.329195
2363.85	0.329282
2364.85	0.329425
2365.87	0.329468
2366.88	0.329641
2367.88	0.329813
2368.88	0.329943
2369.91	0.330057
2370.91	0.33023
2371.91	0.330345
2372.91	0.330575
2373.92	0.330704
2374.93	0.330934
2375.93	0.331092
2376.93	0.331365
2377.94	0.331494
2378.94	0.331552
2379.95	0.331624
2380.97	0.331767
2381.97	0.331868
2382.98	0.332112
2384	0.332284
2385	0.332385
2386	0.332543
2387.02	0.332644
2388.03	0.332802
2389.03	0.332989
2390.03	0.333089
2391.03	0.333161
2392.04	0.333348
2393.04	0.333549
2394.05	0.333649
2395.05	0.333793
2396.06	0.333937
2397.07	0.334066
2398.08	0.334282
2399.08	0.334397
2400.1	0.33454
2401.1	0.33467
2402.11	0.334842
2403.11	0.334914
2404.11	0.335029
2405.11	0.335101
2406.13	0.335259
2407.15	0.335359
2408.15	0.335489
2409.15	0.335546
2410.15	0.335661
2411.15	0.335848
2412.15	0.335963
2413.16	0.336193
2414.16	0.336365
2415.17	0.336437
2416.2	0.336566
2417.22	0.336782
2418.22	0.336853
2419.22	0.336983
2420.23	0.337141
2421.25	0.337284
2422.25	0.337371
2423.25	0.337615
2424.28	0.337773
2425.28	0.337945
2426.29	0.338089
2427.32	0.338161
2428.33	0.338276
2429.34	0.338405
2430.34	0.338549
2431.36	0.338707
2432.38	0.338865
2433.38	0.33908
2434.39	0.339195
2435.4	0.339368
2436.41	0.339454
2437.41	0.33967
2438.42	0.339756
2439.42	0.339885
2440.43	0.340014
2441.44	0.340115
2442.44	0.340244
2443.45	0.340431
2444.45	0.34056
2445.45	0.34069
2446.46	0.340862
2447.46	0.34102
2448.47	0.341135
2449.47	0.341236
2450.47	0.341307
2451.48	0.341509
2452.48	0.341624
2453.48	0.341782
2454.5	0.341853
2455.51	0.342026
2456.52	0.342069
2457.52	0.342241
2458.52	0.342443
2459.52	0.342572
2460.54	0.342629
2461.56	0.342759
2462.58	0.342974
2463.58	0.343175
2464.59	0.343305
2465.61	0.343434
2466.61	0.343563
2467.62	0.343736
2468.62	0.343879
2469.63	0.343937
2470.64	0.344037
2471.65	0.344181
2472.65	0.344267
2473.65	0.344397
2474.65	0.344612
2475.66	0.344713
2476.66	0.344928
2477.66	0.345101
2478.68	0.345244
2479.68	0.345359
2480.69	0.345474
2481.69	0.345647
2482.71	0.345747
2483.71	0.345833
2484.72	0.34592
2485.72	0.346006
2486.72	0.346135
2487.72	0.346293
2488.72	0.346466
2489.74	0.346624
2490.74	0.34671
2491.74	0.346753
2492.74	0.346897
2493.74	0.346968
2494.75	0.347055
2495.76	0.347155
2496.76	0.347227
2497.77	0.347486
2498.77	0.347615
2499.77	0.347701
2500.78	0.347802
2501.79	0.347888
2502.81	0.348032
2503.81	0.348218
2504.81	0.348405
2505.83	0.348549
2506.83	0.348635
2507.84	0.348779
2508.85	0.348894
2509.85	0.34898
2510.85	0.349023
2511.86	0.349152
2512.87	0.349282
2513.87	0.349411
2514.88	0.34954
2515.88	0.349641
2516.89	0.349727
2517.89	0.349813
2518.9	0.349885
2519.91	0.349957
2520.92	0.350129
2521.92	0.350187
2522.93	0.350402
2523.93	0.350618
2524.94	0.350747
2525.94	0.350833
2526.95	0.350991
2527.96	0.351149
2528.97	0.351307
2529.97	0.351437
2530.98	0.35158
2531.98	0.351681
2533.01	0.351739
2534.01	0.351782
2535.01	0.351911
2536.02	0.35204
2537.04	0.35217
2538.06	0.352241
2539.06	0.352371
2540.07	0.352457
2541.07	0.352629
2542.08	0.352687
2543.09	0.352759
2544.1	0.352888
2545.13	0.353017
2546.14	0.353147
2547.14	0.353175
2548.15	0.35329
2549.16	0.353491
2550.17	0.353664
2551.18	0.353736
2552.19	0.353851
2553.19	0.353908
2554.19	0.354023
2555.19	0.354109
2556.21	0.354195
2557.21	0.354325
2558.23	0.354382
2559.23	0.354483
2560.23	0.354698
2561.24	0.354899
2562.25	0.355
2563.26	0.355086
2564.27	0.355259
2565.27	0.355388
2566.27	0.355546
2567.28	0.355632
2568.28	0.355776
2569.29	0.355891
2570.31	0.356034
2571.31	0.356178
2572.32	0.356207
2573.32	0.356351
2574.32	0.356422
2575.32	0.356494
2576.33	0.356667
2577.33	0.356767
2578.35	0.356882
2579.35	0.356968
2580.35	0.357098
2581.36	0.357241
2582.37	0.357414
2583.38	0.357471
2584.39	0.357601
2585.4	0.357802
2586.41	0.357931
2587.41	0.358075
2588.43	0.358218
2589.44	0.358348
2590.45	0.358506
2591.46	0.358563
2592.46	0.358707
2593.47	0.358822
2594.47	0.359052
2595.47	0.359152
2596.48	0.359181
2597.48	0.359282
2598.5	0.359454
2599.51	0.359569
2600.51	0.359713
2601.52	0.359856
2602.52	0.360014
2603.53	0.360086
2604.55	0.360201
2605.56	0.360287
2606.56	0.360359
2607.58	0.360517
2608.59	0.360675
2609.59	0.360761
2610.61	0.360848
2611.64	0.36092
2612.64	0.360963
2613.65	0.361034
2614.65	0.361221
2615.65	0.361351
2616.66	0.361422
2617.66	0.361537
2618.67	0.361609
2619.67	0.361695
2620.68	0.361868
2621.68	0.361997
2622.69	0.362126
2623.7	0.362241
2624.7	0.362356
2625.7	0.3625
2626.7	0.362744
2627.72	0.362917
2628.73	0.363046
2629.73	0.363118
2630.73	0.36319
2631.73	0.36342
2632.74	0.363549
2633.74	0.363621
2634.74	0.363736
2635.75	0.363851
2636.76	0.363908
2637.76	0.364066
2638.76	0.364167
2639.78	0.364253
2640.78	0.36444
2641.78	0.364598
2642.79	0.36467
2643.8	0.364784
2644.8	0.364899
2645.81	0.365057
2646.81	0.365158
2647.83	0.365259
2648.83	0.365374
2649.83	0.365474
2650.84	0.365517
2651.85	0.365603
2652.86	0.365661
2653.87	0.365761
2654.87	0.365876
2655.87	0.366006
2656.88	0.366049
2657.88	0.366236
2658.88	0.366264
2659.91	0.366336
2660.91	0.366466
2661.92	0.366552
2662.92	0.366652
2663.94	0.366782
2664.95	0.366897
2665.95	0.366997
2666.97	0.367155
2667.97	0.367256
2668.97	0.367356
2669.97	0.3675
2670.97	0.367615
2671.98	0.367787
2672.98	0.367902
2673.98	0.368017
2674.98	0.368089
2675.98	0.368233
2676.98	0.368276
2677.99	0.368491
2678.99	0.368621
2680.02	0.368807
2681.03	0.368894
2682.03	0.369009
2683.03	0.369095
2684.04	0.369138
2685.05	0.369296
2686.05	0.369397
2687.07	0.369497
2688.08	0.369555
2689.09	0.369655
2690.1	0.369828
2691.1	0.369971
2692.11	0.370043
2693.12	0.370172
2694.13	0.370302
2695.14	0.370474
2696.15	0.370647
2697.15	0.370776
2698.16	0.370948
2699.16	0.371049
2700.17	0.371178
2701.17	0.371236
2702.17	0.371408
2703.19	0.371537
2704.2	0.371695
2705.2	0.371782
2706.2	0.371839
2707.2	0.371853
2708.21	0.371925
2709.21	0.372069
2710.21	0.372227
2711.21	0.372284
2712.23	0.372342
2713.23	0.372457
2714.25	0.372672
2715.25	0.372744
2716.25	0.37283
2717.27	0.373003
2718.29	0.373089
2719.3	0.37319
2720.3	0.373319
2721.3	0.373477
2722.31	0.373592
2723.34	0.373693
2724.34	0.373736
2725.34	0.373807
2726.35	0.374009
2727.35	0.374138
2728.35	0.374282
2729.36	0.374497
2730.36	0.37454
2731.36	0.374655
2732.36	0.374741
2733.37	0.374885
2734.37	0.374986
2735.38	0.375072
2736.38	0.375172
2737.38	0.375273
2738.39	0.37533
2739.39	0.375374
2740.4	0.375474
2741.4	0.37556
2742.41	0.375618
2743.41	0.375776
2744.42	0.375934
2745.42	0.376034
2746.46	0.376106
2747.47	0.376207
2748.47	0.376264
2749.49	0.376351
2750.49	0.376422
2751.5	0.37658
2752.5	0.376667
2753.51	0.376825
2754.51	0.376954
2755.51	0.376997
2756.52	0.377112
2757.52	0.37727
2758.52	0.377356
2759.53	0.377428
2760.53	0.377471
2761.53	0.377572
2762.54	0.377629
2763.54	0.377787
2764.56	0.377917
2765.56	0.377989
2766.57	0.378089
2767.57	0.378204
2768.6	0.378261
2769.6	0.378362
2770.61	0.37842
2771.62	0.378563
2772.62	0.378635
2773.62	0.378693
2774.63	0.378793
2775.65	0.378879
2776.65	0.379023
2777.67	0.379109
2778.68	0.379181
2779.68	0.379368
2780.68	0.379454
2781.7	0.37954
2782.7	0.379641
2783.71	0.379756
2784.71	0.379885
2785.71	0.379971
2786.74	0.380101
2787.74	0.380187
2788.75	0.380302
2789.75	0.380388
2790.75	0.380474
2791.76	0.380532
2792.76	0.380618
2793.77	0.380718
2794.77	0.380862
2795.78	0.380891
2796.78	0.380963
2797.78	0.381063
2798.79	0.381178
2799.79	0.381293
2800.8	0.381336
2801.8	0.381451
2802.8	0.381566
2803.8	0.381695
2804.81	0.381825
2805.82	0.381925
2806.83	0.382011
2807.84	0.382098
2808.84	0.382227
2809.84	0.382342
2810.86	0.382399
2811.86	0.382471
2812.86	0.382543
2813.87	0.382658
2814.88	0.382716
2815.89	0.382859
2816.89	0.382931
2817.91	0.383003
2818.92	0.383032
2819.92	0.383204
2820.92	0.383319
2821.92	0.383434
2822.92	0.383534
2823.92	0.383664
2824.92	0.383721
2825.95	0.383721
2826.95	0.383851
2827.96	0.384023
2828.97	0.384052
2829.97	0.384138
2830.97	0.384253
2831.97	0.384353
2832.97	0.384397
2833.97	0.384511
2834.97	0.384612
2836	0.384727
2837.01	0.384914
2838.01	0.385101
2839.02	0.38523
2840.02	0.385402
2841.03	0.385445
2842.03	0.385603
2843.04	0.385647
2844.05	0.385747
2845.05	0.385819
2846.05	0.38592
2847.06	0.38602
2848.06	0.386063
2849.06	0.386149
2850.07	0.38625
2851.07	0.386322
2852.12	0.386422
2853.13	0.386537
2854.14	0.386638
2855.14	0.386681
2856.14	0.386782
2857.15	0.386897
2858.15	0.38704
2859.15	0.387155
2860.18	0.387241
2861.2	0.387299
2862.21	0.387371
2863.22	0.387414
2864.23	0.387557
2865.24	0.38773
2866.24	0.387888
2867.24	0.387945
2868.25	0.388032
2869.25	0.388089
2870.26	0.388132
2871.26	0.388175
2872.28	0.388362
2873.28	0.38852
2874.28	0.388592
2875.28	0.388678
2876.29	0.388736
2877.3	0.388908
2878.3	0.389009
2879.31	0.389095
2880.31	0.389296
2881.31	0.389425
2882.31	0.389526
2883.32	0.389626
2884.34	0.389856
2885.34	0.390014
2886.35	0.390101
2887.35	0.390172
2888.36	0.390302
2889.37	0.390417
2890.37	0.390517
2891.37	0.390589
2892.38	0.39069
2893.39	0.39092
2894.4	0.391063
2895.41	0.391135
2896.42	0.391193
2897.42	0.39125
2898.43	0.391365
2899.44	0.391466
2900.44	0.391552
2901.44	0.391609
2902.45	0.391695
2903.46	0.391897
2904.47	0.391954
2905.47	0.391983
2906.47	0.392083
2907.47	0.392184
2908.48	0.392414
2909.49	0.392514
2910.49	0.392615
2911.5	0.392687
2912.51	0.392773
2913.51	0.392902
2914.51	0.393032
2915.52	0.393103
2916.52	0.393204
2917.52	0.393276
2918.54	0.393391
2919.55	0.393534
2920.56	0.393635
2921.57	0.393736
2922.59	0.393807
2923.6	0.393879
2924.61	0.393951
2925.61	0.394109
2926.61	0.394224
2927.63	0.394325
2928.64	0.394397
2929.65	0.394511
2930.66	0.394655
2931.66	0.394713
2932.66	0.39477
2933.67	0.394813
2934.67	0.394856
2935.67	0.394986
2936.68	0.395172
2937.7	0.395302
2938.71	0.395345
2939.71	0.395489
2940.71	0.395618
2941.73	0.395718
2942.73	0.395848
2943.76	0.395963
2944.78	0.39602
2945.78	0.396121
2946.78	0.396164
2947.8	0.396221
2948.8	0.396307
2949.81	0.396466
2950.84	0.396609
2951.84	0.39671
2952.86	0.396767
2953.87	0.39681
2954.87	0.396954
2955.88	0.397083
2956.88	0.397155
2957.88	0.397241
2958.89	0.397313
2959.89	0.397385
2960.89	0.397457
2961.91	0.397572
2962.92	0.397629
2963.93	0.397672
2964.93	0.39773
2965.93	0.397874
2966.94	0.398017
2967.95	0.398089
2968.96	0.398103
2969.96	0.398175
2970.96	0.398362
2971.97	0.39842
2972.98	0.39852
2973.99	0.398721
2975	0.398822
2976	0.398894
2977	0.399052
2978.01	0.399181
2979.04	0.399224
2980.04	0.399282
2981.04	0.399425
2982.04	0.399526
2983.04	0.399612
2984.06	0.399684
2985.06	0.399741
2986.08	0.399813
2987.08	0.399914
2988.08	0.400014
2989.08	0.400158
2990.08	0.400302
2991.08	0.400359
2992.09	0.400445
2993.09	0.400532
2994.11	0.400618
2995.11	0.400761
2996.11	0.400905
2997.11	0.40102
2998.12	0.401106
2999.13	0.401207
3000.13	0.401351
3001.13	0.401408
3002.13	0.401523
3003.14	0.401724
3004.16	0.401897
3005.16	0.402026
3006.16	0.40217
3007.16	0.402313
3008.16	0.402557
3009.16	0.402701
3010.17	0.402917
3011.17	0.403147
3012.17	0.403333
3013.17	0.403563
3014.17	0.403707
3015.17	0.403879
3016.18	0.404066
3017.18	0.404239
3018.18	0.404411
3019.19	0.404483
3020.19	0.404598
3021.19	0.404756
3022.19	0.404899
3023.2	0.405057
3024.2	0.405216
3025.2	0.405287
3026.21	0.405503
3027.21	0.405632
3028.21	0.405805
3029.22	0.405977
3030.22	0.406164
3031.22	0.406422
3032.22	0.406566
3033.22	0.40681
3034.23	0.406968
3035.23	0.407126
3036.24	0.407371
3037.24	0.4075
3038.24	0.407644
3039.24	0.407759
3040.24	0.40796
3041.25	0.408089
3042.25	0.408233
3043.25	0.408348
3044.25	0.408463
3045.26	0.408664
3046.26	0.408793
3047.26	0.408994
3048.26	0.409124
3049.26	0.409353
3050.26	0.409454
3051.27	0.409569
3052.27	0.40977
3053.27	0.409914
3054.28	0.410115
3055.28	0.41023
3056.28	0.410359
3057.28	0.410546
3058.29	0.410718
3059.29	0.410891
3060.29	0.411092
3061.29	0.411236
3062.3	0.411523
3063.31	0.411652
3064.31	0.411853
3065.31	0.411911
3066.32	0.412112
3067.32	0.412198
3068.32	0.412385
3069.32	0.412471
3070.33	0.412644
3071.33	0.412802
3072.33	0.412974
3073.34	0.413147
3074.34	0.413204
3075.35	0.413434
3076.36	0.413563
3077.36	0.41375
3078.38	0.413836
3079.38	0.413966
3080.38	0.414124
3081.38	0.414267
3082.39	0.414397
3083.39	0.414511
3084.39	0.414741
3085.39	0.414871
3086.41	0.415086
3087.41	0.415172
3088.41	0.415374
3089.41	0.415546
3090.41	0.415675
3091.42	0.415819
3092.42	0.415963
3093.42	0.416106
3094.43	0.416293
3095.43	0.416379
3096.44	0.416566
3097.44	0.416796
3098.45	0.417026
3099.46	0.417213
3100.46	0.417328
3101.47	0.417471
3102.47	0.417658
3103.47	0.41783
3104.48	0.417945
3105.48	0.418089
3106.48	0.418261
3107.49	0.418491
3108.5	0.418649
3109.5	0.418822
3110.5	0.419009
3111.51	0.419181
3112.51	0.419267
3113.51	0.419397
3114.52	0.419511
3115.52	0.41967
3116.52	0.419899
3117.52	0.420057
3118.52	0.42023
3119.53	0.420417
3120.54	0.420517
3121.54	0.420733
3122.55	0.42092
3123.55	0.421149
3124.55	0.421293
3125.55	0.421466
3126.55	0.421595
3127.55	0.421739
3128.56	0.421925
3129.56	0.422083
3130.56	0.422371
3131.56	0.422572
3132.56	0.422716
3133.57	0.422845
3134.57	0.423032
3135.57	0.423233
3136.58	0.423305
3137.58	0.423434
3138.58	0.423664
3139.59	0.423836
3140.59	0.42398
3141.59	0.424066
3142.59	0.424253
3143.6	0.424339
3144.6	0.424454
3145.6	0.424655
3146.6	0.424784
3147.6	0.424885
3148.62	0.425014
3149.62	0.425144
3150.62	0.425259
3151.62	0.425474
3152.62	0.42569
3153.62	0.425862
3154.63	0.426078
3155.63	0.426149
3156.64	0.426264
3157.64	0.426408
3158.64	0.426638
3159.64	0.426825
3160.65	0.427011
3161.66	0.427213
3162.66	0.427356
3163.66	0.4275
3164.66	0.427615
3165.66	0.427744
3166.68	0.427888
3167.68	0.428132
3168.69	0.428261
3169.69	0.428448
3170.7	0.428635
3171.7	0.428836
3172.7	0.428894
3173.71	0.42908
3174.71	0.429181
3175.71	0.429425
3176.72	0.429583
3177.72	0.429756
3178.75	0.429813
3179.75	0.429957
3180.76	0.430129
3181.76	0.430302
3182.76	0.430546
3183.77	0.430747
3184.77	0.430905
3185.77	0.431006
3186.77	0.431164
3187.78	0.431307
3188.78	0.431552
3189.8	0.431667
3190.81	0.431753
3191.81	0.431882
3192.82	0.432112
3193.82	0.432198
3194.83	0.432457
3195.84	0.432586
3196.84	0.432787
3197.84	0.432945
3198.84	0.433089
3199.84	0.43319
3200.85	0.433348
3201.85	0.433534
3202.85	0.433606
3203.85	0.433764
3204.85	0.433966
3205.85	0.434066
3206.86	0.434138
3207.87	0.434353
3208.87	0.434483
3209.88	0.434583
3210.89	0.434698
3211.89	0.434899
3212.89	0.434971
3213.89	0.435043
3214.89	0.435144
3215.9	0.435244
3216.9	0.435316
3217.9	0.435445
3218.91	0.435532
3219.91	0.435718
3220.94	0.435891
3221.94	0.435977
3222.94	0.436135
3223.95	0.436279
3224.95	0.436408
3225.95	0.436523
3226.95	0.436595
3227.96	0.436753
3228.96	0.436825
3229.97	0.436968
3230.97	0.437155
3231.97	0.437313
3232.97	0.437399
3233.99	0.437586
3234.99	0.437716
3236	0.43783
3237	0.437931
3238	0.438075
3239.01	0.438247
3240.01	0.438348
3241.02	0.438491
3242.03	0.438693
3243.04	0.438836
3244.04	0.438966
3245.05	0.439181
3246.05	0.439339
3247.05	0.439454
3248.06	0.439583
3249.07	0.439713
3250.07	0.439914
3251.07	0.440115
3252.08	0.440244
3253.08	0.44033
3254.08	0.440445
3255.09	0.440575
3256.09	0.440733
3257.09	0.44092
3258.09	0.441049
3259.1	0.441106
3260.1	0.441264
3261.11	0.441408
3262.11	0.441552
3263.11	0.441753
3264.11	0.441897
3265.11	0.44204
3266.11	0.44217
3267.11	0.442342
3268.12	0.442471
3269.13	0.442557
3270.13	0.442759
3271.13	0.442888
3272.13	0.443003
3273.14	0.443204
3274.14	0.443348
3275.15	0.443448
3276.16	0.443578
3277.17	0.443736
3278.17	0.443922
3279.17	0.443994
3280.18	0.444109
3281.18	0.444296
3282.18	0.444411
3283.18	0.444555
3284.19	0.444698
3285.19	0.444856
3286.19	0.445029
3287.19	0.445129
3288.2	0.445187
3289.2	0.445359
3290.21	0.445618
3291.22	0.445733
3292.22	0.445805
3293.22	0.445963
3294.23	0.446106
3295.23	0.446236
3296.23	0.446408
3297.23	0.446552
3298.23	0.44658
3299.24	0.446739
3300.25	0.446825
3301.25	0.446925
3302.25	0.447026
3303.25	0.447112
3304.25	0.447227
3305.25	0.447299
3306.25	0.447457
3307.25	0.447615
3308.26	0.44773
3309.26	0.447874
3310.26	0.44796
3311.28	0.448046
3312.28	0.448175
3313.28	0.448319
3314.29	0.448362
3315.29	0.448491
3316.3	0.448678
3317.3	0.448807
3318.31	0.448879
3319.31	0.448966
3320.31	0.449066
3321.31	0.449224
3322.32	0.449468
3323.32	0.449598
3324.32	0.449684
3325.33	0.449856
3326.34	0.450014
3327.35	0.450144
3328.35	0.450259
3329.36	0.450374
3330.37	0.450517
3331.37	0.450632
3332.37	0.450704
3333.37	0.450819
3334.38	0.450934
3335.38	0.451063
3336.39	0.451149
3337.39	0.451221
3338.39	0.451365
3339.41	0.45148
3340.41	0.451638
3341.41	0.451753
3342.42	0.451825
3343.42	0.451954
3344.43	0.452126
3345.43	0.452299
3346.43	0.452385
3347.44	0.452543
3348.44	0.452744
3349.45	0.452845
3350.45	0.45296
3351.45	0.452974
3352.45	0.453075
3353.46	0.45319
3354.47	0.453333
3355.47	0.453491
3356.47	0.45352
3357.48	0.453606
3358.49	0.453707
3359.49	0.453779
3360.49	0.453865
3361.49	0.45398
3362.5	0.454152
3363.51	0.454253
3364.51	0.454325
3365.52	0.454425
3366.52	0.454454
3367.52	0.454612
3368.53	0.454799
3369.53	0.454871
3370.53	0.454971
3371.54	0.455101
3372.54	0.455201
3373.54	0.455273
3374.54	0.455431
3375.55	0.455489
3376.55	0.455618
3377.55	0.455761
3378.55	0.455891
3379.56	0.456063
3380.57	0.456207
3381.57	0.456394
3382.58	0.456509
3383.58	0.456667
3384.58	0.456782
3385.58	0.456868
3386.58	0.457011
3387.58	0.457184
3388.59	0.457299
3389.62	0.457371
3390.62	0.457471
3391.62	0.457615
3392.62	0.457787
3393.63	0.457945
3394.63	0.458046
3395.63	0.458089
3396.64	0.458233
3397.64	0.458405
3398.64	0.458563
3399.64	0.458678
3400.66	0.458836
3401.66	0.458937
3402.66	0.459009
3403.66	0.459167
3404.66	0.459224
3405.67	0.459325
3406.68	0.45944
3407.68	0.459511
3408.69	0.45967
3409.7	0.45977
3410.71	0.459856
3411.71	0.459957
3412.71	0.460029
3413.71	0.460172
3414.72	0.460273
3415.74	0.460359
3416.74	0.460474
3417.74	0.460589
3418.74	0.460704
3419.74	0.46079
3420.75	0.46092
3421.75	0.461121
3422.75	0.461178
3423.75	0.461322
3424.76	0.461408
3425.76	0.461494
3426.77	0.461667
3427.77	0.461767
3428.77	0.46194
3429.78	0.462083
3430.78	0.462241
3431.78	0.462328
3432.78	0.462356
3433.78	0.462557
3434.81	0.462672
3435.81	0.462744
3436.81	0.462859
3437.82	0.463003
3438.82	0.463075
3439.82	0.463204
3440.83	0.463276
3441.83	0.463391
3442.83	0.46352
3443.83	0.463649
3444.84	0.463736
3445.84	0.463793
3446.84	0.463966
3447.84	0.464095
3448.84	0.464253
3449.85	0.464296
3450.85	0.464411
3451.85	0.464497
3452.86	0.464583
3453.86	0.46467
3454.87	0.46477
3455.87	0.464943
3456.87	0.465086
3457.87	0.465158
3458.87	0.465316
3459.88	0.465388
3460.89	0.465474
3461.89	0.465532
3462.89	0.465718
3463.89	0.465776
3464.9	0.465848
3465.9	0.465991
3466.91	0.466135
3467.91	0.466279
3468.91	0.466307
3469.91	0.466394
3470.91	0.466451
3471.92	0.466566
3472.92	0.46671
3473.92	0.466839
3474.92	0.466868
3475.92	0.466911
3476.93	0.467141
3477.94	0.467328
3478.94	0.467428
3479.95	0.4675
3480.95	0.467672
3481.96	0.467716
3482.97	0.467874
3483.97	0.467945
3484.97	0.468046
3485.98	0.468147
3486.98	0.468175
3487.99	0.468319
3488.99	0.46852
3490	0.468592
3491	0.468678
3492	0.46875
3493	0.468908
3494.01	0.469037
3495.01	0.469124
3496.02	0.469282
3497.02	0.469411
3498.02	0.469468
3499.03	0.469511
3500.03	0.469684
3501.03	0.469813
3502.04	0.469971
3503.04	0.470129
3504.05	0.47033
3505.05	0.470489
3506.06	0.470603
3507.06	0.470704
3508.06	0.470805
3509.07	0.470963
3510.07	0.471063
3511.07	0.471178
3512.08	0.471322
3513.08	0.471394
3514.09	0.471509
3515.09	0.471609
3516.1	0.471667
3517.1	0.471767
3518.11	0.471839
3519.11	0.471897
3520.12	0.472011
3521.12	0.472126
3522.12	0.47227
3523.12	0.472414
3524.12	0.472529
3525.13	0.472586
3526.13	0.472744
3527.15	0.472917
3528.15	0.472989
3529.15	0.473132
3530.16	0.473247
3531.16	0.473376
3532.16	0.473463
3533.17	0.473635
3534.17	0.473793
3535.17	0.473922
3536.17	0.474167
3537.17	0.474296
3538.17	0.474411
3539.17	0.474497
3540.18	0.474626
3541.18	0.474713
3542.19	0.474813
3543.19	0.474928
3544.19	0.475057
3545.2	0.475115
3546.2	0.475201
3547.21	0.475345
3548.21	0.475503
3549.21	0.47556
3550.21	0.475603
3551.21	0.475733
3552.21	0.475891
3553.22	0.475948
3554.22	0.476063
3555.23	0.476121
3556.23	0.476221
3557.24	0.476279
3558.24	0.476379
3559.24	0.476494
3560.25	0.476638
3561.25	0.47671
3562.25	0.47681
3563.26	0.476925
3564.26	0.476997
3565.26	0.477069
3566.26	0.477141
3567.27	0.47727
3568.27	0.477486
3569.28	0.477557
3570.29	0.477672
3571.3	0.47773
3572.3	0.477874
3573.3	0.477974
3574.3	0.47806
3575.31	0.478118
3576.31	0.478247
3577.31	0.478305
3578.31	0.478434
3579.32	0.478506
3580.32	0.478621
3581.34	0.478721
3582.34	0.478793
3583.34	0.478894
3584.35	0.479009
3585.36	0.479181
3586.37	0.479296
3587.37	0.479368
3588.37	0.479454
3589.37	0.479555
3590.38	0.479684
3591.38	0.479784
3592.38	0.479957
3593.39	0.480086
3594.39	0.480216
3595.39	0.480273
3596.4	0.480359
3597.4	0.480445
3598.4	0.48056
3599.4	0.480718
3600.41	0.480891
3601.41	0.481034
3602.42	0.481106
3603.42	0.48125
3604.42	0.481293
3605.42	0.481437
3606.43	0.481509
3607.43	0.481595
3608.44	0.481667
3609.45	0.481724
3610.45	0.481796
3611.46	0.481911
3612.46	0.482069
3613.46	0.482184
3614.47	0.482241
3615.47	0.482284
3616.47	0.482414
3617.47	0.482471
3618.49	0.482629
3619.5	0.482759
3620.53	0.482917
3621.53	0.48296
3622.53	0.483032
3623.53	0.483161
3624.53	0.48329
3625.54	0.483405
3626.55	0.483448
3627.55	0.483606
3628.55	0.483736
3629.55	0.483851
3630.56	0.483951
3631.56	0.48398
3632.57	0.484095
3633.58	0.484167
3634.58	0.48421
3635.59	0.484339
3636.59	0.484425
3637.59	0.484569
3638.6	0.484684
3639.6	0.484727
3640.6	0.484799
3641.61	0.484914
3642.61	0.484971
3643.61	0.485086
3644.62	0.485259
3645.63	0.485359
3646.63	0.485402
3647.64	0.485503
3648.64	0.485603
3649.64	0.485733
3650.64	0.485805
3651.64	0.485934
3652.64	0.486034
3653.64	0.486164
3654.65	0.486307
3655.65	0.48648
3656.65	0.486595
3657.65	0.486681
3658.65	0.486739
3659.65	0.486882
3660.67	0.486997
3661.67	0.487069
3662.67	0.487155
3663.68	0.487227
3664.68	0.487328
3665.69	0.487371
3666.69	0.487457
3667.7	0.487557
3668.73	0.487687
3669.73	0.487845
3670.73	0.487917
3671.74	0.488017
3672.74	0.488075
3673.74	0.488233
3674.75	0.488348
3675.75	0.488405
3676.76	0.48852
3677.76	0.488578
3678.77	0.488678
3679.78	0.488779
3680.78	0.488851
3681.78	0.488994
3682.79	0.489109
3683.79	0.489167
3684.79	0.489239
3685.79	0.489411
3686.8	0.489511
3687.8	0.489641
3688.81	0.489756
3689.81	0.489885
3690.82	0.490029
3691.82	0.490172
3692.82	0.490244
3693.83	0.490359
3694.83	0.490503
3695.84	0.490603
3696.84	0.490776
3697.84	0.490848
3698.85	0.49092
3699.85	0.491106
3700.85	0.491207
3701.86	0.491279
3702.86	0.491336
3703.87	0.491437
3704.87	0.491624
3705.87	0.49171
3706.87	0.491796
3707.88	0.491853
3708.88	0.49204
3709.88	0.49217
3710.89	0.492313
3711.89	0.492399
3712.89	0.492529
3713.9	0.492629
3714.9	0.492773
3715.9	0.492859
3716.91	0.492902
3717.92	0.492945
3718.93	0.492989
3719.94	0.493103
3720.94	0.493247
3721.95	0.493348
3722.95	0.493463
3723.95	0.493506
3724.95	0.493621
3725.95	0.493793
3726.96	0.493879
3727.96	0.49398
3728.96	0.494095
3729.96	0.494224
3730.97	0.494325
3731.97	0.494425
3732.98	0.494483
3733.99	0.494641
3735	0.49477
3736.01	0.494914
3737.02	0.494986
3738.02	0.495101
3739.02	0.495172
3740.03	0.495273
3741.03	0.49533
3742.03	0.495474
3743.03	0.495575
3744.04	0.49569
3745.05	0.495747
3746.05	0.495862
3747.05	0.495905
3748.06	0.495934
3749.07	0.496063
3750.07	0.496207
3751.08	0.496264
3752.08	0.496351
3753.08	0.496466
3754.08	0.496552
3755.08	0.496638
3756.09	0.49671
3757.09	0.496868
3758.09	0.49694
3759.09	0.497112
3760.09	0.497141
3761.09	0.497227
3762.1	0.497284
3763.1	0.497399
3764.11	0.497514
3765.11	0.497658
3766.12	0.497716
3767.12	0.497802
3768.12	0.49783
3769.14	0.497931
3770.14	0.497989
3771.15	0.498017
3772.15	0.498204
3773.16	0.49829
3774.16	0.498362
3775.17	0.498448
3776.18	0.498506
3777.19	0.498549
3778.19	0.498635
3779.19	0.498693
3780.19	0.498721
3781.2	0.498894
3782.21	0.499009
3783.21	0.499124
3784.21	0.499224
3785.21	0.499353
3786.21	0.49944
3787.22	0.499483
3788.23	0.499555
3789.23	0.499698
3790.24	0.499856
3791.25	0.499914
3792.25	0.5
3793.25	0.500129
3794.25	0.500187
3795.26	0.500302
3796.26	0.500388
3797.26	0.500474
3798.27	0.500575
3799.27	0.500704
3800.27	0.500819
3801.27	0.500934
3802.28	0.501063
3803.29	0.501178
3804.3	0.501221
3805.3	0.501293
3806.31	0.501379
3807.31	0.501451
3808.31	0.501509
3809.33	0.501566
3810.33	0.501681
3811.34	0.501825
3812.35	0.501897
3813.35	0.502026
3814.35	0.502155
3815.36	0.502213
3816.36	0.502313
3817.37	0.502342
3818.37	0.502457
3819.37	0.502572
3820.38	0.502658
3821.38	0.502701
3822.39	0.502816
3823.39	0.502945
3824.41	0.503046
3825.41	0.503175
3826.41	0.50329
3827.42	0.503448
3828.42	0.503578
3829.43	0.503678
3830.43	0.50375
3831.43	0.503807
3832.44	0.503894
3833.45	0.504009
3834.45	0.50408
3835.45	0.504138
3836.45	0.504282
3837.45	0.504368
3838.45	0.50444
3839.45	0.504511
3840.46	0.504598
3841.46	0.50467
3842.47	0.504842
3843.47	0.504914
3844.48	0.505072
3845.48	0.505144
3846.49	0.505244
3847.49	0.505345
3848.5	0.505445
3849.51	0.505532
3850.52	0.505603
3851.52	0.505733
3852.52	0.505819
3853.53	0.505905
3854.53	0.505963
3855.54	0.506006
3856.54	0.506049
3857.55	0.506149
3858.55	0.506207
3859.55	0.506279
3860.56	0.506437
3861.56	0.50648
3862.56	0.506566
3863.56	0.506667
3864.56	0.506839
3865.57	0.506911
3866.57	0.506983
3867.58	0.50704
3868.58	0.507083
3869.59	0.507184
3870.59	0.507313
3871.6	0.507399
3872.6	0.507428
3873.62	0.507543
3874.62	0.507687
3875.63	0.507787
3876.63	0.50783
3877.64	0.507917
3878.64	0.507974
3879.65	0.508046
3880.66	0.508175
3881.66	0.508305
3882.66	0.508463
3883.66	0.508563
3884.67	0.508649
3885.67	0.508736
3886.67	0.508822
3887.67	0.508851
3888.69	0.508937
3889.69	0.50898
3890.69	0.50908
3891.7	0.509181
3892.7	0.509253
3893.7	0.50931
3894.71	0.509382
3895.71	0.50944
3896.72	0.509526
3897.73	0.509626
3898.74	0.509684
3899.74	0.509741
3900.74	0.509784
3901.74	0.509899
3902.75	0.509943
3903.76	0.510029
3904.76	0.510115
3905.76	0.510201
3906.77	0.510287
3907.77	0.510374
3908.77	0.510503
3909.77	0.51056
3910.78	0.510675
3911.78	0.510819
3912.78	0.510862
3913.78	0.510991
3914.78	0.511149
3915.79	0.511264
3916.79	0.511351
3917.79	0.511509
3918.79	0.511638
3919.8	0.511753
3920.8	0.511825
3921.8	0.511882
3922.81	0.51194
3923.81	0.511983
3924.81	0.512055
3925.82	0.512098
3926.83	0.512112
3927.83	0.51227
3928.83	0.512371
3929.83	0.512471
3930.83	0.512557
3931.83	0.512672
3932.83	0.512759
3933.83	0.512845
3934.84	0.512945
3935.85	0.513003
3936.85	0.513075
3937.85	0.513175
3938.85	0.513261
3939.86	0.513305
3940.86	0.513448
3941.86	0.513578
3942.86	0.513649
3943.87	0.513736
3944.88	0.513779
3945.88	0.513822
3946.88	0.513908
3947.88	0.51398
3948.89	0.51408
3949.89	0.514152
3950.89	0.514181
3951.9	0.514253
3952.9	0.514382
3953.92	0.514497
3954.92	0.514598
3955.92	0.514698
3956.92	0.514784
3957.93	0.514943
3958.93	0.515029
3959.94	0.515115
3960.94	0.515302
3961.94	0.515388
3962.94	0.515474
3963.94	0.515546
3964.95	0.515632
3965.95	0.51569
3966.95	0.515747
3967.96	0.515833
3968.96	0.515963
3969.97	0.51602
3970.97	0.516049
3971.97	0.516149
3972.97	0.51625
3973.98	0.516365
3974.98	0.516394
3975.98	0.516466
3976.99	0.516552
3977.99	0.516638
3978.99	0.516681
3980	0.51671
3981	0.516753
3982.02	0.51681
3983.03	0.516911
3984.03	0.517026
3985.03	0.517155
3986.03	0.51727
3987.03	0.517342
3988.03	0.517471
3989.03	0.517557
3990.04	0.517615
3991.04	0.517744
3992.04	0.517773
3993.04	0.517888
3994.04	0.517989
3995.04	0.518089
3996.04	0.518204
3997.04	0.518348
3998.05	0.518448
3999.06	0.518506
