time	scale_fac	average kmc radical concentration	ode radical concentration
0.120101  54.3415 6.70977e-05 1.23474e-06 1111111
10.1283  81.0932 2.08245e-05 2.56797e-07 0.310361
20.1421  142.188 2.87473e-05 2.02179e-07 0.42844
30.1549  114.452 2.0101e-05 1.75629e-07 0.299578
40.1621  113.89 1.80935e-05 1.58868e-07 0.269659
50.2508  90.2742 1.3257e-05 1.46852e-07 0.197577
60.2839  85.4809 1.17743e-05 1.37742e-07 0.175481
70.2877  79.5878 1.03849e-05 1.30484e-07 0.154773
80.3019  95.393 1.18751e-05 1.24486e-07 0.176982
90.3704  115.717 1.38152e-05 1.19388e-07 0.205897
100.456  128.818 1.4813e-05 1.14992e-07 0.220767
110.651  171.234 1.90259e-05 1.1111e-07 0.283555
120.792  179.897 1.93745e-05 1.07698e-07 0.288751
130.797  225.864 2.36451e-05 1.04687e-07 0.352397
140.811  293.203 2.98973e-05 1.01968e-07 0.445579
150.857  260.352 2.5902e-05 9.94882e-08 0.386034
160.914  167.312 1.62657e-05 9.72177e-08 0.242417
170.942  108.802 1.0351e-05 9.51355e-08 0.154267
181.044  79.7497 7.43244e-06 9.31971e-08 0.11077
191.066  69.2551 6.33074e-06 9.14118e-08 0.094351
201.08  62.9653 5.65108e-06 8.97492e-08 0.0842217
211.638  63.3905 5.58547e-06 8.81121e-08 0.0832438
221.806  60.9922 5.2841e-06 8.66356e-08 0.0787523
232.075  49.1158 4.18632e-06 8.52337e-08 0.0623914
242.224  46.2211 3.87922e-06 8.39274e-08 0.0578145
252.761  56.7474 4.68998e-06 8.26466e-08 0.0698978
262.805  58.7957 4.7913e-06 8.14905e-08 0.0714078
272.876  72.648 5.84012e-06 8.03893e-08 0.0870391
283.072  70.406 5.5852e-06 7.93285e-08 0.0832399
293.072  73.2015 5.73436e-06 7.83366e-08 0.0854628
303.076  64.5099 4.99234e-06 7.73888e-08 0.0744041
313.156  56.1649 4.29521e-06 7.64751e-08 0.0640143
323.221  65.752 4.97093e-06 7.56013e-08 0.074085
333.725  95.253 7.118e-06 7.47273e-08 0.106084
344.1  98.5102 7.27986e-06 7.38996e-08 0.108496
354.242  95.3718 6.97379e-06 7.31221e-08 0.103935
364.396  109.916 7.95497e-06 7.2373e-08 0.118558
374.427  104.001 7.45271e-06 7.166e-08 0.111072
384.493  96.9407 6.87986e-06 7.09697e-08 0.102535
394.582  83.5003 5.87022e-06 7.03018e-08 0.0874876
404.642  82.2237 5.72755e-06 6.96581e-08 0.0853613
414.849  76.3349 5.26914e-06 6.90266e-08 0.0785294
425.004  75.1313 5.14038e-06 6.84186e-08 0.0766103
435.25  117.104 7.94252e-06 6.78246e-08 0.118372
445.585  147.919 9.94665e-06 6.72441e-08 0.148241
455.586  145.353 9.69494e-06 6.66993e-08 0.14449
465.646  176.958 1.17088e-05 6.61672e-08 0.174504
475.76  214.23 1.40637e-05 6.56476e-08 0.2096
485.782  227.376 1.48129e-05 6.51471e-08 0.220766
495.87  322.631 2.08604e-05 6.46571e-08 0.310896
505.882  434.513 2.78887e-05 6.41838e-08 0.415643
515.889  488.14 3.11058e-05 6.37231e-08 0.46359
525.91  563.929 3.56818e-05 6.32736e-08 0.531789
535.923  486.62 3.05772e-05 6.28358e-08 0.455711
545.941  595.522 3.71657e-05 6.24087e-08 0.553905
556.075  662.431 4.10622e-05 6.19871e-08 0.611976
566.124  647.434 3.98684e-05 6.15791e-08 0.594184
576.164  637.166 3.89825e-05 6.11811e-08 0.580981
586.197  671.412 4.08168e-05 6.07925e-08 0.608319
596.311  786.307 4.75006e-05 6.04097e-08 0.707931
606.311  960.274 5.76545e-05 6.00397e-08 0.859263
616.389  1154.84 6.89151e-05 5.9675e-08 1.02709
626.581  959.477 5.69106e-05 5.93142e-08 0.848175
636.601  1002.94 5.91403e-05 5.89671e-08 0.881406
646.621  1081.25 6.33904e-05 5.86272e-08 0.944748
656.678  1249.71 7.28495e-05 5.82931e-08 1.08572
666.895  1068.12 6.19087e-05 5.79607e-08 0.922665
676.906  1130 6.5135e-05 5.76415e-08 0.970749
686.984  1239.07 7.10317e-05 5.73265e-08 1.05863
697.069  1475.8 8.41461e-05 5.70174e-08 1.25408
707.166  1956.14 0.00011094 5.67139e-08 1.65341
717.221  1747.81 9.86071e-05 5.64174e-08 1.46961
727.338  1861.14 0.000104456 5.61247e-08 1.55677
737.379  1864.46 0.00010411 5.58394e-08 1.55162
747.444  2341.55 0.000130094 5.55587e-08 1.93887
757.466  1821.03 0.000100674 5.52842e-08 1.50041
767.469  2136.95 0.000117564 5.5015e-08 1.75214
777.502  2541.1 0.000139124 5.47497e-08 2.07346
787.514  2673.44 0.000145674 5.44895e-08 2.17108
797.516  2985.73 0.000161928 5.42339e-08 2.41332
807.55  2681.87 0.000144773 5.39819e-08 2.15764
817.55  2760.43 0.000148331 5.37348e-08 2.21067
827.617  2882.41 0.000154181 5.34901e-08 2.29785
837.631  2294.18 0.000122167 5.32506e-08 1.82073
847.638  2540.3 0.000134674 5.30152e-08 2.00714
857.747  2223.08 0.000117337 5.2781e-08 1.74874
867.863  2415.48 0.000126935 5.25504e-08 1.89179
877.939  2528.34 0.000132294 5.23243e-08 1.97166
888.021  2598.59 0.00013539 5.21014e-08 2.01781
898.023  2569.7 0.000133326 5.18837e-08 1.98704
908.162  2563.51 0.000132447 5.16663e-08 1.97394
918.216  2532.8 0.000130323 5.14539e-08 1.94228
928.242  3028.56 0.000155199 5.12452e-08 2.31304
938.285  2844.5 0.000145181 5.10392e-08 2.16373
948.336  3250.58 0.000165246 5.08359e-08 2.46277
958.401  4002.55 0.00020267 5.06352e-08 3.02052
968.484  4251 0.000214408 5.0437e-08 3.19545
978.538  4136.98 0.00020785 5.02421e-08 3.09773
988.545  4111.18 0.000205768 5.00507e-08 3.06669
998.684  3954.48 0.000197168 4.98595e-08 2.93852
1008.69  2201.73 0.000468301 2.12697e-07 6.97939
1018.75  1659.79 0.00033452 2.01544e-07 4.98557
1028.76  1604.81 0.000308684 1.92349e-07 4.60051
1038.76  1669.74 0.000308163 1.84557e-07 4.59274
1048.76  1669.45 0.000296868 1.77824e-07 4.42442
1058.78  1714.49 0.000294751 1.71918e-07 4.39286
1068.78  1658.45 0.000276438 1.66685e-07 4.11993
1078.78  1810.65 0.000293323 1.61999e-07 4.37158
1088.78  1880.91 0.000296743 1.57766e-07 4.42256
1098.8  2118.96 0.000326127 1.53909e-07 4.86048
1108.83  1864.45 0.000280369 1.50376e-07 4.17851
1118.83  1872.24 0.000275466 1.47132e-07 4.10544
1128.83  1732.06 0.000249645 1.44132e-07 3.72062
1138.83  1912.02 0.000270254 1.41345e-07 4.02777
1148.86  1882.49 0.000261177 1.3874e-07 3.89249
1158.88  1884.5 0.000256862 1.36303e-07 3.82818
1168.9  1894.32 0.000253872 1.34018e-07 3.78362
1178.95  1947.46 0.00025679 1.31859e-07 3.82711
1188.96  2193.2 0.000284744 1.29831e-07 4.24373
1198.96  2555.71 0.00032691 1.27913e-07 4.87214
1208.97  2797.71 0.000352774 1.26094e-07 5.25762
1218.99  2947.7 0.000366586 1.24363e-07 5.46347
1228.99  2896.08 0.000355404 1.22719e-07 5.29682
1239  3109.7 0.00037674 1.2115e-07 5.6148
1249  2792.09 0.000334081 1.19653e-07 4.97902
1259.01  2776.46 0.000328232 1.1822e-07 4.89186
1269.01  2785.1 0.000325432 1.16848e-07 4.85013
1279.02  2656.92 0.000306955 1.1553e-07 4.57475
1289.03  2564.13 0.000292994 1.14266e-07 4.36668
1299.03  2621.93 0.000296413 1.13051e-07 4.41763
1309.03  2700.44 0.000302129 1.11881e-07 4.50282
1319.05  2676.23 0.000296397 1.10752e-07 4.4174
1329.07  2881.53 0.000315998 1.09663e-07 4.70952
1339.07  2944.46 0.000319807 1.08613e-07 4.76629
1349.08  3143.49 0.000338234 1.07598e-07 5.04091
1359.08  3180.75 0.000339123 1.06617e-07 5.05416
1369.1  3329.16 0.00035178 1.05667e-07 5.24281
1379.1  3181.34 0.000333235 1.04747e-07 4.96641
1389.14  3449.48 0.000358233 1.03851e-07 5.33897
1399.15  3373.17 0.000347388 1.02986e-07 5.17735
1409.16  3542.13 0.000361813 1.02146e-07 5.39233
1419.16  3306.4 0.000335037 1.0133e-07 4.99327
1429.17  3331.69 0.000334957 1.00537e-07 4.99208
1439.17  3367.36 0.000335948 9.97657e-08 5.00684
1449.2  3414.99 0.000338133 9.90141e-08 5.03941
1459.2  3766.31 0.000370167 9.82836e-08 5.51683
1469.2  3757.92 0.000366669 9.75722e-08 5.4647
1479.21  4062.14 0.000393532 9.68782e-08 5.86507
1489.21  3973.63 0.000382272 9.62023e-08 5.69724
1499.24  3723.87 0.000355784 9.55415e-08 5.30248
1509.25  3740.74 0.000354986 9.48971e-08 5.29058
1519.27  3950.6 0.000372413 9.42676e-08 5.55031
1529.27  4038.03 0.000378176 9.36537e-08 5.6362
1539.29  3888.93 0.000361877 9.3053e-08 5.39328
1549.3  4201.12 0.000388462 9.24661e-08 5.78949
1559.31  4738.15 0.000435401 9.18925e-08 6.48905
1569.31  4786.58 0.000437164 9.13313e-08 6.51534
1579.32  3800.03 0.000344974 9.07821e-08 5.14137
1589.33  3930.79 0.000354733 9.02445e-08 5.28681
1599.35  3491.33 0.000313231 8.97168e-08 4.66828
1609.37  3203.97 0.000285796 8.92007e-08 4.25941
1619.37  2966.49 0.000263114 8.86956e-08 3.92136
1629.39  2924.54 0.000257942 8.81994e-08 3.84428
1639.39  2892.07 0.000253675 8.7714e-08 3.78068
1649.4  2711.91 0.000236581 8.72378e-08 3.52592
1659.42  2421.56 0.000210119 8.67699e-08 3.13153
1669.43  1752.02 0.000151219 8.63109e-08 2.25371
1679.43  1742.76 0.000149635 8.58611e-08 2.2301
1689.44  1632.21 0.000139422 8.54191e-08 2.0779
1699.45  1604.21 0.000136334 8.49852e-08 2.03188
1709.45  1513.11 0.000127947 8.45591e-08 1.90688
1719.52  1415.14 0.000119066 8.41375e-08 1.77452
1729.54  1437.44 0.000120351 8.37256e-08 1.79367
1739.57  1495.18 0.000124579 8.33201e-08 1.85667
1749.58  1448.92 0.000120148 8.29223e-08 1.79064
1759.58  1470.5 0.000121363 8.25313e-08 1.80874
1769.59  1494.71 0.000122786 8.21466e-08 1.82995
1779.61  1464.78 0.000119772 8.17678e-08 1.78504
1789.62  1588.29 0.000129279 8.13952e-08 1.92673
1799.63  1682.89 0.000136362 8.10288e-08 2.0323
1809.64  1540.81 0.000124294 8.06679e-08 1.85243
1819.67  1622.46 0.000130303 8.0312e-08 1.94199
1829.67  1611.08 0.000128826 7.99625e-08 1.91998
1839.68  1422.91 0.00011329 7.96181e-08 1.68843
1849.7  1582.96 0.000125495 7.92784e-08 1.87033
1859.78  1656.08 0.000130734 7.89418e-08 1.94841
1869.8  1534.98 0.000120667 7.86119e-08 1.79838
1879.82  1578.42 0.00012357 7.8287e-08 1.84164
1889.83  1646.81 0.000128397 7.79672e-08 1.91358
1899.84  1525.08 0.000118425 7.76517e-08 1.76496
1909.87  1236 9.55925e-05 7.73403e-08 1.42468
1919.87  1152.94 8.88158e-05 7.7034e-08 1.32368
1929.87  1138.53 8.73615e-05 7.67317e-08 1.302
1939.88  1125.14 8.59984e-05 7.64335e-08 1.28169
1949.89  892.647 6.79655e-05 7.61393e-08 1.01293
1959.89  708.613 5.37476e-05 7.58489e-08 0.801034
1969.9  792.469 5.9881e-05 7.55626e-08 0.892446
1979.91  798.342 6.0099e-05 7.52798e-08 0.895694
1989.95  739.025 5.54267e-05 7.49998e-08 0.82606
2000.01  340.822 6.40846e-05 1.8803e-07 0.955095
2010.01  365.883 6.74162e-05 1.84256e-07 1.00475
2020.02  375.03 6.77838e-05 1.80742e-07 1.01023
2030.02  380.33 6.74934e-05 1.7746e-07 1.0059
2040.03  391.092 6.8199e-05 1.74381e-07 1.01641
2050.04  437.586 7.50398e-05 1.71486e-07 1.11837
2060.05  467.701 7.89297e-05 1.68761e-07 1.17634
2070.05  534.832 8.88813e-05 1.66185e-07 1.32466
2080.06  571.179 9.3528e-05 1.63746e-07 1.39391
2090.07  610.301 9.85213e-05 1.61431e-07 1.46833
2100.07  691.061 0.000110038 1.59231e-07 1.63997
2110.09  730.633 0.000114805 1.57131e-07 1.71101
2120.09  713.996 0.000110762 1.5513e-07 1.65076
2130.1  767.213 0.00011755 1.53217e-07 1.75193
2140.1  773.314 0.00011707 1.51388e-07 1.74477
2150.13  785.288 0.000117502 1.49629e-07 1.7512
2160.14  816.262 0.000120762 1.47945e-07 1.79979
2170.15  966.793 0.000141468 1.46328e-07 2.10839
2180.15  991.9 0.000143599 1.44772e-07 2.14015
2190.15  1078.64 0.00015454 1.43274e-07 2.30321
2200.17  1179.58 0.000167297 1.41828e-07 2.49333
2210.18  1378.48 0.000193584 1.40432e-07 2.8851
2220.19  1381.48 0.000192144 1.39086e-07 2.86365
2230.2  1462.24 0.000201472 1.37783e-07 3.00267
2240.21  1582.29 0.00021602 1.36523e-07 3.21948
2250.23  1672.89 0.000226347 1.35303e-07 3.37339
2260.23  1503.72 0.000201681 1.34122e-07 3.00578
2270.23  1659.6 0.000220687 1.32976e-07 3.28904
2280.24  1758.77 0.000231921 1.31865e-07 3.45646
2290.24  1866.34 0.00024409 1.30786e-07 3.63783
2300.25  1922.42 0.000249409 1.29737e-07 3.7171
2310.25  2079.39 0.000267654 1.28718e-07 3.98901
2320.25  2229.96 0.000284824 1.27726e-07 4.24492
2330.26  2414.17 0.000306022 1.26761e-07 4.56084
2340.26  2470.85 0.000310885 1.25821e-07 4.63332
2350.27  2522.33 0.000315051 1.24905e-07 4.6954
2360.27  2654.74 0.00032922 1.24012e-07 4.90658
2370.28  2771.06 0.000341233 1.23141e-07 5.08561
2380.3  3083.64 0.0003771 1.22291e-07 5.62017
2390.3  3138.49 0.000381205 1.21462e-07 5.68135
2400.32  3316.98 0.000400198 1.20651e-07 5.96441
2410.33  3483.8 0.000417566 1.1986e-07 6.22326
2420.37  3328.7 0.000396393 1.19084e-07 5.9077
2430.37  3565.96 0.000421953 1.18328e-07 6.28863
2440.38  3651.48 0.000429373 1.17589e-07 6.39922
2450.39  3971.42 0.00046412 1.16865e-07 6.91708
2460.4  4057.13 0.000471264 1.16157e-07 7.02354
2470.4  4105.43 0.000474028 1.15464e-07 7.06475
2480.41  4172.26 0.000478912 1.14785e-07 7.13754
2490.41  4242.02 0.0004841 1.1412e-07 7.21484
2500.41  4110.74 0.00046644 1.13468e-07 6.95165
2510.41  4202.3 0.000474145 1.1283e-07 7.06649
2520.42  4335.45 0.000486452 1.12203e-07 7.2499
2530.42  4545.66 0.000507246 1.11589e-07 7.55981
2540.43  4719.53 0.000523801 1.10986e-07 7.80655
2550.43  4643.55 0.000512621 1.10394e-07 7.63992
2560.45  4597.04 0.000504813 1.09813e-07 7.52355
2570.47  5008.57 0.000547144 1.09242e-07 8.15444
2580.48  5209.2 0.000566143 1.08681e-07 8.4376
2590.51  5384.12 0.000582182 1.08129e-07 8.67664
2600.52  5527.06 0.000594651 1.07589e-07 8.86246
2610.52  5521.86 0.000591158 1.07058e-07 8.81041
2620.52  5226.96 0.000556858 1.06536e-07 8.29921
2630.52  4909.72 0.00052054 1.06022e-07 7.75794
2640.53  5016.9 0.000529369 1.05517e-07 7.88953
2650.54  5104.94 0.000536123 1.0502e-07 7.99019
2660.55  4827.68 0.000504644 1.04531e-07 7.52103
2670.55  4638.07 0.000482594 1.04051e-07 7.1924
2680.56  4819.26 0.000499166 1.03577e-07 7.43938
2690.57  4904.96 0.000505756 1.03111e-07 7.53761
2700.57  5245.54 0.000538468 1.02653e-07 8.02513
2710.57  5321.06 0.000543818 1.02201e-07 8.10486
2720.58  5271.46 0.000536402 1.01756e-07 7.99435
2730.58  5618.45 0.000569248 1.01318e-07 8.48386
2740.59  5365.77 0.000541331 1.00886e-07 8.0678
2750.59  5369.09 0.000539382 1.0046e-07 8.03875
2760.59  5456.32 0.000545857 1.00041e-07 8.13526
2770.59  5049.68 0.00050309 9.9628e-08 7.49787
2780.6  5065.36 0.000502586 9.92202e-08 7.49036
2790.61  5129.62 0.000506901 9.88184e-08 7.55466
2800.61  5247.42 0.000516463 9.84222e-08 7.69717
2810.62  5407.18 0.000530073 9.80313e-08 7.90002
2820.64  5769.39 0.000563354 9.76452e-08 8.39602
2830.64  5951.42 0.000578865 9.7265e-08 8.62719
2840.65  6103.41 0.000591358 9.68898e-08 8.81339
2850.65  6167.97 0.00059533 9.65195e-08 8.87258
2860.65  6380 0.000613464 9.61541e-08 9.14284
2870.66  6142.95 0.000588454 9.57935e-08 8.77011
2880.66  6255.44 0.000597001 9.54372e-08 8.89749
2890.67  6302.83 0.000599309 9.50857e-08 8.93188
2900.69  6693.48 0.000634127 9.4738e-08 9.4508
2910.69  6705.73 0.000632989 9.43953e-08 9.43384
2920.69  6900.51 0.000649039 9.40568e-08 9.67305
2930.7  7123.26 0.000667606 9.37221e-08 9.94977
2940.7  7166.16 0.00066926 9.33917e-08 9.97441
2950.71  7001.65 0.00065161 9.30653e-08 9.71136
2960.71  7425.53 0.000688663 9.27427e-08 10.2636
2970.71  7144.09 0.000660286 9.24241e-08 9.84066
2980.71  7031.55 0.00064767 9.21092e-08 9.65264
2990.72  7207.07 0.000661592 9.17976e-08 9.86012
3000.73  3986.99 0.000718234 1.80145e-07 10.7043
3010.73  4125.33 0.000734565 1.78062e-07 10.9477
3020.73  3996 0.000703544 1.76062e-07 10.4854
3030.74  3991.51 0.000695077 1.74139e-07 10.3592
3040.74  4160.43 0.000716797 1.72289e-07 10.6829
3050.74  4129.83 0.000704164 1.70507e-07 10.4946
3060.74  4356.56 0.000735335 1.68788e-07 10.9592
3070.75  4458.55 0.000745152 1.67129e-07 11.1055
3080.75  4443.15 0.000735453 1.65525e-07 10.9609
3090.75  4544.97 0.000745264 1.63976e-07 11.1071
3100.76  4731.94 0.000768823 1.62475e-07 11.4583
3110.76  5028.51 0.000809703 1.61023e-07 12.0675
3120.76  4898.63 0.000781892 1.59614e-07 11.653
3130.76  5142.02 0.000813719 1.58249e-07 12.1274
3140.77  5541.08 0.00086952 1.56923e-07 12.959
3150.78  5668.78 0.000882256 1.55634e-07 13.1488
3160.78  5824.49 0.000899203 1.54383e-07 13.4014
3170.78  6431.64 0.000985112 1.53167e-07 14.6817
3180.78  6474.03 0.000983942 1.51983e-07 14.6643
3190.78  6553.95 0.000988537 1.50831e-07 14.7328
3200.78  6923.51 0.00103651 1.49709e-07 15.4478
3210.78  6813.92 0.00101265 1.48615e-07 15.0922
3220.79  6561.5 0.000968145 1.47549e-07 14.4289
3230.79  6487.9 0.000950539 1.4651e-07 14.1665
3240.79  6265.04 0.000911531 1.45495e-07 13.5851
3250.8  6082.17 0.000878895 1.44504e-07 13.0987
3260.81  6280.7 0.000901499 1.43535e-07 13.4356
3270.81  6576.37 0.000937723 1.4259e-07 13.9755
3280.81  6715.86 0.000951407 1.41666e-07 14.1794
3290.81  6853.42 0.000964703 1.40762e-07 14.3776
3300.82  6780.13 0.000948392 1.39878e-07 14.1345
3310.82  7220.83 0.00100379 1.39013e-07 14.9602
3320.82  7347.14 0.00101513 1.38167e-07 15.1291
3330.83  7336.66 0.0010076 1.37337e-07 15.0169
3340.83  7768.35 0.00106058 1.36525e-07 15.8064
3350.83  7957.59 0.00108008 1.3573e-07 16.0972
3360.84  7611.59 0.00102719 1.3495e-07 15.3088
3370.84  8060.43 0.00108159 1.34185e-07 16.1196
3380.85  7977.24 0.00106445 1.33436e-07 15.8641
3390.86  8138.74 0.00108001 1.32699e-07 16.096
3400.86  7895.96 0.00104209 1.31978e-07 15.531
3410.87  8243.77 0.00108216 1.3127e-07 16.1281
3420.87  8418.8 0.00109928 1.30574e-07 16.3832
3430.88  7966.8 0.00103482 1.29891e-07 15.4226
3440.88  7763.63 0.00100322 1.29221e-07 14.9517
3450.89  7895.17 0.00101502 1.28562e-07 15.1275
3460.9  7470.67 0.000955607 1.27914e-07 14.242
3470.9  7507.62 0.000955559 1.27278e-07 14.2413
3480.9  7497.46 0.000949574 1.26653e-07 14.1521
3490.91  7061.26 0.000889986 1.26038e-07 13.264
3500.91  6910.7 0.00086683 1.25433e-07 12.9189
3510.91  7310.63 0.000912646 1.24838e-07 13.6018
3520.92  7174.83 0.000891493 1.24253e-07 13.2865
3530.92  7145.33 0.000883712 1.23677e-07 13.1705
3540.92  7176.29 0.000883475 1.2311e-07 13.167
3550.92  7238.78 0.000887127 1.22552e-07 13.2214
3560.92  6740.21 0.000822323 1.22003e-07 12.2556
3570.93  6224.58 0.000756046 1.21461e-07 11.2678
3580.93  5869.26 0.00070976 1.20928e-07 10.578
3590.93  5814.29 0.00070006 1.20403e-07 10.4334
3600.94  5805.7 0.000696021 1.19886e-07 10.3732
3610.94  5955.62 0.000710959 1.19376e-07 10.5959
3620.94  6051.18 0.000719325 1.18874e-07 10.7206
3630.94  5923.03 0.000701159 1.18378e-07 10.4498
3640.95  6200.5 0.000730978 1.1789e-07 10.8942
3650.95  6500.45 0.000763208 1.17408e-07 11.3746
3660.96  6557.82 0.000766829 1.16934e-07 11.4285
3670.96  6647.11 0.000774157 1.16465e-07 11.5378
3680.96  6755.47 0.000783657 1.16003e-07 11.6793
3690.96  6836.94 0.000789992 1.15548e-07 11.7738
3700.96  7154.4 0.000823457 1.15098e-07 12.2725
3710.97  7100.48 0.000814098 1.14654e-07 12.133
3720.98  7316.03 0.000835603 1.14215e-07 12.4535
3730.98  7132.71 0.000811582 1.13783e-07 12.0955
3740.99  7036.69 0.000797651 1.13356e-07 11.8879
3751  7223.09 0.000815736 1.12935e-07 12.1574
3761  7371.88 0.000829473 1.12518e-07 12.3622
3771  8168.18 0.000915716 1.12108e-07 13.6475
3781  7913.51 0.000883953 1.11702e-07 13.1741
3791.01  8525.61 0.000948906 1.11301e-07 14.1422
3801.01  8468.48 0.000939192 1.10904e-07 13.9974
3811.02  8424.55 0.000931022 1.10513e-07 13.8756
3821.02  8137.56 0.000896159 1.10126e-07 13.356
3831.02  8505.99 0.000933482 1.09744e-07 13.9123
3841.03  7975.96 0.000872303 1.09367e-07 13.0005
3851.03  7711.22 0.000840472 1.08993e-07 12.5261
3861.03  7504.25 0.000815145 1.08624e-07 12.1486
3871.03  7577.18 0.000820303 1.0826e-07 12.2255
3881.03  8081.53 0.000871989 1.07899e-07 12.9958
3891.03  8082.22 0.000869182 1.07542e-07 12.954
3901.03  7961.09 0.000853348 1.0719e-07 12.718
3911.03  7666.39 0.000819086 1.06841e-07 12.2074
3921.04  7826.94 0.000833539 1.06496e-07 12.4228
3931.04  7796.55 0.000827643 1.06155e-07 12.3349
3941.04  7861.69 0.000831905 1.05818e-07 12.3984
3951.04  7895.55 0.000832852 1.05484e-07 12.4125
3961.05  8283.69 0.000871055 1.05153e-07 12.9819
3971.05  8400.53 0.000880595 1.04826e-07 13.1241
3981.05  8255.04 0.000862673 1.04503e-07 12.857
3991.06  8614.25 0.000897454 1.04182e-07 13.3753
