time	conversion
1.00427	0.00265805
2.0044	0.00558908
3.03502	0.00797414
4.06485	0.0104885
5.07585	0.0130172
6.07844	0.0143966
7.1019	0.0148276
8.12293	0.0153736
9.13471	0.0161063
10.1769	0.0167672
11.185	0.0170259
12.2355	0.017342
13.2387	0.0177443
14.2408	0.0181753
15.2439	0.0185489
16.2617	0.0187787
17.2813	0.0190374
18.3165	0.0192385
19.3178	0.0196695
20.326	0.0199425
21.3814	0.0203161
22.3896	0.0206466
23.4071	0.0210345
24.4202	0.0216236
25.4881	0.0221264
26.4979	0.0225862
27.5302	0.0232184
28.5905	0.0235489
29.6377	0.0238649
30.6394	0.0241236
31.6576	0.0245115
32.6877	0.0249282
33.6879	0.0252586
34.7086	0.0255891
35.7107	0.0260057
36.718	0.0264511
37.7225	0.0269971
38.7308	0.0275718
39.7466	0.027773
40.7714	0.0281897
41.7886	0.0285776
42.8065	0.028908
43.8117	0.0292385
44.8154	0.0295977
45.8707	0.0299569
46.8994	0.0303592
47.9006	0.0306466
48.9282	0.0312213
49.9348	0.0318391
50.9373	0.032227
51.9682	0.0326006
52.9765	0.0328879
54.0059	0.0332471
55.0558	0.0336063
56.0654	0.0340086
57.0686	0.0343966
58.0918	0.0346408
59.1146	0.0351006
60.1175	0.0355603
61.1623	0.0359195
62.2012	0.0363793
63.2149	0.0367098
64.2341	0.0371408
65.2692	0.0375144
66.2858	0.0378161
67.3199	0.0382184
68.3431	0.0385489
69.3652	0.0389511
70.4221	0.0393534
71.4272	0.039569
72.4326	0.0399569
73.4352	0.0405316
74.4651	0.0412356
75.4875	0.0414655
76.4939	0.0418822
77.5036	0.0421695
78.5036	0.0424713
79.5044	0.0428161
80.5217	0.0430891
81.5578	0.0433333
82.566	0.0437931
83.5704	0.0439799
84.596	0.0444253
85.5992	0.0447989
86.6144	0.0451437
87.6166	0.0453448
88.6274	0.0456753
89.641	0.0461063
90.7107	0.0465086
91.7179	0.0469397
92.7426	0.0473707
93.7429	0.0477299
94.7437	0.0480747
95.7609	0.048592
96.781	0.0489655
97.7949	0.0493391
98.8047	0.0497126
99.8112	0.0500287
100.833	0.0502443
101.834	0.0505891
102.886	0.0508764
103.897	0.0511063
104.911	0.0514655
105.915	0.0517529
106.924	0.0519684
107.957	0.0521983
108.961	0.0526149
110.029	0.0528879
111.04	0.0532328
112.041	0.0536063
113.164	0.0539224
114.203	0.0544397
115.206	0.0548563
116.215	0.0550431
117.234	0.0553448
118.248	0.0558477
119.25	0.0561351
120.271	0.0563362
121.277	0.0568247
122.314	0.0571839
123.316	0.0573994
124.32	0.0579167
125.324	0.058204
126.341	0.0587069
127.369	0.0589799
128.376	0.0593534
129.448	0.0596695
130.466	0.0600575
131.492	0.0603305
132.493	0.060704
133.496	0.0610489
134.504	0.0615948
135.527	0.0620402
136.547	0.0622557
137.587	0.0625144
138.616	0.0631034
139.622	0.0633908
140.631	0.0636207
141.669	0.0639511
142.698	0.064569
143.727	0.0650431
144.727	0.0654023
145.774	0.0657328
146.801	0.0660489
147.802	0.0663218
148.804	0.0667241
149.854	0.0671695
150.861	0.0674138
151.865	0.0675287
152.878	0.0677443
153.88	0.0680172
154.882	0.0682902
155.909	0.0686063
156.933	0.0688649
157.946	0.069296
158.957	0.0693822
159.97	0.069569
160.996	0.0697989
162.021	0.0699856
163.026	0.0704741
164.04	0.0706753
165.062	0.0709483
166.068	0.0712069
167.069	0.0714943
168.082	0.0717241
169.173	0.0719971
170.176	0.0724425
171.177	0.0726293
172.182	0.0728448
173.182	0.0730172
174.182	0.0733477
175.183	0.0737069
176.188	0.074181
177.2	0.0743534
178.206	0.0745259
179.207	0.0748276
180.217	0.0750862
181.23	0.075158
182.236	0.0753305
183.252	0.0756322
184.258	0.0758621
185.268	0.0761494
186.324	0.0764511
187.346	0.0767241
188.354	0.0769828
189.359	0.0773563
190.36	0.0776724
191.389	0.0779167
192.412	0.0781178
193.449	0.0782471
194.463	0.0784339
195.476	0.0788362
196.508	0.0791379
197.509	0.0795402
198.528	0.0796264
199.534	0.0797845
200.548	0.0799425
201.635	0.0802155
202.637	0.0805747
203.64	0.0808621
204.644	0.0811063
205.65	0.0815374
206.669	0.0818247
207.671	0.0820259
208.676	0.082227
209.701	0.0824713
210.705	0.0826293
211.705	0.0828161
212.714	0.0830747
213.742	0.0833621
214.747	0.0835632
215.771	0.08375
216.774	0.0838649
217.81	0.0840948
218.813	0.0844253
219.858	0.0845833
220.858	0.0849282
221.904	0.085158
222.91	0.0853448
223.918	0.0856322
224.949	0.0858333
225.97	0.0859914
226.97	0.0861782
227.975	0.086408
228.978	0.0866092
229.982	0.0869828
230.99	0.0872557
232.137	0.0875575
233.146	0.0878736
234.151	0.0881034
235.153	0.0884626
236.155	0.0886925
237.161	0.0889943
238.202	0.0892098
239.21	0.0896121
240.248	0.0897989
241.251	0.0900144
242.302	0.0902155
243.303	0.0904023
244.339	0.0905029
245.407	0.0906466
246.409	0.0908908
247.416	0.0910632
248.529	0.0912356
249.536	0.0915948
250.536	0.0920115
251.537	0.0923132
252.54	0.0924713
253.546	0.0925575
254.551	0.0927586
255.553	0.0929885
256.6	0.093204
257.601	0.0934052
258.619	0.0935776
259.62	0.0936638
260.629	0.0940086
261.63	0.0942098
262.633	0.0944109
263.653	0.094569
264.665	0.0947414
265.685	0.0949569
266.688	0.0952155
267.7	0.0955172
268.702	0.0957328
269.702	0.095977
270.716	0.0961638
271.773	0.0962787
272.794	0.096523
273.814	0.096796
274.837	0.0971121
275.839	0.0972557
276.841	0.0974856
277.847	0.0976437
278.86	0.0977874
279.864	0.098046
280.914	0.0983764
281.915	0.0985632
282.92	0.0988649
283.931	0.0989655
284.933	0.0992672
285.934	0.0994684
286.945	0.0997414
287.952	0.0999138
288.99	0.100057
289.99	0.100259
291.002	0.100417
292.029	0.100618
293.031	0.100805
294.057	0.100948
295.057	0.101207
296.081	0.101351
297.126	0.101351
298.131	0.101466
299.17	0.10171
300.195	0.101882
301.196	0.102011
302.201	0.102141
303.206	0.102328
304.207	0.102457
305.221	0.102514
306.223	0.102629
307.232	0.102744
308.265	0.102917
309.266	0.103089
310.272	0.103204
311.275	0.103305
312.281	0.10342
313.317	0.103549
314.348	0.103664
315.39	0.103793
316.397	0.103922
317.403	0.103966
318.423	0.10408
319.429	0.104253
320.472	0.104425
321.472	0.104511
322.5	0.104684
323.525	0.104856
324.527	0.104986
325.561	0.10523
326.563	0.105345
327.584	0.105517
328.63	0.105718
329.633	0.105977
330.659	0.106063
331.663	0.106264
332.689	0.106509
333.692	0.106767
334.701	0.10704
335.71	0.107256
336.75	0.107284
337.756	0.1075
338.769	0.107672
339.81	0.107874
340.839	0.108032
341.865	0.10819
342.934	0.108376
343.935	0.108563
344.966	0.108621
345.989	0.108793
346.997	0.108879
348.02	0.109023
349.022	0.109152
350.024	0.109382
351.038	0.109598
352.058	0.109741
353.085	0.109899
354.127	0.110086
355.134	0.110158
356.135	0.110273
357.163	0.110474
358.166	0.110589
359.182	0.110776
360.196	0.110963
361.197	0.111006
362.204	0.111149
363.238	0.111221
364.244	0.111351
365.257	0.111494
366.267	0.111667
367.268	0.111753
368.283	0.112011
369.307	0.112112
370.401	0.112256
371.439	0.112399
372.509	0.112543
373.516	0.112658
374.521	0.112787
375.525	0.11296
376.539	0.113075
377.588	0.113175
378.596	0.11329
379.604	0.113434
380.606	0.113707
381.615	0.11398
382.624	0.11408
383.626	0.11421
384.716	0.114282
385.72	0.114468
386.72	0.114641
387.722	0.114842
388.728	0.114957
389.733	0.115057
390.814	0.11523
391.841	0.115388
392.956	0.115618
393.97	0.115733
394.973	0.115862
395.976	0.116078
396.979	0.116207
397.981	0.116351
399.007	0.116466
400.007	0.11671
401.023	0.116796
402.063	0.116983
403.068	0.117155
404.076	0.117299
405.099	0.117428
406.104	0.117644
407.108	0.117773
408.116	0.117902
409.133	0.117989
410.145	0.118204
411.205	0.118348
412.242	0.118448
413.251	0.118506
414.253	0.118678
415.383	0.118807
416.385	0.11898
417.394	0.119109
418.407	0.119282
419.41	0.11944
420.431	0.119626
421.448	0.11977
422.458	0.119871
423.469	0.120101
424.473	0.120273
425.504	0.120345
426.51	0.120503
427.538	0.120647
428.545	0.120761
429.559	0.120905
430.562	0.120963
431.563	0.121207
432.597	0.121293
433.607	0.121408
434.693	0.121466
435.709	0.121624
436.712	0.121724
437.723	0.121839
438.735	0.122083
439.743	0.122241
440.771	0.122471
441.838	0.122759
442.883	0.122974
443.907	0.12306
444.909	0.123218
445.925	0.12329
446.944	0.123362
447.95	0.123534
448.978	0.123764
449.981	0.123951
450.997	0.124109
452.021	0.124267
453.027	0.124382
454.04	0.124583
455.048	0.12477
456.048	0.124842
457.057	0.125043
458.061	0.125144
459.064	0.125402
460.065	0.125575
461.079	0.125718
462.081	0.125862
463.094	0.12602
464.127	0.126207
465.206	0.126336
466.234	0.126466
467.245	0.126667
468.249	0.126796
469.262	0.127011
470.283	0.127083
471.291	0.12727
472.292	0.127371
473.318	0.127543
474.318	0.127629
475.324	0.127773
476.326	0.127888
477.351	0.128075
478.362	0.128147
479.41	0.12842
480.42	0.128506
481.433	0.128779
482.442	0.128922
483.449	0.129037
484.462	0.129195
485.486	0.129282
486.503	0.129382
487.512	0.129497
488.538	0.129641
489.54	0.129741
490.553	0.129813
491.557	0.129928
492.557	0.130101
493.565	0.130216
494.599	0.13033
495.602	0.13046
496.647	0.130589
497.704	0.130905
498.734	0.130991
499.741	0.131121
500.742	0.13125
501.743	0.131437
502.745	0.131523
503.751	0.131681
504.777	0.131767
505.778	0.131825
506.828	0.131968
507.848	0.132026
508.848	0.132198
509.849	0.132356
510.867	0.132557
511.94	0.132672
512.94	0.132787
513.949	0.132845
515.029	0.132989
516.036	0.133132
517.049	0.133247
518.166	0.133391
519.179	0.133491
520.192	0.133592
521.197	0.133721
522.225	0.133779
523.282	0.133966
524.378	0.134066
525.383	0.134267
526.424	0.134382
527.507	0.134497
528.556	0.13467
529.571	0.134756
530.578	0.134899
531.598	0.135029
532.608	0.135129
533.739	0.135316
534.759	0.135474
535.762	0.135632
536.804	0.13579
537.819	0.135948
538.821	0.136121
539.828	0.136293
540.839	0.136451
541.863	0.136537
542.901	0.136667
543.902	0.13681
544.912	0.136853
545.925	0.136983
546.932	0.137198
547.937	0.13727
548.938	0.137414
550.133	0.137486
551.154	0.137672
552.159	0.137773
553.16	0.137931
554.195	0.138089
555.22	0.138161
556.224	0.138333
557.228	0.138463
558.246	0.138549
559.253	0.138606
560.268	0.138664
561.295	0.138793
562.331	0.139023
563.333	0.139181
564.37	0.13931
565.447	0.13944
566.447	0.139626
567.463	0.139756
568.465	0.139957
569.472	0.140129
570.476	0.140287
571.477	0.140374
572.598	0.140489
573.63	0.140675
574.646	0.140819
575.653	0.14092
576.654	0.141178
577.696	0.141264
578.734	0.141365
579.741	0.141509
580.76	0.141782
581.774	0.141925
582.831	0.142069
583.839	0.142227
584.872	0.142428
585.897	0.142586
586.904	0.142672
587.91	0.142802
589.038	0.142859
590.054	0.143017
591.059	0.143204
592.059	0.143305
593.063	0.143348
594.141	0.143477
595.158	0.143606
596.162	0.143721
597.186	0.143937
598.191	0.143994
599.204	0.144167
600.227	0.144368
601.287	0.144526
602.412	0.144698
603.434	0.144828
604.465	0.144971
605.466	0.145
606.468	0.145201
607.52	0.145316
608.522	0.145489
609.524	0.14569
610.534	0.14579
611.607	0.145891
612.616	0.14602
613.632	0.146149
614.634	0.146264
615.639	0.146408
616.645	0.146509
617.67	0.146624
618.677	0.146825
619.731	0.146954
620.825	0.147126
621.831	0.147213
622.835	0.147385
623.856	0.147471
624.877	0.147601
625.927	0.147787
626.948	0.148003
627.963	0.148118
629.059	0.148333
630.09	0.148434
631.19	0.148549
632.238	0.148707
633.29	0.148793
634.305	0.148908
635.309	0.149052
636.341	0.149124
637.397	0.14921
638.404	0.149368
639.409	0.149468
640.417	0.149713
641.466	0.149885
642.476	0.15
643.477	0.150101
644.516	0.15033
645.534	0.150503
646.596	0.150647
647.645	0.15079
648.673	0.150991
649.736	0.151078
650.739	0.151207
651.752	0.151365
652.755	0.151566
653.756	0.151796
654.765	0.151853
655.876	0.152026
656.879	0.152141
657.884	0.152284
658.89	0.152486
659.896	0.152644
660.902	0.152759
661.922	0.152874
662.936	0.153046
663.937	0.153147
665.017	0.153218
666.02	0.15342
667.022	0.153534
668.028	0.153592
669.078	0.153822
670.099	0.153937
671.103	0.154037
672.111	0.154152
673.121	0.15421
674.132	0.154325
675.204	0.154454
676.236	0.154555
677.236	0.154727
678.24	0.154842
679.271	0.155043
680.28	0.155187
681.282	0.155259
682.301	0.155316
683.406	0.155445
684.409	0.155589
685.41	0.155761
686.41	0.155977
687.455	0.15602
688.459	0.156106
689.49	0.156336
690.496	0.156509
691.513	0.156609
692.538	0.156667
693.541	0.15681
694.621	0.156897
695.621	0.156954
696.657	0.157055
697.658	0.157213
698.696	0.157414
699.716	0.157586
700.795	0.157759
701.796	0.157859
702.808	0.158003
703.81	0.158161
704.858	0.158276
705.903	0.15852
706.932	0.158664
707.933	0.158822
708.935	0.158937
709.939	0.159095
710.941	0.159296
711.942	0.159425
712.947	0.159526
713.972	0.159813
714.972	0.159899
715.988	0.16
717.004	0.160072
718.027	0.160158
719.042	0.160259
720.049	0.160431
721.05	0.160532
722.059	0.160704
723.075	0.16079
724.099	0.160862
725.099	0.160948
726.103	0.161078
727.11	0.161193
728.116	0.161307
729.118	0.161394
730.122	0.161451
731.17	0.161537
732.177	0.161667
733.189	0.161853
734.193	0.162026
735.206	0.162126
736.23	0.162184
737.242	0.162328
738.378	0.162414
739.379	0.162543
740.389	0.162601
741.408	0.162687
742.425	0.16283
743.464	0.162974
744.464	0.163032
745.489	0.163075
746.495	0.163161
747.522	0.163276
748.55	0.163391
749.553	0.163463
750.553	0.163592
751.615	0.163764
752.62	0.163908
753.666	0.163994
754.716	0.164138
755.725	0.16421
756.727	0.164353
757.731	0.164526
758.736	0.164626
759.739	0.164784
760.739	0.164856
761.74	0.165057
762.791	0.165273
763.809	0.16546
764.857	0.165618
765.87	0.16579
766.992	0.165891
768.028	0.165991
769.035	0.166149
770.056	0.166164
771.067	0.166322
772.068	0.166394
773.074	0.16648
774.08	0.166667
775.085	0.166825
776.122	0.16694
777.144	0.16704
778.154	0.167126
779.164	0.167241
780.168	0.167486
781.17	0.167572
782.18	0.16773
783.182	0.167845
784.213	0.167945
785.221	0.168089
786.263	0.168218
787.288	0.168305
788.301	0.168448
789.307	0.168563
790.319	0.168764
791.342	0.168908
792.346	0.169009
793.352	0.169181
794.353	0.16931
795.353	0.169411
796.357	0.169468
797.358	0.169555
798.384	0.169684
799.386	0.16977
800.386	0.169885
801.389	0.170057
802.407	0.170129
803.458	0.170287
804.463	0.170489
805.463	0.170647
806.482	0.170761
807.494	0.170905
808.497	0.171063
809.515	0.171178
810.523	0.171264
811.524	0.171307
812.623	0.171408
813.64	0.171494
814.652	0.171767
815.702	0.171882
816.706	0.17204
817.73	0.172126
818.748	0.172284
819.815	0.172385
820.823	0.172471
821.875	0.172601
822.898	0.172773
823.9	0.172888
824.903	0.173032
825.908	0.173204
826.912	0.173233
827.936	0.173305
828.944	0.17342
829.946	0.173578
830.954	0.173764
831.959	0.173966
832.968	0.174109
834.081	0.17431
835.086	0.174483
836.086	0.174641
837.089	0.174842
838.158	0.174986
839.165	0.175086
840.319	0.175259
841.369	0.175273
842.37	0.175345
843.38	0.175402
844.396	0.17546
845.398	0.175618
846.401	0.175819
847.408	0.175891
848.426	0.175948
849.433	0.176078
850.473	0.176135
851.487	0.176164
852.487	0.176264
853.491	0.176351
854.499	0.17648
855.517	0.176652
856.527	0.176782
857.558	0.176925
858.606	0.177011
859.624	0.177055
860.673	0.177198
861.742	0.177457
862.77	0.177557
863.775	0.177644
864.775	0.177816
865.801	0.177945
866.811	0.178032
867.817	0.178276
868.817	0.178463
869.823	0.178606
870.847	0.178707
871.85	0.178807
872.871	0.178894
873.941	0.17908
874.945	0.179239
875.96	0.179353
876.97	0.179526
877.975	0.179641
878.999	0.179856
879.999	0.18
881.01	0.180115
882.018	0.180244
883.141	0.180388
884.191	0.180503
885.192	0.180661
886.203	0.180805
887.212	0.180891
888.222	0.181063
889.262	0.181121
890.275	0.181236
891.277	0.181336
892.293	0.181351
893.294	0.181394
894.34	0.181523
895.377	0.181638
896.394	0.181753
897.405	0.181897
898.407	0.181983
899.408	0.182155
900.412	0.182241
901.455	0.182414
902.481	0.182514
903.486	0.182716
904.487	0.182802
905.492	0.182859
906.511	0.182931
907.536	0.183003
908.545	0.183161
909.545	0.183247
910.565	0.183305
911.568	0.183477
912.57	0.183592
913.588	0.183693
914.59	0.183779
915.596	0.183951
916.597	0.184052
917.602	0.184138
918.609	0.18421
919.61	0.184353
920.617	0.184526
921.617	0.184598
922.638	0.184698
923.643	0.184943
924.645	0.185029
925.674	0.185201
926.711	0.185359
927.72	0.185489
928.723	0.185632
929.727	0.185747
930.731	0.185963
931.737	0.186106
932.74	0.186307
933.742	0.186394
934.791	0.186451
935.793	0.186552
936.794	0.186652
937.815	0.186753
938.815	0.18681
939.816	0.186968
940.821	0.187083
941.825	0.187155
942.829	0.187313
943.85	0.187514
944.859	0.187601
945.864	0.187802
946.901	0.187888
947.916	0.188032
948.999	0.188103
950.021	0.188204
951.034	0.188305
952.039	0.188477
953.041	0.188592
954.053	0.18875
955.055	0.188822
956.078	0.188937
957.094	0.189037
958.098	0.189138
959.108	0.189239
960.177	0.189325
961.181	0.189468
962.185	0.189626
963.186	0.189784
964.201	0.189899
965.253	0.190014
966.271	0.190057
967.279	0.190115
968.284	0.190273
969.294	0.190316
970.318	0.190474
971.421	0.190618
972.422	0.190718
973.431	0.19079
974.437	0.19092
975.468	0.191006
976.472	0.191135
977.479	0.191236
978.521	0.191365
979.535	0.191437
980.536	0.191494
981.549	0.191552
982.563	0.191638
983.575	0.191695
984.606	0.191882
985.608	0.191954
986.639	0.192011
987.673	0.192098
988.688	0.192227
989.717	0.192342
990.725	0.192428
991.74	0.192443
992.779	0.192486
993.817	0.192615
994.819	0.192658
995.822	0.192744
996.868	0.192816
997.88	0.192974
998.89	0.19306
999.9	0.193118
1000.9	0.193218
1001.91	0.193348
1002.97	0.193448
1003.98	0.193491
1004.98	0.193549
1005.98	0.193649
1006.99	0.193736
1007.99	0.193894
1009	0.19408
1010.02	0.194167
1011.11	0.194239
1012.23	0.194253
1013.24	0.19431
1014.26	0.194497
1015.28	0.194569
1016.3	0.194641
1017.31	0.194684
1018.33	0.194828
1019.37	0.194928
1020.37	0.194957
1021.38	0.195043
1022.38	0.195187
1023.4	0.195216
1024.43	0.195273
1025.43	0.195388
1026.45	0.19546
1027.45	0.195589
1028.46	0.195704
1029.57	0.195805
1030.65	0.195891
1031.69	0.196063
1032.75	0.196178
1033.76	0.196279
1034.77	0.196351
1035.77	0.196422
1036.77	0.196537
1037.78	0.196609
1038.82	0.196695
1039.85	0.196839
1040.89	0.196897
1041.9	0.19694
1042.93	0.196983
1043.94	0.197026
1044.96	0.197083
1045.97	0.197198
1047	0.197284
1048.02	0.197356
1049.04	0.197529
1050.05	0.197615
1051.06	0.197672
1052.11	0.197759
1053.12	0.197759
1054.12	0.197874
1055.13	0.19796
1056.13	0.198103
1057.14	0.198218
1058.17	0.198305
1059.17	0.198434
1060.18	0.198549
1061.2	0.198693
1062.21	0.198865
1063.23	0.19898
1064.24	0.199095
1065.25	0.199152
1066.26	0.19921
1067.29	0.199296
1068.31	0.199397
1069.31	0.199468
1070.33	0.199468
1071.37	0.19954
1072.37	0.199684
1073.37	0.19977
1074.38	0.199842
1075.38	0.199899
1076.38	0.199986
1077.39	0.200086
1078.42	0.200216
1079.43	0.200302
1080.44	0.200417
1081.44	0.200474
1082.46	0.200517
1083.46	0.200603
1084.47	0.200718
1085.48	0.200805
1086.48	0.200948
1087.49	0.201078
1088.53	0.201178
1089.53	0.201264
1090.55	0.201365
1091.59	0.201494
1092.6	0.201595
1093.6	0.201724
1094.61	0.20181
1095.61	0.201911
1096.63	0.202083
1097.63	0.202213
1098.66	0.202342
1099.66	0.202514
1100.81	0.202601
1101.82	0.202716
1102.82	0.20283
1103.85	0.202931
1104.86	0.203017
1105.87	0.203103
1106.97	0.203218
1107.97	0.20342
1108.97	0.20352
1109.97	0.203664
1110.98	0.203707
1112	0.203721
1113.03	0.203807
1114.04	0.203922
1115.04	0.20398
1116.06	0.204124
1117.07	0.204267
1118.09	0.204353
1119.1	0.204411
1120.1	0.204483
1121.11	0.204555
1122.11	0.204583
1123.14	0.204655
1124.14	0.204698
1125.14	0.204813
1126.19	0.204813
1127.2	0.204856
1128.21	0.204899
1129.22	0.204986
1130.23	0.205043
1131.23	0.20523
1132.24	0.205359
1133.27	0.205517
1134.27	0.205647
1135.29	0.20579
1136.32	0.20592
1137.35	0.205963
1138.35	0.206034
1139.39	0.206078
1140.39	0.206149
1141.39	0.206236
1142.44	0.206422
1143.46	0.206552
1144.48	0.206624
1145.56	0.206695
1146.57	0.206739
1147.58	0.20681
1148.58	0.206925
1149.59	0.207069
1150.59	0.207155
1151.6	0.20717
1152.6	0.207256
1153.61	0.207457
1154.63	0.207601
1155.65	0.207644
1156.66	0.207701
1157.66	0.207787
1158.67	0.207845
1159.68	0.207917
1160.71	0.207974
1161.73	0.208089
1162.73	0.20819
1163.73	0.208233
1164.75	0.208362
1165.77	0.208463
1166.79	0.20852
1167.8	0.208621
1168.91	0.208707
1169.93	0.208779
1170.94	0.208922
1171.95	0.208994
1172.95	0.209152
1173.99	0.209239
1174.99	0.209325
1176.01	0.209454
1177.01	0.209569
1178.01	0.209583
1179.03	0.209612
1180.03	0.20977
1181.11	0.209842
1182.18	0.209899
1183.27	0.21
1184.28	0.210029
1185.29	0.210072
1186.29	0.210115
1187.29	0.210187
1188.3	0.210259
1189.31	0.210374
1190.32	0.21046
1191.32	0.21056
1192.33	0.210603
1193.33	0.210618
1194.34	0.210761
1195.35	0.210862
1196.43	0.210963
1197.44	0.211106
1198.44	0.211178
1199.44	0.211279
1200.46	0.211351
1201.46	0.211408
1202.47	0.211466
1203.47	0.211537
1204.48	0.211609
1205.56	0.211695
1206.57	0.211695
1207.58	0.211753
1208.6	0.211897
1209.62	0.211968
1210.8	0.212011
1211.85	0.212112
1212.87	0.212155
1213.89	0.212241
1214.9	0.212313
1215.91	0.212399
1216.92	0.212514
1217.94	0.212658
1218.96	0.212744
1219.96	0.212888
1220.98	0.212974
1221.98	0.213161
1222.99	0.21329
1224.05	0.213391
1225.07	0.213463
1226.12	0.21352
1227.2	0.213649
1228.21	0.213736
1229.21	0.213807
1230.29	0.213922
1231.3	0.214009
1232.36	0.214109
1233.42	0.214181
1234.44	0.214325
1235.45	0.214411
1236.46	0.214497
1237.55	0.214555
1238.56	0.214655
1239.57	0.214698
1240.58	0.214842
1241.6	0.214928
1242.61	0.215043
1243.62	0.215086
1244.62	0.215187
1245.64	0.215287
1246.65	0.215359
1247.74	0.21546
1248.75	0.215589
1249.76	0.215675
1250.77	0.21579
1251.79	0.215833
1252.81	0.21592
1253.81	0.215991
1254.81	0.216078
1255.81	0.216135
1256.84	0.216164
1257.85	0.21625
1258.86	0.216322
1259.87	0.216408
1260.87	0.216552
1261.91	0.216609
1262.98	0.216667
1264.03	0.216753
1265.13	0.216882
1266.15	0.21694
1267.16	0.217098
1268.17	0.21717
1269.23	0.21727
1270.23	0.217342
1271.26	0.217414
1272.26	0.2175
1273.32	0.217572
1274.34	0.217687
1275.36	0.217759
1276.45	0.217773
1277.45	0.217845
1278.46	0.217931
1279.56	0.217974
1280.61	0.218089
1281.62	0.218161
1282.63	0.21819
1283.66	0.218233
1284.72	0.218261
1285.77	0.218319
1286.78	0.218376
1287.8	0.21842
1288.83	0.218534
1289.83	0.218635
1290.91	0.218664
1291.93	0.218764
1293.01	0.218793
1294.05	0.218851
1295.05	0.218879
1296.1	0.21898
1297.13	0.219095
1298.23	0.219195
1299.23	0.219253
1300.3	0.219368
1301.32	0.219468
1302.35	0.219569
1303.42	0.219626
1304.49	0.219684
1305.52	0.21977
1306.55	0.219799
1307.55	0.219971
1308.55	0.220115
1309.59	0.220187
1310.61	0.22023
1311.65	0.220316
1312.65	0.220417
1313.75	0.220503
1314.79	0.22069
1315.79	0.220718
1316.84	0.220819
1317.94	0.22092
1318.95	0.220991
1320	0.221121
1321.01	0.221193
1322.01	0.22125
1323.02	0.221279
1324.07	0.221451
1325.09	0.221509
1326.15	0.221537
1327.16	0.221652
1328.17	0.221767
1329.23	0.221825
1330.39	0.221954
1331.39	0.222083
1332.4	0.222184
1333.41	0.222227
1334.42	0.222313
1335.43	0.222457
1336.44	0.222543
1337.5	0.222615
1338.5	0.222701
1339.51	0.222802
1340.51	0.222845
1341.53	0.222888
1342.55	0.222989
1343.56	0.223103
1344.59	0.223147
1345.62	0.223161
1346.7	0.223218
1347.74	0.223305
1348.74	0.223405
1349.76	0.223448
1350.76	0.22352
1351.79	0.223563
1352.88	0.223664
1353.88	0.223721
1354.91	0.223793
1355.92	0.223908
1356.93	0.223951
1357.93	0.223994
1359	0.22408
1360.01	0.224138
1361.07	0.224239
1362.08	0.224296
1363.13	0.224368
1364.17	0.224511
1365.23	0.224526
1366.28	0.224612
1367.35	0.224713
1368.41	0.224842
1369.42	0.224871
1370.42	0.224899
1371.43	0.224957
1372.52	0.225014
1373.6	0.225086
1374.72	0.225187
1375.77	0.225187
1376.78	0.22523
1377.79	0.225417
1378.8	0.225503
1379.84	0.225517
1380.85	0.225575
1381.9	0.225661
1382.9	0.225733
1383.91	0.22579
1384.91	0.225833
1385.96	0.225876
1386.96	0.22592
1387.96	0.226006
1389	0.226078
1390.1	0.226164
1391.2	0.22625
1392.24	0.226336
1393.25	0.226365
1394.27	0.226437
1395.28	0.226523
1396.31	0.22658
1397.34	0.226624
1398.38	0.22671
1399.39	0.226782
1400.41	0.226868
1401.42	0.226925
1402.43	0.226997
1403.71	0.227011
1404.75	0.227011
1405.79	0.227098
1406.8	0.227184
1407.81	0.22727
1408.81	0.227328
1409.81	0.227399
1410.87	0.227471
1411.89	0.227572
1412.9	0.227701
1413.91	0.227773
1414.92	0.227888
1416.02	0.227888
1417.05	0.227917
1418.06	0.227931
1419.06	0.228017
1420.15	0.228089
1421.17	0.228132
1422.24	0.228218
1423.28	0.228261
1424.29	0.228319
1425.35	0.228405
1426.39	0.228463
1427.39	0.228491
1428.39	0.228578
1429.4	0.228621
1430.41	0.228736
1431.45	0.228764
1432.46	0.228822
1433.46	0.228937
1434.46	0.228966
1435.48	0.229037
1436.55	0.229052
1437.6	0.22908
1438.62	0.229167
1439.63	0.229239
1440.64	0.22931
1441.68	0.229339
1442.77	0.229353
1443.79	0.229425
1444.82	0.229511
1445.83	0.229583
1446.83	0.229684
1447.87	0.229713
1448.87	0.229784
1449.94	0.229813
1451.02	0.229885
1452.05	0.229971
1453.09	0.230014
1454.15	0.230101
1455.2	0.230172
1456.22	0.230259
1457.23	0.230302
1458.24	0.23033
1459.25	0.230374
1460.25	0.230417
1461.25	0.230517
1462.29	0.230575
1463.3	0.230661
1464.32	0.230718
1465.37	0.23079
1466.4	0.230819
1467.51	0.230934
1468.52	0.231006
1469.55	0.231034
1470.59	0.231121
1471.61	0.231149
1472.61	0.231221
1473.67	0.231264
1474.69	0.231307
1475.7	0.231394
1476.73	0.23148
1477.86	0.231523
1478.87	0.231595
1479.87	0.231681
1480.91	0.231739
1481.97	0.231782
1482.99	0.231796
1484.06	0.231839
1485.12	0.231882
1486.15	0.231997
1487.3	0.232069
1488.3	0.23217
1489.37	0.232227
1490.37	0.232284
1491.5	0.232356
1492.53	0.232457
1493.54	0.232557
1494.61	0.232601
1495.62	0.232672
1496.66	0.23273
1497.71	0.232787
1498.78	0.232902
1499.81	0.233003
1500.85	0.23306
1501.9	0.233147
1502.91	0.233204
1503.95	0.233233
1504.98	0.233305
1506.04	0.233319
1507.1	0.233348
1508.1	0.233362
1509.11	0.233434
1510.2	0.233563
1511.22	0.233621
1512.29	0.233721
1513.34	0.233807
1514.38	0.233908
1515.38	0.233994
1516.51	0.234095
1517.64	0.234167
1518.74	0.23421
1519.76	0.234325
1520.81	0.234511
1521.82	0.23454
1522.84	0.234612
1523.88	0.234684
1524.91	0.23477
1525.94	0.234856
1526.94	0.234885
1527.94	0.234943
1528.94	0.234971
1530.03	0.235014
1531.09	0.235057
1532.09	0.235244
1533.15	0.235287
1534.19	0.23533
1535.21	0.235388
1536.26	0.23546
1537.27	0.235517
1538.31	0.23556
1539.32	0.235647
1540.32	0.235704
1541.4	0.23579
1542.45	0.235848
1543.48	0.235891
1544.49	0.235891
1545.49	0.235934
1546.57	0.235977
1547.57	0.236063
1548.6	0.236078
1549.63	0.236092
1550.64	0.236135
1551.65	0.236193
1552.69	0.23625
1553.8	0.236279
1554.85	0.236322
1555.86	0.236408
1556.87	0.236451
1557.92	0.23648
1558.95	0.236494
1560.01	0.236523
1561.11	0.236552
1562.11	0.236624
1563.13	0.236681
1564.14	0.236767
1565.18	0.236868
1566.23	0.23694
1567.23	0.237011
1568.24	0.23704
1569.29	0.237112
1570.31	0.237227
1571.36	0.237256
1572.36	0.23727
1573.37	0.237328
1574.5	0.237342
1575.55	0.237428
1576.56	0.237486
1577.6	0.237557
1578.62	0.237615
1579.62	0.237672
1580.63	0.23773
1581.64	0.237845
1582.73	0.237874
1583.75	0.237917
1584.75	0.238046
1585.84	0.238103
1586.9	0.238175
1587.91	0.238348
1588.91	0.238448
1589.93	0.238534
1591.04	0.238621
1592.12	0.238678
1593.13	0.238707
1594.13	0.23875
1595.15	0.238793
1596.17	0.238894
1597.2	0.238951
1598.21	0.239009
1599.22	0.239037
1600.25	0.239095
1601.36	0.239181
1602.38	0.23921
1603.39	0.239224
1604.41	0.239325
1605.42	0.239397
1606.44	0.239468
1607.48	0.23954
1608.48	0.239598
1609.51	0.239756
1610.6	0.239813
1611.64	0.239943
1612.7	0.239986
1613.76	0.240057
1614.82	0.240101
1615.84	0.240158
1616.87	0.24023
1617.88	0.240302
1618.89	0.24033
1619.89	0.240359
1620.93	0.240388
1622	0.24046
1623.08	0.24046
1624.09	0.240503
1625.15	0.240546
1626.15	0.240661
1627.22	0.240718
1628.24	0.240776
1629.24	0.240833
1630.26	0.240934
1631.29	0.241063
1632.31	0.241135
1633.32	0.241178
1634.38	0.241293
1635.38	0.241322
1636.43	0.241437
1637.46	0.241466
1638.48	0.241494
1639.52	0.241595
1640.53	0.241652
1641.55	0.241782
1642.66	0.241796
1643.68	0.241897
1644.7	0.241983
1645.71	0.242011
1646.78	0.242069
1647.83	0.242141
1648.84	0.242198
1649.85	0.242256
1650.92	0.242371
1651.92	0.242471
1652.93	0.242543
1653.95	0.242644
1654.98	0.242687
1656.03	0.242802
1657.03	0.242816
1658.1	0.242874
1659.11	0.243003
1660.14	0.243032
1661.17	0.243089
1662.2	0.243233
1663.2	0.24329
1664.21	0.243391
1665.23	0.243463
1666.24	0.243563
1667.28	0.243578
1668.31	0.243635
1669.33	0.243664
1670.34	0.243693
1671.37	0.243764
1672.38	0.243807
1673.42	0.243836
1674.43	0.243908
1675.53	0.24398
1676.54	0.243994
1677.54	0.244052
1678.55	0.244138
1679.63	0.244224
1680.71	0.244296
1681.8	0.244353
1682.8	0.24444
1683.84	0.244497
1684.88	0.24454
1685.89	0.244626
1686.92	0.244655
1688.03	0.24477
1689.04	0.244784
1690.06	0.244842
1691.08	0.244914
1692.18	0.244971
1693.24	0.245057
1694.25	0.245144
1695.26	0.245201
1696.38	0.245244
1697.39	0.245359
1698.42	0.245417
1699.55	0.245503
1700.57	0.245546
1701.6	0.245618
1702.6	0.245647
1703.69	0.245675
1704.7	0.245704
1705.72	0.245876
1706.72	0.245963
1707.72	0.246006
1708.76	0.246049
1709.8	0.246121
1710.81	0.246193
1711.82	0.246236
1712.91	0.246279
1713.94	0.246336
1714.98	0.246379
1716.08	0.246437
1717.09	0.246523
1718.12	0.246595
1719.14	0.246638
1720.16	0.246695
1721.17	0.246825
1722.23	0.246925
1723.23	0.246983
1724.3	0.247055
1725.31	0.247098
1726.31	0.247213
1727.41	0.247241
1728.44	0.247256
1729.51	0.247371
1730.63	0.247443
1731.74	0.247486
1732.86	0.2475
1733.95	0.247557
1734.99	0.247644
1736.03	0.247701
1737.05	0.247759
1738.06	0.247816
1739.07	0.247874
1740.07	0.24796
1741.09	0.248032
1742.14	0.248132
1743.15	0.24819
1744.16	0.248305
1745.2	0.248391
1746.22	0.248477
1747.23	0.248477
1748.23	0.248563
1749.24	0.248649
1750.26	0.248736
1751.28	0.248764
1752.28	0.248836
1753.28	0.248922
1754.31	0.248994
1755.33	0.249095
1756.34	0.249138
1757.39	0.249167
1758.41	0.249195
1759.42	0.249239
1760.43	0.249296
1761.45	0.249353
1762.48	0.249411
1763.53	0.249511
1764.57	0.24954
1765.57	0.249583
1766.66	0.249598
1767.67	0.24967
1768.72	0.249727
1769.72	0.249842
1770.78	0.249871
1771.79	0.249971
1772.8	0.250029
1773.81	0.250072
1774.81	0.250158
1775.82	0.250259
1776.86	0.250302
1777.88	0.250374
1778.92	0.25046
1779.95	0.250503
1780.96	0.250589
1781.98	0.250632
1783.08	0.250747
1784.11	0.250819
1785.12	0.250891
1786.15	0.250991
1787.16	0.251034
1788.18	0.251149
1789.22	0.251193
1790.23	0.251236
1791.31	0.251236
1792.34	0.251307
1793.34	0.251351
1794.36	0.251408
1795.4	0.251466
1796.46	0.25158
1797.47	0.251638
1798.51	0.251652
1799.56	0.251739
1800.58	0.251868
1801.61	0.251968
1802.62	0.252026
1803.68	0.252083
1804.71	0.252112
1805.71	0.252198
1806.75	0.252371
1807.84	0.252385
1808.85	0.252428
1809.93	0.252529
1810.94	0.252586
1811.98	0.252629
1812.99	0.252701
1814.03	0.25273
1815.04	0.252773
1816.06	0.252859
1817.07	0.252931
1818.09	0.253017
1819.1	0.253103
1820.12	0.253147
1821.19	0.253276
1822.22	0.253319
1823.32	0.253391
1824.33	0.253491
1825.34	0.253506
1826.37	0.253534
1827.4	0.253578
1828.41	0.253635
1829.42	0.253649
1830.43	0.253736
1831.46	0.253793
1832.54	0.253908
1833.57	0.25398
1834.58	0.253994
1835.58	0.254052
1836.61	0.254052
1837.63	0.254124
1838.64	0.254152
1839.66	0.254296
1840.67	0.254368
1841.7	0.254454
1842.74	0.254583
1843.79	0.254626
1844.8	0.25467
1845.83	0.254784
1846.85	0.254842
1847.86	0.254928
1848.89	0.254971
1849.9	0.255057
1850.91	0.255216
1851.97	0.255244
1852.99	0.25533
1854.06	0.255359
1855.1	0.255417
1856.22	0.255445
1857.23	0.255474
1858.27	0.255546
1859.31	0.255618
1860.46	0.255661
1861.46	0.255733
1862.53	0.255761
1863.54	0.25579
1864.55	0.255862
1865.56	0.255905
1866.56	0.255977
1867.58	0.256006
1868.6	0.256034
1869.6	0.256049
1870.6	0.256178
1871.61	0.256264
1872.7	0.256264
1873.81	0.256422
1874.81	0.256509
1875.84	0.256523
1876.84	0.256595
1877.85	0.256609
1878.92	0.256638
1880.2	0.256695
1881.23	0.25681
1882.3	0.256983
1883.3	0.257069
1884.35	0.257141
1885.41	0.257198
1886.44	0.257213
1887.49	0.257256
1888.49	0.257443
1889.51	0.257529
1890.54	0.257672
1891.58	0.25773
1892.65	0.257859
1893.65	0.257989
1894.74	0.258032
1895.75	0.258118
1896.77	0.258276
1897.82	0.258362
1898.96	0.25842
1900	0.258434
1901.01	0.258491
1902.01	0.25852
1903.05	0.258549
1904.05	0.258592
1905.05	0.258635
1906.08	0.258664
1907.18	0.258736
1908.26	0.258779
1909.38	0.258865
1910.39	0.25898
1911.48	0.259124
1912.54	0.259152
1913.57	0.259152
1914.61	0.259239
1915.64	0.259239
1916.64	0.25931
1917.87	0.259353
1918.92	0.259425
1919.95	0.259483
1920.98	0.259655
1921.99	0.259698
1923.01	0.25977
1924.06	0.259842
1925.07	0.259899
1926.09	0.259914
1927.16	0.26
1928.28	0.260043
1929.29	0.260187
1930.3	0.26023
1931.37	0.260287
1932.38	0.260388
1933.44	0.260402
1934.49	0.260431
1935.5	0.260474
1936.58	0.260546
1937.63	0.260632
1938.67	0.260661
1939.71	0.260718
1940.78	0.260761
1941.82	0.260776
1942.88	0.260862
1943.94	0.261034
1944.99	0.261049
1945.99	0.261106
1947.02	0.261193
1948.03	0.261236
1949.1	0.261264
1950.1	0.261365
1951.13	0.261394
1952.17	0.261451
1953.24	0.261509
1954.34	0.261552
1955.45	0.261638
1956.48	0.261652
1957.49	0.261681
1958.52	0.261724
1959.55	0.261796
1960.55	0.261853
1961.58	0.261954
1962.61	0.262126
1963.62	0.26217
1964.62	0.262184
1965.65	0.262198
1966.65	0.262227
1967.66	0.262299
1968.7	0.262385
1969.73	0.262443
1970.74	0.262514
1971.79	0.262658
1972.81	0.26273
1973.82	0.26283
1974.91	0.262859
1976.02	0.262945
1977.1	0.263003
1978.13	0.263075
1979.23	0.263175
1980.25	0.263204
1981.26	0.263218
1982.27	0.263376
1983.31	0.263405
1984.35	0.263491
1985.35	0.263578
1986.37	0.263621
1987.38	0.263693
1988.39	0.263764
1989.4	0.263822
1990.41	0.263865
1991.42	0.263966
1992.44	0.264066
1993.54	0.264152
1994.58	0.264253
1995.6	0.264353
1996.65	0.264397
1997.67	0.264511
1998.68	0.264526
1999.71	0.264612
2000.72	0.264784
2001.72	0.265101
2002.72	0.26556
2003.72	0.26602
2004.72	0.266307
2005.73	0.266624
2006.74	0.266897
2007.75	0.26727
2008.76	0.267572
2009.77	0.268017
2010.8	0.268376
2011.81	0.268736
2012.81	0.268951
2013.82	0.269195
2014.83	0.269612
2015.83	0.270029
2016.83	0.270374
2017.83	0.270647
2018.83	0.27079
2019.84	0.271106
2020.84	0.271466
2021.85	0.271739
2022.86	0.272069
2023.87	0.272457
2024.87	0.272716
2025.87	0.273175
2026.88	0.273621
2027.88	0.273908
2028.89	0.274195
2029.91	0.274698
2030.91	0.275043
2031.92	0.275431
2032.93	0.275747
2033.93	0.276106
2034.94	0.276394
2035.95	0.276681
2036.96	0.277055
2037.97	0.277256
2038.97	0.277529
2039.97	0.277902
2040.97	0.278175
2042	0.278333
2043.01	0.278534
2044.01	0.278865
2045.01	0.279239
2046.01	0.27944
2047.01	0.279842
2048.02	0.280302
2049.03	0.280532
2050.04	0.280891
2051.05	0.281193
2052.05	0.281624
2053.07	0.282055
2054.08	0.282371
2055.08	0.282543
2056.08	0.282931
2057.08	0.283175
2058.09	0.283534
2059.11	0.283894
2060.12	0.28421
2061.13	0.284411
2062.13	0.284598
2063.13	0.285057
2064.16	0.285359
2065.17	0.285445
2066.18	0.285718
2067.18	0.285963
2068.18	0.286379
2069.19	0.286695
2070.19	0.287055
2071.2	0.287256
2072.2	0.287586
2073.2	0.287931
2074.2	0.288247
2075.2	0.288563
2076.21	0.288793
2077.22	0.288937
2078.22	0.289124
2079.23	0.289454
2080.23	0.289727
2081.23	0.289914
2082.24	0.290316
2083.26	0.290589
2084.26	0.290819
2085.26	0.291164
2086.27	0.29148
2087.28	0.291796
2088.29	0.292098
2089.31	0.292471
2090.31	0.292888
2091.32	0.293161
2092.32	0.293376
2093.32	0.293779
2094.32	0.294138
2095.32	0.29444
2096.34	0.294799
2097.35	0.295158
2098.35	0.295503
2099.35	0.295948
2100.38	0.296293
2101.38	0.296595
2102.39	0.296839
2103.4	0.297026
2104.4	0.297414
2105.41	0.297687
2106.42	0.298103
2107.42	0.298305
2108.43	0.298678
2109.44	0.29898
2110.44	0.299397
2111.44	0.29967
2112.47	0.299928
2113.48	0.30023
2114.49	0.300546
2115.5	0.300948
2116.51	0.301106
2117.51	0.301422
2118.52	0.301624
2119.52	0.30194
2120.52	0.302256
2121.52	0.302557
2122.52	0.302859
2123.53	0.303175
2124.54	0.303405
2125.54	0.303764
2126.55	0.304066
2127.55	0.30431
2128.57	0.304526
2129.58	0.304928
2130.59	0.305129
2131.63	0.305445
2132.66	0.305718
2133.66	0.306078
2134.66	0.306466
2135.66	0.306753
2136.69	0.306983
2137.69	0.307356
2138.72	0.307744
2139.74	0.308003
2140.75	0.308348
2141.75	0.308578
2142.76	0.308894
2143.77	0.30921
2144.77	0.309655
2145.78	0.309914
2146.78	0.310187
2147.79	0.31046
2148.79	0.310632
2149.8	0.310848
2150.8	0.311092
2151.8	0.311379
2152.81	0.311825
2153.81	0.312083
2154.83	0.312414
2155.83	0.312658
2156.84	0.312974
2157.85	0.313261
2158.86	0.313649
2159.86	0.313865
2160.87	0.314282
2161.88	0.314497
2162.89	0.314914
2163.89	0.315158
2164.89	0.315388
2165.89	0.315503
2166.89	0.315891
2167.93	0.316193
2168.93	0.316523
2169.93	0.316825
2170.94	0.317055
2171.97	0.317414
2172.98	0.317629
2173.99	0.317888
2175.01	0.318204
2176.02	0.318405
2177.03	0.318736
2178.04	0.318994
2179.05	0.319296
2180.06	0.31967
2181.08	0.320158
2182.08	0.320402
2183.08	0.320733
2184.1	0.321063
2185.11	0.32148
2186.11	0.321681
2187.11	0.321911
2188.12	0.322141
2189.13	0.322443
2190.14	0.32273
2191.14	0.323003
2192.15	0.323261
2193.15	0.323534
2194.16	0.323793
2195.16	0.324095
2196.16	0.324382
2197.2	0.324641
2198.2	0.325043
2199.2	0.325316
2200.23	0.325618
2201.24	0.32592
2202.25	0.326207
2203.25	0.326466
2204.25	0.326695
2205.25	0.327126
2206.25	0.327543
2207.26	0.32783
2208.26	0.328161
2209.27	0.328405
2210.28	0.328721
2211.28	0.32908
2212.29	0.329339
2213.29	0.329555
2214.31	0.329741
2215.31	0.330129
2216.31	0.330431
2217.32	0.330661
2218.32	0.331006
2219.33	0.331279
2220.34	0.331509
2221.37	0.331868
2222.38	0.33217
2223.38	0.332356
2224.4	0.332629
2225.4	0.332931
2226.41	0.333276
2227.41	0.333549
2228.44	0.333836
2229.44	0.334138
2230.46	0.334425
2231.46	0.334612
2232.46	0.334928
2233.47	0.335158
2234.48	0.33556
2235.5	0.335805
2236.5	0.336178
2237.5	0.336451
2238.51	0.336667
2239.51	0.336897
2240.52	0.337126
2241.53	0.337371
2242.54	0.337601
2243.55	0.33783
2244.55	0.338175
2245.57	0.338405
2246.57	0.338721
2247.58	0.339109
2248.61	0.339468
2249.63	0.339713
2250.65	0.340072
2251.66	0.34033
2252.7	0.340632
2253.7	0.340862
2254.7	0.341236
2255.7	0.341595
2256.7	0.341825
2257.71	0.341997
2258.71	0.342227
2259.72	0.342457
2260.72	0.342672
2261.72	0.342874
2262.74	0.343391
2263.77	0.34375
2264.78	0.344052
2265.79	0.344282
2266.79	0.344583
2267.8	0.344885
2268.81	0.345216
2269.81	0.345546
2270.82	0.345876
2271.83	0.346221
2272.84	0.34658
2273.84	0.346868
2274.86	0.347184
2275.87	0.347385
2276.88	0.347716
2277.88	0.347859
2278.88	0.348089
2279.89	0.348261
2280.9	0.348592
2281.9	0.348879
2282.9	0.349181
2283.91	0.349411
2284.92	0.349655
2285.92	0.349928
2286.93	0.350259
2287.93	0.350546
2288.93	0.350704
2289.94	0.350934
2290.94	0.351149
2291.94	0.351365
2292.97	0.351552
2293.97	0.351911
2294.99	0.352213
2296	0.352543
2297	0.352816
2298.01	0.353132
2299.02	0.35342
2300.02	0.353807
2301.03	0.354152
2302.03	0.354425
2303.03	0.354813
2304.03	0.355086
2305.06	0.355316
2306.08	0.355632
2307.09	0.35592
2308.09	0.356221
2309.09	0.356422
2310.09	0.356782
2311.1	0.357098
2312.11	0.357356
2313.13	0.357601
2314.14	0.357902
2315.14	0.358161
2316.14	0.358549
2317.15	0.358764
2318.15	0.359052
2319.15	0.359224
2320.16	0.359353
2321.17	0.35954
2322.18	0.359727
2323.19	0.359943
2324.19	0.360273
2325.2	0.360489
2326.21	0.360704
2327.23	0.361121
2328.23	0.361365
2329.24	0.361537
2330.25	0.36171
2331.25	0.361968
2332.25	0.362198
2333.25	0.362457
2334.25	0.36273
2335.27	0.363046
2336.27	0.363276
2337.28	0.363635
2338.28	0.364009
2339.29	0.364282
2340.29	0.364526
2341.3	0.364784
2342.3	0.365
2343.31	0.365187
2344.32	0.36556
2345.32	0.365747
2346.33	0.365876
2347.33	0.366049
2348.34	0.366264
2349.35	0.36648
2350.35	0.366839
2351.36	0.36717
2352.36	0.367371
2353.36	0.367615
2354.36	0.367845
2355.36	0.368032
2356.37	0.368204
2357.37	0.368477
2358.38	0.368894
2359.38	0.369181
2360.38	0.369454
2361.38	0.369856
2362.39	0.370129
2363.4	0.37033
2364.41	0.370603
2365.42	0.370891
2366.43	0.371193
2367.44	0.371537
2368.45	0.371782
2369.45	0.371983
2370.45	0.372313
2371.45	0.3725
2372.47	0.37273
2373.47	0.373046
2374.49	0.373362
2375.5	0.373578
2376.5	0.373879
2377.5	0.37408
2378.5	0.374267
2379.5	0.374454
2380.5	0.374655
2381.52	0.374914
2382.53	0.375072
2383.53	0.375244
2384.54	0.375546
2385.54	0.37579
2386.54	0.376034
2387.54	0.376307
2388.55	0.376609
2389.55	0.376897
2390.55	0.377126
2391.56	0.377428
2392.56	0.377658
2393.56	0.377888
2394.56	0.37806
2395.56	0.378276
2396.57	0.378563
2397.58	0.378836
2398.58	0.378994
2399.59	0.379124
2400.59	0.37931
2401.6	0.379612
2402.6	0.379828
2403.6	0.380287
2404.6	0.380603
2405.61	0.380891
2406.61	0.381207
2407.62	0.381437
2408.63	0.38158
2409.64	0.381825
2410.64	0.382098
2411.64	0.382213
2412.66	0.382342
2413.68	0.382572
2414.69	0.382802
2415.69	0.382989
2416.69	0.383175
2417.7	0.383434
2418.71	0.383649
2419.72	0.383851
2420.72	0.384095
2421.72	0.384339
2422.73	0.384483
2423.73	0.384684
2424.75	0.384928
2425.76	0.385172
2426.76	0.385359
2427.77	0.38556
2428.77	0.385891
2429.78	0.38602
2430.8	0.386236
2431.8	0.386523
2432.81	0.386782
2433.82	0.387055
2434.83	0.387414
2435.84	0.387601
2436.84	0.387759
2437.84	0.387888
2438.84	0.388247
2439.84	0.388391
2440.85	0.388635
2441.86	0.388908
2442.87	0.38898
2443.87	0.389181
2444.88	0.389382
2445.88	0.389626
2446.91	0.389871
2447.91	0.390072
2448.92	0.390259
2449.92	0.390431
2450.92	0.390704
2451.92	0.390963
2452.92	0.391149
2453.94	0.391365
2454.95	0.391523
2455.98	0.391667
2456.99	0.391868
2458	0.392098
2459.01	0.392342
2460.01	0.392514
2461.01	0.392716
2462.01	0.392902
2463.01	0.393075
2464.01	0.393319
2465.02	0.393678
2466.03	0.393908
2467.03	0.394066
2468.05	0.394253
2469.07	0.39444
2470.07	0.39467
2471.09	0.394899
2472.09	0.395115
2473.09	0.395417
2474.09	0.395718
2475.1	0.395891
2476.11	0.396092
2477.12	0.396279
2478.13	0.396437
2479.13	0.396724
2480.13	0.396911
2481.14	0.397198
2482.14	0.397385
2483.15	0.397586
2484.15	0.397773
2485.15	0.39796
2486.16	0.398161
2487.16	0.398218
2488.16	0.398534
2489.16	0.398721
2490.16	0.398922
2491.17	0.399095
2492.17	0.399296
2493.17	0.399641
2494.17	0.399813
2495.18	0.399899
2496.18	0.400115
2497.19	0.400402
2498.19	0.400603
2499.19	0.400776
2500.19	0.400934
2501.19	0.401092
2502.2	0.401178
2503.2	0.401394
2504.21	0.40171
2505.21	0.401954
2506.22	0.402083
2507.22	0.402342
2508.22	0.402514
2509.22	0.402629
2510.23	0.40273
2511.23	0.403017
2512.23	0.403362
2513.23	0.403506
2514.23	0.403678
2515.23	0.403851
2516.23	0.403966
2517.23	0.404152
2518.24	0.404253
2519.24	0.404425
2520.25	0.404569
2521.25	0.404727
2522.25	0.404914
2523.25	0.405057
2524.26	0.405287
2525.26	0.405417
2526.26	0.405647
2527.26	0.40579
2528.27	0.405963
2529.28	0.406121
2530.28	0.406351
2531.29	0.406437
2532.29	0.406523
2533.3	0.406652
2534.3	0.406882
2535.3	0.406997
2536.3	0.407256
2537.3	0.407428
2538.31	0.407543
2539.31	0.407658
2540.31	0.407802
2541.31	0.407917
2542.32	0.408003
2543.32	0.408175
2544.33	0.408261
2545.34	0.408348
2546.34	0.408463
2547.34	0.408578
2548.35	0.40875
2549.35	0.408951
2550.35	0.408994
2551.36	0.409138
2552.36	0.409339
2553.36	0.409483
2554.37	0.409626
2555.37	0.409756
2556.38	0.409885
2557.38	0.410101
2558.41	0.410216
2559.41	0.410431
2560.41	0.41056
2561.41	0.410718
2562.42	0.410891
2563.42	0.411049
2564.42	0.411207
2565.43	0.411408
2566.44	0.411552
2567.46	0.411753
2568.47	0.411825
2569.47	0.411968
2570.48	0.412112
2571.48	0.412184
2572.48	0.412356
2573.49	0.412557
2574.49	0.412687
2575.49	0.41283
2576.49	0.412917
2577.5	0.413003
2578.5	0.413204
2579.51	0.413391
2580.51	0.413592
2581.51	0.413664
2582.51	0.413836
2583.52	0.413966
2584.52	0.414195
2585.52	0.414296
2586.52	0.414425
2587.52	0.414526
2588.52	0.41467
2589.54	0.414813
2590.54	0.414957
2591.54	0.415158
2592.55	0.415259
2593.55	0.415345
2594.55	0.415517
2595.56	0.415675
2596.56	0.415819
2597.57	0.41592
2598.57	0.415977
2599.57	0.416049
2600.57	0.416092
2601.58	0.41625
2602.58	0.416322
2603.58	0.41648
2604.58	0.416566
2605.59	0.416681
2606.59	0.416782
2607.59	0.416853
2608.61	0.41694
2609.61	0.417083
2610.61	0.417227
2611.61	0.417486
2612.61	0.417572
2613.62	0.417601
2614.63	0.41773
2615.63	0.417816
2616.64	0.418003
2617.64	0.41806
2618.64	0.418305
2619.64	0.418463
2620.64	0.418649
2621.64	0.418764
2622.65	0.418994
2623.65	0.41908
2624.65	0.419239
2625.66	0.419353
2626.68	0.419382
2627.68	0.41954
2628.69	0.419612
2629.69	0.419756
2630.69	0.419928
2631.69	0.420101
2632.69	0.420417
2633.7	0.420632
2634.7	0.420776
2635.71	0.420948
2636.71	0.421092
2637.71	0.421178
2638.71	0.421351
2639.72	0.421422
2640.72	0.42148
2641.72	0.421638
2642.73	0.42171
2643.73	0.421825
2644.73	0.421911
2645.74	0.421983
2646.74	0.422112
2647.74	0.422227
2648.75	0.422342
2649.76	0.422486
2650.76	0.422672
2651.77	0.422759
2652.77	0.422859
2653.77	0.423017
2654.77	0.423103
2655.77	0.423247
2656.78	0.423376
2657.79	0.423592
2658.79	0.423707
2659.79	0.423793
2660.79	0.423922
2661.8	0.424009
2662.8	0.424095
2663.8	0.424253
2664.81	0.424325
2665.82	0.42444
2666.82	0.424569
2667.82	0.424641
2668.82	0.424713
2669.83	0.424813
2670.83	0.424943
2671.84	0.425101
2672.84	0.425259
2673.84	0.425345
2674.85	0.425445
2675.85	0.425603
2676.85	0.425675
2677.85	0.425776
2678.86	0.425848
2679.86	0.425934
2680.87	0.426078
2681.87	0.42625
2682.87	0.426336
2683.87	0.426451
2684.88	0.426523
2685.88	0.42658
2686.88	0.426753
2687.89	0.426897
2688.89	0.427026
2689.9	0.427141
2690.9	0.42727
2691.9	0.427371
2692.9	0.4275
2693.91	0.427629
2694.91	0.427759
2695.92	0.427888
2696.93	0.427974
2697.94	0.428175
2698.94	0.428247
2699.94	0.428376
2700.94	0.428563
2701.94	0.428678
2702.94	0.428894
2703.96	0.429066
2704.96	0.429181
2705.96	0.42931
2706.96	0.429468
2707.97	0.429555
2708.97	0.42967
2709.97	0.42977
2710.98	0.429871
2711.98	0.429971
2712.98	0.430101
2713.99	0.430187
2714.99	0.43033
2716	0.430445
2717	0.430618
2718	0.430718
2719.01	0.430761
2720.01	0.430891
2721.02	0.430991
2722.02	0.431092
2723.02	0.431221
2724.03	0.431293
2725.03	0.431451
2726.04	0.431537
2727.04	0.431624
2728.04	0.431767
2729.04	0.431839
2730.05	0.431911
2731.06	0.432011
2732.06	0.432112
2733.07	0.432213
2734.08	0.432299
2735.1	0.432385
2736.11	0.432457
2737.11	0.432572
2738.11	0.432773
2739.12	0.432845
2740.12	0.433003
2741.12	0.433132
2742.12	0.433276
2743.13	0.433348
2744.13	0.433477
2745.13	0.433621
2746.14	0.433678
2747.16	0.433793
2748.16	0.433793
2749.17	0.433922
2750.17	0.434009
2751.17	0.434138
2752.18	0.43431
2753.18	0.434468
2754.19	0.434526
2755.19	0.434583
2756.19	0.434756
2757.19	0.434856
2758.19	0.434957
2759.2	0.435014
2760.2	0.435115
2761.21	0.435259
2762.21	0.435374
2763.22	0.435489
2764.22	0.435618
2765.23	0.435718
2766.23	0.435848
2767.24	0.435905
2768.25	0.436006
2769.25	0.436106
2770.26	0.436307
2771.26	0.436408
2772.27	0.436552
2773.27	0.436724
2774.28	0.436825
2775.28	0.436954
2776.28	0.437055
2777.29	0.437198
2778.29	0.437284
2779.29	0.437428
2780.3	0.437644
2781.31	0.437787
2782.31	0.437859
2783.31	0.437945
2784.32	0.438003
2785.32	0.438161
2786.32	0.438247
2787.32	0.438333
2788.34	0.438434
2789.35	0.438578
2790.35	0.438693
2791.35	0.438836
2792.36	0.438937
2793.37	0.439052
2794.38	0.439109
2795.39	0.439353
2796.39	0.439468
2797.39	0.439626
2798.39	0.439713
2799.39	0.439856
2800.39	0.439971
2801.4	0.440072
2802.4	0.440172
2803.4	0.440316
2804.41	0.440431
2805.41	0.440546
2806.42	0.440603
2807.42	0.440675
2808.43	0.44079
2809.43	0.440891
2810.43	0.441006
2811.45	0.441207
2812.45	0.441336
2813.45	0.441422
2814.45	0.441609
2815.46	0.441681
2816.47	0.441767
2817.48	0.441882
2818.48	0.441983
2819.48	0.442155
2820.49	0.442241
2821.49	0.442371
2822.49	0.442443
2823.5	0.4425
2824.51	0.442601
2825.52	0.442658
2826.52	0.442816
2827.52	0.442931
2828.53	0.443032
2829.53	0.44306
2830.53	0.443161
2831.55	0.44319
2832.55	0.44329
2833.56	0.443405
2834.59	0.443477
2835.59	0.443549
2836.59	0.443649
2837.6	0.443764
2838.6	0.443922
2839.6	0.443966
2840.61	0.444066
2841.62	0.444124
2842.62	0.444224
2843.63	0.444353
2844.63	0.44444
2845.63	0.444569
2846.63	0.444641
2847.64	0.44477
2848.64	0.444871
2849.64	0.444986
2850.65	0.445086
2851.65	0.445158
2852.65	0.445287
2853.65	0.44533
2854.66	0.44546
2855.67	0.445517
2856.67	0.445603
2857.67	0.445618
2858.69	0.445718
2859.69	0.445761
2860.69	0.445819
2861.69	0.445905
2862.7	0.445991
2863.7	0.446149
2864.7	0.44625
2865.71	0.446379
2866.71	0.446466
2867.72	0.446523
2868.72	0.446638
2869.72	0.446825
2870.72	0.446911
2871.72	0.447098
2872.74	0.447213
2873.74	0.447342
2874.75	0.447443
2875.75	0.447543
2876.75	0.447701
2877.75	0.447787
2878.76	0.447931
2879.77	0.448075
2880.77	0.448175
2881.78	0.448218
2882.78	0.448362
2883.78	0.448506
2884.78	0.448549
2885.78	0.448621
2886.79	0.448764
2887.8	0.448822
2888.8	0.448894
2889.8	0.448994
2890.8	0.449052
2891.8	0.449138
2892.81	0.449167
2893.81	0.449253
2894.82	0.449339
2895.82	0.449382
2896.83	0.449483
2897.83	0.449626
2898.84	0.449713
2899.85	0.449799
2900.85	0.449828
2901.85	0.449914
2902.86	0.450029
2903.87	0.450057
2904.87	0.450086
2905.87	0.450273
2906.87	0.450388
2907.88	0.450532
2908.88	0.450632
2909.88	0.450718
2910.88	0.45079
2911.89	0.450833
2912.89	0.450948
2913.93	0.450963
2914.93	0.451063
2915.95	0.451164
2916.95	0.451178
2917.95	0.45125
2918.96	0.451336
2919.96	0.451466
2920.96	0.451624
2921.97	0.451753
2922.98	0.451825
2923.98	0.451983
2924.99	0.452083
2925.99	0.452155
2926.99	0.452213
2927.99	0.452241
2929	0.452313
2930	0.452385
2931	0.452557
2932.01	0.452672
2933.01	0.452773
2934.02	0.453003
2935.02	0.453089
2936.02	0.453233
2937.02	0.453348
2938.03	0.453434
2939.03	0.453506
2940.05	0.453563
2941.05	0.453649
2942.05	0.453764
2943.05	0.453879
2944.06	0.453994
2945.07	0.454066
2946.07	0.454124
2947.07	0.454253
2948.09	0.454368
2949.09	0.454411
2950.09	0.454468
2951.1	0.454526
2952.1	0.454569
2953.1	0.45467
2954.11	0.454727
2955.12	0.454828
2956.12	0.454899
2957.13	0.454943
2958.14	0.455043
2959.14	0.455144
2960.14	0.45523
2961.14	0.455316
2962.15	0.455388
2963.15	0.45556
2964.15	0.45569
2965.15	0.45579
2966.15	0.455848
2967.17	0.455891
2968.17	0.455948
2969.18	0.456121
2970.19	0.456193
2971.19	0.456279
2972.19	0.456379
2973.2	0.456523
2974.2	0.456667
2975.2	0.456753
2976.21	0.456782
2977.21	0.456968
2978.21	0.45704
2979.21	0.45717
2980.22	0.457241
2981.22	0.457414
2982.23	0.4575
2983.25	0.457644
2984.25	0.457787
2985.25	0.45796
2986.26	0.458032
2987.26	0.458147
2988.27	0.45819
2989.27	0.45829
2990.28	0.458391
2991.28	0.458463
2992.28	0.458621
2993.29	0.458736
2994.3	0.458836
2995.31	0.458966
2996.31	0.459009
2997.31	0.45908
2998.31	0.459167
2999.33	0.459239
3000.34	0.459382
3001.34	0.459468
3002.34	0.459526
3003.35	0.459655
3004.35	0.459727
3005.35	0.459813
3006.36	0.459871
3007.37	0.459986
3008.38	0.460072
3009.39	0.46023
3010.4	0.46046
3011.41	0.46056
3012.41	0.460647
3013.41	0.460733
3014.42	0.460805
3015.43	0.460891
3016.44	0.46102
3017.45	0.461121
3018.45	0.461149
3019.45	0.461236
3020.45	0.461394
3021.46	0.46148
3022.46	0.46158
3023.47	0.461667
3024.48	0.461739
3025.48	0.461839
3026.49	0.461954
3027.49	0.462026
3028.5	0.462155
3029.5	0.46227
3030.51	0.462428
3031.51	0.462601
3032.51	0.462759
3033.51	0.462845
3034.51	0.462902
3035.52	0.46296
3036.53	0.463032
3037.53	0.463046
3038.53	0.463089
3039.54	0.463247
3040.56	0.463333
3041.56	0.46342
3042.57	0.463491
3043.6	0.463549
3044.6	0.463606
3045.6	0.463693
3046.61	0.463851
3047.61	0.463951
3048.61	0.464023
3049.62	0.464138
3050.62	0.464239
3051.62	0.46431
3052.62	0.464382
3053.64	0.46444
3054.64	0.464555
3055.64	0.464655
3056.65	0.464784
3057.66	0.464914
3058.67	0.465
3059.68	0.465144
3060.69	0.465259
3061.7	0.465402
3062.71	0.465546
3063.71	0.465718
3064.73	0.46579
3065.74	0.46592
3066.74	0.466006
3067.74	0.466164
3068.74	0.466221
3069.75	0.466307
3070.76	0.466394
3071.76	0.466537
3072.76	0.466609
3073.77	0.466624
3074.77	0.466753
3075.78	0.466839
3076.78	0.466925
3077.78	0.467055
3078.78	0.467198
3079.79	0.467227
3080.79	0.467328
3081.8	0.467428
3082.8	0.467514
3083.81	0.467572
3084.81	0.46773
3085.81	0.467931
3086.81	0.468103
3087.82	0.468147
3088.82	0.468204
3089.82	0.468305
3090.83	0.468391
3091.83	0.46852
3092.83	0.468678
3093.84	0.468836
3094.84	0.468922
3095.84	0.468994
3096.85	0.469124
3097.85	0.469167
3098.85	0.469239
3099.85	0.469353
3100.86	0.46944
3101.86	0.469511
3102.86	0.469598
3103.87	0.469713
3104.87	0.469784
3105.88	0.469914
3106.89	0.470014
3107.9	0.470101
3108.9	0.470187
3109.91	0.470259
3110.91	0.470302
3111.92	0.470388
3112.93	0.470532
3113.93	0.470603
3114.94	0.47069
3115.94	0.470718
3116.94	0.470805
3117.95	0.47092
3118.95	0.470991
3119.95	0.471063
3120.96	0.471149
3121.97	0.471193
3122.97	0.471279
3123.98	0.471365
3124.98	0.471422
3125.98	0.471609
3126.98	0.471695
3127.98	0.47181
3128.99	0.471925
3129.99	0.472011
3131	0.472112
3132	0.472241
3133	0.47227
3134.01	0.472371
3135.01	0.472428
3136.01	0.4725
3137.02	0.472572
3138.02	0.472687
3139.02	0.472845
3140.03	0.472902
3141.03	0.473046
3142.03	0.473103
3143.03	0.473161
3144.03	0.47319
3145.05	0.473247
3146.08	0.473319
3147.08	0.473348
3148.09	0.473448
3149.09	0.473563
3150.09	0.473736
3151.1	0.473822
3152.11	0.473937
3153.11	0.474037
3154.11	0.474253
3155.11	0.474368
3156.12	0.47454
3157.12	0.474684
3158.13	0.474698
3159.13	0.474756
3160.13	0.474871
3161.13	0.474957
3162.14	0.475043
3163.14	0.475115
3164.14	0.475158
3165.15	0.475187
3166.15	0.475273
3167.15	0.475345
3168.15	0.475417
3169.16	0.47546
3170.17	0.475589
3171.17	0.475661
3172.17	0.475718
3173.17	0.475848
3174.17	0.475905
3175.18	0.475991
3176.18	0.476135
3177.18	0.476236
3178.18	0.476322
3179.19	0.476394
3180.19	0.476537
3181.19	0.476595
3182.19	0.476739
3183.19	0.476796
3184.2	0.476868
3185.2	0.476897
3186.21	0.477011
3187.22	0.477112
3188.22	0.477198
3189.22	0.477256
3190.23	0.477328
3191.23	0.477414
3192.25	0.477601
3193.25	0.477672
3194.26	0.477787
3195.27	0.477931
3196.27	0.478089
3197.27	0.478103
3198.27	0.478204
3199.27	0.478276
3200.27	0.478376
3201.27	0.47842
3202.27	0.478491
3203.28	0.478606
3204.28	0.478664
3205.28	0.47875
3206.29	0.478836
3207.29	0.478908
3208.29	0.478951
3209.31	0.479052
3210.32	0.479109
3211.32	0.479152
3212.32	0.479282
3213.33	0.479425
3214.33	0.479526
3215.33	0.479598
3216.34	0.479741
3217.34	0.479914
3218.34	0.479971
3219.35	0.480043
3220.36	0.480158
3221.37	0.480259
3222.38	0.480374
3223.38	0.480474
3224.38	0.480489
3225.38	0.480575
3226.38	0.48069
3227.39	0.480747
3228.39	0.480848
3229.39	0.480948
3230.4	0.481034
3231.41	0.481207
3232.41	0.481279
3233.41	0.481365
3234.41	0.48148
3235.42	0.481552
3236.42	0.481624
3237.43	0.48171
3238.43	0.48181
3239.44	0.481897
3240.44	0.481954
3241.44	0.482055
3242.45	0.48217
3243.45	0.482256
3244.46	0.482284
3245.47	0.482356
3246.47	0.482385
3247.47	0.482486
3248.47	0.482629
3249.47	0.482716
3250.48	0.482816
3251.48	0.482874
3252.48	0.482974
3253.49	0.483032
3254.5	0.483161
3255.5	0.483261
3256.5	0.483405
3257.5	0.483534
3258.51	0.483649
3259.52	0.483865
3260.52	0.483951
3261.52	0.484009
3262.53	0.484023
3263.53	0.484109
3264.54	0.484195
3265.54	0.484253
3266.54	0.48431
3267.55	0.484325
3268.56	0.484468
3269.56	0.484583
3270.59	0.484698
3271.59	0.484799
3272.6	0.484928
3273.6	0.484971
3274.6	0.485057
3275.6	0.485101
3276.6	0.485129
3277.61	0.485172
3278.62	0.485216
3279.63	0.485259
3280.63	0.485316
3281.64	0.485374
3282.64	0.48546
3283.64	0.485532
3284.64	0.485632
3285.64	0.485704
3286.65	0.485819
3287.65	0.485905
3288.68	0.486006
3289.69	0.486149
3290.7	0.48625
3291.7	0.486351
3292.7	0.486422
3293.72	0.486494
3294.73	0.486609
3295.75	0.486695
3296.75	0.486767
3297.75	0.486796
3298.76	0.486897
3299.76	0.486968
3300.76	0.487112
3301.8	0.487198
3302.8	0.487256
3303.8	0.487313
3304.81	0.487414
3305.82	0.487486
3306.83	0.487586
3307.83	0.487672
3308.83	0.487672
3309.84	0.487716
3310.85	0.487759
3311.85	0.487859
3312.85	0.487902
3313.85	0.488003
3314.85	0.488175
3315.85	0.48829
3316.86	0.488477
3317.86	0.488549
3318.86	0.488693
3319.87	0.488764
3320.88	0.488865
3321.88	0.488994
3322.88	0.489052
3323.89	0.489152
3324.89	0.489253
3325.89	0.489353
3326.89	0.489425
3327.9	0.489511
3328.9	0.48954
3329.91	0.489641
3330.91	0.489727
3331.91	0.489842
3332.93	0.489928
3333.94	0.49
3334.94	0.490072
3335.94	0.490115
3336.95	0.490158
3337.95	0.490187
3338.97	0.490302
3339.97	0.490316
3340.98	0.490374
3341.99	0.490431
3342.99	0.490474
3343.99	0.490603
3344.99	0.490747
3345.99	0.49092
3346.99	0.491034
3348	0.491121
3349	0.491221
3350	0.491279
3351.01	0.491351
3352.02	0.491437
3353.02	0.491523
3354.04	0.491609
3355.04	0.491652
3356.05	0.491767
3357.05	0.491853
3358.05	0.491968
3359.06	0.492055
3360.06	0.492083
3361.07	0.492198
3362.07	0.492256
3363.07	0.492342
3364.08	0.492428
3365.09	0.492572
3366.13	0.492744
3367.14	0.492845
3368.14	0.492888
3369.14	0.492974
3370.14	0.493118
3371.14	0.493233
3372.15	0.493261
3373.16	0.493333
3374.16	0.493434
3375.16	0.49352
3376.17	0.493606
3377.19	0.493664
3378.19	0.493736
3379.19	0.493793
3380.19	0.493894
3381.2	0.493966
3382.2	0.494066
3383.2	0.494181
3384.21	0.494296
3385.22	0.494382
3386.22	0.494454
3387.22	0.494569
3388.22	0.494598
3389.23	0.49467
3390.23	0.49477
3391.23	0.494885
3392.24	0.494957
3393.24	0.495029
3394.25	0.495158
3395.25	0.49523
3396.26	0.495302
3397.26	0.495445
3398.27	0.495603
3399.27	0.495647
3400.28	0.495761
3401.29	0.495876
3402.29	0.495934
3403.3	0.496034
3404.3	0.496092
3405.31	0.496164
3406.31	0.496193
3407.31	0.496264
3408.32	0.496336
3409.32	0.496509
3410.33	0.496652
3411.33	0.496739
3412.33	0.496839
3413.34	0.496911
3414.34	0.496983
3415.34	0.497055
3416.34	0.497141
3417.35	0.49727
3418.35	0.497328
3419.35	0.497414
3420.35	0.497457
3421.35	0.497543
3422.36	0.497615
3423.36	0.497716
3424.36	0.497744
3425.37	0.497845
3426.37	0.497974
3427.37	0.498017
3428.37	0.498118
3429.38	0.498218
3430.38	0.498305
3431.38	0.498448
3432.39	0.498477
3433.4	0.498549
3434.41	0.498592
3435.41	0.498707
3436.42	0.49875
3437.42	0.498807
3438.43	0.498908
3439.43	0.498994
3440.43	0.499066
3441.43	0.499152
3442.44	0.499267
3443.44	0.499368
3444.44	0.499468
3445.44	0.49954
3446.45	0.499612
3447.46	0.499698
3448.48	0.499871
3449.49	0.499957
3450.49	0.500043
3451.49	0.500129
3452.49	0.500187
3453.5	0.500244
3454.5	0.500359
3455.5	0.500431
3456.51	0.50056
3457.51	0.500661
3458.51	0.500761
3459.51	0.500934
3460.51	0.501006
3461.51	0.501049
3462.52	0.501106
3463.52	0.501149
3464.52	0.501221
3465.53	0.501279
3466.53	0.501394
3467.56	0.501451
3468.57	0.501537
3469.57	0.501667
3470.57	0.501825
3471.57	0.50194
3472.57	0.501997
3473.58	0.502083
3474.59	0.502155
3475.59	0.502198
3476.59	0.502313
3477.6	0.502356
3478.6	0.502428
3479.61	0.5025
3480.62	0.502615
3481.62	0.50273
3482.63	0.50283
3483.63	0.502945
3484.63	0.503075
3485.63	0.503103
3486.64	0.503175
3487.64	0.503261
3488.65	0.503405
3489.65	0.503491
3490.65	0.503592
3491.66	0.503649
3492.67	0.503693
3493.68	0.503865
3494.68	0.50398
3495.69	0.503994
3496.69	0.504066
3497.7	0.504124
3498.75	0.50421
3499.75	0.504282
3500.75	0.504339
3501.76	0.504382
3502.76	0.504468
3503.76	0.504612
3504.76	0.504698
3505.77	0.504842
3506.77	0.504899
3507.78	0.504986
3508.8	0.505072
3509.82	0.505115
3510.83	0.50523
3511.83	0.505402
3512.83	0.505517
3513.83	0.505603
3514.84	0.50579
3515.85	0.505862
3516.85	0.506006
3517.86	0.506106
3518.86	0.506178
3519.86	0.506193
3520.87	0.506236
3521.89	0.506322
3522.9	0.506422
3523.9	0.50648
3524.9	0.506552
3525.9	0.50658
3526.91	0.506624
3527.91	0.506681
3528.92	0.506796
3529.93	0.506868
3530.93	0.507083
3531.96	0.507098
3532.96	0.507141
3533.96	0.50717
3534.96	0.507198
3535.97	0.50727
3536.97	0.507342
3537.99	0.507371
3539	0.507443
3540	0.507557
3541	0.507687
3542	0.507773
3543.02	0.507859
3544.02	0.50796
3545.03	0.508003
3546.03	0.508132
3547.03	0.50819
3548.03	0.508247
3549.03	0.508305
3550.04	0.508448
3551.04	0.508534
3552.05	0.508678
3553.05	0.508807
3554.05	0.508851
3555.05	0.508908
3556.06	0.509009
3557.06	0.509066
3558.07	0.509138
3559.07	0.509224
3560.07	0.509267
3561.08	0.509325
3562.09	0.50944
3563.09	0.509454
3564.1	0.509511
3565.11	0.509569
3566.11	0.509626
3567.11	0.509684
3568.12	0.509756
3569.12	0.509899
3570.13	0.509986
3571.13	0.510043
3572.14	0.510115
3573.15	0.510144
3574.15	0.510273
3575.15	0.510359
3576.15	0.510474
3577.15	0.510503
3578.16	0.510546
3579.16	0.510603
3580.17	0.510675
3581.18	0.510733
3582.18	0.51079
3583.18	0.510833
3584.18	0.510963
3585.18	0.511106
3586.19	0.511207
3587.21	0.511307
3588.21	0.511365
3589.22	0.511437
3590.22	0.511509
3591.22	0.511624
3592.23	0.511681
3593.23	0.511739
3594.23	0.511853
3595.24	0.511925
3596.24	0.511997
3597.24	0.512098
3598.24	0.512184
3599.24	0.512256
3600.24	0.512356
3601.24	0.512385
3602.25	0.512471
3603.27	0.512572
3604.27	0.512615
3605.27	0.512672
3606.28	0.512759
3607.28	0.512917
3608.3	0.513003
3609.3	0.513075
3610.31	0.513132
3611.31	0.513233
3612.32	0.513319
3613.33	0.513434
3614.35	0.513506
3615.35	0.513549
3616.36	0.513649
3617.36	0.513764
3618.37	0.513807
3619.37	0.513879
3620.38	0.513951
3621.38	0.514009
3622.38	0.514109
3623.4	0.514167
3624.4	0.514282
3625.4	0.514353
3626.41	0.51444
3627.41	0.514511
3628.41	0.514626
3629.42	0.514698
3630.42	0.514799
3631.43	0.514885
3632.43	0.514957
3633.43	0.515029
3634.44	0.515086
3635.45	0.515172
3636.45	0.515287
3637.45	0.515359
3638.46	0.515417
3639.46	0.515431
3640.47	0.51556
3641.47	0.515632
3642.47	0.515718
3643.48	0.515848
3644.48	0.51592
3645.48	0.516034
3646.49	0.516092
3647.49	0.516149
3648.49	0.516193
3649.5	0.516236
3650.5	0.516279
3651.5	0.516351
3652.51	0.516408
3653.51	0.516509
3654.51	0.516552
3655.51	0.516595
3656.52	0.516667
3657.54	0.516681
3658.55	0.516739
3659.56	0.51681
3660.56	0.516911
3661.56	0.517011
3662.57	0.517083
3663.57	0.517184
3664.59	0.517256
3665.6	0.517284
3666.61	0.517313
3667.61	0.517371
3668.61	0.517443
3669.61	0.517543
3670.61	0.517658
3671.62	0.517701
3672.62	0.517744
3673.62	0.517845
3674.63	0.517931
3675.64	0.517974
3676.64	0.518089
3677.64	0.518161
3678.64	0.518204
3679.65	0.518333
3680.65	0.518463
3681.66	0.518491
3682.66	0.518563
3683.66	0.518678
3684.67	0.518721
3685.67	0.518779
3686.67	0.518908
3687.67	0.518937
3688.68	0.519037
3689.68	0.519095
3690.68	0.519109
3691.69	0.519167
3692.69	0.51921
3693.69	0.519267
3694.7	0.51931
3695.7	0.519382
3696.7	0.519411
3697.71	0.519454
3698.71	0.519511
3699.71	0.51954
3700.71	0.519641
3701.72	0.519741
3702.72	0.519813
3703.72	0.519899
3704.74	0.520014
3705.74	0.520086
3706.75	0.520216
3707.76	0.52033
3708.76	0.520388
3709.76	0.520445
3710.76	0.520532
3711.76	0.520618
3712.77	0.520675
3713.77	0.52079
3714.77	0.520876
3715.77	0.520977
3716.78	0.521034
3717.78	0.521092
3718.78	0.521121
3719.79	0.521178
3720.8	0.521236
3721.81	0.521293
3722.81	0.521336
3723.81	0.521365
3724.82	0.521408
3725.82	0.521466
3726.82	0.521523
3727.82	0.52158
3728.84	0.521652
3729.85	0.52171
3730.85	0.521739
3731.86	0.52181
3732.86	0.521897
3733.87	0.521954
3734.87	0.521997
3735.87	0.52204
3736.87	0.522083
3737.88	0.522141
3738.88	0.522227
3739.89	0.522313
3740.89	0.522399
3741.9	0.522486
3742.9	0.522601
3743.9	0.522629
3744.9	0.522701
3745.91	0.522787
3746.91	0.522845
3747.91	0.522931
3748.91	0.523017
3749.92	0.523075
3750.93	0.523147
3751.93	0.523175
3752.94	0.523261
3753.94	0.523319
3754.94	0.523348
3755.94	0.52342
3756.94	0.523463
3757.95	0.523534
3758.96	0.523563
3759.96	0.523649
3760.96	0.523707
3761.96	0.523807
3762.97	0.523836
3763.98	0.523908
3764.98	0.52398
3765.98	0.524066
3766.98	0.524167
3768	0.524267
3769	0.52431
3770.02	0.524382
3771.02	0.52444
3772.02	0.524483
3773.02	0.52454
3774.02	0.524598
3775.03	0.524655
3776.04	0.524684
3777.05	0.524727
3778.06	0.524784
3779.06	0.524842
3780.07	0.524928
3781.07	0.525072
3782.07	0.525129
3783.09	0.525201
3784.09	0.525244
3785.1	0.525302
3786.12	0.525359
3787.12	0.525474
3788.12	0.52556
3789.12	0.525632
3790.12	0.525718
3791.13	0.525805
3792.13	0.525963
3793.13	0.526006
3794.14	0.526106
3795.14	0.526135
3796.15	0.526193
3797.15	0.52625
3798.16	0.526307
3799.16	0.526351
3800.17	0.526437
3801.17	0.52648
3802.18	0.526537
3803.19	0.526566
3804.19	0.526667
3805.2	0.526724
3806.21	0.52681
3807.21	0.526853
3808.22	0.526882
3809.22	0.526925
3810.22	0.526983
3811.23	0.527055
3812.23	0.527184
3813.23	0.52727
3814.23	0.527342
3815.24	0.527428
3816.24	0.5275
3817.24	0.527629
3818.25	0.527687
3819.25	0.527701
3820.25	0.527744
3821.26	0.527816
3822.27	0.527859
3823.28	0.527931
3824.29	0.527989
3825.29	0.52806
3826.31	0.528132
3827.31	0.528261
3828.33	0.52829
3829.33	0.528391
3830.34	0.52842
3831.34	0.528491
3832.34	0.528534
3833.35	0.528592
3834.35	0.528707
3835.35	0.528764
3836.35	0.528807
3837.36	0.528894
3838.37	0.528937
3839.38	0.529009
3840.38	0.529066
3841.38	0.529109
3842.38	0.529152
3843.39	0.52921
3844.39	0.529267
3845.4	0.529325
3846.41	0.529382
3847.41	0.529483
3848.41	0.529511
3849.42	0.529555
3850.42	0.529641
3851.42	0.529713
3852.43	0.529799
3853.44	0.529856
3854.44	0.529928
3855.44	0.530014
3856.45	0.530072
3857.45	0.530101
3858.46	0.530158
3859.47	0.530244
3860.47	0.530287
3861.47	0.530388
3862.49	0.530474
3863.49	0.530503
3864.49	0.530546
3865.5	0.53056
3866.5	0.530589
3867.5	0.530733
3868.5	0.530761
3869.5	0.530848
3870.5	0.530891
3871.5	0.530934
3872.5	0.531006
3873.51	0.531092
3874.51	0.531164
3875.51	0.531207
3876.52	0.531322
3877.52	0.531365
3878.53	0.531451
3879.53	0.53148
3880.53	0.531509
3881.53	0.531624
3882.53	0.531652
3883.53	0.531652
3884.54	0.531724
3885.54	0.531767
3886.54	0.531796
3887.55	0.531853
3888.55	0.531897
3889.57	0.531954
3890.57	0.532011
3891.57	0.532069
3892.57	0.532184
3893.58	0.532284
3894.58	0.532328
3895.58	0.532328
3896.58	0.532399
3897.59	0.532486
3898.6	0.532572
3899.61	0.532658
3900.61	0.532759
3901.61	0.532859
3902.61	0.532945
3903.63	0.532989
3904.63	0.533089
3905.64	0.533161
3906.64	0.533161
3907.64	0.533261
3908.64	0.533333
3909.64	0.533405
3910.65	0.533463
3911.65	0.533506
3912.66	0.533578
3913.66	0.533649
3914.67	0.533707
3915.69	0.533793
3916.69	0.533851
3917.7	0.533922
3918.7	0.533994
3919.7	0.53408
3920.71	0.534152
3921.71	0.534195
3922.72	0.534224
3923.72	0.534339
3924.72	0.534397
3925.72	0.534511
3926.72	0.534612
3927.72	0.534713
3928.73	0.534756
3929.73	0.534813
3930.74	0.534871
3931.74	0.534914
3932.75	0.534957
3933.76	0.535043
3934.76	0.535086
3935.77	0.535129
3936.77	0.53523
3937.78	0.535345
3938.78	0.535402
3939.78	0.535474
3940.79	0.535503
3941.8	0.535575
3942.8	0.535661
3943.8	0.535718
3944.8	0.535747
3945.81	0.535819
3946.81	0.535934
3947.82	0.536006
3948.83	0.536049
3949.83	0.536178
3950.84	0.536221
3951.84	0.536279
3952.85	0.536336
3953.85	0.536509
3954.85	0.536566
3955.86	0.536652
3956.88	0.536724
3957.88	0.536782
3958.88	0.536853
3959.88	0.53694
3960.88	0.537011
3961.89	0.53704
3962.9	0.537083
3963.9	0.537155
3964.9	0.537213
3965.9	0.537299
3966.91	0.537385
3967.91	0.537428
3968.91	0.537557
3969.92	0.537615
3970.92	0.537658
3971.92	0.53773
3972.93	0.537787
3973.93	0.537931
3974.94	0.53796
3975.94	0.538032
3976.94	0.538089
3977.94	0.538132
3978.95	0.53819
3979.95	0.538261
3980.95	0.538276
3981.96	0.538333
3982.97	0.538434
3983.97	0.538491
3984.97	0.538563
3985.98	0.538621
3986.98	0.538649
3987.98	0.538736
3988.99	0.538807
3990	0.538894
3991.01	0.539023
3992.01	0.539095
3993.02	0.539167
3994.02	0.539239
3995.03	0.539282
3996.04	0.539353
3997.04	0.53944
3998.04	0.539497
3999.04	0.539555
