time	scale_fac	average kmc radical concentration	ode radical concentration
0.00666343  13.1376 6.70977e-05 5.10729e-06 1111111
10.0155  32.3082 1.30398e-05 4.03606e-07 0.19434
20.0181  20.9282 6.63169e-06 3.16878e-07 0.0988364
30.0199  18.7296 5.14743e-06 2.74829e-07 0.0767154
40.1665  18.7779 4.65673e-06 2.4799e-07 0.0694022
50.1682  20.4893 4.69625e-06 2.29205e-07 0.0699912
60.1843  21.7681 4.67675e-06 2.14844e-07 0.0697007
70.2249  25.2526 5.135e-06 2.03346e-07 0.0765302
80.3097  33.1458 6.42438e-06 1.93822e-07 0.0957467
90.3471  42.6771 7.92995e-06 1.85813e-07 0.118185
100.368  54.9331 9.82886e-06 1.78924e-07 0.146486
110.371  64.1604 1.1094e-05 1.7291e-07 0.165341
120.374  78.1497 1.30967e-05 1.67584e-07 0.195188
130.411  108.453 1.76567e-05 1.62805e-07 0.263148
140.417  142.281 2.25525e-05 1.58507e-07 0.336115
150.459  216.968 3.35405e-05 1.54588e-07 0.499876
160.463  245.799 3.71196e-05 1.51016e-07 0.553218
170.465  285.794 4.2221e-05 1.47732e-07 0.629246
180.491  364.046 5.26736e-05 1.44689e-07 0.785029
190.507  422.38 5.99221e-05 1.41868e-07 0.893057
200.518  435.701 6.06666e-05 1.39239e-07 0.904153
210.59  499.386 6.82993e-05 1.36766e-07 1.01791
220.601  587.416 7.89845e-05 1.34461e-07 1.17716
230.621  623.425 8.24725e-05 1.32289e-07 1.22914
240.63  729.743 9.5044e-05 1.30243e-07 1.4165
250.64  905.521 0.000116185 1.28308e-07 1.73158
260.642  991.502 0.0001254 1.26474e-07 1.86891
270.644  1172.88 0.000146298 1.24733e-07 2.18037
280.656  1290.93 0.000158881 1.23074e-07 2.3679
290.66  1346.64 0.000163609 1.21495e-07 2.43837
300.675  1167.51 0.000140082 1.19984e-07 2.08773
310.698  957.898 0.000113548 1.18539e-07 1.69228
320.708  702.346 8.22842e-05 1.17156e-07 1.22633
330.709  616.203 7.13757e-05 1.15831e-07 1.06376
340.71  611.559 7.00599e-05 1.14559e-07 1.04415
350.734  545.471 6.18203e-05 1.13334e-07 0.921348
360.735  523.223 5.86831e-05 1.12157e-07 0.874592
370.744  483.998 5.37345e-05 1.11022e-07 0.800839
380.774  450.577 4.95298e-05 1.09925e-07 0.738174
390.814  433.683 4.72132e-05 1.08866e-07 0.703648
400.818  426.532 4.59996e-05 1.07846e-07 0.685561
410.901  461.864 4.93508e-05 1.06851e-07 0.735506
420.972  448.107 4.74503e-05 1.0589e-07 0.707182
431.084  449.628 4.71913e-05 1.04956e-07 0.703321
441.086  410.117 4.2677e-05 1.04061e-07 0.636043
451.086  423.718 4.37244e-05 1.03192e-07 0.651652
461.092  490.287 5.01801e-05 1.02348e-07 0.747866
471.102  477.365 4.84663e-05 1.01529e-07 0.722324
481.117  495.224 4.98847e-05 1.00732e-07 0.743464
491.129  477.697 4.77491e-05 9.99568e-08 0.711635
501.139  434.196 4.30736e-05 9.92031e-08 0.641953
511.152  406.012 3.99795e-05 9.8469e-08 0.595841
521.163  319.049 3.11884e-05 9.77542e-08 0.46482
531.176  280.36 2.7211e-05 9.70574e-08 0.405543
541.222  293.849 2.83199e-05 9.63758e-08 0.422069
551.222  258.672 2.47585e-05 9.5714e-08 0.368992
561.224  253.392 2.40895e-05 9.5068e-08 0.359021
571.244  247.649 2.3387e-05 9.44361e-08 0.348552
581.267  254.84 2.39088e-05 9.38188e-08 0.356328
591.27  242.851 2.26378e-05 9.32168e-08 0.337385
601.287  251.858 2.3329e-05 9.26276e-08 0.347687
611.301  242.409 2.23141e-05 9.20515e-08 0.332561
621.326  228.006 2.08597e-05 9.14874e-08 0.310885
631.33  211.926 1.92718e-05 9.09365e-08 0.287221
641.368  211.608 1.91284e-05 9.03954e-08 0.285082
651.384  217.678 1.9562e-05 8.98667e-08 0.291545
661.395  240.287 2.14694e-05 8.93491e-08 0.319972
671.415  250.659 2.22689e-05 8.88415e-08 0.331887
681.446  259.038 2.28843e-05 8.83434e-08 0.341059
691.482  253.33 2.22563e-05 8.78548e-08 0.331699
701.542  242.769 2.12118e-05 8.73745e-08 0.316133
711.542  295.657 2.56944e-05 8.69062e-08 0.38294
721.549  290.96 2.51524e-05 8.64463e-08 0.374863
731.566  286.157 2.46079e-05 8.59944e-08 0.366747
741.578  302.634 2.58907e-05 8.55511e-08 0.385865
751.615  309.012 2.63014e-05 8.51146e-08 0.391987
761.63  352.774 2.98753e-05 8.46868e-08 0.445251
771.663  382.946 3.22692e-05 8.42658e-08 0.480929
781.665  399.307 3.34832e-05 8.38533e-08 0.499021
791.706  413.993 3.45462e-05 8.34464e-08 0.514864
801.707  415.727 3.45252e-05 8.30478e-08 0.514552
811.717  463.745 3.83311e-05 8.26556e-08 0.571273
821.717  465.737 3.83162e-05 8.22702e-08 0.571051
831.72  526.151 4.3087e-05 8.18909e-08 0.642153
841.789  577.504 4.70754e-05 8.15153e-08 0.701595
851.793  559.809 4.54274e-05 8.1148e-08 0.677033
861.866  642.189 5.18786e-05 8.0784e-08 0.773181
871.868  749.549 6.02849e-05 8.04282e-08 0.898464
881.886  777.295 6.22437e-05 8.00773e-08 0.927658
891.97  758.652 6.04869e-05 7.97295e-08 0.901475
901.981  765.263 6.07537e-05 7.93893e-08 0.905451
912.016  765.882 6.05456e-05 7.90535e-08 0.90235
922.027  848.352 6.67851e-05 7.87233e-08 0.99534
932.031  1013.3 7.94409e-05 7.83982e-08 1.18396
942.034  1197.11 9.34675e-05 7.80777e-08 1.39301
952.039  1281.71 9.96682e-05 7.77618e-08 1.48542
962.056  1443.07 0.000111766 7.74499e-08 1.66572
972.119  1378.95 0.000106373 7.71409e-08 1.58535
982.158  1321.49 0.000101539 7.68369e-08 1.5133
992.161  1280.26 9.79892e-05 7.65382e-08 1.4604
1002.21  1197.42 9.12942e-05 7.62421e-08 1.36062
1012.23  1023.12 7.77065e-05 7.59508e-08 1.15811
1022.23  960.92 7.2707e-05 7.5664e-08 1.0836
1032.23  932.394 7.02847e-05 7.53808e-08 1.0475
1042.25  837.955 6.29312e-05 7.51009e-08 0.937904
1052.25  747.268 5.59144e-05 7.48251e-08 0.833328
1062.26  795.691 5.93208e-05 7.45525e-08 0.884096
1072.28  798.476 5.93133e-05 7.42832e-08 0.883984
1082.35  867.482 6.42075e-05 7.40159e-08 0.956925
1092.35  922.865 6.80647e-05 7.37537e-08 1.01441
1102.38  991.013 7.28334e-05 7.34939e-08 1.08548
1112.39  1028.43 7.53203e-05 7.32378e-08 1.12255
1122.4  951.59 6.94517e-05 7.29849e-08 1.03508
1132.4  935.139 6.80173e-05 7.2735e-08 1.01371
1142.44  936.184 6.78615e-05 7.24874e-08 1.01138
1152.46  828.863 5.98794e-05 7.22428e-08 0.892422
1162.51  737.13 5.30739e-05 7.20007e-08 0.790994
1172.53  719.316 5.16196e-05 7.17621e-08 0.76932
1182.53  746.431 5.33896e-05 7.15265e-08 0.7957
1192.53  684.084 4.87708e-05 7.12936e-08 0.726862
1202.57  575.877 4.09233e-05 7.10625e-08 0.609906
1212.66  498.179 3.52874e-05 7.08327e-08 0.52591
1222.67  492.104 3.47462e-05 7.06075e-08 0.517845
1232.67  466.986 3.28687e-05 7.03848e-08 0.489864
1242.68  462.41 3.24447e-05 7.01644e-08 0.483544
1252.79  429.394 3.00336e-05 6.99441e-08 0.447609
1262.79  411.998 2.8728e-05 6.97286e-08 0.428152
1272.79  361.196 2.51087e-05 6.95154e-08 0.374211
1282.79  301.894 2.09226e-05 6.93043e-08 0.311822
1292.85  273.81 1.89187e-05 6.90944e-08 0.281958
1302.89  250.735 1.72724e-05 6.8887e-08 0.257421
1312.9  227.444 1.56214e-05 6.86824e-08 0.232815
1322.91  193.974 1.32833e-05 6.84799e-08 0.19797
1332.97  180.251 1.23072e-05 6.82782e-08 0.183423
1342.99  142.374 9.69277e-06 6.80797e-08 0.144458
1353.01  94.0054 6.38137e-06 6.7883e-08 0.0951056
1363.02  70.3526 4.76205e-06 6.76884e-08 0.070972
1373.03  50.5543 3.41221e-06 6.74959e-08 0.0508543
1383.04  40.4824 2.72468e-06 6.73052e-08 0.0406076
1393.07  31.8739 2.13925e-06 6.71158e-08 0.0318826
1403.12  23.4753 1.57115e-06 6.6928e-08 0.0234159
1413.15  19.9895 1.33415e-06 6.67425e-08 0.0198836
1423.18  15.9943 1.06456e-06 6.65585e-08 0.0158658
1433.18  12.091 8.02565e-07 6.6377e-08 0.0119611
1443.19  8.93058 5.91178e-07 6.61971e-08 0.0088107
1453.2  7.65958 5.05674e-07 6.60185e-08 0.00753639
1463.25  6.04716 3.98152e-07 6.58412e-08 0.00593392
1473.27  5.20116 3.4154e-07 6.5666e-08 0.00509018
1483.29  3.80115 2.48946e-07 6.54923e-08 0.0037102
1493.29  2.93222 1.91534e-07 6.53204e-08 0.00285455
1503.31  2.43186 1.58436e-07 6.515e-08 0.00236127
1513.34  1.9911 1.29383e-07 6.49808e-08 0.00192828
1523.36  1.6718 1.08355e-07 6.48133e-08 0.00161488
1533.41  1.35093 8.73333e-08 6.46467e-08 0.00130158
1543.44  1.13288 7.30501e-08 6.44821e-08 0.00108871
1553.51  0.788798 5.0734e-08 6.43181e-08 0.000756121
1563.51  0.521485 3.34567e-08 6.41567e-08 0.000498627
1573.53  0.361251 2.31188e-08 6.39963e-08 0.000344554
1583.54  0.248342 1.58535e-08 6.38375e-08 0.000236275
1593.56  0.21268 1.35434e-08 6.36799e-08 0.000201846
1603.62  0.174137 1.10617e-08 6.35231e-08 0.00016486
1613.65  0.154841 9.81192e-09 6.33679e-08 0.000146233
1623.68  0.11921 7.53573e-09 6.32141e-08 0.00011231
1633.72  0.100792 6.35608e-09 6.30614e-08 9.47288e-05
1643.87  0.08889 5.59192e-09 6.29083e-08 8.334e-05
1653.89  0.0812192 5.0972e-09 6.27585e-08 7.59668e-05
1663.93  0.0691052 4.32665e-09 6.26096e-08 6.44828e-05
1673.96  0.0512928 3.20385e-09 6.24619e-08 4.7749e-05
1683.96  0.0401343 2.501e-09 6.23159e-08 3.72741e-05
1693.97  0.0376441 2.34037e-09 6.2171e-08 3.48801e-05
1704  0.0331638 2.05705e-09 6.2027e-08 3.06576e-05
1714  0.0280188 1.73393e-09 6.18844e-08 2.58419e-05
1724.01  0.0216743 1.33824e-09 6.17429e-08 1.99446e-05
1734.04  0.0174334 1.07394e-09 6.16022e-08 1.60056e-05
1744.12  0.013372 8.2187e-10 6.14619e-08 1.22488e-05
1754.15  0.0117515 7.20643e-10 6.13234e-08 1.07402e-05
1764.19  0.00935085 5.7214e-10 6.11858e-08 8.52697e-06
1774.19  0.00756114 4.61606e-10 6.10498e-08 6.8796e-06
1784.21  0.00589474 3.59075e-10 6.09145e-08 5.35153e-06
1794.22  0.00455345 2.76761e-10 6.07805e-08 4.12474e-06
1804.26  0.00422042 2.55956e-10 6.06469e-08 3.81467e-06
1814.29  0.00367284 2.22261e-10 6.05147e-08 3.31249e-06
1824.29  0.00332272 2.00638e-10 6.03837e-08 2.99024e-06
1834.38  0.00228762 1.37835e-10 6.02524e-08 2.05424e-06
1844.4  0.00212359 1.27677e-10 6.01232e-08 1.90285e-06
1854.42  0.00184019 1.10402e-10 5.99948e-08 1.64539e-06
1864.42  0.00157318 9.41828e-11 5.98676e-08 1.40367e-06
1874.43  0.00146711 8.76472e-11 5.97413e-08 1.30626e-06
1884.47  0.00128918 7.68552e-11 5.96155e-08 1.14542e-06
1894.5  0.00124437 7.40285e-11 5.94907e-08 1.10329e-06
1904.53  0.00105154 6.24264e-11 5.93667e-08 9.3038e-07
1914.54  0.000889303 5.26858e-11 5.92439e-08 7.8521e-07
1924.57  0.000762428 4.50761e-11 5.91217e-08 6.71797e-07
1934.63  0.000610771 3.60355e-11 5.9e-08 5.3706e-07
1944.64  0.000478101 2.81505e-11 5.88798e-08 4.19545e-07
1954.67  0.000383615 2.25413e-11 5.87602e-08 3.35947e-07
1964.67  0.000323153 1.89502e-11 5.86417e-08 2.82428e-07
1974.72  0.000311772 1.8246e-11 5.85235e-08 2.71931e-07
1984.82  0.000284969 1.66437e-11 5.84055e-08 2.48052e-07
1994.85  0.000247299 1.44149e-11 5.82892e-08 2.14834e-07
2004.85  0.000136202 3.81617e-11 2.80185e-07 5.68749e-07
2014.87  0.000128738 3.48067e-11 2.70368e-07 5.18746e-07
2024.87  0.000127031 3.32458e-11 2.61714e-07 4.95483e-07
2034.87  0.000134093 3.40591e-11 2.53997e-07 5.07604e-07
2044.88  0.000132439 3.27185e-11 2.47046e-07 4.87625e-07
2054.88  0.000146387 3.52415e-11 2.40741e-07 5.25227e-07
2064.89  0.000157821 3.70856e-11 2.34985e-07 5.5271e-07
2074.89  0.00018458 4.23973e-11 2.29696e-07 6.31873e-07
2084.9  0.000203611 4.57749e-11 2.24815e-07 6.82213e-07
2094.9  0.000239226 5.26993e-11 2.2029e-07 7.85411e-07
2104.91  0.000286095 6.18176e-11 2.16074e-07 9.21307e-07
2114.91  0.000373554 7.92447e-11 2.12137e-07 1.18103e-06
2124.93  0.000460706 9.60309e-11 2.08443e-07 1.43121e-06
2134.93  0.00059748 1.22468e-10 2.04974e-07 1.82522e-06
2144.94  0.000778795 1.57083e-10 2.01701e-07 2.34112e-06
2154.96  0.00106609 2.1173e-10 1.98604e-07 3.15554e-06
2164.97  0.00137518 2.69087e-10 1.95674e-07 4.01038e-06
2174.98  0.00177271 3.41948e-10 1.92895e-07 5.09628e-06
2184.98  0.00243733 4.63709e-10 1.90253e-07 6.91095e-06
2194.98  0.00322407 6.0527e-10 1.87735e-07 9.02073e-06
2204.98  0.00446259 8.2706e-10 1.85332e-07 1.23262e-05
2214.98  0.00618381 1.13185e-09 1.83034e-07 1.68687e-05
2224.99  0.00869116 1.57166e-09 1.80835e-07 2.34235e-05
2234.99  0.013615 2.43336e-09 1.78727e-07 3.62659e-05
2244.99  0.0203988 3.60453e-09 1.76704e-07 5.37207e-05
2255.01  0.0299481 5.23361e-09 1.74756e-07 7.79999e-05
2265.02  0.0462221 7.99112e-09 1.72885e-07 0.000119097
2275.03  0.0746828 1.27769e-08 1.71082e-07 0.000190422
2285.03  0.111431 1.88703e-08 1.69345e-07 0.000281236
2295.04  0.167693 2.81168e-08 1.67669e-07 0.000419043
2305.06  0.263179 4.36997e-08 1.66045e-07 0.000651284
2315.07  0.429563 7.06547e-08 1.6448e-07 0.00105301
2325.08  0.620458 1.01113e-07 1.62964e-07 0.00150695
2335.08  0.953047 1.53915e-07 1.61498e-07 0.0022939
2345.09  1.40974 2.25667e-07 1.60077e-07 0.00336325
2355.11  2.10088 3.33403e-07 1.58697e-07 0.00496892
2365.11  3.36221 5.29076e-07 1.5736e-07 0.00788516
2375.12  4.79437 7.48216e-07 1.56061e-07 0.0111511
2385.12  7.16276 1.1088e-06 1.548e-07 0.0165251
2395.12  11.2393 1.72606e-06 1.53574e-07 0.0257246
2405.12  17.2761 2.63255e-06 1.52381e-07 0.0392346
2415.13  24.5885 3.71823e-06 1.51218e-07 0.0554151
2425.14  35.605 5.34386e-06 1.50087e-07 0.079643
2435.14  52.5082 7.82298e-06 1.48986e-07 0.116591
2445.15  75.7524 1.12046e-05 1.4791e-07 0.166989
2455.15  109.175 1.60337e-05 1.46863e-07 0.238961
2465.15  158.938 2.31797e-05 1.45841e-07 0.345462
2475.15  227.903 3.30104e-05 1.44844e-07 0.491975
2485.16  342.73 4.93085e-05 1.4387e-07 0.734876
2495.16  469.103 6.70433e-05 1.42918e-07 0.99919
2505.17  597.301 8.48087e-05 1.41987e-07 1.26396
2515.17  811.324 0.000114459 1.41077e-07 1.70586
2525.17  1056.94 0.00014817 1.40188e-07 2.20827
2535.19  1366.05 0.000190313 1.39317e-07 2.83636
2545.19  1481.97 0.0002052 1.38465e-07 3.05823
2555.2  1755.69 0.000241636 1.3763e-07 3.60125
2565.2  2066.77 0.000282761 1.36813e-07 4.21417
2575.21  2300.66 0.000312919 1.36012e-07 4.66363
2585.21  2362.26 0.000319444 1.35228e-07 4.76088
2595.22  2661.35 0.000357842 1.34459e-07 5.33315
2605.23  2778.08 0.000371442 1.33705e-07 5.53584
2615.23  2857.71 0.000379976 1.32965e-07 5.66302
2625.23  3041.79 0.000402245 1.32239e-07 5.99491
2635.24  3328.71 0.000437816 1.31527e-07 6.52505
2645.24  3128.74 0.000409328 1.30828e-07 6.10047
2655.24  3360.39 0.000437328 1.30142e-07 6.51778
2665.24  3090.99 0.000400185 1.29468e-07 5.96421
2675.24  3037.65 0.000391268 1.28806e-07 5.83132
2685.25  2975.98 0.000381388 1.28155e-07 5.68407
2695.25  2892.03 0.00036878 1.27516e-07 5.49616
2705.25  2988.8 0.000379241 1.26887e-07 5.65207
2715.25  2921.8 0.000368933 1.26269e-07 5.49845
2725.26  2723.6 0.000342251 1.25661e-07 5.10079
2735.26  2707.46 0.000338604 1.25063e-07 5.04643
2745.26  2875.1 0.000357879 1.24475e-07 5.33371
2755.27  2871.17 0.000355728 1.23897e-07 5.30165
2765.27  2820.47 0.00034784 1.23327e-07 5.18408
2775.27  2930.25 0.000359736 1.22766e-07 5.36137
2785.29  2995.33 0.000366069 1.22213e-07 5.45577
2795.29  2999.5 0.000364949 1.2167e-07 5.43906
2805.29  3165.82 0.00038349 1.21134e-07 5.71539
2815.29  3432.11 0.000413937 1.20607e-07 6.16917
2825.3  3597.11 0.000431967 1.20087e-07 6.43787
2835.31  3290.54 0.000393465 1.19575e-07 5.86406
2845.31  2937.37 0.000349753 1.1907e-07 5.21259
2855.31  2735.72 0.000324382 1.18573e-07 4.83447
2865.31  2471.7 0.000291863 1.18082e-07 4.34983
2875.32  2471.47 0.00029064 1.17598e-07 4.3316
2885.33  2402.09 0.000281337 1.17121e-07 4.19294
2895.33  2331.53 0.000271975 1.16651e-07 4.05342
2905.34  1990.51 0.000231272 1.16187e-07 3.44679
2915.34  1957.13 0.000226498 1.15729e-07 3.37564
2925.35  1880.6 0.000216791 1.15277e-07 3.23098
2935.36  1803.88 0.000207142 1.14832e-07 3.08717
2945.36  1789.7 0.000204726 1.14392e-07 3.05117
2955.36  1785.09 0.000203425 1.13958e-07 3.03178
2965.37  1642.68 0.000186492 1.13529e-07 2.77941
2975.38  1636.79 0.000185131 1.13106e-07 2.75912
2985.4  1761.34 0.000198481 1.12687e-07 2.95809
2995.4  1739.96 0.000195354 1.12275e-07 2.91148
3005.4  1721.93 0.000192627 1.11867e-07 2.87085
3015.4  1686.71 0.000188008 1.11465e-07 2.80201
3025.41  1639.01 0.00018204 1.11067e-07 2.71305
3035.42  1703.26 0.000188507 1.10674e-07 2.80944
3045.42  1677.44 0.000184998 1.10286e-07 2.75714
3055.43  1624.09 0.000178491 1.09902e-07 2.66017
3065.43  1644.94 0.000180159 1.09523e-07 2.68502
3075.45  1698.33 0.00018537 1.09148e-07 2.76268
3085.46  1723.77 0.000187508 1.08778e-07 2.79455
3095.46  1745.01 0.000189179 1.08412e-07 2.81945
3105.46  1697.06 0.000183367 1.0805e-07 2.73283
3115.46  1747.69 0.000188212 1.07692e-07 2.80505
3125.46  1669.77 0.000179229 1.07338e-07 2.67117
3135.46  1766.44 0.000188988 1.06988e-07 2.81661
3145.47  1655.51 0.000176547 1.06642e-07 2.63119
3155.47  1733.23 0.000184242 1.06299e-07 2.74587
3165.47  1763.86 0.0001869 1.05961e-07 2.78549
3175.49  1808.23 0.000190995 1.05625e-07 2.84653
3185.49  1661.38 0.000174933 1.05294e-07 2.60714
3195.49  1619.27 0.000169968 1.04966e-07 2.53313
3205.5  1504.47 0.000157429 1.04641e-07 2.34627
3215.51  1510.54 0.00015758 1.0432e-07 2.34851
3225.52  1573.07 0.000163602 1.04002e-07 2.43826
3235.53  1570.3 0.000162819 1.03687e-07 2.4266
3245.53  1665.42 0.000172163 1.03375e-07 2.56585
3255.53  1729.8 0.000178285 1.03067e-07 2.6571
3265.53  1738.36 0.000178637 1.02762e-07 2.66234
3275.54  1816.46 0.000186114 1.02459e-07 2.77377
3285.55  1780.09 0.000181855 1.0216e-07 2.7103
3295.55  1744.14 0.000177665 1.01864e-07 2.64785
3305.55  1732.93 0.000176015 1.0157e-07 2.62326
3315.56  1761.35 0.000178389 1.0128e-07 2.65864
3325.56  1801.5 0.000181936 1.00992e-07 2.71151
3335.58  1926.74 0.000194035 1.00706e-07 2.89182
3345.58  1914 0.000192211 1.00424e-07 2.86465
3355.58  1958.8 0.000196163 1.00144e-07 2.92354
3365.58  1995.45 0.00019928 9.98673e-08 2.97
3375.59  2067.73 0.000205931 9.95926e-08 3.06912
3385.59  2086.17 0.0002072 9.93205e-08 3.08803
3395.6  2039.85 0.00020205 9.9051e-08 3.01127
3405.6  2226.66 0.000219958 9.87838e-08 3.27818
3415.63  2318.75 0.00022844 9.85184e-08 3.40458
3425.64  2465.16 0.000242217 9.8256e-08 3.60991
3435.65  2452.48 0.000240332 9.79958e-08 3.58183
3445.65  2531.74 0.000247448 9.77382e-08 3.68787
3455.66  2485.96 0.000242337 9.74825e-08 3.61171
3465.66  2439.75 0.000237216 9.72294e-08 3.53538
3475.66  2488.63 0.000241343 9.69783e-08 3.59689
3485.67  2553.62 0.00024701 9.67293e-08 3.68134
3495.68  2644.89 0.000255185 9.64824e-08 3.80319
3505.69  2841.45 0.000273455 9.62377e-08 4.07547
3515.7  2924.77 0.000280763 9.5995e-08 4.18439
3525.7  3071.99 0.000294157 9.57545e-08 4.38401
3535.73  3090.02 0.000295144 9.55154e-08 4.39872
3545.73  3177.63 0.000302761 9.52789e-08 4.51224
3555.73  3182.54 0.000302482 9.50443e-08 4.50809
3565.74  3124.47 0.000296236 9.48116e-08 4.41499
3575.74  3161.5 0.000299017 9.45808e-08 4.45644
3585.74  3360.37 0.000317057 9.43519e-08 4.7253
3595.75  3678.92 0.000346278 9.41247e-08 5.1608
3605.76  3603.97 0.000338411 9.38994e-08 5.04355
3615.77  3654.28 0.000342318 9.36758e-08 5.10178
3625.77  3655.98 0.000341667 9.34541e-08 5.09208
3635.78  3586.66 0.000334399 9.32341e-08 4.98376
3645.79  3689.01 0.000343136 9.30158e-08 5.11398
3655.79  3889.01 0.000360897 9.27993e-08 5.37868
3665.79  4069.76 0.000376797 9.25845e-08 5.61565
3675.8  4038.9 0.000373078 9.23712e-08 5.56022
3685.8  4340.63 0.000400031 9.21597e-08 5.96192
3695.81  4341.31 0.000399182 9.19496e-08 5.94926
3705.81  4365.66 0.000400511 9.17413e-08 5.96907
3715.82  4265.52 0.000390441 9.15344e-08 5.819
3725.82  3967.14 0.000362315 9.13291e-08 5.39982
3735.82  3594.11 0.000327515 9.11255e-08 4.88117
3745.83  3366.38 0.000306083 9.09233e-08 4.56175
3755.83  3279.28 0.000297504 9.07225e-08 4.4339
3765.84  3256.34 0.000294774 9.05232e-08 4.39321
3775.84  3158.37 0.000285281 9.03254e-08 4.25172
3785.85  2867.94 0.000258484 9.01289e-08 3.85236
3795.85  2838.24 0.000255254 8.9934e-08 3.80422
3805.85  2772.46 0.000248802 8.97405e-08 3.70806
3815.86  2702.67 0.00024202 8.95482e-08 3.60698
3825.86  2594.11 0.000231803 8.93575e-08 3.4547
3835.87  2493.88 0.000222374 8.91679e-08 3.31419
3845.87  2398.59 0.000213426 8.89798e-08 3.18083
3855.88  2429.03 0.00021568 8.87929e-08 3.21442
3865.9  2437.64 0.000215992 8.86071e-08 3.21907
3875.9  2544.79 0.000225018 8.84228e-08 3.35358
3885.9  2559.5 0.00022585 8.82399e-08 3.36599
3895.91  2437.13 0.000214609 8.80581e-08 3.19846
3905.91  2496.94 0.000219426 8.78777e-08 3.27024
3915.91  2846.91 0.000249669 8.76985e-08 3.72098
3925.92  2851.14 0.000249533 8.75203e-08 3.71895
3935.92  2903.56 0.000253607 8.73434e-08 3.77966
3945.93  3057.87 0.000266547 8.71677e-08 3.97253
3955.93  3152.08 0.000274209 8.69933e-08 4.08672
3965.93  3365.52 0.000292194 8.682e-08 4.35476
3975.93  3330.71 0.000288599 8.66477e-08 4.30117
3985.93  3350.45 0.000289736 8.64767e-08 4.31811
3995.94  3264.86 0.000281779 8.63067e-08 4.19953
