time	conversion
1.00013	0.00224368
2.00021	0.00350374
3.00026	0.00458348
4.00043	0.00550977
5.00044	0.00632213
6.00045	0.00709397
7.00058	0.00782141
8.00059	0.00853807
9.00076	0.00921293
10.0008	0.00985158
11.0018	0.0104918
12.0018	0.0111346
13.0018	0.0117282
14.0023	0.0123504
15.0024	0.0129132
16.0029	0.013476
17.0032	0.014025
18.0033	0.0145914
19.0033	0.0151431
20.0034	0.015658
21.0035	0.0161718
22.0037	0.0167004
23.0037	0.0172139
24.0038	0.0177181
25.0039	0.0182024
26.0039	0.0186917
27.0039	0.0191539
28.0042	0.0196085
29.0044	0.0200734
30.0046	0.0205175
31.0046	0.0209591
32.0052	0.0214075
33.0062	0.02185
34.0063	0.0222914
35.0064	0.022723
36.0066	0.0231359
37.0071	0.0235691
38.0072	0.0239802
39.0072	0.0244068
40.0072	0.0248203
41.0073	0.0252424
42.0077	0.0256636
43.0083	0.0260603
44.0083	0.0264411
45.0083	0.0268149
46.0083	0.0272329
47.0084	0.0275991
48.0086	0.0279922
49.0088	0.0283555
50.0089	0.0287389
51.0094	0.0290917
52.0101	0.0294576
53.0101	0.0298279
54.0103	0.0301898
55.0104	0.0305451
56.0104	0.0308984
57.0105	0.031233
58.0107	0.0315822
59.0107	0.0319295
60.0108	0.0322629
61.0111	0.0326092
62.0113	0.0329534
63.0114	0.0333134
64.0115	0.0336639
65.0115	0.0339999
66.0116	0.034329
67.0119	0.0346649
68.012	0.0349894
69.0124	0.0353177
70.0129	0.0356366
71.0137	0.0359625
72.0138	0.0362964
73.014	0.036629
74.014	0.0369371
75.0144	0.0372682
76.0146	0.0375786
77.0146	0.0378838
78.0147	0.03818
79.0151	0.038492
80.0162	0.0387902
81.0166	0.0391004
82.0174	0.0394106
83.018	0.03973
84.0183	0.0400335
85.0185	0.0403382
86.0186	0.0406504
87.0186	0.0409352
88.0189	0.0412609
89.0191	0.0415648
90.0191	0.0418592
91.0193	0.0421583
92.0196	0.0424644
93.0197	0.0427539
94.0204	0.0430328
95.0204	0.0433159
96.0204	0.0436134
97.0207	0.0438958
98.0208	0.0441799
99.0209	0.0444516
100.021	0.0447283
101.021	0.0450085
102.021	0.0452881
103.021	0.0455628
104.021	0.0458417
105.022	0.0461063
106.022	0.0463809
107.022	0.0466527
108.022	0.0469152
109.022	0.0471976
110.022	0.0474622
111.023	0.0477227
112.023	0.0479878
113.023	0.0482519
114.023	0.048527
115.023	0.0487943
116.023	0.0490484
117.023	0.0493086
118.023	0.0495769
119.024	0.049855
120.024	0.05012
121.024	0.0503772
122.024	0.0506372
123.024	0.0509092
124.024	0.0511799
125.024	0.0514463
126.024	0.0517076
127.025	0.0519805
128.025	0.0522351
129.025	0.0525006
130.026	0.052754
131.026	0.0530046
132.026	0.0532586
133.026	0.0535145
134.026	0.0537739
135.026	0.0540201
136.027	0.0542608
137.027	0.0545009
138.027	0.0547533
139.027	0.0549825
140.028	0.0552239
141.029	0.0554566
142.029	0.0557056
143.029	0.0559372
144.029	0.0561779
145.029	0.0564375
146.03	0.0566981
147.03	0.0569445
148.03	0.0571782
149.03	0.0574083
150.03	0.057649
151.03	0.057878
152.031	0.0581039
153.031	0.0583536
154.031	0.0585978
155.032	0.058821
156.032	0.0590444
157.032	0.0592945
158.032	0.05953
159.032	0.0597647
160.033	0.0599856
161.033	0.0602182
162.033	0.0604598
163.033	0.0606934
164.033	0.060928
165.033	0.0611616
166.034	0.0613983
167.034	0.0616233
168.034	0.0618557
169.034	0.0620795
170.034	0.0623105
171.035	0.0625522
172.035	0.0627885
173.035	0.0630211
174.035	0.0632519
175.035	0.0634816
176.035	0.0637056
177.035	0.063931
178.036	0.0641563
179.036	0.0643789
180.037	0.0646055
181.037	0.064832
182.037	0.0650543
183.037	0.0652727
184.037	0.065504
185.037	0.0657362
186.037	0.0659539
187.037	0.0661721
188.038	0.0664068
189.038	0.0666342
190.038	0.0668651
191.038	0.0670865
192.038	0.0673098
193.038	0.0675343
194.039	0.0677576
195.039	0.0679764
196.039	0.0681901
197.039	0.0684076
198.04	0.0686201
199.04	0.0688418
200.04	0.069056
201.04	0.0692542
202.04	0.0694665
203.04	0.0696871
204.04	0.0698986
205.041	0.0701043
206.041	0.0703234
207.042	0.0705366
208.042	0.0707493
209.042	0.0709634
210.042	0.0711774
211.042	0.0713917
212.043	0.0716147
213.043	0.0718351
214.043	0.0720397
215.044	0.0722519
216.044	0.0724593
217.044	0.0726713
218.044	0.0728724
219.046	0.0730937
220.046	0.0733132
221.047	0.0735075
222.047	0.0737148
223.047	0.0739194
224.047	0.0741256
225.048	0.0743374
226.048	0.0745316
227.048	0.0747356
228.048	0.0749256
229.048	0.07513
230.048	0.0753296
231.048	0.0755444
232.049	0.0757568
233.049	0.0759496
234.049	0.0761501
235.049	0.0763507
236.05	0.0765618
237.05	0.0767648
238.05	0.0769582
239.05	0.0771583
240.05	0.0773431
241.05	0.0775326
242.051	0.0777384
243.051	0.0779435
244.051	0.0781356
245.051	0.0783256
246.051	0.0785284
247.051	0.0787279
248.051	0.0789253
249.051	0.0791178
250.051	0.0793207
251.052	0.0795102
252.052	0.0797118
253.053	0.0798948
254.053	0.080076
255.053	0.0802583
256.053	0.0804552
257.054	0.080654
258.054	0.0808464
259.054	0.0810313
260.054	0.0812293
261.055	0.0814108
262.055	0.0815961
263.055	0.0817859
264.056	0.0819806
265.056	0.0821843
266.056	0.0823861
267.056	0.0825835
268.056	0.0827757
269.056	0.0829566
270.057	0.0831537
271.057	0.0833349
272.057	0.0835309
273.057	0.0837263
274.057	0.0839207
275.057	0.0841109
276.058	0.0842882
277.058	0.0844819
278.059	0.0846631
279.059	0.0848526
280.059	0.0850437
281.059	0.0852295
282.06	0.085407
283.06	0.0855922
284.06	0.0857813
285.061	0.0859767
286.061	0.0861651
287.061	0.0863596
288.061	0.0865427
289.062	0.0867247
290.062	0.086926
291.062	0.087106
292.063	0.0872842
293.063	0.0874662
294.063	0.087644
295.063	0.0878315
296.063	0.0880136
297.064	0.0881809
298.064	0.0883626
299.064	0.0885397
300.064	0.0887274
301.065	0.0889112
302.066	0.0890925
303.066	0.0892665
304.066	0.0894514
305.066	0.0896226
306.067	0.0898086
307.067	0.0899849
308.067	0.0901593
309.067	0.0903376
310.067	0.0905161
311.067	0.0906838
312.067	0.0908556
313.067	0.091028
314.067	0.0912056
315.067	0.091381
316.067	0.0915425
317.067	0.0917195
318.068	0.0918836
319.068	0.0920733
320.068	0.0922504
321.069	0.0924325
322.069	0.0926126
323.07	0.0927787
324.07	0.092955
325.07	0.0931292
326.07	0.0933001
327.07	0.0934766
328.07	0.0936585
329.07	0.0938267
330.071	0.0940072
331.071	0.094171
332.071	0.0943568
333.072	0.094529
334.072	0.094708
335.072	0.0948818
336.072	0.0950441
337.073	0.0952201
338.073	0.0953897
339.073	0.0955641
340.073	0.0957349
341.073	0.0959134
342.074	0.0960845
343.075	0.0962506
344.075	0.0964355
345.075	0.0965931
346.076	0.0967621
347.076	0.0969315
348.076	0.0971011
349.076	0.0972644
350.076	0.0974325
351.077	0.0975997
352.077	0.0977624
353.078	0.0979322
354.078	0.098101
355.078	0.0982609
356.079	0.0984348
357.08	0.0985948
358.081	0.0987726
359.081	0.0989339
360.081	0.099105
361.081	0.0992799
362.082	0.0994427
363.082	0.0996066
364.082	0.0997672
365.082	0.0999243
366.082	0.100087
367.082	0.100263
368.083	0.100417
369.083	0.100582
370.084	0.100746
371.084	0.100911
372.084	0.101073
373.084	0.101227
374.084	0.101387
375.084	0.101558
376.085	0.101728
377.085	0.101895
378.085	0.102067
379.086	0.102229
380.086	0.102395
381.086	0.102554
382.087	0.102719
383.087	0.102873
384.087	0.103025
385.087	0.103184
386.088	0.103365
387.088	0.103522
388.088	0.10369
389.088	0.103854
390.088	0.104018
391.088	0.104181
392.09	0.10434
393.091	0.104499
394.091	0.104671
395.091	0.104829
396.091	0.104994
397.091	0.10516
398.092	0.105321
399.092	0.105471
400.092	0.105632
401.093	0.105792
402.093	0.105943
403.093	0.106103
404.094	0.106256
405.094	0.106411
406.094	0.106577
407.094	0.106738
408.094	0.106898
409.094	0.107058
410.094	0.107218
411.094	0.107373
412.094	0.107531
413.095	0.107693
414.096	0.107845
415.096	0.107989
416.098	0.108145
417.098	0.108298
418.098	0.108459
419.098	0.108624
420.098	0.108771
421.098	0.10893
422.099	0.109091
423.101	0.109247
424.101	0.109417
425.101	0.109559
426.102	0.10971
427.102	0.109861
428.102	0.110014
429.102	0.110174
430.102	0.110328
431.102	0.110482
432.104	0.110633
433.104	0.110789
434.105	0.110952
435.105	0.111116
436.105	0.111276
437.105	0.111433
438.105	0.111586
439.105	0.111731
440.107	0.111895
441.107	0.112051
442.107	0.112203
443.107	0.112363
444.107	0.112517
445.107	0.112666
446.108	0.112825
447.108	0.112975
448.109	0.113138
449.109	0.113292
450.109	0.113446
451.11	0.113601
452.11	0.113757
453.11	0.1139
454.11	0.114055
455.11	0.114204
456.111	0.114362
457.111	0.114517
458.111	0.114682
459.111	0.11483
460.111	0.114982
461.112	0.115136
462.112	0.115284
463.113	0.11543
464.113	0.115572
465.113	0.115728
466.113	0.115895
467.113	0.116044
468.113	0.116197
469.114	0.116349
470.114	0.116496
471.114	0.116641
472.114	0.116792
473.115	0.116948
474.115	0.117094
475.115	0.117249
476.116	0.117401
477.116	0.117553
478.117	0.117701
479.117	0.11786
480.117	0.118015
481.117	0.11817
482.118	0.118315
483.119	0.11847
484.119	0.118629
485.119	0.118782
486.119	0.118922
487.12	0.119075
488.12	0.119231
489.121	0.119386
490.121	0.119534
491.121	0.119685
492.121	0.119829
493.121	0.119987
494.121	0.120132
495.122	0.120268
496.122	0.120414
497.123	0.120561
498.123	0.120711
499.124	0.120871
500.124	0.121026
501.124	0.121171
502.125	0.121314
503.125	0.121474
504.125	0.121624
505.125	0.121765
506.125	0.121916
507.125	0.122077
508.125	0.122232
509.125	0.122374
510.125	0.122526
511.125	0.122666
512.125	0.122817
513.125	0.122962
514.126	0.123106
515.126	0.123251
516.126	0.123394
517.126	0.123543
518.126	0.12369
519.126	0.123835
520.127	0.123974
521.127	0.12412
522.127	0.124257
523.127	0.124407
524.127	0.124562
525.128	0.124709
526.128	0.124853
527.128	0.125004
528.128	0.125143
529.129	0.125297
530.129	0.125439
531.13	0.125583
532.13	0.125727
533.131	0.125882
534.131	0.126036
535.131	0.126171
536.131	0.126307
537.131	0.126444
538.131	0.126584
539.132	0.126716
540.132	0.126857
541.133	0.127001
542.133	0.127146
543.133	0.127292
544.134	0.127437
545.134	0.127592
546.134	0.127743
547.134	0.127882
548.134	0.128021
549.135	0.128158
550.135	0.128298
551.135	0.128445
552.136	0.12858
553.136	0.128728
554.136	0.128868
555.137	0.129011
556.137	0.129151
557.137	0.129291
558.137	0.129433
559.138	0.129576
560.138	0.129722
561.138	0.129863
562.138	0.130002
563.139	0.13015
564.139	0.130297
565.139	0.13044
566.139	0.130572
567.14	0.130712
568.14	0.130857
569.14	0.13099
570.14	0.13113
571.14	0.131256
572.14	0.131398
573.14	0.131536
574.14	0.131662
575.14	0.131801
576.141	0.131942
577.141	0.13207
578.141	0.132202
579.141	0.132345
580.142	0.132476
581.142	0.132609
582.142	0.132738
583.142	0.132877
584.142	0.133008
585.143	0.133142
586.143	0.133278
587.143	0.133412
588.143	0.133554
589.143	0.133686
590.143	0.133823
591.143	0.133959
592.143	0.134091
593.144	0.13423
594.144	0.134377
595.144	0.134511
596.145	0.134641
597.145	0.13478
598.145	0.134917
599.145	0.13504
600.145	0.135173
601.145	0.135307
602.145	0.135437
603.146	0.135579
604.146	0.135706
605.146	0.135842
606.146	0.135979
607.146	0.136106
608.147	0.136243
609.147	0.136375
610.148	0.136508
611.148	0.136641
612.148	0.136775
613.148	0.136916
614.148	0.13705
615.149	0.137188
616.149	0.137315
617.149	0.137441
618.15	0.137566
619.15	0.137696
620.15	0.137829
621.15	0.137957
622.15	0.13808
623.151	0.138213
624.151	0.138337
625.152	0.138468
626.152	0.138595
627.152	0.138726
628.153	0.138859
629.153	0.138987
630.153	0.139123
631.153	0.139257
632.153	0.139396
633.154	0.139526
634.155	0.139656
635.155	0.139785
636.155	0.13992
637.155	0.14005
638.156	0.140183
639.156	0.140313
640.156	0.140444
641.156	0.140577
642.158	0.14071
643.158	0.140834
644.158	0.140966
645.158	0.141101
646.159	0.141233
647.159	0.141361
648.159	0.141495
649.159	0.141625
650.159	0.141748
651.159	0.141878
652.159	0.142001
653.16	0.14213
654.16	0.142258
655.16	0.142387
656.161	0.142509
657.161	0.142631
658.161	0.14277
659.161	0.142896
660.161	0.143015
661.161	0.143134
662.162	0.14326
663.162	0.143391
664.162	0.143525
665.163	0.143653
666.163	0.14378
667.164	0.143906
668.165	0.144028
669.166	0.144149
670.166	0.144276
671.166	0.144397
672.166	0.144534
673.166	0.144665
674.166	0.144793
675.167	0.144925
676.167	0.145056
677.167	0.145176
678.168	0.145302
679.168	0.145428
680.168	0.145562
681.169	0.145692
682.169	0.145815
683.169	0.145934
684.169	0.146065
685.169	0.146191
686.169	0.146319
687.169	0.146448
688.169	0.146568
689.17	0.146694
690.17	0.146814
691.171	0.146937
692.171	0.147058
693.171	0.147178
694.171	0.147306
695.171	0.147429
696.171	0.147551
697.172	0.14768
698.172	0.14781
699.172	0.147941
700.172	0.148059
701.173	0.14818
702.173	0.148305
703.173	0.148436
704.174	0.148569
705.175	0.148694
706.175	0.148814
707.175	0.148941
708.176	0.149059
709.176	0.149179
710.177	0.149308
711.177	0.149429
712.177	0.149551
713.178	0.14968
714.178	0.149799
715.178	0.149934
716.178	0.15006
717.179	0.150183
718.179	0.150303
719.18	0.150432
720.18	0.150562
721.18	0.15069
722.18	0.150818
723.18	0.150951
724.181	0.151076
725.181	0.151197
726.181	0.151314
727.181	0.151442
728.182	0.151562
729.183	0.151686
730.183	0.151813
731.183	0.15195
732.183	0.152066
733.183	0.152189
734.183	0.152313
735.184	0.152445
736.185	0.152568
737.185	0.152682
738.185	0.152804
739.185	0.152927
740.185	0.153046
741.185	0.153159
742.186	0.153288
743.186	0.153415
744.186	0.15353
745.186	0.153651
746.186	0.153771
747.186	0.15389
748.186	0.15401
749.187	0.154124
750.187	0.154251
751.187	0.154376
752.187	0.154501
753.188	0.154626
754.189	0.154742
755.189	0.154857
756.19	0.154985
757.19	0.155113
758.191	0.155234
759.191	0.155363
760.191	0.155493
761.191	0.155616
762.192	0.155734
763.192	0.155864
764.193	0.15599
765.193	0.156106
766.193	0.156221
767.193	0.156347
768.194	0.156471
769.194	0.156585
770.194	0.156706
771.194	0.156825
772.194	0.156943
773.194	0.157064
774.194	0.157182
775.194	0.1573
776.195	0.15743
777.196	0.157543
778.197	0.157666
779.197	0.157797
780.197	0.157914
781.197	0.158033
782.197	0.158159
783.198	0.158282
784.198	0.158407
785.199	0.158526
786.199	0.158645
787.199	0.158762
788.199	0.158874
789.2	0.158993
790.2	0.159111
791.2	0.159235
792.2	0.159359
793.2	0.15948
794.201	0.159597
795.201	0.159715
796.201	0.159819
797.201	0.159939
798.201	0.160055
799.201	0.160177
800.201	0.160302
801.201	0.160419
802.201	0.160533
803.201	0.160648
804.202	0.160766
805.203	0.160895
806.203	0.161009
807.204	0.161127
808.204	0.161251
809.204	0.161371
810.204	0.161489
811.205	0.16161
812.205	0.161742
813.206	0.161852
814.206	0.161964
815.206	0.16209
816.206	0.162209
817.206	0.162326
818.206	0.162437
819.207	0.162551
820.207	0.162663
821.207	0.162787
822.208	0.162895
823.208	0.163023
824.208	0.163143
825.208	0.163268
826.208	0.163386
827.208	0.1635
828.209	0.163612
829.209	0.16373
830.21	0.163847
831.21	0.163966
832.211	0.16409
833.211	0.164204
834.211	0.164325
835.211	0.16445
836.211	0.164564
837.211	0.164681
838.212	0.164793
839.213	0.16491
840.213	0.165031
841.213	0.165143
842.213	0.165255
843.213	0.165382
844.214	0.165498
845.214	0.165614
846.214	0.165721
847.214	0.165835
848.214	0.165952
849.215	0.166069
850.215	0.166186
851.215	0.166309
852.216	0.166428
853.217	0.166545
854.217	0.166659
855.218	0.166771
856.218	0.166896
857.218	0.167007
858.218	0.167123
859.218	0.167232
860.218	0.167353
861.218	0.167473
862.218	0.167585
863.219	0.167702
864.219	0.167817
865.219	0.167937
866.219	0.16805
867.219	0.168167
868.219	0.168276
869.22	0.168397
870.22	0.168506
871.22	0.168617
872.22	0.168722
873.22	0.168832
874.221	0.168938
875.221	0.169057
876.221	0.169172
877.221	0.169281
878.222	0.169387
879.222	0.169497
880.223	0.16961
881.223	0.169724
882.223	0.169842
883.224	0.169948
884.224	0.170075
885.224	0.170184
886.224	0.170301
887.224	0.170413
888.224	0.170521
889.225	0.170627
890.225	0.170732
891.225	0.170854
892.225	0.170971
893.226	0.171083
894.226	0.1712
895.227	0.171317
896.227	0.171418
897.227	0.171532
898.227	0.171645
899.227	0.17176
900.227	0.17188
901.227	0.171996
902.227	0.172102
903.228	0.172217
904.228	0.172323
905.228	0.172423
906.228	0.172532
907.229	0.172636
908.229	0.172745
909.23	0.172854
910.23	0.172961
911.231	0.173073
912.231	0.173179
913.231	0.173295
914.232	0.173412
915.232	0.173516
916.232	0.173626
917.233	0.173738
918.233	0.173846
919.233	0.173955
920.233	0.174066
921.234	0.174174
922.235	0.174278
923.237	0.174384
924.237	0.174488
925.237	0.174592
926.238	0.174701
927.238	0.174817
928.239	0.174926
929.239	0.175036
930.24	0.17514
931.24	0.175242
932.241	0.175353
933.241	0.175466
934.241	0.175565
935.242	0.175671
936.243	0.175781
937.243	0.175895
938.244	0.176014
939.244	0.17612
940.244	0.176227
941.245	0.176333
942.245	0.176442
943.245	0.176548
944.246	0.176657
945.246	0.176766
946.247	0.176883
947.247	0.176993
948.247	0.177096
949.247	0.177203
950.248	0.17731
951.248	0.177419
952.248	0.177528
953.248	0.17764
954.248	0.177749
955.248	0.177863
956.249	0.177972
957.249	0.178085
958.249	0.178188
959.25	0.178291
960.25	0.178402
961.25	0.178513
962.25	0.178616
963.251	0.17872
964.252	0.178829
965.252	0.178936
966.252	0.179041
967.252	0.179142
968.252	0.179256
969.253	0.179363
970.253	0.179477
971.253	0.17959
972.253	0.179702
973.254	0.17981
974.254	0.179925
975.254	0.180032
976.254	0.180136
977.254	0.180247
978.254	0.180349
979.255	0.180455
980.255	0.180561
981.255	0.180666
982.256	0.180775
983.256	0.180881
984.256	0.180981
985.257	0.181093
986.257	0.181203
987.257	0.181319
988.257	0.181434
989.257	0.181532
990.257	0.18164
991.257	0.181748
992.259	0.181853
993.259	0.181962
994.259	0.182072
995.259	0.182179
996.259	0.182294
997.259	0.1824
998.26	0.182504
999.26	0.182616
1000.26	0.18284
1001.26	0.183327
1002.26	0.183822
1003.26	0.184327
1004.26	0.18482
1005.26	0.185286
1006.26	0.185754
1007.26	0.186232
1008.26	0.186713
1009.26	0.187172
1010.26	0.187629
1011.26	0.188091
1012.26	0.188529
1013.26	0.188983
1014.26	0.189421
1015.26	0.189851
1016.26	0.190303
1017.26	0.190723
1018.26	0.191158
1019.26	0.191574
1020.26	0.191998
1021.26	0.192427
1022.26	0.192853
1023.26	0.193279
1024.26	0.1937
1025.26	0.19413
1026.26	0.194546
1027.26	0.194977
1028.26	0.195397
1029.26	0.195814
1030.26	0.196227
1031.26	0.196622
1032.26	0.197025
1033.26	0.197422
1034.26	0.197826
1035.26	0.19822
1036.26	0.19862
1037.26	0.19902
1038.26	0.199417
1039.26	0.199818
1040.26	0.200201
1041.26	0.200589
1042.26	0.200969
1043.26	0.201348
1044.26	0.201726
1045.26	0.20211
1046.26	0.202482
1047.26	0.202857
1048.26	0.203233
1049.26	0.203596
1050.26	0.203959
1051.26	0.204327
1052.26	0.204696
1053.26	0.205046
1054.26	0.205404
1055.26	0.205765
1056.26	0.206116
1057.26	0.206487
1058.26	0.206848
1059.26	0.207203
1060.26	0.207541
1061.26	0.207902
1062.26	0.208248
1063.26	0.208605
1064.26	0.208949
1065.26	0.209296
1066.26	0.209648
1067.26	0.209978
1068.26	0.210325
1069.26	0.210654
1070.26	0.211001
1071.26	0.211345
1072.26	0.211688
1073.26	0.21202
1074.26	0.212365
1075.26	0.212701
1076.26	0.213036
1077.26	0.213364
1078.26	0.213708
1079.26	0.214033
1080.26	0.214384
1081.26	0.214722
1082.26	0.215055
1083.26	0.215384
1084.26	0.215722
1085.26	0.216034
1086.26	0.216366
1087.26	0.216682
1088.26	0.217004
1089.26	0.217329
1090.26	0.217656
1091.26	0.217961
1092.26	0.218289
1093.26	0.218589
1094.26	0.21891
1095.26	0.219225
1096.26	0.219532
1097.26	0.219851
1098.26	0.220166
1099.26	0.220478
1100.26	0.220791
1101.26	0.221103
1102.26	0.221424
1103.27	0.221728
1104.27	0.222029
1105.27	0.222339
1106.27	0.222653
1107.27	0.222954
1108.27	0.223261
1109.27	0.223561
1110.27	0.223862
1111.27	0.22415
1112.27	0.224453
1113.27	0.224745
1114.27	0.225043
1115.27	0.225335
1116.27	0.225633
1117.27	0.225937
1118.27	0.226233
1119.27	0.226507
1120.27	0.2268
1121.27	0.22709
1122.27	0.227388
1123.27	0.227672
1124.27	0.22796
1125.27	0.228247
1126.27	0.228538
1127.27	0.228834
1128.27	0.229118
1129.27	0.2294
1130.27	0.229687
1131.27	0.229959
1132.27	0.230247
1133.27	0.230526
1134.27	0.230813
1135.27	0.2311
1136.27	0.231385
1137.27	0.231667
1138.27	0.23194
1139.27	0.232222
1140.27	0.232512
1141.27	0.232783
1142.27	0.233073
1143.27	0.233354
1144.27	0.233633
1145.27	0.233911
1146.27	0.234185
1147.27	0.234461
1148.27	0.234729
1149.27	0.234984
1150.27	0.235257
1151.27	0.235515
1152.27	0.235782
1153.27	0.23606
1154.27	0.236334
1155.27	0.236609
1156.27	0.236877
1157.27	0.237149
1158.27	0.237426
1159.27	0.237693
1160.27	0.237964
1161.27	0.238228
1162.27	0.238487
1163.27	0.23874
1164.27	0.239022
1165.27	0.239294
1166.27	0.239565
1167.27	0.239831
1168.27	0.240089
1169.27	0.240353
1170.27	0.240601
1171.27	0.240868
1172.27	0.241123
1173.27	0.241394
1174.27	0.241659
1175.27	0.241919
1176.27	0.242173
1177.27	0.242425
1178.27	0.242682
1179.27	0.242945
1180.27	0.243205
1181.27	0.24346
1182.27	0.243725
1183.27	0.243981
1184.27	0.244237
1185.27	0.24448
1186.27	0.244736
1187.27	0.244984
1188.27	0.245235
1189.27	0.245483
1190.27	0.245734
1191.27	0.245999
1192.27	0.246248
1193.27	0.246499
1194.27	0.246754
1195.27	0.247006
1196.27	0.247249
1197.27	0.247495
1198.27	0.247743
1199.27	0.247997
1200.27	0.248243
1201.27	0.248483
1202.27	0.24873
1203.27	0.248955
1204.27	0.249201
1205.27	0.249449
1206.27	0.249692
1207.27	0.249935
1208.27	0.250184
1209.27	0.250416
1210.27	0.250662
1211.27	0.250909
1212.27	0.251145
1213.27	0.251389
1214.27	0.251632
1215.27	0.251872
1216.27	0.252104
1217.27	0.252335
1218.27	0.25257
1219.27	0.252817
1220.27	0.253063
1221.27	0.253298
1222.27	0.253534
1223.27	0.253768
1224.27	0.254
1225.27	0.254241
1226.27	0.254484
1227.27	0.25472
1228.27	0.254955
1229.27	0.255185
1230.27	0.255417
1231.27	0.255647
1232.27	0.255895
1233.27	0.256128
1234.27	0.25636
1235.27	0.256586
1236.27	0.256814
1237.27	0.257051
1238.27	0.257287
1239.27	0.25752
1240.27	0.257754
1241.27	0.257991
1242.27	0.258218
1243.27	0.258448
1244.27	0.258684
1245.27	0.25893
1246.27	0.259166
1247.28	0.259388
1248.28	0.259616
1249.28	0.259853
1250.28	0.260072
1251.28	0.260295
1252.28	0.260519
1253.28	0.260742
1254.28	0.26098
1255.28	0.261205
1256.28	0.261432
1257.28	0.261655
1258.28	0.261877
1259.28	0.262111
1260.28	0.262335
1261.28	0.262566
1262.28	0.262785
1263.28	0.263012
1264.28	0.263231
1265.28	0.263452
1266.28	0.263672
1267.28	0.263903
1268.28	0.264122
1269.28	0.264335
1270.28	0.264552
1271.28	0.264762
1272.28	0.264974
1273.28	0.265192
1274.28	0.265416
1275.28	0.265628
1276.28	0.265846
1277.28	0.266071
1278.28	0.266278
1279.28	0.266494
1280.28	0.266706
1281.28	0.266928
1282.28	0.267144
1283.28	0.267361
1284.28	0.267563
1285.28	0.267777
1286.28	0.267999
1287.28	0.268216
1288.28	0.268416
1289.28	0.26863
1290.28	0.268838
1291.28	0.269053
1292.28	0.269256
1293.28	0.269462
1294.28	0.269671
1295.28	0.269887
1296.28	0.270095
1297.28	0.270301
1298.28	0.270511
1299.28	0.270725
1300.28	0.270937
1301.28	0.27115
1302.28	0.271349
1303.28	0.271547
1304.28	0.271749
1305.28	0.27196
1306.28	0.272173
1307.28	0.27239
1308.28	0.272596
1309.28	0.272811
1310.28	0.273021
1311.28	0.273224
1312.28	0.273432
1313.28	0.273619
1314.28	0.273821
1315.28	0.274023
1316.28	0.274228
1317.28	0.274433
1318.28	0.274632
1319.28	0.274841
1320.28	0.275041
1321.28	0.275237
1322.28	0.275432
1323.28	0.275629
1324.28	0.275837
1325.28	0.276037
1326.28	0.276252
1327.28	0.276452
1328.28	0.276664
1329.28	0.276857
1330.28	0.277054
1331.28	0.277258
1332.28	0.27746
1333.28	0.277649
1334.28	0.277844
1335.28	0.278045
1336.28	0.278253
1337.28	0.278452
1338.28	0.278653
1339.28	0.27885
1340.28	0.279048
1341.28	0.279244
1342.28	0.279446
1343.28	0.279641
1344.28	0.279844
1345.28	0.280048
1346.28	0.280236
1347.28	0.280422
1348.28	0.280626
1349.28	0.280829
1350.28	0.281028
1351.28	0.281218
1352.28	0.281412
1353.28	0.281613
1354.28	0.281812
1355.28	0.282004
1356.28	0.282187
1357.28	0.282381
1358.28	0.282562
1359.28	0.282748
1360.28	0.282935
1361.28	0.283122
1362.28	0.283317
1363.28	0.283508
1364.28	0.283692
1365.28	0.283885
1366.28	0.284081
1367.28	0.284268
1368.28	0.284458
1369.28	0.28466
1370.28	0.284854
1371.28	0.285042
1372.28	0.28524
1373.28	0.285434
1374.28	0.285616
1375.28	0.285806
1376.28	0.28599
1377.28	0.286175
1378.28	0.286378
1379.28	0.286576
1380.28	0.286764
1381.28	0.28695
1382.28	0.287134
1383.28	0.287321
1384.28	0.287505
1385.28	0.287692
1386.28	0.287882
1387.28	0.288067
1388.28	0.288252
1389.28	0.288443
1390.28	0.288631
1391.28	0.288818
1392.28	0.288998
1393.28	0.289186
1394.28	0.289362
1395.28	0.289543
1396.28	0.289731
1397.28	0.28992
1398.28	0.290098
1399.28	0.290287
1400.28	0.290474
1401.28	0.290656
1402.28	0.290837
1403.28	0.291012
1404.28	0.291199
1405.29	0.291379
1406.29	0.291559
1407.29	0.291741
1408.29	0.291923
1409.29	0.292108
1410.29	0.292298
1411.29	0.292472
1412.29	0.292652
1413.29	0.292833
1414.29	0.293021
1415.29	0.293197
1416.29	0.293374
1417.29	0.293559
1418.29	0.293735
1419.29	0.293917
1420.29	0.294098
1421.29	0.294275
1422.29	0.294456
1423.29	0.294634
1424.29	0.29481
1425.29	0.294988
1426.29	0.295169
1427.29	0.295349
1428.29	0.295538
1429.29	0.295731
1430.29	0.295908
1431.29	0.296093
1432.29	0.296273
1433.29	0.296456
1434.29	0.296627
1435.29	0.296798
1436.29	0.296978
1437.29	0.29716
1438.29	0.297336
1439.29	0.297509
1440.29	0.297676
1441.29	0.297853
1442.29	0.298021
1443.29	0.298201
1444.29	0.298372
1445.29	0.298547
1446.29	0.298718
1447.29	0.298898
1448.29	0.299074
1449.29	0.299255
1450.29	0.299422
1451.29	0.29959
1452.29	0.299771
1453.29	0.299943
1454.29	0.300118
1455.29	0.30029
1456.29	0.30046
1457.29	0.300621
1458.29	0.300793
1459.29	0.300959
1460.29	0.301137
1461.29	0.30132
1462.29	0.301496
1463.29	0.301664
1464.29	0.301846
1465.29	0.302014
1466.29	0.302179
1467.29	0.302346
1468.29	0.302519
1469.29	0.302694
1470.29	0.302867
1471.29	0.303047
1472.29	0.30322
1473.29	0.303395
1474.29	0.303568
1475.29	0.303743
1476.29	0.303914
1477.29	0.304079
1478.29	0.304257
1479.29	0.304422
1480.29	0.304596
1481.29	0.304766
1482.29	0.304934
1483.29	0.305106
1484.29	0.305283
1485.29	0.305454
1486.29	0.30562
1487.29	0.305787
1488.29	0.305952
1489.29	0.306116
1490.29	0.306297
1491.29	0.306467
1492.29	0.306638
1493.29	0.306812
1494.29	0.306978
1495.29	0.307147
1496.29	0.307321
1497.29	0.30748
1498.29	0.307648
1499.29	0.307809
1500.29	0.307974
1501.29	0.308142
1502.29	0.308308
1503.29	0.308464
1504.29	0.308633
1505.29	0.308787
1506.29	0.308959
1507.29	0.309122
1508.29	0.30929
1509.29	0.309454
1510.29	0.309617
1511.29	0.309784
1512.29	0.309944
1513.29	0.310119
1514.29	0.310284
1515.29	0.310447
1516.29	0.310612
1517.29	0.31077
1518.29	0.310937
1519.29	0.311104
1520.29	0.311264
1521.29	0.311427
1522.29	0.311595
1523.29	0.311764
1524.29	0.31193
1525.29	0.312091
1526.29	0.312253
1527.29	0.312419
1528.29	0.312587
1529.29	0.312751
1530.29	0.312916
1531.29	0.313085
1532.29	0.31325
1533.29	0.313412
1534.29	0.313575
1535.29	0.31374
1536.29	0.3139
1537.29	0.31406
1538.29	0.314222
1539.29	0.314391
1540.29	0.314547
1541.29	0.314711
1542.29	0.314859
1543.29	0.315025
1544.29	0.315187
1545.29	0.315343
1546.29	0.315499
1547.29	0.315657
1548.29	0.315815
1549.29	0.315967
1550.29	0.316122
1551.29	0.316282
1552.29	0.31644
1553.29	0.3166
1554.29	0.316752
1555.29	0.316903
1556.29	0.317063
1557.29	0.317221
1558.3	0.317379
1559.3	0.317544
1560.3	0.317704
1561.3	0.317856
1562.3	0.318022
1563.3	0.318174
1564.3	0.318332
1565.3	0.318483
1566.3	0.318638
1567.3	0.318794
1568.3	0.318947
1569.3	0.319101
1570.3	0.319252
1571.3	0.319406
1572.3	0.319565
1573.3	0.319728
1574.3	0.319892
1575.3	0.320048
1576.3	0.320201
1577.3	0.320361
1578.3	0.320516
1579.3	0.320668
1580.3	0.320826
1581.3	0.320977
1582.3	0.321136
1583.3	0.3213
1584.3	0.321469
1585.3	0.321631
1586.3	0.321782
1587.3	0.321929
1588.3	0.322085
1589.3	0.322246
1590.3	0.322391
1591.3	0.322541
1592.3	0.322694
1593.3	0.322844
1594.3	0.322993
1595.3	0.323145
1596.3	0.323306
1597.3	0.323452
1598.3	0.323607
1599.3	0.323755
1600.3	0.32391
1601.3	0.324061
1602.3	0.324215
1603.3	0.324369
1604.3	0.324526
1605.3	0.324677
1606.3	0.324833
1607.3	0.324979
1608.3	0.325128
1609.3	0.325279
1610.3	0.325423
1611.3	0.325582
1612.3	0.32573
1613.3	0.325874
1614.3	0.326028
1615.3	0.326174
1616.3	0.326326
1617.3	0.326471
1618.3	0.32663
1619.3	0.326779
1620.3	0.326932
1621.3	0.327083
1622.3	0.327222
1623.3	0.327366
1624.3	0.32752
1625.3	0.327664
1626.3	0.327809
1627.3	0.327961
1628.3	0.328116
1629.3	0.328265
1630.3	0.328411
1631.3	0.328563
1632.3	0.328717
1633.3	0.328867
1634.3	0.329009
1635.3	0.329152
1636.3	0.329305
1637.3	0.329454
1638.3	0.329602
1639.3	0.32975
1640.3	0.329895
1641.3	0.330037
1642.3	0.330183
1643.3	0.330322
1644.3	0.330472
1645.3	0.330616
1646.3	0.330765
1647.3	0.330908
1648.3	0.33105
1649.3	0.3312
1650.3	0.331347
1651.3	0.331489
1652.3	0.331635
1653.3	0.331781
1654.3	0.33192
1655.3	0.332058
1656.3	0.332211
1657.3	0.332362
1658.3	0.332508
1659.3	0.332648
1660.3	0.332798
1661.3	0.332945
1662.3	0.333092
1663.3	0.333229
1664.3	0.333373
1665.3	0.333511
1666.3	0.333662
1667.3	0.333806
1668.3	0.333949
1669.3	0.334092
1670.3	0.334232
1671.3	0.334372
1672.3	0.334509
1673.3	0.334645
1674.3	0.334783
1675.3	0.334916
1676.3	0.335062
1677.3	0.335206
1678.3	0.335351
1679.3	0.335498
1680.3	0.335648
1681.3	0.335793
1682.3	0.33594
1683.3	0.336084
1684.3	0.336224
1685.3	0.33637
1686.3	0.336515
1687.3	0.33666
1688.3	0.336804
1689.3	0.336945
1690.3	0.337088
1691.3	0.337232
1692.3	0.337361
1693.3	0.337505
1694.3	0.33765
1695.3	0.337792
1696.3	0.337935
1697.3	0.338076
1698.3	0.338218
1699.3	0.338358
1700.3	0.338504
1701.3	0.338649
1702.3	0.338784
1703.3	0.33892
1704.3	0.339061
1705.3	0.339204
1706.3	0.33935
1707.3	0.339495
1708.3	0.339636
1709.3	0.339779
1710.3	0.339917
1711.3	0.340058
1712.3	0.340195
1713.31	0.340332
1714.31	0.340467
1715.31	0.340605
1716.31	0.340746
1717.31	0.340885
1718.31	0.341026
1719.31	0.341168
1720.31	0.341299
1721.31	0.341438
1722.31	0.341583
1723.31	0.341726
1724.31	0.341863
1725.31	0.341993
1726.31	0.342128
1727.31	0.342263
1728.31	0.34241
1729.31	0.342551
1730.31	0.342687
1731.31	0.342827
1732.31	0.34297
1733.31	0.343108
1734.31	0.343244
1735.31	0.343384
1736.31	0.343526
1737.31	0.343672
1738.31	0.343813
1739.31	0.343948
1740.31	0.344089
1741.31	0.344218
1742.31	0.344358
1743.31	0.344498
1744.31	0.344632
1745.31	0.344771
1746.31	0.344906
1747.31	0.345039
1748.31	0.345171
1749.31	0.34531
1750.31	0.345444
1751.31	0.345582
1752.31	0.345715
1753.31	0.345858
1754.31	0.346002
1755.31	0.346142
1756.31	0.346279
1757.31	0.346411
1758.31	0.346554
1759.31	0.346686
1760.31	0.346821
1761.31	0.346958
1762.31	0.347092
1763.31	0.347223
1764.31	0.347354
1765.31	0.347492
1766.31	0.347632
1767.31	0.347776
1768.31	0.347911
1769.31	0.348046
1770.31	0.348182
1771.31	0.348318
1772.31	0.348455
1773.31	0.34859
1774.31	0.348729
1775.31	0.348858
1776.31	0.34899
1777.31	0.349117
1778.31	0.349251
1779.31	0.349386
1780.31	0.349518
1781.31	0.34965
1782.31	0.349786
1783.31	0.34992
1784.31	0.35005
1785.31	0.350178
1786.31	0.350318
1787.31	0.35045
1788.31	0.350577
1789.31	0.350711
1790.31	0.350845
1791.31	0.350971
1792.31	0.351106
1793.31	0.351232
1794.31	0.351367
1795.31	0.351501
1796.31	0.351631
1797.31	0.351762
1798.31	0.351893
1799.31	0.352023
1800.31	0.352149
1801.31	0.352284
1802.31	0.352419
1803.31	0.352543
1804.31	0.352679
1805.31	0.352807
1806.31	0.352945
1807.31	0.353077
1808.31	0.353206
1809.31	0.353343
1810.31	0.353475
1811.31	0.353602
1812.31	0.353736
1813.31	0.353874
1814.31	0.354003
1815.31	0.354137
1816.31	0.354266
1817.31	0.354404
1818.31	0.354534
1819.31	0.35467
1820.31	0.354794
1821.31	0.354928
1822.31	0.355058
1823.31	0.355189
1824.31	0.355323
1825.31	0.355447
1826.31	0.35557
1827.31	0.355703
1828.31	0.355835
1829.31	0.35597
1830.31	0.3561
1831.31	0.356232
1832.31	0.356363
1833.31	0.356497
1834.31	0.356624
1835.31	0.356751
1836.31	0.356879
1837.31	0.357013
1838.31	0.357135
1839.31	0.35726
1840.31	0.357388
1841.31	0.357516
1842.31	0.357647
1843.31	0.35778
1844.31	0.357912
1845.31	0.358037
1846.31	0.358163
1847.31	0.358298
1848.31	0.358423
1849.31	0.358544
1850.31	0.358664
1851.31	0.358788
1852.31	0.35891
1853.31	0.359031
1854.31	0.359153
1855.31	0.359276
1856.32	0.359408
1857.32	0.359534
1858.32	0.359672
1859.32	0.359794
1860.32	0.359917
1861.32	0.360046
1862.32	0.360172
1863.32	0.3603
1864.32	0.360425
1865.32	0.360545
1866.32	0.360668
1867.32	0.360794
1868.32	0.36092
1869.32	0.361048
1870.32	0.361176
1871.32	0.361303
1872.32	0.361423
1873.32	0.361551
1874.32	0.361675
1875.32	0.361804
1876.32	0.361934
1877.32	0.362058
1878.32	0.362186
1879.32	0.362316
1880.32	0.362454
1881.32	0.362579
1882.32	0.362704
1883.32	0.362832
1884.32	0.362957
1885.32	0.363089
1886.32	0.363216
1887.32	0.363344
1888.32	0.363479
1889.32	0.363603
1890.32	0.363729
1891.32	0.363848
1892.32	0.363978
1893.32	0.364093
1894.32	0.364224
1895.32	0.364351
1896.32	0.364472
1897.32	0.364601
1898.32	0.364726
1899.32	0.36485
1900.32	0.364979
1901.32	0.365104
1902.32	0.365229
1903.32	0.365357
1904.32	0.365474
1905.32	0.365601
1906.32	0.365726
1907.32	0.365858
1908.32	0.365986
1909.32	0.366111
1910.32	0.366234
1911.32	0.366363
1912.32	0.366488
1913.32	0.366613
1914.32	0.366739
1915.32	0.366864
1916.32	0.366983
1917.32	0.367105
1918.32	0.367237
1919.32	0.367358
1920.32	0.367478
1921.32	0.3676
1922.32	0.36772
1923.32	0.367837
1924.32	0.367961
1925.32	0.368084
1926.32	0.368211
1927.32	0.368332
1928.32	0.368456
1929.32	0.368577
1930.32	0.368692
1931.32	0.368819
1932.32	0.368937
1933.32	0.369055
1934.32	0.369173
1935.32	0.369298
1936.32	0.369422
1937.32	0.36955
1938.32	0.369675
1939.32	0.369799
1940.32	0.36992
1941.32	0.370035
1942.32	0.370153
1943.32	0.370272
1944.32	0.370395
1945.32	0.370516
1946.32	0.370641
1947.32	0.37076
1948.32	0.37088
1949.32	0.371005
1950.32	0.37113
1951.32	0.371251
1952.32	0.371375
1953.32	0.371498
1954.32	0.371615
1955.32	0.371745
1956.32	0.371871
1957.32	0.371988
1958.32	0.3721
1959.32	0.372222
1960.32	0.37234
1961.32	0.372461
1962.32	0.372585
1963.32	0.372703
1964.32	0.372819
1965.32	0.372938
1966.32	0.373058
1967.32	0.373168
1968.32	0.373287
1969.32	0.373408
1970.32	0.373527
1971.32	0.373651
1972.32	0.373766
1973.32	0.373879
1974.32	0.373999
1975.32	0.374111
1976.33	0.374239
1977.33	0.374357
1978.33	0.374472
1979.33	0.37458
1980.33	0.374702
1981.33	0.374813
1982.33	0.374934
1983.33	0.375049
1984.33	0.375173
1985.33	0.375287
1986.33	0.375406
1987.33	0.375528
1988.33	0.375648
1989.33	0.375768
1990.33	0.375887
1991.33	0.376
1992.33	0.376117
1993.33	0.376235
1994.33	0.37636
1995.33	0.376483
1996.33	0.376608
1997.33	0.376715
1998.33	0.376835
1999.33	0.376958
2000.33	0.377076
2001.33	0.377189
2002.33	0.377303
2003.33	0.377422
2004.33	0.377541
2005.33	0.377654
2006.33	0.37777
2007.33	0.37789
2008.33	0.378009
2009.33	0.378139
2010.33	0.378251
2011.33	0.378365
2012.33	0.378482
2013.33	0.378604
2014.33	0.378725
2015.33	0.378838
2016.33	0.378952
2017.33	0.37906
2018.33	0.379172
2019.33	0.379288
2020.33	0.379396
2021.33	0.379518
2022.33	0.379632
2023.33	0.379749
2024.33	0.379862
2025.33	0.379976
2026.33	0.38009
2027.33	0.380204
2028.33	0.380323
2029.33	0.380455
2030.33	0.380577
2031.33	0.380697
2032.33	0.380805
2033.33	0.38091
2034.33	0.381024
2035.33	0.381141
2036.33	0.381252
2037.33	0.381377
2038.33	0.381499
2039.33	0.381612
2040.33	0.381726
2041.33	0.381852
2042.33	0.381965
2043.33	0.382083
2044.33	0.382197
2045.33	0.382312
2046.33	0.382423
2047.33	0.382536
2048.33	0.382647
2049.33	0.382766
2050.33	0.382879
2051.33	0.382987
2052.33	0.383098
2053.33	0.383214
2054.33	0.383333
2055.33	0.383446
2056.33	0.38355
2057.33	0.38367
2058.33	0.383785
2059.33	0.383898
2060.33	0.384012
2061.33	0.384122
2062.33	0.384233
2063.33	0.384341
2064.33	0.384455
2065.33	0.384563
2066.33	0.384667
2067.33	0.38478
2068.33	0.384893
2069.33	0.385005
2070.33	0.385118
2071.33	0.385232
2072.33	0.385342
2073.33	0.385444
2074.33	0.385563
2075.33	0.385683
2076.33	0.385796
2077.33	0.385901
2078.33	0.386012
2079.33	0.386115
2080.33	0.38623
2081.33	0.386342
2082.33	0.386455
2083.33	0.386563
2084.33	0.386674
2085.33	0.386777
2086.33	0.386886
2087.33	0.386992
2088.33	0.387102
2089.33	0.387214
2090.33	0.387324
2091.33	0.387436
2092.33	0.387545
2093.33	0.387654
2094.33	0.387765
2095.33	0.38788
2096.33	0.387996
2097.33	0.388109
2098.33	0.388226
2099.33	0.388336
2100.33	0.388449
2101.33	0.388568
2102.33	0.388678
2103.33	0.388788
2104.33	0.388896
2105.33	0.38901
2106.33	0.389123
2107.33	0.38923
2108.33	0.389347
2109.33	0.389451
2110.33	0.389565
2111.33	0.389674
2112.33	0.389786
2113.33	0.389891
2114.33	0.389989
2115.33	0.390094
2116.33	0.390211
2117.33	0.390321
2118.33	0.390432
2119.33	0.390545
2120.33	0.390656
2121.33	0.390768
2122.33	0.390875
2123.34	0.390987
2124.34	0.391098
2125.34	0.391214
2126.34	0.39132
2127.34	0.391425
2128.34	0.391525
2129.34	0.391633
2130.34	0.391742
2131.34	0.391856
2132.34	0.391972
2133.34	0.392083
2134.34	0.39219
2135.34	0.392306
2136.34	0.39242
2137.34	0.392523
2138.34	0.392636
2139.34	0.392752
2140.34	0.392861
2141.34	0.392967
2142.34	0.393074
2143.34	0.393188
2144.34	0.393295
2145.34	0.393408
2146.34	0.393519
2147.34	0.393629
2148.34	0.393734
2149.34	0.393836
2150.34	0.393944
2151.34	0.394051
2152.34	0.394161
2153.34	0.394271
2154.34	0.394375
2155.34	0.394487
2156.34	0.3946
2157.34	0.394709
2158.34	0.394819
2159.34	0.394923
2160.34	0.395035
2161.34	0.395146
2162.34	0.395257
2163.34	0.395366
2164.34	0.395479
2165.34	0.395586
2166.34	0.395694
2167.34	0.395801
2168.34	0.395912
2169.34	0.396019
2170.34	0.396129
2171.34	0.396237
2172.34	0.396353
2173.34	0.396458
2174.34	0.396571
2175.34	0.396676
2176.34	0.396783
2177.34	0.396889
2178.34	0.397003
2179.34	0.397109
2180.34	0.397222
2181.34	0.397323
2182.34	0.397426
2183.34	0.397538
2184.34	0.397647
2185.34	0.397753
2186.34	0.39786
2187.34	0.397969
2188.34	0.398076
2189.34	0.39818
2190.34	0.398286
2191.34	0.3984
2192.34	0.39851
2193.34	0.398617
2194.34	0.398732
2195.34	0.398842
2196.34	0.398944
2197.34	0.399046
2198.34	0.399147
2199.34	0.399248
2200.34	0.399352
2201.34	0.399456
2202.34	0.399554
2203.34	0.399666
2204.34	0.399773
2205.34	0.399881
2206.34	0.399983
2207.34	0.400092
2208.34	0.400209
2209.34	0.400321
2210.34	0.400426
2211.34	0.400535
2212.34	0.400639
2213.34	0.400747
2214.34	0.400851
2215.34	0.400958
2216.34	0.401064
2217.34	0.401176
2218.34	0.401289
2219.34	0.401392
2220.34	0.401503
2221.34	0.401605
2222.34	0.401709
2223.34	0.401816
2224.34	0.401926
2225.34	0.402029
2226.34	0.402142
2227.34	0.402243
2228.34	0.40236
2229.34	0.402465
2230.34	0.402568
2231.34	0.402665
2232.35	0.402772
2233.35	0.402879
2234.35	0.402982
2235.35	0.403087
2236.35	0.403197
2237.35	0.403312
2238.35	0.403414
2239.35	0.403512
2240.35	0.403613
2241.35	0.40372
2242.35	0.40382
2243.35	0.403924
2244.35	0.404024
2245.35	0.404129
2246.35	0.404235
2247.35	0.404334
2248.35	0.40444
2249.35	0.404547
2250.35	0.404646
2251.35	0.404748
2252.35	0.404855
2253.35	0.404969
2254.35	0.405076
2255.35	0.405184
2256.35	0.405286
2257.35	0.405384
2258.35	0.405489
2259.35	0.405599
2260.35	0.405702
2261.35	0.405807
2262.35	0.405912
2263.35	0.406012
2264.35	0.406124
2265.35	0.406228
2266.35	0.406328
2267.35	0.40643
2268.35	0.406525
2269.35	0.406627
2270.35	0.406733
2271.35	0.406847
2272.35	0.406948
2273.35	0.407049
2274.35	0.407151
2275.35	0.407258
2276.35	0.407363
2277.35	0.407462
2278.35	0.407562
2279.35	0.407668
2280.35	0.40777
2281.35	0.407871
2282.35	0.407986
2283.35	0.408089
2284.35	0.408193
2285.35	0.408299
2286.35	0.4084
2287.35	0.408498
2288.35	0.408597
2289.35	0.408707
2290.35	0.408814
2291.35	0.408914
2292.35	0.409013
2293.35	0.409118
2294.35	0.409226
2295.35	0.409327
2296.35	0.409423
2297.35	0.409525
2298.35	0.409626
2299.35	0.409733
2300.35	0.409829
2301.35	0.409933
2302.35	0.410032
2303.35	0.410137
2304.35	0.410237
2305.35	0.410345
2306.35	0.410449
2307.35	0.410551
2308.35	0.410655
2309.35	0.410758
2310.35	0.410856
2311.35	0.410955
2312.35	0.411056
2313.35	0.41116
2314.35	0.411258
2315.35	0.411358
2316.35	0.41146
2317.35	0.411562
2318.35	0.411665
2319.35	0.411762
2320.35	0.411864
2321.35	0.411965
2322.35	0.412059
2323.35	0.412161
2324.35	0.412263
2325.35	0.412355
2326.35	0.412447
2327.35	0.412543
2328.35	0.412639
2329.35	0.412743
2330.35	0.412848
2331.35	0.41295
2332.35	0.413049
2333.35	0.413151
2334.35	0.41325
2335.35	0.41335
2336.35	0.413447
2337.35	0.41355
2338.35	0.413653
2339.35	0.413753
2340.35	0.413852
2341.35	0.413948
2342.35	0.414047
2343.35	0.414141
2344.35	0.414242
2345.35	0.414351
2346.35	0.414454
2347.35	0.414551
2348.35	0.41465
2349.35	0.414754
2350.35	0.414851
2351.36	0.414955
2352.36	0.415055
2353.36	0.415155
2354.36	0.415249
2355.36	0.415352
2356.36	0.415447
2357.36	0.415549
2358.36	0.415654
2359.36	0.415754
2360.36	0.415851
2361.36	0.415942
2362.36	0.416035
2363.36	0.416132
2364.36	0.416233
2365.36	0.416333
2366.36	0.41643
2367.36	0.416526
2368.36	0.416633
2369.36	0.416733
2370.36	0.416835
2371.36	0.416931
2372.36	0.417026
2373.36	0.417132
2374.36	0.41723
2375.36	0.417324
2376.36	0.41742
2377.36	0.417526
2378.36	0.417627
2379.36	0.417725
2380.36	0.417825
2381.36	0.417924
2382.36	0.41802
2383.36	0.418123
2384.36	0.41822
2385.36	0.418319
2386.36	0.418417
2387.36	0.418515
2388.36	0.418613
2389.36	0.418711
2390.36	0.418798
2391.36	0.4189
2392.36	0.419
2393.36	0.419095
2394.36	0.419191
2395.36	0.419284
2396.36	0.419381
2397.36	0.419473
2398.36	0.41957
2399.36	0.419669
2400.36	0.41977
2401.36	0.419866
2402.36	0.41996
2403.36	0.420051
2404.36	0.420142
2405.36	0.42024
2406.36	0.420334
2407.36	0.42043
2408.36	0.420521
2409.36	0.420615
2410.36	0.420707
2411.36	0.420805
2412.36	0.4209
2413.36	0.420994
2414.36	0.421088
2415.36	0.421184
2416.36	0.421279
2417.36	0.421376
2418.36	0.421473
2419.36	0.421568
2420.36	0.421657
2421.36	0.421748
2422.36	0.421845
2423.36	0.42194
2424.36	0.422031
2425.36	0.422125
2426.36	0.422223
2427.36	0.422318
2428.36	0.422418
2429.36	0.422517
2430.36	0.422611
2431.36	0.422707
2432.36	0.422801
2433.36	0.422897
2434.36	0.422997
2435.36	0.423088
2436.36	0.423182
2437.36	0.423277
2438.36	0.423368
2439.36	0.423459
2440.36	0.423556
2441.36	0.423654
2442.36	0.423752
2443.36	0.423852
2444.36	0.42395
2445.36	0.424046
2446.36	0.424141
2447.36	0.42424
2448.36	0.424341
2449.36	0.424437
2450.36	0.424529
2451.36	0.424623
2452.36	0.424718
2453.36	0.42481
2454.36	0.424901
2455.36	0.424998
2456.36	0.425086
2457.36	0.425188
2458.36	0.425286
2459.36	0.425383
2460.36	0.425472
2461.36	0.425567
2462.36	0.425658
2463.36	0.425749
2464.36	0.425842
2465.36	0.425936
2466.36	0.426031
2467.36	0.426122
2468.36	0.426221
2469.36	0.426311
2470.36	0.426409
2471.36	0.426508
2472.36	0.426597
2473.36	0.426692
2474.36	0.426784
2475.36	0.426882
2476.36	0.426972
2477.36	0.427057
2478.36	0.427151
2479.36	0.427245
2480.36	0.427334
2481.36	0.427424
2482.36	0.427517
2483.36	0.427618
2484.36	0.427712
2485.36	0.427803
2486.36	0.427896
2487.36	0.427986
2488.36	0.428076
2489.36	0.428165
2490.37	0.42826
2491.37	0.428352
2492.37	0.428434
2493.37	0.42853
2494.37	0.428626
2495.37	0.428719
2496.37	0.428807
2497.37	0.428902
2498.37	0.428994
2499.37	0.429086
2500.37	0.42918
2501.37	0.429269
2502.37	0.429361
2503.37	0.429448
2504.37	0.42954
2505.37	0.429631
2506.37	0.429714
2507.37	0.429807
2508.37	0.429904
2509.37	0.429999
2510.37	0.430086
2511.37	0.430181
2512.37	0.43027
2513.37	0.430358
2514.37	0.430451
2515.37	0.430537
2516.37	0.430629
2517.37	0.430717
2518.37	0.43081
2519.37	0.4309
2520.37	0.430995
2521.37	0.431088
2522.37	0.431177
2523.37	0.43127
2524.37	0.431362
2525.37	0.431456
2526.37	0.431553
2527.37	0.431643
2528.37	0.431734
2529.37	0.431825
2530.37	0.431909
2531.37	0.432
2532.37	0.43209
2533.37	0.432176
2534.37	0.432262
2535.37	0.432354
2536.37	0.43245
2537.37	0.432536
2538.37	0.432621
2539.37	0.43271
2540.37	0.432794
2541.37	0.432882
2542.37	0.432969
2543.37	0.433061
2544.37	0.433152
2545.37	0.433245
2546.37	0.433333
2547.37	0.433419
2548.37	0.433512
2549.37	0.4336
2550.37	0.43369
2551.37	0.43378
2552.37	0.43387
2553.37	0.433957
2554.37	0.434053
2555.37	0.434143
2556.37	0.434234
2557.37	0.434324
2558.37	0.434415
2559.37	0.434506
2560.37	0.434598
2561.37	0.434684
2562.37	0.434775
2563.37	0.434861
2564.37	0.434948
2565.37	0.435039
2566.37	0.435129
2567.37	0.435221
2568.37	0.435312
2569.37	0.435398
2570.37	0.435495
2571.37	0.435582
2572.37	0.435672
2573.37	0.43576
2574.37	0.435855
2575.37	0.43595
2576.37	0.436039
2577.37	0.436127
2578.37	0.436212
2579.37	0.4363
2580.37	0.436392
2581.37	0.436484
2582.37	0.436572
2583.37	0.436659
2584.37	0.436743
2585.37	0.436833
2586.37	0.436922
2587.37	0.437008
2588.37	0.437097
2589.37	0.43719
2590.37	0.437283
2591.37	0.437372
2592.37	0.437454
2593.37	0.437536
2594.37	0.437627
2595.37	0.437717
2596.37	0.437801
2597.37	0.437891
2598.37	0.437979
2599.37	0.438065
2600.37	0.438157
2601.37	0.438249
2602.37	0.43834
2603.37	0.438429
2604.37	0.438513
2605.38	0.438603
2606.38	0.43869
2607.38	0.438784
2608.38	0.438872
2609.38	0.43896
2610.38	0.439048
2611.38	0.43914
2612.38	0.439231
2613.38	0.43932
2614.38	0.439409
2615.38	0.439501
2616.38	0.439587
2617.38	0.439669
2618.38	0.43975
2619.38	0.439836
2620.38	0.439929
2621.38	0.44002
2622.38	0.440105
2623.38	0.440194
2624.38	0.440287
2625.38	0.440373
2626.38	0.440465
2627.38	0.440551
2628.38	0.440636
2629.38	0.440727
2630.38	0.440816
2631.38	0.440909
2632.38	0.440998
2633.38	0.441087
2634.38	0.441172
2635.38	0.441261
2636.38	0.44135
2637.38	0.441433
2638.38	0.441527
2639.38	0.441614
2640.38	0.4417
2641.38	0.441783
2642.38	0.441867
2643.38	0.441959
2644.38	0.442047
2645.38	0.442133
2646.38	0.442223
2647.38	0.442314
2648.38	0.442406
2649.38	0.442496
2650.38	0.442587
2651.38	0.442675
2652.38	0.442759
2653.38	0.442846
2654.38	0.442936
2655.38	0.443028
2656.38	0.443117
2657.38	0.443198
2658.38	0.443283
2659.38	0.443369
2660.38	0.443457
2661.38	0.443544
2662.38	0.443633
2663.38	0.443719
2664.38	0.443804
2665.38	0.443891
2666.38	0.443974
2667.38	0.444056
2668.38	0.444141
2669.38	0.444224
2670.38	0.444305
2671.38	0.444395
2672.38	0.444484
2673.38	0.444573
2674.38	0.444658
2675.38	0.444745
2676.38	0.444834
2677.38	0.444921
2678.38	0.445006
2679.38	0.445097
2680.38	0.445189
2681.38	0.445276
2682.38	0.445365
2683.38	0.445453
2684.38	0.445543
2685.38	0.445628
2686.38	0.445715
2687.38	0.445803
2688.38	0.445891
2689.38	0.44599
2690.38	0.446076
2691.38	0.446168
2692.38	0.446246
2693.38	0.446332
2694.38	0.446411
2695.38	0.446491
2696.38	0.446576
2697.38	0.446662
2698.38	0.446748
2699.38	0.446835
2700.38	0.446915
2701.38	0.447007
2702.38	0.447091
2703.38	0.447175
2704.38	0.447259
2705.38	0.44734
2706.38	0.447434
2707.38	0.447519
2708.39	0.447603
2709.39	0.44769
2710.39	0.447775
2711.39	0.447861
2712.39	0.447942
2713.39	0.448025
2714.39	0.448112
2715.39	0.448203
2716.39	0.44829
2717.39	0.448377
2718.39	0.44846
2719.39	0.44854
2720.39	0.44862
2721.39	0.448701
2722.39	0.44878
2723.39	0.448867
2724.39	0.448953
2725.39	0.449036
2726.39	0.449123
2727.39	0.449202
2728.39	0.449285
2729.39	0.449368
2730.39	0.449454
2731.39	0.449538
2732.39	0.449622
2733.39	0.449712
2734.39	0.449789
2735.39	0.449875
2736.39	0.449955
2737.39	0.450038
2738.39	0.45012
2739.39	0.450201
2740.39	0.450279
2741.39	0.450366
2742.39	0.450447
2743.39	0.450529
2744.39	0.450615
2745.39	0.450703
2746.39	0.450784
2747.39	0.450866
2748.39	0.450942
2749.39	0.451027
2750.39	0.451106
2751.39	0.451197
2752.39	0.451284
2753.39	0.451371
2754.39	0.45146
2755.39	0.451539
2756.39	0.451623
2757.39	0.451704
2758.39	0.451788
2759.39	0.451876
2760.39	0.451962
2761.39	0.452044
2762.39	0.452126
2763.39	0.45221
2764.39	0.452291
2765.39	0.452381
2766.39	0.452469
2767.39	0.452553
2768.39	0.452632
2769.39	0.452708
2770.39	0.452788
2771.39	0.452867
2772.39	0.45295
2773.39	0.453032
2774.39	0.453114
2775.39	0.453195
2776.39	0.453279
2777.39	0.453364
2778.39	0.453451
2779.39	0.45353
2780.39	0.453615
2781.39	0.453693
2782.39	0.453776
2783.39	0.45386
2784.39	0.45394
2785.39	0.454021
2786.39	0.454105
2787.39	0.45419
2788.39	0.454269
2789.39	0.454349
2790.39	0.454429
2791.39	0.454508
2792.39	0.454591
2793.39	0.454672
2794.39	0.454758
2795.39	0.454831
2796.39	0.454906
2797.39	0.454992
2798.39	0.455072
2799.39	0.455147
2800.39	0.455226
2801.39	0.455304
2802.39	0.455387
2803.39	0.455461
2804.39	0.455543
2805.39	0.455616
2806.39	0.455699
2807.39	0.455782
2808.39	0.455863
2809.39	0.455945
2810.39	0.456027
2811.39	0.456108
2812.39	0.456188
2813.39	0.456276
2814.39	0.456353
2815.39	0.456428
2816.39	0.456519
2817.39	0.456601
2818.39	0.456683
2819.39	0.456765
2820.39	0.456847
2821.39	0.456929
2822.39	0.457013
2823.39	0.457098
2824.39	0.457179
2825.39	0.45726
2826.39	0.45734
2827.39	0.457428
2828.39	0.457513
2829.39	0.457595
2830.39	0.457677
2831.4	0.457761
2832.4	0.457849
2833.4	0.457934
2834.4	0.458013
2835.4	0.458084
2836.4	0.458168
2837.4	0.458246
2838.4	0.458329
2839.4	0.458407
2840.4	0.458489
2841.4	0.45857
2842.4	0.458657
2843.4	0.458735
2844.4	0.458819
2845.4	0.458901
2846.4	0.45898
2847.4	0.459063
2848.4	0.45915
2849.4	0.45923
2850.4	0.459307
2851.4	0.459392
2852.4	0.459472
2853.4	0.459553
2854.4	0.459636
2855.4	0.459712
2856.4	0.459793
2857.4	0.459867
2858.4	0.459952
2859.4	0.460031
2860.4	0.460114
2861.4	0.460189
2862.4	0.46027
2863.4	0.460359
2864.4	0.460438
2865.4	0.46051
2866.4	0.460599
2867.4	0.460677
2868.4	0.460755
2869.4	0.460833
2870.4	0.460919
2871.4	0.461001
2872.4	0.461081
2873.4	0.461161
2874.4	0.461244
2875.4	0.461325
2876.4	0.461411
2877.4	0.461488
2878.4	0.46157
2879.4	0.46165
2880.4	0.461729
2881.4	0.461809
2882.4	0.461892
2883.4	0.461971
2884.4	0.462044
2885.4	0.462121
2886.4	0.462201
2887.4	0.462279
2888.4	0.462351
2889.4	0.46243
2890.4	0.462508
2891.4	0.462587
2892.4	0.462668
2893.4	0.462746
2894.4	0.462827
2895.4	0.462902
2896.4	0.462978
2897.4	0.463063
2898.4	0.463139
2899.4	0.46322
2900.4	0.463296
2901.4	0.463371
2902.4	0.463444
2903.4	0.463515
2904.4	0.46359
2905.4	0.463666
2906.4	0.463742
2907.4	0.463815
2908.4	0.463895
2909.4	0.463975
2910.4	0.464056
2911.4	0.464134
2912.4	0.464212
2913.4	0.464294
2914.4	0.464373
2915.4	0.464454
2916.4	0.464521
2917.4	0.464599
2918.4	0.464674
2919.4	0.464754
2920.4	0.464834
2921.4	0.464909
2922.4	0.46499
2923.4	0.465066
2924.4	0.465139
2925.4	0.465216
2926.4	0.465292
2927.4	0.465371
2928.4	0.46545
2929.4	0.465524
2930.4	0.465601
2931.4	0.465678
2932.4	0.465754
2933.4	0.465828
2934.4	0.465909
2935.4	0.465985
2936.4	0.466066
2937.4	0.466146
2938.4	0.46622
2939.4	0.466295
2940.4	0.466377
2941.4	0.466459
2942.4	0.466538
2943.4	0.46662
2944.4	0.466696
2945.4	0.466771
2946.4	0.46685
2947.4	0.466925
2948.4	0.467003
2949.4	0.467081
2950.4	0.467159
2951.4	0.467237
2952.4	0.467316
2953.4	0.467393
2954.4	0.467474
2955.4	0.467548
2956.41	0.467626
2957.41	0.467701
2958.41	0.467777
2959.41	0.467856
2960.41	0.467934
2961.41	0.468005
2962.41	0.468079
2963.41	0.468154
2964.41	0.468229
2965.41	0.468294
2966.41	0.468371
2967.41	0.468453
2968.41	0.468531
2969.41	0.46861
2970.41	0.468683
2971.41	0.468757
2972.41	0.468832
2973.41	0.468909
2974.41	0.468988
2975.41	0.469061
2976.41	0.469136
2977.41	0.469213
2978.41	0.469288
2979.41	0.469364
2980.41	0.469446
2981.41	0.469521
2982.41	0.469603
2983.41	0.469684
2984.41	0.469758
2985.41	0.469826
2986.41	0.469908
2987.41	0.469984
2988.41	0.470064
2989.41	0.470141
2990.41	0.470217
2991.41	0.470293
2992.41	0.47037
2993.41	0.470442
2994.41	0.470519
2995.41	0.470599
2996.41	0.470676
2997.41	0.470751
2998.41	0.470826
2999.41	0.4709
3000.41	0.470977
3001.41	0.471049
3002.41	0.471125
3003.41	0.4712
3004.41	0.471278
3005.41	0.47135
3006.41	0.471427
3007.41	0.471504
3008.41	0.471573
3009.41	0.471645
3010.41	0.471724
3011.41	0.471795
3012.41	0.471873
3013.41	0.471948
3014.41	0.472015
3015.41	0.472088
3016.41	0.472158
3017.41	0.472237
3018.41	0.47231
3019.41	0.472379
3020.41	0.472454
3021.41	0.472527
3022.41	0.472604
3023.41	0.472679
3024.41	0.472751
3025.41	0.472824
3026.41	0.472901
3027.41	0.472977
3028.41	0.473046
3029.41	0.473119
3030.41	0.473192
3031.41	0.473265
3032.41	0.473337
3033.41	0.473415
3034.41	0.473492
3035.41	0.473564
3036.41	0.473636
3037.41	0.473714
3038.41	0.473784
3039.41	0.473857
3040.41	0.473928
3041.41	0.474003
3042.41	0.474075
3043.41	0.474153
3044.41	0.474226
3045.41	0.474298
3046.41	0.474371
3047.41	0.474445
3048.41	0.474515
3049.41	0.474588
3050.41	0.474672
3051.41	0.474742
3052.41	0.474817
3053.41	0.47489
3054.41	0.474968
3055.41	0.475046
3056.41	0.475119
3057.41	0.475194
3058.41	0.475268
3059.41	0.475347
3060.41	0.475419
3061.41	0.475499
3062.41	0.475575
3063.41	0.475652
3064.41	0.475725
3065.41	0.475803
3066.41	0.475875
3067.41	0.475946
3068.41	0.476018
3069.41	0.476085
3070.41	0.476159
3071.41	0.476235
3072.42	0.476314
3073.42	0.476384
3074.42	0.476455
3075.42	0.47653
3076.42	0.476609
3077.42	0.476683
3078.42	0.476754
3079.42	0.47683
3080.42	0.476902
3081.42	0.476972
3082.42	0.477047
3083.42	0.47712
3084.42	0.477194
3085.42	0.477271
3086.42	0.477344
3087.42	0.477414
3088.42	0.477494
3089.42	0.477565
3090.42	0.477641
3091.42	0.477713
3092.42	0.477782
3093.42	0.477855
3094.42	0.477926
3095.42	0.478005
3096.42	0.478078
3097.42	0.47815
3098.42	0.478225
3099.42	0.478294
3100.42	0.478366
3101.42	0.478439
3102.42	0.478517
3103.42	0.47859
3104.42	0.478662
3105.42	0.478739
3106.42	0.478812
3107.42	0.47889
3108.42	0.47896
3109.42	0.479034
3110.42	0.479108
3111.42	0.479176
3112.42	0.479243
3113.42	0.479312
3114.42	0.479388
3115.42	0.479459
3116.42	0.479533
3117.42	0.4796
3118.42	0.479678
3119.42	0.479744
3120.42	0.479817
3121.42	0.47989
3122.42	0.47996
3123.42	0.480033
3124.42	0.480103
3125.42	0.480175
3126.42	0.480245
3127.42	0.480322
3128.42	0.480392
3129.42	0.480464
3130.42	0.480535
3131.42	0.480604
3132.42	0.480669
3133.42	0.480741
3134.42	0.480813
3135.42	0.480881
3136.42	0.480955
3137.42	0.481028
3138.42	0.481102
3139.42	0.481172
3140.42	0.481245
3141.42	0.481315
3142.42	0.481388
3143.42	0.481454
3144.42	0.481527
3145.42	0.481605
3146.42	0.481678
3147.42	0.481754
3148.42	0.481825
3149.42	0.481899
3150.42	0.481972
3151.42	0.482041
3152.42	0.482108
3153.42	0.482174
3154.42	0.482244
3155.42	0.482309
3156.42	0.482376
3157.42	0.482439
3158.42	0.482509
3159.42	0.482583
3160.42	0.482649
3161.42	0.482719
3162.42	0.48279
3163.42	0.48286
3164.42	0.482933
3165.42	0.483004
3166.42	0.483079
3167.42	0.483149
3168.42	0.483224
3169.43	0.483297
3170.43	0.483367
3171.43	0.483439
3172.43	0.483521
3173.43	0.483596
3174.43	0.483667
3175.43	0.483741
3176.43	0.483808
3177.43	0.483876
3178.43	0.483948
3179.43	0.484021
3180.43	0.484095
3181.43	0.484164
3182.43	0.484237
3183.43	0.484315
3184.43	0.484386
3185.43	0.484458
3186.43	0.484527
3187.43	0.484598
3188.43	0.484672
3189.43	0.48474
3190.43	0.484808
3191.43	0.484877
3192.43	0.484944
3193.43	0.485011
3194.43	0.485084
3195.43	0.485154
3196.43	0.485223
3197.43	0.485303
3198.43	0.485374
3199.43	0.485442
3200.43	0.485511
3201.43	0.485581
3202.43	0.485651
3203.43	0.485721
3204.43	0.485794
3205.43	0.485866
3206.43	0.485943
3207.43	0.486013
3208.43	0.48608
3209.43	0.486151
3210.43	0.486222
3211.43	0.486287
3212.43	0.486353
3213.43	0.486424
3214.43	0.486497
3215.43	0.486565
3216.43	0.486628
3217.43	0.486695
3218.43	0.486767
3219.43	0.486835
3220.43	0.486905
3221.43	0.486974
3222.43	0.487044
3223.43	0.487112
3224.43	0.487184
3225.43	0.48725
3226.43	0.487317
3227.43	0.487389
3228.43	0.487459
3229.43	0.487534
3230.43	0.487607
3231.43	0.487673
3232.43	0.487744
3233.43	0.487811
3234.43	0.487887
3235.43	0.487961
3236.43	0.488034
3237.43	0.488106
3238.43	0.488175
3239.43	0.488246
3240.43	0.488315
3241.43	0.488394
3242.43	0.488464
3243.43	0.488532
3244.43	0.488599
3245.43	0.48867
3246.43	0.488746
3247.43	0.488818
3248.43	0.488888
3249.43	0.488956
3250.43	0.489028
3251.43	0.489096
3252.43	0.489171
3253.43	0.489245
3254.43	0.489315
3255.43	0.489386
3256.43	0.489464
3257.43	0.489537
3258.43	0.489606
3259.43	0.489677
3260.43	0.48975
3261.43	0.489824
3262.43	0.489891
3263.43	0.489958
3264.43	0.490026
3265.43	0.490097
3266.43	0.490169
3267.43	0.49023
3268.43	0.490307
3269.43	0.490378
3270.43	0.490444
3271.43	0.490513
3272.43	0.490581
3273.43	0.49065
3274.43	0.490722
3275.44	0.490793
3276.44	0.490863
3277.44	0.49093
3278.44	0.490999
3279.44	0.49107
3280.44	0.491132
3281.44	0.491203
3282.44	0.491268
3283.44	0.491333
3284.44	0.491397
3285.44	0.491468
3286.44	0.491536
3287.44	0.491604
3288.44	0.491673
3289.44	0.491741
3290.44	0.491813
3291.44	0.491878
3292.44	0.491947
3293.44	0.492018
3294.44	0.492088
3295.44	0.492159
3296.44	0.492231
3297.44	0.492301
3298.44	0.492372
3299.44	0.492441
3300.44	0.492513
3301.44	0.492575
3302.44	0.492645
3303.44	0.492721
3304.44	0.492793
3305.44	0.49287
3306.44	0.492935
3307.44	0.493005
3308.44	0.493081
3309.44	0.493152
3310.44	0.493217
3311.44	0.493284
3312.44	0.493352
3313.44	0.493424
3314.44	0.493492
3315.44	0.493561
3316.44	0.493633
3317.44	0.493698
3318.44	0.49376
3319.44	0.493832
3320.44	0.493901
3321.44	0.493966
3322.44	0.494038
3323.44	0.494107
3324.44	0.494171
3325.44	0.494237
3326.44	0.494301
3327.44	0.494361
3328.44	0.494427
3329.44	0.494497
3330.44	0.494572
3331.44	0.494637
3332.44	0.494704
3333.44	0.494774
3334.44	0.494843
3335.44	0.494909
3336.44	0.494977
3337.44	0.495042
3338.44	0.495113
3339.44	0.495183
3340.44	0.495253
3341.44	0.495322
3342.44	0.495393
3343.44	0.495458
3344.44	0.495528
3345.44	0.495598
3346.44	0.495665
3347.44	0.495735
3348.44	0.495801
3349.44	0.495875
3350.44	0.495941
3351.44	0.496009
3352.44	0.49608
3353.44	0.496147
3354.44	0.496218
3355.44	0.496286
3356.44	0.496354
3357.44	0.496422
3358.44	0.496496
3359.44	0.496563
3360.44	0.496632
3361.44	0.496699
3362.44	0.496766
3363.44	0.496835
3364.44	0.496898
3365.44	0.496963
3366.44	0.49703
3367.44	0.497103
3368.44	0.49717
3369.44	0.497237
3370.44	0.497302
3371.44	0.497367
3372.44	0.49743
3373.44	0.497497
3374.44	0.497564
3375.44	0.49763
3376.44	0.497696
3377.44	0.497757
3378.44	0.497826
3379.44	0.497894
3380.44	0.497964
3381.44	0.498036
3382.44	0.4981
3383.45	0.498167
3384.45	0.498236
3385.45	0.498303
3386.45	0.498374
3387.45	0.498444
3388.45	0.498513
3389.45	0.49858
3390.45	0.498646
3391.45	0.49871
3392.45	0.498782
3393.45	0.498854
3394.45	0.498923
3395.45	0.498989
3396.45	0.499062
3397.45	0.499126
3398.45	0.499194
3399.45	0.499254
3400.45	0.499317
3401.45	0.499381
3402.45	0.49945
3403.45	0.499511
3404.45	0.499579
3405.45	0.499639
3406.45	0.499707
3407.45	0.499768
3408.45	0.499831
3409.45	0.499908
3410.45	0.499978
3411.45	0.500042
3412.45	0.500106
3413.45	0.500176
3414.45	0.500241
3415.45	0.500306
3416.45	0.500371
3417.45	0.500448
3418.45	0.500519
3419.45	0.500581
3420.45	0.500642
3421.45	0.500706
3422.45	0.500768
3423.45	0.500834
3424.45	0.500897
3425.45	0.500965
3426.45	0.501023
3427.45	0.501088
3428.45	0.501155
3429.45	0.501223
3430.45	0.501298
3431.45	0.501362
3432.45	0.501428
3433.45	0.501494
3434.45	0.501558
3435.45	0.501628
3436.45	0.501699
3437.45	0.50177
3438.45	0.501836
3439.45	0.501899
3440.45	0.501966
3441.45	0.502035
3442.45	0.502102
3443.45	0.502167
3444.45	0.502235
3445.45	0.502303
3446.45	0.50237
3447.45	0.502435
3448.45	0.502504
3449.45	0.502572
3450.45	0.502644
3451.45	0.502707
3452.45	0.502775
3453.45	0.502842
3454.45	0.502909
3455.45	0.502975
3456.45	0.503038
3457.45	0.503107
3458.45	0.503171
3459.45	0.503238
3460.45	0.503303
3461.45	0.503363
3462.45	0.50343
3463.45	0.503494
3464.45	0.503558
3465.45	0.503619
3466.45	0.503682
3467.45	0.503743
3468.45	0.503807
3469.45	0.503878
3470.45	0.503945
3471.45	0.50401
3472.45	0.50408
3473.45	0.504146
3474.45	0.504208
3475.45	0.504272
3476.45	0.504331
3477.45	0.5044
3478.45	0.504461
3479.45	0.504529
3480.45	0.504591
3481.45	0.504657
3482.45	0.50472
3483.45	0.504783
3484.46	0.50485
3485.46	0.504916
3486.46	0.504981
3487.46	0.505044
3488.46	0.505111
3489.46	0.505183
3490.46	0.505249
3491.46	0.50531
3492.46	0.505377
3493.46	0.505439
3494.46	0.505511
3495.46	0.505584
3496.46	0.505651
3497.46	0.505712
3498.46	0.505779
3499.46	0.505847
3500.46	0.505914
3501.46	0.50598
3502.46	0.506043
3503.46	0.50611
3504.46	0.506178
3505.46	0.506241
3506.46	0.50631
3507.46	0.506374
3508.46	0.50643
3509.46	0.506493
3510.46	0.506561
3511.46	0.506621
3512.46	0.506687
3513.46	0.506747
3514.46	0.506814
3515.46	0.506886
3516.46	0.506956
3517.46	0.507021
3518.46	0.507083
3519.46	0.507141
3520.46	0.507204
3521.46	0.507273
3522.46	0.507342
3523.46	0.507408
3524.46	0.507471
3525.46	0.507534
3526.46	0.507599
3527.46	0.507662
3528.46	0.507726
3529.46	0.50779
3530.46	0.507853
3531.46	0.507921
3532.46	0.507985
3533.46	0.508046
3534.46	0.508119
3535.46	0.508181
3536.46	0.508245
3537.46	0.508306
3538.46	0.508369
3539.46	0.508436
3540.46	0.508502
3541.46	0.508567
3542.46	0.508634
3543.46	0.508699
3544.46	0.50876
3545.46	0.508823
3546.46	0.508888
3547.46	0.508951
3548.46	0.509016
3549.46	0.509082
3550.46	0.509147
3551.46	0.509212
3552.46	0.509274
3553.46	0.509335
3554.46	0.509399
3555.46	0.509463
3556.46	0.509527
3557.46	0.509588
3558.46	0.509651
3559.46	0.509711
3560.46	0.509776
3561.46	0.509845
3562.46	0.509909
3563.46	0.509968
3564.46	0.510029
3565.46	0.510094
3566.46	0.510158
3567.46	0.510221
3568.46	0.510284
3569.46	0.51035
3570.46	0.510413
3571.46	0.510477
3572.46	0.510544
3573.46	0.510611
3574.46	0.510669
3575.46	0.51073
3576.46	0.510797
3577.46	0.510861
3578.46	0.510927
3579.46	0.510989
3580.46	0.511052
3581.46	0.511115
3582.46	0.511183
3583.46	0.511247
3584.46	0.511315
3585.46	0.511379
3586.46	0.511441
3587.46	0.511502
3588.46	0.511564
3589.46	0.511636
3590.46	0.511696
3591.46	0.511763
3592.46	0.511829
3593.46	0.511889
3594.46	0.511952
3595.46	0.512014
3596.46	0.512079
3597.46	0.512145
3598.46	0.512211
3599.46	0.512276
3600.46	0.512343
3601.46	0.51241
3602.46	0.512468
3603.46	0.512531
3604.46	0.512592
3605.46	0.51266
3606.46	0.512722
3607.46	0.512784
3608.47	0.512843
3609.47	0.512906
3610.47	0.512965
3611.47	0.513028
3612.47	0.513089
3613.47	0.513153
3614.47	0.513217
3615.47	0.513281
3616.47	0.513341
3617.47	0.513399
3618.47	0.513469
3619.47	0.513534
3620.47	0.513596
3621.47	0.513655
3622.47	0.513718
3623.47	0.513778
3624.47	0.513841
3625.47	0.513908
3626.47	0.513969
3627.47	0.514033
3628.47	0.5141
3629.47	0.514163
3630.47	0.514228
3631.47	0.514291
3632.47	0.514352
3633.47	0.514415
3634.47	0.514475
3635.47	0.514541
3636.47	0.51461
3637.47	0.514667
3638.47	0.514727
3639.47	0.514788
3640.47	0.514851
3641.47	0.514916
3642.47	0.514977
3643.47	0.515039
3644.47	0.515103
3645.47	0.515162
3646.47	0.515229
3647.47	0.51529
3648.47	0.515353
3649.47	0.515414
3650.47	0.515476
3651.47	0.515538
3652.47	0.515599
3653.47	0.515662
3654.47	0.515732
3655.47	0.515791
3656.47	0.515844
3657.47	0.51591
3658.47	0.515973
3659.47	0.516033
3660.47	0.516097
3661.47	0.51616
3662.47	0.516225
3663.47	0.51629
3664.47	0.516347
3665.47	0.516407
3666.47	0.516473
3667.47	0.51654
3668.47	0.516603
3669.47	0.516668
3670.47	0.516727
3671.47	0.516787
3672.47	0.516855
3673.47	0.516914
3674.47	0.516975
3675.47	0.517032
3676.47	0.517099
3677.47	0.517155
3678.47	0.517208
3679.47	0.517268
3680.47	0.517325
3681.47	0.517386
3682.47	0.517444
3683.47	0.517505
3684.47	0.517568
3685.47	0.517637
3686.47	0.517694
3687.47	0.517755
3688.47	0.51781
3689.47	0.517872
3690.47	0.517935
3691.47	0.517993
3692.47	0.518057
3693.47	0.518117
3694.47	0.51818
3695.47	0.518238
3696.47	0.518302
3697.47	0.518369
3698.47	0.518441
3699.47	0.518503
3700.47	0.518563
3701.47	0.518628
3702.47	0.518691
3703.47	0.518753
3704.47	0.518814
3705.47	0.518873
3706.47	0.518937
3707.47	0.519001
3708.47	0.519059
3709.47	0.519123
3710.47	0.519188
3711.47	0.519249
3712.47	0.519314
3713.48	0.51938
3714.48	0.519442
3715.48	0.519501
3716.48	0.519567
3717.48	0.519626
3718.48	0.519689
3719.48	0.519756
3720.48	0.519826
3721.48	0.519885
3722.48	0.519948
3723.48	0.520012
3724.48	0.520072
3725.48	0.520132
3726.48	0.520201
3727.48	0.520267
3728.48	0.520327
3729.48	0.520384
3730.48	0.520451
3731.48	0.520517
3732.48	0.520581
3733.48	0.520635
3734.48	0.520692
3735.48	0.520749
3736.48	0.520813
3737.48	0.520877
3738.48	0.52094
3739.48	0.520999
3740.48	0.521063
3741.48	0.521121
3742.48	0.521179
3743.48	0.52124
3744.48	0.521301
3745.48	0.521362
3746.48	0.521424
3747.48	0.521488
3748.48	0.521548
3749.48	0.521613
3750.48	0.521675
3751.48	0.521736
3752.48	0.521799
3753.48	0.521859
3754.48	0.521918
3755.48	0.521977
3756.48	0.522043
3757.48	0.522106
3758.48	0.522166
3759.48	0.522224
3760.48	0.522286
3761.48	0.522343
3762.48	0.522407
3763.48	0.522468
3764.48	0.522532
3765.48	0.52259
3766.48	0.522653
3767.48	0.522711
3768.48	0.522773
3769.48	0.522829
3770.48	0.522893
3771.48	0.522956
3772.48	0.523017
3773.48	0.523077
3774.48	0.523141
3775.48	0.523195
3776.48	0.523254
3777.48	0.523316
3778.48	0.52337
3779.48	0.523425
3780.48	0.523477
3781.48	0.523542
3782.48	0.523607
3783.48	0.523664
3784.48	0.523724
3785.48	0.523782
3786.48	0.52384
3787.48	0.523901
3788.48	0.523958
3789.48	0.524019
3790.48	0.524078
3791.49	0.524136
3792.49	0.524195
3793.49	0.524257
3794.49	0.524318
3795.49	0.524377
3796.49	0.52444
3797.49	0.524505
3798.49	0.524565
3799.49	0.524628
3800.49	0.524689
3801.49	0.524744
3802.49	0.524802
3803.49	0.524861
3804.49	0.524916
3805.49	0.524973
3806.49	0.525033
3807.49	0.525094
3808.49	0.525157
3809.49	0.525217
3810.49	0.525278
3811.49	0.525339
3812.49	0.5254
3813.49	0.52546
3814.49	0.525513
3815.49	0.525572
3816.49	0.525627
3817.49	0.525684
3818.49	0.525751
3819.49	0.52581
3820.49	0.525872
3821.49	0.52593
3822.49	0.525992
3823.49	0.526053
3824.49	0.526113
3825.49	0.526174
3826.49	0.52623
3827.49	0.526289
3828.49	0.52635
3829.49	0.526406
3830.49	0.526462
3831.49	0.526522
3832.49	0.526579
3833.49	0.526634
3834.49	0.526693
3835.49	0.526756
3836.49	0.526818
3837.49	0.52688
3838.49	0.52694
3839.49	0.526999
3840.49	0.527054
3841.49	0.52711
3842.49	0.527165
3843.49	0.527223
3844.49	0.527283
3845.49	0.527342
3846.49	0.527402
3847.49	0.527461
3848.49	0.52752
3849.49	0.527579
3850.49	0.527636
3851.49	0.527693
3852.49	0.52775
3853.49	0.527806
3854.49	0.527868
3855.49	0.527926
3856.49	0.527985
3857.49	0.528044
3858.49	0.5281
3859.49	0.528158
3860.49	0.528216
3861.49	0.528276
3862.49	0.528336
3863.49	0.528391
3864.49	0.528446
3865.49	0.528508
3866.49	0.528569
3867.49	0.528624
3868.49	0.528682
3869.49	0.528741
3870.49	0.528802
3871.49	0.528862
3872.49	0.528925
3873.49	0.528982
3874.49	0.529045
3875.49	0.529109
3876.49	0.529169
3877.49	0.52923
3878.49	0.529291
3879.49	0.529351
3880.49	0.529403
3881.49	0.529457
3882.49	0.529513
3883.49	0.529569
3884.49	0.52963
3885.49	0.529691
3886.49	0.529748
3887.49	0.529799
3888.49	0.529861
3889.49	0.529913
3890.49	0.529973
3891.49	0.530035
3892.49	0.530093
3893.49	0.530146
3894.49	0.530203
3895.49	0.530263
3896.49	0.530321
3897.49	0.530378
3898.49	0.530439
3899.49	0.530496
3900.49	0.530555
3901.49	0.530614
3902.49	0.530673
3903.49	0.530731
3904.49	0.530791
3905.5	0.530844
3906.5	0.5309
3907.5	0.530953
3908.5	0.531009
3909.5	0.531066
3910.5	0.531125
3911.5	0.531183
3912.5	0.531242
3913.5	0.531302
3914.5	0.531356
3915.5	0.531412
3916.5	0.531465
3917.5	0.53153
3918.5	0.531591
3919.5	0.531649
3920.5	0.531703
3921.5	0.531759
3922.5	0.531816
3923.5	0.531876
3924.5	0.531935
3925.5	0.531997
3926.5	0.532058
3927.5	0.532116
3928.5	0.532174
3929.5	0.532234
3930.5	0.532294
3931.5	0.532351
3932.5	0.532406
3933.5	0.532463
3934.5	0.532513
3935.5	0.532568
3936.5	0.532622
3937.5	0.532681
3938.5	0.532743
3939.5	0.5328
3940.5	0.532857
3941.5	0.532916
3942.5	0.532973
3943.5	0.533032
3944.5	0.533088
3945.5	0.533149
3946.5	0.53321
3947.5	0.533266
3948.5	0.533326
3949.5	0.533375
3950.5	0.533433
3951.5	0.533494
3952.5	0.533552
3953.5	0.533613
3954.5	0.533667
3955.5	0.533719
3956.5	0.533777
3957.5	0.533828
3958.5	0.533883
3959.5	0.533936
3960.5	0.533995
3961.5	0.534053
3962.5	0.534115
3963.5	0.534175
3964.5	0.534235
3965.5	0.534285
3966.5	0.53434
3967.5	0.534395
3968.5	0.534453
3969.5	0.534507
3970.5	0.534567
3971.5	0.534616
3972.5	0.534675
3973.5	0.534727
3974.5	0.534786
3975.5	0.534844
3976.5	0.534895
3977.5	0.534952
3978.5	0.535005
3979.5	0.535068
3980.5	0.535122
3981.5	0.53518
3982.5	0.535242
3983.5	0.535293
3984.5	0.53535
3985.5	0.535407
3986.5	0.53546
3987.5	0.535516
3988.5	0.535575
3989.5	0.535634
3990.5	0.535687
3991.5	0.535746
3992.5	0.535805
3993.5	0.535859
3994.5	0.53592
3995.5	0.535978
3996.5	0.536033
3997.5	0.536094
3998.5	0.536151
3999.5	0.536214
