time	conversion
1.00006	0.00216595
2.00011	0.00340374
3.00025	0.00445833
4.00036	0.00544124
5.0004	0.00632672
6.00041	0.00717945
7.00045	0.00801494
8.00072	0.00884382
9.00078	0.00958534
10.001	0.0103154
11.0021	0.0109948
12.0023	0.0116671
13.0027	0.0123
14.0028	0.0129287
15.003	0.0135114
16.003	0.0141118
17.0036	0.0146812
18.0038	0.0152662
19.0039	0.0158187
20.0039	0.0163523
21.0039	0.0168941
22.0044	0.0173941
23.0046	0.0178905
24.0047	0.0183783
25.0048	0.018852
26.0051	0.0192958
27.0054	0.0197761
28.0058	0.0202352
29.0058	0.020678
30.0058	0.0211455
31.0058	0.0215701
32.0058	0.0219905
33.0059	0.0224368
34.0059	0.0228631
35.0059	0.0232728
36.006	0.0236595
37.006	0.0241001
38.006	0.0245138
39.0061	0.0249116
40.0068	0.0253369
41.0068	0.0257267
42.0069	0.0261231
43.007	0.026521
44.0072	0.0268895
45.0073	0.0272612
46.0074	0.0276468
47.008	0.0280211
48.0081	0.0283766
49.0082	0.0287441
50.0083	0.0290954
51.0084	0.0294478
52.0085	0.029803
53.0091	0.0301427
54.0094	0.0304978
55.0095	0.0308585
56.0095	0.0312089
57.0098	0.031569
58.0101	0.0319102
59.0103	0.0322563
60.0103	0.0325944
61.0103	0.0329193
62.0105	0.0332319
63.0106	0.0335458
64.0106	0.033879
65.0106	0.0341938
66.0115	0.0345272
67.0116	0.0348394
68.0116	0.0351704
69.0116	0.0354842
70.012	0.0358
71.0125	0.0361078
72.0125	0.0364362
73.0125	0.0367481
74.0128	0.037048
75.0132	0.0373723
76.0132	0.0376907
77.0133	0.0380161
78.0133	0.0383167
79.0139	0.0386168
80.0142	0.0389336
81.0142	0.0392099
82.0147	0.039517
83.0152	0.0398194
84.0152	0.0401118
85.0155	0.0404063
86.0155	0.0406746
87.0156	0.0409588
88.0156	0.041244
89.0157	0.0415091
90.0157	0.0417888
91.0158	0.0420753
92.0159	0.0423612
93.016	0.042642
94.016	0.0429226
95.0161	0.0431889
96.0161	0.0434695
97.0162	0.0437461
98.0164	0.0440286
99.0164	0.0443033
100.017	0.0445751
101.017	0.0448547
102.017	0.045127
103.017	0.0453898
104.017	0.04567
105.018	0.0459481
106.018	0.0462187
107.018	0.0464852
108.019	0.0467526
109.019	0.04702
110.019	0.0472849
111.02	0.0475451
112.02	0.0477987
113.02	0.0480625
114.02	0.0483263
115.02	0.048592
116.02	0.0488665
117.02	0.0491223
118.02	0.0493684
119.02	0.0496388
120.021	0.0499016
121.021	0.0501542
122.021	0.0504086
123.021	0.0506885
124.022	0.0509526
125.023	0.0512147
126.023	0.0514741
127.023	0.0517319
128.023	0.05198
129.023	0.0522431
130.023	0.0525083
131.023	0.0527572
132.024	0.0530292
133.024	0.0532914
134.024	0.0535335
135.025	0.0537786
136.025	0.0540204
137.025	0.0542713
138.026	0.0545088
139.026	0.0547527
140.026	0.0549928
141.026	0.0552346
142.026	0.0554792
143.026	0.0557282
144.027	0.0559739
145.028	0.0562082
146.028	0.0564417
147.028	0.0566878
148.028	0.0569274
149.028	0.0571626
150.029	0.0573861
151.029	0.0576233
152.029	0.0578553
153.03	0.0580786
154.03	0.0583147
155.03	0.0585516
156.03	0.0587894
157.03	0.059025
158.031	0.0592585
159.031	0.0594866
160.031	0.0597188
161.032	0.0599533
162.032	0.0601879
163.032	0.0604283
164.032	0.0606675
165.032	0.0608881
166.032	0.0611024
167.033	0.0613136
168.033	0.0615457
169.033	0.0617708
170.033	0.0619843
171.034	0.0621994
172.034	0.0624167
173.034	0.0626313
174.034	0.062849
175.034	0.0630759
176.035	0.0632994
177.035	0.0635128
178.035	0.0637293
179.036	0.0639463
180.036	0.0641539
181.037	0.0643776
182.037	0.0646
183.037	0.0648165
184.038	0.0650299
185.038	0.0652461
186.038	0.0654549
187.039	0.0656624
188.04	0.0658629
189.04	0.0660836
190.04	0.0662907
191.04	0.0665033
192.04	0.0667099
193.04	0.0669181
194.041	0.0671309
195.041	0.0673353
196.041	0.0675371
197.042	0.0677486
198.042	0.0679494
199.043	0.0681602
200.043	0.0683665
201.043	0.0685634
202.043	0.0687524
203.044	0.06895
204.044	0.0691569
205.044	0.0693497
206.044	0.0695491
207.044	0.0697533
208.044	0.0699586
209.044	0.070158
210.044	0.0703552
211.045	0.070555
212.045	0.0707621
213.045	0.0709638
214.045	0.0711651
215.046	0.071367
216.046	0.0715707
217.046	0.0717504
218.046	0.0719455
219.046	0.0721417
220.046	0.0723336
221.046	0.0725348
222.047	0.0727231
223.047	0.0729099
224.048	0.0731203
225.048	0.0733135
226.048	0.0735139
227.049	0.0737057
228.049	0.0738925
229.049	0.0740895
230.05	0.074282
231.05	0.0744782
232.05	0.074667
233.05	0.0748563
234.051	0.0750649
235.051	0.075257
236.052	0.0754481
237.052	0.0756338
238.052	0.0758195
239.052	0.076022
240.052	0.0762221
241.053	0.0764148
242.053	0.0766016
243.053	0.0767931
244.053	0.0769855
245.053	0.0771601
246.053	0.0773547
247.053	0.0775427
248.054	0.0777226
249.054	0.0779226
250.054	0.078117
251.054	0.0782997
252.054	0.078495
253.055	0.0786902
254.055	0.0788784
255.055	0.0790659
256.056	0.0792352
257.056	0.0794217
258.056	0.0796214
259.057	0.0798125
260.057	0.0800019
261.057	0.0801746
262.057	0.0803636
263.057	0.0805487
264.058	0.0807276
265.058	0.0809187
266.06	0.0810999
267.06	0.0812803
268.06	0.0814559
269.06	0.0816395
270.06	0.0818359
271.061	0.0820174
272.061	0.0821954
273.061	0.0823813
274.061	0.0825705
275.061	0.0827441
276.061	0.082926
277.062	0.0831147
278.063	0.0832951
279.063	0.0834708
280.063	0.0836593
281.063	0.0838293
282.063	0.084003
283.064	0.0841796
284.064	0.084354
285.064	0.0845191
286.064	0.0846987
287.065	0.0848876
288.065	0.0850661
289.065	0.0852549
290.065	0.0854422
291.065	0.0856167
292.065	0.0857891
293.065	0.0859675
294.065	0.0861353
295.066	0.0863159
296.066	0.0865004
297.066	0.0866776
298.066	0.0868559
299.066	0.0870282
300.066	0.0871981
301.067	0.0873846
302.067	0.0875552
303.067	0.08772
304.067	0.0879118
305.069	0.0880866
306.069	0.0882592
307.069	0.0884451
308.07	0.0886241
309.07	0.088804
310.07	0.0889759
311.07	0.0891514
312.071	0.0893187
313.071	0.0894921
314.071	0.0896612
315.071	0.0898362
316.071	0.0900086
317.072	0.0901819
318.072	0.0903625
319.072	0.0905296
320.072	0.0907026
321.073	0.0908836
322.073	0.091056
323.073	0.091233
324.074	0.0913978
325.074	0.0915718
326.074	0.091742
327.074	0.0919193
328.074	0.0921
329.075	0.092275
330.075	0.0924547
331.075	0.0926253
332.075	0.0927892
333.076	0.0929415
334.076	0.093099
335.077	0.0932635
336.077	0.0934241
337.077	0.0935928
338.077	0.0937591
339.078	0.0939236
340.078	0.0940818
341.079	0.0942539
342.08	0.0944217
343.08	0.0945728
344.08	0.0947418
345.08	0.0949019
346.08	0.0950636
347.08	0.0952336
348.081	0.0953931
349.081	0.0955573
350.081	0.0957269
351.081	0.0958829
352.081	0.0960647
353.081	0.0962319
354.082	0.0964
355.082	0.0965619
356.084	0.0967224
357.084	0.0968819
358.084	0.0970506
359.084	0.0972099
360.084	0.097379
361.084	0.0975448
362.084	0.0977096
363.084	0.0978697
364.084	0.0980351
365.085	0.0981954
366.085	0.0983522
367.085	0.0985154
368.086	0.0986777
369.087	0.0988287
370.087	0.0989881
371.087	0.0991414
372.087	0.0993023
373.088	0.0994622
374.088	0.09962
375.088	0.0997767
376.088	0.0999341
377.089	0.100086
378.089	0.100256
379.089	0.100403
380.089	0.100563
381.09	0.100725
382.09	0.100874
383.09	0.10104
384.09	0.101198
385.09	0.101346
386.091	0.101498
387.091	0.101652
388.091	0.101809
389.091	0.101984
390.091	0.102151
391.092	0.10232
392.092	0.102471
393.092	0.10263
394.092	0.102789
395.093	0.102937
396.093	0.103098
397.093	0.10324
398.093	0.103392
399.093	0.103553
400.093	0.103704
401.094	0.10386
402.094	0.104011
403.094	0.104171
404.094	0.104317
405.094	0.104465
406.095	0.104617
407.095	0.104769
408.095	0.10493
409.095	0.105088
410.096	0.105241
411.096	0.105396
412.096	0.105553
413.097	0.105696
414.097	0.105856
415.097	0.106
416.098	0.106156
417.098	0.106299
418.098	0.106455
419.099	0.106613
420.099	0.106763
421.099	0.106902
422.099	0.107046
423.099	0.107198
424.1	0.107352
425.1	0.107509
426.1	0.10766
427.1	0.107803
428.1	0.107945
429.101	0.108102
430.101	0.108245
431.102	0.108392
432.103	0.108537
433.103	0.108682
434.103	0.108835
435.103	0.108982
436.105	0.109133
437.106	0.109278
438.106	0.109428
439.106	0.109572
440.106	0.109736
441.106	0.10989
442.106	0.11004
443.107	0.11018
444.107	0.110328
445.107	0.11047
446.107	0.110614
447.107	0.110764
448.108	0.11091
449.108	0.111052
450.109	0.1112
451.109	0.111352
452.109	0.111498
453.11	0.111643
454.11	0.111787
455.11	0.111931
456.11	0.112078
457.111	0.112224
458.112	0.112376
459.112	0.112524
460.113	0.112664
461.113	0.112802
462.114	0.112953
463.114	0.113086
464.116	0.113228
465.116	0.113367
466.116	0.11351
467.117	0.113673
468.117	0.113816
469.117	0.113956
470.117	0.1141
471.117	0.114241
472.118	0.114385
473.118	0.114529
474.118	0.114677
475.118	0.114825
476.119	0.114969
477.12	0.115122
478.12	0.11527
479.12	0.115414
480.12	0.115567
481.121	0.115717
482.121	0.115851
483.121	0.116001
484.121	0.116141
485.121	0.116282
486.121	0.116429
487.121	0.116568
488.122	0.116711
489.123	0.116855
490.123	0.116998
491.123	0.117136
492.124	0.117268
493.124	0.117411
494.124	0.117552
495.124	0.117696
496.124	0.117836
497.125	0.117983
498.125	0.118131
499.125	0.118261
500.126	0.118399
501.126	0.118539
502.126	0.118675
503.126	0.118818
504.127	0.118956
505.127	0.119091
506.127	0.119229
507.127	0.119368
508.127	0.119505
509.127	0.119635
510.128	0.119774
511.128	0.119929
512.129	0.120069
513.129	0.120207
514.129	0.120348
515.13	0.120483
516.13	0.120622
517.13	0.120757
518.131	0.120893
519.132	0.121029
520.132	0.121165
521.132	0.121299
522.133	0.121439
523.133	0.121579
524.133	0.121711
525.134	0.121853
526.134	0.121979
527.134	0.122106
528.135	0.122244
529.135	0.122378
530.135	0.122518
531.135	0.122652
532.135	0.122781
533.136	0.122919
534.137	0.123051
535.137	0.123183
536.137	0.123319
537.138	0.123453
538.138	0.123593
539.138	0.123724
540.138	0.123856
541.138	0.124009
542.138	0.124141
543.138	0.124276
544.138	0.124406
545.139	0.124543
546.139	0.124683
547.14	0.124823
548.14	0.124965
549.14	0.125098
550.14	0.125238
551.14	0.125367
552.141	0.125502
553.141	0.125629
554.141	0.125763
555.141	0.125893
556.141	0.126011
557.141	0.126145
558.142	0.126275
559.142	0.126416
560.142	0.126538
561.142	0.126673
562.142	0.126811
563.142	0.126947
564.143	0.127084
565.143	0.127223
566.143	0.12736
567.143	0.127498
568.143	0.127629
569.143	0.127761
570.144	0.127889
571.144	0.128013
572.145	0.128145
573.145	0.128279
574.145	0.128402
575.146	0.128535
576.146	0.128667
577.146	0.128792
578.146	0.128914
579.146	0.12905
580.147	0.129186
581.148	0.129323
582.148	0.129451
583.148	0.129582
584.148	0.129714
585.149	0.129842
586.149	0.129974
587.149	0.130101
588.149	0.130224
589.15	0.130354
590.15	0.130492
591.15	0.130627
592.15	0.130747
593.15	0.130882
594.15	0.131012
595.15	0.131126
596.151	0.131261
597.151	0.131393
598.151	0.131522
599.151	0.13165
600.152	0.131782
601.152	0.13191
602.152	0.132039
603.152	0.132176
604.153	0.132308
605.153	0.132432
606.153	0.132558
607.153	0.132675
608.153	0.132806
609.153	0.13294
610.154	0.133067
611.154	0.133194
612.154	0.133324
613.154	0.133457
614.155	0.133583
615.155	0.133709
616.155	0.133849
617.155	0.133973
618.155	0.134104
619.156	0.134226
620.157	0.134351
621.157	0.134472
622.157	0.134592
623.158	0.134719
624.158	0.134842
625.158	0.134963
626.158	0.135094
627.159	0.135207
628.159	0.135332
629.159	0.135459
630.16	0.135588
631.16	0.135718
632.16	0.135852
633.16	0.135981
634.161	0.136112
635.161	0.136234
636.161	0.136347
637.161	0.13648
638.161	0.136613
639.161	0.136739
640.161	0.136864
641.161	0.136982
642.161	0.13711
643.162	0.137244
644.162	0.137369
645.162	0.137503
646.162	0.137636
647.163	0.13776
648.163	0.137883
649.163	0.138014
650.163	0.138145
651.163	0.138261
652.163	0.138391
653.164	0.138526
654.165	0.138655
655.166	0.138785
656.166	0.138918
657.167	0.139044
658.167	0.139166
659.167	0.139289
660.168	0.139415
661.168	0.13955
662.168	0.139672
663.168	0.139797
664.168	0.139928
665.168	0.140059
666.168	0.140183
667.169	0.14031
668.171	0.140432
669.172	0.140562
670.173	0.140686
671.173	0.14081
672.173	0.140933
673.173	0.14106
674.174	0.141188
675.174	0.141321
676.174	0.141446
677.174	0.141573
678.174	0.141698
679.175	0.141823
680.175	0.141947
681.175	0.142076
682.175	0.142205
683.175	0.142327
684.176	0.14245
685.176	0.14258
686.176	0.142711
687.177	0.142831
688.177	0.142957
689.177	0.143082
690.178	0.143206
691.178	0.14333
692.178	0.143455
693.178	0.143569
694.178	0.143692
695.178	0.14382
696.179	0.14395
697.179	0.144073
698.18	0.144197
699.18	0.144323
700.181	0.144458
701.181	0.144579
702.181	0.144694
703.181	0.144814
704.181	0.144935
705.182	0.145056
706.182	0.145174
707.183	0.145293
708.183	0.145416
709.183	0.145532
710.183	0.145651
711.183	0.145765
712.184	0.145894
713.185	0.146016
714.185	0.14614
715.185	0.146267
716.185	0.14638
717.186	0.146507
718.186	0.146629
719.186	0.146746
720.187	0.146864
721.187	0.146997
722.187	0.147119
723.187	0.147237
724.187	0.147359
725.188	0.147483
726.188	0.147595
727.188	0.147717
728.188	0.147835
729.188	0.147966
730.188	0.148083
731.189	0.148204
732.189	0.148331
733.189	0.148455
734.189	0.148579
735.189	0.148702
736.189	0.148832
737.189	0.148964
738.19	0.149089
739.19	0.149213
740.19	0.149329
741.191	0.14945
742.191	0.149564
743.191	0.14968
744.191	0.149804
745.192	0.14993
746.192	0.150055
747.192	0.150176
748.193	0.150298
749.193	0.150411
750.193	0.150535
751.193	0.150653
752.194	0.15077
753.194	0.150891
754.194	0.151009
755.195	0.151127
756.195	0.151251
757.195	0.151371
758.196	0.151489
759.196	0.151609
760.196	0.151731
761.197	0.151842
762.197	0.151954
763.197	0.152086
764.197	0.15221
765.197	0.152335
766.197	0.152464
767.197	0.152585
768.197	0.152701
769.198	0.152814
770.199	0.152933
771.199	0.153049
772.199	0.15317
773.199	0.153294
774.199	0.153409
775.2	0.153533
776.2	0.153651
777.2	0.153771
778.2	0.153893
779.201	0.154009
780.201	0.154131
781.201	0.154246
782.201	0.154374
783.202	0.15448
784.202	0.1546
785.202	0.154708
786.202	0.154822
787.202	0.154936
788.202	0.155061
789.203	0.155186
790.203	0.155301
791.203	0.155415
792.203	0.155529
793.204	0.155653
794.205	0.155763
795.205	0.155878
796.206	0.155992
797.207	0.156107
798.207	0.15622
799.208	0.156336
800.208	0.156443
801.208	0.156568
802.208	0.156689
803.209	0.156799
804.21	0.15691
805.21	0.157024
806.21	0.157135
807.21	0.157254
808.211	0.15737
809.212	0.157494
810.213	0.15761
811.213	0.157724
812.213	0.157854
813.213	0.157967
814.214	0.158083
815.215	0.158202
816.215	0.158319
817.215	0.158429
818.216	0.158542
819.216	0.158656
820.216	0.158779
821.217	0.158899
822.217	0.159007
823.217	0.159128
824.218	0.159247
825.218	0.159364
826.218	0.159484
827.218	0.159604
828.218	0.159712
829.219	0.159822
830.219	0.159938
831.219	0.160051
832.22	0.160163
833.22	0.160275
834.22	0.160394
835.221	0.160509
836.221	0.160617
837.222	0.160739
838.222	0.160866
839.222	0.160974
840.223	0.161087
841.223	0.161204
842.224	0.161316
843.224	0.161424
844.225	0.161528
845.225	0.161638
846.226	0.161748
847.226	0.161865
848.226	0.161976
849.226	0.162086
850.227	0.162202
851.227	0.162308
852.227	0.162429
853.227	0.162543
854.229	0.162653
855.229	0.162767
856.23	0.16288
857.23	0.162995
858.23	0.163109
859.23	0.163219
860.23	0.163335
861.231	0.163449
862.231	0.163571
863.231	0.16368
864.231	0.163792
865.231	0.16391
866.231	0.16403
867.233	0.164147
868.233	0.164258
869.234	0.164373
870.234	0.164488
871.235	0.164606
872.235	0.164713
873.236	0.164824
874.236	0.164938
875.236	0.165046
876.237	0.16517
877.237	0.165286
878.237	0.165396
879.238	0.165513
880.239	0.165631
881.239	0.165751
882.239	0.165865
883.239	0.165979
884.239	0.166094
885.239	0.166199
886.239	0.166313
887.24	0.166423
888.24	0.16654
889.24	0.16665
890.24	0.166756
891.24	0.166867
892.24	0.166981
893.241	0.167088
894.241	0.167193
895.241	0.167302
896.241	0.167407
897.241	0.167528
898.241	0.167638
899.242	0.167751
900.242	0.167867
901.242	0.16798
902.243	0.168089
903.243	0.168205
904.243	0.168313
905.243	0.168421
906.243	0.168536
907.244	0.168636
908.245	0.168751
909.245	0.168858
910.245	0.16897
911.246	0.169085
912.246	0.169195
913.247	0.16931
914.247	0.169418
915.247	0.169521
916.247	0.169628
917.247	0.169737
918.247	0.169851
919.248	0.169958
920.248	0.170066
921.248	0.170176
922.249	0.170286
923.25	0.170391
924.25	0.170492
925.25	0.170611
926.25	0.170719
927.251	0.170831
928.251	0.170934
929.251	0.17105
930.251	0.171157
931.251	0.171262
932.252	0.171364
933.252	0.171477
934.252	0.171584
935.252	0.171699
936.252	0.171804
937.253	0.171913
938.253	0.172022
939.253	0.172127
940.253	0.172235
941.255	0.172336
942.255	0.172445
943.255	0.172547
944.255	0.172653
945.255	0.172753
946.256	0.172862
947.256	0.172968
948.256	0.173077
949.256	0.173194
950.257	0.173301
951.257	0.173407
952.257	0.173512
953.258	0.173622
954.258	0.17373
955.258	0.173836
956.259	0.17394
957.259	0.17404
958.26	0.174141
959.26	0.174247
960.261	0.174347
961.261	0.174458
962.261	0.174563
963.261	0.17467
964.262	0.174769
965.262	0.174874
966.262	0.174982
967.262	0.175081
968.262	0.175186
969.263	0.175292
970.263	0.175399
971.263	0.175502
972.263	0.175606
973.263	0.175712
974.264	0.175817
975.264	0.175919
976.265	0.176028
977.266	0.176133
978.266	0.176242
979.266	0.176345
980.266	0.17645
981.266	0.176553
982.267	0.176661
983.267	0.17677
984.267	0.176883
985.268	0.176989
986.269	0.177087
987.269	0.177193
988.269	0.177302
989.269	0.177408
990.27	0.177523
991.27	0.177629
992.27	0.177735
993.27	0.177837
994.27	0.177939
995.271	0.178043
996.271	0.178147
997.271	0.178255
998.271	0.17836
999.271	0.17846
1000.27	0.178575
1001.27	0.178678
1002.27	0.178784
1003.27	0.178882
1004.27	0.178984
1005.27	0.17909
1006.27	0.179202
1007.27	0.179309
1008.27	0.179409
1009.27	0.179509
1010.27	0.179618
1011.27	0.179717
1012.27	0.179815
1013.28	0.17991
1014.28	0.180014
1015.28	0.180115
1016.28	0.180219
1017.28	0.180322
1018.28	0.180426
1019.28	0.180527
1020.28	0.180632
1021.28	0.180735
1022.28	0.18084
1023.28	0.180941
1024.28	0.181044
1025.28	0.181149
1026.28	0.181245
1027.28	0.181348
1028.28	0.181442
1029.28	0.181542
1030.28	0.181647
1031.28	0.181752
1032.28	0.181857
1033.28	0.18196
1034.28	0.182056
1035.28	0.182157
1036.28	0.182266
1037.28	0.182367
1038.28	0.182468
1039.29	0.182571
1040.29	0.182669
1041.29	0.18277
1042.29	0.182867
1043.29	0.182964
1044.29	0.183068
1045.29	0.183179
1046.29	0.183283
1047.29	0.183384
1048.29	0.183475
1049.29	0.183581
1050.29	0.18368
1051.29	0.183777
1052.29	0.183877
1053.29	0.183982
1054.29	0.184089
1055.29	0.184203
1056.29	0.184301
1057.29	0.184405
1058.29	0.184503
1059.29	0.184595
1060.29	0.184692
1061.29	0.184794
1062.29	0.184882
1063.29	0.184973
1064.29	0.185071
1065.29	0.185171
1066.29	0.185271
1067.29	0.18537
1068.29	0.185474
1069.29	0.185575
1070.3	0.18569
1071.3	0.185794
1072.3	0.185898
1073.3	0.185995
1074.3	0.186098
1075.3	0.186192
1076.3	0.186287
1077.3	0.186384
1078.3	0.186487
1079.3	0.18659
1080.3	0.186691
1081.3	0.186792
1082.3	0.18689
1083.3	0.186989
1084.3	0.18709
1085.3	0.187191
1086.3	0.187297
1087.3	0.1874
1088.3	0.187496
1089.3	0.18759
1090.3	0.187687
1091.3	0.18779
1092.3	0.187895
1093.3	0.187999
1094.31	0.188101
1095.31	0.188202
1096.31	0.188302
1097.31	0.188405
1098.31	0.188503
1099.31	0.188597
1100.31	0.188696
1101.31	0.188791
1102.31	0.188891
1103.31	0.188989
1104.31	0.189089
1105.31	0.189189
1106.31	0.189278
1107.31	0.189376
1108.31	0.189475
1109.31	0.189583
1110.31	0.189681
1111.31	0.189782
1112.31	0.189881
1113.31	0.189986
1114.31	0.190092
1115.31	0.190198
1116.31	0.19029
1117.31	0.190385
1118.31	0.190481
1119.31	0.190581
1120.31	0.19068
1121.31	0.190777
1122.31	0.190869
1123.31	0.190955
1124.31	0.191051
1125.32	0.191147
1126.32	0.191253
1127.32	0.191349
1128.32	0.191441
1129.32	0.191538
1130.32	0.191631
1131.32	0.191732
1132.32	0.191826
1133.32	0.191927
1134.32	0.192024
1135.32	0.192129
1136.32	0.192222
1137.32	0.192314
1138.32	0.192406
1139.32	0.192499
1140.32	0.192592
1141.32	0.192683
1142.32	0.192784
1143.32	0.192876
1144.32	0.192973
1145.32	0.19307
1146.32	0.193162
1147.32	0.193254
1148.32	0.193352
1149.32	0.193446
1150.32	0.193553
1151.32	0.193654
1152.32	0.193754
1153.32	0.193854
1154.32	0.193946
1155.32	0.194047
1156.32	0.194138
1157.32	0.194233
1158.32	0.194338
1159.33	0.194444
1160.33	0.194535
1161.33	0.194637
1162.33	0.194733
1163.33	0.194837
1164.33	0.194933
1165.33	0.195029
1166.33	0.19513
1167.33	0.195227
1168.33	0.195321
1169.33	0.195415
1170.33	0.195514
1171.33	0.195617
1172.33	0.195715
1173.33	0.195807
1174.33	0.195904
1175.33	0.195998
1176.33	0.196095
1177.33	0.196191
1178.33	0.196287
1179.33	0.196388
1180.33	0.196486
1181.33	0.196576
1182.33	0.196681
1183.33	0.196783
1184.33	0.196886
1185.33	0.19699
1186.33	0.197084
1187.34	0.197182
1188.34	0.197273
1189.34	0.197373
1190.34	0.197472
1191.34	0.197576
1192.34	0.197675
1193.34	0.197784
1194.34	0.197885
1195.34	0.197982
1196.34	0.198075
1197.34	0.198171
1198.34	0.198264
1199.34	0.198361
1200.34	0.198461
1201.34	0.198565
1202.34	0.19866
1203.34	0.198759
1204.34	0.198856
1205.34	0.198956
1206.34	0.199054
1207.34	0.199154
1208.34	0.199252
1209.34	0.199345
1210.34	0.19944
1211.34	0.199541
1212.34	0.199637
1213.34	0.199721
1214.34	0.199817
1215.34	0.199915
1216.34	0.200014
1217.34	0.200106
1218.34	0.200202
1219.34	0.200297
1220.34	0.200386
1221.34	0.200481
1222.34	0.200574
1223.34	0.200671
1224.34	0.200763
1225.35	0.200858
1226.35	0.200946
1227.35	0.201041
1228.35	0.201135
1229.35	0.201223
1230.35	0.201319
1231.35	0.201417
1232.35	0.201509
1233.35	0.201605
1234.35	0.201693
1235.35	0.201783
1236.35	0.201873
1237.35	0.201974
1238.35	0.202064
1239.35	0.202158
1240.35	0.202256
1241.35	0.202348
1242.35	0.202442
1243.35	0.202538
1244.35	0.202634
1245.35	0.202725
1246.35	0.202825
1247.35	0.202919
1248.35	0.203012
1249.35	0.203111
1250.35	0.203199
1251.35	0.203286
1252.35	0.203371
1253.35	0.203461
1254.35	0.20356
1255.35	0.203653
1256.35	0.203745
1257.35	0.203842
1258.35	0.203937
1259.35	0.204026
1260.35	0.204127
1261.35	0.20422
1262.35	0.204315
1263.36	0.204403
1264.36	0.204494
1265.36	0.204587
1266.36	0.204676
1267.36	0.20476
1268.36	0.20485
1269.36	0.204947
1270.36	0.205048
1271.36	0.205144
1272.36	0.205237
1273.36	0.20533
1274.36	0.205413
1275.36	0.205511
1276.36	0.205597
1277.36	0.205687
1278.36	0.205781
1279.36	0.205877
1280.36	0.205965
1281.36	0.206054
1282.36	0.206143
1283.36	0.206231
1284.36	0.20632
1285.36	0.206415
1286.36	0.206511
1287.36	0.206609
1288.36	0.206704
1289.36	0.206796
1290.36	0.206883
1291.36	0.206971
1292.36	0.207062
1293.36	0.207153
1294.37	0.207246
1295.37	0.207338
1296.37	0.20743
1297.37	0.207522
1298.37	0.20761
1299.37	0.207705
1300.37	0.207793
1301.37	0.207879
1302.37	0.207967
1303.37	0.208069
1304.37	0.208162
1305.37	0.208258
1306.37	0.20835
1307.37	0.208439
1308.37	0.208538
1309.37	0.208631
1310.37	0.208726
1311.37	0.208814
1312.37	0.208906
1313.37	0.209003
1314.37	0.209094
1315.37	0.209182
1316.37	0.209273
1317.37	0.209362
1318.37	0.20945
1319.37	0.209537
1320.37	0.209629
1321.37	0.209719
1322.37	0.209807
1323.37	0.209899
1324.37	0.209992
1325.37	0.210077
1326.37	0.210169
1327.37	0.210264
1328.37	0.210349
1329.37	0.210444
1330.37	0.210534
1331.37	0.210624
1332.37	0.210715
1333.37	0.210802
1334.38	0.210894
1335.38	0.210987
1336.38	0.211071
1337.38	0.211161
1338.38	0.211253
1339.38	0.211336
1340.38	0.211426
1341.38	0.211508
1342.38	0.211589
1343.38	0.211681
1344.38	0.211773
1345.38	0.211861
1346.38	0.211946
1347.38	0.21204
1348.38	0.212128
1349.38	0.212222
1350.38	0.21231
1351.38	0.212399
1352.38	0.21249
1353.38	0.212586
1354.38	0.21267
1355.38	0.212754
1356.38	0.21284
1357.38	0.212933
1358.38	0.213024
1359.38	0.213114
1360.38	0.213199
1361.38	0.213285
1362.38	0.213372
1363.38	0.213463
1364.38	0.213548
1365.39	0.213639
1366.39	0.213734
1367.39	0.213821
1368.39	0.21392
1369.39	0.214004
1370.39	0.214089
1371.39	0.214178
1372.39	0.214275
1373.39	0.214365
1374.39	0.214452
1375.39	0.214541
1376.39	0.214627
1377.39	0.214725
1378.39	0.214813
1379.39	0.214905
1380.39	0.214994
1381.39	0.215077
1382.39	0.215169
1383.39	0.215257
1384.39	0.215351
1385.39	0.215441
1386.39	0.215533
1387.39	0.21562
1388.39	0.215715
1389.39	0.215809
1390.39	0.215905
1391.39	0.215992
1392.39	0.216087
1393.39	0.216174
1394.39	0.216266
1395.39	0.216358
1396.39	0.216442
1397.39	0.216526
1398.39	0.21662
1399.39	0.216709
1400.39	0.216799
1401.4	0.216883
1402.4	0.216972
1403.4	0.217059
1404.4	0.217145
1405.4	0.217229
1406.4	0.21732
1407.4	0.217407
1408.4	0.217501
1409.4	0.217587
1410.4	0.217676
1411.4	0.217768
1412.4	0.217856
1413.4	0.217947
1414.4	0.218032
1415.4	0.218121
1416.4	0.218211
1417.4	0.218299
1418.4	0.218382
1419.4	0.218471
1420.4	0.218564
1421.4	0.218656
1422.4	0.218737
1423.4	0.21882
1424.4	0.218913
1425.4	0.219004
1426.4	0.219093
1427.4	0.219178
1428.4	0.219271
1429.4	0.219363
1430.4	0.219453
1431.4	0.219539
1432.4	0.219625
1433.4	0.219715
1434.4	0.219802
1435.4	0.219887
1436.4	0.21997
1437.4	0.220055
1438.4	0.220132
1439.41	0.220221
1440.41	0.220311
1441.41	0.220398
1442.41	0.220488
1443.41	0.220574
1444.41	0.220673
1445.41	0.220755
1446.41	0.220848
1447.41	0.220931
1448.41	0.221018
1449.41	0.221102
1450.41	0.221183
1451.41	0.221267
1452.41	0.221362
1453.41	0.221454
1454.41	0.221535
1455.41	0.22162
1456.41	0.221704
1457.41	0.221789
1458.41	0.221869
1459.41	0.221955
1460.41	0.222049
1461.41	0.22214
1462.41	0.22223
1463.41	0.222319
1464.41	0.222405
1465.41	0.222493
1466.42	0.222582
1467.42	0.222676
1468.42	0.222767
1469.42	0.222852
1470.42	0.222939
1471.42	0.223021
1472.42	0.223108
1473.42	0.223189
1474.42	0.223287
1475.42	0.223366
1476.42	0.223455
1477.42	0.22354
1478.42	0.223625
1479.42	0.223711
1480.42	0.223791
1481.42	0.223869
1482.42	0.223955
1483.42	0.224042
1484.42	0.224129
1485.42	0.224204
1486.42	0.224285
1487.42	0.22437
1488.42	0.224446
1489.42	0.224535
1490.42	0.224621
1491.42	0.224705
1492.42	0.224784
1493.43	0.224873
1494.43	0.224963
1495.43	0.225043
1496.43	0.225128
1497.43	0.225218
1498.43	0.225302
1499.43	0.225389
1500.43	0.225601
1501.43	0.226003
1502.43	0.226402
1503.43	0.226811
1504.43	0.227205
1505.43	0.22761
1506.43	0.227994
1507.43	0.22839
1508.43	0.228789
1509.43	0.229187
1510.43	0.229592
1511.43	0.229976
1512.43	0.23037
1513.43	0.230743
1514.43	0.231115
1515.43	0.2315
1516.43	0.231878
1517.43	0.232267
1518.43	0.232641
1519.43	0.233034
1520.43	0.233401
1521.43	0.233785
1522.43	0.23415
1523.43	0.234517
1524.43	0.234885
1525.43	0.235257
1526.43	0.235619
1527.43	0.235982
1528.43	0.236337
1529.43	0.236694
1530.43	0.23704
1531.43	0.237398
1532.43	0.23775
1533.43	0.238091
1534.43	0.238436
1535.43	0.238774
1536.43	0.239139
1537.43	0.239484
1538.43	0.239822
1539.43	0.240177
1540.43	0.240524
1541.43	0.240878
1542.43	0.24122
1543.43	0.241554
1544.43	0.241904
1545.43	0.242248
1546.43	0.242578
1547.43	0.242919
1548.43	0.24326
1549.43	0.243586
1550.43	0.243937
1551.43	0.244263
1552.43	0.244603
1553.43	0.244938
1554.43	0.245267
1555.43	0.245606
1556.43	0.245931
1557.43	0.246249
1558.43	0.246586
1559.43	0.246917
1560.43	0.247239
1561.43	0.247572
1562.43	0.2479
1563.43	0.248215
1564.43	0.248529
1565.43	0.248819
1566.43	0.249132
1567.43	0.249446
1568.43	0.249753
1569.43	0.25008
1570.43	0.250389
1571.43	0.250709
1572.43	0.251029
1573.43	0.251328
1574.43	0.251644
1575.43	0.251955
1576.43	0.252263
1577.43	0.252569
1578.43	0.252869
1579.43	0.253178
1580.43	0.253485
1581.43	0.253784
1582.43	0.254081
1583.43	0.254373
1584.43	0.254681
1585.43	0.254974
1586.43	0.25527
1587.43	0.255569
1588.43	0.255866
1589.43	0.256166
1590.43	0.256459
1591.43	0.256731
1592.43	0.257016
1593.43	0.25729
1594.43	0.257587
1595.43	0.257894
1596.43	0.258173
1597.43	0.258452
1598.43	0.258733
1599.43	0.25902
1600.43	0.259296
1601.43	0.259578
1602.43	0.259865
1603.43	0.260134
1604.43	0.26041
1605.43	0.260687
1606.43	0.260965
1607.43	0.261242
1608.43	0.261509
1609.43	0.261779
1610.43	0.262055
1611.43	0.262336
1612.43	0.262597
1613.43	0.262869
1614.43	0.263148
1615.43	0.263414
1616.43	0.263688
1617.43	0.263952
1618.43	0.264212
1619.43	0.264473
1620.43	0.264739
1621.43	0.264996
1622.43	0.265262
1623.43	0.26552
1624.43	0.265778
1625.43	0.266043
1626.43	0.266308
1627.43	0.266567
1628.43	0.266826
1629.43	0.267086
1630.43	0.267331
1631.43	0.2676
1632.43	0.267852
1633.43	0.268098
1634.44	0.268354
1635.44	0.268607
1636.44	0.268849
1637.44	0.269105
1638.44	0.269364
1639.44	0.269599
1640.44	0.269858
1641.44	0.270111
1642.44	0.270369
1643.44	0.270623
1644.44	0.270869
1645.44	0.271118
1646.44	0.271364
1647.44	0.27162
1648.44	0.271871
1649.44	0.272117
1650.44	0.272356
1651.44	0.272607
1652.44	0.272848
1653.44	0.273106
1654.44	0.273347
1655.44	0.273593
1656.44	0.273839
1657.44	0.274082
1658.44	0.274314
1659.44	0.274555
1660.44	0.274798
1661.44	0.275052
1662.44	0.27529
1663.44	0.275529
1664.44	0.275766
1665.44	0.276008
1666.44	0.276248
1667.44	0.276493
1668.44	0.276741
1669.44	0.276972
1670.44	0.277218
1671.44	0.277455
1672.44	0.277698
1673.44	0.277946
1674.44	0.278179
1675.44	0.278411
1676.44	0.278651
1677.44	0.278887
1678.44	0.279129
1679.44	0.279365
1680.44	0.279601
1681.44	0.279826
1682.44	0.280062
1683.44	0.280294
1684.44	0.280521
1685.44	0.280765
1686.44	0.28099
1687.44	0.281205
1688.44	0.281425
1689.44	0.281652
1690.44	0.281885
1691.44	0.282116
1692.44	0.282354
1693.44	0.28258
1694.44	0.282796
1695.44	0.283028
1696.44	0.283263
1697.44	0.283495
1698.44	0.283726
1699.44	0.283956
1700.44	0.284192
1701.44	0.284425
1702.44	0.284653
1703.44	0.284895
1704.44	0.285121
1705.44	0.285344
1706.44	0.285571
1707.44	0.285799
1708.44	0.286032
1709.44	0.286241
1710.44	0.286469
1711.44	0.2867
1712.44	0.286921
1713.44	0.287139
1714.44	0.287372
1715.44	0.287589
1716.44	0.287811
1717.44	0.288027
1718.44	0.288253
1719.44	0.288479
1720.44	0.288687
1721.44	0.288903
1722.44	0.289124
1723.44	0.289348
1724.44	0.289569
1725.44	0.28978
1726.44	0.289996
1727.44	0.290216
1728.44	0.290436
1729.44	0.290653
1730.44	0.290883
1731.44	0.291107
1732.44	0.291338
1733.44	0.291563
1734.44	0.291783
1735.44	0.291994
1736.44	0.292201
1737.44	0.292402
1738.44	0.292611
1739.44	0.292831
1740.44	0.293033
1741.44	0.29324
1742.44	0.293452
1743.44	0.293664
1744.44	0.293878
1745.44	0.294095
1746.44	0.294317
1747.44	0.294525
1748.44	0.294729
1749.44	0.294946
1750.44	0.295146
1751.44	0.295354
1752.44	0.29556
1753.44	0.295775
1754.44	0.295977
1755.44	0.296183
1756.44	0.2964
1757.44	0.296603
1758.44	0.296804
1759.44	0.297014
1760.44	0.297218
1761.44	0.297421
1762.44	0.297625
1763.44	0.297825
1764.44	0.298032
1765.44	0.298246
1766.44	0.298461
1767.44	0.298662
1768.44	0.298858
1769.44	0.299066
1770.44	0.299271
1771.44	0.299477
1772.44	0.299674
1773.44	0.299884
1774.44	0.300082
1775.44	0.300276
1776.44	0.300484
1777.44	0.300689
1778.44	0.300881
1779.44	0.301096
1780.44	0.301295
1781.44	0.301494
1782.44	0.301693
1783.44	0.301893
1784.44	0.302083
1785.44	0.302283
1786.44	0.302482
1787.44	0.302678
1788.44	0.302877
1789.44	0.303069
1790.44	0.303261
1791.44	0.303457
1792.44	0.303653
1793.44	0.303852
1794.44	0.304032
1795.44	0.304232
1796.44	0.304425
1797.44	0.304621
1798.44	0.304813
1799.44	0.305007
1800.44	0.305209
1801.44	0.305402
1802.44	0.305589
1803.44	0.305787
1804.44	0.305982
1805.45	0.306183
1806.45	0.30638
1807.45	0.306572
1808.45	0.306767
1809.45	0.306949
1810.45	0.307151
1811.45	0.307353
1812.45	0.307551
1813.45	0.307745
1814.45	0.307933
1815.45	0.308122
1816.45	0.308323
1817.45	0.308511
1818.45	0.308693
1819.45	0.30888
1820.45	0.309071
1821.45	0.309276
1822.45	0.30946
1823.45	0.309648
1824.45	0.309843
1825.45	0.310025
1826.45	0.31022
1827.45	0.310399
1828.45	0.310589
1829.45	0.310778
1830.45	0.310956
1831.45	0.311141
1832.45	0.311324
1833.45	0.311516
1834.45	0.311703
1835.45	0.31189
1836.45	0.312068
1837.45	0.312253
1838.45	0.312441
1839.45	0.312629
1840.45	0.312809
1841.45	0.313006
1842.45	0.313192
1843.45	0.31338
1844.45	0.313569
1845.45	0.313752
1846.45	0.313946
1847.45	0.314125
1848.45	0.314307
1849.45	0.314488
1850.45	0.314679
1851.45	0.314863
1852.45	0.315041
1853.45	0.315217
1854.45	0.315412
1855.45	0.315597
1856.45	0.315769
1857.45	0.315957
1858.45	0.316137
1859.45	0.316313
1860.45	0.316498
1861.45	0.316673
1862.45	0.316853
1863.45	0.317039
1864.45	0.317214
1865.45	0.317392
1866.45	0.317566
1867.45	0.317737
1868.45	0.317917
1869.45	0.318099
1870.45	0.318281
1871.45	0.318471
1872.45	0.318655
1873.45	0.318824
1874.45	0.319009
1875.45	0.319196
1876.45	0.319363
1877.45	0.319536
1878.45	0.319707
1879.45	0.319894
1880.45	0.320082
1881.45	0.320264
1882.45	0.32044
1883.45	0.320621
1884.45	0.320797
1885.45	0.320975
1886.45	0.321152
1887.45	0.321323
1888.45	0.321494
1889.45	0.321677
1890.45	0.321857
1891.45	0.322023
1892.45	0.322201
1893.45	0.322371
1894.45	0.322542
1895.45	0.32272
1896.45	0.322893
1897.45	0.323073
1898.45	0.323241
1899.45	0.323419
1900.45	0.323598
1901.45	0.32376
1902.45	0.323929
1903.45	0.3241
1904.45	0.324264
1905.45	0.32443
1906.45	0.324607
1907.45	0.32478
1908.45	0.324952
1909.45	0.325131
1910.45	0.325297
1911.45	0.325471
1912.45	0.325633
1913.45	0.325805
1914.45	0.325981
1915.45	0.326153
1916.45	0.326322
1917.45	0.326501
1918.45	0.326672
1919.45	0.326841
1920.45	0.327019
1921.45	0.327185
1922.45	0.327355
1923.45	0.327524
1924.45	0.327695
1925.45	0.327863
1926.45	0.328029
1927.45	0.32819
1928.45	0.328364
1929.45	0.328525
1930.45	0.328682
1931.45	0.328856
1932.45	0.329029
1933.45	0.329188
1934.45	0.329351
1935.45	0.329517
1936.45	0.329683
1937.45	0.329846
1938.45	0.330011
1939.45	0.330187
1940.45	0.330351
1941.45	0.33052
1942.45	0.330681
1943.45	0.330844
1944.45	0.331018
1945.45	0.331189
1946.45	0.331351
1947.45	0.331519
1948.45	0.331672
1949.45	0.331833
1950.45	0.332
1951.45	0.332161
1952.45	0.332323
1953.45	0.332489
1954.45	0.332647
1955.45	0.332813
1956.45	0.332978
1957.45	0.333145
1958.45	0.333314
1959.45	0.333482
1960.45	0.333644
1961.45	0.333818
1962.45	0.333977
1963.45	0.334144
1964.45	0.334312
1965.45	0.334478
1966.45	0.334646
1967.45	0.334806
1968.45	0.334966
1969.45	0.335139
1970.45	0.335305
1971.45	0.335469
1972.45	0.335631
1973.45	0.335791
1974.45	0.335952
1975.46	0.336117
1976.46	0.336274
1977.46	0.33644
1978.46	0.336604
1979.46	0.336756
1980.46	0.336924
1981.46	0.337096
1982.46	0.337256
1983.46	0.337415
1984.46	0.337576
1985.46	0.337741
1986.46	0.337898
1987.46	0.338051
1988.46	0.338205
1989.46	0.338369
1990.46	0.338525
1991.46	0.338686
1992.46	0.33884
1993.46	0.338987
1994.46	0.339148
1995.46	0.339304
1996.46	0.339466
1997.46	0.33962
1998.46	0.33978
1999.46	0.339941
2000.46	0.340097
2001.46	0.340248
2002.46	0.340404
2003.46	0.340564
2004.46	0.340724
2005.46	0.340877
2006.46	0.341033
2007.46	0.34119
2008.46	0.341342
2009.46	0.341496
2010.46	0.341651
2011.46	0.341804
2012.46	0.341963
2013.46	0.342122
2014.46	0.342276
2015.46	0.342426
2016.46	0.342573
2017.46	0.342732
2018.46	0.342887
2019.46	0.34305
2020.46	0.343208
2021.46	0.343365
2022.46	0.343525
2023.46	0.34368
2024.46	0.343833
2025.46	0.343977
2026.46	0.344127
2027.46	0.344281
2028.46	0.344434
2029.46	0.344589
2030.46	0.344742
2031.46	0.344893
2032.46	0.345046
2033.46	0.345188
2034.46	0.345335
2035.46	0.345491
2036.46	0.345643
2037.46	0.345789
2038.46	0.345932
2039.46	0.346082
2040.46	0.346231
2041.46	0.346379
2042.46	0.346538
2043.46	0.346687
2044.46	0.346836
2045.46	0.346991
2046.46	0.34714
2047.46	0.347288
2048.46	0.347446
2049.46	0.347594
2050.46	0.347742
2051.46	0.347888
2052.46	0.348043
2053.46	0.348186
2054.46	0.348336
2055.46	0.348492
2056.46	0.348643
2057.46	0.348793
2058.46	0.348944
2059.46	0.349092
2060.46	0.349235
2061.46	0.349375
2062.46	0.349517
2063.46	0.349662
2064.46	0.349805
2065.46	0.349951
2066.46	0.350098
2067.46	0.350252
2068.46	0.350399
2069.46	0.350544
2070.46	0.350693
2071.46	0.350835
2072.46	0.350982
2073.46	0.351127
2074.46	0.351267
2075.46	0.351411
2076.46	0.351563
2077.46	0.351711
2078.46	0.351858
2079.46	0.351999
2080.46	0.352141
2081.46	0.352282
2082.46	0.35243
2083.46	0.35258
2084.46	0.352728
2085.46	0.352874
2086.46	0.353026
2087.46	0.353178
2088.46	0.353325
2089.46	0.353467
2090.46	0.353621
2091.46	0.353767
2092.46	0.353901
2093.46	0.354044
2094.46	0.354183
2095.46	0.354326
2096.46	0.354466
2097.46	0.354603
2098.46	0.354752
2099.46	0.354891
2100.46	0.355028
2101.46	0.355176
2102.46	0.355316
2103.46	0.355454
2104.46	0.355602
2105.46	0.355741
2106.46	0.355876
2107.46	0.356017
2108.46	0.356151
2109.47	0.356295
2110.47	0.356439
2111.47	0.356586
2112.47	0.356732
2113.47	0.356872
2114.47	0.357012
2115.47	0.35715
2116.47	0.357298
2117.47	0.357446
2118.47	0.357586
2119.47	0.357724
2120.47	0.357867
2121.47	0.358011
2122.47	0.35816
2123.47	0.358297
2124.47	0.358443
2125.47	0.358585
2126.47	0.358717
2127.47	0.358858
2128.47	0.358993
2129.47	0.359136
2130.47	0.359276
2131.47	0.359415
2132.47	0.359556
2133.47	0.359692
2134.47	0.359831
2135.47	0.35997
2136.47	0.360106
2137.47	0.360246
2138.47	0.360381
2139.47	0.360518
2140.47	0.360652
2141.47	0.360797
2142.47	0.360941
2143.47	0.36108
2144.47	0.361212
2145.47	0.361347
2146.47	0.361484
2147.47	0.361619
2148.47	0.361757
2149.47	0.361897
2150.47	0.362034
2151.47	0.362171
2152.47	0.362313
2153.47	0.362443
2154.47	0.362582
2155.47	0.362711
2156.47	0.362849
2157.47	0.362992
2158.47	0.363132
2159.47	0.363269
2160.47	0.363393
2161.47	0.363523
2162.47	0.363656
2163.47	0.363801
2164.47	0.363942
2165.47	0.364081
2166.47	0.364219
2167.47	0.364348
2168.47	0.364493
2169.47	0.364624
2170.47	0.364753
2171.47	0.364891
2172.47	0.365025
2173.47	0.365161
2174.47	0.365293
2175.47	0.36544
2176.47	0.36557
2177.47	0.365702
2178.47	0.36584
2179.47	0.365963
2180.47	0.366093
2181.47	0.36624
2182.47	0.366374
2183.47	0.366511
2184.47	0.366639
2185.47	0.366775
2186.47	0.366916
2187.47	0.367048
2188.47	0.367191
2189.47	0.367325
2190.47	0.367457
2191.47	0.367587
2192.47	0.367722
2193.47	0.367856
2194.47	0.367994
2195.47	0.368135
2196.47	0.368264
2197.47	0.368393
2198.47	0.368517
2199.47	0.368651
2200.47	0.368782
2201.47	0.368912
2202.47	0.369046
2203.47	0.36918
2204.47	0.369315
2205.47	0.369444
2206.47	0.369561
2207.47	0.369689
2208.47	0.369821
2209.47	0.369947
2210.47	0.370075
2211.47	0.370198
2212.47	0.370324
2213.47	0.370454
2214.47	0.370579
2215.47	0.370714
2216.47	0.370843
2217.47	0.370969
2218.47	0.371106
2219.47	0.371236
2220.47	0.371367
2221.47	0.371488
2222.47	0.371617
2223.47	0.371744
2224.47	0.371879
2225.47	0.372021
2226.47	0.372156
2227.47	0.372284
2228.47	0.372411
2229.47	0.372542
2230.47	0.37267
2231.47	0.372801
2232.47	0.372931
2233.47	0.373061
2234.47	0.373185
2235.47	0.373322
2236.47	0.373446
2237.47	0.373574
2238.47	0.373705
2239.47	0.373838
2240.47	0.373969
2241.47	0.374093
2242.47	0.374228
2243.47	0.374361
2244.47	0.374491
2245.47	0.374615
2246.47	0.374755
2247.47	0.374884
2248.47	0.375008
2249.47	0.375143
2250.47	0.375268
2251.47	0.375394
2252.47	0.375522
2253.47	0.375656
2254.47	0.375773
2255.47	0.375898
2256.47	0.37602
2257.47	0.376145
2258.47	0.376273
2259.47	0.376401
2260.47	0.376525
2261.47	0.376656
2262.48	0.376783
2263.48	0.376905
2264.48	0.377039
2265.48	0.377168
2266.48	0.377301
2267.48	0.377429
2268.48	0.377553
2269.48	0.377681
2270.48	0.37781
2271.48	0.377934
2272.48	0.378057
2273.48	0.378185
2274.48	0.378311
2275.48	0.378435
2276.48	0.378566
2277.48	0.37869
2278.48	0.378823
2279.48	0.378952
2280.48	0.379076
2281.48	0.3792
2282.48	0.37932
2283.48	0.379439
2284.48	0.379553
2285.48	0.379682
2286.48	0.379815
2287.48	0.37994
2288.48	0.380069
2289.48	0.380197
2290.48	0.380317
2291.48	0.380445
2292.48	0.380573
2293.48	0.380695
2294.48	0.380825
2295.48	0.380944
2296.48	0.381068
2297.48	0.381191
2298.48	0.381308
2299.48	0.381436
2300.48	0.381565
2301.48	0.381692
2302.48	0.381814
2303.48	0.381939
2304.48	0.382057
2305.48	0.382185
2306.48	0.382305
2307.48	0.38243
2308.48	0.382562
2309.48	0.382684
2310.48	0.382808
2311.48	0.38293
2312.48	0.383051
2313.48	0.383168
2314.48	0.383293
2315.48	0.383411
2316.48	0.383539
2317.48	0.383662
2318.48	0.38378
2319.48	0.383903
2320.48	0.384033
2321.48	0.384156
2322.48	0.384281
2323.48	0.384406
2324.48	0.384527
2325.48	0.384653
2326.48	0.384782
2327.48	0.384912
2328.48	0.385036
2329.48	0.385157
2330.48	0.385277
2331.48	0.385392
2332.48	0.385514
2333.48	0.385627
2334.48	0.385761
2335.48	0.385883
2336.48	0.385998
2337.48	0.386125
2338.48	0.386245
2339.48	0.386371
2340.48	0.386493
2341.48	0.386619
2342.48	0.386742
2343.48	0.386862
2344.48	0.386986
2345.48	0.387101
2346.48	0.387219
2347.48	0.387342
2348.48	0.387462
2349.48	0.387585
2350.48	0.387705
2351.48	0.387821
2352.48	0.387946
2353.48	0.388065
2354.48	0.388189
2355.48	0.388311
2356.48	0.388422
2357.48	0.388549
2358.48	0.388672
2359.48	0.388805
2360.48	0.388929
2361.48	0.389046
2362.48	0.389165
2363.48	0.389288
2364.48	0.389406
2365.48	0.389521
2366.48	0.389638
2367.48	0.389749
2368.48	0.389866
2369.48	0.389977
2370.48	0.390094
2371.48	0.39022
2372.48	0.390342
2373.48	0.390454
2374.48	0.390572
2375.48	0.390695
2376.48	0.390818
2377.48	0.390939
2378.48	0.391062
2379.48	0.391183
2380.48	0.391299
2381.48	0.391417
2382.48	0.391535
2383.48	0.391658
2384.48	0.391777
2385.48	0.391892
2386.48	0.392013
2387.48	0.392135
2388.48	0.39225
2389.48	0.392368
2390.48	0.392484
2391.48	0.392605
2392.48	0.392724
2393.48	0.392835
2394.48	0.392947
2395.48	0.393066
2396.48	0.393181
2397.49	0.393299
2398.49	0.393427
2399.49	0.393538
2400.49	0.393656
2401.49	0.393771
2402.49	0.393893
2403.49	0.394
2404.49	0.394121
2405.49	0.394238
2406.49	0.39435
2407.49	0.394468
2408.49	0.394588
2409.49	0.394705
2410.49	0.394828
2411.49	0.394941
2412.49	0.395061
2413.49	0.395168
2414.49	0.395286
2415.49	0.395404
2416.49	0.395519
2417.49	0.395636
2418.49	0.39575
2419.49	0.395865
2420.49	0.395978
2421.49	0.396096
2422.49	0.396218
2423.49	0.396329
2424.49	0.396445
2425.49	0.396564
2426.49	0.396676
2427.49	0.396786
2428.49	0.3969
2429.49	0.397018
2430.49	0.397131
2431.49	0.397236
2432.49	0.397353
2433.49	0.397465
2434.49	0.397582
2435.49	0.3977
2436.49	0.397817
2437.49	0.397936
2438.49	0.398055
2439.49	0.398167
2440.49	0.398285
2441.49	0.398401
2442.49	0.398519
2443.49	0.398636
2444.49	0.398754
2445.49	0.398866
2446.49	0.398976
2447.49	0.399091
2448.49	0.39921
2449.49	0.399326
2450.49	0.399437
2451.49	0.399552
2452.49	0.39967
2453.49	0.399785
2454.49	0.3999
2455.49	0.400011
2456.49	0.400126
2457.49	0.400237
2458.49	0.400351
2459.49	0.40046
2460.49	0.400582
2461.49	0.400702
2462.49	0.400807
2463.49	0.400912
2464.49	0.401029
2465.49	0.401141
2466.49	0.401257
2467.49	0.401367
2468.49	0.401477
2469.49	0.401582
2470.49	0.401689
2471.49	0.401805
2472.49	0.401919
2473.49	0.402033
2474.49	0.402149
2475.49	0.402267
2476.49	0.40238
2477.49	0.402488
2478.49	0.402601
2479.49	0.402712
2480.49	0.402819
2481.49	0.402932
2482.49	0.403047
2483.49	0.403167
2484.49	0.403281
2485.49	0.403392
2486.49	0.403506
2487.49	0.40362
2488.49	0.403724
2489.49	0.403833
2490.49	0.403945
2491.49	0.40405
2492.49	0.404162
2493.49	0.404277
2494.49	0.404392
2495.49	0.404505
2496.49	0.404616
2497.49	0.404731
2498.49	0.404842
2499.49	0.40496
2500.49	0.405065
2501.49	0.405179
2502.49	0.405284
2503.49	0.405392
2504.49	0.405496
2505.49	0.4056
2506.49	0.405708
2507.49	0.405814
2508.49	0.40592
2509.49	0.406026
2510.49	0.406142
2511.49	0.406252
2512.49	0.406363
2513.49	0.406469
2514.49	0.406575
2515.49	0.406684
2516.49	0.406792
2517.49	0.406904
2518.49	0.40701
2519.49	0.40712
2520.49	0.407221
2521.49	0.407338
2522.49	0.40745
2523.49	0.407563
2524.49	0.407672
2525.49	0.407779
2526.49	0.407894
2527.49	0.407997
2528.49	0.408107
2529.49	0.408211
2530.49	0.40832
2531.49	0.408429
2532.49	0.408542
2533.49	0.408655
2534.49	0.408757
2535.49	0.408859
2536.49	0.408967
2537.49	0.409075
2538.49	0.409177
2539.49	0.409281
2540.49	0.409395
2541.49	0.409498
2542.49	0.409605
2543.49	0.409717
2544.49	0.409827
2545.49	0.409931
2546.49	0.410032
2547.49	0.410143
2548.49	0.410247
2549.49	0.410359
2550.49	0.410465
2551.49	0.410569
2552.49	0.410676
2553.49	0.410783
2554.49	0.410889
2555.5	0.410998
2556.5	0.411102
2557.5	0.411207
2558.5	0.411313
2559.5	0.411423
2560.5	0.411523
2561.5	0.411636
2562.5	0.411735
2563.5	0.411839
2564.5	0.411941
2565.5	0.412055
2566.5	0.41216
2567.5	0.412265
2568.5	0.412376
2569.5	0.412484
2570.5	0.41259
2571.5	0.412696
2572.5	0.412805
2573.5	0.412916
2574.5	0.413018
2575.5	0.413122
2576.5	0.413221
2577.5	0.413323
2578.5	0.413431
2579.5	0.413534
2580.5	0.413639
2581.5	0.413743
2582.5	0.413847
2583.5	0.413955
2584.5	0.414061
2585.5	0.414164
2586.5	0.414276
2587.5	0.414385
2588.5	0.414491
2589.5	0.414596
2590.5	0.414702
2591.5	0.414815
2592.5	0.414918
2593.5	0.415026
2594.5	0.415124
2595.5	0.415231
2596.5	0.415335
2597.5	0.415444
2598.5	0.415547
2599.5	0.415652
2600.5	0.415756
2601.5	0.415859
2602.5	0.415964
2603.5	0.416067
2604.5	0.41617
2605.5	0.416273
2606.5	0.416376
2607.5	0.416481
2608.5	0.416588
2609.5	0.416689
2610.5	0.416793
2611.5	0.416901
2612.5	0.417014
2613.5	0.417113
2614.5	0.41722
2615.5	0.417325
2616.5	0.41743
2617.5	0.417532
2618.5	0.417635
2619.5	0.417746
2620.5	0.417846
2621.5	0.41795
2622.5	0.418051
2623.5	0.418161
2624.5	0.418262
2625.5	0.418365
2626.5	0.418472
2627.5	0.418582
2628.5	0.418681
2629.5	0.418782
2630.5	0.418884
2631.5	0.418983
2632.5	0.419087
2633.5	0.419191
2634.5	0.419294
2635.5	0.419397
2636.5	0.419503
2637.5	0.41961
2638.5	0.419712
2639.5	0.419813
2640.5	0.419917
2641.5	0.420024
2642.5	0.420122
2643.5	0.420219
2644.5	0.420322
2645.5	0.420422
2646.5	0.420521
2647.5	0.420621
2648.5	0.420717
2649.5	0.420819
2650.5	0.420922
2651.5	0.421019
2652.5	0.421121
2653.5	0.421222
2654.5	0.421323
2655.5	0.421425
2656.5	0.421527
2657.5	0.421621
2658.5	0.421723
2659.5	0.421825
2660.5	0.421928
2661.5	0.42203
2662.5	0.422138
2663.5	0.422236
2664.5	0.422339
2665.5	0.422437
2666.5	0.42254
2667.5	0.422641
2668.5	0.422747
2669.5	0.422849
2670.5	0.422954
2671.5	0.423049
2672.5	0.423144
2673.5	0.423242
2674.5	0.42334
2675.5	0.423439
2676.5	0.423539
2677.5	0.42364
2678.5	0.42374
2679.5	0.423834
2680.5	0.423936
2681.5	0.424032
2682.5	0.424131
2683.5	0.424234
2684.5	0.424349
2685.5	0.424453
2686.5	0.424549
2687.5	0.424648
2688.5	0.424748
2689.5	0.424849
2690.5	0.424951
2691.5	0.425047
2692.5	0.425146
2693.5	0.425244
2694.5	0.42535
2695.5	0.425444
2696.5	0.425547
2697.5	0.425646
2698.5	0.425737
2699.5	0.425838
2700.5	0.425931
2701.5	0.426036
2702.51	0.426136
2703.51	0.426232
2704.51	0.426327
2705.51	0.426427
2706.51	0.426535
2707.51	0.426629
2708.51	0.426724
2709.51	0.426825
2710.51	0.426923
2711.51	0.427019
2712.51	0.427122
2713.51	0.427215
2714.51	0.427314
2715.51	0.42741
2716.51	0.42751
2717.51	0.427609
2718.51	0.427711
2719.51	0.427808
2720.51	0.427904
2721.51	0.428002
2722.51	0.428099
2723.51	0.428194
2724.51	0.428285
2725.51	0.428392
2726.51	0.428485
2727.51	0.428576
2728.51	0.428674
2729.51	0.428775
2730.51	0.428866
2731.51	0.428957
2732.51	0.429061
2733.51	0.429164
2734.51	0.429267
2735.51	0.429363
2736.51	0.42946
2737.51	0.429552
2738.51	0.429645
2739.51	0.429746
2740.51	0.429844
2741.51	0.429938
2742.51	0.430041
2743.51	0.430139
2744.51	0.430232
2745.51	0.430331
2746.51	0.430433
2747.51	0.430529
2748.51	0.430622
2749.51	0.430716
2750.51	0.430815
2751.51	0.430911
2752.51	0.431008
2753.51	0.431108
2754.51	0.431204
2755.51	0.431304
2756.51	0.431404
2757.51	0.431503
2758.51	0.431597
2759.51	0.431697
2760.51	0.431786
2761.51	0.431885
2762.51	0.431979
2763.51	0.43208
2764.51	0.432173
2765.51	0.432267
2766.51	0.432365
2767.51	0.432467
2768.51	0.432569
2769.51	0.432669
2770.51	0.43276
2771.51	0.43286
2772.51	0.432955
2773.51	0.433041
2774.51	0.433139
2775.51	0.433231
2776.51	0.433333
2777.51	0.433428
2778.51	0.433518
2779.51	0.433614
2780.51	0.433713
2781.51	0.43381
2782.51	0.433901
2783.51	0.433996
2784.51	0.434093
2785.51	0.434184
2786.51	0.434277
2787.51	0.434382
2788.51	0.434478
2789.51	0.434578
2790.51	0.434668
2791.51	0.434766
2792.51	0.434857
2793.51	0.434951
2794.51	0.43505
2795.51	0.435145
2796.51	0.435238
2797.51	0.435334
2798.51	0.435425
2799.51	0.43552
2800.51	0.435621
2801.51	0.435721
2802.51	0.435818
2803.51	0.435915
2804.51	0.436007
2805.51	0.436098
2806.51	0.436191
2807.51	0.436286
2808.51	0.43638
2809.51	0.43647
2810.51	0.43657
2811.51	0.436661
2812.51	0.43676
2813.51	0.436852
2814.51	0.436942
2815.51	0.437036
2816.51	0.437134
2817.51	0.437225
2818.51	0.437315
2819.51	0.437408
2820.51	0.4375
2821.51	0.437597
2822.51	0.4377
2823.51	0.437791
2824.51	0.437881
2825.51	0.437966
2826.51	0.438058
2827.51	0.438159
2828.51	0.43825
2829.51	0.438346
2830.51	0.438439
2831.51	0.438531
2832.51	0.438624
2833.51	0.438716
2834.51	0.438812
2835.51	0.438905
2836.51	0.438997
2837.51	0.439088
2838.51	0.439186
2839.51	0.439273
2840.51	0.439364
2841.51	0.439454
2842.51	0.439549
2843.51	0.439647
2844.51	0.439744
2845.51	0.439837
2846.51	0.439928
2847.51	0.440025
2848.51	0.440119
2849.51	0.440213
2850.51	0.440305
2851.51	0.440395
2852.51	0.440488
2853.51	0.440586
2854.51	0.440677
2855.51	0.440763
2856.51	0.440851
2857.51	0.440945
2858.51	0.441034
2859.52	0.441132
2860.52	0.441223
2861.52	0.441311
2862.52	0.441403
2863.52	0.441495
2864.52	0.441589
2865.52	0.441679
2866.52	0.441775
2867.52	0.44187
2868.52	0.441956
2869.52	0.442046
2870.52	0.442144
2871.52	0.442236
2872.52	0.442329
2873.52	0.442431
2874.52	0.44252
2875.52	0.442607
2876.52	0.442702
2877.52	0.442792
2878.52	0.442883
2879.52	0.442977
2880.52	0.443075
2881.52	0.443172
2882.52	0.443263
2883.52	0.443356
2884.52	0.44345
2885.52	0.443544
2886.52	0.443627
2887.52	0.44372
2888.52	0.443816
2889.52	0.443911
2890.52	0.444004
2891.52	0.4441
2892.52	0.444186
2893.52	0.44428
2894.52	0.444375
2895.52	0.444463
2896.52	0.444557
2897.52	0.444652
2898.52	0.444741
2899.52	0.444831
2900.52	0.444929
2901.52	0.445021
2902.52	0.445117
2903.52	0.445211
2904.52	0.445298
2905.52	0.445385
2906.52	0.445475
2907.52	0.445568
2908.52	0.445658
2909.52	0.445745
2910.52	0.445833
2911.52	0.445923
2912.52	0.446009
2913.52	0.446102
2914.52	0.446194
2915.52	0.446283
2916.52	0.446374
2917.52	0.446466
2918.52	0.446563
2919.52	0.446654
2920.52	0.446749
2921.52	0.446842
2922.52	0.446934
2923.52	0.447022
2924.52	0.447109
2925.52	0.447197
2926.52	0.447286
2927.52	0.447372
2928.52	0.447463
2929.52	0.447552
2930.52	0.447645
2931.52	0.447739
2932.52	0.447826
2933.52	0.447921
2934.52	0.448005
2935.52	0.448095
2936.52	0.448186
2937.52	0.448279
2938.52	0.44837
2939.52	0.448457
2940.52	0.448544
2941.52	0.44864
2942.52	0.448734
2943.52	0.448822
2944.52	0.448915
2945.52	0.449001
2946.52	0.449097
2947.52	0.449188
2948.52	0.449273
2949.52	0.449367
2950.52	0.449452
2951.52	0.449542
2952.52	0.449631
2953.52	0.449721
2954.52	0.449809
2955.52	0.449896
2956.52	0.449981
2957.52	0.450066
2958.52	0.450151
2959.52	0.450239
2960.52	0.450323
2961.52	0.450412
2962.52	0.450507
2963.52	0.450594
2964.53	0.450682
2965.53	0.45077
2966.53	0.45086
2967.53	0.450948
2968.53	0.45103
2969.53	0.45112
2970.53	0.45121
2971.53	0.451301
2972.53	0.451391
2973.53	0.451482
2974.53	0.451569
2975.53	0.451661
2976.53	0.451744
2977.53	0.451826
2978.53	0.451915
2979.53	0.452005
2980.53	0.452096
2981.53	0.452184
2982.53	0.452272
2983.53	0.452358
2984.53	0.452447
2985.53	0.452524
2986.53	0.452607
2987.53	0.452696
2988.53	0.452783
2989.53	0.452879
2990.53	0.45297
2991.53	0.453055
2992.53	0.45314
2993.53	0.453226
2994.53	0.453316
2995.53	0.453404
2996.53	0.453493
2997.53	0.453576
2998.53	0.453661
2999.53	0.45375
3000.53	0.453841
3001.53	0.453928
3002.53	0.454019
3003.53	0.454107
3004.53	0.454194
3005.53	0.454279
3006.53	0.45437
3007.53	0.454451
3008.53	0.45454
3009.53	0.454626
3010.53	0.45471
3011.53	0.454803
3012.53	0.454885
3013.53	0.454972
3014.53	0.45506
3015.53	0.455148
3016.53	0.455239
3017.53	0.455326
3018.53	0.45542
3019.53	0.455512
3020.53	0.455599
3021.53	0.455686
3022.53	0.455773
3023.53	0.455863
3024.53	0.455944
3025.53	0.45603
3026.53	0.456116
3027.53	0.456197
3028.53	0.456278
3029.53	0.45636
3030.53	0.456449
3031.53	0.456535
3032.53	0.456618
3033.53	0.456707
3034.53	0.456793
3035.53	0.456878
3036.53	0.45696
3037.53	0.457045
3038.53	0.457132
3039.53	0.457216
3040.53	0.457304
3041.53	0.457381
3042.53	0.457474
3043.53	0.457563
3044.53	0.45765
3045.53	0.457738
3046.53	0.457826
3047.53	0.45791
3048.53	0.457994
3049.53	0.458075
3050.53	0.458166
3051.53	0.458258
3052.53	0.458345
3053.53	0.458429
3054.53	0.458519
3055.53	0.458608
3056.53	0.458697
3057.53	0.458789
3058.53	0.458873
3059.53	0.458957
3060.53	0.45904
3061.53	0.459122
3062.53	0.459213
3063.53	0.459309
3064.53	0.459394
3065.53	0.459476
3066.53	0.459555
3067.53	0.45964
3068.53	0.459728
3069.53	0.459806
3070.53	0.459885
3071.53	0.459967
3072.53	0.460051
3073.53	0.460138
3074.53	0.460228
3075.53	0.460312
3076.53	0.46039
3077.53	0.460476
3078.53	0.460567
3079.53	0.460658
3080.53	0.460741
3081.54	0.460828
3082.54	0.460914
3083.54	0.461001
3084.54	0.461086
3085.54	0.461173
3086.54	0.461263
3087.54	0.461351
3088.54	0.461431
3089.54	0.461516
3090.54	0.4616
3091.54	0.461692
3092.54	0.461774
3093.54	0.461858
3094.54	0.461945
3095.54	0.462025
3096.54	0.462102
3097.54	0.462184
3098.54	0.46227
3099.54	0.462354
3100.54	0.462436
3101.54	0.462519
3102.54	0.462609
3103.54	0.462691
3104.54	0.462774
3105.54	0.462858
3106.54	0.462947
3107.54	0.463033
3108.54	0.46312
3109.54	0.463205
3110.54	0.46329
3111.54	0.463378
3112.54	0.463469
3113.54	0.46355
3114.54	0.463635
3115.54	0.463717
3116.54	0.463799
3117.54	0.463881
3118.54	0.463969
3119.54	0.464055
3120.54	0.464137
3121.54	0.464224
3122.54	0.464311
3123.54	0.464401
3124.54	0.464492
3125.54	0.464576
3126.54	0.464659
3127.54	0.464743
3128.54	0.464827
3129.54	0.464915
3130.54	0.465004
3131.54	0.465096
3132.54	0.465179
3133.54	0.465266
3134.54	0.465346
3135.54	0.465431
3136.54	0.465516
3137.54	0.465603
3138.54	0.465693
3139.54	0.465776
3140.54	0.465856
3141.54	0.465936
3142.54	0.466014
3143.54	0.466094
3144.54	0.466176
3145.54	0.466262
3146.54	0.466355
3147.54	0.466433
3148.54	0.46652
3149.54	0.4666
3150.54	0.466677
3151.54	0.466758
3152.54	0.46684
3153.54	0.466919
3154.54	0.467002
3155.54	0.467089
3156.54	0.467165
3157.54	0.467245
3158.54	0.467336
3159.54	0.467424
3160.54	0.467508
3161.54	0.46759
3162.54	0.467672
3163.54	0.467754
3164.54	0.467834
3165.54	0.467915
3166.54	0.468001
3167.54	0.468081
3168.54	0.46817
3169.54	0.468253
3170.54	0.468336
3171.54	0.468415
3172.54	0.468494
3173.54	0.468579
3174.54	0.468661
3175.54	0.468739
3176.54	0.468817
3177.54	0.468903
3178.54	0.468983
3179.54	0.46907
3180.54	0.469149
3181.54	0.469238
3182.54	0.469329
3183.54	0.469415
3184.54	0.469504
3185.54	0.46958
3186.54	0.469659
3187.54	0.469739
3188.54	0.469817
3189.54	0.469904
3190.54	0.469983
3191.54	0.470067
3192.54	0.470155
3193.54	0.470234
3194.54	0.470317
3195.54	0.470399
3196.54	0.470484
3197.54	0.470563
3198.54	0.470644
3199.54	0.470724
3200.54	0.470809
3201.54	0.470887
3202.54	0.470969
3203.54	0.471049
3204.54	0.47113
3205.54	0.471211
3206.54	0.471294
3207.54	0.471374
3208.54	0.471452
3209.54	0.471534
3210.54	0.471615
3211.54	0.471695
3212.55	0.471774
3213.55	0.471856
3214.55	0.471936
3215.55	0.472021
3216.55	0.472097
3217.55	0.472181
3218.55	0.472264
3219.55	0.472347
3220.55	0.472436
3221.55	0.472518
3222.55	0.472601
3223.55	0.47268
3224.55	0.472762
3225.55	0.472843
3226.55	0.472919
3227.55	0.473
3228.55	0.473078
3229.55	0.473162
3230.55	0.473243
3231.55	0.473327
3232.55	0.473412
3233.55	0.473488
3234.55	0.473568
3235.55	0.473648
3236.55	0.473719
3237.55	0.473804
3238.55	0.473886
3239.55	0.473964
3240.55	0.474044
3241.55	0.474127
3242.55	0.474209
3243.55	0.474293
3244.55	0.474377
3245.55	0.474453
3246.55	0.474531
3247.55	0.474606
3248.55	0.474686
3249.55	0.474764
3250.55	0.474842
3251.55	0.47492
3252.55	0.474999
3253.55	0.47508
3254.55	0.475162
3255.55	0.475243
3256.55	0.475323
3257.55	0.475403
3258.55	0.475493
3259.55	0.475578
3260.55	0.475655
3261.55	0.47574
3262.55	0.475825
3263.55	0.475903
3264.55	0.475986
3265.55	0.476064
3266.55	0.476144
3267.55	0.476226
3268.55	0.476307
3269.55	0.476395
3270.55	0.476478
3271.55	0.476554
3272.55	0.476637
3273.55	0.476718
3274.55	0.476795
3275.55	0.476873
3276.55	0.476948
3277.55	0.477026
3278.55	0.477106
3279.55	0.477183
3280.55	0.477255
3281.55	0.477335
3282.55	0.477421
3283.55	0.477505
3284.55	0.477579
3285.55	0.477662
3286.55	0.477745
3287.55	0.477822
3288.55	0.477902
3289.55	0.477981
3290.55	0.478064
3291.55	0.47814
3292.55	0.478221
3293.55	0.478303
3294.55	0.47838
3295.55	0.478458
3296.55	0.478538
3297.55	0.478622
3298.55	0.478703
3299.55	0.478777
3300.55	0.478855
3301.55	0.478937
3302.55	0.479018
3303.55	0.479095
3304.55	0.479165
3305.55	0.479241
3306.55	0.479322
3307.55	0.479397
3308.55	0.47948
3309.55	0.479561
3310.55	0.479641
3311.55	0.479715
3312.55	0.47979
3313.55	0.479874
3314.55	0.479951
3315.55	0.480027
3316.55	0.480102
3317.55	0.480175
3318.55	0.48025
3319.55	0.480329
3320.55	0.480409
3321.55	0.480487
3322.55	0.480566
3323.55	0.480644
3324.55	0.480717
3325.55	0.480798
3326.55	0.480873
3327.55	0.480954
3328.55	0.48103
3329.55	0.481104
3330.55	0.481182
3331.55	0.48126
3332.55	0.481335
3333.55	0.481405
3334.55	0.48148
3335.55	0.481553
3336.56	0.481629
3337.56	0.481702
3338.56	0.481779
3339.56	0.481867
3340.56	0.48194
3341.56	0.482017
3342.56	0.482094
3343.56	0.482169
3344.56	0.482252
3345.56	0.482325
3346.56	0.482403
3347.56	0.482481
3348.56	0.482554
3349.56	0.48263
3350.56	0.482707
3351.56	0.482783
3352.56	0.482859
3353.56	0.482937
3354.56	0.483006
3355.56	0.483085
3356.56	0.483158
3357.56	0.483236
3358.56	0.48332
3359.56	0.48339
3360.56	0.483469
3361.56	0.483554
3362.56	0.483626
3363.56	0.483703
3364.56	0.483779
3365.56	0.483855
3366.56	0.483928
3367.56	0.484009
3368.56	0.48408
3369.56	0.484155
3370.56	0.484232
3371.56	0.484314
3372.56	0.484392
3373.56	0.484467
3374.56	0.484547
3375.56	0.484626
3376.56	0.484703
3377.56	0.484781
3378.56	0.484858
3379.56	0.484928
3380.56	0.484998
3381.56	0.485069
3382.56	0.485147
3383.56	0.485224
3384.56	0.485298
3385.56	0.485378
3386.56	0.485448
3387.56	0.485526
3388.56	0.485601
3389.56	0.485675
3390.56	0.485746
3391.56	0.48582
3392.56	0.4859
3393.56	0.485976
3394.56	0.486049
3395.56	0.486124
3396.56	0.486203
3397.56	0.486284
3398.56	0.486365
3399.56	0.486444
3400.56	0.486516
3401.56	0.486588
3402.56	0.486663
3403.56	0.486741
3404.56	0.486812
3405.56	0.486886
3406.56	0.486957
3407.56	0.48703
3408.56	0.487105
3409.56	0.487183
3410.56	0.487258
3411.56	0.48733
3412.56	0.487404
3413.56	0.487473
3414.56	0.487549
3415.56	0.487627
3416.56	0.487706
3417.56	0.487789
3418.56	0.487867
3419.56	0.487939
3420.56	0.48802
3421.56	0.488091
3422.56	0.488166
3423.56	0.488238
3424.56	0.48831
3425.56	0.488384
3426.56	0.488453
3427.56	0.488526
3428.56	0.488607
3429.56	0.488678
3430.56	0.48875
3431.57	0.488825
3432.57	0.488897
3433.57	0.488972
3434.57	0.489051
3435.57	0.489132
3436.57	0.489204
3437.57	0.489279
3438.57	0.489357
3439.57	0.489436
3440.57	0.489511
3441.57	0.489593
3442.57	0.489663
3443.57	0.489741
3444.57	0.489809
3445.57	0.489891
3446.57	0.489968
3447.57	0.490047
3448.57	0.490121
3449.57	0.490193
3450.57	0.490273
3451.57	0.490347
3452.57	0.490418
3453.57	0.490492
3454.57	0.490568
3455.57	0.490638
3456.57	0.49071
3457.57	0.490789
3458.57	0.490865
3459.57	0.490937
3460.57	0.491011
3461.57	0.491085
3462.57	0.491158
3463.57	0.491237
3464.57	0.491312
3465.57	0.49139
3466.57	0.491466
3467.57	0.491538
3468.57	0.491607
3469.57	0.491684
3470.57	0.491762
3471.57	0.491838
3472.57	0.491912
3473.57	0.491989
3474.57	0.492071
3475.57	0.49214
3476.57	0.492211
3477.57	0.492289
3478.57	0.492358
3479.57	0.492435
3480.57	0.492513
3481.57	0.492586
3482.57	0.492656
3483.57	0.492728
3484.57	0.492803
3485.57	0.492878
3486.57	0.492948
3487.57	0.493022
3488.57	0.493098
3489.57	0.493182
3490.57	0.49325
3491.57	0.493325
3492.57	0.493403
3493.57	0.493477
3494.57	0.493547
3495.57	0.493623
3496.57	0.493691
3497.57	0.493762
3498.57	0.493837
3499.57	0.493912
3500.57	0.493985
3501.57	0.494059
3502.57	0.494138
3503.57	0.49421
3504.57	0.494284
3505.57	0.49436
3506.57	0.494427
3507.57	0.494502
3508.57	0.494571
3509.57	0.49464
3510.57	0.494712
3511.57	0.494785
3512.57	0.494855
3513.57	0.494927
3514.57	0.495
3515.57	0.495064
3516.57	0.495135
3517.57	0.495208
3518.57	0.495282
3519.57	0.49536
3520.57	0.495429
3521.57	0.4955
3522.57	0.49557
3523.57	0.495647
3524.57	0.495715
3525.57	0.495791
3526.57	0.495865
3527.57	0.495932
3528.57	0.496004
3529.57	0.496075
3530.57	0.496151
3531.57	0.496224
3532.57	0.496297
3533.57	0.496377
3534.57	0.496454
3535.57	0.49653
3536.57	0.4966
3537.57	0.496674
3538.57	0.496746
3539.57	0.496821
3540.57	0.496896
3541.57	0.496973
3542.57	0.497045
3543.57	0.497114
3544.57	0.497182
3545.57	0.497252
3546.57	0.497322
3547.57	0.497395
3548.57	0.497466
3549.57	0.497538
3550.57	0.497606
3551.57	0.497676
3552.57	0.497745
3553.57	0.497815
3554.57	0.497885
3555.57	0.497966
3556.57	0.498035
3557.57	0.4981
3558.57	0.498166
3559.57	0.498235
3560.57	0.498303
3561.57	0.498376
3562.57	0.498446
3563.57	0.498516
3564.57	0.498591
3565.57	0.498662
3566.58	0.498736
3567.58	0.498806
3568.58	0.498879
3569.58	0.498946
3570.58	0.499018
3571.58	0.499085
3572.58	0.499159
3573.58	0.499225
3574.58	0.499297
3575.58	0.499372
3576.58	0.49944
3577.58	0.499511
3578.58	0.499585
3579.58	0.499664
3580.58	0.49974
3581.58	0.49981
3582.58	0.49988
3583.58	0.49995
3584.58	0.500025
3585.58	0.500103
3586.58	0.500168
3587.58	0.500238
3588.58	0.500312
3589.58	0.500382
3590.58	0.500453
3591.58	0.500524
3592.58	0.500593
3593.58	0.500661
3594.58	0.500733
3595.58	0.500806
3596.58	0.500878
3597.58	0.500949
3598.58	0.501018
3599.58	0.50109
3600.58	0.501165
3601.58	0.501234
3602.58	0.501306
3603.58	0.501372
3604.58	0.501444
3605.58	0.501511
3606.58	0.501572
3607.58	0.501642
3608.58	0.501711
3609.58	0.501775
3610.58	0.501848
3611.58	0.501922
3612.58	0.501996
3613.58	0.502073
3614.58	0.502142
3615.58	0.502216
3616.58	0.502285
3617.58	0.502358
3618.58	0.502429
3619.58	0.502495
3620.58	0.502566
3621.58	0.502635
3622.58	0.502703
3623.58	0.502773
3624.58	0.502841
3625.58	0.502917
3626.58	0.502989
3627.58	0.503057
3628.58	0.50313
3629.58	0.503201
3630.58	0.503278
3631.58	0.503346
3632.58	0.503415
3633.58	0.503485
3634.58	0.503557
3635.58	0.503622
3636.58	0.50369
3637.58	0.503758
3638.58	0.503831
3639.58	0.5039
3640.58	0.50397
3641.58	0.504042
3642.58	0.50411
3643.58	0.504183
3644.58	0.504246
3645.58	0.504318
3646.58	0.504393
3647.58	0.504464
3648.58	0.504538
3649.58	0.504611
3650.58	0.50468
3651.58	0.504749
3652.58	0.504819
3653.58	0.504891
3654.58	0.504953
3655.58	0.505024
3656.58	0.5051
3657.58	0.505169
3658.58	0.505242
3659.58	0.505318
3660.58	0.505383
3661.58	0.505448
3662.58	0.505517
3663.58	0.505586
3664.58	0.505657
3665.58	0.505727
3666.58	0.505796
3667.58	0.505867
3668.58	0.505937
3669.58	0.506007
3670.58	0.506079
3671.58	0.506148
3672.58	0.506221
3673.58	0.506292
3674.58	0.50636
3675.58	0.506429
3676.58	0.5065
3677.58	0.506557
3678.58	0.506623
3679.59	0.50669
3680.59	0.506759
3681.59	0.506826
3682.59	0.506898
3683.59	0.506969
3684.59	0.507036
3685.59	0.507107
3686.59	0.507174
3687.59	0.507235
3688.59	0.507295
3689.59	0.507363
3690.59	0.507431
3691.59	0.507503
3692.59	0.507574
3693.59	0.507648
3694.59	0.50772
3695.59	0.507784
3696.59	0.507861
3697.59	0.507928
3698.59	0.507997
3699.59	0.508068
3700.59	0.508132
3701.59	0.508198
3702.59	0.508274
3703.59	0.508349
3704.59	0.508415
3705.59	0.508486
3706.59	0.508555
3707.59	0.508623
3708.59	0.508689
3709.59	0.50876
3710.59	0.508829
3711.59	0.508896
3712.59	0.508962
3713.59	0.509032
3714.59	0.509098
3715.59	0.509165
3716.59	0.50923
3717.59	0.509301
3718.59	0.509372
3719.59	0.509445
3720.59	0.50951
3721.59	0.509578
3722.59	0.509643
3723.59	0.509711
3724.59	0.509776
3725.59	0.509844
3726.59	0.509917
3727.59	0.509984
3728.59	0.510051
3729.59	0.51012
3730.59	0.510191
3731.59	0.51026
3732.59	0.510331
3733.59	0.510401
3734.59	0.510471
3735.59	0.510543
3736.59	0.510616
3737.59	0.510685
3738.59	0.510751
3739.59	0.510824
3740.59	0.510889
3741.59	0.51096
3742.59	0.511024
3743.59	0.511096
3744.59	0.511162
3745.59	0.51123
3746.59	0.511295
3747.59	0.511364
3748.59	0.51143
3749.59	0.5115
3750.59	0.511567
3751.59	0.511634
3752.59	0.511704
3753.59	0.511772
3754.59	0.511846
3755.59	0.511914
3756.59	0.511981
3757.59	0.512044
3758.59	0.512116
3759.59	0.512183
3760.59	0.51225
3761.59	0.51232
3762.59	0.512388
3763.59	0.512453
3764.59	0.512522
3765.59	0.512595
3766.59	0.51266
3767.59	0.51272
3768.59	0.512786
3769.59	0.512856
3770.59	0.512923
3771.59	0.512984
3772.59	0.513049
3773.59	0.513113
3774.59	0.513176
3775.59	0.513239
3776.59	0.513302
3777.59	0.513373
3778.59	0.513441
3779.59	0.513507
3780.59	0.513575
3781.59	0.513643
3782.59	0.513706
3783.59	0.51378
3784.59	0.513852
3785.59	0.513915
3786.59	0.513981
3787.59	0.514053
3788.59	0.51413
3789.59	0.514195
3790.59	0.514262
3791.59	0.514325
3792.59	0.514398
3793.59	0.514463
3794.59	0.514524
3795.59	0.514588
3796.59	0.514658
3797.59	0.514722
3798.59	0.514794
3799.59	0.514857
3800.59	0.514923
3801.6	0.514982
3802.6	0.51505
3803.6	0.515114
3804.6	0.515181
3805.6	0.515243
3806.6	0.515311
3807.6	0.515383
3808.6	0.515446
3809.6	0.515519
3810.6	0.51559
3811.6	0.515654
3812.6	0.515722
3813.6	0.515785
3814.6	0.515853
3815.6	0.515916
3816.6	0.515982
3817.6	0.51605
3818.6	0.516117
3819.6	0.516187
3820.6	0.516254
3821.6	0.516327
3822.6	0.516388
3823.6	0.516454
3824.6	0.516518
3825.6	0.516585
3826.6	0.516648
3827.6	0.516716
3828.6	0.516782
3829.6	0.516848
3830.6	0.516918
3831.6	0.516989
3832.6	0.517059
3833.6	0.517126
3834.6	0.517192
3835.6	0.517262
3836.6	0.517331
3837.6	0.517397
3838.6	0.517466
3839.6	0.517524
3840.6	0.517586
3841.6	0.51765
3842.6	0.517715
3843.6	0.517777
3844.6	0.517844
3845.6	0.517909
3846.6	0.517976
3847.6	0.518044
3848.6	0.518104
3849.6	0.518168
3850.6	0.518236
3851.6	0.518301
3852.6	0.51837
3853.6	0.518434
3854.6	0.518497
3855.6	0.518569
3856.6	0.518628
3857.6	0.518691
3858.6	0.518751
3859.6	0.518811
3860.6	0.518876
3861.6	0.518939
3862.6	0.519003
3863.6	0.519068
3864.6	0.519135
3865.6	0.519201
3866.6	0.519265
3867.6	0.519327
3868.6	0.519392
3869.6	0.519451
3870.6	0.519519
3871.6	0.519581
3872.6	0.519646
3873.6	0.519711
3874.6	0.519774
3875.6	0.519833
3876.6	0.519895
3877.6	0.519961
3878.6	0.520022
3879.6	0.520089
3880.6	0.520151
3881.6	0.520217
3882.6	0.520281
3883.6	0.520346
3884.6	0.520411
3885.6	0.520483
3886.6	0.520547
3887.6	0.520606
3888.6	0.520675
3889.6	0.520745
3890.6	0.52081
3891.6	0.520876
3892.6	0.520938
3893.6	0.521002
3894.6	0.521067
3895.6	0.521137
3896.6	0.521202
3897.6	0.521262
3898.6	0.521323
3899.6	0.521385
3900.6	0.521451
3901.6	0.521514
3902.6	0.52158
3903.6	0.521639
3904.6	0.521702
3905.6	0.521764
3906.6	0.521826
3907.6	0.521891
3908.6	0.521951
3909.6	0.522013
3910.6	0.522079
3911.6	0.522141
3912.6	0.522205
3913.6	0.522264
3914.6	0.522324
3915.6	0.522388
3916.61	0.522451
3917.61	0.52251
3918.61	0.522575
3919.61	0.522638
3920.61	0.5227
3921.61	0.522761
3922.61	0.522824
3923.61	0.522886
3924.61	0.522945
3925.61	0.523007
3926.61	0.52307
3927.61	0.523136
3928.61	0.523201
3929.61	0.52327
3930.61	0.523328
3931.61	0.523394
3932.61	0.523455
3933.61	0.523514
3934.61	0.52358
3935.61	0.523644
3936.61	0.523711
3937.61	0.523774
3938.61	0.523835
3939.61	0.523899
3940.61	0.523964
3941.61	0.524025
3942.61	0.524091
3943.61	0.524154
3944.61	0.524221
3945.61	0.524285
3946.61	0.524351
3947.61	0.524414
3948.61	0.524477
3949.61	0.524546
3950.61	0.524607
3951.61	0.52467
3952.61	0.524737
3953.61	0.524802
3954.61	0.524866
3955.61	0.524927
3956.61	0.524989
3957.61	0.525054
3958.61	0.525116
3959.61	0.525176
3960.61	0.525238
3961.61	0.525297
3962.61	0.52536
3963.61	0.525426
3964.61	0.52549
3965.61	0.525551
3966.61	0.525618
3967.61	0.525678
3968.61	0.525744
3969.61	0.52581
3970.61	0.525871
3971.61	0.525935
3972.61	0.525997
3973.61	0.526062
3974.61	0.526127
3975.61	0.526191
3976.61	0.526253
3977.61	0.52632
3978.61	0.526377
3979.61	0.526441
3980.61	0.526509
3981.61	0.526572
3982.61	0.526632
3983.61	0.526691
3984.61	0.526752
3985.61	0.526816
3986.61	0.526881
3987.61	0.526951
3988.61	0.527017
3989.61	0.527083
3990.61	0.527143
3991.61	0.527202
3992.61	0.527273
3993.61	0.527335
3994.61	0.527396
3995.61	0.527461
3996.61	0.527524
3997.61	0.527591
3998.61	0.527655
3999.61	0.527718
