time	conversion
1.00204	0.00033046
2.02761	0.00033046
3.27336	0.000474138
4.93786	0.000474138
6.11468	0.00110632
7.20656	0.00112069
8.29695	0.00130747
9.44016	0.00150862
10.6129	0.00158046
11.6136	0.00168103
12.7798	0.00192529
13.7989	0.00216954
14.9132	0.00231322
16.2062	0.00239943
17.3568	0.00258621
19.0197	0.00280172
20.0541	0.00307471
21.2354	0.00311782
22.3732	0.00337644
24.2705	0.00341954
25.674	0.00353448
26.9078	0.00377874
27.9279	0.00438218
28.9666	0.00484195
30.6681	0.00512931
31.9722	0.00520115
33.8594	0.00527299
35.2476	0.00545977
37.2931	0.00547414
38.3514	0.00576149
40.475	0.00579023
41.9265	0.0058477
42.9295	0.00610632
44.6977	0.00635057
45.7456	0.00655172
48.3997	0.00670977
51.2656	0.00683908
52.3875	0.00738506
53.7721	0.00768678
54.8963	0.00780172
56.0479	0.00818966
57.1072	0.00869253
58.3911	0.00893678
59.8198	0.00923851
61.4165	0.00931034
62.6474	0.00966954
63.6578	0.00992816
65.1114	0.0103305
66.1625	0.0105891
67.6507	0.0111351
69.1771	0.0115517
70.9695	0.0119253
72.2657	0.0120259
74.1696	0.0125287
75.3603	0.0127443
76.6903	0.0129454
78.2592	0.0129454
80.2016	0.0131609
82.3013	0.0134195
83.3056	0.0136063
84.8942	0.0139655
86.2132	0.014181
87.4607	0.0147126
88.5025	0.0149282
90.1495	0.015273
91.4039	0.0155747
93.2836	0.0158477
94.2948	0.0161925
95.9254	0.0162931
96.9637	0.0165086
98.2649	0.0168103
100.1	0.017069
101.126	0.0172845
103.268	0.0175431
104.764	0.0178161
105.97	0.0182471
107.367	0.0184195
108.625	0.018477
109.87	0.0187787
110.877	0.0190517
111.883	0.0194397
112.923	0.0197701
113.981	0.0198276
115.254	0.0198851
116.459	0.0199425
117.469	0.0201868
118.697	0.0203161
119.76	0.0204023
120.798	0.020431
121.956	0.0206609
122.974	0.0208908
123.976	0.0210201
125.05	0.0211638
126.081	0.0214224
127.091	0.0215805
128.1	0.021681
129.118	0.0217241
130.381	0.021796
131.402	0.0219397
132.41	0.021954
133.487	0.0219684
134.527	0.0222126
135.559	0.0224713
137.813	0.0226293
138.814	0.0228448
140.236	0.0229885
141.261	0.0231897
143.265	0.0232184
144.372	0.0233908
146.003	0.0234626
147.035	0.0237356
148.062	0.024023
150.018	0.0241667
151.026	0.0243247
152.101	0.0243822
153.278	0.0246408
154.394	0.024842
155.413	0.0248707
156.872	0.0249425
157.931	0.025
159.02	0.0250144
160.041	0.0251293
161.2	0.0252874
162.219	0.025546
163.247	0.0256322
164.537	0.0257902
165.547	0.0260632
166.597	0.0261351
167.682	0.0262213
168.781	0.026408
169.861	0.026681
171.001	0.0268247
172.013	0.0269828
173.018	0.0271695
174.664	0.0273563
175.73	0.0274569
176.804	0.0275718
177.828	0.0278161
178.835	0.0280172
180.044	0.0280891
181.1	0.0282759
182.258	0.028477
183.268	0.0285345
184.296	0.0286782
185.315	0.0288218
186.465	0.0288218
187.522	0.0289224
188.552	0.0289799
189.566	0.029023
190.596	0.0290805
191.727	0.0292672
192.957	0.0292672
194.014	0.0293247
195.02	0.0294253
196.13	0.0294828
197.13	0.0296264
198.148	0.0297414
199.192	0.0299138
200.255	0.0301149
201.301	0.0301868
202.515	0.0302874
203.516	0.0303448
204.527	0.0304167
205.776	0.030546
206.813	0.0305747
207.937	0.0306178
209.131	0.0306466
211.156	0.0306897
212.227	0.0307902
214.05	0.0308477
215.113	0.0308908
216.263	0.030977
217.339	0.0312787
218.599	0.031408
219.673	0.0314655
220.676	0.0315661
221.699	0.0317098
222.785	0.0321121
223.824	0.0322845
224.931	0.0325287
226.108	0.0326149
227.223	0.0327155
228.576	0.0327443
229.714	0.0328736
230.764	0.0330603
231.855	0.0332471
233.021	0.0334195
234.11	0.0336494
235.669	0.0337644
236.72	0.0338362
237.75	0.0339368
238.761	0.0341236
239.798	0.0342672
240.85	0.0344109
241.853	0.0345115
242.918	0.0346264
244.256	0.034727
245.274	0.0348851
246.627	0.0349282
248.132	0.0349713
249.421	0.0351006
250.476	0.0352011
251.534	0.0352874
252.648	0.0353879
254.014	0.0354167
255.149	0.0355172
256.157	0.0356753
257.177	0.0358477
258.181	0.0358908
259.451	0.035977
260.47	0.0360489
261.727	0.0361638
262.747	0.0363075
263.778	0.0363649
264.805	0.0364511
265.812	0.0365948
267.046	0.036681
268.186	0.0367241
269.244	0.0367529
270.263	0.0368247
271.282	0.0368247
272.349	0.0368822
273.502	0.0369253
274.521	0.0370402
275.591	0.0370833
277.156	0.0371408
278.33	0.0371983
279.394	0.0373707
280.437	0.0375287
281.552	0.0375862
282.607	0.0377586
283.61	0.0379598
284.999	0.0380316
286.007	0.0381322
287.32	0.0382902
288.462	0.0383621
289.474	0.0384483
290.499	0.0385776
291.574	0.0386638
292.813	0.0386925
294.221	0.0388793
295.254	0.0389368
296.338	0.0389799
297.367	0.0390661
298.436	0.0391236
299.468	0.039181
300.533	0.0393247
301.71	0.0394397
302.774	0.0395115
303.866	0.0395546
304.941	0.0396121
306.161	0.0396695
307.167	0.0397701
308.217	0.0398132
309.388	0.0398851
310.445	0.0400575
311.499	0.0402011
312.614	0.0403305
313.641	0.0404454
314.948	0.0405316
316.002	0.0407615
317.084	0.0408333
318.122	0.0408477
319.123	0.0408764
320.434	0.0409052
321.583	0.0410489
322.625	0.0411494
323.755	0.0413649
324.996	0.0414368
326.02	0.0414943
327.026	0.0416667
328.122	0.0417385
329.126	0.041796
330.178	0.0419397
331.307	0.0420546
332.47	0.0421264
333.528	0.0421408
334.534	0.0422557
335.588	0.042342
336.737	0.0424425
337.989	0.0424569
339.012	0.0425
340.11	0.0427011
341.143	0.0428161
342.394	0.0429885
343.639	0.043046
344.716	0.0431178
345.876	0.0431753
347.23	0.0432615
348.277	0.0433621
349.299	0.043477
350.472	0.0434914
351.501	0.0435776
352.525	0.0436638
353.603	0.0437644
354.627	0.0438218
355.721	0.0438937
357.159	0.0439224
358.269	0.0439799
359.439	0.0439943
361.339	0.0440517
362.408	0.0440948
363.431	0.0441954
364.614	0.0443391
365.772	0.0444971
366.817	0.0446264
367.873	0.0446983
368.951	0.0447557
370	0.0448132
371.014	0.0449138
372.027	0.0449856
373.106	0.0450431
374.271	0.0451293
375.282	0.0452443
376.637	0.0453592
377.809	0.0454023
378.817	0.0455029
380.058	0.0455891
381.104	0.0457615
382.121	0.0459339
383.305	0.0460201
384.311	0.0461494
385.312	0.0461782
386.698	0.0462069
387.775	0.0462931
388.787	0.0464224
390.035	0.046523
391.095	0.0466092
392.188	0.0467385
393.508	0.0468247
394.594	0.0468678
395.606	0.046954
396.858	0.0470546
397.898	0.0471552
398.899	0.0473132
400.054	0.0473851
401.152	0.0474282
402.242	0.0474856
403.291	0.0476006
404.543	0.0477011
405.807	0.047773
407.041	0.0478592
408.101	0.0479167
409.146	0.0480029
410.415	0.0480891
411.506	0.0481753
412.708	0.0482471
413.78	0.048319
415.359	0.0484052
416.402	0.0485489
417.457	0.0485776
418.461	0.0486207
419.485	0.0487931
420.546	0.0488937
421.548	0.0490086
422.57	0.0490661
423.643	0.0491379
424.681	0.0492529
425.884	0.0493822
427.172	0.049454
428.286	0.049569
429.43	0.0496264
430.619	0.0496552
431.645	0.0497557
432.645	0.0498276
433.711	0.0499713
435.075	0.0501437
436.104	0.0502299
437.13	0.0502874
438.226	0.0503736
439.354	0.0504741
440.425	0.0506466
441.495	0.0507615
442.549	0.0508908
443.554	0.0509195
444.604	0.0509483
445.633	0.050977
446.843	0.0510345
447.916	0.0511638
449.033	0.0512356
450.269	0.0513793
451.298	0.0514368
452.312	0.0514799
453.328	0.0515086
454.346	0.0515517
455.456	0.0515948
457.305	0.0516379
458.349	0.0516954
459.689	0.0518247
460.806	0.0518247
461.857	0.0518822
463.115	0.0518822
464.362	0.0519397
465.408	0.0520259
466.412	0.0521408
467.523	0.0521695
468.543	0.0521695
469.578	0.0521983
470.592	0.052227
471.987	0.0522989
473.006	0.0523276
474.027	0.0523851
475.527	0.0524713
476.528	0.0525287
477.547	0.0526149
478.706	0.052773
479.886	0.0528592
480.894	0.0528879
481.9	0.053046
483	0.0531034
484.001	0.0533046
485.225	0.0534339
486.32	0.0535776
487.392	0.0536351
488.4	0.05375
489.605	0.0538075
491.118	0.0538649
492.124	0.0538793
493.243	0.0540086
494.371	0.0540805
495.378	0.0540948
496.522	0.0541236
497.526	0.0542098
498.608	0.0542672
499.671	0.0543391
500.68	0.0544397
501.697	0.0544971
502.716	0.0546695
503.871	0.054727
504.877	0.054842
505.995	0.0549713
507.003	0.0550718
508.128	0.0552586
509.137	0.055431
510.252	0.0555747
511.254	0.0556897
512.283	0.0559195
513.292	0.0560632
514.312	0.0563075
515.316	0.0566092
516.352	0.0567529
517.479	0.0569397
518.502	0.0571121
519.521	0.0572989
520.533	0.0576149
521.539	0.0578161
522.595	0.0580603
523.613	0.0582615
524.613	0.0583621
525.667	0.0586351
526.673	0.0589368
527.68	0.0592672
528.723	0.0594109
529.728	0.0595977
530.771	0.0598563
531.837	0.0599713
532.842	0.0602011
533.867	0.0603736
534.868	0.0607615
535.883	0.060977
537.012	0.0611207
538.016	0.0612931
539.081	0.0615805
540.149	0.0618678
541.166	0.0619971
542.227	0.0622126
543.239	0.0624856
544.275	0.0626724
545.385	0.0627874
546.426	0.0629885
547.438	0.063204
548.487	0.0634195
549.523	0.0636207
550.529	0.063908
551.597	0.0641523
552.602	0.0644253
553.605	0.0646552
554.618	0.064842
556.092	0.0650431
557.096	0.0651868
558.114	0.0653017
559.203	0.0653592
560.41	0.0655891
561.458	0.0657902
562.493	0.0658333
563.508	0.0660057
564.532	0.0661782
565.539	0.0663075
566.62	0.0664511
567.702	0.0665661
568.834	0.0668103
569.9	0.0669828
570.936	0.0671264
571.981	0.067227
572.989	0.0674425
573.996	0.0675718
575.014	0.0676868
576.035	0.0679167
577.073	0.0680316
578.112	0.0682759
579.169	0.0684052
580.239	0.068477
581.289	0.0685057
582.3	0.0686925
583.327	0.0687787
584.337	0.0688218
585.354	0.0689943
586.355	0.0692098
587.366	0.0693678
588.369	0.0694971
589.491	0.0696408
590.521	0.069842
591.557	0.0699856
592.581	0.0700575
593.595	0.0701437
594.739	0.0703017
595.86	0.0705316
596.955	0.0706322
597.968	0.0708908
599.006	0.071092
600.02	0.0712787
601.046	0.0716092
602.049	0.0717816
603.06	0.071954
604.107	0.0720833
605.113	0.0721839
606.195	0.0724282
607.291	0.0726293
608.292	0.0728592
609.377	0.0730747
610.514	0.0732759
611.521	0.0733764
612.545	0.0735345
613.553	0.07375
614.609	0.0740086
615.609	0.0741667
616.622	0.0742816
617.765	0.0743534
618.985	0.0744397
620.027	0.0745546
621.036	0.0747701
622.092	0.0748707
623.107	0.0749856
624.182	0.0750431
625.195	0.0751437
626.227	0.0752155
627.238	0.0754741
628.373	0.0756034
629.482	0.0757184
630.486	0.0759052
631.508	0.0760776
632.728	0.0762931
633.732	0.0764224
634.857	0.076681
635.869	0.0769109
636.894	0.077069
638.016	0.077227
639.055	0.077342
640.059	0.0775
641.142	0.0776293
642.183	0.0777874
643.213	0.0778879
644.249	0.0781609
645.275	0.0783477
646.287	0.0785489
647.295	0.0787931
648.32	0.0789655
649.332	0.0790661
650.338	0.0791667
651.483	0.0793391
652.483	0.0794397
653.766	0.0796121
654.795	0.0798132
655.844	0.0798994
656.882	0.0800718
657.898	0.0802299
658.906	0.0803017
659.918	0.0805603
660.939	0.080819
661.984	0.0810345
662.984	0.0812356
663.995	0.0813362
665.037	0.0814511
666.043	0.0815661
667.068	0.0817098
668.075	0.0818103
669.133	0.0819253
670.151	0.082069
671.182	0.082227
672.185	0.0822845
673.235	0.0823707
674.253	0.0824713
675.282	0.0825287
676.35	0.0826006
677.359	0.0827586
678.503	0.0828305
679.65	0.0830316
680.971	0.0831753
681.98	0.0833477
682.983	0.0833621
684.001	0.0834195
685.058	0.0835489
686.072	0.0836351
687.072	0.0838649
688.091	0.0839943
689.254	0.0840661
690.368	0.0841667
691.369	0.0843103
692.407	0.0844253
693.446	0.0845546
694.463	0.0847414
695.478	0.0848707
696.48	0.0851293
697.506	0.0852874
698.534	0.0853736
699.682	0.0856034
700.693	0.0856753
701.728	0.085819
702.759	0.0859339
703.78	0.0861638
704.827	0.0862787
705.833	0.0863506
706.877	0.0865805
707.916	0.0867098
708.94	0.0868391
709.976	0.0869253
710.998	0.0871983
712.012	0.0872989
713.018	0.0874569
714.075	0.0876437
715.15	0.0876868
716.44	0.0879167
717.453	0.0879885
718.605	0.0881178
719.666	0.0882184
720.711	0.0884052
721.754	0.0886638
722.793	0.0887644
723.884	0.0889368
724.965	0.0890661
726.04	0.0892098
727.066	0.089296
728.089	0.0895833
729.109	0.0896552
730.197	0.0898707
731.217	0.0900144
732.217	0.0901724
733.256	0.0903736
734.28	0.0904598
735.294	0.0907184
736.296	0.0908333
737.32	0.0908764
738.368	0.0909914
739.381	0.0910776
740.567	0.0912931
741.624	0.0914655
742.65	0.0915374
743.669	0.0916667
744.695	0.0917385
745.73	0.0918966
746.743	0.0919397
747.767	0.0920259
748.812	0.0921983
749.815	0.0923276
750.819	0.0925
751.829	0.0926149
752.83	0.0926868
753.85	0.0928736
754.855	0.0930029
755.964	0.0930891
756.966	0.0932184
758.013	0.0933046
759.075	0.0934483
760.101	0.0935345
761.11	0.0936351
762.126	0.0937787
763.236	0.0940374
764.255	0.0941523
765.347	0.0942241
766.361	0.094296
767.425	0.0944828
768.436	0.0947126
769.454	0.0948132
770.457	0.095
771.464	0.0951868
772.467	0.0952874
773.484	0.0954023
774.491	0.0955029
775.494	0.0955172
776.5	0.0956322
777.542	0.095819
778.546	0.0960201
779.555	0.0961351
780.558	0.0962356
781.621	0.0962931
782.692	0.0965086
783.693	0.0966523
784.756	0.0966954
785.769	0.0968534
786.846	0.0968966
787.848	0.0969684
788.851	0.0970977
789.888	0.0971552
790.985	0.0972989
792.087	0.0974282
793.119	0.0975287
794.127	0.097658
795.152	0.0977443
796.158	0.0978017
797.301	0.0979023
798.349	0.0979741
799.384	0.0980172
800.472	0.0981897
801.478	0.0984195
802.6	0.0985201
803.601	0.0986207
804.668	0.0987356
805.688	0.0988793
806.716	0.0989943
807.719	0.0992098
808.73	0.0993966
809.75	0.0995833
810.86	0.0997557
811.879	0.0998707
812.888	0.100043
814.013	0.100244
815.126	0.100302
816.199	0.10033
817.229	0.100417
818.233	0.100445
819.244	0.100532
820.245	0.100589
821.261	0.100747
822.395	0.100819
823.414	0.100905
824.419	0.101049
825.565	0.10125
826.623	0.101293
827.793	0.101365
829.208	0.101394
830.231	0.101509
831.259	0.101609
832.275	0.101695
833.3	0.10181
834.307	0.101968
835.368	0.102155
836.412	0.102299
837.429	0.102414
838.441	0.102629
839.518	0.102716
840.615	0.102816
841.627	0.102917
842.645	0.103003
843.657	0.103103
844.693	0.103247
845.719	0.103333
846.785	0.103448
847.808	0.103578
848.841	0.103764
850.004	0.103894
851.137	0.104181
852.167	0.10444
853.215	0.104583
854.216	0.104655
855.223	0.10477
856.274	0.104899
857.279	0.104971
858.328	0.105014
859.487	0.105072
860.502	0.105187
861.527	0.105402
862.607	0.10556
863.693	0.105848
864.74	0.105934
865.761	0.106063
866.856	0.106207
867.866	0.106336
868.896	0.106351
869.919	0.10648
870.951	0.106624
871.966	0.106825
873.004	0.106925
874.043	0.10704
875.056	0.107198
876.062	0.107256
877.094	0.107543
878.097	0.107629
879.187	0.107759
880.206	0.107787
881.21	0.10783
882.227	0.107931
883.239	0.10796
884.25	0.10806
885.257	0.10819
886.273	0.108348
887.275	0.108405
888.29	0.108549
889.293	0.108592
890.403	0.108678
891.43	0.108807
892.444	0.108937
893.46	0.108994
894.479	0.109066
895.567	0.109152
896.609	0.109353
897.654	0.109425
898.683	0.109425
899.728	0.109526
900.833	0.109655
901.839	0.109756
902.882	0.109828
903.948	0.109971
904.967	0.110057
905.972	0.110172
906.978	0.110374
908.13	0.110474
909.134	0.110661
910.176	0.110805
911.202	0.110934
912.206	0.111049
913.22	0.111135
914.222	0.111264
915.306	0.111422
916.36	0.111523
917.373	0.111566
918.424	0.111667
919.441	0.111796
920.461	0.111853
921.547	0.111968
922.558	0.112026
923.589	0.112083
924.631	0.112141
925.645	0.112385
926.663	0.1125
927.679	0.112615
928.693	0.112629
929.696	0.112816
930.838	0.112859
931.838	0.11306
932.894	0.11319
933.966	0.113319
934.99	0.113405
936.014	0.113477
937.024	0.113621
938.025	0.113736
939.12	0.113836
940.147	0.113951
941.199	0.114095
942.202	0.114239
943.274	0.114325
944.306	0.114411
945.313	0.114526
946.33	0.114684
947.341	0.114914
948.406	0.114986
949.517	0.115014
950.55	0.115144
951.581	0.115345
952.587	0.115445
953.598	0.115661
954.644	0.115833
955.676	0.115891
956.677	0.116049
957.742	0.116078
958.748	0.116221
959.803	0.116293
960.856	0.116379
961.911	0.116509
962.964	0.116552
964.137	0.116638
965.168	0.116638
966.207	0.11671
967.498	0.116853
968.504	0.116911
969.617	0.116968
970.617	0.117026
971.639	0.117155
972.699	0.117241
973.824	0.117284
974.885	0.117385
976.067	0.117572
977.136	0.117658
978.221	0.117802
979.25	0.118003
980.315	0.118046
981.326	0.118075
982.403	0.118233
983.409	0.118376
984.552	0.118477
985.58	0.118707
986.662	0.118807
987.682	0.118865
988.704	0.118966
989.732	0.119037
990.735	0.119138
991.773	0.119181
992.807	0.119282
993.82	0.119454
994.851	0.11954
995.905	0.119612
996.947	0.119698
998.036	0.119799
999.038	0.119914
1000.06	0.120057
1001.06	0.120316
1002.08	0.120589
1003.12	0.120891
1004.12	0.121092
1005.14	0.121394
1006.16	0.121566
1007.25	0.12181
1008.29	0.122055
1009.31	0.122342
1010.31	0.122572
1011.33	0.12273
1012.39	0.122917
1013.46	0.123103
1014.47	0.123362
1015.49	0.123606
1016.5	0.123764
1017.5	0.124037
1018.56	0.124152
1019.56	0.124497
1020.57	0.124713
1021.59	0.125014
1022.6	0.125057
1023.64	0.125201
1024.7	0.125417
1025.71	0.125632
1026.76	0.125776
1027.8	0.12602
1028.83	0.126207
1029.88	0.126552
1030.88	0.126897
1031.89	0.127141
1032.89	0.127328
1033.9	0.127486
1034.91	0.127701
1035.91	0.127945
1036.92	0.128103
1037.93	0.128319
1038.93	0.128463
1039.94	0.128693
1040.94	0.128966
1041.95	0.129181
1042.96	0.12944
1043.97	0.129856
1044.98	0.130101
1046	0.130345
1047.07	0.13046
1048.09	0.130632
1049.11	0.130733
1050.14	0.130905
1051.15	0.131078
1052.15	0.131394
1053.15	0.131724
1054.22	0.131897
1055.22	0.132098
1056.27	0.132241
1057.29	0.132356
1058.3	0.132629
1059.33	0.132845
1060.34	0.13306
1061.35	0.13319
1062.36	0.133534
1063.42	0.133707
1064.44	0.133865
1065.5	0.134037
1066.5	0.13421
1067.51	0.134339
1068.52	0.134698
1069.54	0.134986
1070.57	0.135201
1071.57	0.135445
1072.58	0.135517
1073.59	0.135718
1074.67	0.135905
1075.67	0.136164
1076.7	0.136422
1077.73	0.136609
1078.77	0.136825
1079.8	0.13704
1080.81	0.137227
1081.85	0.1375
1082.89	0.137586
1083.89	0.137787
1084.91	0.138017
1085.91	0.138261
1086.97	0.13842
1087.97	0.138549
1089	0.138721
1090.01	0.138807
1091.06	0.138908
1092.07	0.13908
1093.08	0.139282
1094.1	0.13944
1095.13	0.139569
1096.16	0.13967
1097.17	0.139885
1098.18	0.140115
1099.19	0.140402
1100.2	0.14056
1101.2	0.140704
1102.26	0.140862
1103.29	0.140963
1104.3	0.141092
1105.3	0.141307
1106.31	0.141408
1107.32	0.141537
1108.35	0.141782
1109.36	0.14194
1110.38	0.142141
1111.42	0.142284
1112.42	0.142514
1113.42	0.14273
1114.43	0.142888
1115.43	0.143089
1116.43	0.143276
1117.45	0.143405
1118.47	0.143563
1119.48	0.143736
1120.48	0.143865
1121.54	0.144124
1122.55	0.144224
1123.55	0.144368
1124.57	0.14454
1125.57	0.144727
1126.59	0.144799
1127.6	0.144957
1128.65	0.145101
1129.65	0.145216
1130.69	0.145431
1131.7	0.145733
1132.7	0.145934
1133.71	0.146121
1134.77	0.146279
1135.77	0.146422
1136.9	0.146537
1137.92	0.146724
1138.93	0.146925
1139.94	0.147069
1140.95	0.147141
1141.95	0.147284
1142.95	0.147428
1143.97	0.147543
1144.97	0.147629
1146	0.147744
1147.03	0.147931
1148.03	0.147989
1149.05	0.148075
1150.09	0.148204
1151.09	0.148261
1152.11	0.148448
1153.12	0.148534
1154.16	0.148707
1155.18	0.148908
1156.19	0.149095
1157.19	0.149138
1158.21	0.149239
1159.24	0.149454
1160.26	0.149626
1161.29	0.149698
1162.31	0.149914
1163.31	0.150043
1164.33	0.150172
1165.35	0.150244
1166.35	0.150287
1167.36	0.150402
1168.41	0.150532
1169.42	0.150776
1170.5	0.15092
1171.53	0.151063
1172.53	0.151178
1173.54	0.15125
1174.62	0.151336
1175.66	0.151494
1176.71	0.151667
1177.71	0.151911
1178.71	0.152227
1179.72	0.152414
1180.77	0.152601
1181.78	0.152874
1182.78	0.152989
1183.79	0.153161
1184.79	0.153463
1185.82	0.153678
1186.83	0.153822
1187.86	0.153951
1188.86	0.154109
1189.87	0.154253
1190.88	0.154353
1191.92	0.154411
1192.94	0.154684
1193.98	0.154756
1194.99	0.154813
1195.99	0.155029
1196.99	0.155244
1198.03	0.155302
1199.03	0.155489
1200.04	0.155503
1201.06	0.155747
1202.08	0.155905
1203.08	0.156006
1204.13	0.156178
1205.15	0.156207
1206.17	0.156322
1207.17	0.156494
1208.2	0.15658
1209.29	0.156767
1210.31	0.156868
1211.41	0.156911
1212.42	0.157011
1213.43	0.157112
1214.44	0.157184
1215.51	0.157313
1216.51	0.157471
1217.53	0.157572
1218.56	0.157744
1219.63	0.157888
1220.64	0.15796
1221.67	0.158118
1222.68	0.158247
1223.69	0.158362
1224.7	0.158563
1225.72	0.158678
1226.72	0.158736
1227.72	0.158836
1228.73	0.158937
1229.74	0.159037
1230.8	0.159181
1231.86	0.159296
1232.88	0.159511
1233.88	0.159713
1234.9	0.159799
1235.95	0.159914
1236.96	0.160029
1237.96	0.160259
1238.98	0.160388
1240.01	0.160445
1241.08	0.160489
1242.09	0.160589
1243.11	0.160675
1244.11	0.16079
1245.14	0.160948
1246.16	0.161121
1247.16	0.161164
1248.17	0.161193
1249.19	0.161307
1250.2	0.161394
1251.21	0.161509
1252.45	0.161609
1253.46	0.161767
1254.46	0.162011
1255.5	0.162126
1256.53	0.162227
1257.54	0.162299
1258.55	0.162356
1259.55	0.162486
1260.56	0.162601
1261.57	0.162787
1262.58	0.162859
1263.59	0.163003
1264.6	0.163147
1265.64	0.16329
1266.64	0.163391
1267.64	0.163549
1268.66	0.163721
1269.66	0.163779
1270.68	0.163908
1271.78	0.163937
1272.79	0.164023
1273.81	0.164152
1274.84	0.164296
1275.93	0.164368
1276.97	0.164497
1278.03	0.164583
1279.06	0.164713
1280.09	0.164842
1281.11	0.164914
1282.11	0.165043
1283.19	0.165172
1284.21	0.165259
1285.24	0.165345
1286.26	0.165517
1287.32	0.165632
1288.39	0.165675
1289.39	0.165747
1290.43	0.165833
1291.49	0.16592
1292.52	0.166178
1293.61	0.166336
1294.63	0.166552
1295.77	0.166681
1296.8	0.166839
1297.8	0.166911
1298.82	0.166983
1299.83	0.167155
1300.94	0.167356
1301.97	0.167572
1302.99	0.167615
1304.07	0.167644
1305.08	0.167672
1306.11	0.167744
1307.17	0.16783
1308.18	0.16796
1309.2	0.168161
1310.21	0.168305
1311.24	0.168477
1312.35	0.168664
1313.36	0.168807
1314.37	0.168922
1315.41	0.169009
1316.49	0.16908
1317.49	0.169109
1318.49	0.169239
1319.51	0.16931
1320.63	0.169454
1321.66	0.169569
1322.76	0.16967
1323.84	0.169828
1324.86	0.169928
1325.86	0.170101
1326.87	0.170273
1327.9	0.170474
1328.91	0.170647
1329.93	0.170848
1330.95	0.170905
1331.97	0.171006
1332.99	0.171135
1334.03	0.17125
1335.07	0.171365
1336.08	0.171494
1337.08	0.171681
1338.09	0.171796
1339.11	0.171882
1340.12	0.171983
1341.13	0.172026
1342.14	0.172155
1343.14	0.172213
1344.14	0.17227
1345.15	0.172328
1346.16	0.172385
1347.17	0.172529
1348.19	0.172615
1349.21	0.17273
1350.21	0.172945
1351.37	0.173132
1352.37	0.173161
1353.38	0.173348
1354.39	0.173434
1355.5	0.173549
1356.5	0.173606
1357.51	0.173836
1358.53	0.174023
1359.55	0.174066
1360.58	0.174296
1361.66	0.174382
1362.66	0.174555
1363.66	0.174583
1364.66	0.174626
1365.81	0.174655
1366.83	0.17467
1367.89	0.174713
1368.9	0.174756
1369.96	0.174799
1370.99	0.174928
1372	0.174957
1373.01	0.175072
1374.02	0.175216
1375.02	0.175287
1376.03	0.175431
1377.06	0.175618
1378.21	0.175776
1379.24	0.175876
1380.31	0.176034
1381.32	0.176092
1382.35	0.17625
1383.41	0.176595
1384.42	0.17671
1385.44	0.176868
1386.44	0.177184
1387.5	0.177342
1388.51	0.177457
1389.72	0.177615
1390.77	0.177759
1391.8	0.177945
1392.81	0.17806
1393.93	0.178147
1394.94	0.178218
1395.97	0.178305
1397.03	0.178348
1398.04	0.178434
1399.05	0.178592
1400.06	0.178678
1401.08	0.17875
1402.08	0.178836
1403.15	0.178951
1404.16	0.17908
1405.16	0.179224
1406.18	0.17931
1407.23	0.179353
1408.23	0.17944
1409.3	0.179511
1410.32	0.179641
1411.32	0.17977
1412.48	0.179914
1413.53	0.180187
1414.54	0.180244
1415.55	0.18033
1416.59	0.180417
1417.59	0.180661
1418.6	0.180747
1419.69	0.180776
1420.71	0.180833
1421.75	0.180905
1422.78	0.181178
1423.82	0.18125
1424.84	0.181379
1425.84	0.181466
1426.87	0.181552
1427.87	0.18171
1428.9	0.181796
1429.94	0.181925
1430.95	0.182198
1432.02	0.18227
1433.03	0.182313
1434.04	0.182486
1435.07	0.182586
1436.19	0.18273
1437.33	0.182787
1438.39	0.182917
1439.42	0.18296
1440.44	0.18306
1441.44	0.183089
1442.56	0.183175
1443.62	0.183233
1444.63	0.183362
1445.63	0.183506
1446.72	0.18352
1447.77	0.183707
1448.79	0.183836
1449.8	0.183937
1450.8	0.183951
1451.82	0.183994
1452.83	0.184138
1453.84	0.18431
1454.87	0.184382
1455.96	0.184511
1456.99	0.184598
1457.99	0.18467
1458.99	0.184756
1460.02	0.184842
1461.04	0.184943
1462.05	0.185072
1463.06	0.185187
1464.09	0.185374
1465.09	0.185503
1466.14	0.185704
1467.15	0.185848
1468.15	0.185977
1469.16	0.186106
1470.21	0.186164
1471.21	0.186279
1472.21	0.186336
1473.24	0.186437
1474.26	0.186552
1475.29	0.18658
1476.38	0.186753
1477.39	0.18694
1478.5	0.187083
1479.52	0.187155
1480.54	0.187256
1481.56	0.187414
1482.56	0.187572
1483.56	0.187687
1484.84	0.187802
1485.84	0.187874
1486.91	0.18796
1488.02	0.188132
1489.02	0.188305
1490.09	0.188391
1491.09	0.188477
1492.09	0.188592
1493.17	0.188664
1494.21	0.188721
1495.23	0.188822
1496.24	0.189009
1497.24	0.189167
1498.26	0.189253
1499.3	0.189368
1500.31	0.189555
1501.31	0.18967
1502.31	0.189842
1503.32	0.190057
1504.47	0.190302
1505.47	0.190503
1506.48	0.190575
1507.49	0.190661
1508.5	0.190761
1509.54	0.190948
1510.55	0.191135
1511.55	0.191279
1512.55	0.191394
1513.55	0.191609
1514.6	0.191897
1515.6	0.192011
1516.6	0.19217
1517.66	0.192356
1518.68	0.192557
1519.72	0.19283
1520.75	0.193046
1521.76	0.193247
1522.76	0.193405
1523.77	0.19352
1524.77	0.193764
1525.78	0.193937
1526.8	0.194095
1527.81	0.194239
1528.83	0.194339
1529.87	0.194497
1530.92	0.19477
1531.94	0.194899
1532.94	0.195158
1533.94	0.195374
1535.05	0.195632
1536.08	0.195819
1537.11	0.195948
1538.14	0.196106
1539.17	0.196178
1540.2	0.19625
1541.21	0.196437
1542.21	0.196566
1543.23	0.196724
1544.25	0.196882
1545.25	0.197026
1546.25	0.197126
1547.26	0.197356
1548.26	0.197615
1549.28	0.197902
1550.28	0.198132
1551.31	0.198333
1552.34	0.198549
1553.38	0.198707
1554.38	0.198879
1555.42	0.198951
1556.46	0.19908
1557.46	0.199382
1558.47	0.199641
1559.47	0.199813
1560.49	0.200057
1561.53	0.200158
1562.58	0.200244
1563.59	0.200489
1564.63	0.200618
1565.63	0.200761
1566.72	0.200963
1567.72	0.201135
1568.77	0.201351
1569.81	0.201681
1570.82	0.201825
1571.82	0.201911
1572.92	0.201997
1573.94	0.20217
1574.95	0.202299
1575.96	0.202443
1576.97	0.202687
1578.01	0.202989
1579.02	0.20319
1580.06	0.203348
1581.07	0.203549
1582.12	0.20375
1583.12	0.203922
1584.13	0.204023
1585.14	0.204253
1586.14	0.204425
1587.14	0.204569
1588.15	0.204784
1589.2	0.204971
1590.25	0.205172
1591.25	0.205345
1592.28	0.205474
1593.3	0.205632
1594.36	0.20579
1595.36	0.205948
1596.36	0.206236
1597.37	0.206422
1598.47	0.206609
1599.55	0.206882
1600.58	0.207083
1601.65	0.207213
1602.66	0.207356
1603.67	0.207557
1604.67	0.207701
1605.68	0.207874
1606.69	0.208003
1607.7	0.20819
1608.7	0.208319
1609.72	0.208534
1610.76	0.208822
1611.77	0.209109
1612.78	0.209253
1613.82	0.209368
1614.83	0.209612
1615.84	0.209828
1616.84	0.210014
1617.88	0.210187
1618.88	0.210302
1619.89	0.21046
1620.89	0.210575
1621.9	0.210819
1622.91	0.211307
1623.91	0.211523
1624.92	0.211652
1626.04	0.211911
1627.05	0.212141
1628.05	0.212284
1629.05	0.212371
1630.08	0.212543
1631.08	0.212672
1632.1	0.212902
1633.1	0.21306
1634.15	0.213233
1635.16	0.21342
1636.16	0.213578
1637.17	0.213736
1638.18	0.213865
1639.18	0.214009
1640.21	0.214239
1641.23	0.21454
1642.28	0.214799
1643.29	0.215029
1644.3	0.215216
1645.32	0.215517
1646.36	0.215632
1647.42	0.215761
1648.43	0.215848
1649.44	0.21602
1650.45	0.216221
1651.47	0.216379
1652.47	0.216509
1653.49	0.216753
1654.5	0.216853
1655.51	0.217026
1656.52	0.217184
1657.53	0.217284
1658.53	0.217399
1659.53	0.217572
1660.55	0.217716
1661.56	0.21783
1662.59	0.218046
1663.59	0.218204
1664.63	0.218319
1665.63	0.21842
1666.65	0.218592
1667.67	0.218736
1668.67	0.219023
1669.68	0.219195
1670.69	0.219325
1671.69	0.219483
1672.7	0.219626
1673.71	0.219871
1674.72	0.220014
1675.74	0.220216
1676.74	0.220388
1677.75	0.220503
1678.77	0.220704
1679.77	0.22092
1680.78	0.221178
1681.8	0.221379
1682.91	0.221566
1683.93	0.221825
1684.97	0.22194
1686.04	0.222126
1687.04	0.222213
1688.06	0.22227
1689.06	0.222428
1690.1	0.222615
1691.14	0.222845
1692.15	0.223017
1693.17	0.223103
1694.22	0.223333
1695.22	0.22342
1696.22	0.22352
1697.23	0.223851
1698.23	0.223879
1699.23	0.224023
1700.23	0.22421
1701.3	0.224353
1702.32	0.224468
1703.34	0.224612
1704.34	0.224943
1705.35	0.225302
1706.35	0.22556
1707.35	0.225647
1708.36	0.225862
1709.37	0.225948
1710.38	0.226121
1711.4	0.226307
1712.4	0.226451
1713.42	0.226566
1714.43	0.226681
1715.46	0.226753
1716.48	0.226983
1717.49	0.22717
1718.5	0.227399
1719.51	0.227471
1720.51	0.227572
1721.53	0.227744
1722.59	0.227917
1723.61	0.228118
1724.61	0.228233
1725.62	0.228405
1726.65	0.228534
1727.67	0.228721
1728.73	0.228894
1729.73	0.22908
1730.77	0.229282
1731.78	0.229382
1732.79	0.229583
1733.88	0.22977
1734.9	0.229871
1736.01	0.23
1737.01	0.230129
1738.01	0.230273
1739.02	0.230345
1740.03	0.230546
1741.03	0.230661
1742.06	0.230833
1743.06	0.231006
1744.07	0.23125
1745.07	0.231365
1746.08	0.231451
1747.17	0.231667
1748.17	0.231695
1749.23	0.231853
1750.25	0.23194
1751.26	0.232069
1752.27	0.232155
1753.27	0.232241
1754.27	0.232328
1755.29	0.232557
1756.29	0.232701
1757.3	0.232859
1758.31	0.23296
1759.34	0.233147
1760.34	0.233233
1761.36	0.233376
1762.38	0.233448
1763.39	0.233491
1764.4	0.233506
1765.47	0.233578
1766.47	0.233707
1767.49	0.233851
1768.53	0.234023
1769.53	0.234167
1770.54	0.234282
1771.56	0.234483
1772.61	0.234598
1773.61	0.23467
1774.66	0.234741
1775.75	0.234971
1776.76	0.235115
1777.77	0.235259
1778.77	0.235388
1779.8	0.235517
1780.83	0.235661
1781.83	0.235747
1782.87	0.235819
1783.87	0.23592
1784.9	0.23602
1785.91	0.236121
1786.91	0.236264
1787.93	0.236394
1788.94	0.236494
1789.94	0.23671
1790.95	0.236782
1791.97	0.236925
1792.97	0.237126
1794.03	0.23727
1795.04	0.237356
1796.05	0.237443
1797.06	0.237615
1798.07	0.23773
1799.15	0.237902
1800.16	0.238103
1801.16	0.238132
1802.16	0.238376
1803.17	0.23852
1804.17	0.238649
1805.18	0.238807
1806.2	0.23908
1807.26	0.239138
1808.27	0.239267
1809.32	0.239353
1810.32	0.239468
1811.32	0.239583
1812.33	0.239641
1813.33	0.239727
1814.34	0.239856
1815.36	0.239943
1816.36	0.240072
1817.39	0.240129
1818.42	0.240216
1819.42	0.240345
1820.43	0.24046
1821.44	0.24056
1822.45	0.240776
1823.46	0.240819
1824.47	0.240963
1825.49	0.241135
1826.49	0.241221
1827.5	0.241336
1828.5	0.241552
1829.53	0.241681
1830.54	0.241825
1831.56	0.24194
1832.59	0.242026
1833.61	0.242126
1834.61	0.242227
1835.62	0.242342
1836.62	0.242414
1837.63	0.242557
1838.67	0.242644
1839.69	0.242787
1840.69	0.242845
1841.71	0.242931
1842.71	0.24296
1843.71	0.243017
1844.73	0.243147
1845.73	0.243333
1846.74	0.243463
1847.76	0.243534
1848.83	0.243664
1849.83	0.243865
1850.84	0.243966
1851.84	0.244095
1852.85	0.244253
1853.85	0.244497
1854.85	0.244569
1855.86	0.244698
1856.87	0.244914
1857.9	0.244986
1858.91	0.245115
1859.92	0.24523
1860.92	0.245359
1861.92	0.245503
1862.92	0.245647
1863.93	0.245805
1864.98	0.245934
1865.98	0.246049
1866.99	0.246221
1868.01	0.246336
1869.02	0.246595
1870.03	0.246624
1871.11	0.24671
1872.12	0.246853
1873.13	0.246997
1874.15	0.247055
1875.15	0.247155
1876.16	0.24727
1877.19	0.247399
1878.21	0.247629
1879.22	0.247744
1880.22	0.247874
1881.23	0.248032
1882.23	0.248089
1883.25	0.248175
1884.25	0.248233
1885.26	0.248261
1886.27	0.248391
1887.27	0.248578
1888.27	0.248693
1889.28	0.24875
1890.29	0.248922
1891.3	0.249023
1892.3	0.249138
1893.3	0.24921
1894.31	0.249425
1895.33	0.249497
1896.34	0.249684
1897.4	0.249871
1898.43	0.249957
1899.43	0.250129
1900.44	0.250259
1901.45	0.250345
1902.48	0.250445
1903.48	0.250589
1904.51	0.250704
1905.55	0.25079
1906.56	0.250963
1907.57	0.251049
1908.58	0.251121
1909.59	0.251178
1910.6	0.251293
1911.63	0.251322
1912.66	0.251494
1913.72	0.251552
1914.73	0.251624
1915.73	0.25171
1916.73	0.251825
1917.74	0.251925
1918.74	0.251983
1919.77	0.252083
1920.79	0.252198
1921.8	0.252256
1922.85	0.252428
1923.86	0.252557
1924.87	0.252672
1925.87	0.25283
1926.87	0.25296
1927.88	0.253118
1928.89	0.253276
1929.97	0.253405
1930.99	0.253448
1931.99	0.253534
1933.01	0.253606
1934.04	0.253678
1935.05	0.253764
1936.06	0.253836
1937.11	0.253937
1938.11	0.254052
1939.18	0.254152
1940.2	0.25421
1941.22	0.25431
1942.25	0.254454
1943.26	0.254555
1944.26	0.25467
1945.38	0.254727
1946.39	0.254813
1947.41	0.254957
1948.41	0.255086
1949.41	0.255244
1950.42	0.25533
1951.44	0.255388
1952.45	0.255546
1953.45	0.255661
1954.45	0.25579
1955.45	0.255876
1956.47	0.255977
1957.47	0.256092
1958.48	0.256293
1959.48	0.256394
1960.56	0.256552
1961.57	0.256695
1962.57	0.256767
1963.59	0.256954
1964.59	0.25704
1965.6	0.257112
1966.62	0.257213
1967.63	0.257414
1968.73	0.257557
1969.74	0.257644
1970.8	0.257859
1971.82	0.257945
1972.83	0.258032
1973.85	0.258132
1974.86	0.258233
1975.9	0.258319
1976.9	0.25842
1977.91	0.258563
1978.92	0.258635
1979.93	0.258707
1980.93	0.258865
1982.09	0.258966
1983.13	0.259023
1984.13	0.259066
1985.15	0.259109
1986.17	0.259195
1987.17	0.259296
1988.18	0.259411
1989.2	0.259526
1990.2	0.259626
1991.22	0.259741
1992.24	0.259842
1993.24	0.259957
1994.25	0.259986
1995.25	0.260101
1996.28	0.260244
1997.29	0.260287
1998.35	0.260345
1999.35	0.260489
2000.36	0.260647
2001.37	0.260905
2002.37	0.261178
2003.38	0.261422
2004.4	0.261652
2005.42	0.261767
2006.42	0.261983
2007.44	0.262184
2008.44	0.262414
2009.46	0.262543
2010.48	0.262615
2011.49	0.262744
2012.49	0.262945
2013.5	0.263147
2014.51	0.26329
2015.51	0.263405
2016.53	0.263563
2017.54	0.263678
2018.54	0.263836
2019.56	0.264037
2020.56	0.264167
2021.56	0.26431
2022.57	0.264454
2023.59	0.264598
2024.6	0.264799
2025.6	0.265043
2026.61	0.265115
2027.61	0.265244
2028.65	0.265374
2029.65	0.265546
2030.71	0.265733
2031.72	0.265963
2032.73	0.266135
2033.74	0.266279
2034.74	0.26648
2035.78	0.266609
2036.79	0.266767
2037.79	0.266853
2038.8	0.26694
2039.86	0.267026
2040.87	0.267213
2041.87	0.267457
2042.87	0.267687
2043.88	0.267787
2044.88	0.267917
2045.97	0.26806
2046.98	0.268218
2048.02	0.268448
2049.04	0.268578
2050.04	0.268793
2051.05	0.268937
2052.05	0.269167
2053.05	0.269368
2054.06	0.269397
2055.07	0.269468
2056.07	0.269598
2057.08	0.269799
2058.09	0.270029
2059.12	0.270115
2060.13	0.270259
2061.14	0.270359
2062.16	0.270431
2063.17	0.270589
2064.17	0.270733
2065.19	0.27092
2066.2	0.271106
2067.21	0.271264
2068.23	0.271365
2069.24	0.271466
2070.24	0.271652
2071.25	0.271782
2072.25	0.271882
2073.26	0.272026
2074.26	0.272141
2075.26	0.272299
2076.26	0.272414
2077.27	0.272644
2078.29	0.272759
2079.3	0.272989
2080.31	0.273075
2081.32	0.273161
2082.34	0.273247
2083.35	0.273549
2084.38	0.273693
2085.39	0.273922
2086.4	0.274109
2087.4	0.274239
2088.45	0.274382
2089.45	0.274569
2090.46	0.274727
2091.53	0.274871
2092.54	0.275029
2093.56	0.275187
2094.6	0.275302
2095.62	0.275388
2096.63	0.275517
2097.63	0.275661
2098.64	0.275805
2099.65	0.275991
2100.67	0.276236
2101.69	0.276394
2102.71	0.276595
2103.72	0.276767
2104.73	0.276954
2105.75	0.277213
2106.77	0.277399
2107.77	0.2775
2108.79	0.277716
2109.8	0.277902
2110.82	0.278032
2111.86	0.278247
2112.9	0.278348
2113.94	0.27852
2114.94	0.278621
2115.94	0.278736
2116.95	0.278894
2117.95	0.279009
2118.96	0.279167
2119.97	0.279239
2120.98	0.279339
2121.98	0.279425
2122.98	0.279511
2123.98	0.279813
2124.99	0.280014
2126	0.280172
2127	0.280345
2128.07	0.280489
2129.07	0.280647
2130.12	0.280905
2131.13	0.281106
2132.13	0.281307
2133.13	0.281451
2134.13	0.281638
2135.15	0.281739
2136.16	0.281882
2137.16	0.282098
2138.16	0.282184
2139.16	0.282299
2140.18	0.282486
2141.19	0.282586
2142.19	0.282716
2143.22	0.282859
2144.22	0.283089
2145.24	0.283261
2146.25	0.283391
2147.27	0.283549
2148.27	0.283707
2149.29	0.283836
2150.31	0.283994
2151.38	0.284066
2152.38	0.284181
2153.39	0.284368
2154.39	0.284526
2155.39	0.284684
2156.39	0.28477
2157.4	0.285043
2158.4	0.285259
2159.42	0.285359
2160.43	0.285589
2161.48	0.285704
2162.48	0.285862
2163.48	0.285991
2164.51	0.286078
2165.51	0.286264
2166.51	0.286437
2167.52	0.286552
2168.54	0.286667
2169.54	0.286753
2170.54	0.286968
2171.56	0.287227
2172.57	0.287342
2173.57	0.287572
2174.58	0.287687
2175.59	0.287816
2176.6	0.287945
2177.62	0.28806
2178.62	0.28829
2179.63	0.28842
2180.65	0.288592
2181.65	0.288793
2182.65	0.289066
2183.65	0.289253
2184.67	0.289425
2185.67	0.289583
2186.68	0.289727
2187.71	0.289856
2188.72	0.29
2189.75	0.290129
2190.75	0.290244
2191.77	0.290532
2192.8	0.290661
2193.81	0.290833
2194.82	0.29092
2195.85	0.290991
2196.87	0.291121
2197.87	0.291264
2198.87	0.291408
2199.87	0.291667
2200.87	0.291925
2201.88	0.292098
2202.88	0.292256
2203.88	0.292443
2204.89	0.292615
2205.93	0.292701
2206.94	0.292787
2207.94	0.292902
2208.94	0.293175
2209.94	0.29342
2210.95	0.293549
2211.97	0.293592
2213	0.293693
2214.01	0.293807
2215.01	0.293922
2216.03	0.294066
2217.03	0.29421
2218.03	0.294325
2219.04	0.29454
2220.04	0.294727
2221.04	0.294885
2222.05	0.294986
2223.17	0.295115
2224.17	0.295302
2225.17	0.295388
2226.18	0.295517
2227.19	0.29556
2228.19	0.295618
2229.2	0.295747
2230.2	0.295991
2231.21	0.296063
2232.22	0.29625
2233.26	0.296336
2234.32	0.296466
2235.32	0.296595
2236.33	0.296681
2237.34	0.296839
2238.35	0.296968
2239.37	0.297011
2240.38	0.297112
2241.38	0.297198
2242.39	0.297299
2243.41	0.297443
2244.42	0.297586
2245.42	0.297773
2246.43	0.297945
2247.43	0.298089
2248.43	0.298319
2249.45	0.298534
2250.47	0.298793
2251.47	0.299023
2252.47	0.299109
2253.48	0.299195
2254.49	0.29931
2255.49	0.299497
2256.5	0.299684
2257.5	0.299885
2258.5	0.300029
2259.52	0.300172
2260.52	0.300273
2261.54	0.300431
2262.55	0.300575
2263.57	0.300733
2264.57	0.300891
2265.58	0.301063
2266.58	0.301293
2267.59	0.301509
2268.61	0.301739
2269.61	0.301825
2270.63	0.302069
2271.63	0.302227
2272.64	0.302414
2273.64	0.302557
2274.66	0.30273
2275.68	0.30283
2276.69	0.302989
2277.69	0.303261
2278.69	0.303376
2279.72	0.303434
2280.73	0.303506
2281.74	0.303649
2282.74	0.303822
2283.75	0.303922
2284.75	0.304181
2285.76	0.304325
2286.77	0.304511
2287.78	0.304641
2288.8	0.304799
2289.8	0.304943
2290.8	0.304986
2291.81	0.305158
2292.81	0.305359
2293.82	0.305431
2294.83	0.305517
2295.83	0.305661
2296.84	0.305805
2297.84	0.30592
2298.84	0.306034
2299.85	0.306193
2300.85	0.306351
2301.86	0.306494
2302.86	0.30658
2303.87	0.306739
2304.89	0.306897
2305.9	0.307055
2306.91	0.307126
2307.92	0.307256
2308.92	0.307328
2309.93	0.307514
2310.94	0.307644
2311.94	0.30783
2312.96	0.308032
2313.96	0.308247
2314.96	0.308376
2315.96	0.308578
2316.97	0.308707
2317.98	0.308836
2318.98	0.308937
2319.99	0.309052
2320.99	0.309167
2321.99	0.309325
2323.02	0.309497
2324.02	0.309698
2325.03	0.309856
2326.03	0.309928
2327.04	0.310072
2328.06	0.310201
2329.07	0.310273
2330.07	0.310431
2331.08	0.310589
2332.09	0.310833
2333.09	0.310991
2334.1	0.311121
2335.1	0.311207
2336.1	0.311379
2337.1	0.311523
2338.11	0.311624
2339.11	0.311767
2340.11	0.311882
2341.11	0.31204
2342.13	0.312184
2343.14	0.312256
2344.15	0.312356
2345.16	0.312414
2346.17	0.312514
2347.18	0.312672
2348.2	0.312802
2349.2	0.312874
2350.23	0.313017
2351.23	0.313118
2352.25	0.313218
2353.28	0.313305
2354.3	0.31342
2355.31	0.313606
2356.33	0.313836
2357.34	0.31398
2358.34	0.314124
2359.36	0.314253
2360.37	0.314425
2361.38	0.31454
2362.39	0.314713
2363.41	0.314943
2364.41	0.315072
2365.44	0.315187
2366.45	0.315273
2367.46	0.31533
2368.46	0.315445
2369.48	0.315589
2370.48	0.315661
2371.49	0.315747
2372.51	0.315848
2373.51	0.31602
2374.54	0.316178
2375.56	0.316307
2376.57	0.31648
2377.58	0.31658
2378.58	0.316695
2379.59	0.316825
2380.6	0.31694
2381.6	0.317098
2382.61	0.317227
2383.61	0.317342
2384.61	0.317443
2385.63	0.317601
2386.63	0.317716
2387.66	0.317744
2388.66	0.317802
2389.68	0.31796
2390.68	0.318103
2391.69	0.318175
2392.7	0.318204
2393.7	0.318276
2394.72	0.318391
2395.72	0.318477
2396.73	0.318534
2397.74	0.318693
2398.74	0.318807
2399.76	0.318879
2400.77	0.31898
2401.78	0.319052
2402.79	0.319138
2403.8	0.319195
2404.81	0.319282
2405.81	0.319397
2406.81	0.319526
2407.82	0.319713
2408.82	0.319828
2409.82	0.319971
2410.84	0.320072
2411.84	0.320216
2412.95	0.320287
2413.96	0.320431
2414.97	0.320489
2415.97	0.320647
2416.99	0.320747
2417.99	0.320805
2419	0.320991
2420	0.321149
2421.01	0.321207
2422.01	0.321307
2423.01	0.321379
2424.02	0.321552
2425.03	0.321695
2426.04	0.321853
2427.05	0.321954
2428.05	0.322126
2429.05	0.322227
2430.05	0.322342
2431.06	0.322514
2432.07	0.322615
2433.11	0.322716
2434.12	0.322845
2435.12	0.322989
2436.12	0.323075
2437.13	0.323132
2438.13	0.323218
2439.15	0.323276
2440.15	0.32342
2441.16	0.323549
2442.16	0.323707
2443.18	0.323793
2444.19	0.323851
2445.2	0.323894
2446.2	0.323951
2447.22	0.32398
2448.22	0.32408
2449.22	0.324167
2450.24	0.324267
2451.25	0.324397
2452.26	0.324497
2453.28	0.324612
2454.29	0.324713
2455.3	0.324813
2456.33	0.324928
2457.41	0.325172
2458.42	0.325345
2459.42	0.325517
2460.47	0.325675
2461.47	0.325733
2462.48	0.325776
2463.51	0.325905
2464.52	0.32602
2465.56	0.326149
2466.58	0.326279
2467.6	0.326451
2468.6	0.326494
2469.62	0.326552
2470.63	0.326724
2471.67	0.326839
2472.68	0.326911
2473.73	0.326997
2474.73	0.327155
2475.74	0.32727
2476.74	0.327385
2477.75	0.327471
2478.78	0.327601
2479.83	0.327759
2480.84	0.327859
2481.86	0.327945
2482.88	0.328003
2483.88	0.328147
2484.89	0.32819
2485.89	0.328276
2486.91	0.328319
2487.92	0.328463
2488.93	0.328606
2489.93	0.328807
2490.97	0.328994
2491.97	0.32908
2492.97	0.329239
2493.98	0.329397
2495	0.329483
2496.01	0.329569
2497.02	0.329713
2498.04	0.329871
2499.04	0.329928
2500.04	0.329986
2501.04	0.330115
2502.05	0.330273
2503.06	0.330417
2504.06	0.330532
2505.06	0.330632
2506.07	0.330805
2507.07	0.330991
2508.07	0.331149
2509.07	0.331307
2510.08	0.331466
2511.09	0.331624
2512.09	0.331796
2513.12	0.331897
2514.13	0.332083
2515.14	0.332198
2516.14	0.332342
2517.15	0.332514
2518.15	0.332658
2519.15	0.332845
2520.16	0.33296
2521.16	0.333075
2522.17	0.333362
2523.17	0.333477
2524.19	0.333578
2525.2	0.333736
2526.2	0.333865
2527.21	0.33398
2528.21	0.334109
2529.22	0.334325
2530.23	0.334425
2531.23	0.334526
2532.25	0.334698
2533.25	0.334885
2534.26	0.335086
2535.26	0.335216
2536.26	0.335374
2537.26	0.335517
2538.27	0.335761
2539.29	0.335905
2540.29	0.336049
2541.3	0.336264
2542.3	0.336451
2543.3	0.33658
2544.3	0.336767
2545.31	0.336925
2546.31	0.337083
2547.32	0.337313
2548.33	0.337557
2549.34	0.337644
2550.35	0.337859
2551.37	0.338046
2552.38	0.338233
2553.38	0.338333
2554.38	0.338534
2555.4	0.338678
2556.41	0.338851
2557.41	0.339023
2558.42	0.339167
2559.42	0.339382
2560.42	0.33954
2561.42	0.339713
2562.43	0.339885
2563.43	0.340115
2564.43	0.340216
2565.43	0.340374
2566.45	0.34056
2567.46	0.340761
2568.46	0.340862
2569.47	0.341063
2570.48	0.341092
2571.48	0.341264
2572.48	0.341336
2573.49	0.34158
2574.49	0.341753
2575.49	0.341968
2576.5	0.34217
2577.5	0.342313
2578.5	0.342471
2579.54	0.342687
2580.54	0.342931
2581.55	0.343089
2582.55	0.343175
2583.55	0.343261
2584.57	0.343506
2585.57	0.343606
2586.59	0.343822
2587.59	0.343922
2588.59	0.344124
2589.59	0.34431
2590.6	0.344497
2591.6	0.344612
2592.6	0.344727
2593.61	0.344885
2594.62	0.344986
2595.63	0.345115
2596.63	0.345287
2597.63	0.345445
2598.64	0.345589
2599.64	0.345718
2600.64	0.345891
2601.65	0.345977
2602.65	0.346106
2603.65	0.346293
2604.65	0.346523
2605.66	0.346724
2606.66	0.346925
2607.66	0.346997
2608.66	0.347098
2609.66	0.347356
2610.66	0.347514
2611.67	0.347687
2612.68	0.347802
2613.7	0.347989
2614.7	0.348103
2615.7	0.348233
2616.72	0.348434
2617.72	0.348534
2618.73	0.348779
2619.73	0.348836
2620.74	0.349023
2621.74	0.349195
2622.75	0.349353
2623.75	0.34944
2624.77	0.349555
2625.79	0.349713
2626.8	0.349842
2627.8	0.349943
2628.81	0.350172
2629.82	0.350345
2630.82	0.350431
2631.82	0.350589
2632.82	0.35079
2633.82	0.350848
2634.82	0.351063
2635.83	0.35125
2636.83	0.351394
2637.83	0.351595
2638.84	0.351767
2639.84	0.351925
2640.85	0.352141
2641.87	0.352299
2642.87	0.352414
2643.92	0.352543
2644.94	0.352644
2645.96	0.352744
2646.96	0.352845
2647.96	0.353046
2648.97	0.353175
2649.98	0.353391
2650.98	0.353563
2651.98	0.353678
2653	0.353894
2654	0.354023
2655	0.354181
2656.02	0.354325
2657.02	0.354497
2658.04	0.354612
2659.05	0.354799
2660.05	0.354943
2661.08	0.355043
2662.08	0.355201
2663.09	0.355273
2664.09	0.355402
2665.09	0.355474
2666.09	0.355517
2667.11	0.35569
2668.12	0.355848
2669.14	0.356078
2670.15	0.356264
2671.15	0.356394
2672.17	0.356609
2673.17	0.356753
2674.18	0.356897
2675.2	0.357141
2676.2	0.357342
2677.2	0.357557
2678.21	0.357672
2679.23	0.357816
2680.23	0.358003
2681.23	0.358161
2682.23	0.358434
2683.29	0.358506
2684.29	0.358649
2685.29	0.358822
2686.3	0.358937
2687.31	0.359037
2688.32	0.359224
2689.32	0.359368
2690.33	0.359497
2691.34	0.359684
2692.35	0.359784
2693.36	0.359971
2694.36	0.360086
2695.36	0.36023
2696.37	0.360417
2697.37	0.360532
2698.37	0.360704
2699.39	0.360862
2700.39	0.361006
2701.4	0.361149
2702.41	0.361293
2703.42	0.361408
2704.43	0.361494
2705.43	0.361652
2706.44	0.361724
2707.45	0.361782
2708.45	0.361968
2709.45	0.362098
2710.45	0.362299
2711.45	0.362371
2712.45	0.362557
2713.46	0.362658
2714.47	0.362802
2715.47	0.362989
2716.47	0.36306
2717.48	0.363204
2718.48	0.363276
2719.49	0.363434
2720.5	0.363506
2721.5	0.363721
2722.5	0.363894
2723.51	0.363937
2724.52	0.36408
2725.54	0.364138
2726.55	0.364267
2727.55	0.364425
2728.56	0.364483
2729.56	0.364641
2730.56	0.364842
2731.56	0.364928
2732.58	0.365057
2733.58	0.365216
2734.58	0.365374
2735.59	0.365489
2736.59	0.365647
2737.61	0.365776
2738.61	0.365905
2739.61	0.365991
2740.62	0.366092
2741.62	0.366193
2742.62	0.366293
2743.63	0.366451
2744.64	0.366509
2745.65	0.366753
2746.66	0.366825
2747.66	0.366954
2748.67	0.367083
2749.69	0.367141
2750.7	0.36727
2751.71	0.367428
2752.71	0.367471
2753.71	0.367687
2754.72	0.36783
2755.72	0.367917
2756.72	0.368017
2757.73	0.368132
2758.74	0.368305
2759.74	0.368463
2760.74	0.368563
2761.76	0.368707
2762.76	0.368793
2763.76	0.368908
2764.77	0.369023
2765.77	0.369181
2766.78	0.369267
2767.79	0.369425
2768.79	0.36954
2769.8	0.36967
2770.8	0.369756
2771.8	0.369842
2772.8	0.369971
2773.81	0.370129
2774.81	0.370259
2775.81	0.370445
2776.81	0.370532
2777.82	0.37069
2778.83	0.370776
2779.83	0.37092
2780.84	0.371078
2781.85	0.371221
2782.87	0.371293
2783.87	0.371408
2784.89	0.371595
2785.89	0.371667
2786.9	0.371825
2787.9	0.371954
2788.9	0.372083
2789.9	0.372155
2790.91	0.372299
2791.92	0.372486
2792.92	0.372658
2793.92	0.372773
2794.93	0.372917
2795.94	0.373017
2796.94	0.373132
2797.94	0.373233
2798.95	0.373362
2799.96	0.37342
2800.97	0.373534
2801.98	0.373635
2802.99	0.373721
2803.99	0.373807
2805	0.373894
2806.01	0.37408
2807.01	0.374239
2808.01	0.374353
2809.02	0.37444
2810.04	0.374569
2811.05	0.374698
2812.05	0.374842
2813.05	0.374957
2814.06	0.375086
2815.06	0.375187
2816.07	0.375359
2817.08	0.375474
2818.09	0.37556
2819.09	0.375647
2820.09	0.375747
2821.1	0.375891
2822.12	0.376006
2823.12	0.37602
2824.13	0.376207
2825.14	0.376336
2826.18	0.376451
2827.18	0.376537
2828.19	0.376595
2829.2	0.376796
2830.2	0.376868
2831.22	0.377055
2832.22	0.377198
2833.23	0.377284
2834.23	0.377428
2835.24	0.377529
2836.24	0.377672
2837.26	0.37783
2838.26	0.37796
2839.26	0.378132
2840.27	0.378276
2841.28	0.378348
2842.29	0.378477
2843.29	0.378635
2844.29	0.378693
2845.3	0.378779
2846.3	0.378865
2847.31	0.379009
2848.31	0.37908
2849.31	0.379253
2850.32	0.379397
2851.32	0.379555
2852.33	0.379713
2853.34	0.37977
2854.36	0.379842
2855.37	0.380014
2856.37	0.380216
2857.38	0.380417
2858.39	0.380489
2859.39	0.38069
2860.39	0.38079
2861.4	0.38092
2862.4	0.381034
2863.4	0.381078
2864.41	0.381221
2865.42	0.381408
2866.45	0.381566
2867.48	0.381681
2868.48	0.381853
2869.51	0.381925
2870.52	0.381997
2871.53	0.382098
2872.53	0.382299
2873.54	0.382371
2874.54	0.382586
2875.54	0.382787
2876.55	0.382874
2877.57	0.38296
2878.57	0.383118
2879.58	0.383233
2880.58	0.383376
2881.58	0.383534
2882.58	0.383721
2883.58	0.383822
2884.6	0.383966
2885.61	0.384167
2886.63	0.384224
2887.63	0.384339
2888.64	0.384411
2889.65	0.38454
2890.67	0.384641
2891.67	0.38477
2892.67	0.384928
2893.68	0.385072
2894.68	0.385129
2895.68	0.385201
2896.69	0.385244
2897.7	0.385388
2898.7	0.385489
2899.7	0.385603
2900.72	0.38579
2901.72	0.385862
2902.73	0.386034
2903.75	0.386106
2904.76	0.386193
2905.76	0.386322
2906.77	0.386408
2907.77	0.386494
2908.78	0.386624
2909.79	0.386724
2910.79	0.386897
2911.8	0.387026
2912.81	0.387055
2913.82	0.387155
2914.82	0.387227
2915.82	0.387313
2916.83	0.387385
2917.83	0.387514
2918.83	0.387572
2919.83	0.387644
2920.84	0.38773
2921.85	0.387787
2922.85	0.387917
2923.86	0.388003
2924.86	0.388046
2925.86	0.388147
2926.86	0.388348
2927.87	0.38842
2928.88	0.388534
2929.9	0.388678
2930.91	0.388764
2931.91	0.388879
2932.91	0.388966
2933.92	0.389095
2934.92	0.389195
2935.95	0.389339
2936.95	0.389511
2937.95	0.389583
2938.96	0.38967
2939.97	0.389756
2940.98	0.389914
2941.99	0.390043
2943	0.390187
2944	0.390259
2945	0.39033
2946	0.390445
2947.01	0.390503
2948.01	0.390532
2949.02	0.390675
2950.04	0.390761
2951.04	0.39092
2952.04	0.391006
2953.05	0.391149
2954.05	0.391307
2955.08	0.391379
2956.08	0.391437
2957.09	0.391566
2958.09	0.391667
2959.09	0.391782
2960.1	0.391911
2961.11	0.39204
2962.11	0.392055
2963.11	0.392112
2964.16	0.392213
2965.16	0.392356
2966.16	0.392486
2967.18	0.392601
2968.2	0.392716
2969.21	0.39283
2970.22	0.392917
2971.23	0.393046
2972.23	0.393118
2973.24	0.393333
2974.26	0.393448
2975.26	0.393592
2976.26	0.393721
2977.27	0.393908
2978.28	0.39408
2979.28	0.394124
2980.29	0.394253
2981.29	0.394382
2982.29	0.394497
2983.3	0.394598
2984.31	0.39467
2985.31	0.39477
2986.31	0.394828
2987.32	0.394928
2988.32	0.395043
2989.33	0.395115
2990.35	0.395259
2991.39	0.395388
2992.41	0.395546
2993.41	0.395632
2994.42	0.395704
2995.42	0.395747
2996.43	0.395848
2997.43	0.395948
2998.45	0.39602
2999.45	0.396135
3000.45	0.396207
3001.45	0.396279
3002.46	0.396494
3003.47	0.396552
3004.47	0.396724
3005.48	0.396796
3006.49	0.396925
3007.5	0.397055
3008.5	0.39717
3009.51	0.397241
3010.51	0.397428
3011.51	0.397557
3012.52	0.39773
3013.52	0.39783
3014.52	0.397974
3015.52	0.398103
3016.53	0.398261
3017.53	0.398391
3018.53	0.398491
3019.53	0.398592
3020.54	0.398693
3021.54	0.398822
3022.55	0.398937
3023.55	0.399023
3024.56	0.39931
3025.56	0.399425
3026.56	0.399526
3027.56	0.399641
3028.57	0.399784
3029.57	0.399957
3030.57	0.400115
3031.57	0.400259
3032.58	0.400402
3033.58	0.400575
3034.58	0.40079
3035.59	0.400833
3036.61	0.400963
3037.61	0.401106
3038.62	0.401178
3039.62	0.401394
3040.62	0.401552
3041.63	0.401753
3042.63	0.401911
3043.64	0.402055
3044.64	0.402313
3045.64	0.402543
3046.64	0.402716
3047.66	0.402931
3048.66	0.40306
3049.67	0.403175
3050.67	0.40329
3051.69	0.403405
3052.7	0.403549
3053.7	0.403707
3054.7	0.403994
3055.7	0.404124
3056.71	0.404224
3057.71	0.404339
3058.73	0.404468
3059.73	0.404612
3060.74	0.404756
3061.75	0.404899
3062.76	0.405101
3063.76	0.40523
3064.76	0.405417
3065.77	0.40556
3066.78	0.405718
3067.79	0.405905
3068.8	0.406049
3069.82	0.406193
3070.82	0.406408
3071.82	0.406595
3072.82	0.406782
3073.82	0.406868
3074.82	0.406968
3075.83	0.407112
3076.83	0.407213
3077.84	0.407256
3078.84	0.407543
3079.85	0.407701
3080.85	0.407802
3081.85	0.407874
3082.85	0.407989
3083.85	0.40806
3084.85	0.408247
3085.86	0.408333
3086.9	0.408448
3087.9	0.408534
3088.9	0.40875
3089.91	0.408879
3090.91	0.409023
3091.91	0.409239
3092.92	0.409353
3093.92	0.409411
3094.93	0.409569
3095.93	0.409727
3096.93	0.409899
3097.93	0.41
3098.94	0.410129
3099.95	0.410244
3100.95	0.410374
3101.95	0.410489
3102.96	0.410618
3103.96	0.410805
3104.96	0.410934
3105.98	0.411078
3106.98	0.411207
3108	0.411279
3109	0.411379
3110.01	0.411537
3111.01	0.411724
3112.01	0.411839
3113.02	0.411954
3114.02	0.412069
3115.02	0.412198
3116.02	0.412299
3117.03	0.412471
3118.04	0.412629
3119.04	0.412701
3120.05	0.412802
3121.05	0.412845
3122.05	0.413017
3123.05	0.413161
3124.06	0.41329
3125.07	0.41342
3126.07	0.413563
3127.08	0.413736
3128.08	0.413879
3129.09	0.413994
3130.09	0.414167
3131.1	0.414411
3132.1	0.414497
3133.11	0.414626
3134.12	0.414684
3135.13	0.414784
3136.13	0.414957
3137.13	0.415086
3138.13	0.415287
3139.13	0.415402
3140.14	0.415532
3141.15	0.415661
3142.16	0.415805
3143.16	0.415948
3144.16	0.416092
3145.16	0.416264
3146.17	0.416293
3147.18	0.416422
3148.18	0.416537
3149.18	0.416652
3150.18	0.416796
3151.18	0.41694
3152.21	0.417083
3153.21	0.417227
3154.21	0.417342
3155.22	0.4175
3156.22	0.417615
3157.22	0.417672
3158.22	0.417773
3159.22	0.417902
3160.22	0.418003
3161.23	0.418218
3162.24	0.418319
3163.25	0.418477
3164.26	0.418578
3165.28	0.418736
3166.28	0.418879
3167.28	0.419037
3168.29	0.419109
3169.29	0.419267
3170.29	0.419382
3171.3	0.419526
3172.3	0.419612
3173.31	0.419684
3174.33	0.419856
3175.34	0.419986
3176.34	0.420172
3177.36	0.420273
3178.38	0.420374
3179.38	0.420503
3180.38	0.420675
3181.38	0.42079
3182.38	0.420991
3183.39	0.421149
3184.41	0.421236
3185.41	0.421322
3186.42	0.42148
3187.42	0.42158
3188.43	0.421753
3189.46	0.421882
3190.46	0.421968
3191.47	0.42204
3192.47	0.422198
3193.47	0.422284
3194.49	0.422385
3195.49	0.422486
3196.49	0.422672
3197.49	0.422802
3198.49	0.422902
3199.5	0.423046
3200.51	0.423161
3201.51	0.42329
3202.51	0.423434
3203.52	0.423549
3204.53	0.423635
3205.54	0.423693
3206.55	0.423865
3207.56	0.423966
3208.56	0.424095
3209.57	0.424195
3210.57	0.424368
3211.58	0.42444
3212.59	0.424483
3213.59	0.424612
3214.59	0.424684
3215.59	0.424856
3216.6	0.425014
3217.62	0.425129
3218.62	0.425287
3219.62	0.42533
3220.63	0.425417
3221.63	0.425603
3222.63	0.425747
3223.64	0.425948
3224.64	0.426092
3225.65	0.426307
3226.65	0.426408
3227.65	0.426494
3228.65	0.426667
3229.66	0.426753
3230.66	0.426839
3231.66	0.426925
3232.67	0.427026
3233.67	0.427241
3234.67	0.427328
3235.67	0.427428
3236.67	0.427486
3237.67	0.427557
3238.67	0.427701
3239.69	0.427802
3240.7	0.427859
3241.71	0.428003
3242.72	0.428132
3243.72	0.428348
3244.72	0.428448
3245.73	0.42852
3246.73	0.428664
3247.74	0.428822
3248.74	0.428937
3249.75	0.429152
3250.75	0.429239
3251.76	0.429325
3252.77	0.429411
3253.77	0.429583
3254.78	0.429713
3255.78	0.429856
3256.78	0.430101
3257.79	0.430374
3258.8	0.430445
3259.8	0.430618
3260.81	0.430819
3261.82	0.430934
3262.82	0.431063
3263.83	0.431193
3264.83	0.431279
3265.83	0.431466
3266.84	0.431566
3267.84	0.431767
3268.84	0.431853
3269.84	0.431954
3270.85	0.432026
3271.85	0.432126
3272.85	0.432198
3273.86	0.432227
3274.87	0.432342
3275.87	0.432443
3276.88	0.432543
3277.89	0.432615
3278.89	0.432802
3279.9	0.432874
3280.9	0.432945
3281.91	0.433003
3282.91	0.433075
3283.91	0.433305
3284.92	0.433405
3285.93	0.433506
3286.93	0.433592
3287.94	0.433721
3288.95	0.433865
3289.96	0.433951
3290.97	0.434095
3291.97	0.434152
3292.97	0.434353
3293.98	0.434483
3294.98	0.434569
3295.98	0.434612
3296.98	0.434856
3297.99	0.434986
3299	0.435115
3300	0.435216
3301.01	0.435273
3302.02	0.43533
3303.02	0.43546
3304.03	0.435589
3305.03	0.43569
3306.03	0.435776
3307.03	0.435891
3308.03	0.435963
3309.04	0.436121
3310.05	0.43625
3311.06	0.436379
3312.07	0.436566
3313.07	0.43671
3314.09	0.436839
3315.09	0.43694
3316.09	0.437083
3317.1	0.437141
3318.1	0.437227
3319.1	0.437328
3320.11	0.437486
3321.11	0.437687
3322.11	0.437874
3323.11	0.438132
3324.12	0.43829
3325.13	0.438434
3326.14	0.438491
3327.17	0.438707
3328.17	0.438764
3329.17	0.438922
3330.18	0.439052
3331.18	0.439109
3332.18	0.439181
3333.18	0.439282
3334.18	0.439397
3335.18	0.439555
3336.19	0.439583
3337.19	0.439641
3338.21	0.439842
3339.21	0.439899
3340.23	0.44
3341.23	0.440115
3342.23	0.440158
3343.24	0.44033
3344.24	0.440445
3345.25	0.44056
3346.25	0.440618
3347.25	0.440761
3348.25	0.440876
3349.26	0.44102
3350.27	0.441164
3351.27	0.441264
3352.27	0.441336
3353.28	0.441537
3354.28	0.441609
3355.28	0.441753
3356.3	0.441911
3357.31	0.44204
3358.31	0.442155
3359.32	0.442299
3360.32	0.442443
3361.33	0.442557
3362.34	0.442672
3363.35	0.442931
3364.35	0.443089
3365.36	0.443175
3366.37	0.443261
3367.38	0.443362
3368.38	0.443477
3369.39	0.443578
3370.4	0.443635
3371.4	0.443779
3372.42	0.443908
3373.43	0.444023
3374.43	0.444167
3375.44	0.444267
3376.46	0.444353
3377.46	0.444397
3378.46	0.444454
3379.46	0.444526
3380.47	0.444598
3381.47	0.444684
3382.47	0.444813
3383.48	0.444871
3384.5	0.444971
3385.51	0.445101
3386.51	0.445187
3387.51	0.445287
3388.52	0.44533
3389.53	0.445445
3390.53	0.445575
3391.53	0.445647
3392.54	0.445718
3393.55	0.445819
3394.55	0.445977
3395.56	0.446049
3396.56	0.446178
3397.57	0.446207
3398.58	0.446279
3399.59	0.446408
3400.59	0.446466
3401.6	0.446509
3402.6	0.44658
3403.61	0.446667
3404.61	0.446782
3405.62	0.446897
3406.62	0.446925
3407.62	0.447112
3408.63	0.447256
3409.64	0.447328
3410.64	0.447471
3411.65	0.447615
3412.65	0.447744
3413.67	0.447874
3414.67	0.448003
3415.67	0.44806
3416.67	0.448175
3417.68	0.448276
3418.68	0.448405
3419.69	0.448477
3420.69	0.448649
3421.7	0.448779
3422.71	0.448908
3423.72	0.449066
3424.72	0.449152
3425.72	0.449267
3426.72	0.449368
3427.72	0.449468
3428.73	0.449583
3429.74	0.44967
3430.74	0.449828
3431.75	0.449885
3432.75	0.449971
3433.78	0.450043
3434.79	0.450144
3435.79	0.450287
3436.79	0.450374
3437.81	0.450445
3438.81	0.450532
3439.81	0.450647
3440.82	0.450747
3441.82	0.450805
3442.83	0.45092
3443.83	0.450991
3444.83	0.451049
3445.83	0.451178
3446.83	0.451193
3447.85	0.451307
3448.86	0.451451
3449.86	0.451523
3450.86	0.451624
3451.86	0.451724
3452.87	0.45181
3453.87	0.451897
3454.87	0.452011
3455.87	0.452141
3456.88	0.452213
3457.89	0.45227
3458.89	0.452371
3459.89	0.452486
3460.9	0.452514
3461.91	0.452629
3462.92	0.452701
3463.92	0.45283
3464.93	0.452902
3465.93	0.452945
3466.94	0.45306
3467.95	0.453204
3468.95	0.453319
3469.97	0.453463
3470.98	0.453606
3471.98	0.453649
3473	0.453764
3474	0.453879
3475.01	0.45398
3476.02	0.454167
3477.03	0.454282
3478.03	0.454425
3479.03	0.45454
3480.03	0.45467
3481.05	0.454784
3482.06	0.454885
3483.06	0.455057
3484.06	0.455201
3485.06	0.455316
3486.07	0.455445
3487.07	0.455546
3488.08	0.455603
3489.09	0.455704
3490.1	0.455819
3491.1	0.455934
3492.11	0.456063
3493.11	0.456149
3494.12	0.456236
3495.12	0.456307
3496.15	0.456408
3497.15	0.456509
3498.15	0.456609
3499.15	0.456739
3500.15	0.456853
3501.16	0.456968
3502.16	0.457069
3503.17	0.457256
3504.17	0.457371
3505.17	0.457471
3506.17	0.457672
3507.18	0.457874
3508.18	0.458003
3509.19	0.458118
3510.19	0.45829
3511.19	0.458405
3512.19	0.45852
3513.2	0.458664
3514.2	0.458807
3515.2	0.458851
3516.2	0.458951
3517.21	0.459037
3518.21	0.459224
3519.21	0.459382
3520.21	0.45954
3521.21	0.459741
3522.21	0.459885
3523.22	0.459986
3524.22	0.460201
3525.23	0.460316
3526.23	0.460359
3527.23	0.460489
3528.23	0.460675
3529.25	0.460776
3530.26	0.460848
3531.26	0.46092
3532.27	0.461135
3533.27	0.461322
3534.28	0.46148
3535.28	0.461552
3536.29	0.461638
3537.29	0.461753
3538.3	0.461925
3539.31	0.462126
3540.32	0.462299
3541.32	0.462428
3542.32	0.462557
3543.33	0.462658
3544.33	0.462845
3545.33	0.463032
3546.33	0.463147
3547.34	0.46329
3548.34	0.463434
3549.35	0.463534
3550.36	0.463635
3551.36	0.463779
3552.36	0.463865
3553.37	0.464052
3554.37	0.464181
3555.37	0.464296
3556.37	0.464368
3557.37	0.46454
3558.38	0.464612
3559.39	0.464756
3560.39	0.464856
3561.4	0.465014
3562.4	0.465129
3563.41	0.465201
3564.41	0.465345
3565.41	0.465489
3566.42	0.465647
3567.42	0.465819
3568.42	0.465977
3569.42	0.466135
3570.42	0.466264
3571.43	0.466351
3572.43	0.466552
3573.43	0.466724
3574.44	0.466839
3575.44	0.466954
3576.45	0.46704
3577.45	0.467112
3578.45	0.467227
3579.47	0.467399
3580.47	0.467514
3581.47	0.467615
3582.48	0.467744
3583.49	0.46783
3584.49	0.467917
3585.5	0.468032
3586.5	0.468175
3587.5	0.468276
3588.51	0.468319
3589.52	0.468506
3590.52	0.468649
3591.52	0.468822
3592.52	0.469037
3593.53	0.469152
3594.53	0.469339
3595.53	0.469468
3596.54	0.469555
3597.54	0.469684
3598.54	0.469784
3599.54	0.469943
3600.54	0.470086
3601.55	0.470273
3602.55	0.470417
3603.56	0.470589
3604.57	0.470776
3605.57	0.470905
3606.57	0.471049
3607.58	0.471207
3608.58	0.471307
3609.58	0.471408
3610.59	0.471523
3611.59	0.471638
3612.59	0.471739
3613.6	0.471882
3614.6	0.471954
3615.6	0.472055
3616.61	0.472098
3617.61	0.47227
3618.61	0.472385
3619.62	0.4725
3620.63	0.472572
3621.63	0.472716
3622.63	0.472874
3623.64	0.47296
3624.64	0.47306
3625.64	0.473161
3626.64	0.473261
3627.65	0.473448
3628.65	0.473563
3629.65	0.473621
3630.66	0.473779
3631.66	0.473879
3632.67	0.47398
3633.67	0.474066
3634.67	0.474224
3635.69	0.474325
3636.69	0.474468
3637.69	0.474497
3638.7	0.474655
3639.71	0.474799
3640.71	0.474914
3641.71	0.475086
3642.72	0.475216
3643.72	0.475316
3644.72	0.475345
3645.73	0.475445
3646.73	0.475589
3647.74	0.47569
3648.74	0.475704
3649.74	0.475848
3650.74	0.475963
3651.75	0.476034
3652.75	0.476121
3653.75	0.476193
3654.75	0.476264
3655.75	0.476437
3656.76	0.476652
3657.76	0.476853
3658.76	0.476954
3659.76	0.476997
3660.77	0.477069
3661.77	0.477198
3662.77	0.477284
3663.78	0.477471
3664.79	0.477557
3665.79	0.477644
3666.8	0.477687
3667.82	0.477759
3668.84	0.477888
3669.84	0.478017
3670.84	0.478118
3671.85	0.478319
3672.85	0.478391
3673.86	0.478477
3674.86	0.478649
3675.86	0.478707
3676.87	0.478822
3677.87	0.478879
3678.87	0.478966
3679.88	0.479124
3680.88	0.47921
3681.88	0.479339
3682.89	0.479425
3683.9	0.479569
3684.9	0.479741
3685.91	0.479914
3686.91	0.479986
3687.91	0.480158
3688.91	0.480316
3689.92	0.480388
3690.92	0.480489
3691.92	0.480647
3692.92	0.480733
3693.92	0.48092
3694.94	0.481034
3695.94	0.481135
3696.94	0.481236
3697.95	0.481336
3698.95	0.481408
3699.95	0.481523
3700.96	0.481667
3701.96	0.481839
3702.96	0.481925
3703.97	0.482055
3704.97	0.48217
3705.98	0.482256
3706.98	0.482356
3707.98	0.482428
3708.99	0.4825
3709.99	0.482716
3710.99	0.482744
3711.99	0.482888
3713	0.48306
3714	0.483132
3715	0.483319
3716	0.483448
3717	0.483549
3718.01	0.483635
3719.01	0.48375
3720.02	0.483807
3721.04	0.483908
3722.04	0.483951
3723.04	0.484095
3724.04	0.484253
3725.06	0.484353
3726.06	0.484526
3727.06	0.484641
3728.06	0.484756
3729.07	0.484885
3730.07	0.484971
3731.08	0.485086
3732.09	0.485216
3733.09	0.48533
3734.09	0.485388
3735.09	0.485489
3736.09	0.48556
3737.09	0.485747
3738.09	0.485876
3739.1	0.486135
3740.1	0.486264
3741.1	0.486322
3742.11	0.486466
3743.11	0.486552
3744.11	0.48671
3745.11	0.48681
3746.12	0.486968
3747.12	0.487055
3748.13	0.48717
3749.14	0.48727
3750.14	0.487471
3751.14	0.487572
3752.15	0.487629
3753.16	0.48773
3754.17	0.487816
3755.17	0.487902
3756.17	0.488046
3757.17	0.488132
3758.18	0.488261
3759.19	0.488348
3760.19	0.488477
3761.19	0.488592
3762.19	0.488721
3763.2	0.488807
3764.21	0.488908
3765.21	0.489009
3766.21	0.489181
3767.22	0.489267
3768.22	0.489497
3769.22	0.489555
3770.23	0.48977
3771.24	0.489885
3772.24	0.489971
3773.24	0.490072
3774.25	0.490187
3775.26	0.490345
3776.26	0.490445
3777.26	0.490546
3778.26	0.490603
3779.26	0.490718
3780.26	0.490833
3781.27	0.491034
3782.28	0.491121
3783.28	0.49125
3784.28	0.491365
3785.29	0.49158
3786.29	0.491681
3787.29	0.491724
3788.29	0.491796
3789.3	0.491839
3790.3	0.491925
3791.3	0.492069
3792.31	0.49227
3793.32	0.492342
3794.33	0.492443
3795.33	0.492486
3796.33	0.492629
3797.34	0.492773
3798.36	0.492945
3799.36	0.492989
3800.36	0.493118
3801.36	0.493261
3802.36	0.493376
3803.36	0.493506
3804.36	0.493606
3805.37	0.493736
3806.37	0.493865
3807.37	0.493966
3808.38	0.494109
3809.38	0.494181
3810.39	0.494368
3811.39	0.494511
3812.39	0.494583
3813.39	0.494684
3814.4	0.494756
3815.4	0.494899
3816.41	0.494957
3817.41	0.495072
3818.41	0.495144
3819.42	0.49523
3820.42	0.495345
3821.43	0.495374
3822.43	0.495517
3823.43	0.495589
3824.45	0.495761
3825.45	0.49592
3826.45	0.49602
3827.45	0.496121
3828.45	0.496236
3829.46	0.496279
3830.47	0.496336
3831.47	0.496437
3832.48	0.496537
3833.48	0.496595
3834.48	0.496724
3835.48	0.496796
3836.48	0.496882
3837.5	0.496968
3838.5	0.497011
3839.51	0.497126
3840.52	0.497227
3841.52	0.497385
3842.53	0.497471
3843.53	0.497586
3844.53	0.497672
3845.54	0.497787
3846.55	0.498017
3847.55	0.498161
3848.55	0.498333
3849.55	0.498405
3850.55	0.498578
3851.55	0.498635
3852.56	0.498764
3853.56	0.498836
3854.56	0.498937
3855.56	0.499095
3856.58	0.49921
3857.58	0.499296
3858.59	0.499425
3859.59	0.499483
3860.59	0.49954
3861.6	0.49967
3862.6	0.499756
3863.6	0.499899
3864.61	0.500029
3865.62	0.500029
3866.63	0.500144
3867.63	0.50033
3868.63	0.500402
3869.64	0.500532
3870.64	0.500675
3871.64	0.50079
3872.64	0.500848
3873.66	0.500991
3874.67	0.501078
3875.67	0.501207
3876.67	0.501307
3877.67	0.501422
3878.67	0.501552
3879.68	0.501739
3880.68	0.501868
3881.69	0.501954
3882.69	0.502083
3883.69	0.502198
3884.69	0.502399
3885.69	0.502486
3886.7	0.502529
3887.7	0.502644
3888.71	0.502744
3889.74	0.502874
3890.75	0.502945
3891.75	0.503017
3892.75	0.503089
3893.75	0.503233
3894.75	0.503333
3895.75	0.503434
3896.76	0.503491
3897.77	0.503534
3898.78	0.503635
3899.78	0.503736
3900.79	0.503822
3901.79	0.503937
3902.79	0.504023
3903.8	0.504109
3904.8	0.504195
3905.81	0.504325
3906.81	0.504425
3907.81	0.504555
3908.81	0.504626
3909.82	0.504713
3910.82	0.504784
3911.82	0.504842
3912.83	0.504943
3913.83	0.505
3914.84	0.505158
3915.84	0.505201
3916.84	0.505273
3917.85	0.505417
3918.85	0.505546
3919.86	0.505618
3920.86	0.50569
3921.86	0.505848
3922.87	0.505905
3923.87	0.506006
3924.87	0.506063
3925.87	0.506178
3926.88	0.506264
3927.88	0.506394
3928.9	0.506466
3929.9	0.50658
3930.9	0.506638
3931.91	0.506739
3932.91	0.506882
3933.91	0.506968
3934.92	0.507026
3935.92	0.507098
3936.92	0.507213
3937.92	0.507256
3938.94	0.507385
3939.94	0.507457
3940.95	0.507601
3941.95	0.507687
3942.95	0.507773
3943.96	0.507874
3944.97	0.507931
3945.98	0.508046
3946.98	0.508103
3947.99	0.508247
3948.99	0.508348
3949.99	0.508534
3950.99	0.508635
3951.99	0.50875
3953	0.508851
3954.01	0.50898
3955.01	0.509066
3956.02	0.509181
3957.03	0.509224
3958.03	0.509296
3959.03	0.50944
3960.05	0.509598
3961.05	0.509684
3962.05	0.509799
3963.05	0.509986
3964.07	0.510057
3965.07	0.510129
3966.07	0.510244
3967.08	0.510302
3968.08	0.510359
3969.08	0.510402
3970.1	0.510445
3971.1	0.510618
3972.11	0.510661
3973.11	0.510761
3974.12	0.510805
3975.12	0.51092
3976.13	0.510991
3977.14	0.511092
3978.15	0.511135
3979.16	0.511264
3980.16	0.511408
3981.16	0.511537
3982.18	0.511624
3983.18	0.511753
3984.18	0.511825
3985.18	0.511925
3986.19	0.51204
3987.19	0.512155
3988.2	0.512241
3989.21	0.512371
3990.21	0.512457
3991.21	0.512557
3992.22	0.512701
3993.22	0.512744
3994.23	0.51283
3995.26	0.512902
3996.26	0.513046
3997.27	0.513147
3998.28	0.513233
3999.28	0.513348
