time	scale_fac	average kmc radical concentration	ode radical concentration
0.726713  162.47 6.70977e-05 4.12986e-07 1111111
11.0552  101.413 1.60693e-05 1.58454e-07 0.239492
21.2354  76.798 9.70033e-06 1.2631e-07 0.14457
31.517  77.9522 8.5834e-06 1.10111e-07 0.127924
41.9265  26.8306 2.67488e-06 9.96954e-08 0.0398655
51.9568  26.2038 2.4241e-06 9.25093e-08 0.0361279
62.1415  40.9722 3.56056e-06 8.69018e-08 0.0530653
72.2657  73.1981 6.03386e-06 8.24319e-08 0.0899265
82.3013  76.1222 5.99543e-06 7.87606e-08 0.0893538
93.2836  153.586 1.15765e-05 7.53743e-08 0.172531
103.286  219.459 1.59601e-05 7.27249e-08 0.237863
113.677  404.265 2.84253e-05 7.03135e-08 0.42364
123.838  544.549 3.7152e-05 6.82252e-08 0.5537
133.897  490.071 3.25272e-05 6.63725e-08 0.484774
143.921  627.957 4.06306e-05 6.47028e-08 0.605544
154.096  823.97 5.2042e-05 6.31601e-08 0.775615
164.174  862.985 5.32987e-05 6.17609e-08 0.794345
174.664  1315.68 7.94955e-05 6.04216e-08 1.18477
184.74  1734.89 0.000102763 5.9233e-08 1.53154
194.844  1162.29 6.75583e-05 5.81251e-08 1.00686
204.956  1375.8 7.85451e-05 5.70907e-08 1.17061
215.113  761.122 4.27129e-05 5.61183e-08 0.636578
225.159  1359.85 7.50846e-05 5.52152e-08 1.11903
235.669  1634.02 8.87701e-05 5.43263e-08 1.323
245.902  2032.26 0.000108747 5.35104e-08 1.62073
255.91  1991.39 0.000105056 5.27553e-08 1.56572
265.918  2335.79 0.000121552 5.20387e-08 1.81156
275.925  1548.76 7.95405e-05 5.13574e-08 1.18544
285.973  1672.48 8.48042e-05 5.07057e-08 1.26389
296.007  2059.62 0.000103156 5.00849e-08 1.5374
306.161  2050.53 0.00010147 4.94847e-08 1.51227
316.309  2469.61 0.000120791 4.89109e-08 1.80022
326.326  2080.49 0.000100629 4.8368e-08 1.49974
336.737  1985.39 9.49555e-05 4.78271e-08 1.41518
346.806  1890.28 8.94572e-05 4.73248e-08 1.33324
357.159  1696.79 7.9458e-05 4.68283e-08 1.18421
367.233  1747.38 8.10144e-05 4.63633e-08 1.20741
377.585  1713.94 7.86749e-05 4.59029e-08 1.17254
387.775  2051.55 9.32756e-05 4.5466e-08 1.39015
397.78  2400.04 0.000108126 4.50516e-08 1.61146
408.101  2468.73 0.000110201 4.46386e-08 1.64239
418.107  2868.33 0.000126927 4.42513e-08 1.89168
428.286  3222.21 0.000141358 4.38699e-08 2.10675
438.298  3171.04 0.00013796 4.35063e-08 2.05611
448.394  3340.66 0.000144152 4.31508e-08 2.14839
458.399  2764.16 0.000118331 4.28089e-08 1.76356
468.477  2620.25 0.000111294 4.24745e-08 1.65868
478.533  2710.65 0.000114255 4.21503e-08 1.70281
488.538  3539.31 0.000148073 4.18366e-08 2.20682
498.608  3318.92 0.000137833 4.15295e-08 2.05421
508.634  1712.89 0.000277436 1.6197e-07 4.1348
518.636  1452.52 0.000216532 1.49073e-07 3.22711
528.663  1426.11 0.000198746 1.39362e-07 2.96204
538.665  1427.96 0.000188069 1.31705e-07 2.80291
548.686  1522.25 0.000190925 1.25423e-07 2.84548
558.704  1442.58 0.000173318 1.20144e-07 2.58307
568.834  1043.66 0.000120617 1.15571e-07 1.79763
578.858  1048.16 0.000117007 1.11631e-07 1.74384
588.883  919.85 9.94847e-05 1.08153e-07 1.48268
598.898  954.884 0.000100314 1.05054e-07 1.49505
608.914  1014.08 0.000103703 1.02263e-07 1.54556
618.985  968.703 9.6598e-05 9.97188e-08 1.43966
629.041  822.858 8.0146e-05 9.73996e-08 1.19447
639.055  981.239 9.34911e-05 9.52787e-08 1.39336
649.085  1198.07 0.000111801 9.33176e-08 1.66624
659.105  1135.85 0.000103931 9.1501e-08 1.54896
669.133  1209.81 0.000108651 8.98081e-08 1.6193
679.145  1035.48 9.13589e-05 8.82289e-08 1.36158
689.254  868.117 7.52956e-05 8.67344e-08 1.12218
699.273  1027.84 8.77179e-05 8.53419e-08 1.30732
709.312  1149.76 9.661e-05 8.40264e-08 1.43984
719.334  1297.18 0.000107387 8.27853e-08 1.60046
729.338  1682.27 0.000137293 8.16116e-08 2.04617
739.365  1772.53 0.000142679 8.04947e-08 2.12644
749.379  2009.77 0.000159643 7.94337e-08 2.37926
759.385  2222.64 0.000174307 7.84233e-08 2.59781
769.454  2268.39 0.000175694 7.74531e-08 2.61848
779.513  2359.34 0.000180552 7.65266e-08 2.69089
789.521  2222.09 0.000168088 7.5644e-08 2.50512
799.541  2003.34 0.000149843 7.47969e-08 2.23321
809.543  2495.38 0.000184621 7.39852e-08 2.75153
819.545  2467.19 0.000180611 7.3205e-08 2.69176
829.576  2712.48 0.000196525 7.24521e-08 2.92894
839.606  2773.85 0.00019896 7.17269e-08 2.96522
849.615  2605.64 0.000185076 7.10292e-08 2.75831
859.623  2565.89 0.000180526 7.03558e-08 2.69049
869.635  2780.32 0.000193802 6.9705e-08 2.88836
879.648  3153.93 0.00021786 6.90757e-08 3.24691
889.695  3291.06 0.000225322 6.84647e-08 3.35811
899.728  2994.33 0.000203236 6.78738e-08 3.02896
909.851  3146.19 0.000211726 6.72962e-08 3.15549
919.868  2994.48 0.000199857 6.67419e-08 2.97859
929.913  2860.91 0.000189399 6.62024e-08 2.82274
939.917  2699.34 0.000177294 6.56807e-08 2.64233
949.992  3020.45 0.000196843 6.51701e-08 2.93368
960.002  3686.28 0.000238417 6.46769e-08 3.55328
970.094  3129.43 0.000200888 6.41932e-08 2.99397
980.104  3387.71 0.000215885 6.37261e-08 3.21748
990.106  3559.81 0.000225234 6.32716e-08 3.35681
1000.12  1469.82 0.000222421 1.51326e-07 3.31488
1010.17  1608.1 0.000234754 1.45982e-07 3.49868
1020.2  1581.27 0.000223416 1.41289e-07 3.32972
1030.23  1489.83 0.000204281 1.37117e-07 3.04452
1040.23  1748.1 0.000233156 1.33377e-07 3.47488
1050.24  1834.85 0.000238509 1.29988e-07 3.55465
1060.28  2031.35 0.000257763 1.26893e-07 3.84161
1070.28  2224.96 0.000276033 1.24062e-07 4.1139
1080.32  2365.92 0.00028733 1.21445e-07 4.28226
1090.35  2398.98 0.000285528 1.19021e-07 4.25541
1100.41  2467.39 0.000288099 1.16762e-07 4.29372
1110.42  2364.01 0.000271063 1.14662e-07 4.03982
1120.43  2353.46 0.00026523 1.12698e-07 3.95289
1130.43  2353.63 0.000260905 1.10852e-07 3.88844
1140.43  2415.92 0.000263607 1.09113e-07 3.92871
1150.47  2211.55 0.000237663 1.07464e-07 3.54204
1160.51  2143.36 0.00022699 1.05904e-07 3.38297
1170.52  2133.48 0.000222792 1.04427e-07 3.32042
1180.52  2257.04 0.000232528 1.03023e-07 3.46552
1190.54  2613.18 0.000265724 1.01686e-07 3.96026
1200.55  2410.35 0.000242022 1.0041e-07 3.60702
1210.63  2033.49 0.000201688 9.91835e-08 3.00589
1220.64  1754.93 0.000172012 9.80168e-08 2.56361
1230.69  1811.55 0.000175529 9.68948e-08 2.61603
1240.71  1659.81 0.000159044 9.58211e-08 2.37034
1250.76  1365.18 0.000129402 9.47877e-08 1.92856
1260.8  1258.32 0.000118022 9.37937e-08 1.75896
1270.81  1058.49 9.82697e-05 9.28395e-08 1.46458
1280.81  975.265 8.96467e-05 9.19203e-08 1.33606
1290.82  837.273 7.62195e-05 9.1033e-08 1.13595
1300.94  889.17 8.01734e-05 9.01666e-08 1.19488
1310.97  753.122 6.72817e-05 8.93371e-08 1.00274
1320.98  652.883 5.78038e-05 8.85363e-08 0.861487
1330.98  664.011 5.82741e-05 8.77608e-08 0.868497
1341.02  682.501 5.93826e-05 8.70073e-08 0.885017
1351.02  701.165 6.04956e-05 8.62787e-08 0.901604
1361.08  713.778 6.10769e-05 8.55685e-08 0.910269
1371.17  462.705 3.92726e-05 8.48762e-08 0.585305
1381.2  510.306 4.2972e-05 8.42082e-08 0.640439
1391.27  603.517 5.04275e-05 8.35561e-08 0.751553
1401.27  531.343 4.40622e-05 8.29261e-08 0.656686
1411.28  454.897 3.74435e-05 8.23119e-08 0.558044
1421.29  457.552 3.73886e-05 8.17145e-08 0.557226
1431.31  505.799 4.10364e-05 8.11318e-08 0.611592
1441.34  410.89 3.31024e-05 8.05626e-08 0.493346
1451.35  363.731 2.91019e-05 8.00093e-08 0.433724
1461.37  303.822 2.41443e-05 7.94688e-08 0.359838
1471.44  286.741 2.26348e-05 7.89383e-08 0.337341
1481.48  322.72 2.53084e-05 7.84221e-08 0.377187
1491.48  345.917 2.69537e-05 7.79195e-08 0.401708
1501.48  176.84 2.58903e-05 1.46405e-07 0.38586
1511.49  170.319 2.44299e-05 1.43437e-07 0.364095
1521.5  166.653 2.34444e-05 1.40677e-07 0.349407
1531.54  160.223 2.21262e-05 1.38096e-07 0.329761
1541.58  144.202 1.95654e-05 1.35681e-07 0.291595
1551.62  143.766 1.91803e-05 1.33413e-07 0.285856
1561.63  144.521 1.89734e-05 1.31284e-07 0.282773
1571.65  156.838 2.02748e-05 1.29272e-07 0.302169
1581.65  167.731 2.13642e-05 1.27371e-07 0.318404
1591.65  159.368 2.00117e-05 1.25569e-07 0.298247
1601.66  192.544 2.38477e-05 1.23856e-07 0.355418
1611.67  224.798 2.74756e-05 1.22223e-07 0.409486
1621.68  259.137 3.12693e-05 1.20667e-07 0.466027
1631.69  312.974 3.73003e-05 1.1918e-07 0.555911
1641.73  348.805 4.1073e-05 1.17753e-07 0.612137
1651.75  416.379 4.84625e-05 1.1639e-07 0.722268
1661.81  463.301 5.33149e-05 1.15076e-07 0.794586
1671.81  554.865 6.31557e-05 1.13822e-07 0.94125
1681.86  689.201 7.76112e-05 1.1261e-07 1.15669
1691.87  788.312 8.78566e-05 1.11449e-07 1.30938
1701.89  880.475 9.71405e-05 1.10327e-07 1.44775
1711.91  1021.04 0.000111544 1.09246e-07 1.66241
1721.92  1106.08 0.000119682 1.08203e-07 1.78369
1731.96  1262.5 0.000135331 1.07192e-07 2.01692
1741.98  1340.6 0.000142394 1.06217e-07 2.12219
1751.98  1376.69 0.000144928 1.05273e-07 2.15996
1762  1381.5 0.000144172 1.04359e-07 2.14869
1772.01  1272.63 0.000131683 1.03473e-07 1.96255
1782.01  1165.02 0.000119547 1.02613e-07 1.78169
1792.01  1047.2 0.000106583 1.01779e-07 1.58848
1802.01  987.074 9.96639e-05 1.00969e-07 1.48536
1812.05  955.455 9.57155e-05 1.00178e-07 1.42651
1822.06  999.812 9.93927e-05 9.94114e-08 1.48131
1832.07  999.096 9.85765e-05 9.86656e-08 1.46915
1842.08  979.189 9.59012e-05 9.79394e-08 1.42928
1852.1  965.098 9.3837e-05 9.72305e-08 1.39851
1862.11  1118.34 0.000107966 9.65407e-08 1.60908
1872.12  1237.81 0.000118666 9.58683e-08 1.76856
1882.13  1253.63 0.000119361 9.52122e-08 1.77892
1892.15  1289.07 0.000121909 9.45714e-08 1.81689
1902.16  1382.9 0.000129919 9.39465e-08 1.93626
1912.18  1066.95 9.95836e-05 9.33346e-08 1.48416
1922.2  893.906 8.28985e-05 9.27374e-08 1.23549
1932.2  919.35 8.47222e-05 9.21544e-08 1.26267
1942.21  784.702 7.18661e-05 9.15839e-08 1.07107
1952.21  765.356 6.96673e-05 9.10261e-08 1.0383
1962.21  772.419 6.98886e-05 9.04802e-08 1.04159
1972.22  747.919 6.72718e-05 8.99454e-08 1.0026
1982.24  659.038 5.89318e-05 8.94209e-08 0.878299
1992.26  649.026 5.77031e-05 8.89073e-08 0.859987
2002.26  438.867 6.42258e-05 1.46344e-07 0.957198
2012.26  434.07 6.26227e-05 1.44269e-07 0.933306
2022.3  449.451 6.39521e-05 1.42289e-07 0.953119
2032.3  495.942 6.9635e-05 1.4041e-07 1.03782
2042.3  454.887 6.30554e-05 1.38618e-07 0.939756
2052.32  395.652 5.41662e-05 1.36904e-07 0.807274
2062.33  379.208 5.1293e-05 1.35264e-07 0.764452
2072.33  354.387 4.73794e-05 1.33694e-07 0.706125
2082.34  332.426 4.39423e-05 1.32187e-07 0.654901
2092.36  327.954 4.28759e-05 1.30738e-07 0.639007
2102.37  327.492 4.23597e-05 1.29346e-07 0.631314
2112.37  342.367 4.3825e-05 1.28006e-07 0.653151
2122.38  315.131 3.99316e-05 1.26714e-07 0.595127
2132.38  334.696 4.1994e-05 1.25469e-07 0.625864
2142.4  335.85 4.17343e-05 1.24265e-07 0.621993
2152.4  355.053 4.37079e-05 1.23102e-07 0.651406
2162.46  382.631 4.66701e-05 1.21971e-07 0.695554
2172.46  401.891 4.85817e-05 1.20883e-07 0.724045
2182.47  443.429 5.31353e-05 1.19828e-07 0.79191
2192.47  508.186 6.03757e-05 1.18806e-07 0.899817
2202.47  544.334 6.41304e-05 1.17814e-07 0.955776
2212.47  534.247 6.24276e-05 1.16851e-07 0.930398
2222.47  612.071 7.09487e-05 1.15916e-07 1.05739
2232.47  606.787 6.97845e-05 1.15006e-07 1.04004
2242.47  619.03 7.0645e-05 1.14122e-07 1.05287
2252.47  704.895 7.98373e-05 1.13261e-07 1.18987
2262.47  869.971 9.78049e-05 1.12423e-07 1.45765
2272.48  1027.18 0.00011464 1.11606e-07 1.70855
2282.49  1210.83 0.000134172 1.1081e-07 1.99966
2292.49  1309.79 0.000144121 1.10034e-07 2.14793
2302.5  1338.6 0.000146278 1.09276e-07 2.18007
2312.5  1415.72 0.000153658 1.08537e-07 2.29006
2322.52  1537.66 0.000165782 1.07815e-07 2.47075
2332.52  1686.29 0.000180617 1.07109e-07 2.69186
2342.54  2019.79 0.000214945 1.06419e-07 3.20347
2352.54  1942.74 0.000205436 1.05746e-07 3.06175
2362.55  2154.78 0.000226438 1.05087e-07 3.37475
2372.57  2406.5 0.000251338 1.04441e-07 3.74585
2382.58  2294.57 0.000238199 1.0381e-07 3.55003
2392.59  2005.1 0.000206911 1.03193e-07 3.08373
2402.6  1759.82 0.000180536 1.02588e-07 2.69065
2412.6  1789.73 0.000182543 1.01995e-07 2.72056
2422.61  1766.58 0.000179156 1.01414e-07 2.67008
2432.62  1874.37 0.00018902 1.00845e-07 2.81709
2442.63  2092.18 0.000209818 1.00287e-07 3.12706
2452.63  1894.93 0.000188999 9.97395e-08 2.81678
2462.63  1877.9 0.000186292 9.92026e-08 2.77643
2472.64  1892.37 0.000186731 9.86756e-08 2.78297
2482.64  1707.8 0.000167635 9.81585e-08 2.49838
2492.64  1760.71 0.000171935 9.76508e-08 2.56246
2502.65  1359.24 0.000200868 1.4778e-07 2.99366
2512.65  1276.93 0.000186639 1.46162e-07 2.7816
2522.65  1299.17 0.000187869 1.44606e-07 2.79993
2532.68  1221.93 0.000174862 1.43104e-07 2.60609
2542.69  1291.88 0.000183005 1.41659e-07 2.72745
2552.69  1460.96 0.000204922 1.40265e-07 3.05408
2562.71  1591.97 0.000221153 1.38918e-07 3.29598
2572.72  1549.74 0.000213267 1.37615e-07 3.17846
2582.73  1719.78 0.000234502 1.36356e-07 3.49494
2592.75  1803.1 0.000243662 1.35135e-07 3.63145
2602.75  1848 0.000247546 1.33954e-07 3.68934
2612.75  1938.03 0.000257387 1.32809e-07 3.83601
2622.76  2010.52 0.000264781 1.31698e-07 3.9462
2632.78  2112.01 0.000275864 1.30617e-07 4.11138
2642.78  2324.49 0.000301181 1.29569e-07 4.48869
2652.8  2394.85 0.000307855 1.28549e-07 4.58816
2662.8  2584.68 0.000329696 1.27557e-07 4.91366
2672.81  2638.79 0.000334051 1.26593e-07 4.97858
2682.83  2912.84 0.000366002 1.25651e-07 5.45477
2692.84  2908.63 0.000362811 1.24736e-07 5.4072
2702.84  3219.11 0.000398668 1.23844e-07 5.9416
2712.84  3333.14 0.000409889 1.22974e-07 6.10884
2722.85  3605.43 0.000440312 1.22125e-07 6.56225
2732.86  3727.28 0.000452103 1.21296e-07 6.73798
2742.86  3681.17 0.000443532 1.20487e-07 6.61024
2752.86  3532.46 0.000422822 1.19696e-07 6.30159
2762.89  3467.66 0.000412381 1.18922e-07 6.14598
2772.9  3342.19 0.000394932 1.18166e-07 5.88592
2782.91  3165.76 0.000371745 1.17427e-07 5.54036
2792.91  2970.57 0.000346679 1.16704e-07 5.16677
2802.91  3068.44 0.00035593 1.15997e-07 5.30466
2812.92  2846.91 0.000328261 1.15304e-07 4.89228
2822.94  2778.56 0.000318493 1.14625e-07 4.74671
2832.95  2891.2 0.000329481 1.1396e-07 4.91047
2842.95  3238.85 0.000366991 1.13309e-07 5.4695
2852.96  3294.22 0.000371162 1.12671e-07 5.53166
2862.96  3531.3 0.000395664 1.12045e-07 5.89683
2872.98  3561.73 0.000396884 1.1143e-07 5.91501
2882.98  3817.13 0.000423045 1.10828e-07 6.30491
2892.98  4024.66 0.000443665 1.10237e-07 6.61223
2903  3914.82 0.000429283 1.09656e-07 6.39788
2913  3980.76 0.000434245 1.09086e-07 6.47184
2923  4040.99 0.000438554 1.08526e-07 6.53606
2933.01  4185.86 0.000451976 1.07977e-07 6.73609
2943.01  4433.38 0.000476307 1.07437e-07 7.09871
2953.02  4504.94 0.000481603 1.06906e-07 7.17764
2963.02  4588.92 0.000488188 1.06384e-07 7.27577
2973.02  4548.89 0.000481596 1.05871e-07 7.17754
2983.03  4540.87 0.000478456 1.05367e-07 7.13074
2993.03  4759.33 0.000499113 1.0487e-07 7.4386
3003.03  3632.5 0.0005438 1.49704e-07 8.1046
3013.03  3390.07 0.000502972 1.48366e-07 7.49611
3023.04  3326.32 0.000489195 1.47068e-07 7.29079
3033.04  3265.94 0.000476207 1.4581e-07 7.09722
3043.05  3136.69 0.000453532 1.44589e-07 6.75928
3053.05  3352.02 0.000480693 1.43404e-07 7.16407
3063.05  3172.92 0.000451356 1.42252e-07 6.72684
3073.05  3189.07 0.000450082 1.41133e-07 6.70785
3083.06  3508.12 0.000491285 1.40042e-07 7.32194
3093.07  3427.13 0.000476306 1.38981e-07 7.0987
3103.07  3593.76 0.000495755 1.37949e-07 7.38855
3113.07  3603.75 0.000493506 1.36942e-07 7.35503
3123.09  3609.5 0.00049075 1.3596e-07 7.31395
3133.09  3669.23 0.000495358 1.35003e-07 7.38263
3143.1  3779.02 0.000506652 1.3407e-07 7.55096
3153.1  3848.49 0.000512458 1.33158e-07 7.63749
3163.1  3829.86 0.000506569 1.32268e-07 7.54973
3173.11  4018.18 0.000527982 1.31398e-07 7.86886
3183.11  3863.72 0.000504402 1.30548e-07 7.51743
3193.12  4047.59 0.00052504 1.29717e-07 7.82501
3203.13  4146.55 0.000534504 1.28903e-07 7.96606
3213.13  4455.06 0.000570729 1.28108e-07 8.50595
3223.13  4526.74 0.00057639 1.2733e-07 8.59031
3233.14  4517.21 0.000571733 1.26568e-07 8.5209
3243.14  4602.39 0.000579078 1.25821e-07 8.63037
3253.14  4873.16 0.000609583 1.2509e-07 9.085
3263.14  5390.87 0.00067048 1.24373e-07 9.99259
3273.15  5571.53 0.000689033 1.2367e-07 10.2691
3283.15  5130.34 0.000630934 1.22981e-07 9.40322
3293.16  5259.8 0.0006433 1.22305e-07 9.58751
3303.16  5575.2 0.000678179 1.21642e-07 10.1073
3313.17  6052.32 0.000732276 1.20991e-07 10.9136
3323.17  6285.03 0.000756414 1.20352e-07 11.2733
3333.17  6075.29 0.000727361 1.19724e-07 10.8403
3343.18  5928.49 0.000706133 1.19108e-07 10.524
3353.18  5775.39 0.000684401 1.18503e-07 10.2001
3363.18  5913.25 0.000697221 1.17908e-07 10.3911
3373.18  5893.86 0.000691491 1.17324e-07 10.3057
3383.19  5420.49 0.000632834 1.16749e-07 9.43153
3393.2  5394.35 0.000626734 1.16183e-07 9.34062
3403.2  5294.44 0.000612184 1.15628e-07 9.12378
3413.2  5371.79 0.000618193 1.15081e-07 9.21332
3423.21  5343.34 0.000612043 1.14543e-07 9.12167
3433.21  5768.13 0.000657648 1.14014e-07 9.80134
3443.21  5702.65 0.000647212 1.13493e-07 9.64582
3453.22  5459.7 0.00061684 1.12981e-07 9.19316
3463.22  5645.45 0.000634975 1.12476e-07 9.46344
3473.23  6014.98 0.000673547 1.11978e-07 10.0383
3483.23  6502.85 0.000724992 1.11488e-07 10.805
3493.25  6309.82 0.000700425 1.11005e-07 10.4389
3503.25  4928.15 0.00074809 1.518e-07 11.1493
3513.25  4712.5 0.000709932 1.50648e-07 10.5806
3523.27  4775.15 0.000714007 1.49526e-07 10.6413
3533.28  4760.95 0.000706681 1.48433e-07 10.5321
3543.29  4946.84 0.000729003 1.47367e-07 10.8648
3553.29  4971.84 0.000727523 1.46329e-07 10.8427
3563.29  5128.16 0.000745198 1.45315e-07 11.1062
3573.29  5496.91 0.000793345 1.44325e-07 11.8237
3583.3  5098.09 0.000730856 1.43359e-07 10.8924
3593.3  5284.99 0.000752661 1.42415e-07 11.2174
3603.3  5567.63 0.000787775 1.41492e-07 11.7407
3613.3  5825.22 0.000818965 1.40589e-07 12.2056
3623.3  6186.97 0.000864359 1.39706e-07 12.8821
3633.31  6187.5 0.000859088 1.38843e-07 12.8035
3643.31  6478.82 0.000894058 1.37997e-07 13.3247
3653.31  6291.96 0.000863064 1.37169e-07 12.8628
3663.31  6285.32 0.000857054 1.36358e-07 12.7732
3673.32  6533.6 0.000885714 1.35563e-07 13.2004
3683.32  6783.85 0.000914355 1.34784e-07 13.6272
3693.33  6921.68 0.000927647 1.34021e-07 13.8253
3703.34  6918.71 0.000922065 1.33271e-07 13.7421
3713.34  6933.97 0.000919006 1.32537e-07 13.6965
3723.34  6933.37 0.000913929 1.31816e-07 13.6209
3733.34  6986.08 0.000915936 1.31109e-07 13.6508
3743.34  7134.45 0.000930436 1.30414e-07 13.8669
3753.35  7300.51 0.000947114 1.29733e-07 14.1154
3763.35  7702.67 0.000994129 1.29063e-07 14.8161
3773.36  7314.51 0.000939218 1.28405e-07 13.9978
3783.36  7872.98 0.00100584 1.27758e-07 14.9906
3793.37  7935.29 0.00100875 1.27123e-07 15.0341
3803.37  8410.05 0.00106385 1.26498e-07 15.8553
3813.38  8051.2 0.00101351 1.25883e-07 15.105
3823.38  8655.34 0.00108433 1.25279e-07 16.1605
3833.39  8783.68 0.00109519 1.24684e-07 16.3223
3843.4  8718.91 0.00108201 1.241e-07 16.126
3853.4  9152.52 0.00113056 1.23525e-07 16.8495
3863.41  9522.07 0.00117081 1.22958e-07 17.4494
3873.41  9641.37 0.00118011 1.224e-07 17.5879
3883.41  9295.95 0.00113273 1.21851e-07 16.8817
3893.42  9520.4 0.00115493 1.21311e-07 17.2126
3903.42  9120.47 0.00110156 1.20779e-07 16.4172
3913.43  9528.36 0.00114582 1.20254e-07 17.0769
3923.43  9364.98 0.00112134 1.19737e-07 16.712
3933.43  9692.02 0.00115556 1.19228e-07 17.2221
3943.43  9941.04 0.00118026 1.18726e-07 17.5902
3953.44  9576.62 0.00113225 1.18231e-07 16.8747
3963.45  9941.99 0.0011706 1.17744e-07 17.4463
3973.45  10105.2 0.00118496 1.17263e-07 17.6602
3983.45  9854.6 0.0011509 1.16789e-07 17.1527
3993.45  10090.4 0.00117372 1.16321e-07 17.4928
