time	conversion
1.01148	0.00201149
2.02762	0.00451149
3.0687	0.00541667
4.10074	0.00656609
5.12003	0.00734195
6.17486	0.00837644
7.18479	0.00916667
8.20481	0.00966954
9.30484	0.0101437
10.367	0.0107471
11.4185	0.0113937
12.5288	0.011796
13.5376	0.0124713
14.5653	0.0130029
15.6187	0.0133046
16.6741	0.0137069
17.6796	0.0141954
18.7277	0.0145977
19.7296	0.015
20.7528	0.0154023
21.8192	0.0157902
22.8293	0.0160776
23.8376	0.0165517
24.8522	0.0168103
25.9066	0.017069
26.9124	0.0172557
27.9238	0.0178448
28.9374	0.0182184
29.9874	0.0184052
30.9964	0.0187787
32.0694	0.0190805
33.0696	0.0198707
34.1054	0.0201868
35.1328	0.020546
36.1441	0.0210057
37.1575	0.0211925
38.1596	0.0215948
39.222	0.0219397
40.2227	0.0226006
41.2439	0.0230891
42.2506	0.0235632
43.2516	0.0238506
44.3007	0.0242672
45.3094	0.0245977
46.3232	0.0249282
47.3612	0.0252155
48.362	0.0256897
49.3751	0.0259339
50.3795	0.0265086
51.3804	0.0270402
52.3865	0.0275575
53.4092	0.0278017
54.4485	0.0279885
55.4601	0.0284626
56.4679	0.0287069
57.4919	0.0291954
58.5195	0.0294828
59.5492	0.0296695
60.5808	0.0301724
61.6129	0.0306466
62.616	0.03125
63.664	0.0315805
64.6742	0.031796
65.6998	0.0321552
66.7074	0.0326437
67.7098	0.0328305
68.7334	0.0330891
69.748	0.0336207
70.7486	0.0341523
71.749	0.0345402
72.7686	0.0349282
73.8415	0.035158
74.8415	0.0354023
75.8431	0.0358764
76.8995	0.0361207
77.9252	0.0365517
78.9341	0.0368391
79.9598	0.037342
81.0215	0.0375431
82.0586	0.0378305
83.109	0.0382328
84.1113	0.0385201
85.1181	0.0387787
86.1256	0.0389943
87.2455	0.0392098
88.266	0.0396983
89.3109	0.0399569
90.3545	0.0403161
91.3569	0.0407471
92.3667	0.040977
93.3714	0.0412787
94.4048	0.0415948
95.4151	0.0420402
96.42	0.0423851
97.4272	0.0428592
98.4954	0.0430603
99.5587	0.0436063
100.561	0.043908
101.569	0.0443966
102.601	0.0446121
103.631	0.0450575
104.632	0.045431
105.633	0.0456322
106.639	0.0461207
107.65	0.0463649
108.677	0.0467385
109.685	0.0472701
110.704	0.0475287
111.709	0.0479741
112.734	0.0485632
113.771	0.0487931
114.78	0.0491092
115.782	0.0493391
116.787	0.0498132
117.79	0.0501437
118.794	0.0504598
119.831	0.0510201
120.872	0.0512787
121.949	0.051681
122.954	0.0520115
123.968	0.052342
124.968	0.0527443
125.994	0.0529598
127.052	0.0533046
128.081	0.0536638
129.092	0.0540374
130.105	0.0544253
131.111	0.0548707
132.116	0.0552443
133.118	0.0555316
134.149	0.0561063
135.162	0.0562931
136.204	0.0567816
137.225	0.0569684
138.226	0.057227
139.261	0.0575287
140.262	0.0579454
141.265	0.0582328
142.28	0.0586207
143.283	0.0589943
144.375	0.059181
145.377	0.0593534
146.388	0.0595977
147.392	0.0598563
148.458	0.0602443
149.491	0.0604885
150.497	0.0607471
151.512	0.0613075
152.52	0.0616236
153.543	0.0620977
154.555	0.0622557
155.573	0.0625575
156.579	0.0628879
157.582	0.0632471
158.584	0.0634483
159.588	0.0637069
160.59	0.0638793
161.668	0.0642385
162.734	0.0645977
163.742	0.0651149
164.746	0.0653161
165.749	0.0656609
166.752	0.065977
167.757	0.0663937
168.774	0.066681
169.779	0.0669109
170.788	0.0671121
171.822	0.0674282
172.847	0.0676293
173.885	0.0679023
174.896	0.068046
175.918	0.0682471
176.918	0.068592
177.923	0.0688937
178.945	0.069023
179.968	0.0694397
180.989	0.0696983
181.992	0.0699425
183.006	0.0703592
184.039	0.0707328
185.041	0.070977
186.045	0.0712069
187.057	0.0714368
188.065	0.0715948
189.09	0.071954
190.096	0.072227
191.098	0.0726724
192.118	0.0729167
193.119	0.0731034
194.169	0.0734052
195.214	0.0737213
196.23	0.0739224
197.233	0.0742098
198.236	0.0745977
199.245	0.0749282
200.253	0.0753448
201.256	0.0755603
202.266	0.075819
203.269	0.0760057
204.276	0.0762213
205.281	0.0764799
206.298	0.0767816
207.306	0.0770833
208.319	0.0774282
209.323	0.0778305
210.325	0.0782328
211.326	0.0785776
212.334	0.0787356
213.337	0.0789224
214.34	0.0793391
215.342	0.0795977
216.372	0.0798132
217.382	0.0799425
218.392	0.0803592
219.398	0.0805603
220.41	0.0807615
221.415	0.0810201
222.425	0.0813506
223.426	0.0815948
224.44	0.0817385
225.445	0.0819684
226.446	0.0821408
227.446	0.0824138
228.449	0.0827299
229.453	0.082931
230.461	0.0831322
231.477	0.0833046
232.478	0.0835201
233.48	0.0837069
234.506	0.0839224
235.526	0.0841667
236.54	0.0843966
237.577	0.0846839
238.582	0.0848707
239.585	0.0851149
240.598	0.0853879
241.619	0.0856034
242.626	0.0857759
243.673	0.0861925
244.682	0.0862931
245.684	0.0863937
246.688	0.0865517
247.696	0.0866954
248.71	0.086954
249.713	0.0871983
250.719	0.0874713
251.762	0.0877011
252.763	0.0879454
253.772	0.088046
254.773	0.0882471
255.78	0.0883477
256.798	0.0887644
257.806	0.0889655
258.812	0.089181
259.816	0.0893103
260.829	0.0894253
261.839	0.0896552
262.843	0.0897845
263.846	0.09
264.852	0.0901868
265.908	0.0902874
266.909	0.0903879
267.926	0.0906897
268.928	0.0909052
269.936	0.09125
270.949	0.091523
271.953	0.0916954
272.971	0.0919397
273.971	0.0920833
274.995	0.092227
276.021	0.0924713
277.022	0.0926724
278.059	0.092931
279.094	0.0931034
280.137	0.0932184
281.139	0.0934195
282.196	0.0935489
283.199	0.0936782
284.216	0.0939799
285.22	0.0941523
286.224	0.094296
287.227	0.0944397
288.237	0.0946408
289.243	0.0948132
290.247	0.0950862
291.249	0.0952299
292.273	0.0953736
293.292	0.0956178
294.327	0.0958764
295.327	0.0960776
296.329	0.0962787
297.329	0.0964655
298.33	0.0967241
299.348	0.0969397
300.349	0.0971695
301.366	0.0972989
302.371	0.0974138
303.376	0.0977011
304.383	0.097931
305.413	0.0983046
306.434	0.0985057
307.443	0.0986207
308.455	0.0987356
309.496	0.0989943
310.518	0.0991236
311.545	0.0993678
312.549	0.0994828
313.565	0.0996695
314.581	0.0998132
315.584	0.100029
316.585	0.100359
317.589	0.10046
318.608	0.10056
319.628	0.100733
320.647	0.10092
321.662	0.101063
322.68	0.101307
323.732	0.101451
324.74	0.101724
325.757	0.101868
326.759	0.102011
327.762	0.102126
328.784	0.102313
329.797	0.102514
330.811	0.10273
331.83	0.102931
332.831	0.103046
333.846	0.103233
334.85	0.10352
335.87	0.103721
336.871	0.103865
337.872	0.104023
338.882	0.104382
339.887	0.10444
340.888	0.10477
341.891	0.104914
342.919	0.105072
343.933	0.105144
344.934	0.105316
345.947	0.105503
346.956	0.105704
347.964	0.10579
348.986	0.105876
349.988	0.106063
350.994	0.106221
352.018	0.106322
353.019	0.106509
354.042	0.106695
355.047	0.106853
356.061	0.107155
357.07	0.107371
358.088	0.107572
359.093	0.107701
360.112	0.107802
361.123	0.108233
362.172	0.10829
363.174	0.108405
364.179	0.108635
365.184	0.108807
366.203	0.108908
367.205	0.109037
368.209	0.109138
369.223	0.109353
370.243	0.109612
371.264	0.109756
372.273	0.109928
373.278	0.110072
374.281	0.110302
375.285	0.11046
376.285	0.11069
377.349	0.11079
378.349	0.11092
379.355	0.111135
380.356	0.111207
381.387	0.111293
382.396	0.111394
383.415	0.111494
384.423	0.111638
385.438	0.111753
386.438	0.111882
387.446	0.111983
388.471	0.112141
389.486	0.112256
390.495	0.112443
391.502	0.112672
392.503	0.11283
393.509	0.11296
394.516	0.113118
395.527	0.113376
396.566	0.11352
397.585	0.113649
398.591	0.113793
399.598	0.113865
400.609	0.114066
401.611	0.114195
402.619	0.11444
403.64	0.114641
404.65	0.114784
405.669	0.114957
406.672	0.11523
407.682	0.115316
408.689	0.115445
409.698	0.115632
410.703	0.11579
411.722	0.115948
412.724	0.116135
413.735	0.116279
414.738	0.116451
415.752	0.11658
416.76	0.116739
417.761	0.116897
418.767	0.117055
419.813	0.117241
420.845	0.117399
421.85	0.117586
422.851	0.11773
423.879	0.117931
424.881	0.118103
425.89	0.118247
426.911	0.118405
427.916	0.118563
428.932	0.118736
429.935	0.118807
430.947	0.118951
431.947	0.119095
432.954	0.119267
433.988	0.119353
434.994	0.119655
436.003	0.119799
437.009	0.119914
438.01	0.120014
439.038	0.120115
440.039	0.120244
441.041	0.12046
442.043	0.120575
443.074	0.120733
444.076	0.120819
445.076	0.120934
446.082	0.121078
447.086	0.121322
448.119	0.121466
449.125	0.121566
450.141	0.12181
451.155	0.121954
452.155	0.122184
453.168	0.122486
454.192	0.122629
455.197	0.122744
456.202	0.122874
457.209	0.123132
458.211	0.123333
459.231	0.123434
460.242	0.123678
461.253	0.123894
462.271	0.124124
463.278	0.124267
464.311	0.124353
465.314	0.124511
466.316	0.124655
467.329	0.124813
468.335	0.124971
469.343	0.125115
470.35	0.125216
471.377	0.125445
472.381	0.12556
473.392	0.125733
474.432	0.125891
475.454	0.126034
476.458	0.126149
477.468	0.12625
478.475	0.126394
479.481	0.126537
480.492	0.12671
481.508	0.126853
482.52	0.12704
483.527	0.127241
484.545	0.127428
485.546	0.127529
486.55	0.127687
487.571	0.127874
488.589	0.12806
489.626	0.128175
490.632	0.12829
491.68	0.128391
492.697	0.128477
493.701	0.128606
494.711	0.128851
495.747	0.128994
496.752	0.129152
497.755	0.129296
498.78	0.129353
499.781	0.129483
500.784	0.12977
501.784	0.130316
502.785	0.130805
503.786	0.131624
504.787	0.132069
505.787	0.132902
506.794	0.133578
507.796	0.134282
508.797	0.134741
509.8	0.135244
510.8	0.135718
511.803	0.136322
512.805	0.137055
513.805	0.137543
514.806	0.138175
515.811	0.138736
516.815	0.139152
517.815	0.139741
518.816	0.140374
519.82	0.14092
520.824	0.141509
521.825	0.142141
522.825	0.142701
523.831	0.143204
524.838	0.143635
525.842	0.144109
526.847	0.144555
527.849	0.145029
528.85	0.145431
529.851	0.146006
530.87	0.146537
531.872	0.14704
532.872	0.147557
533.879	0.148075
534.88	0.148678
535.881	0.149109
536.882	0.149526
537.886	0.150029
538.887	0.150474
539.887	0.150934
540.893	0.151322
541.894	0.15181
542.895	0.152328
543.903	0.152931
544.906	0.153563
545.907	0.153994
546.915	0.154397
547.916	0.154943
548.923	0.155374
549.927	0.155761
550.928	0.156135
551.933	0.15648
552.935	0.156853
553.936	0.157284
554.942	0.157687
555.942	0.158175
556.945	0.158592
557.948	0.159023
558.95	0.159296
559.951	0.15967
560.953	0.160057
561.954	0.160503
562.958	0.160948
563.963	0.161221
564.964	0.161825
565.964	0.162256
566.975	0.16283
567.979	0.163391
568.983	0.163721
569.987	0.164152
570.992	0.164598
571.995	0.165029
572.999	0.16533
574.01	0.16569
575.014	0.166164
576.018	0.16658
577.019	0.16694
578.02	0.167241
579.026	0.167874
580.026	0.168161
581.027	0.168477
582.028	0.168865
583.031	0.16931
584.036	0.16977
585.041	0.170201
586.045	0.170532
587.049	0.170977
588.054	0.171365
589.059	0.171681
590.06	0.172098
591.062	0.172572
592.066	0.173003
593.067	0.173333
594.067	0.173793
595.068	0.174167
596.068	0.174626
597.072	0.175057
598.077	0.175359
599.079	0.175776
600.079	0.176207
601.081	0.176595
602.084	0.177241
603.084	0.177543
604.085	0.178046
605.086	0.178434
606.086	0.178822
607.086	0.179267
608.09	0.179641
609.091	0.179914
610.095	0.18023
611.095	0.180546
612.096	0.18092
613.099	0.18125
614.103	0.181523
615.103	0.181968
616.108	0.18227
617.113	0.182716
618.115	0.183161
619.121	0.18342
620.126	0.18375
621.127	0.184037
622.132	0.184483
623.133	0.184856
624.137	0.185259
625.139	0.185718
626.144	0.18602
627.147	0.186293
628.151	0.186624
629.153	0.186925
630.153	0.187213
631.154	0.187471
632.157	0.187773
633.159	0.188032
634.163	0.188376
635.166	0.188736
636.166	0.189066
637.167	0.189468
638.169	0.189713
639.169	0.190144
640.174	0.190445
641.178	0.190718
642.181	0.19102
643.183	0.191351
644.195	0.191681
645.199	0.191882
646.204	0.19204
647.206	0.192241
648.207	0.1925
649.209	0.192816
650.211	0.193218
651.218	0.193549
652.221	0.193851
653.229	0.194124
654.233	0.194397
655.238	0.194784
656.239	0.194943
657.239	0.195216
658.242	0.195474
659.246	0.195704
660.253	0.195934
661.255	0.196207
662.261	0.196422
663.266	0.196796
664.266	0.197083
665.267	0.197443
666.27	0.197629
667.272	0.197859
668.273	0.198175
669.273	0.198621
670.275	0.199009
671.275	0.199239
672.276	0.19944
673.277	0.19967
674.279	0.2
675.282	0.200345
676.286	0.200546
677.29	0.20079
678.296	0.201164
679.298	0.201537
680.307	0.201868
681.309	0.202069
682.309	0.202342
683.31	0.202744
684.313	0.202931
685.319	0.20319
686.32	0.203491
687.321	0.203779
688.326	0.204124
689.327	0.20444
690.331	0.204684
691.336	0.205101
692.338	0.205345
693.338	0.205589
694.339	0.20579
695.343	0.205934
696.343	0.206164
697.352	0.206322
698.353	0.206566
699.358	0.20681
700.361	0.206968
701.362	0.207284
702.362	0.207514
703.363	0.207845
704.366	0.208089
705.366	0.208405
706.368	0.208621
707.372	0.208822
708.381	0.20921
709.385	0.209411
710.386	0.209598
711.389	0.209928
712.389	0.210187
713.396	0.210489
714.4	0.210675
715.406	0.210948
716.406	0.211365
717.416	0.211638
718.416	0.211954
719.417	0.21227
720.417	0.212557
721.419	0.212917
722.421	0.213075
723.422	0.213376
724.425	0.213736
725.425	0.214037
726.43	0.214195
727.431	0.214497
728.433	0.214741
729.437	0.214871
730.442	0.215187
731.444	0.215431
732.444	0.215718
733.445	0.216006
734.446	0.216264
735.448	0.216494
736.454	0.216739
737.457	0.216983
738.462	0.217313
739.463	0.217601
740.464	0.217902
741.464	0.218132
742.465	0.218434
743.465	0.218707
744.47	0.219138
745.477	0.219454
746.477	0.219713
747.491	0.219957
748.491	0.220158
749.492	0.22033
750.504	0.220618
751.514	0.220862
752.514	0.221193
753.516	0.221394
754.518	0.221638
755.521	0.221839
756.523	0.222184
757.524	0.222399
758.526	0.222759
759.541	0.222989
760.544	0.223218
761.549	0.223376
762.56	0.223664
763.57	0.223879
764.571	0.224339
765.574	0.224555
766.576	0.224828
767.583	0.225101
768.586	0.225489
769.593	0.225704
770.595	0.225948
771.596	0.226135
772.598	0.226451
773.603	0.226667
774.603	0.226925
775.61	0.227227
776.61	0.227486
777.62	0.22773
778.621	0.228017
779.649	0.228204
780.654	0.228434
781.658	0.228664
782.666	0.228836
783.682	0.229095
784.684	0.229282
785.684	0.229483
786.692	0.229713
787.699	0.22977
788.707	0.229971
789.713	0.230244
790.714	0.230402
791.718	0.230618
792.72	0.230876
793.741	0.231106
794.745	0.231494
795.75	0.231724
796.753	0.231897
797.755	0.232198
798.759	0.232342
799.768	0.232658
800.769	0.232917
801.776	0.233204
802.779	0.23342
803.785	0.233563
804.785	0.233793
805.795	0.234009
806.796	0.234282
807.797	0.234526
808.801	0.234741
809.803	0.234986
810.805	0.235172
811.807	0.235345
812.809	0.235474
813.81	0.235661
814.812	0.235833
815.816	0.235977
816.829	0.236207
817.836	0.236336
818.839	0.236638
819.842	0.236868
820.847	0.237155
821.851	0.237471
822.851	0.237744
823.854	0.237989
824.856	0.238175
825.857	0.238348
826.867	0.238693
827.879	0.238922
828.888	0.239181
829.888	0.239397
830.891	0.239626
831.893	0.239828
832.907	0.240072
833.908	0.240259
834.914	0.240589
835.915	0.240761
836.916	0.24092
837.918	0.241193
838.923	0.241437
839.93	0.241724
840.936	0.241868
841.936	0.24194
842.938	0.242184
843.944	0.242428
844.945	0.242572
845.948	0.242816
846.95	0.243132
847.953	0.243348
848.958	0.243621
849.959	0.243779
850.96	0.243922
851.97	0.244253
852.97	0.244497
853.973	0.244641
854.986	0.244842
855.991	0.245014
856.992	0.245216
857.993	0.245359
858.993	0.24569
859.994	0.24592
861.002	0.246164
862.015	0.246351
863.023	0.246509
864.024	0.246681
865.032	0.247011
866.033	0.247126
867.035	0.247284
868.037	0.247529
869.041	0.247773
870.042	0.247989
871.043	0.248147
872.046	0.248276
873.047	0.24842
874.05	0.248578
875.058	0.248807
876.063	0.248994
877.067	0.249296
878.067	0.24954
879.068	0.249799
880.073	0.249971
881.073	0.250259
882.074	0.250402
883.075	0.250618
884.075	0.250805
885.077	0.251006
886.079	0.25125
887.085	0.251422
888.085	0.251537
889.091	0.251638
890.095	0.251825
891.1	0.252026
892.101	0.252284
893.11	0.252457
894.115	0.252557
895.121	0.252701
896.121	0.252816
897.124	0.253032
898.147	0.253305
899.147	0.253405
900.154	0.253578
901.168	0.25375
902.173	0.253922
903.175	0.25408
904.181	0.254239
905.185	0.25444
906.186	0.254641
907.187	0.254741
908.187	0.254928
909.196	0.255086
910.204	0.255259
911.205	0.255445
912.207	0.255603
913.208	0.255819
914.209	0.255905
915.213	0.256149
916.213	0.256408
917.214	0.25658
918.215	0.256796
919.216	0.257026
920.218	0.257141
921.219	0.257342
922.224	0.257557
923.233	0.257716
924.246	0.257931
925.247	0.25806
926.251	0.258247
927.253	0.258448
928.259	0.258635
929.262	0.258779
930.262	0.259009
931.263	0.25921
932.263	0.259454
933.264	0.259598
934.271	0.259684
935.275	0.259856
936.277	0.260144
937.278	0.260359
938.282	0.260603
939.288	0.260934
940.301	0.261135
941.314	0.261336
942.315	0.261595
943.339	0.261782
944.339	0.261968
945.341	0.262112
946.343	0.26227
947.345	0.262428
948.347	0.262557
949.347	0.262716
950.347	0.262945
951.348	0.263118
952.352	0.263376
953.352	0.263549
954.357	0.263736
955.358	0.263937
956.361	0.26421
957.361	0.264368
958.362	0.26454
959.364	0.264741
960.366	0.264928
961.368	0.265187
962.372	0.26533
963.385	0.265517
964.389	0.26569
965.392	0.265905
966.394	0.26602
967.394	0.266279
968.397	0.266494
969.411	0.266695
970.42	0.266925
971.42	0.267069
972.423	0.267256
973.427	0.267443
974.433	0.267629
975.439	0.267845
976.441	0.267989
977.443	0.268147
978.465	0.268376
979.467	0.268491
980.477	0.268635
981.477	0.26875
982.479	0.268966
983.482	0.269195
984.482	0.269296
985.485	0.269454
986.488	0.269569
987.489	0.269871
988.491	0.269971
989.494	0.270259
990.498	0.270417
991.504	0.27056
992.511	0.270718
993.513	0.270963
994.516	0.271193
995.523	0.271293
996.523	0.271466
997.533	0.271638
998.535	0.271853
999.535	0.272026
1000.55	0.272241
1001.55	0.272486
1002.56	0.272644
1003.56	0.272859
1004.56	0.273032
1005.56	0.273175
1006.56	0.273348
1007.57	0.273506
1008.57	0.273678
1009.58	0.273807
1010.58	0.273908
1011.58	0.274109
1012.58	0.274382
1013.58	0.274598
1014.59	0.274842
1015.59	0.275
1016.6	0.275101
1017.6	0.275417
1018.6	0.275517
1019.61	0.275632
1020.61	0.27579
1021.61	0.275991
1022.61	0.276164
1023.62	0.276279
1024.62	0.276394
1025.62	0.27658
1026.63	0.276782
1027.63	0.276997
1028.64	0.277112
1029.64	0.277371
1030.64	0.277471
1031.65	0.277658
1032.65	0.277888
1033.66	0.278118
1034.72	0.278319
1035.73	0.27842
1036.74	0.278621
1037.74	0.278836
1038.75	0.279023
1039.75	0.279152
1040.75	0.279339
1041.76	0.279483
1042.77	0.279626
1043.77	0.279828
1044.78	0.280014
1045.78	0.280057
1046.79	0.280187
1047.79	0.280302
1048.79	0.280431
1049.79	0.280546
1050.8	0.280805
1051.8	0.28102
1052.8	0.281193
1053.81	0.281307
1054.81	0.28148
1055.82	0.281724
1056.82	0.281897
1057.82	0.282112
1058.82	0.282227
1059.82	0.282443
1060.82	0.282716
1061.83	0.282888
1062.84	0.283075
1063.84	0.283247
1064.84	0.283405
1065.84	0.283506
1066.85	0.283649
1067.85	0.283865
1068.86	0.284066
1069.86	0.284181
1070.87	0.284397
1071.87	0.284569
1072.87	0.284684
1073.88	0.284799
1074.88	0.284957
1075.88	0.285129
1076.88	0.285287
1077.89	0.28546
1078.89	0.285603
1079.89	0.285819
1080.9	0.286034
1081.9	0.286135
1082.9	0.286307
1083.9	0.286523
1084.91	0.28671
1085.93	0.286839
1086.94	0.286925
1087.94	0.287141
1088.96	0.287385
1089.96	0.287586
1090.96	0.287644
1091.97	0.287759
1092.97	0.287902
1093.97	0.288118
1094.97	0.288376
1095.98	0.288606
1096.98	0.288779
1097.98	0.288966
1098.98	0.289066
1099.99	0.289267
1100.99	0.289511
1102.02	0.289698
1103.02	0.289842
1104.03	0.289957
1105.03	0.290201
1106.03	0.290374
1107.05	0.29056
1108.05	0.290661
1109.06	0.290862
1110.06	0.291106
1111.07	0.291293
1112.07	0.29148
1113.08	0.291652
1114.08	0.29181
1115.08	0.291968
1116.08	0.292083
1117.09	0.292256
1118.09	0.292414
1119.1	0.292529
1120.1	0.292802
1121.11	0.292931
1122.11	0.293089
1123.12	0.293247
1124.13	0.293463
1125.14	0.293664
1126.14	0.293822
1127.14	0.293994
1128.14	0.29408
1129.14	0.294239
1130.14	0.294397
1131.15	0.294511
1132.16	0.294684
1133.16	0.294856
1134.16	0.295057
1135.16	0.295201
1136.16	0.29533
1137.16	0.295417
1138.17	0.295675
1139.17	0.295862
1140.17	0.295991
1141.18	0.296193
1142.18	0.296379
1143.19	0.296466
1144.19	0.296566
1145.2	0.296796
1146.2	0.297026
1147.21	0.297256
1148.21	0.297457
1149.21	0.297586
1150.21	0.297787
1151.23	0.297945
1152.23	0.298089
1153.23	0.298305
1154.24	0.298463
1155.24	0.298707
1156.24	0.298836
1157.25	0.298951
1158.25	0.299138
1159.25	0.299267
1160.25	0.299397
1161.26	0.299641
1162.26	0.299885
1163.26	0.299957
1164.27	0.300187
1165.28	0.30033
1166.28	0.300445
1167.28	0.300675
1168.29	0.30079
1169.29	0.300991
1170.29	0.301121
1171.29	0.301351
1172.3	0.301509
1173.3	0.301695
1174.31	0.301925
1175.32	0.302098
1176.32	0.302241
1177.32	0.302414
1178.33	0.302615
1179.33	0.302701
1180.34	0.302874
1181.34	0.303046
1182.35	0.30319
1183.35	0.303362
1184.35	0.303563
1185.35	0.303649
1186.36	0.303807
1187.36	0.304023
1188.36	0.304167
1189.36	0.304282
1190.36	0.30444
1191.37	0.304583
1192.38	0.30477
1193.38	0.304885
1194.39	0.305072
1195.39	0.305259
1196.4	0.305388
1197.4	0.305489
1198.4	0.305603
1199.41	0.305805
1200.41	0.306078
1201.41	0.306178
1202.41	0.306408
1203.43	0.306552
1204.43	0.306695
1205.43	0.306825
1206.44	0.307069
1207.44	0.307198
1208.45	0.307371
1209.45	0.307514
1210.46	0.307658
1211.46	0.307874
1212.46	0.307974
1213.46	0.308247
1214.46	0.308405
1215.47	0.308592
1216.48	0.308736
1217.48	0.308951
1218.48	0.309152
1219.49	0.309267
1220.5	0.309397
1221.5	0.309497
1222.5	0.309612
1223.5	0.309727
1224.51	0.309943
1225.51	0.310144
1226.51	0.310259
1227.52	0.310474
1228.52	0.310632
1229.52	0.310761
1230.53	0.310934
1231.53	0.311092
1232.53	0.311351
1233.53	0.311494
1234.54	0.311609
1235.54	0.311695
1236.54	0.311782
1237.55	0.311925
1238.55	0.312011
1239.55	0.312112
1240.55	0.312213
1241.56	0.312342
1242.56	0.312514
1243.57	0.312586
1244.57	0.312759
1245.57	0.312931
1246.58	0.313075
1247.58	0.31319
1248.59	0.31329
1249.59	0.313463
1250.59	0.313549
1251.59	0.31375
1252.6	0.313937
1253.6	0.314066
1254.6	0.314167
1255.6	0.314325
1256.61	0.314425
1257.61	0.314598
1258.61	0.314698
1259.62	0.314871
1260.62	0.315
1261.63	0.315115
1262.63	0.31523
1263.65	0.315359
1264.65	0.315546
1265.65	0.315675
1266.66	0.315733
1267.67	0.315862
1268.67	0.316006
1269.68	0.316121
1270.69	0.31625
1271.69	0.316451
1272.69	0.316638
1273.69	0.316739
1274.69	0.316882
1275.69	0.317055
1276.69	0.31717
1277.7	0.317313
1278.7	0.317385
1279.7	0.317572
1280.7	0.31773
1281.7	0.317917
1282.71	0.31796
1283.71	0.31806
1284.71	0.318233
1285.71	0.31842
1286.71	0.318506
1287.72	0.318621
1288.72	0.318793
1289.73	0.318951
1290.74	0.319109
1291.74	0.319239
1292.74	0.319353
1293.74	0.319468
1294.74	0.319641
1295.75	0.319799
1296.75	0.319856
1297.77	0.319928
1298.77	0.320072
1299.77	0.320244
1300.78	0.320374
1301.78	0.320546
1302.78	0.320704
1303.79	0.320848
1304.79	0.320948
1305.79	0.321092
1306.81	0.321279
1307.82	0.321494
1308.82	0.321652
1309.82	0.321925
1310.82	0.322069
1311.82	0.322184
1312.83	0.32227
1313.83	0.322414
1314.83	0.322514
1315.84	0.322658
1316.85	0.322787
1317.85	0.322888
1318.86	0.323003
1319.86	0.323204
1320.87	0.323405
1321.87	0.323578
1322.87	0.32375
1323.88	0.323822
1324.88	0.323951
1325.88	0.324124
1326.88	0.324239
1327.89	0.324368
1328.9	0.324483
1329.91	0.324555
1330.91	0.324741
1331.91	0.324899
1332.91	0.325014
1333.92	0.325216
1334.93	0.32533
1335.93	0.325503
1336.93	0.325632
1337.93	0.325733
1338.93	0.325819
1339.95	0.325948
1340.95	0.326034
1341.95	0.326207
1342.95	0.326351
1343.95	0.326451
1344.95	0.326624
1345.95	0.326753
1346.96	0.326825
1347.97	0.326954
1348.97	0.32704
1349.98	0.32717
1350.99	0.327227
1351.99	0.327356
1353	0.327601
1354	0.327716
1355	0.327816
1356.01	0.328089
1357.01	0.328161
1358.01	0.32842
1359.01	0.32852
1360.02	0.328635
1361.02	0.328721
1362.02	0.328865
1363.03	0.329052
1364.03	0.329109
1365.03	0.329195
1366.04	0.329353
1367.05	0.329555
1368.05	0.329684
1369.07	0.329813
1370.07	0.329943
1371.07	0.330172
1372.08	0.330359
1373.08	0.33046
1374.08	0.330589
1375.08	0.330704
1376.09	0.330934
1377.09	0.331207
1378.09	0.33125
1379.09	0.331437
1380.1	0.331595
1381.1	0.331825
1382.11	0.331997
1383.11	0.332184
1384.11	0.332342
1385.11	0.3325
1386.11	0.332601
1387.12	0.332716
1388.12	0.33283
1389.12	0.332931
1390.12	0.333161
1391.13	0.333276
1392.13	0.333376
1393.13	0.333463
1394.14	0.333592
1395.14	0.333707
1396.15	0.33375
1397.15	0.333865
1398.15	0.334052
1399.16	0.334181
1400.16	0.334382
1401.17	0.33454
1402.17	0.334612
1403.17	0.334727
1404.17	0.334813
1405.17	0.334899
1406.18	0.335014
1407.18	0.335086
1408.19	0.335302
1409.19	0.335474
1410.2	0.33556
1411.2	0.335618
1412.21	0.335776
1413.23	0.335876
1414.23	0.335963
1415.23	0.336149
1416.24	0.336207
1417.24	0.336336
1418.25	0.336408
1419.25	0.336537
1420.25	0.336652
1421.25	0.336782
1422.25	0.336897
1423.25	0.336983
1424.27	0.337141
1425.28	0.337313
1426.28	0.337399
1427.28	0.3375
1428.28	0.337629
1429.28	0.337701
1430.29	0.33783
1431.29	0.337989
1432.29	0.338118
1433.3	0.338247
1434.3	0.338376
1435.31	0.338434
1436.31	0.338578
1437.32	0.338621
1438.32	0.338779
1439.33	0.338879
1440.33	0.338966
1441.33	0.339052
1442.33	0.339181
1443.33	0.339282
1444.34	0.339411
1445.35	0.339511
1446.36	0.339698
1447.36	0.339828
1448.36	0.339971
1449.37	0.340086
1450.37	0.340259
1451.37	0.340489
1452.37	0.340632
1453.37	0.34069
1454.38	0.340718
1455.38	0.340862
1456.39	0.340991
1457.39	0.341092
1458.39	0.341207
1459.4	0.341379
1460.4	0.34148
1461.41	0.341595
1462.41	0.341652
1463.41	0.34181
1464.41	0.341954
1465.41	0.342112
1466.42	0.34227
1467.42	0.342428
1468.44	0.342601
1469.44	0.342687
1470.44	0.342744
1471.44	0.34283
1472.44	0.342859
1473.45	0.34296
1474.46	0.34306
1475.46	0.343103
1476.47	0.343305
1477.47	0.343434
1478.47	0.34352
1479.47	0.343649
1480.48	0.343721
1481.48	0.343865
1482.49	0.344037
1483.49	0.34408
1484.5	0.344195
1485.51	0.344368
1486.51	0.344511
1487.51	0.344727
1488.51	0.344842
1489.51	0.344971
1490.51	0.345086
1491.51	0.345172
1492.51	0.345259
1493.52	0.34533
1494.53	0.345417
1495.53	0.34556
1496.54	0.345647
1497.54	0.345761
1498.54	0.345833
1499.55	0.345905
1500.55	0.346049
1501.55	0.346164
1502.55	0.346236
1503.56	0.346379
1504.56	0.346523
1505.57	0.346681
1506.58	0.34681
1507.58	0.346968
1508.58	0.347112
1509.58	0.347241
1510.59	0.347371
1511.59	0.347615
1512.59	0.347672
1513.6	0.347816
1514.61	0.34796
1515.62	0.348075
1516.63	0.34819
1517.63	0.348333
1518.63	0.348448
1519.64	0.348563
1520.64	0.348678
1521.65	0.348793
1522.65	0.34898
1523.65	0.349052
1524.66	0.349253
1525.66	0.349325
1526.66	0.349382
1527.66	0.349511
1528.66	0.349598
1529.67	0.349713
1530.68	0.349856
1531.68	0.349914
1532.69	0.349957
1533.7	0.350086
1534.7	0.350187
1535.72	0.350345
1536.72	0.35046
1537.72	0.350575
1538.73	0.350632
1539.74	0.350733
1540.74	0.350934
1541.75	0.351135
1542.75	0.351264
1543.75	0.351466
1544.76	0.351537
1545.77	0.35158
1546.77	0.351652
1547.77	0.351796
1548.78	0.351911
1549.78	0.352026
1550.79	0.352098
1551.79	0.352313
1552.79	0.352443
1553.8	0.352529
1554.8	0.352658
1555.8	0.352802
1556.8	0.352859
1557.8	0.352945
1558.81	0.353032
1559.81	0.35319
1560.81	0.353276
1561.82	0.353448
1562.82	0.353578
1563.82	0.35375
1564.83	0.353894
1565.83	0.354023
1566.83	0.354124
1567.84	0.354282
1568.84	0.354411
1569.84	0.35454
1570.85	0.354684
1571.85	0.354799
1572.85	0.354842
1573.86	0.355
1574.86	0.355043
1575.86	0.355172
1576.87	0.355302
1577.87	0.355402
1578.88	0.35556
1579.89	0.355647
1580.89	0.355747
1581.89	0.355776
1582.89	0.355876
1583.92	0.355963
1584.92	0.356092
1585.92	0.356149
1586.92	0.35625
1587.93	0.356365
1588.93	0.356451
1589.94	0.356537
1590.95	0.356638
1591.95	0.35671
1592.96	0.356868
1593.96	0.35694
1594.96	0.357098
1595.96	0.35717
1596.97	0.357284
1597.98	0.357457
1598.98	0.357572
1599.98	0.357672
1600.99	0.357773
1601.99	0.357902
1602.99	0.357974
1603.99	0.358118
1605	0.358319
1606.01	0.358463
1607.01	0.35852
1608.02	0.358721
1609.02	0.358851
1610.03	0.358951
1611.03	0.359009
1612.04	0.35908
1613.04	0.35921
1614.05	0.359325
1615.05	0.359454
1616.07	0.35954
1617.07	0.359641
1618.07	0.359756
1619.08	0.359842
1620.08	0.359986
1621.08	0.360144
1622.09	0.360287
1623.1	0.360489
1624.1	0.360575
1625.1	0.36069
1626.11	0.360833
1627.11	0.36102
1628.12	0.361178
1629.12	0.361236
1630.13	0.361379
1631.13	0.361552
1632.13	0.361652
1633.14	0.361782
1634.14	0.361897
1635.14	0.362026
1636.15	0.36217
1637.16	0.362313
1638.17	0.362399
1639.17	0.362529
1640.17	0.362644
1641.19	0.36273
1642.19	0.362845
1643.2	0.362989
1644.2	0.363218
1645.2	0.363405
1646.21	0.363491
1647.21	0.363635
1648.22	0.36375
1649.22	0.363851
1650.22	0.363922
1651.23	0.363994
1652.23	0.364138
1653.23	0.364195
1654.23	0.364325
1655.24	0.364411
1656.24	0.364555
1657.24	0.364741
1658.25	0.364885
1659.25	0.365043
1660.26	0.365144
1661.26	0.365244
1662.26	0.365316
1663.26	0.365431
1664.27	0.365532
1665.27	0.365675
1666.27	0.365776
1667.27	0.365876
1668.28	0.365977
1669.28	0.366006
1670.28	0.366063
1671.3	0.366121
1672.3	0.366221
1673.31	0.366293
1674.31	0.366351
1675.32	0.366422
1676.32	0.366552
1677.32	0.366695
1678.32	0.366796
1679.33	0.366925
1680.33	0.36704
1681.34	0.367227
1682.35	0.367371
1683.35	0.3675
1684.36	0.367615
1685.38	0.367701
1686.38	0.367816
1687.38	0.36796
1688.39	0.368003
1689.39	0.368089
1690.39	0.368218
1691.4	0.368405
1692.4	0.368506
1693.4	0.368664
1694.4	0.36875
1695.4	0.368865
1696.4	0.36898
1697.41	0.369109
1698.41	0.369195
1699.41	0.36931
1700.41	0.369368
1701.44	0.369468
1702.44	0.369555
1703.45	0.36967
1704.45	0.369813
1705.45	0.369899
1706.45	0.37
1707.45	0.370101
1708.46	0.370259
1709.47	0.37033
1710.47	0.370431
1711.48	0.370546
1712.48	0.370647
1713.48	0.370733
1714.48	0.37079
1715.48	0.370905
1716.49	0.371034
1717.5	0.371193
1718.5	0.37125
1719.51	0.371394
1720.51	0.371566
1721.51	0.371681
1722.51	0.371782
1723.51	0.371897
1724.51	0.37204
1725.52	0.372155
1726.53	0.37227
1727.54	0.372356
1728.54	0.372443
1729.54	0.372615
1730.54	0.372802
1731.54	0.372888
1732.57	0.372974
1733.57	0.373147
1734.58	0.373362
1735.59	0.373491
1736.6	0.373649
1737.6	0.373779
1738.61	0.373922
1739.61	0.37398
1740.61	0.374124
1741.61	0.374296
1742.62	0.374368
1743.62	0.374483
1744.62	0.374655
1745.63	0.374727
1746.63	0.374885
1747.63	0.374957
1748.63	0.375057
1749.64	0.375115
1750.65	0.375259
1751.65	0.37533
1752.66	0.375431
1753.66	0.37556
1754.66	0.37569
1755.66	0.375833
1756.67	0.375934
1757.67	0.37602
1758.69	0.376121
1759.69	0.376236
1760.69	0.376293
1761.69	0.376394
1762.69	0.37648
1763.7	0.376566
1764.7	0.376681
1765.7	0.376825
1766.71	0.376925
1767.71	0.376983
1768.71	0.377098
1769.71	0.377213
1770.72	0.377328
1771.73	0.377443
1772.74	0.377543
1773.76	0.377629
1774.76	0.377701
1775.76	0.37783
1776.77	0.377931
1777.77	0.378103
1778.79	0.378218
1779.79	0.378333
1780.79	0.378448
1781.8	0.378563
1782.8	0.378664
1783.8	0.37875
1784.81	0.378865
1785.81	0.378937
1786.82	0.379066
1787.82	0.379124
1788.82	0.379224
1789.82	0.379325
1790.84	0.379425
1791.84	0.37954
1792.84	0.379598
1793.84	0.37967
1794.84	0.379741
1795.85	0.379856
1796.85	0.380057
1797.85	0.380216
1798.85	0.380287
1799.85	0.380417
1800.86	0.380503
1801.86	0.38056
1802.86	0.380647
1803.87	0.380776
1804.87	0.380891
1805.88	0.380991
1806.88	0.381034
1807.89	0.381135
1808.9	0.38125
1809.9	0.381351
1810.91	0.38148
1811.91	0.381595
1812.91	0.38171
1813.92	0.381796
1814.93	0.381925
1815.93	0.381997
1816.94	0.382126
1817.94	0.382299
1818.94	0.382371
1819.95	0.382543
1820.95	0.382629
1821.95	0.382687
1822.95	0.382816
1823.95	0.382874
1824.95	0.382989
1825.96	0.38306
1826.96	0.383147
1827.98	0.383247
1828.99	0.38329
1829.99	0.383405
1830.99	0.383491
1831.99	0.383606
1833	0.383764
1834	0.383851
1835	0.383894
1836.01	0.383966
1837.01	0.384023
1838.01	0.384138
1839.02	0.384282
1840.02	0.384382
1841.03	0.384511
1842.03	0.384655
1843.03	0.384698
1844.04	0.384756
1845.04	0.384899
1846.05	0.384957
1847.05	0.385115
1848.05	0.385259
1849.06	0.385359
1850.06	0.385532
1851.06	0.385718
1852.07	0.385805
1853.07	0.385876
1854.07	0.385991
1855.08	0.386078
1856.08	0.386207
1857.09	0.386264
1858.09	0.386408
1859.09	0.386537
1860.1	0.386638
1861.1	0.386767
1862.1	0.386868
1863.11	0.386925
1864.12	0.387026
1865.12	0.387126
1866.12	0.38727
1867.13	0.387414
1868.13	0.387471
1869.14	0.387601
1870.15	0.387687
1871.15	0.387744
1872.15	0.387816
1873.16	0.38796
1874.17	0.388046
1875.18	0.388161
1876.18	0.388261
1877.19	0.38829
1878.19	0.388348
1879.19	0.388463
1880.2	0.388534
1881.2	0.388649
1882.2	0.388836
1883.2	0.388994
1884.21	0.389066
1885.22	0.389195
1886.22	0.389368
1887.23	0.389454
1888.23	0.389569
1889.23	0.389713
1890.23	0.38977
1891.24	0.389914
1892.24	0.389971
1893.25	0.390029
1894.27	0.390115
1895.28	0.390216
1896.28	0.390316
1897.28	0.390474
1898.29	0.390603
1899.3	0.390704
1900.3	0.390805
1901.31	0.390862
1902.31	0.390991
1903.32	0.391063
1904.32	0.391236
1905.32	0.391293
1906.32	0.391466
1907.33	0.391609
1908.34	0.391753
1909.34	0.39181
1910.34	0.391925
1911.34	0.391997
1912.35	0.392083
1913.35	0.392184
1914.36	0.392256
1915.36	0.392299
1916.36	0.392371
1917.36	0.392529
1918.36	0.392615
1919.37	0.392716
1920.38	0.392816
1921.39	0.392874
1922.39	0.392945
1923.4	0.393046
1924.4	0.393147
1925.41	0.393319
1926.41	0.393434
1927.42	0.393563
1928.42	0.393649
1929.42	0.393822
1930.43	0.393908
1931.43	0.394037
1932.43	0.394152
1933.43	0.394239
1934.44	0.394325
1935.44	0.394497
1936.45	0.394598
1937.45	0.394741
1938.46	0.394957
1939.46	0.395086
1940.49	0.395302
1941.49	0.395402
1942.5	0.395489
1943.5	0.39556
1944.5	0.395704
1945.5	0.395776
1946.51	0.395891
1947.51	0.395948
1948.53	0.396034
1949.53	0.396236
1950.53	0.396351
1951.53	0.396422
1952.53	0.396437
1953.54	0.396537
1954.54	0.396609
1955.55	0.396681
1956.55	0.396825
1957.55	0.396882
1958.55	0.396997
1959.56	0.397083
1960.56	0.397213
1961.57	0.397313
1962.57	0.397428
1963.58	0.397586
1964.58	0.39773
1965.58	0.397787
1966.59	0.397802
1967.6	0.39796
1968.61	0.398017
1969.62	0.398103
1970.62	0.398132
1971.62	0.398204
1972.62	0.398276
1973.62	0.398333
1974.63	0.39842
1975.63	0.39852
1976.63	0.398606
1977.63	0.398707
1978.64	0.398779
1979.65	0.398966
1980.66	0.399109
1981.66	0.39921
1982.66	0.399368
1983.66	0.399454
1984.66	0.39954
1985.67	0.399583
1986.67	0.399698
1987.67	0.39977
1988.68	0.399885
1989.68	0.4
1990.68	0.400057
1991.69	0.400115
1992.69	0.400244
1993.7	0.400287
1994.71	0.400417
1995.71	0.400503
1996.71	0.400618
1997.72	0.400704
1998.72	0.400747
1999.72	0.400848
2000.73	0.400948
2001.73	0.401078
2002.74	0.401121
2003.74	0.401178
2004.74	0.401307
2005.75	0.401379
2006.75	0.401437
2007.75	0.401537
2008.75	0.401638
2009.75	0.401667
2010.76	0.401796
2011.77	0.401882
2012.77	0.401983
2013.77	0.402069
2014.77	0.40217
2015.77	0.402256
2016.78	0.402356
2017.79	0.402471
2018.79	0.402586
2019.8	0.402658
2020.81	0.402744
2021.81	0.402902
2022.81	0.402945
2023.82	0.403089
2024.82	0.403218
2025.82	0.403333
2026.83	0.403463
2027.83	0.403549
2028.84	0.403678
2029.85	0.403822
2030.85	0.403908
2031.86	0.404023
2032.86	0.404152
2033.86	0.404253
2034.87	0.404353
2035.88	0.40444
2036.88	0.404497
2037.88	0.404641
2038.88	0.404856
2039.88	0.405
2040.88	0.405115
2041.88	0.405287
2042.89	0.405374
2043.89	0.405445
2044.89	0.405603
2045.89	0.405747
2046.9	0.405862
2047.9	0.405963
2048.9	0.405991
2049.9	0.406078
2050.9	0.406164
2051.91	0.40625
2052.92	0.406307
2053.92	0.406379
2054.93	0.406437
2055.94	0.406552
2056.94	0.406652
2057.94	0.406782
2058.94	0.406853
2059.95	0.406968
2060.95	0.407126
2061.95	0.407241
2062.95	0.407356
2063.95	0.407529
2064.95	0.407601
2065.95	0.407701
2066.96	0.407773
2067.96	0.407902
2068.96	0.407989
2069.96	0.408089
2070.96	0.408175
2071.97	0.408276
2072.98	0.408463
2073.98	0.408549
2074.98	0.408649
2075.98	0.408707
2077	0.408793
2078	0.408865
2079	0.408966
2080	0.409109
2081.01	0.409167
2082.01	0.409239
2083.01	0.409325
2084.02	0.409425
2085.02	0.409497
2086.02	0.409612
2087.02	0.409727
2088.03	0.409784
2089.03	0.409842
2090.04	0.409856
2091.05	0.409943
2092.06	0.410144
2093.06	0.41023
2094.07	0.410302
2095.08	0.410388
2096.08	0.410546
2097.08	0.410603
2098.08	0.410632
2099.08	0.410718
2100.09	0.410833
2101.09	0.410948
2102.1	0.411063
2103.11	0.411193
2104.11	0.411293
2105.12	0.411365
2106.12	0.411408
2107.12	0.411437
2108.12	0.411494
2109.13	0.41158
2110.13	0.411667
2111.13	0.411724
2112.13	0.411853
2113.14	0.411983
2114.14	0.41204
2115.14	0.412112
2116.15	0.412213
2117.15	0.412299
2118.15	0.412356
2119.16	0.4125
2120.17	0.412687
2121.18	0.412773
2122.18	0.412816
2123.18	0.412945
2124.18	0.413046
2125.19	0.413161
2126.19	0.413319
2127.19	0.413376
2128.2	0.413463
2129.2	0.413563
2130.2	0.413621
2131.21	0.413736
2132.21	0.413836
2133.21	0.413922
2134.23	0.413994
2135.23	0.414037
2136.24	0.414124
2137.24	0.414239
2138.25	0.414296
2139.25	0.414425
2140.28	0.414555
2141.28	0.41467
2142.28	0.414828
2143.28	0.414914
2144.3	0.414971
2145.3	0.415129
2146.3	0.415216
2147.31	0.415287
2148.31	0.415345
2149.32	0.415474
2150.32	0.41556
2151.32	0.415647
2152.32	0.415761
2153.34	0.415862
2154.34	0.41602
2155.34	0.416034
2156.34	0.416121
2157.35	0.416193
2158.35	0.416365
2159.36	0.416451
2160.36	0.416566
2161.37	0.416609
2162.37	0.416753
2163.37	0.416868
2164.37	0.416954
2165.38	0.417112
2166.38	0.417198
2167.39	0.417299
2168.39	0.417313
2169.4	0.417371
2170.4	0.417457
2171.41	0.417543
2172.41	0.417629
2173.42	0.417802
2174.43	0.417845
2175.43	0.417902
2176.44	0.418017
2177.44	0.418089
2178.45	0.418175
2179.45	0.418333
2180.45	0.418362
2181.46	0.41842
2182.46	0.418491
2183.47	0.418578
2184.47	0.418635
2185.48	0.41875
2186.48	0.418908
2187.48	0.419009
2188.48	0.419124
2189.48	0.419224
2190.49	0.419382
2191.5	0.419483
2192.5	0.419641
2193.5	0.419684
2194.5	0.419799
2195.51	0.419871
2196.51	0.419928
2197.52	0.419971
2198.52	0.420043
2199.52	0.420115
2200.52	0.420172
2201.53	0.420273
2202.54	0.420316
2203.55	0.420417
2204.55	0.420489
2205.55	0.420546
2206.56	0.420603
2207.56	0.420647
2208.57	0.42069
2209.57	0.420805
2210.57	0.420833
2211.57	0.420905
2212.58	0.420977
2213.59	0.421078
2214.59	0.421121
2215.6	0.421193
2216.6	0.421264
2217.6	0.421336
2218.6	0.421422
2219.61	0.421566
2220.61	0.421652
2221.63	0.421739
2222.63	0.421782
2223.63	0.421882
2224.63	0.42194
2225.64	0.422026
2226.65	0.422155
2227.65	0.422313
2228.65	0.422385
2229.67	0.4225
2230.68	0.422701
2231.68	0.422845
2232.69	0.42296
2233.69	0.423046
2234.69	0.423132
2235.7	0.423247
2236.7	0.423333
2237.7	0.423362
2238.71	0.42342
2239.71	0.423506
2240.72	0.423563
2241.73	0.423635
2242.73	0.42375
2243.73	0.423807
2244.74	0.423865
2245.74	0.42398
2246.74	0.424037
2247.74	0.424138
2248.75	0.424181
2249.75	0.424282
2250.75	0.424325
2251.76	0.424454
2252.77	0.424511
2253.78	0.424612
2254.78	0.424684
2255.78	0.424741
2256.78	0.424756
2257.78	0.424856
2258.78	0.424899
2259.79	0.424957
2260.79	0.425057
2261.79	0.425144
2262.81	0.425172
2263.82	0.42523
2264.82	0.425316
2265.83	0.425388
2266.83	0.425474
2267.83	0.425618
2268.83	0.425733
2269.83	0.425805
2270.84	0.425876
2271.84	0.425963
2272.85	0.426106
2273.86	0.426221
2274.86	0.426336
2275.88	0.42648
2276.89	0.426552
2277.89	0.426609
2278.9	0.426667
2279.91	0.426753
2280.92	0.426839
2281.92	0.426983
2282.92	0.427083
2283.93	0.427141
2284.93	0.427241
2285.93	0.427399
2286.94	0.427471
2287.94	0.4275
2288.94	0.427557
2289.94	0.427644
2290.94	0.42773
2291.95	0.42783
2292.96	0.427874
2293.96	0.427931
2294.97	0.427974
2295.97	0.428103
2296.97	0.428147
2297.98	0.42829
2298.98	0.428391
2299.98	0.42842
2300.99	0.428534
2301.99	0.428606
2302.99	0.428693
2303.99	0.42875
2305	0.428865
2306	0.429037
2307.01	0.42908
2308.01	0.429095
2309.01	0.429224
2310.01	0.429411
2311.02	0.429468
2312.03	0.429497
2313.03	0.429626
2314.03	0.42977
2315.03	0.429813
2316.04	0.429871
2317.04	0.429899
2318.05	0.429957
2319.05	0.430014
2320.05	0.430172
2321.05	0.430201
2322.06	0.43033
2323.06	0.430374
2324.06	0.430417
2325.07	0.430517
2326.07	0.430546
2327.07	0.430632
2328.08	0.430747
2329.08	0.43079
2330.09	0.430876
2331.09	0.430905
2332.09	0.431006
2333.1	0.431078
2334.1	0.431178
2335.11	0.431279
2336.13	0.431322
2337.13	0.431379
2338.14	0.431466
2339.15	0.431552
2340.16	0.431667
2341.16	0.431796
2342.16	0.431868
2343.16	0.431925
2344.17	0.431983
2345.17	0.43204
2346.18	0.432112
2347.18	0.432227
2348.19	0.432284
2349.2	0.432313
2350.2	0.432399
2351.21	0.4325
2352.21	0.432557
2353.21	0.432701
2354.22	0.432845
2355.22	0.432902
2356.22	0.433017
2357.22	0.433175
2358.22	0.433276
2359.23	0.433348
2360.23	0.433463
2361.24	0.433534
2362.25	0.433592
2363.25	0.433678
2364.26	0.433779
2365.27	0.433822
2366.28	0.433908
2367.28	0.434023
2368.28	0.43408
2369.29	0.434195
2370.29	0.434239
2371.3	0.434339
2372.3	0.434411
2373.3	0.434483
2374.3	0.434526
2375.31	0.434583
2376.31	0.43467
2377.31	0.434756
2378.31	0.434871
2379.32	0.434928
2380.32	0.435029
2381.32	0.435158
2382.32	0.435287
2383.33	0.435345
2384.35	0.435417
2385.36	0.43546
2386.37	0.435575
2387.38	0.435661
2388.38	0.435718
2389.39	0.435876
2390.39	0.435991
2391.4	0.436049
2392.41	0.436149
2393.42	0.436293
2394.42	0.436351
2395.43	0.436422
2396.43	0.436509
2397.43	0.43658
2398.44	0.436624
2399.45	0.436681
2400.45	0.436739
2401.45	0.436796
2402.45	0.436897
2403.46	0.437026
2404.46	0.437126
2405.47	0.437227
2406.47	0.437342
2407.47	0.437414
2408.47	0.437471
2409.48	0.437543
2410.5	0.437629
2411.5	0.437672
2412.5	0.437716
2413.51	0.437787
2414.51	0.437874
2415.51	0.438017
2416.51	0.43806
2417.52	0.43819
2418.52	0.438233
2419.52	0.438276
2420.53	0.438319
2421.53	0.438405
2422.53	0.438463
2423.55	0.438506
2424.55	0.438606
2425.56	0.438606
2426.57	0.438664
2427.57	0.438721
2428.57	0.438822
2429.58	0.438922
2430.58	0.438966
2431.59	0.43908
2432.59	0.439167
2433.59	0.439239
2434.6	0.439296
2435.6	0.439368
2436.6	0.439454
2437.6	0.439497
2438.61	0.439555
2439.61	0.439598
2440.62	0.439641
2441.62	0.439713
2442.63	0.439842
2443.64	0.439957
2444.64	0.440101
2445.64	0.440158
2446.64	0.440201
2447.65	0.440244
2448.65	0.44033
2449.65	0.440417
2450.65	0.440489
2451.65	0.440546
2452.66	0.440632
2453.67	0.440718
2454.67	0.440776
2455.67	0.440891
2456.67	0.440977
2457.68	0.441078
2458.68	0.441149
2459.69	0.441221
2460.69	0.441351
2461.7	0.441379
2462.7	0.441494
2463.71	0.441566
2464.72	0.441695
2465.73	0.441753
2466.73	0.44181
2467.74	0.441882
2468.74	0.441983
2469.75	0.442055
2470.75	0.442141
2471.76	0.442227
2472.76	0.442356
2473.76	0.442457
2474.77	0.442557
2475.77	0.442572
2476.78	0.442672
2477.78	0.442744
2478.78	0.442816
2479.79	0.442888
2480.79	0.443003
2481.79	0.443103
2482.79	0.443204
2483.8	0.443261
2484.81	0.443305
2485.82	0.443319
2486.83	0.443376
2487.84	0.443477
2488.84	0.443606
2489.84	0.443707
2490.85	0.443721
2491.86	0.443779
2492.86	0.443937
2493.88	0.444009
2494.88	0.44408
2495.89	0.444138
2496.89	0.444224
2497.9	0.444325
2498.91	0.444368
2499.91	0.444454
2500.91	0.444468
2501.92	0.444555
2502.92	0.444612
2503.94	0.444713
2504.96	0.444799
2505.97	0.444871
2506.97	0.444971
2507.98	0.445115
2508.98	0.445216
2509.98	0.445259
2510.99	0.445287
2512.01	0.445345
2513.01	0.445374
2514.02	0.445417
2515.03	0.445503
2516.04	0.445589
2517.04	0.445632
2518.05	0.44569
2519.06	0.445805
2520.06	0.445891
2521.06	0.445977
2522.06	0.446092
2523.07	0.446236
2524.07	0.446365
2525.08	0.446422
2526.08	0.446466
2527.09	0.446523
2528.09	0.446595
2529.09	0.446667
2530.1	0.446695
2531.1	0.44681
2532.1	0.446954
2533.1	0.44704
2534.11	0.447126
2535.11	0.447227
2536.11	0.447385
2537.11	0.447471
2538.11	0.447586
2539.11	0.447672
2540.12	0.447672
2541.13	0.447744
2542.13	0.447816
2543.14	0.447859
2544.14	0.447945
2545.15	0.448017
2546.15	0.448046
2547.15	0.448089
2548.15	0.448132
2549.16	0.448233
2550.22	0.448247
2551.23	0.448305
2552.23	0.448391
2553.24	0.448491
2554.25	0.448606
2555.25	0.448678
2556.25	0.448865
2557.25	0.448908
2558.26	0.448966
2559.26	0.449009
2560.26	0.449138
2561.26	0.44921
2562.26	0.449253
2563.26	0.449325
2564.27	0.449425
2565.27	0.449497
2566.27	0.449612
2567.29	0.449698
2568.29	0.449727
2569.3	0.449813
2570.31	0.449871
2571.31	0.450014
2572.31	0.450115
2573.31	0.450216
2574.31	0.450287
2575.32	0.450402
2576.32	0.45046
2577.32	0.450532
2578.33	0.45056
2579.33	0.450675
2580.34	0.450776
2581.34	0.450819
2582.34	0.450891
2583.36	0.450963
2584.36	0.450991
2585.36	0.451063
2586.37	0.451121
2587.37	0.451178
2588.38	0.451307
2589.38	0.451437
2590.38	0.451509
2591.39	0.451638
2592.39	0.451739
2593.39	0.451796
2594.39	0.451825
2595.39	0.451911
2596.39	0.452026
2597.39	0.452083
2598.41	0.452141
2599.41	0.45217
2600.41	0.452198
2601.41	0.452256
2602.41	0.452385
2603.42	0.452443
2604.42	0.452471
2605.42	0.452586
2606.43	0.452644
2607.43	0.452802
2608.43	0.452931
2609.43	0.453003
2610.45	0.453075
2611.46	0.453147
2612.47	0.453218
2613.47	0.453333
2614.47	0.453448
2615.48	0.453563
2616.48	0.453606
2617.48	0.453678
2618.48	0.453779
2619.49	0.453966
2620.5	0.454052
2621.51	0.454124
2622.52	0.454224
2623.55	0.454267
2624.55	0.454325
2625.55	0.454397
2626.56	0.454483
2627.57	0.454526
2628.58	0.454626
2629.58	0.45467
2630.59	0.454713
2631.59	0.454799
2632.59	0.454885
2633.6	0.455029
2634.61	0.455086
2635.61	0.455187
2636.61	0.455259
2637.61	0.45533
2638.62	0.455417
2639.62	0.455503
2640.62	0.455603
2641.66	0.455632
2642.66	0.455718
2643.67	0.455761
2644.67	0.455905
2645.69	0.455963
2646.69	0.45602
2647.69	0.456121
2648.69	0.456135
2649.7	0.456236
2650.71	0.456279
2651.71	0.456365
2652.71	0.45648
2653.72	0.456552
2654.72	0.456667
2655.73	0.456767
2656.75	0.456825
2657.75	0.456882
2658.75	0.456954
2659.75	0.45704
2660.76	0.457112
2661.76	0.45717
2662.76	0.457299
2663.76	0.457428
2664.76	0.457586
2665.76	0.457615
2666.77	0.457687
2667.78	0.457744
2668.78	0.457802
2669.79	0.45783
2670.79	0.457974
2671.79	0.457989
2672.79	0.458175
2673.8	0.458247
2674.8	0.458305
2675.8	0.458376
2676.82	0.458477
2677.83	0.458549
2678.83	0.458635
2679.84	0.458678
2680.85	0.458764
2681.86	0.458865
2682.87	0.458922
2683.87	0.459037
2684.89	0.459138
2685.9	0.459195
2686.9	0.45931
2687.91	0.459411
2688.91	0.459497
2689.91	0.459526
2690.92	0.459555
2691.92	0.459626
2692.92	0.459713
2693.93	0.459784
2694.93	0.459871
2695.93	0.459943
2696.94	0.460072
2697.95	0.460144
2698.95	0.460244
2699.95	0.460359
2700.96	0.460402
2701.96	0.460532
2702.96	0.460704
2703.97	0.460805
2704.97	0.460862
2705.98	0.460905
2706.99	0.460977
2707.99	0.461034
2708.99	0.461078
2709.99	0.461193
2710.99	0.46125
2712	0.461307
2713	0.461365
2714	0.461422
2715	0.461509
2716.01	0.461552
2717.01	0.461566
2718.03	0.461624
2719.04	0.461667
2720.04	0.461739
2721.05	0.46181
2722.07	0.461853
2723.08	0.461954
2724.08	0.462026
2725.09	0.462055
2726.09	0.462112
2727.09	0.462227
2728.1	0.462313
2729.1	0.462356
2730.11	0.462428
2731.11	0.4625
2732.11	0.462543
2733.13	0.462644
2734.14	0.462687
2735.15	0.462744
2736.16	0.462816
2737.17	0.462917
2738.17	0.463032
2739.18	0.463132
2740.18	0.463233
2741.19	0.463305
2742.19	0.463333
2743.2	0.463434
2744.2	0.463491
2745.2	0.463563
2746.22	0.463606
2747.22	0.463606
2748.23	0.463678
2749.24	0.463693
2750.24	0.463836
2751.25	0.463908
2752.25	0.463994
2753.25	0.464037
2754.26	0.464124
2755.26	0.464152
2756.27	0.46431
2757.27	0.464397
2758.28	0.464425
2759.28	0.464454
2760.29	0.464511
2761.3	0.464569
2762.3	0.464626
2763.31	0.46467
2764.31	0.464727
2765.32	0.464856
2766.33	0.464899
2767.33	0.464971
2768.33	0.465086
2769.33	0.465158
2770.34	0.465244
2771.34	0.465374
2772.35	0.465445
2773.35	0.465532
2774.35	0.465589
2775.36	0.465675
2776.36	0.465733
2777.36	0.465805
2778.36	0.465862
2779.37	0.465977
2780.37	0.46602
2781.37	0.466135
2782.37	0.466164
2783.37	0.46625
2784.39	0.466293
2785.39	0.466336
2786.4	0.466365
2787.41	0.466437
2788.41	0.466523
2789.41	0.466595
2790.43	0.466652
2791.43	0.466724
2792.43	0.466796
2793.44	0.466925
2794.44	0.466983
2795.45	0.467098
2796.45	0.467155
2797.46	0.467213
2798.46	0.46727
2799.46	0.467342
2800.46	0.467399
2801.46	0.467543
2802.46	0.467615
2803.46	0.467802
2804.47	0.467902
2805.48	0.467989
2806.48	0.46806
2807.48	0.468103
2808.48	0.468175
2809.49	0.468247
2810.49	0.46829
2811.5	0.468376
2812.5	0.468434
2813.5	0.468491
2814.51	0.468635
2815.51	0.468707
2816.51	0.468779
2817.52	0.468836
2818.52	0.468951
2819.52	0.468966
2820.52	0.469037
2821.52	0.469066
2822.52	0.469138
2823.53	0.469267
2824.56	0.469325
2825.57	0.469411
2826.58	0.469497
2827.58	0.469555
2828.59	0.469641
2829.59	0.469713
2830.59	0.469799
2831.6	0.469828
2832.6	0.469885
2833.61	0.469943
2834.62	0.470014
2835.63	0.470043
2836.63	0.470115
2837.63	0.470187
2838.63	0.470201
2839.64	0.470287
2840.65	0.470345
2841.65	0.470417
2842.65	0.470489
2843.65	0.470532
2844.65	0.47056
2845.66	0.470575
2846.66	0.470647
2847.66	0.470704
2848.66	0.47079
2849.67	0.470876
2850.67	0.470934
2851.68	0.47102
2852.68	0.471078
2853.68	0.471149
2854.68	0.471236
2855.68	0.471379
2856.69	0.471437
2857.7	0.47148
2858.7	0.471523
2859.7	0.471552
2860.7	0.471595
2861.71	0.471681
2862.71	0.471724
2863.72	0.471882
2864.72	0.47194
2865.72	0.471983
2866.73	0.472026
2867.73	0.472112
2868.73	0.47217
2869.74	0.472227
2870.74	0.472313
2871.74	0.472428
2872.75	0.472514
2873.76	0.472543
2874.76	0.472629
2875.76	0.47273
2876.78	0.472759
2877.78	0.47283
2878.79	0.472902
2879.79	0.472945
2880.79	0.47306
2881.79	0.473118
2882.8	0.473218
2883.8	0.473261
2884.81	0.473333
2885.81	0.473405
2886.81	0.473491
2887.81	0.473563
2888.82	0.473606
2889.83	0.473693
2890.84	0.473779
2891.84	0.473793
2892.84	0.473908
2893.84	0.473966
2894.85	0.473994
2895.85	0.474052
2896.86	0.474066
2897.86	0.474095
2898.86	0.474253
2899.88	0.474296
2900.88	0.474339
2901.88	0.474454
2902.88	0.474526
2903.88	0.474598
2904.89	0.47467
2905.89	0.474727
2906.89	0.474856
2907.9	0.474885
2908.9	0.474986
2909.91	0.475086
2910.91	0.475158
2911.92	0.475273
2912.93	0.475402
2913.93	0.475517
2914.93	0.475589
2915.93	0.475661
2916.95	0.475704
2917.96	0.475718
2918.96	0.475747
2919.97	0.475819
2920.97	0.475848
2921.97	0.475905
2922.98	0.475948
2923.98	0.476049
2924.98	0.476121
2925.99	0.476193
2926.99	0.476236
2928	0.476279
2929	0.476322
2930	0.476422
2931	0.476523
2932	0.476624
2933.02	0.476681
2934.02	0.476724
2935.02	0.47681
2936.03	0.476825
2937.03	0.476954
2938.03	0.476983
2939.04	0.477112
2940.04	0.477155
2941.06	0.47727
2942.07	0.477284
2943.07	0.477342
2944.07	0.477399
2945.08	0.477514
2946.08	0.477543
2947.09	0.477615
2948.1	0.477716
2949.1	0.477802
2950.1	0.477859
2951.11	0.477945
2952.11	0.477989
2953.11	0.478017
2954.11	0.478075
2955.11	0.478161
2956.12	0.478233
2957.12	0.47829
2958.12	0.478362
2959.13	0.47842
2960.15	0.47852
2961.16	0.478578
2962.16	0.478621
2963.16	0.478707
2964.17	0.478736
2965.17	0.478836
2966.18	0.478851
2967.21	0.478894
2968.22	0.478994
2969.24	0.479037
2970.25	0.479052
2971.25	0.479152
2972.25	0.479224
2973.26	0.47931
2974.26	0.479382
2975.26	0.479397
2976.26	0.479411
2977.26	0.479497
2978.27	0.479612
2979.27	0.479626
2980.27	0.479655
2981.28	0.479741
2982.28	0.47977
2983.29	0.479842
2984.29	0.479885
2985.3	0.479957
2986.31	0.480043
2987.31	0.480057
2988.33	0.480072
2989.33	0.480115
2990.34	0.480172
2991.35	0.480201
2992.35	0.48033
2993.36	0.480374
2994.36	0.480474
2995.37	0.480618
2996.37	0.480675
2997.37	0.480862
2998.37	0.48092
2999.37	0.480977
3000.37	0.481034
3001.37	0.481149
3002.39	0.481207
3003.39	0.481307
3004.4	0.481379
3005.4	0.481466
3006.41	0.481509
3007.42	0.481609
3008.42	0.48171
3009.42	0.481739
3010.42	0.481796
3011.43	0.481853
3012.43	0.481925
3013.44	0.482098
3014.45	0.482184
3015.45	0.482241
3016.46	0.48227
3017.46	0.482299
3018.47	0.482399
3019.47	0.482557
3020.48	0.482629
3021.48	0.482701
3022.48	0.482759
3023.49	0.482816
3024.49	0.482931
3025.49	0.483003
3026.5	0.483032
3027.5	0.483147
3028.5	0.48319
3029.51	0.483247
3030.51	0.483305
3031.51	0.483319
3032.51	0.483405
3033.51	0.483463
3034.52	0.483534
3035.53	0.483606
3036.54	0.483693
3037.55	0.483764
3038.56	0.483793
3039.56	0.483894
3040.57	0.483937
3041.58	0.484037
3042.58	0.48408
3043.58	0.484167
3044.6	0.484224
3045.6	0.484325
3046.61	0.484397
3047.61	0.484468
3048.61	0.484569
3049.64	0.484641
3050.65	0.484713
3051.65	0.484756
3052.65	0.484842
3053.65	0.484914
3054.65	0.484971
3055.65	0.485043
3056.65	0.485158
3057.66	0.485187
3058.67	0.485259
3059.67	0.485287
3060.67	0.485302
3061.68	0.485359
3062.68	0.485489
3063.68	0.485575
3064.69	0.485603
3065.7	0.485747
3066.71	0.485761
3067.71	0.485876
3068.72	0.485934
3069.73	0.486063
3070.73	0.486121
3071.74	0.486207
3072.74	0.486264
3073.74	0.486351
3074.75	0.486394
3075.75	0.486552
3076.75	0.486595
3077.75	0.486638
3078.76	0.486681
3079.76	0.486753
3080.77	0.48681
3081.77	0.486853
3082.77	0.48694
3083.77	0.486983
3084.78	0.487026
3085.78	0.48717
3086.79	0.487241
3087.79	0.487284
3088.8	0.487284
3089.8	0.487313
3090.81	0.487371
3091.83	0.487414
3092.83	0.487471
3093.83	0.487514
3094.84	0.487586
3095.85	0.487644
3096.85	0.487701
3097.85	0.487802
3098.87	0.487845
3099.87	0.48796
3100.87	0.488003
3101.87	0.48806
3102.88	0.488132
3103.89	0.488132
3104.89	0.488161
3105.9	0.488247
3106.91	0.488376
3107.92	0.488376
3108.93	0.48842
3109.93	0.48852
3110.93	0.488563
3111.94	0.488721
3112.94	0.488793
3113.94	0.488851
3114.95	0.488937
3115.95	0.488994
3116.95	0.489109
3117.96	0.489152
3118.96	0.48921
3119.96	0.489325
3120.96	0.489382
3121.98	0.489483
3122.98	0.489526
3123.98	0.489555
3125.01	0.489612
3126.01	0.489684
3127.02	0.489784
3128.02	0.489885
3129.02	0.489943
3130.03	0.490029
3131.03	0.490043
3132.06	0.490158
3133.07	0.49023
3134.07	0.490287
3135.08	0.490417
3136.08	0.490489
3137.08	0.49056
3138.1	0.490618
3139.1	0.490704
3140.11	0.490862
3141.12	0.490963
3142.13	0.491078
3143.13	0.491221
3144.14	0.491293
3145.14	0.491336
3146.15	0.491408
3147.15	0.491451
3148.17	0.491509
3149.17	0.491552
3150.17	0.491652
3151.17	0.491724
3152.18	0.491839
3153.18	0.491925
3154.18	0.492069
3155.18	0.49217
3156.18	0.492213
3157.19	0.492313
3158.21	0.492385
3159.22	0.492471
3160.22	0.492557
3161.23	0.492658
3162.23	0.492759
3163.24	0.492816
3164.25	0.492902
3165.25	0.49296
3166.28	0.493046
3167.29	0.493089
3168.29	0.493118
3169.29	0.493147
3170.3	0.493204
3171.3	0.493261
3172.3	0.493305
3173.31	0.493376
3174.31	0.493391
3175.31	0.493491
3176.32	0.493549
3177.32	0.493578
3178.33	0.493606
3179.34	0.493664
3180.34	0.493736
3181.35	0.493807
3182.35	0.493894
3183.36	0.493908
3184.36	0.493966
3185.37	0.494052
3186.38	0.494138
3187.39	0.494239
3188.39	0.494253
3189.39	0.494353
3190.39	0.494411
3191.4	0.494468
3192.41	0.494526
3193.41	0.494569
3194.41	0.494598
3195.43	0.49467
3196.43	0.494741
3197.43	0.49477
3198.43	0.494856
3199.43	0.494957
3200.44	0.494971
3201.44	0.495014
3202.44	0.495057
3203.45	0.495115
3204.45	0.495158
3205.46	0.495216
3206.47	0.495374
3207.47	0.495489
3208.48	0.495503
3209.48	0.495603
3210.49	0.49569
3211.49	0.495747
3212.5	0.495848
3213.51	0.495848
3214.51	0.49592
3215.51	0.49602
3216.52	0.496063
3217.52	0.496092
3218.52	0.496135
3219.53	0.496178
3220.54	0.49625
3221.54	0.496322
3222.55	0.496365
3223.55	0.496408
3224.57	0.496451
3225.57	0.496537
3226.58	0.496609
3227.59	0.496624
3228.59	0.496667
3229.59	0.496681
3230.6	0.496796
3231.62	0.496825
3232.62	0.496868
3233.62	0.496911
3234.62	0.496968
3235.63	0.496983
3236.64	0.497026
3237.64	0.497126
3238.64	0.497227
3239.64	0.497299
3240.66	0.497328
3241.66	0.497371
3242.66	0.497428
3243.66	0.497443
3244.66	0.497514
3245.68	0.497601
3246.69	0.497672
3247.7	0.497744
3248.7	0.497802
3249.73	0.49783
3250.74	0.497902
3251.74	0.497974
3252.75	0.498046
3253.75	0.498118
3254.76	0.49819
3255.76	0.498233
3256.77	0.498261
3257.77	0.498362
3258.77	0.498391
3259.79	0.498463
3260.8	0.498578
3261.81	0.498621
3262.81	0.498678
3263.82	0.498764
3264.82	0.498793
3265.82	0.498865
3266.83	0.498937
3267.83	0.499009
3268.83	0.499052
3269.84	0.49908
3270.85	0.499138
3271.86	0.499181
3272.87	0.499253
3273.87	0.499296
3274.88	0.499397
3275.89	0.49944
3276.91	0.499598
3277.91	0.499612
3278.92	0.499641
3279.92	0.499713
3280.93	0.499756
3281.94	0.499784
3282.94	0.499856
3283.94	0.499943
3284.94	0.500072
3285.96	0.500129
3286.97	0.500158
3287.97	0.50023
3288.98	0.500302
3289.98	0.500431
3290.98	0.500503
3291.98	0.50056
3292.98	0.500647
3293.98	0.50069
3294.99	0.500747
3296	0.50079
3297.01	0.500862
3298.01	0.500934
3299.01	0.500963
3300.01	0.501006
3301.01	0.501106
3302.02	0.501149
3303.02	0.501221
3304.03	0.501264
3305.03	0.501336
3306.05	0.501379
3307.05	0.501466
3308.05	0.501537
3309.06	0.501595
3310.06	0.501681
3311.06	0.501839
3312.07	0.501897
3313.07	0.501968
3314.07	0.502026
3315.07	0.502055
3316.08	0.502098
3317.08	0.502241
3318.08	0.502299
3319.08	0.502414
3320.09	0.5025
3321.09	0.502572
3322.09	0.502644
3323.1	0.50273
3324.1	0.502802
3325.1	0.50283
3326.1	0.502931
3327.1	0.503075
3328.11	0.503089
3329.11	0.50319
3330.11	0.503247
3331.11	0.503305
3332.12	0.50342
3333.13	0.503578
3334.14	0.503678
3335.14	0.503764
3336.15	0.503851
3337.15	0.503937
3338.15	0.503994
3339.16	0.504052
3340.17	0.504138
3341.19	0.504195
3342.2	0.504224
3343.2	0.504339
3344.21	0.504382
3345.22	0.50444
3346.22	0.504454
3347.24	0.504598
3348.24	0.50467
3349.24	0.504799
3350.25	0.504871
3351.25	0.504943
3352.25	0.505014
3353.27	0.505072
3354.27	0.505101
3355.28	0.505144
3356.28	0.50523
3357.28	0.505273
3358.29	0.50533
3359.29	0.505374
3360.29	0.50546
3361.3	0.50556
3362.3	0.505661
3363.3	0.505718
3364.32	0.505747
3365.32	0.505833
3366.32	0.505934
3367.35	0.506006
3368.35	0.506078
3369.36	0.506121
3370.36	0.506164
3371.36	0.506236
3372.36	0.506365
3373.38	0.506379
3374.38	0.506437
3375.39	0.506494
3376.39	0.506652
3377.4	0.506681
3378.4	0.506739
3379.4	0.50681
3380.4	0.506882
3381.41	0.506925
3382.41	0.50704
3383.41	0.507098
3384.43	0.507141
3385.43	0.507227
3386.43	0.507328
3387.44	0.507371
3388.44	0.507414
3389.45	0.507471
3390.45	0.507557
3391.45	0.507601
3392.45	0.507629
3393.45	0.507658
3394.46	0.507701
3395.46	0.507759
3396.46	0.507845
3397.48	0.507945
3398.48	0.508003
3399.48	0.508103
3400.48	0.508147
3401.48	0.508261
3402.48	0.50829
3403.49	0.508319
3404.49	0.508348
3405.5	0.508376
3406.51	0.508448
3407.51	0.508592
3408.51	0.508664
3409.52	0.508678
3410.53	0.508793
3411.55	0.508851
3412.55	0.508894
3413.55	0.508966
3414.56	0.509037
3415.56	0.509037
3416.59	0.509066
3417.59	0.509124
3418.59	0.509195
3419.6	0.509296
3420.61	0.509397
3421.61	0.509468
3422.62	0.509497
3423.63	0.509598
3424.63	0.50967
3425.63	0.509713
3426.64	0.509741
3427.65	0.509813
3428.66	0.509899
3429.67	0.509957
3430.67	0.509986
3431.69	0.510043
3432.72	0.510086
3433.73	0.510129
3434.74	0.510187
3435.74	0.510244
3436.74	0.510345
3437.74	0.51046
3438.75	0.510575
3439.75	0.510661
3440.76	0.510718
3441.76	0.510747
3442.78	0.510761
3443.78	0.510848
3444.79	0.51092
3445.79	0.510977
3446.79	0.511135
3447.8	0.511236
3448.82	0.511293
3449.83	0.511466
3450.83	0.51148
3451.84	0.511509
3452.84	0.511523
3453.84	0.511624
3454.85	0.511695
3455.85	0.511753
3456.87	0.51181
3457.87	0.511997
3458.87	0.512069
3459.87	0.512141
3460.88	0.512198
3461.89	0.512284
3462.89	0.512299
3463.89	0.512414
3464.89	0.5125
3465.89	0.512557
3466.9	0.512629
3467.91	0.512672
3468.91	0.512672
3469.93	0.512759
3470.93	0.512802
3471.94	0.512845
3472.94	0.512931
3473.94	0.513089
3474.95	0.513132
3475.95	0.51319
3476.95	0.513276
3477.96	0.513348
3478.97	0.513434
3479.97	0.513491
3480.97	0.513534
3481.97	0.513563
3482.98	0.513578
3483.98	0.513621
3484.98	0.513707
3485.98	0.513736
3486.99	0.513764
3487.99	0.513836
3489	0.513836
3490	0.513937
3491	0.513994
3492.01	0.514037
3493.01	0.514138
3494.02	0.514195
3495.02	0.514224
3496.02	0.514325
3497.03	0.514425
3498.04	0.514454
3499.04	0.514497
3500.05	0.514569
3501.05	0.514641
3502.06	0.514713
3503.06	0.514799
3504.07	0.514813
3505.07	0.514856
3506.08	0.514986
3507.08	0.515043
3508.08	0.515072
3509.09	0.515158
3510.09	0.515201
3511.09	0.51523
3512.09	0.515273
3513.09	0.51533
3514.09	0.515388
3515.1	0.515402
3516.1	0.51546
3517.1	0.515503
3518.11	0.515575
3519.12	0.515618
3520.13	0.51569
3521.13	0.515776
3522.13	0.515819
3523.13	0.515891
3524.14	0.51592
3525.14	0.515963
3526.14	0.516034
3527.15	0.516092
3528.15	0.516149
3529.16	0.516221
3530.16	0.51625
3531.18	0.516351
3532.19	0.516422
3533.19	0.51648
3534.2	0.516609
3535.21	0.516652
3536.22	0.51671
3537.22	0.51681
3538.22	0.516868
3539.23	0.516954
3540.24	0.51704
3541.24	0.517098
3542.25	0.517184
3543.25	0.51727
3544.26	0.517313
3545.27	0.517371
3546.29	0.517428
3547.29	0.517514
3548.3	0.517629
3549.31	0.517687
3550.31	0.517687
3551.31	0.517773
3552.32	0.517845
3553.32	0.517917
3554.32	0.518017
3555.33	0.518132
3556.34	0.518233
3557.34	0.518247
3558.34	0.518276
3559.34	0.518305
3560.34	0.518305
3561.34	0.518319
3562.34	0.518333
3563.34	0.518362
3564.35	0.518405
3565.36	0.518463
3566.36	0.51852
3567.36	0.518578
3568.37	0.518621
3569.37	0.518678
3570.37	0.518764
3571.37	0.518793
3572.38	0.518822
3573.38	0.518836
3574.41	0.518922
3575.41	0.519023
3576.41	0.519109
3577.41	0.519167
3578.42	0.519239
3579.42	0.519325
3580.42	0.519368
3581.43	0.519454
3582.44	0.51954
3583.44	0.519583
3584.45	0.519641
3585.45	0.519698
3586.46	0.519784
3587.46	0.519871
3588.46	0.520043
3589.47	0.520072
3590.47	0.520129
3591.48	0.520216
3592.48	0.520273
3593.48	0.52033
3594.5	0.520374
3595.5	0.520445
3596.5	0.520489
3597.5	0.520575
3598.52	0.520661
3599.53	0.520675
3600.53	0.520718
3601.53	0.520819
3602.53	0.520862
3603.53	0.520948
3604.54	0.520991
3605.54	0.521078
3606.54	0.521106
3607.55	0.521193
3608.56	0.521207
3609.56	0.52125
3610.56	0.521336
3611.57	0.521394
3612.58	0.521408
3613.61	0.521451
3614.62	0.521523
3615.63	0.521552
3616.63	0.521595
3617.63	0.521667
3618.63	0.521753
3619.64	0.521782
3620.64	0.521868
3621.64	0.521925
3622.64	0.521997
3623.66	0.52204
3624.66	0.522126
3625.67	0.52217
3626.68	0.522241
3627.68	0.522299
3628.68	0.522356
3629.69	0.522457
3630.69	0.522486
3631.69	0.522601
3632.69	0.522658
3633.7	0.52273
3634.7	0.522802
3635.71	0.522874
3636.72	0.522931
3637.72	0.522974
3638.72	0.523003
3639.73	0.523075
3640.73	0.523118
3641.73	0.523175
3642.73	0.523204
3643.73	0.523276
3644.74	0.523376
3645.74	0.523448
3646.74	0.52352
3647.74	0.523534
3648.75	0.523592
3649.75	0.523635
3650.75	0.523664
3651.76	0.523664
3652.76	0.52375
3653.76	0.523807
3654.77	0.523879
3655.77	0.523966
3656.77	0.524037
3657.77	0.524124
3658.78	0.524195
3659.79	0.52421
3660.8	0.524239
3661.81	0.524267
3662.81	0.524325
3663.81	0.524368
3664.82	0.524397
3665.82	0.524454
3666.82	0.524555
3667.82	0.524612
3668.83	0.524713
3669.83	0.524741
3670.85	0.524813
3671.85	0.524899
3672.85	0.524943
3673.86	0.525057
3674.86	0.525115
3675.87	0.525129
3676.87	0.525158
3677.88	0.525244
3678.88	0.525345
3679.88	0.52546
3680.89	0.525474
3681.9	0.52556
3682.9	0.525603
3683.9	0.525647
3684.91	0.52569
3685.91	0.525776
3686.92	0.525833
3687.93	0.525848
3688.94	0.525948
3689.94	0.525991
3690.95	0.526063
3691.95	0.526121
3692.95	0.526178
3693.95	0.526207
3694.95	0.52625
3695.96	0.526365
3696.96	0.526408
3697.97	0.526466
3698.97	0.526509
3699.97	0.526552
3700.98	0.526595
3701.99	0.526667
3703	0.526681
3704	0.526739
3705	0.526782
3706.01	0.526882
3707.01	0.526911
3708.01	0.526954
3709.01	0.526983
3710.02	0.527083
3711.03	0.527141
3712.04	0.527198
3713.04	0.527256
3714.05	0.527414
3715.05	0.527471
3716.05	0.5275
3717.06	0.527586
3718.07	0.527615
3719.08	0.527672
3720.08	0.52773
3721.08	0.527773
3722.09	0.52783
3723.09	0.527874
3724.1	0.52796
3725.1	0.52806
3726.11	0.528147
3727.11	0.528233
3728.11	0.528233
3729.12	0.52829
3730.12	0.528319
3731.13	0.528376
3732.13	0.52842
3733.13	0.528463
3734.14	0.528578
3735.15	0.528649
3736.15	0.528664
3737.15	0.528693
3738.15	0.528779
3739.17	0.528807
3740.17	0.528894
3741.19	0.528966
3742.19	0.529009
3743.19	0.529052
3744.19	0.529167
3745.19	0.529239
3746.2	0.52931
3747.2	0.529382
3748.2	0.529497
3749.22	0.529555
3750.22	0.529612
3751.23	0.529626
3752.23	0.529684
3753.23	0.529698
3754.24	0.52977
3755.24	0.529799
3756.25	0.529856
3757.25	0.529885
3758.26	0.529928
3759.26	0.529957
3760.27	0.530014
3761.29	0.530057
3762.3	0.530115
3763.3	0.530216
3764.31	0.530273
3765.31	0.530316
3766.31	0.530359
3767.31	0.530374
3768.32	0.53046
3769.33	0.530503
3770.34	0.530589
3771.36	0.530647
3772.36	0.530733
3773.37	0.530761
3774.37	0.53079
3775.37	0.530905
3776.37	0.530977
3777.38	0.53102
3778.38	0.531049
3779.39	0.531078
3780.4	0.531221
3781.4	0.531351
3782.4	0.531379
3783.41	0.531437
3784.42	0.53148
3785.42	0.531566
3786.43	0.531595
3787.44	0.531624
3788.45	0.53171
3789.45	0.53171
3790.45	0.531767
3791.46	0.531825
3792.46	0.531911
3793.46	0.531997
3794.46	0.532026
3795.46	0.532098
3796.47	0.532184
3797.47	0.532213
3798.49	0.53227
3799.49	0.532299
3800.49	0.532385
3801.5	0.532414
3802.51	0.532457
3803.52	0.532486
3804.52	0.5325
3805.53	0.532529
3806.53	0.532557
3807.53	0.532572
3808.54	0.532644
3809.54	0.532687
3810.56	0.532759
3811.56	0.532802
3812.56	0.532816
3813.56	0.532859
3814.58	0.532888
3815.59	0.532931
3816.6	0.532974
3817.6	0.533089
3818.61	0.533132
3819.61	0.533175
3820.62	0.533233
3821.63	0.533305
3822.64	0.533348
3823.64	0.533376
3824.64	0.533405
3825.65	0.53342
3826.66	0.533463
3827.66	0.533506
3828.67	0.533534
3829.68	0.533592
3830.68	0.533649
3831.69	0.533736
3832.7	0.533807
3833.7	0.533908
3834.71	0.533937
3835.71	0.533951
3836.71	0.534023
3837.72	0.53408
3838.72	0.534124
3839.72	0.534167
3840.72	0.534195
3841.72	0.534253
3842.74	0.534253
3843.75	0.534267
3844.75	0.534296
3845.75	0.534353
3846.76	0.534425
3847.76	0.534583
3848.76	0.534626
3849.77	0.534641
3850.79	0.53467
3851.79	0.534713
3852.79	0.534756
3853.79	0.534799
3854.8	0.534871
3855.8	0.534943
3856.81	0.535029
3857.81	0.535072
3858.81	0.535144
3859.81	0.535158
3860.82	0.535201
3861.82	0.535259
3862.82	0.535316
3863.83	0.535402
3864.84	0.535445
3865.84	0.535517
3866.85	0.535603
3867.85	0.535647
3868.85	0.53569
3869.86	0.535704
3870.86	0.535747
3871.86	0.535805
3872.86	0.535876
3873.87	0.535905
3874.87	0.535991
3875.88	0.536006
3876.88	0.536092
3877.89	0.536164
3878.89	0.536236
3879.9	0.536279
3880.91	0.536351
3881.91	0.536466
3882.92	0.536494
3883.92	0.536523
3884.92	0.536595
3885.93	0.536652
3886.93	0.536667
3887.93	0.536681
3888.94	0.53671
3889.94	0.53671
3890.94	0.536782
3891.95	0.536897
3892.95	0.536968
3893.95	0.536997
3894.95	0.537026
3895.96	0.53704
3896.96	0.537098
3897.97	0.537112
3898.97	0.537198
3899.97	0.53727
3900.98	0.537371
3901.99	0.537414
3902.99	0.537486
3904	0.5375
3905.01	0.537529
3906.01	0.537543
3907.01	0.537586
3908.02	0.537716
3909.02	0.537773
3910.02	0.537874
3911.02	0.537917
3912.06	0.53796
3913.06	0.538017
3914.06	0.538075
3915.07	0.538132
3916.07	0.538147
3917.08	0.538204
3918.08	0.538218
3919.08	0.538305
3920.09	0.538362
3921.09	0.538405
3922.1	0.538477
3923.1	0.53852
3924.1	0.538563
3925.1	0.538606
3926.11	0.538649
3927.11	0.53875
3928.12	0.538793
3929.12	0.538822
3930.12	0.538894
3931.14	0.538922
3932.15	0.53898
3933.15	0.539066
3934.15	0.539138
3935.16	0.539181
3936.16	0.53921
3937.17	0.53921
3938.17	0.539267
3939.19	0.539267
3940.19	0.539339
3941.21	0.539411
3942.21	0.539483
3943.21	0.539511
3944.22	0.539583
3945.22	0.539583
3946.22	0.539612
3947.22	0.539626
3948.22	0.539713
3949.23	0.539756
3950.23	0.539813
3951.23	0.539856
3952.23	0.539914
3953.24	0.539971
3954.24	0.540072
3955.24	0.540086
3956.25	0.540187
3957.25	0.540244
3958.26	0.540316
3959.26	0.540359
3960.28	0.540402
3961.28	0.540503
3962.29	0.540546
3963.29	0.540618
3964.29	0.540733
3965.3	0.54079
3966.32	0.540848
3967.32	0.540891
3968.33	0.540934
3969.34	0.540963
3970.35	0.541006
3971.35	0.541034
3972.36	0.541106
3973.37	0.541164
3974.37	0.541221
3975.38	0.541293
3976.4	0.541336
3977.41	0.541365
3978.41	0.541494
3979.42	0.541523
3980.43	0.541566
3981.43	0.541638
3982.44	0.54171
3983.44	0.541796
3984.45	0.54181
3985.45	0.541882
3986.45	0.541897
3987.45	0.541983
3988.46	0.542069
3989.46	0.542112
3990.46	0.542155
3991.47	0.542198
3992.47	0.542241
3993.47	0.54227
3994.47	0.542371
3995.48	0.542457
3996.48	0.542529
3997.49	0.542557
3998.49	0.542629
3999.49	0.542672
