time	scale_fac	average kmc radical concentration	ode radical concentration
0.00213559  14.4066 6.70977e-05 4.65743e-06 1111111
10.0609  22.6148 9.11328e-06 4.02978e-07 0.135821
20.0611  19.319 6.11716e-06 3.1664e-07 0.0911679
30.0738  14.8229 4.07118e-06 2.74656e-07 0.0606755
40.0992  16.1474 4.00677e-06 2.48138e-07 0.0597154
50.1287  16.7518 3.84068e-06 2.29269e-07 0.0572401
60.144  17.4239 3.74433e-06 2.14896e-07 0.0558041
70.1501  21.3919 4.35161e-06 2.03423e-07 0.0648548
80.1562  25.0509 4.85874e-06 1.93955e-07 0.072413
90.158  27.7298 5.15644e-06 1.85953e-07 0.0768497
100.158  31.7651 5.68784e-06 1.79059e-07 0.0847696
110.209  42.582 7.36675e-06 1.73002e-07 0.109791
120.229  57.4751 9.63613e-06 1.67657e-07 0.143613
130.23  80.3609 1.30897e-05 1.62887e-07 0.195085
140.237  108.938 1.72755e-05 1.58581e-07 0.257467
150.252  139.786 2.16199e-05 1.54665e-07 0.322215
160.259  195.761 2.95769e-05 1.51086e-07 0.440803
170.314  313.798 4.63729e-05 1.4778e-07 0.691125
180.318  414.741 6.00296e-05 1.4474e-07 0.894659
190.325  575.901 8.17303e-05 1.41917e-07 1.21808
200.339  769.376 0.000107162 1.39285e-07 1.59711
210.342  1075.01 0.000147089 1.36825e-07 2.19216
220.348  1413.38 0.000190124 1.34517e-07 2.83353
230.353  1748.28 0.000231378 1.32346e-07 3.44837
240.356  2014.49 0.000262483 1.30298e-07 3.91196
250.362  2159.85 0.000277238 1.2836e-07 4.13186
260.387  2386.33 0.000301919 1.2652e-07 4.49969
270.4  2602.76 0.000324758 1.24775e-07 4.84008
280.426  2666.23 0.000328243 1.23112e-07 4.89202
290.435  2811.85 0.000341722 1.21529e-07 5.0929
300.435  2921.31 0.000350614 1.2002e-07 5.22543
310.453  3181.18 0.000377203 1.18573e-07 5.6217
320.456  3428.84 0.000401827 1.1719e-07 5.98869
330.458  3461.13 0.00040102 1.15864e-07 5.97666
340.463  3642.1 0.000417349 1.1459e-07 6.22003
350.479  3728.17 0.000422642 1.13364e-07 6.2989
360.481  4192.08 0.000470294 1.12186e-07 7.00909
370.483  4024.12 0.000446883 1.11051e-07 6.66018
380.511  4289.13 0.000471605 1.09954e-07 7.02863
390.512  3786.79 0.00041237 1.08897e-07 6.14582
400.532  4093.96 0.000441633 1.07874e-07 6.58194
410.538  4040.38 0.000431862 1.06887e-07 6.43632
420.544  4280.36 0.000453421 1.05931e-07 6.75763
430.558  4377.06 0.000459609 1.05004e-07 6.84985
440.56  4156.17 0.000432687 1.04107e-07 6.44861
450.566  4150.16 0.000428449 1.03237e-07 6.38545
460.572  5051.65 0.000517248 1.02392e-07 7.70887
470.577  4783.24 0.000485839 1.01571e-07 7.24077
480.596  4965.01 0.000500337 1.00773e-07 7.45685
490.607  4974.18 0.000497402 9.99967e-08 7.4131
500.608  1221.18 0.000545317 4.46549e-07 8.12721
510.608  1289.01 0.000514068 3.98808e-07 7.66148
520.615  1434.84 0.00052497 3.65872e-07 7.82396
530.62  1544 0.000526861 3.41231e-07 7.85214
540.621  1745.84 0.000561837 3.21815e-07 8.37342
550.623  1898.45 0.000580825 3.05947e-07 8.65641
560.623  1995.06 0.000583816 2.92631e-07 8.70099
570.623  2209.12 0.00062126 2.81225e-07 9.25903
580.634  2390.05 0.000648391 2.71288e-07 9.66338
590.634  2659 0.00069808 2.62535e-07 10.4039
600.636  2914.18 0.000742333 2.54731e-07 11.0635
610.638  3241 0.000802834 2.47712e-07 11.9652
620.641  3489.9 0.000842279 2.41348e-07 12.553
630.648  3719.17 0.000876002 2.35537e-07 13.0556
640.649  3893.73 0.000896366 2.30208e-07 13.3591
650.651  3834.51 0.000863872 2.25289e-07 12.8748
660.657  3817.69 0.000842674 2.20729e-07 12.5589
670.66  3737.28 0.000809069 2.16486e-07 12.0581
680.672  3762.85 0.000799679 2.1252e-07 11.9181
690.674  3869.29 0.000807931 2.08806e-07 12.0411
700.675  3575 0.000734005 2.05316e-07 10.9394
710.676  3455.09 0.000698021 2.02027e-07 10.4031
720.678  3518.05 0.000699806 1.98919e-07 10.4297
730.681  3478.62 0.000681723 1.95975e-07 10.1602
740.682  3587.08 0.000692958 1.93182e-07 10.3276
750.688  3673.42 0.000699874 1.90524e-07 10.4307
760.689  3794.55 0.000713352 1.87994e-07 10.6315
770.691  4003.21 0.000742912 1.85579e-07 11.0721
780.691  3908.36 0.000716292 1.83272e-07 10.6754
790.693  3840.65 0.000695398 1.81063e-07 10.364
800.7  3983.04 0.000712743 1.78944e-07 10.6225
810.702  3907.22 0.000691237 1.76913e-07 10.3019
820.703  3717.85 0.000650476 1.7496e-07 9.69446
830.704  3812.4 0.000659861 1.73083e-07 9.83433
840.715  4016.12 0.00068785 1.71272e-07 10.2515
850.734  4156.78 0.000704682 1.69526e-07 10.5023
860.738  4368.96 0.0007333 1.67843e-07 10.9288
870.744  4396.28 0.000730741 1.66218e-07 10.8907
880.749  4541.88 0.000747805 1.64647e-07 11.145
890.753  3988.35 0.000650607 1.63127e-07 9.69642
900.76  3726.36 0.000602385 1.61655e-07 8.97773
910.76  3654.13 0.0005855 1.6023e-07 8.72609
920.768  3797.72 0.000603254 1.58847e-07 8.99068
930.771  3606.37 0.000568022 1.57505e-07 8.4656
940.779  3787.53 0.00059162 1.56202e-07 8.81729
950.785  3735.34 0.000578739 1.54936e-07 8.62532
960.785  4089.94 0.000628649 1.53706e-07 9.36916
970.797  4129.58 0.000629796 1.52509e-07 9.38625
980.797  4109.98 0.000622021 1.51344e-07 9.27038
990.798  4222.19 0.000634216 1.5021e-07 9.45213
1000.8  4344.22 0.000647747 1.49106e-07 9.65379
1010.8  4614.38 0.00068306 1.48029e-07 10.1801
1020.8  4619.38 0.000678948 1.46978e-07 10.1188
1030.8  4811.52 0.000702258 1.45954e-07 10.4662
1040.81  4904.23 0.000710885 1.44953e-07 10.5948
1050.81  4792.53 0.000690013 1.43977e-07 10.2837
1060.82  5184.65 0.000741518 1.43022e-07 11.0513
1070.82  5548.68 0.000788409 1.42089e-07 11.7502
1080.82  5656.63 0.00079859 1.41178e-07 11.9019
1090.82  5497.36 0.000771202 1.40286e-07 11.4937
1100.82  5470.89 0.000762716 1.39413e-07 11.3672
1110.83  5801.02 0.000803787 1.3856e-07 11.9794
1120.83  5991.12 0.000825117 1.37723e-07 12.2972
1130.84  5990.98 0.000820188 1.36904e-07 12.2238
1140.85  6151.47 0.000837224 1.36101e-07 12.4777
1150.85  6281.95 0.000850046 1.35316e-07 12.6688
1160.85  6478.91 0.000871706 1.34545e-07 12.9916
1170.85  6494.73 0.000868927 1.3379e-07 12.9502
1180.86  6585.48 0.000876185 1.33048e-07 13.0583
1190.86  6536.57 0.000864924 1.32321e-07 12.8905
1200.86  6427.77 0.000845942 1.31607e-07 12.6076
1210.87  6710.39 0.000878437 1.30907e-07 13.0919
1220.87  7196.43 0.000937113 1.30219e-07 13.9664
1230.87  7230.67 0.00093669 1.29544e-07 13.9601
1240.87  7386.51 0.000951976 1.2888e-07 14.1879
1250.87  7280.52 0.00093357 1.28228e-07 13.9136
1260.88  7370.31 0.000940363 1.27588e-07 14.0148
1270.88  7273.57 0.000923436 1.26958e-07 13.7626
1280.89  7635.15 0.000964614 1.26339e-07 14.3763
1290.89  7583.67 0.000953493 1.2573e-07 14.2105
1300.89  7804.89 0.000976631 1.25131e-07 14.5554
1310.9  8220.48 0.00102379 1.24541e-07 15.2582
1320.9  8141.04 0.00100918 1.23961e-07 15.0404
1330.9  8125.59 0.00100262 1.23391e-07 14.9427
1340.91  8073.1 0.000991608 1.22829e-07 14.7786
1350.92  8556.73 0.00104628 1.22275e-07 15.5933
1360.92  8758.29 0.00106615 1.21731e-07 15.8895
1370.92  8644.22 0.00104763 1.21194e-07 15.6135
1380.93  8832.26 0.00106575 1.20666e-07 15.8836
1390.93  9075.96 0.00109043 1.20145e-07 16.2514
1400.94  9267.41 0.00110868 1.19632e-07 16.5234
1410.95  8584.73 0.00102267 1.19126e-07 15.2415
1420.95  8392.52 0.00099559 1.18628e-07 14.8379
1430.95  7951.99 0.000939425 1.18137e-07 14.0009
1440.95  7593.23 0.000893363 1.17653e-07 13.3144
1450.96  7712.78 0.000903746 1.17175e-07 13.4691
1460.96  7305.76 0.000852611 1.16704e-07 12.707
1470.96  7225.08 0.00083984 1.16239e-07 12.5167
1480.97  7168.54 0.000829981 1.15781e-07 12.3697
1490.98  7106.82 0.000819617 1.15328e-07 12.2153
1500.99  7148.81 0.000821268 1.14882e-07 12.2399
1510.99  6998.73 0.000800943 1.14441e-07 11.937
1521  7114.56 0.000811104 1.14006e-07 12.0884
1531  7329.77 0.000832494 1.13577e-07 12.4072
1541  7032.18 0.000795715 1.13153e-07 11.8591
1551.01  6841.49 0.000771276 1.12735e-07 11.4948
1561.01  6934.15 0.000778857 1.12322e-07 11.6078
1571.02  6726.57 0.000752794 1.11913e-07 11.2194
1581.03  6246.21 0.000696517 1.1151e-07 10.3806
1591.03  5934 0.000659339 1.11112e-07 9.82656
1601.03  5894.18 0.000652597 1.10719e-07 9.72607
1611.05  6108.22 0.000673919 1.1033e-07 10.0438
1621.05  6290.48 0.000691612 1.09946e-07 10.3075
1631.05  6681.65 0.000732084 1.09566e-07 10.9107
1641.06  6640.58 0.000725092 1.09191e-07 10.8065
1651.06  6788.84 0.000738762 1.0882e-07 11.0102
1661.07  6772.39 0.000734488 1.08453e-07 10.9465
1671.07  6681.57 0.000722218 1.08091e-07 10.7637
1681.08  6583.14 0.000709217 1.07732e-07 10.5699
1691.08  6378.68 0.000684931 1.07378e-07 10.208
1701.08  6349.28 0.00067955 1.07028e-07 10.1278
1711.08  6506.05 0.000694073 1.06681e-07 10.3442
1721.1  6617.62 0.000703706 1.06338e-07 10.4878
1731.1  6576.9 0.000697146 1.05999e-07 10.39
1741.1  6638.34 0.000701431 1.05664e-07 10.4539
1751.1  6545.73 0.000689472 1.05332e-07 10.2756
1761.11  6796 0.000713601 1.05003e-07 10.6353
1771.12  6465.23 0.000676768 1.04678e-07 10.0863
1781.12  6558.47 0.000684419 1.04356e-07 10.2003
1791.13  6653.01 0.000692167 1.04038e-07 10.3158
1801.13  6652.16 0.000689982 1.03723e-07 10.2833
1811.13  7188.65 0.000743388 1.03411e-07 11.0792
1821.13  7182.07 0.00074049 1.03103e-07 11.036
1831.13  6947.06 0.000714137 1.02797e-07 10.6432
1841.14  7386.25 0.00075705 1.02494e-07 11.2828
1851.15  7269.32 0.000742886 1.02195e-07 11.0717
1861.15  7347.86 0.000748734 1.01898e-07 11.1589
1871.15  7580.07 0.000770169 1.01604e-07 11.4783
1881.15  7740.63 0.000784231 1.01314e-07 11.6879
1891.15  7851.87 0.000793238 1.01025e-07 11.8221
1901.15  7596.96 0.000765319 1.0074e-07 11.406
1911.15  7839.97 0.000787584 1.00457e-07 11.7379
1921.16  8217.92 0.00082325 1.00177e-07 12.2694
1931.16  8081.02 0.000807294 9.99e-08 12.0316
1941.16  8180.17 0.000814951 9.96252e-08 12.1457
1951.16  8490.06 0.000843513 9.93529e-08 12.5714
1961.16  8331.39 0.0008255 9.90831e-08 12.303
1971.17  8621.7 0.000851959 9.88156e-08 12.6973
1981.17  8449.98 0.000832751 9.85506e-08 12.411
1991.17  8550.74 0.000840436 9.82881e-08 12.5256
2001.17  8593.21 0.000842373 9.80277e-08 12.5544
2011.18  8846.31 0.000864901 9.77696e-08 12.8902
2021.19  8719.45 0.000850267 9.75139e-08 12.6721
2031.19  8394.57 0.000816459 9.72604e-08 12.1682
2041.2  8562.68 0.000830656 9.70089e-08 12.3798
2051.21  8724.13 0.000844143 9.67596e-08 12.5808
2061.22  9007.89 0.000869373 9.65125e-08 12.9568
2071.22  9091.6 0.000875227 9.62676e-08 13.0441
2081.24  8863.56 0.00085112 9.60245e-08 12.6848
2091.24  8895.73 0.000852067 9.57838e-08 12.6989
2101.24  8832.12 0.000843865 9.55451e-08 12.5767
2111.25  8856.89 0.000844132 9.5308e-08 12.5806
2121.26  9207.94 0.000875428 9.50732e-08 13.0471
2131.26  9470.26 0.000898163 9.48404e-08 13.3859
2141.26  10078.7 0.000953541 9.46093e-08 14.2112
2151.27  9886.38 0.000933077 9.43801e-08 13.9062
2161.27  10206.2 0.000960945 9.41528e-08 14.3216
2171.28  10349.3 0.000972078 9.39272e-08 14.4875
2181.29  10518.4 0.00098561 9.37035e-08 14.6892
2191.29  10865.4 0.00101572 9.34816e-08 15.1379
2201.3  11177.1 0.00104239 9.32613e-08 15.5354
2211.3  10687.7 0.000994413 9.3043e-08 14.8204
2221.31  10435.6 0.000968696 9.2826e-08 14.4371
2231.32  11047.6 0.00102313 9.26109e-08 15.2483
2241.33  10632.9 0.000982456 9.23974e-08 14.6422
2251.33  10228.3 0.000942901 9.21857e-08 14.0527
2261.34  9850.3 0.000905986 9.19755e-08 13.5025
2271.34  9626.1 0.000883357 9.17669e-08 13.1652
2281.35  10233.3 0.00093696 9.15597e-08 13.9641
2291.36  10481.1 0.000957494 9.13542e-08 14.2701
2301.36  10797.3 0.000984176 9.11503e-08 14.6678
2311.36  10291.9 0.000936024 9.09479e-08 13.9502
2321.36  10336.8 0.000938037 9.07471e-08 13.9802
2331.37  10493.5 0.000950165 9.05477e-08 14.1609
2341.37  10567.5 0.000954773 9.03497e-08 14.2296
2351.39  10120 0.000912347 9.01529e-08 13.5973
2361.39  10261.6 0.000923107 8.99578e-08 13.7576
2371.39  10374.4 0.000931251 8.97641e-08 13.879
2381.4  10474.3 0.0009382 8.95717e-08 13.9826
2391.4  10531.9 0.00094135 8.93807e-08 14.0295
2401.4  10281.5 0.00091702 8.91911e-08 13.6669
2411.41  11503.5 0.00102384 8.90026e-08 15.259
2421.41  11243.4 0.000998595 8.88157e-08 14.8827
2431.42  11971 0.00106099 8.863e-08 15.8126
2441.42  11327.2 0.00100184 8.84457e-08 14.931
2451.42  11674.7 0.00103044 8.82626e-08 15.3573
2461.43  11792.9 0.00103873 8.80806e-08 15.4808
2471.43  11850.7 0.00104168 8.79e-08 15.5248
2481.43  11893.1 0.00104327 8.77205e-08 15.5486
2491.44  11231.1 0.0009832 8.75423e-08 14.6533
2501.44  10384.8 0.000907271 8.73653e-08 13.5216
2511.45  10459.8 0.000911984 8.71895e-08 13.5919
2521.45  10424.8 0.000907113 8.70148e-08 13.5193
2531.45  10760.6 0.000934461 8.68414e-08 13.9269
2541.47  11014.2 0.000954582 8.66687e-08 14.2267
2551.48  10891.4 0.000942079 8.64973e-08 14.0404
2561.49  10925.4 0.000943156 8.63272e-08 14.0565
2571.49  11120.1 0.000958086 8.61582e-08 14.279
2581.5  11392.1 0.000979607 8.59902e-08 14.5997
2591.51  11774.5 0.00101052 8.58233e-08 15.0605
2601.51  11058.8 0.00094727 8.56575e-08 14.1178
2611.51  11684.3 0.000998925 8.54929e-08 14.8876
2621.51  11677.2 0.000996408 8.53292e-08 14.8501
2631.51  11122.4 0.000947254 8.51666e-08 14.1175
2641.52  10915.7 0.00092789 8.5005e-08 13.8289
2651.52  10616.3 0.000900737 8.48444e-08 13.4243
2661.52  10072.6 0.000852995 8.46849e-08 12.7127
2671.53  9967.28 0.000842496 8.45262e-08 12.5563
2681.54  9886.85 0.000834139 8.43685e-08 12.4317
2691.54  10514.2 0.000885421 8.42118e-08 13.196
2701.54  11146.9 0.00093697 8.40562e-08 13.9643
2711.56  10526.7 0.000883199 8.39012e-08 13.1629
2721.56  10672.2 0.00089377 8.37474e-08 13.3204
2731.57  10334.3 0.000863888 8.35945e-08 12.8751
2741.58  10742.6 0.000896392 8.34424e-08 13.3595
2751.59  10605.5 0.000883345 8.32912e-08 13.1651
2761.59  10604.9 0.000881702 8.31411e-08 13.1406
2771.6  10935.4 0.000907546 8.29918e-08 13.5257
2781.6  10456 0.00086621 8.28434e-08 12.9097
2791.6  9983.88 0.000825626 8.26959e-08 12.3048
2801.6  9913.52 0.000818354 8.25493e-08 12.1965
2811.6  9865.63 0.000812963 8.24035e-08 12.1161
2821.6  9570.15 0.000787227 8.22586e-08 11.7326
2831.63  9369.37 0.000769358 8.21142e-08 11.4662
2841.64  9356.14 0.000766931 8.19709e-08 11.4301
2851.64  9716.39 0.000795077 8.18284e-08 11.8495
2861.64  9862.42 0.000805629 8.16867e-08 12.0068
2871.67  9963.09 0.000812447 8.15456e-08 12.1084
2881.67  9793.46 0.000797242 8.14056e-08 11.8818
2891.67  9537.45 0.000775074 8.12664e-08 11.5514
2901.68  9999.67 0.000811251 8.11278e-08 12.0906
2911.68  10986.9 0.000889832 8.09902e-08 13.2617
2921.69  10878.4 0.000879554 8.08532e-08 13.1086
2931.69  11249.7 0.000908044 8.0717e-08 13.5332
2941.7  11729.2 0.000945161 8.05816e-08 14.0863
2951.7  12141.4 0.00097674 8.04469e-08 14.557
2961.7  11716.7 0.000941001 8.0313e-08 14.0243
2971.71  10393.7 0.000833368 8.01798e-08 12.4202
2981.71  10528.6 0.000842785 8.00473e-08 12.5606
2991.71  10449.9 0.000835113 7.99156e-08 12.4462
3001.71  10280.4 0.00082022 7.97846e-08 12.2243
3011.72  10550.4 0.000840386 7.96542e-08 12.5248
3021.72  10631 0.000845429 7.95246e-08 12.6
3031.72  10761 0.000854373 7.93956e-08 12.7333
3041.73  10958.6 0.000868662 7.92673e-08 12.9462
3051.74  11515.5 0.000911328 7.91395e-08 13.5821
3061.75  11210.6 0.000885776 7.90126e-08 13.2013
3071.76  11516.2 0.000908469 7.88863e-08 13.5395
3081.76  11718.7 0.000922972 7.87607e-08 13.7556
3091.76  10751.4 0.000845445 7.86358e-08 12.6002
3101.76  10240.3 0.000803985 7.85116e-08 11.9823
3111.76  10261.4 0.000804369 7.8388e-08 11.988
3121.77  10644.9 0.000833121 7.82649e-08 12.4165
3131.78  10308.5 0.000805535 7.81425e-08 12.0054
3141.78  10600.3 0.000827041 7.80208e-08 12.3259
3151.78  11200.7 0.000872527 7.78996e-08 13.0038
3161.79  11624.6 0.000904153 7.77791e-08 13.4752
3171.79  11276.5 0.000875724 7.76591e-08 13.0515
3181.8  10879.9 0.000843626 7.75398e-08 12.5731
3191.8  11337.1 0.000877732 7.74211e-08 13.0814
3201.81  10772.9 0.000832779 7.7303e-08 12.4114
3211.81  10718.1 0.000827282 7.71855e-08 12.3295
3221.81  10647.7 0.000820606 7.70685e-08 12.23
3231.82  9008.2 0.000693201 7.69521e-08 10.3312
3241.82  9235.51 0.000709623 7.68363e-08 10.576
3251.82  9035.58 0.00069322 7.67212e-08 10.3315
3261.82  9063.7 0.000694339 7.66065e-08 10.3482
3271.83  8924.8 0.00068268 7.64925e-08 10.1744
3281.83  9169.52 0.000700358 7.63789e-08 10.4379
3291.83  9123.07 0.00069578 7.6266e-08 10.3697
3301.83  8900.76 0.000677824 7.61535e-08 10.102
3311.83  9088.79 0.000691127 7.60417e-08 10.3003
3321.85  8818.31 0.000669575 7.59301e-08 9.97911
3331.86  9315.84 0.00070632 7.58193e-08 10.5267
3341.86  9098.85 0.000688865 7.5709e-08 10.2666
3351.86  9030.49 0.000682698 7.55992e-08 10.1747
3361.86  8439.3 0.000637083 7.549e-08 9.49485
3371.87  8401.07 0.000633283 7.53812e-08 9.43822
3381.87  8564.37 0.000644666 7.52729e-08 9.60787
3391.89  8702.97 0.00065416 7.51651e-08 9.74936
3401.89  8138.79 0.00061088 7.50579e-08 9.10434
3411.91  7833.35 0.000587117 7.4951e-08 8.75018
3421.91  7704.73 0.000576659 7.48448e-08 8.59432
3431.92  7716.06 0.000576691 7.4739e-08 8.5948
3441.92  7617.86 0.00056855 7.46338e-08 8.47346
3451.92  7715.04 0.000574994 7.4529e-08 8.56951
3461.92  7654.21 0.000569663 7.44247e-08 8.49005
3471.92  7843.45 0.000582932 7.43209e-08 8.68781
3481.93  7780.16 0.000577424 7.42176e-08 8.60573
3491.93  7609.39 0.000563968 7.41147e-08 8.40517
3501.94  7666.29 0.0005674 7.40123e-08 8.45632
3511.94  8361.09 0.000617971 7.39103e-08 9.21002
3521.94  8328.36 0.000614706 7.38089e-08 9.16136
3531.95  8248.14 0.000607952 7.37077e-08 9.0607
3541.95  8921.18 0.000656663 7.36072e-08 9.78666
3551.95  8918.22 0.000655552 7.3507e-08 9.77011
3561.95  9115.36 0.000669134 7.34073e-08 9.97253
3571.95  9233.07 0.000676859 7.33081e-08 10.0877
3581.95  9061.46 0.000663383 7.32093e-08 9.88682
3591.96  9128.05 0.00066736 7.31109e-08 9.94609
3601.96  8659.86 0.000632282 7.3013e-08 9.4233
3611.96  9100.29 0.000663551 7.29154e-08 9.88933
3621.97  9367.37 0.000682116 7.28183e-08 10.166
3631.97  10406.2 0.000756754 7.27216e-08 11.2784
3641.97  9610.71 0.000697981 7.26253e-08 10.4025
3651.97  9423.75 0.000683499 7.25295e-08 10.1866
3661.97  9775.8 0.0007081 7.2434e-08 10.5533
3671.97  10145.4 0.000733907 7.2339e-08 10.9379
3681.97  9604.3 0.000693857 7.22444e-08 10.341
3691.99  9962.56 0.000718799 7.215e-08 10.7127
3701.99  9732.08 0.000701257 7.20562e-08 10.4513
3712  9629.69 0.000692979 7.19627e-08 10.3279
3722  9399.07 0.000675508 7.18697e-08 10.0675
3732  9991.99 0.000717196 7.1777e-08 10.6888
3742.01  9755.05 0.000699288 7.16848e-08 10.4219
3752.01  9973.77 0.00071405 7.15928e-08 10.6419
3762.02  10124.9 0.000723947 7.15013e-08 10.7894
3772.02  10297.8 0.00073537 7.14102e-08 10.9597
3782.02  10221.4 0.000728983 7.13194e-08 10.8645
3792.03  10780.4 0.000767877 7.12291e-08 11.4442
3802.03  10926.9 0.00077733 7.11391e-08 11.585
3812.03  11231.3 0.000797977 7.10494e-08 11.8928
3822.04  10948.5 0.000776907 7.09601e-08 11.5787
3832.04  11052.1 0.000783278 7.08712e-08 11.6737
3842.04  10478 0.00074166 7.07827e-08 11.0534
3852.06  10155.2 0.000717914 7.06944e-08 10.6995
3862.07  10064.3 0.000710603 7.06065e-08 10.5906
3872.08  10372.5 0.000731458 7.0519e-08 10.9014
3882.08  10263.6 0.000722883 7.04318e-08 10.7736
3892.08  10791.6 0.000759136 7.03451e-08 11.3139
3902.09  10867.3 0.000763524 7.02586e-08 11.3793
3912.09  11052.2 0.000775559 7.01726e-08 11.5587
3922.09  11007.9 0.000771511 7.00868e-08 11.4983
3932.09  11185.5 0.000783 7.00014e-08 11.6695
3942.09  11773.3 0.000823144 6.99164e-08 12.2678
3952.1  11605.1 0.000810406 6.98316e-08 12.078
3962.1  11519.9 0.000803478 6.97472e-08 11.9747
3972.11  10940.8 0.000762167 6.96631e-08 11.3591
3982.12  10828.2 0.000753418 6.95793e-08 11.2287
3992.12  11014.3 0.000765447 6.94959e-08 11.408
