time	conversion
1.56391	0
5.60257	0.000158046
7.41947	0.000373563
14.3224	0.000445402
15.9909	0.000632184
23.4219	0.000718391
27.001	0.00079023
34.7415	0.000847701
35.9198	0.00100575
37.663	0.00102011
39.9694	0.00103448
42.2923	0.00113506
43.5072	0.0012931
45.687	0.0012931
48.0398	0.00132184
49.5787	0.00136494
54.0058	0.00136494
55.9982	0.00147989
59.3448	0.00155172
63.9229	0.00158046
66.1386	0.00166667
67.7607	0.00166667
69.5241	0.00188218
74.2744	0.00204023
77.1982	0.00206897
79.8127	0.00234195
89.6164	0.00271552
93.692	0.00274425
98.2846	0.00274425
99.4415	0.00275862
102.066	0.00288793
105.384	0.00295977
109.635	0.00297414
110.856	0.00303161
114.292	0.00326149
116.226	0.00333333
117.715	0.0033908
119.574	0.00360632
121.619	0.00383621
125.208	0.00383621
128.018	0.00389368
130.169	0.00397989
131.421	0.00397989
134.042	0.00428161
136.195	0.0045546
140.249	0.0045546
143.275	0.00462644
152.648	0.0046408
155.642	0.00465517
157.772	0.00475575
160.333	0.00482759
162.287	0.00489943
164.969	0.00510057
167.335	0.00520115
169.234	0.00527299
173.192	0.00545977
175.209	0.00558908
177.346	0.00570402
181.506	0.00571839
185.18	0.00571839
186.768	0.00574713
192.563	0.00577586
198.606	0.00581897
208.099	0.00594828
209.238	0.0062069
210.247	0.00632184
211.459	0.00663793
213.69	0.00676724
214.793	0.00678161
215.896	0.00692529
216.999	0.00698276
218.013	0.00764368
219.058	0.00787356
220.473	0.00813218
222.66	0.00844828
224.889	0.00850575
226.153	0.00909483
227.452	0.00916667
229.434	0.00928161
230.554	0.0100287
232.597	0.0101149
233.947	0.0103017
235.911	0.0105316
237.014	0.0105316
238.863	0.0106897
239.939	0.0109626
241.251	0.0113649
242.287	0.011408
243.722	0.0120402
245.763	0.0122414
247.193	0.0123563
248.637	0.012658
249.675	0.0128017
250.699	0.0130029
252.017	0.0132471
253.072	0.013319
254.837	0.0135057
256.521	0.0138793
257.578	0.014181
258.968	0.0145402
260.993	0.0146983
262.314	0.0147557
263.576	0.0158477
265.903	0.0158764
268.8	0.0161063
269.895	0.0162213
271.182	0.0162213
272.189	0.0163362
274.357	0.0164224
275.413	0.0165374
276.936	0.0166523
278.204	0.0167241
279.962	0.0168822
281.035	0.0169684
282.331	0.0170977
283.694	0.0171408
285.007	0.0172414
286.235	0.0172845
288.933	0.0176293
291.233	0.0178305
292.443	0.0178879
293.517	0.0181034
296.069	0.0185632
297.301	0.0187213
298.763	0.0191092
300.738	0.0193534
301.813	0.0193822
303.156	0.0194397
304.512	0.0195977
306.741	0.0199569
309.24	0.020273
310.381	0.0204598
311.392	0.0206322
312.52	0.0208477
313.671	0.0210632
316.095	0.0211494
317.511	0.0212213
319.394	0.0215517
321.541	0.0216954
323.353	0.0219109
324.617	0.022069
327.533	0.0221408
328.559	0.0226006
329.784	0.0227011
331.25	0.0229167
332.277	0.0229167
334.604	0.0229885
335.734	0.0230172
337.95	0.0231609
339.683	0.0231609
340.977	0.0232902
342.406	0.0234339
344.126	0.0235632
346.389	0.0237787
347.482	0.0238506
348.866	0.0242529
350.448	0.0243822
351.947	0.0246264
353.081	0.0248132
354.736	0.0249569
357.053	0.025158
359.513	0.0252443
361.266	0.0253448
362.363	0.025431
364.623	0.0256322
365.877	0.0259339
367.623	0.0259483
368.766	0.0260489
371.46	0.0261638
372.593	0.0262356
375.067	0.0262787
376.111	0.0264655
378.849	0.0268534
380.409	0.0268678
382.453	0.0269109
383.836	0.0270259
385.227	0.0271264
387.588	0.0272845
390.39	0.0273707
393.01	0.0273707
394.053	0.0276437
395.24	0.0277011
396.663	0.0277011
398.333	0.0281609
399.486	0.0288218
401.036	0.0289368
402.182	0.0296121
404.364	0.0300144
405.562	0.0306466
406.906	0.0307902
407.907	0.0313218
409.198	0.0315517
410.414	0.0322989
412.08	0.0330316
413.328	0.0335489
414.425	0.0341667
415.569	0.0347414
416.915	0.0348276
418.538	0.0354167
420.184	0.0358477
421.355	0.0362069
422.398	0.0362644
423.401	0.0363937
424.723	0.0369109
425.813	0.0371695
427.49	0.0372989
428.675	0.0375862
430.228	0.0377586
431.42	0.0380029
432.57	0.0385345
433.586	0.0388937
434.845	0.0392385
436.237	0.0393534
437.277	0.0396839
438.329	0.0401724
439.52	0.0407759
440.77	0.041681
442.02	0.0419684
443.048	0.0424569
444.175	0.042773
445.594	0.0429167
446.976	0.0431034
448.078	0.043204
449.189	0.0434195
450.412	0.0438506
451.46	0.0444397
452.997	0.0451006
454.2	0.045431
455.409	0.0459052
456.676	0.0459626
457.767	0.04625
458.829	0.0470259
459.865	0.0478592
460.934	0.0481178
461.937	0.048908
463.507	0.0490805
464.645	0.0492529
466.245	0.0499425
467.402	0.0500718
468.428	0.0502011
469.551	0.0505029
470.829	0.0506609
471.995	0.0510489
473.222	0.0513506
474.433	0.0515517
476.013	0.051954
477.362	0.052658
478.506	0.053204
479.566	0.0533046
480.587	0.053477
482.257	0.0536925
483.286	0.0540948
484.524	0.0544253
485.742	0.0546121
487.017	0.0551437
488.267	0.0557328
489.334	0.0559339
490.455	0.0568103
491.895	0.0571121
493.382	0.0573994
494.504	0.0575862
495.583	0.0578017
496.78	0.0581897
498.155	0.0584195
499.17	0.0588506
500.313	0.0591092
501.709	0.0593678
502.879	0.0595833
504.104	0.0596695
505.284	0.0598132
506.324	0.0598851
507.527	0.0601293
508.984	0.0604167
510.01	0.0608477
511.031	0.0610201
512.125	0.0613075
513.272	0.0613937
514.48	0.0616667
515.689	0.0617672
516.718	0.0618678
518.169	0.0619397
519.169	0.0621839
520.284	0.0628736
521.382	0.0631897
522.441	0.0634483
523.767	0.0639368
524.775	0.0644828
525.879	0.0645977
526.939	0.0651006
528.056	0.0654885
529.056	0.0658477
530.081	0.0661494
531.122	0.06625
532.981	0.066681
534.047	0.0670977
535.139	0.0679454
536.394	0.0682184
537.687	0.0684052
538.731	0.0686494
539.763	0.06875
540.781	0.0692385
541.784	0.0694684
543.042	0.0695259
544.419	0.0697989
545.44	0.070273
547.238	0.0708333
548.246	0.0710057
549.264	0.0713649
550.35	0.0717672
551.518	0.0724856
552.574	0.0725287
553.937	0.0727011
555.24	0.0730603
556.721	0.0733477
557.883	0.0738793
558.895	0.0740805
559.936	0.0742241
561.277	0.0743966
562.341	0.0747557
563.793	0.0749856
564.853	0.075
565.887	0.0751149
567.505	0.0754023
568.529	0.0756466
569.6	0.076092
570.639	0.0763649
571.811	0.0769397
572.811	0.0772701
574.476	0.0774138
575.599	0.0776293
576.719	0.0779598
577.851	0.0782328
578.98	0.0786063
580.198	0.079023
581.35	0.0790517
582.713	0.0796552
583.98	0.0799425
584.982	0.0800718
586.066	0.0802299
587.106	0.0804741
588.66	0.0811207
590.18	0.0817385
591.235	0.0821983
592.587	0.0826724
593.691	0.0828305
594.838	0.0832184
595.877	0.0834339
597.553	0.0839799
598.898	0.0841236
599.964	0.0844971
600.964	0.0850144
602.022	0.0856322
603.323	0.0859052
604.409	0.0866667
605.537	0.0871695
606.55	0.088046
607.58	0.0883764
608.892	0.0890517
610.252	0.0894684
611.258	0.0897414
612.316	0.090273
613.327	0.0904454
614.407	0.0908333
615.413	0.0912356
616.527	0.091523
617.661	0.0920402
618.779	0.092658
619.781	0.0934626
620.887	0.0936925
622.015	0.0938649
623.127	0.0943103
624.25	0.0944109
625.407	0.0946983
626.408	0.0952586
627.409	0.0957328
628.416	0.0964224
629.771	0.0966092
630.879	0.0970402
631.914	0.0973851
632.923	0.0975575
633.926	0.0979167
634.945	0.0980891
636.014	0.0982759
637.021	0.0985489
638.077	0.0987931
639.168	0.0989943
640.177	0.0993103
641.224	0.0995833
642.229	0.0998132
643.258	0.100057
644.26	0.100316
645.275	0.100618
646.291	0.100905
647.308	0.100991
648.317	0.101207
649.377	0.101494
650.401	0.101638
651.411	0.101753
652.483	0.101954
653.487	0.102241
654.494	0.102385
655.516	0.102543
656.526	0.102615
657.667	0.10273
658.689	0.103032
659.726	0.103075
660.738	0.103333
661.748	0.103506
662.751	0.103693
663.758	0.103836
664.784	0.103994
665.803	0.104325
666.908	0.104425
667.909	0.104641
668.925	0.104943
669.976	0.105129
671.016	0.105359
672.018	0.105503
673.047	0.105603
674.061	0.10592
675.096	0.106078
676.143	0.106236
677.2	0.106351
678.214	0.106523
679.274	0.106695
680.324	0.106839
681.36	0.106983
682.41	0.107141
683.413	0.107299
684.505	0.107443
685.683	0.107529
686.803	0.107658
687.867	0.107787
688.867	0.107917
690.191	0.108032
691.308	0.108103
692.374	0.10819
693.434	0.108348
694.438	0.108448
695.449	0.108578
696.489	0.108764
697.616	0.108894
698.776	0.109037
699.784	0.109124
700.841	0.109253
701.854	0.109397
702.867	0.109655
703.977	0.109842
705.032	0.109943
706.045	0.110086
707.055	0.110259
708.106	0.110359
709.145	0.11056
710.163	0.11069
711.481	0.110761
712.553	0.110876
713.573	0.11102
714.698	0.111106
715.718	0.111293
716.758	0.111394
717.782	0.111566
718.796	0.111667
719.829	0.111724
720.849	0.111853
721.878	0.111954
722.886	0.111997
723.936	0.112098
724.947	0.112213
725.955	0.112299
727.021	0.112428
728.054	0.112486
729.077	0.112601
730.171	0.112701
731.183	0.112759
732.201	0.112802
733.305	0.112917
734.307	0.113032
735.321	0.113103
736.372	0.11329
737.409	0.113333
738.659	0.113405
739.689	0.11352
740.725	0.113563
741.764	0.113678
742.831	0.113822
743.843	0.113908
744.864	0.113994
745.912	0.114095
746.941	0.114167
747.984	0.114282
748.987	0.114325
750.07	0.114411
751.336	0.114468
752.371	0.114511
753.654	0.114569
754.701	0.114741
755.708	0.114971
756.71	0.115072
757.8	0.115187
758.898	0.115345
759.915	0.115589
761.027	0.115704
762.104	0.11579
763.169	0.115905
764.184	0.115934
765.189	0.115963
766.282	0.116063
767.357	0.116078
768.364	0.116178
769.379	0.11625
770.579	0.116336
771.589	0.116408
772.655	0.116523
773.715	0.116595
774.725	0.116695
775.732	0.116882
776.758	0.117026
777.858	0.117112
778.883	0.117198
779.953	0.117313
781.152	0.117428
782.21	0.117529
783.246	0.117615
784.37	0.117687
785.397	0.117787
786.419	0.117874
787.446	0.117974
788.462	0.11806
789.47	0.118118
790.513	0.118147
791.577	0.11829
792.704	0.118333
793.724	0.118448
794.741	0.118477
795.751	0.118635
796.844	0.11875
797.85	0.118865
798.869	0.119052
800.174	0.119267
801.226	0.119454
802.259	0.119569
803.273	0.119756
804.296	0.119971
805.397	0.120115
806.418	0.120201
807.421	0.120345
808.879	0.120517
809.886	0.120618
810.89	0.120848
811.95	0.120948
812.955	0.120991
814.214	0.121164
815.23	0.121293
816.235	0.121336
817.28	0.121494
818.308	0.121652
819.311	0.12171
820.343	0.121782
821.344	0.121868
822.382	0.122026
823.403	0.12217
824.422	0.12227
825.423	0.122328
826.436	0.122457
827.493	0.122586
828.589	0.122701
829.623	0.12283
830.628	0.123017
831.689	0.123218
832.751	0.123448
834.209	0.12352
835.21	0.123678
836.235	0.123793
837.237	0.123951
838.238	0.124124
839.284	0.124267
840.295	0.124555
841.347	0.124741
842.423	0.124842
843.537	0.124885
844.541	0.124943
845.565	0.125115
846.691	0.125187
847.712	0.125316
848.719	0.125445
849.916	0.12556
850.921	0.125675
851.933	0.125833
853.027	0.125948
854.087	0.126164
855.125	0.126236
856.263	0.126307
857.276	0.126466
858.406	0.126609
859.548	0.126667
860.567	0.126839
861.582	0.127126
862.593	0.127299
863.682	0.127543
864.863	0.127701
865.865	0.127888
867.026	0.127989
868.031	0.128075
869.336	0.12829
870.346	0.128405
871.361	0.128534
872.384	0.128606
873.424	0.128649
874.464	0.128736
875.513	0.128865
876.518	0.128894
877.546	0.129037
878.718	0.129181
879.825	0.129382
880.826	0.129612
881.843	0.12977
882.874	0.129971
883.89	0.130101
884.904	0.130273
885.917	0.130445
886.928	0.130532
887.951	0.130603
888.958	0.130675
890.106	0.130891
891.119	0.130934
892.12	0.130948
893.143	0.131164
894.148	0.131351
895.179	0.131624
896.453	0.131724
897.535	0.131925
898.69	0.131968
899.727	0.132112
900.736	0.132356
901.82	0.132572
902.838	0.132644
903.842	0.132759
904.845	0.132917
905.845	0.133132
906.915	0.133261
907.949	0.133319
908.963	0.133491
909.994	0.133578
911.121	0.133678
912.239	0.133707
913.309	0.133851
914.314	0.133966
915.322	0.13421
916.339	0.134253
917.346	0.134339
918.357	0.134425
919.371	0.134641
920.456	0.134756
921.46	0.134885
922.472	0.134986
923.493	0.135144
924.575	0.135287
925.758	0.135388
926.77	0.135546
927.872	0.135647
928.892	0.135833
929.929	0.13592
931.167	0.136034
932.195	0.136178
933.197	0.136336
934.812	0.13648
935.815	0.136523
936.878	0.136595
937.882	0.136782
938.892	0.13694
939.923	0.137069
940.925	0.137227
941.936	0.137284
942.948	0.137471
944.011	0.137615
945.034	0.137744
946.071	0.137917
947.077	0.138075
948.149	0.138218
949.318	0.138362
950.337	0.138477
951.352	0.138635
952.521	0.138736
953.562	0.138894
954.568	0.138922
955.571	0.139037
956.904	0.139124
957.946	0.139181
958.995	0.139253
960.002	0.139368
961.014	0.13954
962.023	0.139626
963.073	0.139698
964.081	0.139871
965.103	0.14
966.121	0.140259
967.13	0.140417
968.138	0.140546
969.141	0.140733
970.148	0.140934
971.226	0.141221
972.262	0.141264
973.308	0.141351
974.42	0.141451
975.428	0.141566
976.736	0.141609
977.76	0.141825
978.783	0.14194
979.813	0.142011
980.909	0.142069
981.911	0.142198
982.952	0.142299
983.956	0.142543
985.042	0.142672
986.172	0.14273
987.202	0.142888
988.31	0.143003
989.323	0.143218
990.408	0.143261
991.416	0.143477
992.432	0.143578
993.549	0.143664
994.702	0.143779
995.711	0.143937
996.712	0.143994
997.731	0.144109
998.752	0.144124
999.831	0.144181
1000.85	0.14444
1001.9	0.144626
1002.94	0.144842
1003.95	0.144957
1004.99	0.145172
1006.02	0.145417
1007.06	0.145546
1008.06	0.14569
1009.19	0.145733
1010.28	0.146006
1011.29	0.146106
1012.34	0.146437
1013.37	0.146595
1014.41	0.146739
1015.42	0.14694
1016.58	0.14717
1017.59	0.147328
1018.6	0.147428
1019.66	0.147529
1020.69	0.147701
1021.86	0.147845
1022.88	0.148147
1023.9	0.148477
1024.91	0.148649
1025.97	0.148736
1026.99	0.148836
1028.01	0.149037
1029.02	0.149124
1030.04	0.149239
1031.21	0.149325
1032.23	0.149468
1033.3	0.14977
1034.34	0.150057
1035.35	0.15056
1036.36	0.150862
1037.37	0.151049
1038.38	0.15125
1039.4	0.151394
1040.41	0.15171
1041.42	0.151882
1042.45	0.152141
1043.53	0.152256
1044.73	0.152385
1045.79	0.152543
1046.79	0.152716
1047.88	0.152845
1048.88	0.153003
1049.89	0.153247
1050.91	0.15342
1051.96	0.153592
1052.96	0.153793
1054.01	0.153937
1055.02	0.154224
1056.05	0.15454
1057.12	0.154741
1058.15	0.154943
1059.15	0.155029
1060.18	0.155244
1061.32	0.155359
1062.33	0.155589
1063.39	0.155805
1064.41	0.15602
1065.45	0.156149
1066.48	0.156322
1067.49	0.156408
1068.5	0.156451
1069.52	0.156609
1070.53	0.156767
1071.53	0.157026
1072.64	0.157069
1073.66	0.157256
1074.75	0.157342
1075.75	0.157443
1076.75	0.157601
1077.76	0.15773
1078.82	0.157917
1079.82	0.158003
1080.84	0.158175
1081.84	0.158218
1082.87	0.158376
1083.9	0.158434
1084.93	0.158592
1086	0.158721
1087	0.158879
1088.01	0.159052
1089.15	0.15921
1090.15	0.159353
1091.23	0.15944
1092.25	0.159526
1093.35	0.159698
1094.39	0.159885
1095.39	0.160287
1096.41	0.160374
1097.42	0.160517
1098.43	0.160761
1099.44	0.160948
1100.46	0.161164
1101.72	0.16125
1102.79	0.16125
1103.81	0.161408
1104.83	0.161566
1105.87	0.161667
1106.88	0.161767
1108.03	0.161911
1109.05	0.162098
1110.12	0.162227
1111.13	0.162543
1112.15	0.162601
1113.16	0.162759
1114.18	0.162902
1115.22	0.162974
1116.23	0.163147
1117.26	0.16329
1118.3	0.163333
1119.3	0.16342
1120.34	0.163563
1121.35	0.163693
1122.35	0.163822
1123.37	0.164095
1124.37	0.164325
1125.44	0.164497
1126.46	0.164598
1127.47	0.164727
1128.48	0.164828
1129.48	0.164899
1130.55	0.165072
1131.6	0.165187
1132.6	0.16523
1133.62	0.165259
1134.63	0.165359
1135.66	0.165517
1136.75	0.16579
1137.79	0.165934
1138.83	0.166149
1139.83	0.166293
1140.83	0.166408
1141.84	0.16648
1142.97	0.166624
1143.98	0.166782
1145.11	0.166868
1146.11	0.166968
1147.12	0.167069
1148.12	0.167126
1149.15	0.167313
1150.15	0.167471
1151.22	0.167543
1152.23	0.167644
1153.28	0.167845
1154.28	0.168017
1155.34	0.168218
1156.34	0.16829
1157.38	0.16842
1158.39	0.168491
1159.39	0.168563
1160.43	0.168721
1161.44	0.168836
1162.45	0.169009
1163.46	0.169138
1164.46	0.169296
1165.46	0.169382
1166.74	0.169483
1167.74	0.169641
1168.74	0.16977
1169.77	0.169813
1170.78	0.169828
1171.78	0.169914
1172.8	0.169986
1173.85	0.170043
1174.85	0.170144
1175.86	0.170216
1176.88	0.170402
1177.91	0.170532
1178.92	0.170647
1180.18	0.170776
1181.2	0.170862
1182.21	0.170963
1183.27	0.17102
1184.34	0.171121
1185.34	0.17125
1186.38	0.171307
1187.53	0.171379
1188.71	0.171451
1189.74	0.171537
1190.77	0.171753
1191.77	0.171868
1192.78	0.17204
1193.89	0.172098
1194.9	0.172198
1196.02	0.172284
1197.05	0.172328
1198.11	0.1725
1199.15	0.172572
1200.17	0.17273
1201.19	0.172845
1202.2	0.172902
1203.22	0.172989
1204.24	0.17306
1205.25	0.173175
1206.26	0.173391
1207.26	0.173635
1208.27	0.173664
1209.31	0.17375
1210.31	0.173836
1211.31	0.174066
1212.4	0.174267
1213.42	0.17444
1214.44	0.174555
1215.44	0.174727
1216.6	0.174871
1217.68	0.174914
1218.7	0.174943
1219.71	0.175115
1220.73	0.175316
1221.75	0.175589
1222.76	0.175718
1223.78	0.175819
1224.78	0.175934
1225.88	0.176135
1226.89	0.176322
1227.9	0.176466
1228.92	0.176638
1229.93	0.176767
1230.93	0.176897
1231.94	0.176997
1232.97	0.177112
1234.13	0.177198
1235.13	0.177443
1236.14	0.177658
1237.16	0.17773
1238.16	0.177888
1239.16	0.178075
1240.16	0.178161
1241.18	0.178305
1242.19	0.178563
1243.19	0.178678
1244.38	0.178879
1245.45	0.178951
1246.47	0.179109
1247.47	0.179239
1248.47	0.179397
1249.6	0.179555
1250.63	0.179655
1251.64	0.179914
1252.69	0.180014
1253.69	0.180129
1254.78	0.180244
1255.78	0.180417
1256.78	0.180632
1257.79	0.180848
1258.83	0.180891
1259.86	0.181034
1260.87	0.181236
1262.05	0.181336
1263.07	0.181394
1264.08	0.18148
1265.08	0.181782
1266.08	0.181911
1267.15	0.182055
1268.16	0.182284
1269.17	0.182457
1270.17	0.182586
1271.17	0.182701
1272.19	0.182802
1273.22	0.182917
1274.22	0.183017
1275.23	0.183103
1276.26	0.18329
1277.26	0.18352
1278.28	0.183779
1279.29	0.183966
1280.32	0.184052
1281.33	0.184239
1282.37	0.184353
1283.38	0.184454
1284.39	0.184483
1285.4	0.184626
1286.4	0.184784
1287.43	0.184856
1288.43	0.185057
1289.45	0.18523
1290.54	0.18533
1291.55	0.185445
1292.58	0.185661
1293.62	0.185948
1294.72	0.186149
1295.78	0.186236
1296.78	0.186451
1297.86	0.18658
1298.87	0.186652
1299.88	0.186839
1300.92	0.18704
1301.93	0.187112
1302.94	0.187198
1304.03	0.187371
1305.04	0.187543
1306.06	0.187629
1307.06	0.187687
1308.09	0.18783
1309.12	0.18796
1310.17	0.188089
1311.29	0.188247
1312.32	0.188333
1313.37	0.188463
1314.4	0.188549
1315.44	0.188779
1316.65	0.188865
1317.66	0.189109
1318.73	0.189339
1319.76	0.18944
1320.82	0.189483
1321.85	0.18967
1322.88	0.189871
1323.88	0.189986
1324.9	0.190172
1325.9	0.190374
1326.91	0.190445
1327.91	0.190503
1328.93	0.190589
1330.15	0.19069
1331.16	0.190833
1332.18	0.191034
1333.19	0.191221
1334.2	0.191365
1335.25	0.191537
1336.25	0.19171
1337.29	0.191739
1338.3	0.191925
1339.3	0.192055
1340.32	0.192112
1341.34	0.192227
1342.35	0.192371
1343.41	0.192543
1344.41	0.192658
1345.44	0.19283
1346.45	0.193003
1347.48	0.193161
1348.51	0.193305
1349.59	0.193463
1350.62	0.193563
1351.62	0.193678
1352.82	0.193707
1353.84	0.193951
1354.89	0.194037
1355.89	0.194181
1356.91	0.194382
1357.91	0.194612
1358.92	0.194784
1360	0.194856
1361	0.194885
1362.06	0.194986
1363.06	0.195101
1364.07	0.195158
1365.09	0.195316
1366.11	0.195503
1367.17	0.195575
1368.22	0.195675
1369.3	0.195833
1370.41	0.196063
1371.41	0.196322
1372.44	0.196523
1373.45	0.196652
1374.51	0.196695
1375.53	0.196853
1376.56	0.197011
1377.57	0.197184
1378.58	0.197399
1379.59	0.197486
1380.59	0.197629
1381.62	0.197773
1382.63	0.197888
1383.66	0.197974
1384.71	0.198046
1385.72	0.198218
1386.77	0.198362
1387.81	0.198534
1388.82	0.198592
1389.83	0.198721
1391	0.198879
1392.03	0.19908
1393.04	0.199267
1394.05	0.199425
1395.05	0.199569
1396.08	0.199756
1397.09	0.199885
1398.1	0.2
1399.1	0.200129
1400.1	0.200216
1401.1	0.200287
1402.11	0.200546
1403.11	0.200718
1404.13	0.200934
1405.15	0.201063
1406.15	0.201279
1407.17	0.201638
1408.23	0.201796
1409.24	0.201853
1410.25	0.20204
1411.26	0.202126
1412.29	0.202414
1413.3	0.202572
1414.31	0.202759
1415.31	0.20283
1416.31	0.203046
1417.32	0.203204
1418.33	0.20342
1419.34	0.203549
1420.37	0.203635
1421.38	0.203707
1422.39	0.203879
1423.39	0.203994
1424.43	0.204152
1425.43	0.204454
1426.44	0.204526
1427.45	0.204641
1428.47	0.204842
1429.47	0.205014
1430.5	0.205129
1431.54	0.205374
1432.55	0.205431
1433.56	0.205532
1434.56	0.205618
1435.58	0.205833
1436.58	0.205891
1437.58	0.206006
1438.58	0.206193
1439.59	0.206322
1440.6	0.206509
1441.62	0.206624
1442.63	0.206753
1443.66	0.206882
1444.68	0.207055
1445.69	0.207141
1446.7	0.207313
1447.71	0.207615
1448.71	0.20783
1449.72	0.208089
1450.73	0.208276
1451.75	0.208534
1452.76	0.208678
1453.81	0.208736
1454.83	0.208793
1455.86	0.208966
1456.88	0.209037
1457.89	0.209195
1458.92	0.209382
1459.94	0.209483
1460.96	0.209612
1461.99	0.209713
1463	0.209856
1464.08	0.210129
1465.1	0.210417
1466.1	0.210489
1467.12	0.210704
1468.14	0.21079
1469.15	0.210991
1470.17	0.211178
1471.17	0.211408
1472.23	0.21158
1473.26	0.21171
1474.28	0.211925
1475.29	0.212227
1476.3	0.212342
1477.33	0.2125
1478.34	0.212658
1479.37	0.212816
1480.38	0.212989
1481.39	0.213103
1482.45	0.213218
1483.46	0.213348
1484.47	0.213477
1485.49	0.213563
1486.49	0.213721
1487.51	0.213807
1488.53	0.213879
1489.57	0.214037
1490.62	0.214167
1491.63	0.21431
1492.64	0.214454
1493.65	0.21454
1494.66	0.214641
1495.68	0.214828
1496.68	0.214885
1497.71	0.215
1498.74	0.215216
1499.79	0.215417
1500.79	0.215546
1501.82	0.215704
1502.83	0.215833
1503.85	0.216063
1504.88	0.216293
1505.9	0.216336
1506.99	0.216422
1507.99	0.216523
1509.03	0.216667
1510.04	0.216968
1511.07	0.217112
1512.08	0.217256
1513.1	0.217371
1514.13	0.217514
1515.19	0.217557
1516.19	0.217629
1517.2	0.217701
1518.22	0.217845
1519.3	0.21796
1520.31	0.21806
1521.32	0.218218
1522.32	0.218463
1523.33	0.218621
1524.37	0.218764
1525.38	0.218879
1526.39	0.21908
1527.41	0.219181
1528.43	0.219296
1529.43	0.21944
1530.44	0.219626
1531.47	0.21977
1532.48	0.219871
1533.51	0.219914
1534.53	0.220014
1535.62	0.220086
1536.63	0.220216
1537.64	0.220302
1538.64	0.220575
1539.64	0.220733
1540.67	0.220833
1541.69	0.221034
1542.7	0.221149
1543.73	0.221307
1544.74	0.221437
1545.75	0.221667
1546.75	0.221853
1547.75	0.222055
1548.76	0.22217
1549.76	0.222356
1550.77	0.222471
1551.8	0.222644
1552.81	0.22273
1553.81	0.222802
1554.82	0.22296
1555.88	0.223089
1556.94	0.22319
1557.95	0.223276
1558.96	0.223477
1559.96	0.223563
1560.96	0.223736
1561.97	0.223822
1563	0.223966
1564	0.224138
1565.02	0.224239
1566.08	0.224325
1567.09	0.224411
1568.09	0.224641
1569.13	0.224856
1570.15	0.225029
1571.17	0.225244
1572.22	0.22546
1573.23	0.225603
1574.25	0.22579
1575.25	0.22592
1576.26	0.226034
1577.31	0.226135
1578.34	0.226293
1579.4	0.22648
1580.42	0.226566
1581.47	0.226681
1582.48	0.226753
1583.49	0.226925
1584.52	0.227098
1585.56	0.22727
1586.57	0.227443
1587.58	0.227601
1588.63	0.227644
1589.63	0.227816
1590.63	0.228017
1591.64	0.228147
1592.66	0.228204
1593.68	0.228276
1594.68	0.228362
1595.68	0.228405
1596.72	0.228549
1597.72	0.228678
1598.73	0.228764
1599.74	0.228922
1600.75	0.229181
1601.75	0.229325
1602.79	0.229425
1603.8	0.229598
1604.8	0.229871
1605.83	0.230029
1606.84	0.23023
1607.84	0.230402
1608.85	0.230603
1609.87	0.230761
1610.87	0.230991
1611.88	0.231106
1612.89	0.231178
1613.9	0.23148
1614.9	0.231667
1615.92	0.231868
1616.93	0.232055
1617.94	0.232141
1618.94	0.232227
1619.95	0.232399
1620.98	0.232586
1622.04	0.232744
1623.06	0.232845
1624.07	0.23306
1625.07	0.233233
1626.08	0.233405
1627.1	0.23352
1628.11	0.233678
1629.11	0.233851
1630.13	0.234009
1631.13	0.234095
1632.15	0.234224
1633.16	0.234325
1634.18	0.234483
1635.2	0.23467
1636.2	0.234756
1637.2	0.234871
1638.24	0.234986
1639.25	0.235072
1640.25	0.235158
1641.28	0.23523
1642.29	0.235431
1643.29	0.235489
1644.3	0.235603
1645.3	0.235761
1646.33	0.235905
1647.36	0.236034
1648.38	0.236135
1649.41	0.23625
1650.43	0.236336
1651.44	0.236422
1652.5	0.236537
1653.53	0.236595
1654.57	0.236753
1655.6	0.236897
1656.6	0.236983
1657.62	0.237141
1658.63	0.237313
1659.65	0.237414
1660.68	0.237672
1661.71	0.237744
1662.71	0.237974
1663.71	0.238161
1664.72	0.238276
1665.75	0.238376
1666.76	0.238491
1667.81	0.238635
1668.82	0.238693
1669.83	0.238793
1670.84	0.238922
1671.86	0.23908
1672.87	0.239195
1673.87	0.23931
1674.88	0.239411
1675.9	0.239569
1676.93	0.239713
1677.94	0.239756
1678.95	0.240014
1679.97	0.240187
1680.97	0.240259
1681.97	0.240359
1682.98	0.240431
1683.98	0.240589
1684.98	0.240718
1686	0.24092
1687	0.241006
1688.01	0.241236
1689.03	0.241408
1690.04	0.241451
1691.04	0.241552
1692.05	0.241681
1693.08	0.241868
1694.08	0.241954
1695.12	0.24204
1696.14	0.242112
1697.15	0.242256
1698.15	0.242414
1699.16	0.2425
1700.16	0.242658
1701.2	0.24283
1702.2	0.243032
1703.2	0.243261
1704.21	0.243405
1705.21	0.243549
1706.28	0.243678
1707.29	0.243764
1708.34	0.243994
1709.35	0.244181
1710.35	0.244339
1711.35	0.24454
1712.36	0.244684
1713.36	0.24477
1714.37	0.244986
1715.37	0.245101
1716.41	0.245201
1717.41	0.245402
1718.42	0.245445
1719.42	0.245489
1720.44	0.245517
1721.45	0.245575
1722.48	0.24569
1723.49	0.245776
1724.51	0.245876
1725.51	0.24592
1726.53	0.246063
1727.54	0.246149
1728.54	0.246322
1729.55	0.246408
1730.55	0.246566
1731.55	0.24671
1732.56	0.246767
1733.57	0.247026
1734.57	0.247112
1735.57	0.24727
1736.58	0.247356
1737.58	0.247471
1738.6	0.247543
1739.61	0.247687
1740.63	0.247874
1741.64	0.247974
1742.65	0.248147
1743.65	0.248434
1744.68	0.248506
1745.69	0.248592
1746.69	0.248635
1747.71	0.24875
1748.71	0.248879
1749.72	0.249037
1750.72	0.249181
1751.73	0.249253
1752.74	0.249397
1753.74	0.249511
1754.76	0.249583
1755.77	0.249727
1756.77	0.249813
1757.79	0.250014
1758.83	0.250302
1759.87	0.250445
1760.87	0.250489
1761.87	0.250704
1762.88	0.250833
1763.88	0.250905
1764.89	0.251049
1765.91	0.251164
1766.91	0.251322
1767.92	0.251394
1768.92	0.251652
1769.92	0.251767
1770.93	0.251954
1771.93	0.252098
1772.94	0.252184
1773.94	0.252241
1774.96	0.252399
1775.96	0.252457
1776.97	0.252514
1777.98	0.252658
1778.99	0.252845
1779.99	0.252902
1781	0.252989
1782.01	0.253103
1783.03	0.253261
1784.06	0.253434
1785.07	0.253534
1786.08	0.253764
1787.14	0.253879
1788.15	0.253994
1789.15	0.254095
1790.16	0.254152
1791.17	0.25431
1792.2	0.254411
1793.21	0.254468
1794.21	0.254555
1795.21	0.254655
1796.21	0.254741
1797.22	0.254943
1798.22	0.255115
1799.22	0.255216
1800.24	0.25533
1801.25	0.255517
1802.27	0.255632
1803.27	0.255934
1804.27	0.256063
1805.29	0.256207
1806.29	0.256365
1807.31	0.256537
1808.31	0.256566
1809.32	0.256681
1810.33	0.256925
1811.35	0.257069
1812.36	0.257198
1813.36	0.257457
1814.37	0.257629
1815.37	0.257874
1816.38	0.258089
1817.41	0.258233
1818.42	0.258319
1819.45	0.258376
1820.45	0.258592
1821.46	0.258678
1822.47	0.258822
1823.49	0.258951
1824.5	0.259138
1825.5	0.259267
1826.52	0.259454
1827.52	0.25977
1828.53	0.259914
1829.55	0.260029
1830.56	0.260172
1831.56	0.260273
1832.57	0.260445
1833.58	0.260532
1834.62	0.260647
1835.63	0.260776
1836.64	0.260977
1837.64	0.261063
1838.64	0.261293
1839.65	0.261437
1840.65	0.261624
1841.66	0.261753
1842.67	0.261782
1843.7	0.261882
1844.75	0.262069
1845.75	0.262241
1846.8	0.262399
1847.82	0.262529
1848.82	0.262687
1849.83	0.262802
1850.83	0.262874
1851.84	0.263103
1852.85	0.263305
1853.85	0.263563
1854.86	0.263736
1855.88	0.263908
1856.88	0.26408
1857.88	0.264195
1858.88	0.264339
1859.89	0.26454
1860.91	0.264698
1861.93	0.264828
1862.93	0.264928
1863.98	0.265129
1864.98	0.265259
1865.98	0.265532
1866.99	0.265661
1867.99	0.265747
1869	0.26592
1870.05	0.265963
1871.06	0.266049
1872.07	0.266207
1873.09	0.266437
1874.09	0.26658
1875.11	0.266695
1876.11	0.266782
1877.12	0.266868
1878.18	0.267083
1879.2	0.267213
1880.21	0.26727
1881.21	0.267371
1882.22	0.2675
1883.25	0.267744
1884.25	0.267931
1885.26	0.268075
1886.26	0.268218
1887.27	0.268333
1888.28	0.268463
1889.29	0.268563
1890.32	0.26875
1891.35	0.268966
1892.35	0.269109
1893.36	0.269267
1894.37	0.269411
1895.37	0.269511
1896.38	0.269583
1897.38	0.269698
1898.38	0.269799
1899.38	0.269871
1900.39	0.270043
1901.4	0.270302
1902.42	0.270517
1903.46	0.270661
1904.47	0.270833
1905.48	0.270876
1906.5	0.271034
1907.53	0.271164
1908.53	0.271322
1909.54	0.271437
1910.54	0.271595
1911.55	0.271839
1912.55	0.271983
1913.55	0.272098
1914.56	0.272227
1915.56	0.272385
1916.58	0.272443
1917.58	0.272557
1918.6	0.272773
1919.66	0.272917
1920.67	0.273017
1921.68	0.273161
1922.68	0.273261
1923.71	0.273391
1924.73	0.273506
1925.73	0.273606
1926.73	0.273736
1927.74	0.273922
1928.74	0.274009
1929.76	0.27421
1930.8	0.274368
1931.8	0.274483
1932.82	0.274626
1933.83	0.274741
1934.84	0.274943
1935.85	0.275086
1936.85	0.27523
1937.86	0.275445
1938.86	0.275546
1939.93	0.275647
1940.93	0.275718
1941.96	0.275833
1942.96	0.27592
1943.98	0.276034
1945	0.276135
1946.04	0.276322
1947.05	0.276537
1948.06	0.276652
1949.08	0.276796
1950.09	0.276954
1951.11	0.277083
1952.14	0.277213
1953.15	0.277299
1954.17	0.277471
1955.22	0.277672
1956.22	0.277787
1957.22	0.277859
1958.24	0.277945
1959.25	0.27806
1960.25	0.27819
1961.27	0.278319
1962.27	0.278434
1963.27	0.278693
1964.31	0.278822
1965.31	0.279009
1966.31	0.279095
1967.31	0.27921
1968.31	0.279353
1969.35	0.279425
1970.35	0.279583
1971.37	0.27967
1972.41	0.279813
1973.45	0.279928
1974.46	0.280144
1975.48	0.280216
1976.49	0.280417
1977.5	0.280517
1978.51	0.280589
1979.52	0.280661
1980.52	0.280848
1981.53	0.28102
1982.53	0.281106
1983.56	0.281279
1984.56	0.281351
1985.57	0.281422
1986.57	0.281624
1987.57	0.281753
1988.57	0.281868
1989.58	0.281983
1990.62	0.282112
1991.62	0.282241
1992.63	0.282414
1993.63	0.282543
1994.64	0.282716
1995.65	0.282859
1996.65	0.282974
1997.66	0.283147
1998.66	0.283247
1999.67	0.28342
2000.68	0.283534
2001.7	0.283736
2002.71	0.283908
2003.71	0.284066
2004.75	0.284167
2005.79	0.284325
2006.81	0.284454
2007.82	0.284569
2008.84	0.284727
2009.84	0.285
2010.85	0.285129
2011.86	0.285244
2012.86	0.285431
2013.89	0.285575
2014.9	0.285647
2015.9	0.285761
2016.9	0.285905
2017.92	0.286135
2018.92	0.286236
2019.92	0.286365
2020.92	0.286451
2021.94	0.286566
2022.95	0.286667
2023.96	0.286882
2024.96	0.286968
2025.96	0.287141
2026.97	0.287313
2027.97	0.287443
2028.98	0.2875
2029.98	0.287629
2030.99	0.28773
2031.99	0.287787
2033	0.287917
2034.02	0.288118
2035.02	0.288218
2036.02	0.288391
2037.05	0.288506
2038.05	0.288534
2039.05	0.28875
2040.08	0.288894
2041.09	0.28908
2042.1	0.289239
2043.11	0.28931
2044.11	0.28944
2045.12	0.289598
2046.12	0.289871
2047.16	0.29
2048.17	0.290072
2049.17	0.290201
2050.17	0.290388
2051.18	0.290517
2052.2	0.290618
2053.21	0.290761
2054.22	0.290905
2055.23	0.290977
2056.23	0.291164
2057.24	0.291307
2058.24	0.291437
2059.25	0.291566
2060.26	0.291667
2061.26	0.291782
2062.26	0.291968
2063.27	0.292184
2064.29	0.292328
2065.29	0.292543
2066.29	0.292629
2067.33	0.29273
2068.34	0.293003
2069.36	0.293204
2070.39	0.293276
2071.4	0.293434
2072.4	0.293534
2073.41	0.293736
2074.41	0.293908
2075.45	0.294124
2076.47	0.29421
2077.47	0.294339
2078.47	0.294497
2079.47	0.294655
2080.49	0.294756
2081.5	0.294828
2082.5	0.294885
2083.51	0.295057
2084.53	0.295129
2085.53	0.295287
2086.54	0.295417
2087.54	0.295647
2088.54	0.295805
2089.55	0.296063
2090.55	0.296207
2091.56	0.296322
2092.56	0.296451
2093.57	0.296566
2094.58	0.296667
2095.58	0.296739
2096.58	0.29694
2097.58	0.297069
2098.58	0.297155
2099.59	0.297299
2100.6	0.297414
2101.62	0.2975
2102.65	0.297601
2103.65	0.297802
2104.67	0.297917
2105.67	0.29806
2106.68	0.298233
2107.68	0.298405
2108.69	0.298563
2109.7	0.298649
2110.72	0.298836
2111.72	0.299037
2112.72	0.29908
2113.72	0.299152
2114.73	0.299368
2115.75	0.299483
2116.76	0.299641
2117.81	0.299914
2118.81	0.300086
2119.81	0.300172
2120.81	0.300316
2121.82	0.300388
2122.82	0.300431
2123.83	0.30056
2124.85	0.300661
2125.85	0.300747
2126.86	0.30079
2127.86	0.300963
2128.88	0.301063
2129.89	0.301164
2130.89	0.301236
2131.89	0.301293
2132.9	0.301451
2133.91	0.301552
2134.91	0.30171
2135.93	0.301868
2136.94	0.302083
2137.94	0.302184
2138.94	0.302313
2139.94	0.302385
2140.95	0.302471
2141.95	0.302586
2142.99	0.302802
2144	0.302874
2145	0.30296
2146.01	0.303089
2147.01	0.30319
2148.02	0.303276
2149.02	0.303391
2150.04	0.303463
2151.04	0.303563
2152.05	0.303822
2153.07	0.303994
2154.07	0.304124
2155.08	0.30421
2156.1	0.304253
2157.11	0.304325
2158.12	0.304382
2159.14	0.304526
2160.15	0.304612
2161.18	0.30467
2162.18	0.304799
2163.18	0.304842
2164.18	0.304928
2165.19	0.305086
2166.2	0.305216
2167.2	0.305417
2168.2	0.305445
2169.23	0.305503
2170.23	0.305603
2171.27	0.305718
2172.28	0.305891
2173.28	0.305991
2174.3	0.306135
2175.3	0.306236
2176.3	0.306408
2177.31	0.306422
2178.32	0.30658
2179.32	0.306724
2180.33	0.306853
2181.34	0.306897
2182.37	0.306954
2183.38	0.307126
2184.4	0.30727
2185.41	0.307284
2186.41	0.307342
2187.41	0.307543
2188.42	0.30773
2189.46	0.30783
2190.47	0.308017
2191.48	0.308075
2192.5	0.30819
2193.53	0.308434
2194.63	0.308592
2195.63	0.308807
2196.63	0.308994
2197.63	0.309124
2198.66	0.30931
2199.66	0.309454
2200.67	0.309598
2201.67	0.309698
2202.67	0.309813
2203.67	0.309943
2204.68	0.310029
2205.68	0.310216
2206.69	0.31033
2207.71	0.310431
2208.71	0.310532
2209.72	0.310632
2210.73	0.310805
2211.76	0.310977
2212.77	0.311149
2213.77	0.311307
2214.78	0.311394
2215.78	0.311509
2216.79	0.311695
2217.79	0.31181
2218.8	0.312026
2219.81	0.312126
2220.83	0.312227
2221.85	0.312342
2222.85	0.312471
2223.87	0.312601
2224.88	0.31273
2225.89	0.312802
2226.89	0.312945
2227.92	0.313103
2228.92	0.313333
2229.93	0.313592
2230.94	0.313736
2231.94	0.313937
2232.97	0.314037
2233.97	0.314181
2234.98	0.314339
2235.99	0.314382
2236.99	0.31454
2238.01	0.314612
2239.03	0.314684
2240.03	0.314856
2241.04	0.315014
2242.05	0.315187
2243.07	0.315259
2244.09	0.315359
2245.11	0.31546
2246.11	0.315575
2247.14	0.315632
2248.17	0.31579
2249.18	0.316049
2250.18	0.316221
2251.18	0.316336
2252.19	0.316379
2253.2	0.316537
2254.22	0.316667
2255.22	0.316767
2256.23	0.316882
2257.23	0.316968
2258.24	0.317083
2259.24	0.317184
2260.25	0.317342
2261.25	0.317586
2262.26	0.317716
2263.27	0.317931
2264.28	0.318075
2265.29	0.318247
2266.34	0.318391
2267.36	0.318506
2268.38	0.318606
2269.38	0.318707
2270.39	0.318836
2271.4	0.31898
2272.41	0.319009
2273.44	0.319152
2274.45	0.319267
2275.46	0.319382
2276.46	0.319569
2277.47	0.319727
2278.48	0.319856
2279.49	0.319943
2280.5	0.320057
2281.5	0.320172
2282.5	0.320259
2283.51	0.320417
2284.52	0.320532
2285.53	0.320632
2286.53	0.320718
2287.55	0.320819
2288.56	0.320991
2289.56	0.321164
2290.56	0.321307
2291.58	0.32148
2292.58	0.321566
2293.59	0.321753
2294.6	0.321897
2295.6	0.321954
2296.61	0.322055
2297.61	0.322184
2298.61	0.322284
2299.62	0.322356
2300.63	0.322428
2301.68	0.322586
2302.69	0.322759
2303.69	0.322816
2304.7	0.322945
2305.7	0.323103
2306.71	0.323161
2307.71	0.323319
2308.71	0.32352
2309.71	0.323664
2310.72	0.323707
2311.72	0.323851
2312.73	0.32398
2313.76	0.324066
2314.78	0.324167
2315.8	0.324239
2316.81	0.324339
2317.82	0.324411
2318.82	0.324483
2319.83	0.324655
2320.84	0.324741
2321.84	0.324856
2322.86	0.324957
2323.87	0.325101
2324.88	0.325216
2325.89	0.325388
2326.89	0.325546
2327.9	0.32569
2328.92	0.325776
2329.92	0.325905
2330.92	0.325948
2331.93	0.326063
2332.93	0.32625
2333.94	0.326408
2334.95	0.326466
2335.95	0.326695
2336.96	0.326911
2337.96	0.327026
2339	0.32717
2340.04	0.327328
2341.06	0.327428
2342.12	0.3275
2343.13	0.327543
2344.14	0.327744
2345.15	0.327902
2346.15	0.328075
2347.16	0.328147
2348.17	0.32829
2349.17	0.328376
2350.21	0.328506
2351.23	0.328736
2352.23	0.328865
2353.24	0.32898
2354.24	0.329109
2355.25	0.329253
2356.25	0.329325
2357.27	0.329468
2358.28	0.329598
2359.28	0.32977
2360.29	0.329943
2361.29	0.330043
2362.3	0.330172
2363.3	0.330287
2364.31	0.330417
2365.32	0.330661
2366.32	0.330876
2367.35	0.330991
2368.36	0.331121
2369.38	0.331264
2370.39	0.331408
2371.42	0.331552
2372.42	0.331681
2373.42	0.331825
2374.44	0.331954
2375.47	0.332011
2376.51	0.332112
2377.52	0.332198
2378.54	0.332284
2379.54	0.332399
2380.55	0.332543
2381.55	0.332629
2382.55	0.33273
2383.56	0.332859
2384.58	0.33296
2385.6	0.33306
2386.61	0.333132
2387.62	0.333233
2388.64	0.333305
2389.65	0.333463
2390.68	0.33352
2391.71	0.333578
2392.73	0.33375
2393.74	0.333764
2394.75	0.333793
2395.75	0.333865
2396.75	0.333994
2397.77	0.33408
2398.78	0.334253
2399.8	0.33431
2400.82	0.33444
2401.85	0.334526
2402.86	0.334655
2403.87	0.334756
2404.88	0.334885
2405.88	0.335
2406.89	0.335201
2407.91	0.335474
2408.92	0.335503
2409.92	0.335675
2410.93	0.33579
2411.93	0.335948
2412.94	0.336106
2413.94	0.336221
2414.95	0.336351
2415.95	0.336523
2416.95	0.336739
2417.96	0.337069
2418.98	0.337227
2419.99	0.337428
2421	0.337615
2422.01	0.33773
2423.01	0.337874
2424.02	0.337974
2425.03	0.33806
2426.04	0.338247
2427.05	0.338362
2428.07	0.338448
2429.07	0.338635
2430.09	0.338779
2431.09	0.338966
2432.1	0.339052
2433.1	0.339167
2434.11	0.339353
2435.11	0.339511
2436.12	0.339626
2437.15	0.339842
2438.15	0.339986
2439.15	0.340101
2440.15	0.340172
2441.17	0.340359
2442.17	0.340445
2443.17	0.340618
2444.18	0.340704
2445.18	0.340776
2446.18	0.340876
2447.18	0.341106
2448.19	0.341236
2449.19	0.341379
2450.2	0.34148
2451.21	0.34158
2452.21	0.341667
2453.21	0.34181
2454.25	0.341897
2455.25	0.34204
2456.26	0.34217
2457.26	0.342241
2458.26	0.342342
2459.27	0.342457
2460.27	0.342514
2461.28	0.342644
2462.28	0.342773
2463.29	0.342902
2464.29	0.343017
2465.29	0.343089
2466.3	0.343233
2467.3	0.343491
2468.31	0.34375
2469.31	0.343908
2470.32	0.344037
2471.32	0.344167
2472.33	0.344282
2473.33	0.344411
2474.35	0.344483
2475.35	0.344612
2476.35	0.344756
2477.37	0.344928
2478.37	0.345086
2479.38	0.345287
2480.38	0.34546
2481.39	0.345517
2482.39	0.345661
2483.4	0.345761
2484.4	0.345876
2485.41	0.346006
2486.42	0.346135
2487.42	0.346336
2488.43	0.346466
2489.44	0.346609
2490.44	0.346724
2491.45	0.346782
2492.45	0.346954
2493.47	0.347112
2494.47	0.347256
2495.47	0.347328
2496.48	0.347529
2497.49	0.347572
2498.5	0.347658
2499.5	0.347787
2500.53	0.347902
2501.53	0.348032
2502.53	0.348147
2503.54	0.348233
2504.55	0.348305
2505.55	0.348434
2506.55	0.348477
2507.55	0.348606
2508.56	0.348764
2509.56	0.348894
2510.58	0.348994
2511.6	0.349109
2512.62	0.349224
2513.63	0.349282
2514.66	0.349382
2515.67	0.349511
2516.68	0.349684
2517.68	0.349899
2518.69	0.349986
2519.72	0.350072
2520.73	0.350273
2521.77	0.350402
2522.78	0.350589
2523.78	0.350661
2524.79	0.35079
2525.82	0.350934
2526.82	0.351063
2527.83	0.351193
2528.85	0.351293
2529.86	0.351437
2530.88	0.351523
2531.88	0.35158
2532.88	0.351724
2533.91	0.35181
2534.92	0.351925
2535.93	0.352055
2536.94	0.352126
2537.95	0.352299
2538.95	0.352428
2539.96	0.352543
2540.96	0.352644
2541.98	0.352716
2542.98	0.352859
2544	0.352974
2545.01	0.353032
2546.02	0.353118
2547.02	0.353204
2548.03	0.353348
2549.03	0.353434
2550.04	0.353477
2551.04	0.353563
2552.04	0.353649
2553.05	0.35375
2554.06	0.353807
2555.07	0.353937
2556.08	0.354052
2557.08	0.354224
2558.09	0.354397
2559.09	0.354511
2560.1	0.35467
2561.11	0.35477
2562.12	0.354885
2563.12	0.355057
2564.13	0.355172
2565.16	0.355244
2566.17	0.355388
2567.18	0.355503
2568.19	0.355589
2569.19	0.355718
2570.21	0.355833
2571.23	0.356034
2572.23	0.356279
2573.25	0.356379
2574.25	0.356537
2575.26	0.356695
2576.26	0.356767
2577.27	0.356839
2578.27	0.356954
2579.3	0.357083
2580.32	0.35717
2581.32	0.357371
2582.32	0.357457
2583.33	0.357557
2584.33	0.357701
2585.37	0.357773
2586.37	0.357945
2587.38	0.358003
2588.39	0.35819
2589.39	0.358319
2590.4	0.358362
2591.41	0.35852
2592.41	0.358549
2593.41	0.358736
2594.43	0.358865
2595.45	0.358937
2596.47	0.359052
2597.48	0.359181
2598.49	0.359239
2599.49	0.359282
2600.49	0.359411
2601.5	0.359569
2602.5	0.35977
2603.51	0.359914
2604.52	0.360072
2605.53	0.360201
2606.53	0.360316
2607.53	0.360402
2608.54	0.360474
2609.57	0.360675
2610.58	0.36079
2611.59	0.361006
2612.59	0.361193
2613.62	0.361264
2614.63	0.361322
2615.65	0.361394
2616.65	0.361537
2617.66	0.36158
2618.66	0.361695
2619.67	0.361767
2620.7	0.36194
2621.71	0.362083
2622.71	0.362241
2623.72	0.362356
2624.72	0.362471
2625.73	0.362629
2626.74	0.362773
2627.75	0.362874
2628.75	0.363003
2629.77	0.363261
2630.81	0.363405
2631.81	0.363477
2632.82	0.363649
2633.82	0.363764
2634.84	0.363822
2635.86	0.363879
2636.87	0.363966
2637.88	0.364267
2638.88	0.364368
2639.89	0.364526
2640.89	0.364626
2641.9	0.364799
2642.9	0.364914
2643.91	0.365072
2644.91	0.365216
2645.92	0.365402
2646.92	0.365489
2647.92	0.365661
2648.92	0.365891
2649.92	0.366006
2650.92	0.366149
2651.94	0.366236
2652.95	0.366451
2653.97	0.366552
2654.97	0.366638
2655.97	0.366695
2656.99	0.366753
2657.99	0.36694
2659.01	0.367026
2660.03	0.367112
2661.03	0.367227
2662.04	0.367299
2663.05	0.367471
2664.07	0.367629
2665.07	0.367787
2666.07	0.367931
2667.09	0.368089
2668.09	0.368204
2669.09	0.368362
2670.1	0.368434
2671.1	0.368578
2672.12	0.368736
2673.13	0.368865
2674.15	0.369066
2675.16	0.36921
2676.16	0.369411
2677.18	0.369555
2678.2	0.369713
2679.21	0.369842
2680.21	0.369957
2681.21	0.370072
2682.22	0.370187
2683.22	0.370345
2684.24	0.370445
2685.24	0.370589
2686.24	0.37079
2687.25	0.370963
2688.25	0.371063
2689.25	0.371193
2690.26	0.371336
2691.26	0.371451
2692.27	0.37158
2693.29	0.37171
2694.29	0.371753
2695.29	0.371839
2696.3	0.371911
2697.3	0.372069
2698.3	0.372213
2699.31	0.372457
2700.31	0.372557
2701.33	0.372744
2702.34	0.372874
2703.36	0.37296
2704.38	0.373103
2705.38	0.373247
2706.38	0.373362
2707.38	0.373621
2708.39	0.373807
2709.4	0.373908
2710.4	0.374052
2711.41	0.374124
2712.42	0.374253
2713.42	0.374368
2714.43	0.374526
2715.44	0.374698
2716.44	0.374784
2717.45	0.374914
2718.45	0.375
2719.46	0.375115
2720.47	0.375216
2721.49	0.375359
2722.5	0.375431
2723.5	0.375603
2724.51	0.375761
2725.51	0.375862
2726.52	0.375991
2727.53	0.376034
2728.53	0.376063
2729.53	0.376207
2730.54	0.376365
2731.56	0.376494
2732.56	0.37658
2733.56	0.376724
2734.57	0.37681
2735.57	0.376925
2736.57	0.37704
2737.57	0.377227
2738.57	0.377328
2739.61	0.377399
2740.63	0.377486
2741.63	0.377572
2742.64	0.377672
2743.66	0.377816
2744.68	0.377859
2745.69	0.377989
2746.7	0.378118
2747.72	0.378261
2748.72	0.378305
2749.73	0.378477
2750.73	0.378664
2751.73	0.378836
2752.73	0.378922
2753.73	0.37898
2754.75	0.379095
2755.77	0.379224
2756.77	0.379425
2757.79	0.379483
2758.79	0.379555
2759.8	0.379842
2760.8	0.380043
2761.83	0.380201
2762.84	0.380417
2763.87	0.38056
2764.89	0.380733
2765.91	0.380848
2766.91	0.381006
2767.91	0.381121
2768.92	0.381149
2769.92	0.381236
2770.93	0.381379
2771.93	0.381523
2772.94	0.381652
2773.95	0.381782
2774.96	0.381897
2775.98	0.38194
2777.01	0.382026
2778.01	0.38217
2779.04	0.38227
2780.04	0.382385
2781.05	0.382428
2782.06	0.382572
2783.07	0.382672
2784.07	0.38283
2785.08	0.382974
2786.08	0.38306
2787.08	0.383204
2788.09	0.38329
2789.09	0.383348
2790.1	0.383391
2791.11	0.383477
2792.11	0.383549
2793.11	0.383664
2794.12	0.383779
2795.12	0.383894
2796.12	0.384037
2797.13	0.384181
2798.13	0.384325
2799.14	0.384483
2800.15	0.38454
2801.15	0.384684
2802.15	0.384943
2803.16	0.385115
2804.16	0.385244
2805.17	0.38546
2806.17	0.385546
2807.18	0.385618
2808.21	0.38579
2809.21	0.385876
2810.22	0.38602
2811.23	0.386106
2812.23	0.386164
2813.23	0.386322
2814.24	0.38648
2815.25	0.386552
2816.26	0.386753
2817.26	0.386882
2818.27	0.387055
2819.27	0.387126
2820.27	0.387241
2821.28	0.387356
2822.29	0.387428
2823.29	0.387514
2824.32	0.387672
2825.32	0.387701
2826.33	0.387888
2827.33	0.387945
2828.33	0.388075
2829.34	0.388261
2830.34	0.388362
2831.35	0.388463
2832.35	0.388621
2833.35	0.38875
2834.35	0.388894
2835.36	0.389009
2836.38	0.38908
2837.38	0.389267
2838.38	0.38944
2839.41	0.38967
2840.41	0.389756
2841.41	0.389871
2842.42	0.389899
2843.44	0.389986
2844.45	0.390086
2845.45	0.390244
2846.46	0.390374
2847.5	0.390474
2848.5	0.390546
2849.5	0.390647
2850.51	0.39079
2851.52	0.390862
2852.53	0.39102
2853.53	0.391121
2854.53	0.391193
2855.53	0.391307
2856.53	0.39148
2857.54	0.391638
2858.55	0.391739
2859.55	0.391853
2860.55	0.392026
2861.55	0.392198
2862.56	0.392342
2863.56	0.392457
2864.58	0.392572
2865.58	0.392658
2866.58	0.392744
2867.58	0.392874
2868.58	0.393003
2869.6	0.393147
2870.61	0.393319
2871.61	0.393506
2872.61	0.393649
2873.63	0.393779
2874.63	0.393908
2875.63	0.394009
2876.64	0.394138
2877.65	0.394239
2878.65	0.39431
2879.66	0.394411
2880.67	0.394583
2881.67	0.394655
2882.67	0.394741
2883.67	0.394899
2884.69	0.394986
2885.69	0.395043
2886.7	0.395244
2887.71	0.395374
2888.71	0.395575
2889.71	0.395661
2890.72	0.395718
2891.73	0.395848
2892.74	0.395948
2893.74	0.396063
2894.75	0.396178
2895.77	0.396307
2896.77	0.396494
2897.78	0.396638
2898.79	0.39681
2899.79	0.396925
2900.8	0.397055
2901.8	0.397155
2902.8	0.397256
2903.81	0.397371
2904.82	0.3975
2905.82	0.397615
2906.84	0.397716
2907.84	0.397802
2908.84	0.397931
2909.85	0.398032
2910.85	0.39819
2911.86	0.398376
2912.87	0.398506
2913.87	0.398606
2914.87	0.39875
2915.88	0.398937
2916.89	0.399009
2917.89	0.399095
2918.9	0.399224
2919.91	0.399325
2920.93	0.399425
2921.93	0.399555
2922.93	0.399641
2923.94	0.39977
2924.94	0.399885
2925.94	0.400014
2926.95	0.400144
2927.99	0.400316
2928.99	0.400417
2929.99	0.400489
2931.01	0.400589
2932.02	0.400647
2933.03	0.400718
2934.04	0.400819
2935.04	0.400905
2936.05	0.401034
2937.06	0.401207
2938.06	0.401336
2939.06	0.401466
2940.06	0.401624
2941.09	0.401681
2942.09	0.401839
2943.11	0.401954
2944.11	0.402069
2945.11	0.402198
2946.11	0.402299
2947.12	0.402385
2948.13	0.4025
2949.13	0.402601
2950.13	0.402716
2951.14	0.402874
2952.14	0.403032
2953.14	0.403103
2954.14	0.40329
2955.15	0.403348
2956.15	0.403434
2957.16	0.403549
2958.16	0.403664
2959.17	0.403764
2960.18	0.403879
2961.19	0.404023
2962.19	0.404066
2963.22	0.404138
2964.23	0.404296
2965.23	0.404411
2966.23	0.404497
2967.24	0.404655
2968.24	0.404856
2969.24	0.404986
2970.24	0.405043
2971.24	0.405158
2972.25	0.405273
2973.25	0.405417
2974.25	0.405546
2975.25	0.405632
2976.25	0.405733
2977.26	0.405876
2978.28	0.40602
2979.28	0.406164
2980.29	0.406264
2981.29	0.406322
2982.3	0.406552
2983.3	0.40671
2984.31	0.406853
2985.31	0.406911
2986.32	0.406968
2987.33	0.407126
2988.34	0.407184
2989.38	0.407284
2990.38	0.407356
2991.38	0.407486
2992.38	0.407629
2993.39	0.40773
2994.4	0.407787
2995.4	0.407945
2996.4	0.40806
2997.41	0.408218
2998.41	0.40829
2999.41	0.408376
3000.42	0.408463
3001.42	0.408563
3002.43	0.408707
3003.44	0.408836
3004.45	0.408922
3005.45	0.40908
3006.45	0.40921
3007.45	0.409339
3008.45	0.409425
3009.46	0.409641
3010.46	0.40977
3011.46	0.409899
3012.46	0.410115
3013.48	0.410216
3014.49	0.41033
3015.49	0.410417
3016.5	0.410517
3017.51	0.410618
3018.51	0.410761
3019.52	0.410833
3020.52	0.410905
3021.54	0.411164
3022.55	0.411322
3023.57	0.411537
3024.57	0.411638
3025.58	0.411753
3026.59	0.411983
3027.59	0.412055
3028.59	0.412213
3029.59	0.412313
3030.61	0.412428
3031.61	0.412529
3032.61	0.412658
3033.61	0.412787
3034.62	0.412917
3035.63	0.413003
3036.63	0.413046
3037.63	0.413276
3038.63	0.413276
3039.63	0.41342
3040.64	0.413621
3041.64	0.413664
3042.64	0.41375
3043.65	0.413851
3044.65	0.414052
3045.66	0.414138
3046.67	0.414253
3047.68	0.414325
3048.68	0.414497
3049.69	0.414641
3050.69	0.414784
3051.72	0.414899
3052.73	0.415072
3053.74	0.415187
3054.75	0.415316
3055.76	0.415402
3056.76	0.415618
3057.77	0.415747
3058.77	0.415948
3059.78	0.415991
3060.78	0.416106
3061.78	0.416293
3062.79	0.416336
3063.8	0.416365
3064.81	0.416552
3065.81	0.416667
3066.81	0.416782
3067.81	0.416954
3068.81	0.41704
3069.82	0.417083
3070.82	0.417241
3071.83	0.417342
3072.83	0.417399
3073.83	0.417514
3074.84	0.417658
3075.85	0.417701
3076.86	0.417759
3077.86	0.417874
3078.86	0.418075
3079.91	0.418233
3080.91	0.418362
3081.91	0.41852
3082.92	0.418693
3083.93	0.418822
3084.94	0.418937
3085.94	0.41908
3086.94	0.41921
3087.94	0.419368
3088.95	0.419598
3089.95	0.419713
3090.96	0.419842
3091.96	0.419899
3092.98	0.420014
3093.98	0.420129
3094.98	0.42023
3095.98	0.42046
3097	0.420546
3098.01	0.420575
3099.01	0.42069
3100.02	0.420776
3101.02	0.420891
3102.04	0.421063
3103.04	0.421351
3104.05	0.421466
3105.05	0.421609
3106.06	0.421796
3107.06	0.421954
3108.07	0.422069
3109.07	0.422227
3110.08	0.422328
3111.08	0.4225
3112.1	0.422586
3113.11	0.422716
3114.11	0.422859
3115.11	0.422917
3116.11	0.422989
3117.11	0.423103
3118.11	0.423204
3119.11	0.42329
3120.12	0.423391
3121.12	0.42352
3122.12	0.423678
3123.12	0.423693
3124.14	0.423922
3125.14	0.424124
3126.15	0.424253
3127.16	0.424397
3128.16	0.424511
3129.17	0.424626
3130.18	0.424727
3131.18	0.424813
3132.19	0.425029
3133.19	0.425144
3134.19	0.425244
3135.2	0.425316
3136.2	0.425431
3137.21	0.425575
3138.24	0.425675
3139.24	0.425805
3140.24	0.425905
3141.26	0.425963
3142.26	0.426063
3143.26	0.426264
3144.27	0.426422
3145.27	0.42658
3146.28	0.426681
3147.28	0.426825
3148.29	0.426897
3149.29	0.426983
3150.29	0.427069
3151.31	0.427227
3152.31	0.427313
3153.32	0.427457
3154.34	0.427615
3155.35	0.427759
3156.36	0.427845
3157.36	0.42796
3158.37	0.428075
3159.38	0.428218
3160.39	0.42829
3161.41	0.428477
3162.41	0.428563
3163.42	0.428707
3164.42	0.428836
3165.43	0.428879
3166.43	0.428994
3167.44	0.429124
3168.45	0.429224
3169.46	0.42931
3170.46	0.429454
3171.47	0.429497
3172.47	0.429583
3173.47	0.429598
3174.47	0.429684
3175.47	0.429828
3176.48	0.429971
3177.48	0.430086
3178.48	0.43033
3179.5	0.430431
3180.52	0.430503
3181.52	0.430675
3182.53	0.430805
3183.53	0.430891
3184.54	0.431034
3185.54	0.43125
3186.54	0.431408
3187.55	0.431523
3188.55	0.431638
3189.56	0.431753
3190.56	0.431968
3191.57	0.432069
3192.58	0.43217
3193.58	0.432385
3194.6	0.432543
3195.6	0.432601
3196.6	0.432744
3197.61	0.432802
3198.61	0.432931
3199.62	0.432989
3200.62	0.433132
3201.63	0.433261
3202.63	0.433405
3203.64	0.433506
3204.65	0.433578
3205.65	0.433721
3206.66	0.433851
3207.67	0.433951
3208.67	0.434023
3209.67	0.434124
3210.68	0.434253
3211.69	0.434339
3212.7	0.434468
3213.7	0.434497
3214.7	0.434555
3215.71	0.434641
3216.72	0.434813
3217.72	0.434914
3218.72	0.435115
3219.76	0.435201
3220.76	0.435273
3221.76	0.435445
3222.76	0.435546
3223.77	0.435603
3224.78	0.435675
3225.79	0.435733
3226.79	0.435862
3227.79	0.435948
3228.8	0.436063
3229.8	0.436106
3230.8	0.43625
3231.8	0.436394
3232.81	0.436494
3233.81	0.436609
3234.83	0.436695
3235.83	0.43681
3236.83	0.436925
3237.84	0.437112
3238.85	0.437256
3239.87	0.437443
3240.87	0.437615
3241.88	0.437716
3242.88	0.437931
3243.88	0.438089
3244.89	0.438161
3245.9	0.438276
3246.9	0.438362
3247.91	0.438477
3248.92	0.438563
3249.94	0.438649
3250.94	0.438865
3251.95	0.438951
3252.95	0.439124
3253.95	0.439282
3254.95	0.439425
3255.95	0.439526
3256.95	0.439612
3257.96	0.439756
3258.96	0.439885
3259.97	0.439957
3260.97	0.440057
3261.97	0.440172
3262.97	0.440244
3263.98	0.440316
3264.98	0.440431
3265.99	0.44056
3267	0.440733
3268.01	0.44079
3269.01	0.440963
3270.01	0.441063
3271.02	0.441164
3272.02	0.441336
3273.02	0.441494
3274.03	0.441595
3275.03	0.441724
3276.06	0.441839
3277.06	0.441968
3278.06	0.442083
3279.06	0.442241
3280.08	0.442328
3281.08	0.442399
3282.08	0.4425
3283.08	0.442572
3284.08	0.442687
3285.08	0.44283
3286.09	0.442974
3287.1	0.443075
3288.1	0.443261
3289.1	0.443376
3290.1	0.443477
3291.1	0.443635
3292.11	0.443764
3293.12	0.443937
3294.13	0.444066
3295.14	0.444109
3296.14	0.444239
3297.14	0.444282
3298.15	0.444425
3299.15	0.444526
3300.15	0.44467
3301.15	0.444842
3302.15	0.444971
3303.16	0.445101
3304.16	0.445216
3305.17	0.445316
3306.17	0.44546
3307.17	0.445632
3308.18	0.445718
3309.19	0.445862
3310.19	0.445905
3311.19	0.445991
3312.2	0.446106
3313.2	0.446379
3314.22	0.446509
3315.22	0.446638
3316.23	0.446767
3317.23	0.446897
3318.24	0.446954
3319.25	0.44704
3320.25	0.447098
3321.26	0.447198
3322.26	0.447256
3323.27	0.447313
3324.27	0.447414
3325.27	0.447529
3326.27	0.447672
3327.27	0.447816
3328.28	0.447902
3329.28	0.448017
3330.28	0.448147
3331.29	0.448233
3332.29	0.448362
3333.29	0.448477
3334.3	0.44875
3335.3	0.448822
3336.31	0.448994
3337.31	0.449037
3338.31	0.449195
3339.31	0.449325
3340.32	0.449411
3341.33	0.449497
3342.33	0.449569
3343.34	0.449641
3344.35	0.449727
3345.35	0.449871
3346.35	0.449957
3347.35	0.450043
3348.36	0.450115
3349.36	0.450287
3350.36	0.45046
3351.38	0.450589
3352.38	0.450833
3353.39	0.451034
3354.39	0.451106
3355.39	0.45125
3356.39	0.451365
3357.4	0.451509
3358.4	0.451624
3359.41	0.451667
3360.41	0.451753
3361.42	0.451954
3362.43	0.452011
3363.44	0.452126
3364.45	0.452213
3365.45	0.452328
3366.45	0.452414
3367.45	0.452572
3368.46	0.452658
3369.46	0.452845
3370.46	0.45296
3371.47	0.45306
3372.47	0.453204
3373.48	0.453362
3374.48	0.453448
3375.48	0.453635
3376.48	0.453779
3377.49	0.453922
3378.49	0.45408
3379.49	0.454124
3380.5	0.454181
3381.5	0.454282
3382.5	0.454411
3383.5	0.454526
3384.51	0.454626
3385.51	0.454784
3386.52	0.454828
3387.52	0.454914
3388.53	0.455014
3389.53	0.455115
3390.53	0.455144
3391.54	0.455273
3392.54	0.455417
3393.55	0.455532
3394.55	0.455632
3395.55	0.455704
3396.56	0.455833
3397.56	0.455934
3398.56	0.456049
3399.56	0.456121
3400.57	0.456221
3401.57	0.456365
3402.59	0.456509
3403.59	0.456652
3404.59	0.456796
3405.6	0.456897
3406.6	0.457055
3407.61	0.457155
3408.61	0.457299
3409.61	0.4575
3410.62	0.457557
3411.62	0.457687
3412.63	0.457787
3413.63	0.457902
3414.63	0.458003
3415.64	0.458132
3416.65	0.458276
3417.65	0.458362
3418.65	0.45852
3419.65	0.458635
3420.65	0.458764
3421.66	0.458922
3422.68	0.458994
3423.69	0.45908
3424.7	0.459253
3425.7	0.459425
3426.7	0.459526
3427.7	0.459641
3428.7	0.459784
3429.72	0.459899
3430.72	0.46
3431.72	0.460086
3432.73	0.460144
3433.74	0.460201
3434.74	0.460273
3435.74	0.460345
3436.76	0.460489
3437.77	0.460632
3438.77	0.460862
3439.77	0.461034
3440.77	0.461106
3441.77	0.461221
3442.78	0.461394
3443.79	0.461494
3444.8	0.461638
3445.81	0.461767
3446.81	0.461853
3447.83	0.461968
3448.85	0.46204
3449.86	0.462141
3450.86	0.462213
3451.88	0.462284
3452.88	0.462428
3453.88	0.462601
3454.89	0.462759
3455.89	0.462787
3456.89	0.462931
3457.89	0.46306
3458.9	0.463118
3459.9	0.463233
3460.9	0.46342
3461.91	0.463506
3462.94	0.463678
3463.94	0.463822
3464.95	0.463966
3465.95	0.464138
3466.96	0.46421
3467.96	0.464368
3468.96	0.464468
3469.97	0.464555
3470.97	0.464698
3471.97	0.464799
3472.97	0.464899
3473.98	0.465057
3474.99	0.465101
3475.99	0.465244
3477	0.46533
3478.01	0.465445
3479.02	0.465532
3480.02	0.465603
3481.02	0.46569
3482.03	0.465819
3483.03	0.46592
3484.03	0.465963
3485.03	0.466106
3486.04	0.466164
3487.04	0.466221
3488.04	0.466351
3489.04	0.466394
3490.05	0.466609
3491.06	0.466724
3492.06	0.466782
3493.07	0.466954
3494.08	0.467069
3495.09	0.467198
3496.09	0.467385
3497.1	0.467471
3498.1	0.467529
3499.1	0.467716
3500.11	0.467845
3501.11	0.467888
3502.11	0.467989
3503.11	0.468046
3504.11	0.468103
3505.12	0.468161
3506.12	0.46829
3507.14	0.468491
3508.15	0.468606
3509.15	0.468707
3510.15	0.468851
3511.16	0.469009
3512.16	0.469095
3513.17	0.469224
3514.18	0.469325
3515.18	0.469425
3516.19	0.469468
3517.19	0.469641
3518.2	0.469756
3519.2	0.469813
3520.2	0.469928
3521.21	0.470029
3522.22	0.470057
3523.22	0.470101
3524.22	0.470187
3525.23	0.470259
3526.23	0.470374
3527.24	0.470431
3528.24	0.470532
3529.25	0.470603
3530.25	0.470704
3531.25	0.470833
3532.25	0.470948
3533.25	0.471049
3534.25	0.471135
3535.26	0.471221
3536.26	0.471394
3537.26	0.471552
3538.26	0.471667
3539.26	0.471767
3540.29	0.471925
3541.29	0.472083
3542.3	0.472198
3543.31	0.472284
3544.32	0.472428
3545.33	0.472572
3546.33	0.472687
3547.34	0.472773
3548.34	0.472859
3549.35	0.473046
3550.35	0.473218
3551.35	0.473261
3552.36	0.473463
3553.36	0.473635
3554.36	0.473721
3555.36	0.473879
3556.36	0.474009
3557.37	0.474124
3558.38	0.474224
3559.38	0.474382
3560.38	0.474454
3561.38	0.474598
3562.38	0.474684
3563.39	0.474842
3564.39	0.474871
3565.39	0.474943
3566.39	0.474986
3567.39	0.475043
3568.39	0.475187
3569.39	0.475216
3570.4	0.475287
3571.42	0.475388
3572.42	0.475532
3573.42	0.47569
3574.42	0.475833
3575.43	0.475891
3576.44	0.475977
3577.44	0.476092
3578.44	0.47625
3579.45	0.476322
3580.45	0.476466
3581.46	0.476552
3582.46	0.47671
3583.46	0.476767
3584.48	0.476853
3585.49	0.476997
3586.5	0.477155
3587.5	0.477256
3588.5	0.477414
3589.5	0.477529
3590.51	0.477629
3591.51	0.47773
3592.52	0.477902
3593.52	0.47806
3594.53	0.478118
3595.53	0.478147
3596.53	0.478276
3597.54	0.478391
3598.54	0.478491
3599.57	0.478592
3600.57	0.478678
3601.57	0.478764
3602.57	0.478894
3603.59	0.479095
3604.59	0.479181
3605.6	0.479282
3606.6	0.479368
3607.6	0.479497
3608.61	0.47954
3609.61	0.47967
3610.61	0.479799
3611.62	0.480043
3612.62	0.480129
3613.63	0.480172
3614.63	0.480259
3615.64	0.480359
3616.64	0.480532
3617.64	0.480661
3618.66	0.480805
3619.66	0.480891
3620.66	0.480991
3621.66	0.481063
3622.66	0.481236
3623.67	0.481307
3624.67	0.481379
3625.67	0.481451
3626.68	0.481466
3627.69	0.481595
3628.69	0.481695
3629.69	0.481796
3630.69	0.481983
3631.69	0.482112
3632.7	0.482299
3633.71	0.482356
3634.72	0.482486
3635.72	0.482601
3636.72	0.482759
3637.72	0.482859
3638.73	0.48296
3639.74	0.483147
3640.74	0.483218
3641.74	0.483362
3642.74	0.48352
3643.74	0.483635
3644.75	0.483721
3645.75	0.483894
3646.75	0.484009
3647.75	0.484167
3648.76	0.484339
3649.76	0.48444
3650.77	0.48454
3651.77	0.484655
3652.78	0.484741
3653.78	0.484885
3654.78	0.485043
3655.78	0.485072
3656.78	0.485273
3657.78	0.485359
3658.79	0.485431
3659.8	0.485503
3660.8	0.485647
3661.81	0.485747
3662.81	0.485833
3663.81	0.485905
3664.81	0.486006
3665.82	0.48625
3666.83	0.486437
3667.83	0.486552
3668.84	0.486681
3669.84	0.486753
3670.84	0.48681
3671.86	0.486839
3672.86	0.486925
3673.86	0.487069
3674.87	0.487241
3675.87	0.487328
3676.88	0.487414
3677.89	0.4875
3678.89	0.487701
3679.9	0.487802
3680.9	0.487917
3681.91	0.488003
3682.91	0.488118
3683.92	0.488233
3684.92	0.488348
3685.92	0.488405
3686.92	0.48852
3687.92	0.488649
3688.93	0.488721
3689.93	0.488807
3690.93	0.488951
3691.93	0.489066
3692.94	0.489239
3693.94	0.489339
3694.94	0.489411
3695.94	0.489483
3696.94	0.489598
3697.94	0.489698
3698.94	0.489871
3699.94	0.489971
3700.94	0.490072
3701.95	0.490201
3702.95	0.490302
3703.96	0.49046
3704.96	0.49056
3705.96	0.490661
3706.96	0.49079
3707.96	0.490891
3708.97	0.49102
3709.97	0.491106
3710.98	0.491207
3711.99	0.491307
3713	0.491422
3714	0.491509
3715.01	0.491667
3716.01	0.491739
3717.01	0.491767
3718.02	0.491825
3719.02	0.491868
3720.02	0.492026
3721.02	0.492069
3722.02	0.492198
3723.03	0.49227
3724.03	0.492443
3725.03	0.492557
3726.03	0.492687
3727.04	0.492802
3728.04	0.492859
3729.05	0.492931
3730.05	0.492974
3731.05	0.49306
3732.05	0.493233
3733.05	0.493362
3734.06	0.493477
3735.06	0.493635
3736.06	0.493807
3737.06	0.493865
3738.07	0.493937
3739.07	0.494052
3740.08	0.494195
3741.08	0.494296
3742.08	0.494397
3743.08	0.494583
3744.09	0.494698
3745.09	0.494784
3746.1	0.494899
3747.1	0.494986
3748.1	0.495029
3749.1	0.495144
3750.1	0.495201
3751.11	0.495259
3752.11	0.49533
3753.11	0.495417
3754.11	0.495546
3755.11	0.49569
3756.13	0.495776
3757.13	0.495848
3758.13	0.495963
3759.13	0.496049
3760.14	0.496164
3761.14	0.496221
3762.14	0.496394
3763.14	0.496566
3764.14	0.496724
3765.15	0.496739
3766.16	0.496825
3767.17	0.496968
3768.17	0.497098
3769.17	0.49727
3770.17	0.497385
3771.17	0.497543
3772.18	0.497629
3773.18	0.497744
3774.18	0.497888
3775.19	0.497989
3776.2	0.498075
3777.2	0.498147
3778.22	0.498204
3779.22	0.498319
3780.24	0.498391
3781.25	0.498434
3782.25	0.498506
3783.25	0.498606
3784.25	0.498693
3785.27	0.498793
3786.27	0.498879
3787.27	0.498966
3788.28	0.49908
3789.28	0.499195
3790.28	0.49931
3791.29	0.499425
3792.29	0.499468
3793.29	0.499626
3794.3	0.49977
3795.3	0.499842
3796.3	0.500014
3797.31	0.500172
3798.31	0.500244
3799.31	0.50033
3800.31	0.500474
3801.35	0.50056
3802.35	0.500647
3803.35	0.500776
3804.36	0.500848
3805.36	0.501049
3806.36	0.501135
3807.36	0.501221
3808.36	0.501351
3809.36	0.501466
3810.37	0.501566
3811.37	0.501638
3812.37	0.501767
3813.37	0.501911
3814.38	0.50204
3815.38	0.502098
3816.38	0.502227
3817.4	0.502328
3818.4	0.502457
3819.4	0.502514
3820.4	0.502644
3821.41	0.502816
3822.41	0.502845
3823.41	0.503003
3824.41	0.503147
3825.41	0.503204
3826.41	0.503261
3827.41	0.503405
3828.42	0.503448
3829.43	0.503621
3830.43	0.503736
3831.43	0.503851
3832.44	0.50398
3833.44	0.504195
3834.44	0.50431
3835.44	0.504382
3836.44	0.504569
3837.44	0.504756
3838.45	0.504899
3839.45	0.504971
3840.45	0.505144
3841.46	0.505244
3842.48	0.50533
3843.48	0.505417
3844.48	0.505675
3845.5	0.505819
3846.5	0.505934
3847.51	0.50602
3848.51	0.50625
3849.51	0.506351
3850.52	0.506509
3851.52	0.506638
3852.52	0.506782
3853.52	0.506925
3854.52	0.507011
3855.53	0.507213
3856.53	0.507328
3857.54	0.507399
3858.54	0.5075
3859.54	0.507687
3860.56	0.507773
3861.56	0.507902
3862.57	0.508103
3863.57	0.508233
3864.57	0.508362
3865.57	0.508491
3866.58	0.508563
3867.58	0.508721
3868.58	0.508865
3869.61	0.509009
3870.61	0.509138
3871.62	0.509353
3872.62	0.509454
3873.62	0.509555
3874.63	0.509612
3875.63	0.50977
3876.64	0.509856
3877.64	0.509928
3878.64	0.510043
3879.64	0.510101
3880.64	0.510259
3881.64	0.510445
3882.65	0.510603
3883.65	0.510747
3884.65	0.510891
3885.65	0.510977
3886.66	0.511106
3887.66	0.511121
3888.66	0.511207
3889.66	0.511408
3890.67	0.511494
3891.67	0.511638
3892.69	0.51171
3893.69	0.511796
3894.69	0.511882
3895.7	0.511954
3896.7	0.512069
3897.7	0.51217
3898.7	0.512313
3899.71	0.5125
3900.71	0.512586
3901.71	0.512687
3902.71	0.512744
3903.72	0.512787
3904.73	0.512945
3905.73	0.513017
3906.73	0.513075
3907.73	0.513161
3908.73	0.513305
3909.74	0.513376
3910.75	0.513477
3911.76	0.513563
3912.76	0.513664
3913.76	0.513822
3914.76	0.513951
3915.76	0.514009
3916.77	0.514109
3917.78	0.514195
3918.78	0.514325
3919.79	0.514483
3920.79	0.514655
3921.79	0.514784
3922.79	0.514856
3923.79	0.514928
3924.8	0.515014
3925.8	0.515101
3926.81	0.515115
3927.81	0.515187
3928.82	0.515287
3929.83	0.515345
3930.83	0.51546
3931.83	0.515632
3932.84	0.51579
3933.84	0.515905
3934.84	0.51602
3935.85	0.516264
3936.85	0.516322
3937.85	0.516451
3938.86	0.516537
3939.86	0.516609
3940.86	0.516739
3941.86	0.51681
3942.87	0.516968
3943.87	0.517069
3944.87	0.517112
3945.88	0.517241
3946.88	0.517328
3947.88	0.517414
3948.88	0.517529
3949.89	0.517687
3950.89	0.51783
3951.89	0.517931
3952.89	0.518075
3953.89	0.518161
3954.89	0.518247
3955.9	0.518348
3956.91	0.518463
3957.91	0.518578
3958.91	0.518736
3959.91	0.518851
3960.91	0.518908
3961.92	0.519023
3962.93	0.519095
3963.93	0.519195
3964.93	0.519224
3965.94	0.519325
3966.96	0.519368
3967.96	0.519468
3968.96	0.519569
3969.97	0.519655
3970.98	0.519756
3971.98	0.519957
3972.99	0.520014
3973.99	0.520101
3975	0.520172
3976	0.520287
3977.01	0.520417
3978.01	0.52056
3979.01	0.520733
3980.01	0.520819
3981.02	0.520934
3982.02	0.521063
3983.02	0.521121
3984.02	0.521178
3985.03	0.521236
3986.03	0.521322
3987.03	0.521422
3988.04	0.521509
3989.04	0.521609
3990.05	0.521667
3991.05	0.521796
3992.06	0.52194
3993.06	0.521997
3994.06	0.522126
3995.07	0.522198
3996.07	0.522328
3997.07	0.522385
3998.07	0.522514
3999.08	0.522615
