time	scale_fac	average kmc radical concentration	ode radical concentration
1.56391  376.501 6.70977e-05 1.78214e-07 1111111
14.3224  67.175 5.47101e-06 8.1444e-08 0.0815379
27.001  20.7731 1.35698e-06 6.53239e-08 0.0202239
37.663  2.62958 1.53025e-07 5.81937e-08 0.00228063
48.0398  0.996612 5.32957e-08 5.34769e-08 0.0007943
59.3448  0.272979 1.35645e-08 4.96905e-08 0.00020216
69.5241  0.109385 5.14429e-09 4.70292e-08 7.66686e-05
79.8127  0.0518057 2.32215e-09 4.48243e-08 3.46086e-05
93.692  0.0224869 9.53229e-10 4.23904e-08 1.42066e-05
105.384  0.00711057 2.89315e-10 4.06881e-08 4.31185e-06
116.226  0.00362025 1.42355e-10 3.93219e-08 2.12161e-06
128.018  0.00273186 1.03859e-10 3.80177e-08 1.54788e-06
140.249  0.00201911 7.43539e-11 3.6825e-08 1.10814e-06
152.648  0.000343392 1.22764e-11 3.57504e-08 1.82963e-07
164.969  0.000171216 5.95704e-12 3.47926e-08 8.87816e-08
175.209  9.24238e-05 3.14858e-12 3.40668e-08 4.69253e-08
186.768  2.74467e-05 9.14328e-13 3.33128e-08 1.36268e-08
198.606  3.19773e-06 1.04255e-13 3.26028e-08 1.55378e-09
209.02  3.28174e-07 3.53278e-14 1.07649e-07 5.26512e-10
219.058  3.95266e-07 3.74359e-14 9.47107e-08 5.57932e-10
229.434  4.85247e-07 4.17418e-14 8.60218e-08 6.22105e-10
239.939  5.68613e-07 4.53229e-14 7.97077e-08 6.75475e-10
249.958  8.63856e-07 6.48499e-14 7.50703e-08 9.665e-10
260.993  1.09531e-06 7.77475e-14 7.09819e-08 1.15872e-09
271.182  1.51041e-06 1.02511e-13 6.78697e-08 1.52779e-09
281.329  1.19362e-06 7.78631e-14 6.52325e-08 1.16044e-09
292.443  1.03076e-06 6.46769e-14 6.27468e-08 9.63921e-10
303.156  1.66575e-06 1.01045e-13 6.06606e-08 1.50594e-09
313.162  2.47482e-06 1.45846e-13 5.89317e-08 2.17363e-09
323.353  2.24902e-06 1.2898e-13 5.73495e-08 1.92227e-09
334.604  2.45509e-06 1.36935e-13 5.57761e-08 2.04084e-09
344.64  2.0548e-06 1.11991e-13 5.45022e-08 1.66908e-09
354.736  2.82472e-06 1.50629e-13 5.33254e-08 2.24492e-09
365.355  3.1663e-06 1.65235e-13 5.21855e-08 2.4626e-09
376.001  1.86494e-06 9.53549e-14 5.11302e-08 1.42114e-09
387.588  2.36847e-06 1.18585e-13 5.00683e-08 1.76735e-09
397.592  2.66548e-06 1.31182e-13 4.92153e-08 1.9551e-09
407.697  4.78463e-06 5.08075e-13 1.06189e-07 7.57216e-09
417.762  1.19916e-05 1.19324e-12 9.9506e-08 1.77836e-08
427.763  1.79811e-05 1.69421e-12 9.42217e-08 2.52499e-08
437.776  2.81334e-05 2.52823e-12 8.98657e-08 3.76798e-08
448.078  6.78851e-05 5.84438e-12 8.60921e-08 8.71025e-08
458.154  0.000182345 1.51209e-11 8.29244e-08 2.25356e-07
468.224  0.000549556 4.40524e-11 8.016e-08 6.56541e-07
478.506  0.00120158 9.33232e-11 7.76673e-08 1.39086e-06
488.737  0.00245032 1.8489e-10 7.54556e-08 2.75554e-06
498.78  0.00635114 4.66806e-10 7.34996e-08 6.95711e-06
508.984  0.0117323 8.41152e-10 7.16952e-08 1.25362e-05
519.005  0.0169587 1.18839e-09 7.00758e-08 1.77114e-05
529.056  0.0539469 3.69979e-09 6.85821e-08 5.51403e-05
539.111  0.150717 1.01284e-08 6.72012e-08 0.000150949
549.264  0.349332 2.30236e-08 6.59074e-08 0.000343135
559.936  0.999883 6.46356e-08 6.46431e-08 0.000963306
570.047  2.03787 1.29457e-07 6.35255e-08 0.00192938
580.198  5.05587 3.15855e-07 6.2473e-08 0.00470739
590.378  15.1466 9.31218e-07 6.14803e-08 0.0138785
600.496  25.4121 2.80579e-06 1.10412e-07 0.0418166
610.766  74.5891 7.86914e-06 1.055e-07 0.117279
620.887  201.382 2.04165e-05 1.01382e-07 0.304281
630.891  441.595 4.32112e-05 9.78524e-08 0.644004
640.916  824.993 7.81602e-05 9.47404e-08 1.16487
651.234  1279.91 0.000117618 9.18953e-08 1.75294
661.238  1234.31 0.000110373 8.94214e-08 1.64497
671.277  1798.47 0.000156779 8.71737e-08 2.33658
681.36  2065.04 0.000175768 8.51161e-08 2.61958
691.489  2054.32 0.000170964 8.32215e-08 2.54799
701.519  2077.13 0.000169271 8.14926e-08 2.52276
711.531  2513.8 0.000200837 7.98936e-08 2.9932
721.693  2713.63 0.000212707 7.83848e-08 3.17011
731.712  1682.47 0.000129544 7.69965e-08 1.93068
741.764  1519.08 0.000114982 7.56917e-08 1.71364
751.871  1364.88 0.000101628 7.44592e-08 1.51462
761.998  1470.35 0.000107771 7.32961e-08 1.60618
772.148  1230.32 8.88235e-05 7.21957e-08 1.32379
782.21  1399.41 9.95865e-05 7.11631e-08 1.4842
792.484  980.074 6.87652e-05 7.01633e-08 1.02485
802.548  709.555 7.854e-05 1.10689e-07 1.17053
812.551  733.029 7.86796e-05 1.07335e-07 1.17261
822.648  536.598 5.59707e-05 1.04307e-07 0.834168
832.751  478.141 4.85671e-05 1.01575e-07 0.723827
842.761  490.646 4.86304e-05 9.9115e-08 0.72477
852.787  395.244 3.82836e-05 9.68607e-08 0.570565
862.812  350.997 3.327e-05 9.47871e-08 0.495844
872.813  314.035 2.91658e-05 9.28746e-08 0.434677
882.82  330.07 3.00686e-05 9.10976e-08 0.448131
892.845  308.631 2.76033e-05 8.9438e-08 0.41139
902.864  316.228 2.77922e-05 8.78866e-08 0.414205
912.891  300.338 2.59581e-05 8.64297e-08 0.38687
923.024  295.622 2.51411e-05 8.50445e-08 0.374694
933.087  324.456 2.71723e-05 8.37472e-08 0.404966
943.108  316.679 2.6134e-05 8.25253e-08 0.389492
953.126  358.035 2.91323e-05 8.13672e-08 0.434177
963.189  296.925 2.38319e-05 8.02624e-08 0.355182
973.207  395.268 3.13113e-05 7.92155e-08 0.466653
983.224  380.282 2.97447e-05 7.82176e-08 0.443305
993.241  466.552 3.6048e-05 7.72647e-08 0.537246
1003.26  367.091 4.13157e-05 1.12549e-07 0.615755
1013.27  384.78 4.22904e-05 1.09908e-07 0.63028
1023.28  425.515 4.57368e-05 1.07486e-07 0.681645
1033.3  422.827 4.4501e-05 1.05246e-07 0.663227
1043.31  573.835 5.92059e-05 1.03176e-07 0.882383
1053.32  582.564 5.89827e-05 1.01247e-07 0.879056
1063.39  771.798 7.67438e-05 9.9435e-08 1.14376
1073.41  838.207 8.19325e-05 9.77473e-08 1.22109
1083.42  821.9 7.90345e-05 9.61607e-08 1.1779
1093.42  849.672 8.04364e-05 9.46676e-08 1.1988
1103.43  1024.14 9.5506e-05 9.32551e-08 1.42339
1113.44  1226.4 0.000112729 9.19188e-08 1.68007
1123.44  1295.95 0.000117478 9.06503e-08 1.75086
1133.45  1376.95 0.00012316 8.94435e-08 1.83553
1143.45  1358.66 0.000119962 8.82945e-08 1.78788
1153.46  1347.46 0.000117495 8.71977e-08 1.7511
1163.49  1299.27 0.000111927 8.61462e-08 1.66812
1173.6  1093.55 9.30969e-05 8.5133e-08 1.38748
1183.6  1031.84 8.6852e-05 8.41717e-08 1.29441
1193.67  916.709 7.63103e-05 8.32438e-08 1.1373
1203.69  585.455 6.71899e-05 1.14765e-07 1.00137
1213.7  547.7 6.16512e-05 1.12564e-07 0.918827
1223.78  456.067 5.03939e-05 1.10497e-07 0.751053
1233.79  469.733 5.10017e-05 1.08576e-07 0.760111
1243.81  465.475 4.96997e-05 1.06772e-07 0.740707
1253.83  458.976 4.8226e-05 1.05073e-07 0.718743
1263.93  470.71 4.86985e-05 1.03458e-07 0.725785
1273.93  497.741 5.0742e-05 1.01945e-07 0.75624
1283.97  513.17 5.15759e-05 1.00504e-07 0.768668
1294.02  559.352 5.54516e-05 9.91354e-08 0.826431
1304.03  559.879 5.47772e-05 9.78375e-08 0.816379
1314.03  516.316 4.9876e-05 9.65997e-08 0.743334
1324.05  576.746 5.50308e-05 9.54159e-08 0.820159
1334.06  660.35 6.22613e-05 9.42853e-08 0.92792
1344.13  721.243 6.72162e-05 9.31949e-08 1.00177
1354.18  771.531 7.10977e-05 9.21515e-08 1.05961
1364.2  853.728 7.78195e-05 9.11525e-08 1.15979
1374.24  916.761 8.26832e-05 9.01906e-08 1.23228
1384.24  1062.35 9.48335e-05 8.92674e-08 1.41336
1394.3  1107.57 9.78802e-05 8.83735e-08 1.45877
1404.31  1036.1 0.000121213 1.1699e-07 1.80652
1414.32  1245.47 0.000143342 1.15091e-07 2.13632
1424.36  1212.71 0.000137393 1.13294e-07 2.04765
1434.38  1196.34 0.000133512 1.116e-07 1.98981
1444.39  1225.94 0.00013485 1.09997e-07 2.00975
1454.47  1389.48 0.000150711 1.08465e-07 2.24614
1464.48  1480.42 0.000158432 1.07019e-07 2.36122
1474.49  1770.77 0.000187063 1.05639e-07 2.78791
1484.5  1794 0.000187157 1.04324e-07 2.78931
1494.5  1795.58 0.000185065 1.03067e-07 2.75814
1504.51  1888.89 0.000192406 1.01862e-07 2.86755
1514.54  1840.56 0.000185354 1.00705e-07 2.76245
1524.58  1886.11 0.000187844 9.95934e-08 2.79955
1534.58  1884.72 0.000185698 9.85285e-08 2.76758
1544.59  2177.27 0.000212293 9.75042e-08 3.16394
1554.59  2250.64 0.000217226 9.65175e-08 3.23746
1564.59  2343.23 0.000223934 9.55665e-08 3.33744
1574.61  2729.51 0.000258342 9.46475e-08 3.85023
1584.61  2736.33 0.00025656 9.37605e-08 3.82368
1594.61  2585.19 0.000240172 9.29031e-08 3.57944
1604.62  2346.75 0.000279823 1.19239e-07 4.17038
1614.63  2603.73 0.000306087 1.17557e-07 4.56181
1624.66  2744.54 0.00031824 1.15954e-07 4.74293
1634.67  2735.22 0.000312996 1.14432e-07 4.66477
1644.68  2061.75 0.000232937 1.1298e-07 3.47161
1654.7  1948.41 0.000217425 1.11591e-07 3.24042
1664.72  1949.51 0.000214959 1.10263e-07 3.20367
1674.74  1929.7 0.000210319 1.0899e-07 3.13452
1684.74  1851.76 0.000199567 1.07772e-07 2.97428
1694.86  1724.17 0.000183775 1.06588e-07 2.73892
1704.88  1829.34 0.000192922 1.0546e-07 2.87524
1714.9  2054.33 0.000214422 1.04375e-07 3.19566
1724.9  1745.02 0.000180315 1.03331e-07 2.68735
1734.91  1478.93 0.000151329 1.02323e-07 2.25535
1744.92  1507.81 0.000152817 1.0135e-07 2.27752
1754.93  1560.14 0.000156652 1.00409e-07 2.33469
1764.96  1668.69 0.000166031 9.94977e-08 2.47447
1774.96  1585.33 0.000156342 9.86177e-08 2.33006
1784.99  1413.07 0.000138145 9.77625e-08 2.05886
1795.02  1383.79 0.000134136 9.69336e-08 1.99912
1805.06  1262.62 0.000153269 1.21389e-07 2.28426
1815.1  1230.02 0.00014744 1.19868e-07 2.19739
1825.1  1211.09 0.000143416 1.18419e-07 2.13741
1835.11  1344.85 0.000157389 1.17031e-07 2.34567
1845.12  1355.02 0.000156776 1.157e-07 2.33654
1855.12  1557.38 0.000178201 1.14424e-07 2.65584
1865.13  1741.18 0.000197093 1.13195e-07 2.9374
1875.15  1815.17 0.000203321 1.12012e-07 3.03023
1885.18  2101.64 0.000233013 1.10872e-07 3.47275
1895.19  2192.41 0.000240671 1.09774e-07 3.58687
1905.2  2014.59 0.000219016 1.08715e-07 3.26414
1915.21  2118.04 0.000228094 1.07691e-07 3.39944
1925.27  2221 0.000236973 1.06696e-07 3.53176
1935.29  2274.45 0.000240496 1.05738e-07 3.58427
1945.29  2303.07 0.000241388 1.04811e-07 3.59755
1955.32  2583.56 0.000268462 1.03911e-07 4.00106
1965.34  2644.28 0.000272464 1.03039e-07 4.06071
1975.34  2563.15 0.000261938 1.02194e-07 3.90382
1985.34  2828.71 0.000286754 1.01373e-07 4.27368
1995.36  2776.51 0.000279244 1.00574e-07 4.16176
2005.36  2503.15 0.000309066 1.23471e-07 4.6062
2015.39  2486.39 0.000303542 1.22081e-07 4.52388
2025.4  2676.69 0.000323212 1.2075e-07 4.81703
2035.41  2723.28 0.000325348 1.19469e-07 4.84887
2045.43  2872.03 0.000339576 1.18236e-07 5.06091
2055.44  2884.16 0.000337584 1.17047e-07 5.03123
2065.46  3063.96 0.000355112 1.159e-07 5.29246
2075.48  3313.14 0.00038032 1.14791e-07 5.66815
2085.49  3162.81 0.000359678 1.13721e-07 5.36052
2095.5  3308.4 0.00037281 1.12686e-07 5.55623
2105.51  3401.53 0.000379898 1.11684e-07 5.66187
2115.52  3708.17 0.000410544 1.10713e-07 6.1186
2125.53  3778.32 0.000414753 1.09772e-07 6.18133
2135.55  3783.85 0.000411904 1.08858e-07 6.13887
2145.56  3699.13 0.000399402 1.07972e-07 5.95254
2155.56  3159.68 0.000338438 1.07111e-07 5.04395
2165.57  2973.55 0.000316012 1.06274e-07 4.70973
2175.57  3068.42 0.000323596 1.0546e-07 4.82275
2185.58  2904.65 0.000304025 1.04668e-07 4.53108
2195.59  2963.26 0.000307872 1.03896e-07 4.58841
2205.59  2868.28 0.000359876 1.25468e-07 5.36347
2215.59  2868.49 0.000356232 1.24188e-07 5.30915
2225.62  2927.25 0.000359908 1.22951e-07 5.36395
2235.63  2766.53 0.00033685 1.21759e-07 5.0203
2245.63  2823.44 0.00034053 1.20608e-07 5.07514
2255.64  2859.03 0.000341638 1.19494e-07 5.09164
2265.64  2547.48 0.000301666 1.18418e-07 4.49592
2275.65  2491.17 0.000292398 1.17374e-07 4.35779
2285.65  2265.1 0.000263574 1.16363e-07 3.92822
2295.66  2323.5 0.00026809 1.15382e-07 3.99552
2305.69  2386.15 0.000273044 1.14428e-07 4.06934
2315.69  2254.71 0.000255918 1.13504e-07 3.81411
2325.7  2440.58 0.000274823 1.12606e-07 4.09587
2335.7  2588.05 0.000289168 1.11732e-07 4.30965
2345.7  2715.52 0.000301104 1.10883e-07 4.48755
2355.71  2483.69 0.000273343 1.10055e-07 4.0738
2365.71  2465.34 0.000269338 1.0925e-07 4.01411
2375.72  2336.26 0.000253402 1.08465e-07 3.77662
2385.73  2187.47 0.000235587 1.07698e-07 3.5111
2395.74  1941.15 0.000207609 1.06952e-07 3.09414
2405.75  1761.51 0.000224383 1.27381e-07 3.34413
2415.76  1890.98 0.000238618 1.26187e-07 3.55628
2425.76  2063.87 0.000258053 1.25034e-07 3.84593
2435.78  2220.54 0.000275156 1.23914e-07 4.10083
2445.79  2257.4 0.000277279 1.22831e-07 4.13247
2455.79  2326.33 0.000283306 1.21782e-07 4.22229
2465.81  2186.32 0.000264024 1.20762e-07 3.93492
2475.82  2263.55 0.000271114 1.19773e-07 4.04058
2485.83  2267.71 0.000269432 1.18813e-07 4.01552
2495.83  2187.77 0.000257893 1.17879e-07 3.84355
2505.85  2116.53 0.000247572 1.1697e-07 3.68972
2515.86  1993.92 0.000231467 1.16086e-07 3.4497
2525.86  2208.12 0.000254433 1.15226e-07 3.79198
2535.86  2084.9 0.000238488 1.14388e-07 3.55434
2545.87  2058.19 0.000233751 1.13571e-07 3.48374
2555.87  1854.97 0.000209194 1.12775e-07 3.11775
2565.87  1985.59 0.000222382 1.11998e-07 3.3143
2575.87  2099.66 0.000233565 1.1124e-07 3.48097
2585.88  2184.96 0.000241434 1.10498e-07 3.59824
2595.89  2294.41 0.000251867 1.09775e-07 3.75374
2605.89  2179.33 0.000281583 1.29206e-07 4.19661
2615.9  2106.91 0.000269866 1.28086e-07 4.02198
2625.9  1991.52 0.000252923 1.27e-07 3.76948
2635.91  2001.9 0.000252132 1.25946e-07 3.75769
2645.92  2304.97 0.000287943 1.24922e-07 4.2914
2655.92  2300.65 0.000285114 1.23927e-07 4.24923
2665.92  2241.59 0.000275628 1.22961e-07 4.10786
2675.93  2376.96 0.000290036 1.22019e-07 4.32259
2685.94  2574.38 0.000311767 1.21104e-07 4.64647
2695.95  2750.52 0.000330643 1.20211e-07 4.92778
2706  2841.09 0.000339051 1.19338e-07 5.05309
2716  2952.51 0.000349846 1.18491e-07 5.21398
2726  3015.72 0.000354845 1.17665e-07 5.28848
2736.01  3049.88 0.000356405 1.16859e-07 5.31173
2746.03  3225.65 0.000374402 1.1607e-07 5.57995
2756.03  3393.06 0.000391227 1.15302e-07 5.8307
2766.04  3604.94 0.000412947 1.1455e-07 6.15441
2776.04  3830.87 0.000436015 1.13816e-07 6.49821
2786.05  3675.22 0.000415659 1.13098e-07 6.19483
2796.07  3888.22 0.000437014 1.12394e-07 6.51309
2806.08  3825.79 0.000500956 1.30942e-07 7.46607
2816.09  3635.9 0.000472249 1.29885e-07 7.03823
2826.09  3554.08 0.000457974 1.28859e-07 6.82548
2836.09  3606.64 0.000461144 1.2786e-07 6.87273
2846.09  3694.52 0.000468791 1.26888e-07 6.98669
2856.1  3799.82 0.000478554 1.25941e-07 7.1322
2866.11  4030.53 0.000503894 1.25019e-07 7.50985
2876.11  4178.27 0.00051861 1.24121e-07 7.72918
2886.11  3847.47 0.000474182 1.23245e-07 7.06703
2896.12  4054.03 0.000496172 1.2239e-07 7.39477
2906.12  4064.96 0.000494119 1.21556e-07 7.36417
2916.13  4093.49 0.000494251 1.20741e-07 7.36613
2926.14  3871.57 0.000464376 1.19945e-07 6.92089
2936.14  3726.53 0.000444082 1.19168e-07 6.61844
2946.17  3986.05 0.000471971 1.18406e-07 7.03409
2956.17  3958.4 0.000465755 1.17662e-07 6.94144
2966.18  3847.8 0.000449942 1.16935e-07 6.70578
2976.19  3993.3 0.000464114 1.16223e-07 6.91699
2986.2  4174.66 0.00048228 1.15526e-07 7.18773
2996.21  4445.62 0.00051055 1.14843e-07 7.60906
3006.21  4238.89 0.000562103 1.32606e-07 8.37737
3016.21  4129.69 0.000543484 1.31604e-07 8.09989
3026.22  4148.9 0.000541964 1.30628e-07 8.07723
3036.22  4231.15 0.000548686 1.29678e-07 8.17743
3046.22  4178.43 0.000537978 1.28751e-07 8.01783
3056.24  4142.36 0.000529584 1.27846e-07 7.89272
3066.25  4216.17 0.0005353 1.26964e-07 7.97792
3076.25  4049.43 0.000510645 1.26103e-07 7.61047
3086.26  4359.29 0.000546053 1.25262e-07 8.13818
3096.27  4474.42 0.000556796 1.2444e-07 8.29829
3106.27  4527.37 0.00055975 1.23637e-07 8.34231
3116.28  4748.9 0.000583412 1.22852e-07 8.69497
3126.28  4948.91 0.000604184 1.22084e-07 9.00454
3136.28  4943.53 0.000599814 1.21333e-07 8.93941
3146.29  4873.78 0.000587768 1.20598e-07 8.75988
3156.3  4767.58 0.000571524 1.19877e-07 8.51779
3166.32  4957.68 0.000590813 1.19171e-07 8.80526
3176.33  5140.85 0.000609086 1.1848e-07 9.0776
3186.33  5480.06 0.000645566 1.17803e-07 9.62128
3196.34  5483.47 0.000642326 1.17139e-07 9.573
3206.35  5254.26 0.000705099 1.34196e-07 10.5085
3216.36  4844.81 0.000645531 1.33242e-07 9.62076
3226.36  4570.64 0.000604745 1.32311e-07 9.0129
3236.37  4470.32 0.000587411 1.31402e-07 8.75457
3246.38  4836.65 0.000631258 1.30516e-07 9.40804
3256.38  4755.26 0.000616517 1.2965e-07 9.18835
3266.39  4272.86 0.000550356 1.28803e-07 8.20231
3276.41  3880.53 0.00049661 1.27975e-07 7.40129
3286.41  3745.86 0.000476346 1.27166e-07 7.09929
3296.41  3649.24 0.00046117 1.26374e-07 6.87311
3306.41  3617.7 0.000454384 1.256e-07 6.77197
3316.42  3476.9 0.000434064 1.24842e-07 6.46913
3326.43  3250.4 0.000403372 1.24099e-07 6.01171
3336.43  3364.86 0.00041513 1.23372e-07 6.18694
3346.43  3302.04 0.000405027 1.2266e-07 6.03638
3356.44  3431.07 0.000418458 1.21961e-07 6.23655
3366.44  3435.12 0.000416599 1.21276e-07 6.20884
3376.46  3462.79 0.000417626 1.20604e-07 6.22415
3386.46  3480.22 0.000417437 1.19945e-07 6.22133
3396.46  3558.42 0.000424516 1.19299e-07 6.32684
3406.46  3612.72 0.00049032 1.3572e-07 7.30755
3416.47  3740.72 0.000504282 1.34809e-07 7.51564
3426.47  3685.88 0.000493607 1.33918e-07 7.35653
3436.47  3658.1 0.000486703 1.33048e-07 7.25365
3446.47  3609.76 0.0004772 1.32197e-07 7.11202
3456.48  3452.57 0.000453548 1.31365e-07 6.75952
3466.48  3598.99 0.000469853 1.30551e-07 7.00251
3476.48  3570.89 0.000463338 1.29754e-07 6.90543
3486.48  3558.91 0.000459008 1.28974e-07 6.84089
3496.49  3426.19 0.000439273 1.2821e-07 6.54677
3506.5  3265.09 0.000416171 1.27461e-07 6.20247
3516.51  3267.92 0.000414134 1.26727e-07 6.1721
3526.52  3145.09 0.000396304 1.26007e-07 5.90637
3536.52  3032.08 0.000379927 1.25302e-07 5.6623
3546.52  3393.73 0.000422896 1.24611e-07 6.30269
3556.52  3537.3 0.000438386 1.23932e-07 6.53355
3566.52  3594.29 0.000443057 1.23267e-07 6.60316
3576.52  3700.55 0.000453737 1.22613e-07 6.76234
3586.52  3882.62 0.00047357 1.21972e-07 7.05792
3596.53  3975.45 0.000482388 1.21342e-07 7.18934
3606.53  3892.82 0.000534037 1.37185e-07 7.9591
3616.53  3780.61 0.000515341 1.36312e-07 7.68045
3626.53  3434.68 0.00046525 1.35457e-07 6.93392
3636.54  3295.5 0.000443642 1.34621e-07 6.61188
3646.54  3282.9 0.000439257 1.33802e-07 6.54653
3656.55  3419.63 0.00045481 1.33e-07 6.77833
3666.55  3468.27 0.000458556 1.32215e-07 6.83416
3676.56  3366.89 0.000442561 1.31445e-07 6.59577
3686.56  3566.13 0.000466062 1.30691e-07 6.94602
3696.56  3650.55 0.000474397 1.29952e-07 7.07024
3706.56  3735.22 0.000482692 1.29227e-07 7.19387
3716.56  3804.29 0.000488914 1.28517e-07 7.28659
3726.57  4054.73 0.000518267 1.27818e-07 7.72407
3736.58  4135.86 0.000525803 1.27133e-07 7.83638
3746.59  4110.8 0.000519853 1.2646e-07 7.7477
3756.59  4109.68 0.000516999 1.258e-07 7.70517
3766.6  4189.73 0.000524353 1.25152e-07 7.81477
3776.6  4509.29 0.000561475 1.24515e-07 8.36802
3786.6  4500.02 0.000557504 1.23889e-07 8.30884
3796.62  4700.91 0.000579494 1.23273e-07 8.63657
3806.62  4746.98 0.000657875 1.38588e-07 9.80473
3816.63  4462.47 0.000614698 1.37748e-07 9.16124
3826.63  3986.59 0.000545867 1.36926e-07 8.13541
3836.64  4108.22 0.000559211 1.3612e-07 8.33428
3846.64  4122.24 0.000557864 1.3533e-07 8.31421
3856.64  4222.36 0.000568147 1.34557e-07 8.46745
3866.64  4260.27 0.000570016 1.33798e-07 8.49531
3876.65  4297.75 0.000571833 1.33054e-07 8.5224
3886.65  4369.41 0.000578178 1.32324e-07 8.61696
3896.65  4346.97 0.000572094 1.31608e-07 8.52629
3906.65  4306.46 0.000563735 1.30905e-07 8.4017
3916.66  4341.89 0.000565376 1.30214e-07 8.42617
3926.66  4307.05 0.000557919 1.29536e-07 8.31503
3936.67  4532.29 0.000584077 1.2887e-07 8.70487
3946.67  4600.51 0.000589859 1.28216e-07 8.79105
3956.67  4497.58 0.000573771 1.27573e-07 8.55128
3966.68  4514.29 0.000573049 1.26941e-07 8.54051
3976.68  4510.06 0.00056971 1.2632e-07 8.49076
3986.68  4487.33 0.000564097 1.25709e-07 8.4071
3996.7  4261.15 0.000533101 1.25107e-07 7.94514
