time	conversion
1.00828	0.00046408
2.01721	0.000647989
3.01722	0.000924569
4.03137	0.00126207
5.03335	0.00155316
6.06452	0.00185417
7.08698	0.0020398
8.08711	0.00221997
9.09202	0.00238664
10.1047	0.00254727
11.1428	0.00265963
12.1474	0.0028102
13.1778	0.00298779
14.2077	0.00314267
15.2654	0.00328391
16.2834	0.00345747
17.2835	0.00361853
18.2991	0.00374167
19.3326	0.00387529
20.3557	0.0040069
21.4021	0.00409741
22.4146	0.00423506
23.428	0.00438606
24.4889	0.00453391
25.4984	0.00462557
26.4984	0.00477356
27.5016	0.00486322
28.5264	0.00494698
29.5457	0.00505934
30.5466	0.00515963
31.5834	0.00527213
32.5834	0.00536724
33.622	0.00546394
34.6267	0.00560187
35.6685	0.00567529
36.6988	0.00576911
37.7046	0.00585302
38.7258	0.00596092
39.7586	0.00609368
40.7934	0.00617399
41.8269	0.00628017
42.8269	0.00636853
43.8479	0.0064931
44.8804	0.00656839
45.9102	0.0066592
46.9133	0.00671552
47.917	0.00679813
48.9358	0.0069069
49.9368	0.0069694
50.9382	0.00706983
51.9714	0.00715388
52.9715	0.00724425
53.9966	0.00732443
55.0495	0.00742457
56.0741	0.00753678
57.0752	0.00762284
58.0921	0.00772414
59.1025	0.00780029
60.13	0.00787917
61.1509	0.00799411
62.1793	0.00809741
63.1833	0.00820489
64.1833	0.00828405
65.1884	0.00839138
66.205	0.00850187
67.2243	0.00858922
68.2341	0.00864124
69.3208	0.00869425
70.3232	0.00877514
71.3348	0.00883951
72.3975	0.00888793
73.3976	0.00896954
74.4231	0.0090533
75.4553	0.00915733
76.5842	0.00923103
77.6187	0.00927974
78.6217	0.00932486
79.6233	0.00941753
80.6723	0.0095056
81.6868	0.00958118
82.7288	0.00964555
83.7288	0.00972471
84.7346	0.00977744
85.7367	0.0098806
86.7375	0.00995776
87.7665	0.010045
88.7796	0.0101022
89.7891	0.0101632
90.7951	0.0102295
91.7993	0.0102869
92.8456	0.0103455
93.8518	0.0104218
94.8617	0.0104846
95.8854	0.0105499
96.9161	0.0106432
97.9223	0.0107105
98.9668	0.0107911
100.027	0.0108438
101.075	0.0109088
102.097	0.010982
103.119	0.0110664
104.149	0.0111938
105.156	0.0112655
106.156	0.0113368
107.164	0.0113865
108.185	0.0114568
109.222	0.0115234
110.233	0.0115943
111.266	0.011673
112.309	0.01172
113.309	0.011801
114.328	0.0118826
115.328	0.0119504
116.336	0.0120385
117.354	0.0120829
118.377	0.0121422
119.38	0.0122095
120.391	0.0122542
121.533	0.0123082
122.557	0.012358
123.569	0.0124144
124.577	0.0124723
125.597	0.0125649
126.603	0.0126444
127.628	0.0126944
128.639	0.0127761
129.664	0.0128405
130.706	0.012892
131.71	0.0129466
132.71	0.0130227
133.795	0.0130976
134.797	0.0131749
135.845	0.0132267
136.904	0.0133201
137.909	0.0133603
138.95	0.0134289
139.958	0.0134938
140.981	0.0135537
141.986	0.0136083
142.992	0.0136833
144.02	0.0137576
145.023	0.0138168
146.035	0.0138614
147.041	0.0139207
148.055	0.0139912
149.061	0.0140493
150.065	0.0141154
151.065	0.014174
152.09	0.0142297
153.132	0.0142799
154.151	0.0143807
155.21	0.0144352
156.216	0.0144927
157.288	0.0145585
158.335	0.0146009
159.335	0.0146855
160.352	0.014746
161.439	0.0148033
162.443	0.0148522
163.465	0.0149093
164.488	0.0149853
165.508	0.015051
166.509	0.0151032
167.522	0.0151713
168.53	0.0152266
169.597	0.015277
170.606	0.0153338
171.619	0.0153782
172.63	0.0154621
173.654	0.0155375
174.654	0.0156126
175.654	0.0156599
176.699	0.0157086
177.725	0.0157884
178.745	0.0158328
179.821	0.0158763
180.86	0.0159193
181.885	0.0159947
182.897	0.016042
183.916	0.016107
184.917	0.0161839
185.926	0.0162376
186.941	0.0162895
187.944	0.0163411
188.955	0.0163937
189.984	0.0164424
191.01	0.0164819
192.077	0.0165471
193.087	0.0166106
194.1	0.0166714
195.102	0.0167359
196.181	0.0167968
197.189	0.0168339
198.225	0.0169011
199.249	0.0169405
200.252	0.0170358
201.252	0.0172195
202.256	0.0174341
203.257	0.0176303
204.258	0.0178365
205.264	0.0180068
206.264	0.0181731
207.268	0.0183466
208.281	0.0185318
209.282	0.0186726
210.287	0.0188526
211.296	0.0189839
212.297	0.0191333
213.297	0.0192891
214.305	0.0194579
215.307	0.0196382
216.31	0.0198016
217.31	0.0199634
218.312	0.0200721
219.314	0.0202246
220.326	0.0203693
221.328	0.0205323
222.339	0.0206588
223.348	0.0207871
224.351	0.020927
225.354	0.021067
226.354	0.0211864
227.355	0.0213096
228.355	0.0214648
229.357	0.0215853
230.358	0.0217397
231.358	0.0218677
232.358	0.0220093
233.361	0.0221073
234.365	0.0222213
235.372	0.0223299
236.376	0.0224573
237.398	0.0225723
238.399	0.0226958
239.407	0.0228237
240.412	0.0229214
241.431	0.0230195
242.444	0.0231437
243.446	0.0232552
244.456	0.0233588
245.456	0.0234619
246.458	0.023599
247.458	0.0237213
248.459	0.023824
249.464	0.0239297
250.464	0.0240386
251.464	0.0241461
252.468	0.0242595
253.474	0.0243624
254.478	0.0244733
255.479	0.0246075
256.48	0.0246911
257.48	0.0247767
258.483	0.0248743
259.494	0.0249895
260.496	0.0250968
261.509	0.0251879
262.521	0.0252819
263.54	0.0254006
264.544	0.0255068
265.547	0.0256065
266.549	0.0257032
267.562	0.0258057
268.563	0.0259055
269.567	0.0259984
270.567	0.0260909
271.57	0.0262076
272.572	0.0262967
273.595	0.0263921
274.615	0.0264852
275.622	0.0265938
276.625	0.0266901
277.635	0.0268159
278.635	0.0269121
279.64	0.0270119
280.647	0.0271144
281.651	0.0272261
282.664	0.0272964
283.669	0.02737
284.67	0.0274647
285.678	0.0275415
286.688	0.0276447
287.7	0.0277375
288.7	0.027819
289.701	0.027901
290.701	0.0280027
291.713	0.0280852
292.72	0.0281638
293.724	0.0282779
294.729	0.028357
295.737	0.0284565
296.742	0.0285523
297.75	0.02863
298.755	0.0287277
299.755	0.0288112
300.758	0.0288875
301.758	0.028968
302.761	0.0290555
303.764	0.0291601
304.765	0.0292659
305.766	0.029345
306.774	0.0294355
307.785	0.0295378
308.796	0.0296277
309.797	0.0297165
310.799	0.0297927
311.799	0.0299003
312.802	0.0299845
313.812	0.0300684
314.817	0.0301662
315.822	0.0302493
316.822	0.0303385
317.824	0.0304376
318.833	0.0305205
319.834	0.0306001
320.841	0.0306779
321.847	0.0307606
322.856	0.0308635
323.856	0.0309628
324.856	0.0310717
325.857	0.0311556
326.86	0.0312447
327.865	0.0313346
328.869	0.0314162
329.874	0.0315177
330.878	0.0315912
331.887	0.0316783
332.887	0.0317537
333.897	0.0318283
334.915	0.0319126
335.919	0.032001
336.923	0.0320912
337.928	0.0321796
338.932	0.0322476
339.934	0.0323277
340.939	0.0323941
341.968	0.0324828
342.971	0.032576
343.98	0.0326721
344.98	0.0327682
345.988	0.0328418
346.995	0.0329174
348.007	0.0329743
349.01	0.0330499
350.016	0.0331119
351.019	0.0331987
352.019	0.0332698
353.025	0.0333458
354.028	0.0334292
355.035	0.0335185
356.037	0.0335963
357.054	0.0336816
358.07	0.0337749
359.073	0.0338565
360.084	0.03393
361.087	0.0340003
362.093	0.0340783
363.101	0.0341585
364.111	0.0342628
365.114	0.0343517
366.134	0.034433
367.143	0.0345101
368.147	0.0346053
369.152	0.0346894
370.174	0.0347626
371.175	0.0348361
372.183	0.034905
373.185	0.0349869
374.186	0.0350691
375.196	0.0351382
376.199	0.0352105
377.214	0.0353004
378.216	0.0353764
379.232	0.0354705
380.232	0.035555
381.242	0.0356276
382.243	0.0357007
383.256	0.0358016
384.258	0.0358784
385.258	0.0359611
386.259	0.0360434
387.265	0.0361207
388.268	0.0361816
389.269	0.036251
390.269	0.0363125
391.27	0.0364029
392.273	0.0364918
393.273	0.0365703
394.275	0.0366322
395.28	0.0367184
396.288	0.0367983
397.289	0.0368739
398.295	0.0369537
399.301	0.0370221
400.303	0.0371333
401.307	0.0373167
402.309	0.0374891
403.309	0.0376639
404.311	0.0378211
405.311	0.0379905
406.315	0.038153
407.315	0.0383463
408.315	0.0385201
409.315	0.0387247
410.317	0.0388796
411.318	0.0390532
412.319	0.0392078
413.319	0.0393705
414.319	0.0395348
415.323	0.0397197
416.334	0.0399017
417.337	0.0400769
418.338	0.040242
419.342	0.0403885
420.343	0.0405392
421.347	0.0407188
422.35	0.0408764
423.353	0.0410533
424.353	0.0411987
425.355	0.0413705
426.364	0.0415254
427.366	0.0416731
428.367	0.0418412
429.367	0.0419971
430.37	0.0421478
431.37	0.0423001
432.37	0.0424412
433.372	0.0425848
434.372	0.0427352
435.373	0.0429034
436.376	0.0430392
437.379	0.0431875
438.383	0.0433251
439.386	0.0434789
440.386	0.0436119
441.389	0.0437603
442.392	0.0438917
443.395	0.044045
444.397	0.0442096
445.4	0.0443602
446.401	0.0445079
447.403	0.0446517
448.404	0.0447937
449.405	0.0449415
450.407	0.0450881
451.407	0.045232
452.415	0.0453717
453.42	0.0455122
454.423	0.0456326
455.428	0.0457701
456.435	0.0459059
457.436	0.0460524
458.437	0.046192
459.447	0.0463338
460.45	0.0464974
461.45	0.0466237
462.451	0.0467632
463.453	0.046893
464.455	0.0469944
465.459	0.047099
466.461	0.0472004
467.465	0.0473201
468.465	0.0474838
469.467	0.0476182
470.467	0.0477335
471.467	0.0478501
472.47	0.0479631
473.473	0.0480776
474.473	0.0481964
475.473	0.04832
476.473	0.0484513
477.482	0.0485589
478.482	0.0486566
479.485	0.0487835
480.49	0.0488927
481.496	0.0489902
482.499	0.0491103
483.503	0.0492443
484.504	0.0493458
485.508	0.0494606
486.514	0.0495846
487.514	0.049733
488.521	0.0498563
489.521	0.0499793
490.526	0.050083
491.527	0.0502032
492.527	0.0503283
493.531	0.0504698
494.535	0.0505914
495.537	0.0507112
496.541	0.0508352
497.547	0.0509431
498.55	0.0510424
499.553	0.0511506
500.553	0.0512664
501.555	0.0513569
502.557	0.0514713
503.56	0.0515759
504.561	0.0516899
505.564	0.0517957
506.564	0.0518976
507.564	0.0520057
508.565	0.0521239
509.565	0.0522364
510.568	0.0523593
511.571	0.0524583
512.572	0.0525657
513.573	0.052675
514.573	0.0527889
515.574	0.0529045
516.579	0.0530181
517.583	0.0531295
518.584	0.0532322
519.588	0.0533269
520.589	0.0534477
521.596	0.0535438
522.601	0.0536547
523.603	0.0537532
524.615	0.0538556
525.618	0.0539565
526.618	0.0540563
527.62	0.0541537
528.621	0.0542695
529.631	0.0543944
530.632	0.0544938
531.633	0.0545796
532.634	0.0546763
533.636	0.0547865
534.637	0.0548871
535.637	0.0549872
536.643	0.0550976
537.648	0.0551994
538.648	0.0553013
539.653	0.0553957
540.653	0.0554838
541.653	0.0555792
542.653	0.0556807
543.653	0.0557907
544.654	0.0559003
545.657	0.0560091
546.658	0.05612
547.661	0.0562213
548.661	0.0563172
549.662	0.0564322
550.662	0.0565287
551.666	0.0566395
552.667	0.0567302
553.668	0.0568346
554.676	0.0569231
555.68	0.0570157
556.684	0.0571037
557.686	0.0572
558.687	0.0572963
559.691	0.0573997
560.692	0.0575047
561.697	0.0576086
562.697	0.0577139
563.699	0.0578052
564.703	0.0578999
565.706	0.058002
566.711	0.0580879
567.715	0.0581852
568.719	0.0582925
569.723	0.0584082
570.724	0.0585023
571.725	0.0586003
572.725	0.0587004
573.734	0.0588091
574.738	0.0589062
575.739	0.0590082
576.74	0.0591119
577.742	0.0592101
578.746	0.0593108
579.749	0.0594103
580.751	0.0594961
581.753	0.0596065
582.756	0.059702
583.768	0.0597961
584.774	0.0598902
585.778	0.0599815
586.781	0.0600875
587.786	0.0601851
588.796	0.0602855
589.797	0.060368
590.797	0.0604671
591.799	0.0605602
592.804	0.0606618
593.806	0.0607486
594.806	0.0608473
595.808	0.0609451
596.81	0.0610325
597.815	0.0611239
598.815	0.0612129
599.817	0.0613052
600.817	0.0614721
601.817	0.0616434
602.82	0.0618088
603.824	0.0619856
604.83	0.062156
605.83	0.0623134
606.833	0.0624825
607.834	0.062643
608.835	0.0628249
609.837	0.0630109
610.838	0.0631823
611.84	0.0633422
612.841	0.0635147
613.842	0.0636816
614.844	0.0638586
615.846	0.0640159
616.847	0.0641928
617.848	0.0643384
618.848	0.0645068
619.848	0.0646728
620.848	0.0648384
621.848	0.0649792
622.848	0.065144
623.849	0.0652932
624.851	0.0654547
625.851	0.0656033
626.853	0.065749
627.853	0.065905
628.854	0.0660356
629.856	0.066195
630.856	0.066333
631.857	0.0664944
632.857	0.0666348
633.861	0.0667822
634.861	0.0669353
635.862	0.0670872
636.864	0.0672522
637.864	0.0673918
638.864	0.0675292
639.864	0.0676795
640.865	0.0678517
641.865	0.0680024
642.866	0.068143
643.869	0.0682886
644.87	0.0684218
645.87	0.0685691
646.874	0.0687184
647.876	0.0688644
648.878	0.0690128
649.884	0.0691389
650.884	0.069273
651.885	0.0694135
652.885	0.069556
653.887	0.0696986
654.887	0.0698073
655.89	0.0699516
656.891	0.0700747
657.894	0.0702047
658.894	0.0703537
659.896	0.0704895
660.898	0.0706198
661.898	0.0707379
662.898	0.0708705
663.9	0.0710136
664.9	0.0711509
665.904	0.0712701
666.906	0.0713945
667.906	0.071524
668.907	0.0716513
669.913	0.0717823
670.914	0.0718997
671.919	0.0720359
672.919	0.0721636
673.926	0.0722875
674.927	0.0724116
675.927	0.0725269
676.928	0.0726593
677.929	0.0727772
678.929	0.0729013
679.93	0.0730226
680.93	0.0731444
681.932	0.073255
682.932	0.0733894
683.936	0.0735106
684.937	0.0736421
685.938	0.0737864
686.945	0.0739148
687.946	0.0740398
688.953	0.0741658
689.956	0.0742786
690.958	0.0744029
691.959	0.0745231
692.959	0.0746263
693.961	0.0747427
694.962	0.0748392
695.963	0.0749532
696.965	0.0750694
697.966	0.0751757
698.968	0.0753043
699.969	0.0754375
700.969	0.0755421
701.971	0.0756638
702.972	0.0757853
703.973	0.075901
704.975	0.0760177
705.976	0.076132
706.976	0.0762532
707.977	0.0763795
708.978	0.0765088
709.978	0.0766292
710.979	0.0767489
711.979	0.0768674
712.979	0.0769845
713.979	0.0771052
714.983	0.0772309
715.984	0.0773427
716.984	0.0774636
717.984	0.0775839
718.989	0.0776937
719.994	0.0778078
720.995	0.0779254
721.995	0.0780428
722.998	0.0781414
723.998	0.0782714
724.999	0.0783816
726	0.0785052
727.001	0.0786303
728.003	0.0787389
729.003	0.0788507
730.006	0.0789588
731.008	0.0790631
732.01	0.0791859
733.011	0.0792917
734.011	0.0794007
735.012	0.0795085
736.013	0.0796211
737.017	0.0797447
738.02	0.0798593
739.022	0.0799659
740.024	0.0800749
741.024	0.0801881
742.025	0.080294
743.032	0.0804056
744.034	0.0805131
745.035	0.0806049
746.036	0.0807078
747.036	0.0808145
748.036	0.0809295
749.036	0.0810292
750.036	0.0811376
751.04	0.0812444
752.041	0.0813404
753.042	0.0814516
754.043	0.0815591
755.047	0.0816506
756.048	0.0817599
757.049	0.081858
758.05	0.0819555
759.052	0.0820611
760.053	0.0821631
761.054	0.0822665
762.057	0.0823647
763.06	0.0824833
764.061	0.0825846
765.064	0.0826954
766.064	0.0827977
767.065	0.082908
768.067	0.0830141
769.07	0.0831338
770.07	0.0832483
771.071	0.0833536
772.072	0.0834675
773.072	0.0835632
774.072	0.0836733
775.075	0.0837786
776.077	0.0838727
777.079	0.0839716
778.081	0.0840807
779.082	0.0841955
780.082	0.0843075
781.083	0.0844188
782.086	0.0845351
783.088	0.08463
784.088	0.0847246
785.089	0.0848221
786.09	0.0849276
787.09	0.0850443
788.096	0.0851486
789.096	0.0852583
790.098	0.0853639
791.101	0.0854647
792.106	0.0855684
793.108	0.0856717
794.111	0.0857751
795.112	0.0858749
796.113	0.0859693
797.113	0.0860677
798.115	0.0861724
799.116	0.0862724
800.116	0.0863904
801.12	0.0865391
802.121	0.0867141
803.121	0.0868777
804.121	0.0870382
805.121	0.0872019
806.121	0.0873612
807.121	0.0875372
808.123	0.0876976
809.124	0.0878509
810.124	0.0880118
811.127	0.0881796
812.127	0.0883405
813.129	0.0885039
814.129	0.0886529
815.13	0.0888076
816.132	0.0889609
817.133	0.0891135
818.136	0.089292
819.136	0.089444
820.136	0.0896093
821.137	0.0897747
822.137	0.0899336
823.138	0.0900931
824.138	0.0902458
825.14	0.0904027
826.141	0.0905694
827.143	0.0907172
828.144	0.0908675
829.146	0.0910223
830.146	0.0911836
831.146	0.0913305
832.147	0.0914726
833.149	0.0916345
834.15	0.0917784
835.15	0.0919418
836.151	0.0920967
837.151	0.0922605
838.151	0.0924326
839.152	0.0925891
840.154	0.0927422
841.154	0.0928757
842.155	0.093023
843.156	0.0931718
844.157	0.0933224
845.157	0.0934723
846.157	0.0936165
847.157	0.093781
848.159	0.093924
849.159	0.0940632
850.161	0.0942175
851.162	0.0943717
852.163	0.0945193
853.164	0.0946694
854.164	0.0948023
855.164	0.0949464
856.164	0.0950823
857.165	0.0952243
858.165	0.0953635
859.165	0.0954951
860.166	0.0956338
861.166	0.0957759
862.166	0.0959261
863.167	0.0960741
864.17	0.0962203
865.171	0.096355
866.173	0.0965075
867.174	0.0966628
868.177	0.0968114
869.177	0.0969533
870.178	0.0971124
871.178	0.0972592
872.179	0.0973996
873.179	0.0975328
874.18	0.0976603
875.18	0.0978103
876.181	0.0979422
877.181	0.0980976
878.181	0.098233
879.183	0.0983687
880.183	0.098495
881.183	0.098623
882.183	0.0987496
883.183	0.0988805
884.183	0.0990195
885.183	0.0991461
886.185	0.0992779
887.188	0.0994162
888.188	0.0995568
889.189	0.0996858
890.191	0.0998257
891.192	0.0999608
892.192	0.100085
893.196	0.100214
894.196	0.10035
895.197	0.100485
896.197	0.100606
897.197	0.100739
898.198	0.100868
899.198	0.100998
900.199	0.101129
901.2	0.101266
902.2	0.101405
903.201	0.101545
904.203	0.101669
905.203	0.101785
906.203	0.101909
907.203	0.102041
908.205	0.102176
909.206	0.102306
910.208	0.102445
911.211	0.102572
912.213	0.102703
913.213	0.102825
914.214	0.102956
915.214	0.103079
916.216	0.103206
917.217	0.103334
918.219	0.103451
919.219	0.103585
920.219	0.103714
921.221	0.103837
922.223	0.103963
923.223	0.104094
924.224	0.104217
925.226	0.104338
926.229	0.104453
927.231	0.10456
928.232	0.104678
929.232	0.104801
930.235	0.104923
931.237	0.105039
932.238	0.105159
933.239	0.105277
934.24	0.105402
935.242	0.105528
936.242	0.10565
937.242	0.105765
938.242	0.105883
939.243	0.105994
940.244	0.10611
941.244	0.106236
942.245	0.106346
943.245	0.106466
944.246	0.106585
945.246	0.10671
946.247	0.106831
947.249	0.106954
948.249	0.107081
949.249	0.1072
950.25	0.107315
951.251	0.107426
952.253	0.107547
953.253	0.107664
954.255	0.107787
955.257	0.107923
956.258	0.108043
957.258	0.108166
958.259	0.108284
959.259	0.108404
960.26	0.108525
961.262	0.108646
962.263	0.108773
963.263	0.108875
964.264	0.108996
965.264	0.109117
966.265	0.109246
967.265	0.109354
968.265	0.109471
969.266	0.109583
970.267	0.109701
971.267	0.109827
972.267	0.109954
973.267	0.110061
974.267	0.110171
975.268	0.110272
976.268	0.110381
977.268	0.1105
978.27	0.11062
979.27	0.110736
980.272	0.110849
981.273	0.110961
982.274	0.111083
983.275	0.111198
984.275	0.111313
985.276	0.111423
986.277	0.111527
987.278	0.11163
988.278	0.111744
989.279	0.111848
990.282	0.111964
991.282	0.112078
992.283	0.11218
993.283	0.112289
994.283	0.112398
995.284	0.11251
996.285	0.112612
997.286	0.112727
998.286	0.112836
999.287	0.112955
1000.29	0.113092
1001.29	0.113258
1002.29	0.113435
1003.29	0.113592
1004.29	0.113741
1005.29	0.113909
1006.29	0.114066
1007.29	0.114226
1008.29	0.114389
1009.29	0.114546
1010.29	0.114707
1011.29	0.11486
1012.29	0.115027
1013.29	0.115193
1014.29	0.115359
1015.29	0.115526
1016.29	0.115677
1017.29	0.115825
1018.29	0.115983
1019.3	0.116135
1020.3	0.116292
1021.3	0.116458
1022.3	0.116619
1023.3	0.116768
1024.3	0.116917
1025.3	0.117064
1026.3	0.117215
1027.3	0.117353
1028.3	0.117493
1029.3	0.117651
1030.3	0.117807
1031.3	0.117967
1032.3	0.118102
1033.3	0.118257
1034.3	0.118403
1035.31	0.118561
1036.31	0.118708
1037.31	0.118849
1038.31	0.118998
1039.31	0.11914
1040.31	0.119282
1041.31	0.11943
1042.31	0.119574
1043.31	0.119716
1044.31	0.119852
1045.32	0.120001
1046.32	0.120157
1047.32	0.120303
1048.32	0.120449
1049.32	0.120581
1050.32	0.120728
1051.32	0.120876
1052.32	0.121016
1053.32	0.121148
1054.32	0.121279
1055.32	0.121433
1056.32	0.121575
1057.32	0.121727
1058.33	0.121863
1059.33	0.121995
1060.33	0.12213
1061.33	0.122278
1062.33	0.122426
1063.33	0.122572
1064.33	0.122714
1065.33	0.122854
1066.33	0.123004
1067.33	0.123149
1068.33	0.123297
1069.33	0.123432
1070.33	0.123565
1071.33	0.123706
1072.33	0.123856
1073.33	0.124
1074.33	0.124135
1075.34	0.124269
1076.34	0.12439
1077.34	0.124526
1078.34	0.12466
1079.34	0.124793
1080.34	0.124932
1081.34	0.125073
1082.34	0.125217
1083.34	0.125343
1084.34	0.125469
1085.35	0.125606
1086.35	0.12574
1087.35	0.125883
1088.35	0.126027
1089.35	0.126159
1090.35	0.126289
1091.35	0.126422
1092.35	0.126559
1093.35	0.126693
1094.35	0.126818
1095.36	0.126937
1096.36	0.127075
1097.36	0.127222
1098.36	0.127354
1099.36	0.127497
1100.36	0.127627
1101.36	0.127761
1102.36	0.127894
1103.36	0.128039
1104.36	0.128172
1105.36	0.128307
1106.36	0.128438
1107.36	0.128581
1108.36	0.128713
1109.36	0.128839
1110.37	0.128963
1111.37	0.129084
1112.37	0.129213
1113.37	0.129341
1114.37	0.129472
1115.37	0.129603
1116.37	0.129728
1117.37	0.129852
1118.37	0.12997
1119.37	0.130091
1120.37	0.130219
1121.37	0.130355
1122.37	0.130477
1123.37	0.130602
1124.37	0.13073
1125.37	0.130849
1126.37	0.130968
1127.37	0.131093
1128.37	0.131212
1129.37	0.131337
1130.37	0.131463
1131.38	0.131591
1132.38	0.131711
1133.38	0.13183
1134.38	0.131956
1135.38	0.132083
1136.38	0.13221
1137.38	0.132335
1138.38	0.132456
1139.38	0.132581
1140.38	0.132696
1141.38	0.132814
1142.38	0.132939
1143.38	0.133069
1144.38	0.133184
1145.38	0.13331
1146.38	0.13343
1147.39	0.133558
1148.39	0.133693
1149.39	0.133809
1150.39	0.133923
1151.39	0.134041
1152.39	0.134159
1153.39	0.134285
1154.39	0.134408
1155.39	0.134533
1156.39	0.134655
1157.39	0.134769
1158.39	0.134882
1159.39	0.135008
1160.4	0.135124
1161.4	0.135236
1162.4	0.135353
1163.4	0.135461
1164.4	0.135569
1165.4	0.13569
1166.4	0.135812
1167.4	0.135931
1168.4	0.136049
1169.4	0.136174
1170.4	0.136306
1171.4	0.136419
1172.4	0.136538
1173.41	0.136668
1174.41	0.136788
1175.41	0.136908
1176.41	0.137028
1177.41	0.137152
1178.41	0.137266
1179.41	0.137392
1180.41	0.137527
1181.41	0.137649
1182.41	0.137765
1183.41	0.137883
1184.42	0.13801
1185.42	0.138124
1186.42	0.13824
1187.42	0.138363
1188.42	0.138478
1189.42	0.138599
1190.42	0.138721
1191.42	0.138845
1192.42	0.13896
1193.43	0.13908
1194.43	0.139183
1195.43	0.139303
1196.43	0.139423
1197.43	0.139537
1198.43	0.139645
1199.43	0.139764
1200.43	0.139896
1201.43	0.140061
1202.43	0.140221
1203.43	0.140381
1204.43	0.140535
1205.43	0.140697
1206.43	0.140849
1207.43	0.141001
1208.43	0.141158
1209.43	0.141318
1210.43	0.141484
1211.43	0.14165
1212.43	0.141811
1213.44	0.141962
1214.44	0.142105
1215.44	0.142249
1216.44	0.142404
1217.44	0.142543
1218.44	0.142702
1219.44	0.142845
1220.44	0.142998
1221.44	0.14315
1222.44	0.143297
1223.44	0.143452
1224.44	0.143601
1225.44	0.143751
1226.44	0.143912
1227.45	0.144062
1228.45	0.144204
1229.45	0.144355
1230.45	0.144497
1231.45	0.144631
1232.45	0.144776
1233.45	0.144925
1234.45	0.145072
1235.45	0.145212
1236.45	0.14535
1237.45	0.145498
1238.45	0.145642
1239.45	0.145796
1240.45	0.145945
1241.45	0.146092
1242.45	0.146233
1243.46	0.146391
1244.46	0.146536
1245.46	0.146691
1246.46	0.146834
1247.46	0.146972
1248.46	0.147116
1249.46	0.147266
1250.46	0.147424
1251.46	0.147563
1252.46	0.147701
1253.46	0.147838
1254.46	0.147985
1255.46	0.148124
1256.46	0.148254
1257.46	0.148389
1258.46	0.148537
1259.46	0.148667
1260.46	0.148802
1261.46	0.148932
1262.46	0.149072
1263.46	0.149218
1264.46	0.149351
1265.46	0.149501
1266.46	0.149645
1267.46	0.149778
1268.46	0.149927
1269.46	0.150062
1270.46	0.150196
1271.46	0.150328
1272.46	0.150465
1273.46	0.15059
1274.46	0.150724
1275.47	0.150857
1276.47	0.150998
1277.47	0.151141
1278.47	0.151272
1279.47	0.151415
1280.47	0.151546
1281.47	0.151678
1282.47	0.151806
1283.47	0.151934
1284.47	0.152074
1285.47	0.152206
1286.47	0.152346
1287.47	0.152479
1288.47	0.152617
1289.47	0.152745
1290.47	0.152878
1291.47	0.153014
1292.47	0.153151
1293.48	0.153288
1294.48	0.153412
1295.48	0.153544
1296.48	0.153668
1297.48	0.153802
1298.48	0.153927
1299.48	0.154062
1300.48	0.15421
1301.48	0.154341
1302.48	0.154476
1303.48	0.154607
1304.48	0.154731
1305.48	0.154868
1306.48	0.155001
1307.48	0.155132
1308.48	0.155252
1309.48	0.155379
1310.48	0.155515
1311.49	0.15565
1312.49	0.15578
1313.49	0.155913
1314.49	0.156041
1315.49	0.156164
1316.49	0.156301
1317.49	0.156434
1318.49	0.156563
1319.49	0.156685
1320.49	0.156819
1321.49	0.15695
1322.49	0.15708
1323.49	0.157207
1324.49	0.157331
1325.49	0.157461
1326.49	0.157587
1327.49	0.157718
1328.49	0.157848
1329.49	0.157982
1330.49	0.158114
1331.49	0.158242
1332.49	0.158363
1333.49	0.158485
1334.49	0.158608
1335.49	0.158731
1336.49	0.158852
1337.49	0.15897
1338.49	0.159096
1339.49	0.159213
1340.49	0.159337
1341.5	0.159455
1342.5	0.159586
1343.5	0.159713
1344.5	0.159828
1345.5	0.159947
1346.5	0.160075
1347.5	0.160198
1348.5	0.160322
1349.5	0.160444
1350.5	0.160573
1351.5	0.160696
1352.5	0.160812
1353.5	0.160936
1354.51	0.161047
1355.51	0.161166
1356.51	0.16128
1357.51	0.161404
1358.51	0.161519
1359.51	0.161648
1360.51	0.161779
1361.51	0.161906
1362.51	0.162019
1363.51	0.16213
1364.51	0.162258
1365.51	0.162378
1366.51	0.162505
1367.51	0.162623
1368.51	0.162757
1369.51	0.162882
1370.51	0.162992
1371.51	0.163098
1372.51	0.163229
1373.51	0.163336
1374.52	0.163459
1375.52	0.163585
1376.52	0.163708
1377.52	0.163829
1378.52	0.163942
1379.52	0.164064
1380.52	0.164178
1381.52	0.164285
1382.52	0.164405
1383.52	0.164531
1384.52	0.164648
1385.52	0.164771
1386.52	0.164892
1387.52	0.165011
1388.52	0.165124
1389.52	0.165231
1390.52	0.16535
1391.52	0.165469
1392.52	0.165582
1393.53	0.165695
1394.53	0.16581
1395.53	0.165932
1396.53	0.166047
1397.53	0.166162
1398.53	0.166279
1399.53	0.166397
1400.53	0.166538
1401.53	0.166689
1402.53	0.166855
1403.53	0.16701
1404.54	0.167168
1405.54	0.167315
1406.54	0.167466
1407.54	0.167612
1408.54	0.167764
1409.54	0.167928
1410.54	0.168078
1411.54	0.168245
1412.54	0.1684
1413.54	0.168562
1414.54	0.168723
1415.54	0.168894
1416.54	0.169051
1417.54	0.169202
1418.54	0.169369
1419.54	0.169521
1420.54	0.169674
1421.54	0.169821
1422.54	0.169982
1423.54	0.170136
1424.54	0.170302
1425.54	0.170458
1426.54	0.170608
1427.54	0.170763
1428.54	0.170911
1429.55	0.171065
1430.55	0.171232
1431.55	0.171378
1432.55	0.171531
1433.55	0.171687
1434.55	0.17184
1435.55	0.171984
1436.55	0.172131
1437.55	0.172284
1438.55	0.172448
1439.55	0.172605
1440.55	0.172756
1441.55	0.172906
1442.55	0.173048
1443.55	0.173194
1444.55	0.173353
1445.55	0.173497
1446.55	0.173648
1447.55	0.1738
1448.55	0.173953
1449.55	0.174116
1450.55	0.174262
1451.55	0.174421
1452.55	0.174564
1453.55	0.174719
1454.55	0.174865
1455.55	0.175004
1456.55	0.175163
1457.55	0.175305
1458.55	0.17546
1459.55	0.175608
1460.56	0.17575
1461.56	0.175884
1462.56	0.176023
1463.56	0.176178
1464.56	0.176323
1465.56	0.176477
1466.56	0.176622
1467.56	0.176771
1468.56	0.176912
1469.56	0.177051
1470.56	0.177204
1471.56	0.177354
1472.56	0.177496
1473.56	0.177629
1474.56	0.177764
1475.56	0.177885
1476.56	0.178022
1477.56	0.178171
1478.56	0.178312
1479.57	0.178453
1480.57	0.178582
1481.57	0.178719
1482.57	0.178865
1483.57	0.179
1484.57	0.179142
1485.57	0.179283
1486.57	0.179422
1487.57	0.179561
1488.57	0.179696
1489.57	0.179824
1490.57	0.179961
1491.57	0.180096
1492.57	0.180224
1493.57	0.180364
1494.57	0.180499
1495.57	0.180635
1496.57	0.180766
1497.57	0.1809
1498.57	0.181029
1499.57	0.181164
1500.57	0.181295
1501.58	0.181424
1502.58	0.181553
1503.58	0.181684
1504.58	0.18182
1505.58	0.181955
1506.58	0.182078
1507.58	0.182217
1508.58	0.182351
1509.58	0.1825
1510.58	0.182619
1511.58	0.182748
1512.58	0.182886
1513.58	0.183015
1514.58	0.183159
1515.58	0.18329
1516.58	0.183415
1517.58	0.183544
1518.58	0.183676
1519.59	0.183805
1520.59	0.183937
1521.59	0.184079
1522.59	0.184213
1523.59	0.18434
1524.59	0.184474
1525.59	0.184602
1526.59	0.184737
1527.59	0.184871
1528.59	0.184996
1529.59	0.185121
1530.59	0.185251
1531.59	0.185391
1532.59	0.185519
1533.59	0.185654
1534.59	0.185785
1535.59	0.185916
1536.59	0.18605
1537.59	0.18617
1538.59	0.1863
1539.59	0.186441
1540.59	0.186577
1541.59	0.186706
1542.59	0.186829
1543.59	0.186952
1544.59	0.18709
1545.59	0.187208
1546.59	0.187335
1547.6	0.18746
1548.6	0.187596
1549.6	0.187724
1550.6	0.187845
1551.6	0.187982
1552.6	0.188107
1553.6	0.18823
1554.6	0.188353
1555.6	0.188489
1556.6	0.188619
1557.6	0.188738
1558.6	0.188862
1559.6	0.188993
1560.6	0.189116
1561.6	0.189239
1562.6	0.189371
1563.6	0.189501
1564.6	0.189626
1565.6	0.189748
1566.6	0.189874
1567.6	0.190002
1568.61	0.190125
1569.61	0.190244
1570.61	0.190368
1571.61	0.190498
1572.61	0.190624
1573.61	0.190745
1574.61	0.190872
1575.61	0.190995
1576.61	0.191116
1577.61	0.191229
1578.61	0.191353
1579.61	0.19147
1580.61	0.19159
1581.61	0.19171
1582.61	0.191839
1583.61	0.191966
1584.61	0.192096
1585.61	0.192225
1586.61	0.192348
1587.61	0.192471
1588.61	0.192595
1589.62	0.192726
1590.62	0.192856
1591.62	0.192978
1592.62	0.193106
1593.62	0.193235
1594.62	0.193359
1595.62	0.19348
1596.62	0.193596
1597.62	0.193715
1598.62	0.193836
1599.62	0.193962
1600.62	0.194101
1601.62	0.194253
1602.62	0.194415
1603.62	0.194578
1604.62	0.194739
1605.62	0.194891
1606.62	0.195051
1607.62	0.195206
1608.62	0.195369
1609.62	0.195522
1610.62	0.195677
1611.62	0.195841
1612.62	0.195991
1613.62	0.196156
1614.62	0.196307
1615.62	0.19647
1616.62	0.196629
1617.62	0.196788
1618.62	0.196962
1619.62	0.197121
1620.62	0.197271
1621.62	0.197425
1622.62	0.197581
1623.62	0.197739
1624.63	0.19789
1625.63	0.198054
1626.63	0.198203
1627.63	0.198346
1628.63	0.198507
1629.63	0.198669
1630.63	0.198823
1631.63	0.198975
1632.63	0.199121
1633.63	0.199267
1634.63	0.199425
1635.63	0.199584
1636.63	0.199722
1637.63	0.199877
1638.63	0.200033
1639.63	0.200179
1640.63	0.200342
1641.63	0.200493
1642.63	0.20064
1643.63	0.200794
1644.63	0.200934
1645.63	0.201082
1646.63	0.201226
1647.63	0.201384
1648.63	0.201534
1649.63	0.201685
1650.63	0.201831
1651.63	0.201974
1652.63	0.202119
1653.63	0.202267
1654.63	0.202416
1655.63	0.202561
1656.64	0.202697
1657.64	0.202845
1658.64	0.20299
1659.64	0.203126
1660.64	0.203273
1661.64	0.203424
1662.64	0.203574
1663.64	0.203713
1664.64	0.203862
1665.64	0.203994
1666.64	0.204137
1667.64	0.204271
1668.64	0.204419
1669.64	0.204566
1670.64	0.20471
1671.64	0.204847
1672.64	0.204987
1673.64	0.205135
1674.64	0.205273
1675.64	0.205419
1676.64	0.205564
1677.64	0.205706
1678.64	0.205846
1679.64	0.205993
1680.64	0.206132
1681.64	0.20627
1682.65	0.206421
1683.65	0.206554
1684.65	0.206686
1685.65	0.206825
1686.65	0.206961
1687.65	0.207095
1688.65	0.207238
1689.65	0.207378
1690.65	0.207514
1691.65	0.207654
1692.65	0.20779
1693.65	0.207935
1694.65	0.208082
1695.65	0.208214
1696.65	0.208361
1697.65	0.208508
1698.65	0.208649
1699.65	0.20879
1700.65	0.208925
1701.65	0.209058
1702.65	0.209194
1703.65	0.209337
1704.65	0.209474
1705.65	0.209617
1706.65	0.20976
1707.65	0.209899
1708.65	0.210035
1709.65	0.21017
1710.65	0.210301
1711.65	0.210437
1712.65	0.21057
1713.65	0.210696
1714.65	0.21083
1715.65	0.210952
1716.65	0.211095
1717.65	0.211231
1718.65	0.211362
1719.65	0.211497
1720.65	0.211633
1721.66	0.211768
1722.66	0.211895
1723.66	0.212027
1724.66	0.212166
1725.66	0.212304
1726.66	0.212443
1727.66	0.212576
1728.66	0.212706
1729.66	0.212835
1730.66	0.212975
1731.66	0.213104
1732.66	0.213237
1733.66	0.213368
1734.66	0.213496
1735.66	0.213623
1736.66	0.21376
1737.66	0.213888
1738.66	0.214015
1739.66	0.214154
1740.66	0.214281
1741.66	0.214402
1742.66	0.214523
1743.66	0.21465
1744.66	0.214774
1745.66	0.214904
1746.66	0.215023
1747.66	0.215148
1748.66	0.21527
1749.66	0.215388
1750.67	0.215514
1751.67	0.215641
1752.67	0.215755
1753.67	0.215898
1754.67	0.216032
1755.67	0.216164
1756.67	0.216307
1757.67	0.216436
1758.67	0.216551
1759.67	0.216681
1760.67	0.216804
1761.67	0.216931
1762.67	0.217059
1763.67	0.217189
1764.67	0.217313
1765.67	0.21743
1766.67	0.217555
1767.67	0.217681
1768.67	0.217801
1769.67	0.217923
1770.67	0.218056
1771.67	0.218173
1772.67	0.218298
1773.67	0.218427
1774.67	0.218547
1775.67	0.218667
1776.67	0.218783
1777.67	0.218892
1778.67	0.219013
1779.67	0.219123
1780.68	0.219249
1781.68	0.219372
1782.68	0.219487
1783.68	0.219612
1784.68	0.219729
1785.68	0.219855
1786.68	0.219979
1787.68	0.220101
1788.68	0.220228
1789.68	0.220352
1790.68	0.220463
1791.68	0.220586
1792.68	0.220706
1793.68	0.22083
1794.68	0.220957
1795.68	0.221077
1796.68	0.221203
1797.68	0.221323
1798.68	0.221444
1799.68	0.221572
1800.68	0.221715
1801.68	0.22187
1802.68	0.222017
1803.68	0.222171
1804.68	0.222311
1805.68	0.222471
1806.68	0.222629
1807.68	0.222797
1808.68	0.222947
1809.68	0.223101
1810.68	0.223252
1811.68	0.223407
1812.69	0.223555
1813.69	0.223699
1814.69	0.223854
1815.69	0.223998
1816.69	0.224152
1817.69	0.224299
1818.69	0.224457
1819.69	0.224608
1820.69	0.224762
1821.69	0.22491
1822.69	0.225056
1823.69	0.2252
1824.69	0.225357
1825.69	0.225506
1826.69	0.225646
1827.69	0.225792
1828.69	0.225935
1829.69	0.226092
1830.69	0.226234
1831.69	0.22637
1832.69	0.226509
1833.69	0.226654
1834.69	0.226806
1835.69	0.226947
1836.69	0.227097
1837.69	0.227229
1838.69	0.227371
1839.69	0.227515
1840.69	0.22766
1841.69	0.227809
1842.69	0.227952
1843.69	0.228088
1844.69	0.22824
1845.69	0.228382
1846.69	0.228527
1847.69	0.228666
1848.69	0.228809
1849.69	0.228948
1850.7	0.229078
1851.7	0.229222
1852.7	0.229355
1853.7	0.229481
1854.7	0.229614
1855.7	0.22975
1856.7	0.229894
1857.7	0.230018
1858.7	0.230151
1859.7	0.230286
1860.7	0.230434
1861.7	0.230565
1862.7	0.230702
1863.7	0.230842
1864.7	0.230985
1865.7	0.231114
1866.7	0.231249
1867.7	0.231394
1868.7	0.231534
1869.7	0.23167
1870.7	0.231802
1871.7	0.231939
1872.7	0.23208
1873.7	0.232212
1874.7	0.232346
1875.7	0.232484
1876.7	0.232616
1877.7	0.232748
1878.7	0.232885
1879.7	0.233027
1880.7	0.233164
1881.7	0.233302
1882.7	0.233445
1883.7	0.233587
1884.7	0.233719
1885.7	0.233851
1886.7	0.23399
1887.7	0.234135
1888.71	0.234273
1889.71	0.234413
1890.71	0.234542
1891.71	0.234685
1892.71	0.234816
1893.71	0.234954
1894.71	0.235085
1895.71	0.23521
1896.71	0.235341
1897.71	0.235478
1898.71	0.235611
1899.71	0.235753
1900.71	0.235887
1901.71	0.236021
1902.71	0.236156
1903.71	0.23628
1904.71	0.236414
1905.71	0.236552
1906.71	0.236684
1907.71	0.236819
1908.71	0.236959
1909.71	0.237097
1910.71	0.237225
1911.71	0.237356
1912.71	0.237495
1913.71	0.237632
1914.71	0.237756
1915.71	0.237898
1916.71	0.238021
1917.71	0.238143
1918.71	0.238277
1919.71	0.238413
1920.71	0.238553
1921.71	0.238682
1922.71	0.23881
1923.71	0.238942
1924.71	0.23908
1925.72	0.239213
1926.72	0.239334
1927.72	0.239462
1928.72	0.239594
1929.72	0.239724
1930.72	0.239857
1931.72	0.239986
1932.72	0.240121
1933.72	0.240263
1934.72	0.24039
1935.72	0.240524
1936.72	0.240659
1937.72	0.240787
1938.72	0.240913
1939.72	0.241047
1940.72	0.241173
1941.72	0.241306
1942.72	0.241429
1943.72	0.241568
1944.72	0.241698
1945.72	0.241823
1946.72	0.241947
1947.72	0.242081
1948.72	0.24221
1949.72	0.24233
1950.72	0.242452
1951.73	0.242576
1952.73	0.242705
1953.73	0.242824
1954.73	0.242958
1955.73	0.243087
1956.73	0.243221
1957.73	0.243352
1958.73	0.243481
1959.73	0.243611
1960.73	0.24374
1961.73	0.243872
1962.73	0.243997
1963.73	0.24412
1964.73	0.244237
1965.73	0.244367
1966.73	0.244491
1967.73	0.244614
1968.73	0.244736
1969.73	0.244865
1970.73	0.244983
1971.73	0.245109
1972.73	0.245224
1973.73	0.245347
1974.73	0.24547
1975.73	0.245605
1976.73	0.245725
1977.73	0.24585
1978.73	0.24597
1979.73	0.246093
1980.73	0.246217
1981.73	0.246345
1982.73	0.246467
1983.73	0.246589
1984.74	0.24671
1985.74	0.246837
1986.74	0.246957
1987.74	0.247083
1988.74	0.247215
1989.74	0.247349
1990.74	0.247476
1991.74	0.247604
1992.74	0.247723
1993.74	0.247842
1994.74	0.247974
1995.74	0.248089
1996.74	0.2482
1997.74	0.248329
1998.74	0.248456
1999.74	0.248573
2000.74	0.248717
2001.74	0.248866
2002.74	0.249018
2003.74	0.24918
2004.74	0.249323
2005.74	0.249477
2006.74	0.249631
2007.74	0.249778
2008.74	0.249923
2009.74	0.250073
2010.75	0.250226
2011.75	0.250377
2012.75	0.250527
2013.75	0.250675
2014.75	0.250822
2015.75	0.250972
2016.75	0.251116
2017.75	0.251263
2018.75	0.251406
2019.75	0.251555
2020.75	0.251705
2021.75	0.251855
2022.75	0.252003
2023.75	0.252154
2024.75	0.252292
2025.75	0.252431
2026.75	0.25258
2027.75	0.252727
2028.75	0.252877
2029.75	0.253029
2030.75	0.253178
2031.75	0.253333
2032.75	0.25348
2033.75	0.253623
2034.75	0.253759
2035.75	0.253899
2036.75	0.254044
2037.75	0.254191
2038.75	0.254328
2039.75	0.254481
2040.75	0.25462
2041.75	0.254755
2042.75	0.254899
2043.75	0.25504
2044.75	0.255182
2045.75	0.255319
2046.75	0.255459
2047.75	0.255605
2048.75	0.255749
2049.75	0.255884
2050.75	0.25603
2051.75	0.256174
2052.75	0.256312
2053.75	0.256451
2054.75	0.256598
2055.75	0.256737
2056.75	0.256869
2057.75	0.257012
2058.75	0.257149
2059.75	0.25729
2060.76	0.257425
2061.76	0.257571
2062.76	0.257714
2063.76	0.257852
2064.76	0.257985
2065.76	0.258127
2066.76	0.258271
2067.76	0.258409
2068.76	0.258552
2069.76	0.258696
2070.76	0.258832
2071.76	0.258975
2072.76	0.259123
2073.76	0.259254
2074.76	0.259378
2075.76	0.259515
2076.76	0.259655
2077.76	0.259785
2078.76	0.259916
2079.76	0.260053
2080.76	0.260187
2081.76	0.260325
2082.76	0.260459
2083.76	0.26059
2084.76	0.260727
2085.76	0.260861
2086.76	0.260998
2087.76	0.261138
2088.76	0.26128
2089.76	0.261408
2090.76	0.261534
2091.76	0.261663
2092.76	0.2618
2093.76	0.261929
2094.76	0.262064
2095.76	0.262204
2096.76	0.262337
2097.76	0.262471
2098.76	0.262602
2099.76	0.262739
2100.76	0.26287
2101.76	0.263007
2102.76	0.263139
2103.76	0.263268
2104.77	0.263414
2105.77	0.263545
2106.77	0.263678
2107.77	0.263815
2108.77	0.263944
2109.77	0.26407
2110.77	0.264197
2111.77	0.264331
2112.77	0.264463
2113.77	0.264594
2114.77	0.26473
2115.77	0.264864
2116.77	0.264991
2117.77	0.265123
2118.77	0.26526
2119.77	0.265397
2120.77	0.265522
2121.77	0.26565
2122.77	0.26578
2123.77	0.265911
2124.77	0.266042
2125.77	0.266171
2126.77	0.266308
2127.77	0.266436
2128.77	0.266562
2129.77	0.266682
2130.77	0.266813
2131.77	0.266936
2132.77	0.267066
2133.77	0.267197
2134.77	0.26732
2135.77	0.26745
2136.77	0.267583
2137.77	0.267716
2138.77	0.26784
2139.77	0.267973
2140.77	0.268099
2141.77	0.268227
2142.77	0.268353
2143.77	0.268477
2144.77	0.268607
2145.78	0.268736
2146.78	0.268866
2147.78	0.26899
2148.78	0.269122
2149.78	0.269254
2150.78	0.269373
2151.78	0.269504
2152.78	0.269642
2153.78	0.269772
2154.78	0.269899
2155.78	0.270021
2156.78	0.270149
2157.78	0.270276
2158.78	0.270397
2159.78	0.270523
2160.78	0.270646
2161.78	0.270771
2162.78	0.270899
2163.78	0.27103
2164.78	0.271159
2165.78	0.271291
2166.78	0.271408
2167.78	0.271536
2168.78	0.271662
2169.78	0.271784
2170.78	0.271913
2171.78	0.272032
2172.78	0.272156
2173.78	0.272279
2174.78	0.272409
2175.78	0.272528
2176.78	0.27265
2177.78	0.272772
2178.78	0.272897
2179.78	0.273025
2180.78	0.273145
2181.78	0.273267
2182.78	0.273388
2183.78	0.273508
2184.78	0.273627
2185.78	0.273754
2186.78	0.273876
2187.78	0.273995
2188.78	0.274119
2189.78	0.274237
2190.78	0.274362
2191.78	0.274489
2192.78	0.274608
2193.78	0.274718
2194.79	0.274841
2195.79	0.274961
2196.79	0.275091
2197.79	0.275209
2198.79	0.275339
2199.79	0.275464
2200.79	0.275603
2201.79	0.27575
2202.79	0.2759
2203.79	0.276051
2204.79	0.276199
2205.79	0.276342
2206.79	0.276491
2207.79	0.276631
2208.79	0.276769
2209.79	0.276905
2210.79	0.277049
2211.79	0.277197
2212.79	0.277345
2213.79	0.277491
2214.79	0.27763
2215.79	0.277767
2216.79	0.277912
2217.79	0.278053
2218.79	0.278192
2219.79	0.278333
2220.79	0.278482
2221.79	0.27862
2222.79	0.27876
2223.79	0.278906
2224.79	0.279038
2225.79	0.279178
2226.79	0.279315
2227.79	0.279465
2228.79	0.279598
2229.79	0.27974
2230.79	0.279871
2231.79	0.280019
2232.79	0.280159
2233.79	0.280299
2234.79	0.280445
2235.79	0.280585
2236.79	0.280729
2237.79	0.280868
2238.79	0.281002
2239.79	0.281133
2240.79	0.281269
2241.79	0.281412
2242.79	0.28155
2243.79	0.281687
2244.79	0.281825
2245.79	0.281963
2246.79	0.282102
2247.79	0.282245
2248.79	0.282382
2249.79	0.282527
2250.79	0.282676
2251.79	0.282821
2252.79	0.282969
2253.79	0.283104
2254.79	0.283248
2255.79	0.283398
2256.79	0.283542
2257.79	0.283673
2258.79	0.283816
2259.79	0.283951
2260.79	0.284084
2261.79	0.284223
2262.79	0.284356
2263.79	0.284491
2264.79	0.284622
2265.79	0.284759
2266.79	0.284898
2267.79	0.285045
2268.8	0.285181
2269.8	0.285312
2270.8	0.285439
2271.8	0.285575
2272.8	0.285708
2273.8	0.285845
2274.8	0.285982
2275.8	0.286124
2276.8	0.286259
2277.8	0.286398
2278.8	0.286525
2279.8	0.28666
2280.8	0.286799
2281.8	0.28693
2282.8	0.28706
2283.8	0.287191
2284.8	0.28732
2285.8	0.287449
2286.8	0.287579
2287.8	0.287707
2288.8	0.28784
2289.8	0.287983
2290.8	0.288127
2291.8	0.288256
2292.8	0.288384
2293.8	0.288518
2294.8	0.28865
2295.8	0.288773
2296.8	0.288904
2297.8	0.289032
2298.8	0.289157
2299.8	0.28929
2300.8	0.289418
2301.8	0.289545
2302.8	0.289678
2303.8	0.289809
2304.8	0.289931
2305.8	0.290057
2306.8	0.290186
2307.8	0.290316
2308.8	0.290458
2309.8	0.290585
2310.8	0.29072
2311.8	0.290851
2312.8	0.290982
2313.8	0.291115
2314.8	0.291233
2315.8	0.291359
2316.8	0.291492
2317.8	0.291623
2318.8	0.291748
2319.8	0.291872
2320.8	0.292005
2321.8	0.292128
2322.8	0.292243
2323.8	0.292365
2324.8	0.292488
2325.81	0.292616
2326.81	0.292739
2327.81	0.292867
2328.81	0.292998
2329.81	0.293121
2330.81	0.293243
2331.81	0.293367
2332.81	0.293491
2333.81	0.293614
2334.81	0.293745
2335.81	0.293872
2336.81	0.293999
2337.81	0.294134
2338.81	0.29426
2339.81	0.294395
2340.81	0.294517
2341.81	0.29464
2342.81	0.294753
2343.81	0.294888
2344.81	0.295011
2345.81	0.29513
2346.81	0.295245
2347.81	0.295365
2348.81	0.295485
2349.81	0.295612
2350.81	0.295736
2351.81	0.295863
2352.81	0.295988
2353.81	0.29611
2354.81	0.296232
2355.81	0.296357
2356.81	0.29648
2357.81	0.296598
2358.81	0.29672
2359.81	0.296841
2360.81	0.29697
2361.81	0.297089
2362.81	0.297207
2363.81	0.297331
2364.81	0.297458
2365.81	0.29758
2366.81	0.297702
2367.81	0.297827
2368.81	0.297952
2369.81	0.298076
2370.81	0.298203
2371.81	0.298334
2372.81	0.29846
2373.81	0.29858
2374.81	0.298704
2375.82	0.298823
2376.82	0.298943
2377.82	0.299068
2378.82	0.299188
2379.82	0.299308
2380.82	0.299429
2381.82	0.299548
2382.82	0.29967
2383.82	0.29979
2384.82	0.29991
2385.82	0.300031
2386.82	0.300153
2387.82	0.300277
2388.82	0.300391
2389.82	0.300513
2390.82	0.300637
2391.82	0.30076
2392.82	0.30088
2393.82	0.301003
2394.82	0.301131
2395.82	0.30125
2396.82	0.301362
2397.82	0.301481
2398.82	0.301606
2399.82	0.301717
2400.82	0.301864
2401.82	0.302006
2402.82	0.302154
2403.82	0.302297
2404.82	0.302443
2405.82	0.302583
2406.82	0.302728
2407.82	0.302863
2408.82	0.303016
2409.82	0.303151
2410.82	0.303295
2411.82	0.303438
2412.82	0.303583
2413.82	0.303724
2414.82	0.303857
2415.82	0.304006
2416.82	0.304144
2417.82	0.30428
2418.82	0.304426
2419.83	0.304572
2420.83	0.304713
2421.83	0.304847
2422.83	0.304991
2423.83	0.305134
2424.83	0.305271
2425.83	0.30543
2426.83	0.305573
2427.83	0.30571
2428.83	0.305855
2429.83	0.306002
2430.83	0.306133
2431.83	0.306275
2432.83	0.306411
2433.83	0.306553
2434.83	0.306693
2435.83	0.306826
2436.83	0.306958
2437.83	0.307099
2438.83	0.30724
2439.83	0.307371
2440.83	0.307507
2441.83	0.307646
2442.83	0.307781
2443.83	0.307929
2444.83	0.308074
2445.83	0.308208
2446.83	0.308347
2447.83	0.308487
2448.83	0.30862
2449.83	0.308769
2450.83	0.308904
2451.83	0.309043
2452.83	0.309175
2453.83	0.309317
2454.83	0.309456
2455.83	0.309599
2456.83	0.309732
2457.83	0.309877
2458.83	0.31002
2459.83	0.310146
2460.83	0.31028
2461.83	0.310411
2462.83	0.310541
2463.83	0.310672
2464.83	0.310802
2465.83	0.310931
2466.83	0.311063
2467.83	0.311193
2468.83	0.311326
2469.83	0.311463
2470.83	0.311599
2471.83	0.311734
2472.83	0.311871
2473.83	0.312001
2474.83	0.312139
2475.83	0.31227
2476.83	0.312406
2477.83	0.312539
2478.83	0.312655
2479.83	0.312791
2480.83	0.312923
2481.83	0.313052
2482.83	0.313188
2483.83	0.313323
2484.83	0.313457
2485.83	0.313595
2486.83	0.313724
2487.83	0.313848
2488.83	0.313987
2489.83	0.314111
2490.83	0.314247
2491.83	0.314377
2492.83	0.314499
2493.83	0.314629
2494.84	0.31476
2495.84	0.314901
2496.84	0.315029
2497.84	0.315157
2498.84	0.315287
2499.84	0.315411
2500.84	0.315542
2501.84	0.31567
2502.84	0.315804
2503.84	0.315934
2504.84	0.316064
2505.84	0.316195
2506.84	0.316325
2507.84	0.316447
2508.84	0.31658
2509.84	0.316707
2510.84	0.316836
2511.84	0.316967
2512.84	0.317099
2513.84	0.31723
2514.84	0.317352
2515.84	0.317483
2516.84	0.317612
2517.84	0.317738
2518.84	0.317871
2519.84	0.318003
2520.84	0.318133
2521.84	0.318268
2522.84	0.318396
2523.84	0.318527
2524.84	0.31866
2525.84	0.318781
2526.84	0.318912
2527.84	0.319034
2528.84	0.319148
2529.84	0.319272
2530.84	0.319396
2531.84	0.319523
2532.84	0.319651
2533.84	0.31978
2534.84	0.319909
2535.84	0.320036
2536.84	0.320159
2537.84	0.320285
2538.84	0.320407
2539.84	0.320528
2540.84	0.320657
2541.84	0.320784
2542.84	0.320914
2543.84	0.321042
2544.84	0.321168
2545.84	0.321284
2546.84	0.321402
2547.84	0.32153
2548.84	0.321646
2549.84	0.32177
2550.84	0.321897
2551.84	0.322019
2552.84	0.322144
2553.84	0.322268
2554.84	0.322396
2555.84	0.32252
2556.84	0.322646
2557.84	0.322779
2558.84	0.322898
2559.84	0.323019
2560.84	0.32315
2561.84	0.323268
2562.84	0.323398
2563.84	0.323525
2564.84	0.323649
2565.85	0.323768
2566.85	0.323881
2567.85	0.324012
2568.85	0.324136
2569.85	0.324258
2570.85	0.324376
2571.85	0.324504
2572.85	0.324631
2573.85	0.324759
2574.85	0.324881
2575.85	0.325001
2576.85	0.32512
2577.85	0.325244
2578.85	0.325366
2579.85	0.32549
2580.85	0.325607
2581.85	0.325736
2582.85	0.325867
2583.85	0.325992
2584.85	0.32612
2585.85	0.326244
2586.85	0.326368
2587.85	0.326487
2588.85	0.326613
2589.85	0.326744
2590.85	0.326869
2591.85	0.326984
2592.85	0.327109
2593.85	0.327226
2594.85	0.327341
2595.85	0.327467
2596.85	0.327582
2597.85	0.3277
2598.85	0.327824
2599.85	0.327948
2600.85	0.328089
2601.85	0.328234
2602.85	0.328381
2603.85	0.328523
2604.85	0.328676
2605.85	0.328819
2606.85	0.328964
2607.85	0.3291
2608.85	0.329241
2609.85	0.329382
2610.85	0.329527
2611.85	0.329672
2612.85	0.329811
2613.85	0.329951
2614.85	0.330088
2615.85	0.330232
2616.85	0.330374
2617.85	0.330508
2618.85	0.330641
2619.85	0.330778
2620.85	0.330915
2621.85	0.331055
2622.86	0.331196
2623.86	0.331337
2624.86	0.331477
2625.86	0.331617
2626.86	0.331751
2627.86	0.331885
2628.86	0.33203
2629.86	0.332164
2630.86	0.332304
2631.86	0.332449
2632.86	0.332588
2633.86	0.332723
2634.86	0.332872
2635.86	0.333017
2636.86	0.333153
2637.86	0.333291
2638.86	0.333433
2639.86	0.333566
2640.86	0.333704
2641.86	0.333836
2642.86	0.333971
2643.86	0.334099
2644.86	0.334231
2645.86	0.334363
2646.86	0.334503
2647.86	0.334633
2648.86	0.334773
2649.86	0.334913
2650.86	0.335058
2651.86	0.335193
2652.86	0.335341
2653.86	0.33547
2654.86	0.3356
2655.86	0.335726
2656.86	0.335862
2657.86	0.335992
2658.86	0.336127
2659.86	0.336257
2660.86	0.336392
2661.86	0.336526
2662.86	0.33666
2663.86	0.336803
2664.86	0.33694
2665.86	0.337077
2666.86	0.337209
2667.86	0.337343
2668.86	0.337476
2669.86	0.337612
2670.86	0.337752
2671.86	0.337888
2672.86	0.338023
2673.86	0.338153
2674.86	0.338288
2675.86	0.338417
2676.86	0.338546
2677.86	0.33868
2678.86	0.338817
2679.86	0.338948
2680.86	0.339079
2681.86	0.339207
2682.86	0.33934
2683.86	0.339472
2684.86	0.339597
2685.86	0.339734
2686.86	0.339866
2687.86	0.340008
2688.86	0.340144
2689.86	0.340279
2690.86	0.340411
2691.86	0.340533
2692.86	0.340655
2693.87	0.340784
2694.87	0.340909
2695.87	0.341039
2696.87	0.341159
2697.87	0.341292
2698.87	0.341416
2699.87	0.341545
2700.87	0.341677
2701.87	0.341799
2702.87	0.341928
2703.87	0.34205
2704.87	0.342183
2705.87	0.342317
2706.87	0.342445
2707.87	0.342569
2708.87	0.342694
2709.87	0.34282
2710.87	0.342946
2711.87	0.34308
2712.87	0.343208
2713.87	0.343337
2714.87	0.343466
2715.87	0.343591
2716.87	0.343713
2717.87	0.343832
2718.87	0.343952
2719.87	0.344083
2720.87	0.344208
2721.87	0.344328
2722.87	0.344456
2723.87	0.344588
2724.87	0.344715
2725.87	0.344842
2726.87	0.344964
2727.87	0.345082
2728.87	0.34521
2729.87	0.345334
2730.87	0.345459
2731.87	0.34559
2732.87	0.345712
2733.87	0.345834
2734.87	0.345961
2735.87	0.346085
2736.87	0.346214
2737.87	0.346347
2738.87	0.346474
2739.87	0.34659
2740.87	0.346708
2741.87	0.346836
2742.87	0.34696
2743.87	0.347074
2744.87	0.3472
2745.87	0.347327
2746.87	0.347443
2747.87	0.347567
2748.87	0.347688
2749.87	0.347819
2750.87	0.347943
2751.87	0.348062
2752.87	0.348178
2753.87	0.348294
2754.87	0.348414
2755.87	0.348534
2756.87	0.348657
2757.87	0.348786
2758.87	0.348908
2759.87	0.349028
2760.87	0.349155
2761.87	0.349274
2762.87	0.349394
2763.87	0.349514
2764.87	0.349628
2765.87	0.349747
2766.87	0.349864
2767.87	0.349988
2768.87	0.350114
2769.87	0.350236
2770.87	0.350362
2771.87	0.350478
2772.88	0.350597
2773.88	0.350716
2774.88	0.350833
2775.88	0.350952
2776.88	0.351072
2777.88	0.35119
2778.88	0.351315
2779.88	0.351443
2780.88	0.351567
2781.88	0.351693
2782.88	0.351814
2783.88	0.35193
2784.88	0.352047
2785.88	0.352167
2786.88	0.352288
2787.88	0.352413
2788.88	0.352528
2789.88	0.352653
2790.88	0.352777
2791.88	0.352892
2792.88	0.353011
2793.88	0.353137
2794.88	0.353255
2795.88	0.353365
2796.88	0.353486
2797.88	0.353602
2798.88	0.353714
2799.88	0.353827
2800.88	0.353961
2801.88	0.354102
2802.88	0.354238
2803.88	0.354385
2804.88	0.354522
2805.88	0.354655
2806.88	0.354798
2807.88	0.354932
2808.88	0.355071
2809.88	0.355202
2810.88	0.355348
2811.88	0.355482
2812.88	0.355622
2813.88	0.355765
2814.88	0.355908
2815.88	0.356034
2816.88	0.356168
2817.88	0.356311
2818.88	0.356448
2819.88	0.356588
2820.88	0.356726
2821.88	0.356855
2822.88	0.356992
2823.88	0.357139
2824.88	0.357281
2825.88	0.357414
2826.88	0.357544
2827.88	0.357684
2828.88	0.357826
2829.88	0.357961
2830.88	0.358095
2831.88	0.358236
2832.88	0.358374
2833.88	0.35851
2834.88	0.358645
2835.88	0.358777
2836.88	0.358905
2837.88	0.35904
2838.88	0.359178
2839.88	0.359315
2840.88	0.359442
2841.88	0.359578
2842.89	0.359715
2843.89	0.359852
2844.89	0.359985
2845.89	0.360116
2846.89	0.36025
2847.89	0.360374
2848.89	0.36051
2849.89	0.360646
2850.89	0.360774
2851.89	0.360908
2852.89	0.361041
2853.89	0.361182
2854.89	0.361312
2855.89	0.361438
2856.89	0.36157
2857.89	0.3617
2858.89	0.361828
2859.89	0.361958
2860.89	0.362093
2861.89	0.362221
2862.89	0.362352
2863.89	0.362494
2864.89	0.36263
2865.89	0.362756
2866.89	0.362891
2867.89	0.363018
2868.89	0.36315
2869.89	0.363282
2870.89	0.363417
2871.89	0.363549
2872.89	0.363674
2873.89	0.363802
2874.89	0.363923
2875.89	0.364052
2876.89	0.364187
2877.89	0.364302
2878.89	0.364426
2879.89	0.364547
2880.89	0.364675
2881.89	0.364806
2882.89	0.364938
2883.89	0.365073
2884.89	0.365199
2885.89	0.365342
2886.89	0.365474
2887.89	0.365611
2888.89	0.365746
2889.89	0.365874
2890.89	0.366008
2891.89	0.366134
2892.89	0.366262
2893.89	0.36639
2894.89	0.366525
2895.89	0.366653
2896.89	0.366783
2897.89	0.366905
2898.89	0.367035
2899.89	0.367157
2900.89	0.36728
2901.89	0.367408
2902.89	0.367536
2903.89	0.36766
2904.89	0.367783
2905.89	0.367903
2906.89	0.368023
2907.89	0.368152
2908.89	0.368268
2909.89	0.368394
2910.89	0.368516
2911.89	0.368636
2912.89	0.368758
2913.89	0.368874
2914.89	0.369003
2915.89	0.369128
2916.89	0.369251
2917.89	0.369367
2918.89	0.369486
2919.89	0.36961
2920.89	0.369732
2921.89	0.369854
2922.89	0.369976
2923.89	0.370092
2924.89	0.370212
2925.89	0.370334
2926.89	0.370459
2927.89	0.37058
2928.89	0.370707
2929.89	0.370836
2930.89	0.370958
2931.89	0.371085
2932.89	0.371206
2933.89	0.371334
2934.89	0.371449
2935.89	0.371572
2936.89	0.371687
2937.89	0.371809
2938.89	0.371927
2939.89	0.372046
2940.89	0.372178
2941.89	0.372301
2942.89	0.372429
2943.89	0.372549
2944.89	0.372668
2945.89	0.37279
2946.89	0.372902
2947.9	0.373009
2948.9	0.373128
2949.9	0.373243
2950.9	0.373358
2951.9	0.373482
2952.9	0.373606
2953.9	0.373724
2954.9	0.37384
2955.9	0.373966
2956.9	0.374088
2957.9	0.374206
2958.9	0.374329
2959.9	0.374447
2960.9	0.374564
2961.9	0.374677
2962.9	0.374798
2963.9	0.374916
2964.9	0.375049
2965.9	0.375166
2966.9	0.375287
2967.9	0.37541
2968.9	0.375521
2969.9	0.375636
2970.9	0.375752
2971.9	0.375873
2972.9	0.375993
2973.9	0.376111
2974.9	0.376231
2975.9	0.376342
2976.9	0.376455
2977.9	0.376569
2978.9	0.376693
2979.9	0.376814
2980.9	0.376934
2981.9	0.377058
2982.9	0.37718
2983.9	0.377299
2984.9	0.377407
2985.9	0.377527
2986.9	0.377644
2987.9	0.377758
2988.9	0.377873
2989.9	0.377991
2990.9	0.378107
2991.9	0.378226
2992.9	0.378345
2993.9	0.37847
2994.9	0.378593
2995.9	0.378723
2996.9	0.378847
2997.9	0.37896
2998.9	0.379074
2999.9	0.379191
3000.9	0.379313
3001.9	0.379443
3002.9	0.379576
3003.9	0.379725
3004.9	0.379862
3005.9	0.379995
3006.9	0.380137
3007.9	0.380268
3008.9	0.3804
3009.9	0.380538
3010.9	0.38067
3011.9	0.380802
3012.9	0.380934
3013.9	0.381069
3014.9	0.381208
3015.9	0.381343
3016.9	0.381475
3017.9	0.381604
3018.9	0.381734
3019.9	0.381865
3020.9	0.381996
3021.9	0.38213
3022.9	0.382261
3023.9	0.38239
3024.9	0.382527
3025.9	0.38266
3026.9	0.382792
3027.9	0.382925
3028.9	0.383052
3029.9	0.383194
3030.9	0.38332
3031.9	0.383445
3032.9	0.383583
3033.9	0.383712
3034.9	0.383847
3035.9	0.383982
3036.9	0.384115
3037.9	0.384247
3038.9	0.384374
3039.9	0.384503
3040.9	0.384636
3041.9	0.384767
3042.91	0.38489
3043.91	0.385017
3044.91	0.385143
3045.91	0.38527
3046.91	0.3854
3047.91	0.385529
3048.91	0.385651
3049.91	0.385785
3050.91	0.38592
3051.91	0.386049
3052.91	0.386177
3053.91	0.386311
3054.91	0.386437
3055.91	0.386564
3056.91	0.386688
3057.91	0.386811
3058.91	0.386936
3059.91	0.387064
3060.91	0.387192
3061.91	0.387322
3062.91	0.387454
3063.91	0.387585
3064.91	0.387712
3065.91	0.387843
3066.91	0.387965
3067.91	0.388096
3068.91	0.388228
3069.91	0.388358
3070.91	0.388486
3071.91	0.388615
3072.91	0.388746
3073.91	0.388868
3074.91	0.389
3075.91	0.389134
3076.91	0.389261
3077.91	0.389388
3078.91	0.389518
3079.91	0.389645
3080.91	0.389775
3081.91	0.389897
3082.91	0.390021
3083.91	0.390137
3084.91	0.390264
3085.91	0.390392
3086.91	0.390519
3087.91	0.390633
3088.91	0.390757
3089.91	0.390889
3090.91	0.391021
3091.91	0.391138
3092.91	0.391259
3093.91	0.391389
3094.91	0.391517
3095.91	0.39164
3096.91	0.391764
3097.91	0.391885
3098.91	0.392004
3099.91	0.392122
3100.91	0.392239
3101.91	0.392363
3102.91	0.39248
3103.91	0.392602
3104.91	0.392719
3105.91	0.392841
3106.91	0.392958
3107.91	0.393085
3108.91	0.393204
3109.91	0.393329
3110.91	0.393453
3111.91	0.393571
3112.91	0.393687
3113.91	0.393806
3114.91	0.393929
3115.91	0.394052
3116.91	0.394181
3117.91	0.394296
3118.91	0.394417
3119.91	0.394531
3120.91	0.394654
3121.91	0.394773
3122.91	0.394887
3123.91	0.395006
3124.91	0.395126
3125.91	0.395239
3126.91	0.395358
3127.91	0.395468
3128.91	0.395584
3129.91	0.395699
3130.91	0.395825
3131.91	0.395947
3132.91	0.396069
3133.91	0.396187
3134.91	0.396306
3135.91	0.39644
3136.91	0.396547
3137.91	0.396674
3138.91	0.396782
3139.91	0.396901
3140.91	0.397019
3141.91	0.397139
3142.91	0.397255
3143.91	0.397371
3144.92	0.397492
3145.92	0.397614
3146.92	0.397735
3147.92	0.397854
3148.92	0.397966
3149.92	0.398074
3150.92	0.398185
3151.92	0.398304
3152.92	0.398425
3153.92	0.398541
3154.92	0.39866
3155.92	0.398775
3156.92	0.398895
3157.92	0.399014
3158.92	0.399136
3159.92	0.39926
3160.92	0.399372
3161.92	0.399485
3162.92	0.399605
3163.92	0.399725
3164.92	0.399844
3165.92	0.399957
3166.92	0.400074
3167.92	0.400195
3168.92	0.400314
3169.92	0.40043
3170.92	0.400549
3171.92	0.400665
3172.92	0.400785
3173.92	0.400901
3174.92	0.401015
3175.92	0.401135
3176.92	0.40125
3177.92	0.401362
3178.92	0.401478
3179.92	0.401592
3180.92	0.401709
3181.92	0.40183
3182.92	0.401942
3183.92	0.402059
3184.92	0.402184
3185.92	0.402303
3186.92	0.402417
3187.92	0.402532
3188.92	0.402649
3189.92	0.402762
3190.92	0.402878
3191.92	0.403002
3192.92	0.403122
3193.92	0.40323
3194.92	0.403354
3195.92	0.403463
3196.92	0.403572
3197.92	0.403692
3198.92	0.403813
3199.92	0.403933
3200.92	0.404056
3201.92	0.404184
3202.92	0.404315
3203.92	0.404442
3204.92	0.404571
3205.92	0.404704
3206.92	0.404836
3207.92	0.404967
3208.92	0.405101
3209.92	0.405234
3210.92	0.405362
3211.92	0.405501
3212.92	0.405637
3213.92	0.40577
3214.92	0.405897
3215.92	0.406036
3216.92	0.406167
3217.92	0.40629
3218.92	0.406421
3219.92	0.406554
3220.92	0.406685
3221.92	0.406817
3222.92	0.406946
3223.92	0.407073
3224.92	0.407199
3225.92	0.407335
3226.92	0.407468
3227.92	0.407598
3228.92	0.407721
3229.92	0.407845
3230.92	0.407969
3231.92	0.408102
3232.92	0.408234
3233.92	0.408362
3234.92	0.408489
3235.92	0.408614
3236.92	0.408744
3237.92	0.408872
3238.92	0.409004
3239.92	0.409128
3240.92	0.409252
3241.92	0.409378
3242.92	0.40951
3243.92	0.40964
3244.92	0.40976
3245.92	0.409883
3246.92	0.410003
3247.92	0.410133
3248.92	0.410258
3249.92	0.410393
3250.92	0.410511
3251.92	0.410645
3252.92	0.410768
3253.92	0.410893
3254.92	0.411017
3255.92	0.411143
3256.92	0.41126
3257.92	0.411388
3258.92	0.411511
3259.92	0.411637
3260.93	0.41176
3261.93	0.411889
3262.93	0.412017
3263.93	0.412146
3264.93	0.41227
3265.93	0.4124
3266.93	0.412526
3267.93	0.412653
3268.93	0.412779
3269.93	0.412909
3270.93	0.413039
3271.93	0.41317
3272.93	0.413294
3273.93	0.413426
3274.93	0.413551
3275.93	0.41367
3276.93	0.413796
3277.93	0.41392
3278.93	0.414044
3279.93	0.414167
3280.93	0.41429
3281.93	0.41442
3282.93	0.414545
3283.93	0.41467
3284.93	0.414791
3285.93	0.414911
3286.93	0.415034
3287.93	0.415162
3288.93	0.415292
3289.93	0.415414
3290.93	0.415544
3291.93	0.415667
3292.93	0.415788
3293.93	0.415909
3294.93	0.416039
3295.93	0.416167
3296.93	0.416283
3297.93	0.416404
3298.93	0.416532
3299.93	0.416659
3300.93	0.416774
3301.93	0.416889
3302.93	0.417009
3303.93	0.417131
3304.93	0.417253
3305.93	0.417371
3306.93	0.417495
3307.93	0.417627
3308.93	0.417757
3309.93	0.417874
3310.93	0.417997
3311.93	0.418121
3312.93	0.418246
3313.93	0.418363
3314.93	0.418481
3315.93	0.418602
3316.93	0.418728
3317.93	0.41885
3318.93	0.418972
3319.93	0.419095
3320.93	0.41922
3321.93	0.419345
3322.93	0.419475
3323.93	0.419597
3324.93	0.419718
3325.93	0.419835
3326.93	0.419954
3327.93	0.420072
3328.93	0.420199
3329.93	0.420326
3330.93	0.420445
3331.93	0.420567
3332.93	0.420691
3333.93	0.420818
3334.93	0.420938
3335.93	0.421058
3336.93	0.421179
3337.93	0.421295
3338.93	0.421409
3339.93	0.421534
3340.93	0.421656
3341.93	0.421776
3342.93	0.421894
3343.93	0.422017
3344.94	0.422134
3345.94	0.422259
3346.94	0.422383
3347.94	0.42251
3348.94	0.422626
3349.94	0.422744
3350.94	0.422865
3351.94	0.42298
3352.94	0.423102
3353.94	0.423223
3354.94	0.423333
3355.94	0.423452
3356.94	0.423569
3357.94	0.423694
3358.94	0.423821
3359.94	0.423939
3360.94	0.42406
3361.94	0.424175
3362.94	0.424298
3363.94	0.424414
3364.94	0.424531
3365.94	0.424653
3366.94	0.42477
3367.94	0.424888
3368.94	0.425008
3369.94	0.425124
3370.94	0.425249
3371.94	0.425362
3372.94	0.425485
3373.94	0.425601
3374.94	0.425716
3375.94	0.425832
3376.94	0.425955
3377.94	0.426075
3378.94	0.42619
3379.94	0.426308
3380.94	0.426423
3381.94	0.426543
3382.94	0.426665
3383.94	0.42679
3384.94	0.426906
3385.94	0.427021
3386.94	0.427133
3387.94	0.427249
3388.94	0.427365
3389.94	0.427478
3390.94	0.427592
3391.94	0.427711
3392.94	0.427825
3393.94	0.427935
3394.94	0.42805
3395.94	0.428171
3396.94	0.428287
3397.94	0.428401
3398.94	0.428526
3399.94	0.428639
3400.94	0.428768
3401.94	0.428901
3402.94	0.429035
3403.94	0.42917
3404.94	0.429301
3405.94	0.429423
3406.94	0.429552
3407.94	0.429688
3408.94	0.429814
3409.94	0.429952
3410.94	0.430084
3411.94	0.430212
3412.94	0.430341
3413.94	0.430473
3414.94	0.430603
3415.94	0.430737
3416.94	0.430868
3417.94	0.431004
3418.94	0.431138
3419.94	0.431273
3420.94	0.431406
3421.94	0.43154
3422.94	0.431672
3423.94	0.431799
3424.94	0.431928
3425.94	0.432062
3426.94	0.432183
3427.94	0.432305
3428.94	0.432442
3429.94	0.432579
3430.94	0.432705
3431.94	0.432828
3432.94	0.432958
3433.94	0.433086
3434.94	0.433222
3435.94	0.433342
3436.94	0.433468
3437.95	0.433596
3438.95	0.433719
3439.95	0.433855
3440.95	0.433981
3441.95	0.434116
3442.95	0.434247
3443.95	0.434379
3444.95	0.434505
3445.95	0.434629
3446.95	0.434751
3447.95	0.434876
3448.95	0.435002
3449.95	0.435132
3450.95	0.435261
3451.95	0.435385
3452.95	0.43551
3453.95	0.435639
3454.95	0.435765
3455.95	0.435893
3456.95	0.436026
3457.95	0.43615
3458.95	0.43628
3459.95	0.436404
3460.95	0.436531
3461.95	0.436652
3462.95	0.43678
3463.95	0.43691
3464.95	0.437036
3465.95	0.437163
3466.95	0.437283
3467.95	0.437402
3468.95	0.437522
3469.95	0.437647
3470.95	0.437775
3471.95	0.437902
3472.95	0.438031
3473.95	0.438155
3474.95	0.438267
3475.95	0.4384
3476.95	0.438524
3477.95	0.438643
3478.95	0.438764
3479.95	0.438886
3480.95	0.439012
3481.95	0.439131
3482.95	0.439252
3483.95	0.439373
3484.95	0.439496
3485.95	0.439616
3486.95	0.43973
3487.95	0.439851
3488.95	0.439971
3489.95	0.440092
3490.95	0.440217
3491.95	0.440339
3492.95	0.440459
3493.95	0.440579
3494.95	0.440701
3495.95	0.440824
3496.95	0.440945
3497.95	0.441059
3498.95	0.441185
3499.95	0.441303
3500.95	0.441422
3501.95	0.441544
3502.95	0.441666
3503.95	0.441787
3504.95	0.441911
3505.95	0.442031
3506.95	0.442152
3507.95	0.442268
3508.95	0.442394
3509.95	0.442515
3510.95	0.442641
3511.95	0.442755
3512.95	0.442872
3513.95	0.442995
3514.95	0.443115
3515.95	0.44324
3516.95	0.44336
3517.95	0.443482
3518.95	0.4436
3519.95	0.443722
3520.95	0.443845
3521.95	0.443964
3522.95	0.444082
3523.95	0.444203
3524.95	0.444325
3525.95	0.444442
3526.95	0.444558
3527.95	0.444683
3528.95	0.444795
3529.95	0.444914
3530.95	0.445032
3531.95	0.445143
3532.95	0.445263
3533.95	0.445387
3534.95	0.445499
3535.95	0.445616
3536.95	0.445739
3537.95	0.44586
3538.95	0.445979
3539.95	0.446094
3540.95	0.446209
3541.95	0.446323
3542.95	0.446435
3543.95	0.446558
3544.95	0.446678
3545.95	0.446793
3546.95	0.446908
3547.95	0.447025
3548.96	0.447145
3549.96	0.44726
3550.96	0.447373
3551.96	0.447492
3552.96	0.447602
3553.96	0.447716
3554.96	0.447835
3555.96	0.447948
3556.96	0.448069
3557.96	0.448178
3558.96	0.448291
3559.96	0.448416
3560.96	0.448539
3561.96	0.448655
3562.96	0.448771
3563.96	0.448885
3564.96	0.448995
3565.96	0.449114
3566.96	0.44922
3567.96	0.449331
3568.96	0.449445
3569.96	0.449561
3570.96	0.44968
3571.96	0.449799
3572.96	0.449915
3573.96	0.450025
3574.96	0.450138
3575.96	0.45026
3576.96	0.450376
3577.96	0.450487
3578.96	0.450594
3579.96	0.450703
3580.96	0.450819
3581.96	0.450928
3582.96	0.451046
3583.96	0.451156
3584.96	0.451273
3585.96	0.451383
3586.96	0.451501
3587.96	0.451614
3588.96	0.451725
3589.96	0.451839
3590.96	0.451948
3591.96	0.452058
3592.96	0.452168
3593.96	0.45229
3594.96	0.452403
3595.96	0.452511
3596.96	0.45262
3597.96	0.452732
3598.96	0.452838
3599.96	0.452955
3600.96	0.453089
3601.96	0.453211
3602.96	0.453333
3603.96	0.453466
3604.96	0.453589
3605.96	0.453713
3606.96	0.453835
3607.96	0.453953
3608.96	0.454086
3609.96	0.454213
3610.96	0.454334
3611.96	0.454453
3612.96	0.454573
3613.96	0.454697
3614.96	0.454823
3615.96	0.454946
3616.96	0.455074
3617.96	0.4552
3618.96	0.455326
3619.96	0.455451
3620.96	0.455578
3621.96	0.45571
3622.96	0.455838
3623.96	0.455965
3624.96	0.456088
3625.96	0.456213
3626.96	0.456344
3627.96	0.456466
3628.96	0.456588
3629.96	0.456713
3630.96	0.456835
3631.96	0.456963
3632.96	0.457087
3633.96	0.45721
3634.96	0.45734
3635.96	0.457462
3636.96	0.457587
3637.96	0.457708
3638.96	0.457838
3639.96	0.457964
3640.96	0.458089
3641.96	0.458214
3642.96	0.458331
3643.96	0.458458
3644.96	0.458581
3645.96	0.458696
3646.96	0.458821
3647.96	0.458935
3648.96	0.459059
3649.96	0.459179
3650.96	0.459292
3651.96	0.459418
3652.96	0.459544
3653.96	0.459661
3654.96	0.45978
3655.96	0.459901
3656.96	0.460022
3657.96	0.460142
3658.96	0.460256
3659.96	0.460375
3660.96	0.460494
3661.96	0.460619
3662.96	0.460742
3663.96	0.460868
3664.96	0.460991
3665.96	0.461106
3666.96	0.461223
3667.96	0.461336
3668.96	0.461457
3669.96	0.461576
3670.96	0.461693
3671.96	0.461801
3672.96	0.461916
3673.96	0.462042
3674.96	0.462163
3675.96	0.462288
3676.96	0.462407
3677.96	0.46253
3678.96	0.462654
3679.96	0.462773
3680.96	0.462901
3681.96	0.463023
3682.96	0.463134
3683.96	0.463251
3684.96	0.463375
3685.96	0.463489
3686.96	0.463609
3687.96	0.46372
3688.96	0.463847
3689.96	0.46397
3690.96	0.464093
3691.96	0.464214
3692.97	0.464327
3693.97	0.464434
3694.97	0.46456
3695.97	0.464683
3696.97	0.4648
3697.97	0.464924
3698.97	0.465047
3699.97	0.465166
3700.97	0.465282
3701.97	0.465398
3702.97	0.465506
3703.97	0.465627
3704.97	0.465753
3705.97	0.465863
3706.97	0.465983
3707.97	0.466097
3708.97	0.466214
3709.97	0.466329
3710.97	0.466432
3711.97	0.466547
3712.97	0.466663
3713.97	0.466774
3714.97	0.466892
3715.97	0.467009
3716.97	0.467119
3717.97	0.467238
3718.97	0.467362
3719.97	0.467474
3720.97	0.46759
3721.97	0.467702
3722.97	0.467824
3723.97	0.467946
3724.97	0.468058
3725.97	0.468173
3726.97	0.468283
3727.97	0.468398
3728.97	0.468513
3729.97	0.468633
3730.97	0.468747
3731.97	0.468861
3732.97	0.468968
3733.97	0.46908
3734.97	0.469185
3735.97	0.469302
3736.97	0.469416
3737.97	0.469532
3738.97	0.469642
3739.97	0.469752
3740.97	0.469864
3741.97	0.469977
3742.97	0.470089
3743.97	0.470196
3744.97	0.470306
3745.97	0.470421
3746.97	0.47053
3747.97	0.470642
3748.97	0.470753
3749.97	0.470865
3750.97	0.470981
3751.97	0.471094
3752.97	0.471215
3753.97	0.471328
3754.97	0.471436
3755.97	0.471541
3756.97	0.47166
3757.97	0.471776
3758.97	0.471885
3759.97	0.472004
3760.97	0.472117
3761.97	0.472225
3762.97	0.472332
3763.97	0.472449
3764.97	0.472568
3765.97	0.47268
3766.97	0.472797
3767.97	0.472901
3768.97	0.47301
3769.97	0.473122
3770.97	0.473235
3771.97	0.473343
3772.97	0.473454
3773.97	0.473565
3774.97	0.473672
3775.97	0.473781
3776.97	0.473886
3777.97	0.474001
3778.97	0.474116
3779.97	0.47422
3780.97	0.474328
3781.97	0.474438
3782.97	0.474556
3783.97	0.47467
3784.97	0.47478
3785.97	0.474883
3786.97	0.474998
3787.97	0.475115
3788.97	0.475225
3789.97	0.475326
3790.97	0.475433
3791.97	0.475546
3792.97	0.475658
3793.97	0.475767
3794.97	0.475876
3795.97	0.475979
3796.97	0.47609
3797.97	0.476193
3798.97	0.4763
3799.97	0.476415
3800.97	0.476538
3801.97	0.47666
3802.97	0.476784
3803.97	0.476909
3804.97	0.477034
3805.97	0.477157
3806.97	0.477274
3807.97	0.477393
3808.97	0.477522
3809.97	0.477639
3810.97	0.477758
3811.97	0.477875
3812.97	0.478
3813.97	0.47813
3814.97	0.47825
3815.97	0.478372
3816.97	0.478499
3817.97	0.47862
3818.98	0.478747
3819.98	0.478864
3820.98	0.478992
3821.98	0.479115
3822.98	0.479238
3823.98	0.479351
3824.98	0.479465
3825.98	0.479587
3826.98	0.479709
3827.98	0.479834
3828.98	0.479947
3829.98	0.480071
3830.98	0.48019
3831.98	0.480304
3832.98	0.480423
3833.98	0.480544
3834.98	0.480659
3835.98	0.480778
3836.98	0.4809
3837.98	0.481019
3838.98	0.481136
3839.98	0.481255
3840.98	0.481376
3841.98	0.481494
3842.98	0.481607
3843.98	0.481728
3844.98	0.48184
3845.98	0.481951
3846.98	0.482066
3847.98	0.482181
3848.98	0.482301
3849.98	0.482423
3850.98	0.482538
3851.98	0.482647
3852.98	0.482759
3853.98	0.482879
3854.98	0.482999
3855.98	0.483117
3856.98	0.483238
3857.98	0.483346
3858.98	0.483462
3859.98	0.483576
3860.98	0.483687
3861.98	0.483807
3862.98	0.48392
3863.98	0.484037
3864.98	0.48415
3865.98	0.484265
3866.98	0.484378
3867.98	0.484498
3868.98	0.484612
3869.98	0.484724
3870.98	0.484838
3871.98	0.484958
3872.98	0.48507
3873.98	0.485185
3874.98	0.485299
3875.98	0.485412
3876.98	0.485526
3877.98	0.485639
3878.98	0.485748
3879.98	0.485861
3880.98	0.485971
3881.98	0.486082
3882.98	0.486198
3883.98	0.486306
3884.98	0.486421
3885.98	0.486536
3886.98	0.486653
3887.98	0.486761
3888.98	0.486875
3889.98	0.486999
3890.98	0.487109
3891.98	0.487225
3892.98	0.487341
3893.98	0.487455
3894.98	0.487556
3895.98	0.487666
3896.98	0.487786
3897.98	0.487899
3898.98	0.488013
3899.98	0.488126
3900.98	0.488237
3901.98	0.488352
3902.98	0.488469
3903.98	0.488579
3904.98	0.488697
3905.98	0.488806
3906.98	0.488922
3907.98	0.489033
3908.98	0.489151
3909.98	0.489262
3910.98	0.489364
3911.98	0.489478
3912.98	0.489586
3913.98	0.489695
3914.98	0.489804
3915.98	0.489908
3916.98	0.490016
3917.98	0.490115
3918.98	0.490221
3919.98	0.490333
3920.98	0.490447
3921.98	0.490554
3922.98	0.490666
3923.98	0.49077
3924.98	0.490877
3925.98	0.490985
3926.98	0.491095
3927.98	0.491196
3928.98	0.491304
3929.98	0.491414
3930.98	0.491523
3931.98	0.491629
3932.98	0.491741
3933.98	0.491847
3934.98	0.491964
3935.98	0.492069
3936.98	0.492174
3937.98	0.49229
3938.98	0.4924
3939.98	0.492509
3940.98	0.492622
3941.98	0.492729
3942.98	0.49284
3943.98	0.492947
3944.98	0.493064
3945.98	0.493179
3946.98	0.493286
3947.98	0.493397
3948.98	0.493498
3949.98	0.493605
3950.98	0.493699
3951.98	0.493812
3952.98	0.493922
3953.98	0.494016
3954.98	0.494119
3955.98	0.494227
3956.98	0.494339
3957.98	0.49445
3958.98	0.494559
3959.98	0.494663
3960.98	0.494765
3961.98	0.494877
3962.98	0.494987
3963.98	0.495091
3964.98	0.495202
3965.98	0.49532
3966.98	0.495421
3967.98	0.495524
3968.98	0.495628
3969.98	0.495727
3970.98	0.495834
3971.98	0.495938
3972.98	0.496046
3973.98	0.496152
3974.98	0.496258
3975.98	0.496364
3976.99	0.496476
3977.99	0.496581
3978.99	0.496685
3979.99	0.49679
3980.99	0.496894
3981.99	0.497
3982.99	0.497104
3983.99	0.497209
3984.99	0.497309
3985.99	0.497414
3986.99	0.497514
3987.99	0.497617
3988.99	0.49772
3989.99	0.497825
3990.99	0.497933
3991.99	0.498036
3992.99	0.498141
3993.99	0.498247
3994.99	0.498349
3995.99	0.498448
3996.99	0.498551
3997.99	0.498659
3998.99	0.498764
3999.99	0.498864
