time	conversion
1.00002	0.00349885
2.00003	0.0055908
3.00007	0.00732931
4.00008	0.00891997
5.00009	0.0103052
6.0001	0.01158
7.00011	0.012827
8.00011	0.0140007
9.00012	0.0151239
10.0002	0.0162092
11.0002	0.0172261
12.0002	0.0182152
13.0005	0.0191576
14.0005	0.0200828
15.0005	0.0209895
16.0005	0.0218818
17.0005	0.0227649
18.0006	0.0235705
19.0006	0.0243829
20.0007	0.0251703
21.0007	0.0259391
22.0007	0.0266835
23.0007	0.0274223
24.0008	0.0281536
25.0009	0.0288559
26.0009	0.0295705
27.0009	0.0302516
28.0009	0.030924
29.001	0.0316103
30.0011	0.0322572
31.0012	0.0328868
32.0013	0.0335302
33.0014	0.0341772
34.0014	0.0348207
35.0014	0.0354503
36.0016	0.0360697
37.0016	0.0366841
38.0016	0.037305
39.0016	0.0379066
40.0017	0.0385042
41.0017	0.0390948
42.0017	0.0396815
43.0018	0.0402586
44.0018	0.040823
45.0019	0.0413786
46.002	0.0419292
47.002	0.0424894
48.0021	0.0430461
49.0022	0.0436287
50.0022	0.044168
51.0023	0.0447026
52.0024	0.0452477
53.0024	0.0457908
54.0026	0.0463145
55.0026	0.0468595
56.0026	0.0473739
57.0029	0.0479079
58.0029	0.0484256
59.0029	0.0489504
60.003	0.049448
61.003	0.049954
62.003	0.0504675
63.0031	0.0509782
64.0031	0.0514751
65.0031	0.051954
66.0031	0.0524545
67.0032	0.0529451
68.0032	0.0534388
69.0032	0.0539297
70.0032	0.0544195
71.0032	0.0548971
72.0032	0.0553908
73.0032	0.0558777
74.0032	0.0563648
75.0033	0.0568279
76.0034	0.0572787
77.0034	0.0577404
78.0035	0.058208
79.0036	0.0586647
80.0036	0.0591274
81.0037	0.0595876
82.0039	0.0600398
83.0039	0.0604973
84.004	0.0609499
85.0041	0.0614056
86.0042	0.061828
87.0043	0.0622892
88.0044	0.0627297
89.0045	0.0631672
90.0046	0.0636161
91.0046	0.0640698
92.0046	0.0645063
93.0046	0.0649239
94.0047	0.0653392
95.0047	0.0657609
96.0047	0.0661881
97.0047	0.0666098
98.0048	0.0670115
99.0048	0.0674338
100.005	0.067848
101.005	0.0682611
102.005	0.0686858
103.005	0.0690898
104.005	0.0695091
105.005	0.0699075
106.005	0.0703237
107.005	0.0707243
108.005	0.0711193
109.005	0.0715057
110.005	0.0719167
111.005	0.0723158
112.005	0.0727121
113.005	0.0731049
114.005	0.0735136
115.006	0.073908
116.006	0.0742945
117.006	0.0746843
118.006	0.0750829
119.006	0.0754734
120.006	0.0758803
121.006	0.0762592
122.006	0.076658
123.006	0.0770274
124.006	0.0774112
125.006	0.077798
126.006	0.0781904
127.006	0.0785716
128.006	0.0789675
129.006	0.0793514
130.006	0.0797244
131.006	0.0801055
132.006	0.0804777
133.006	0.0808532
134.006	0.0812267
135.006	0.0816124
136.006	0.0819797
137.006	0.0823589
138.006	0.082717
139.006	0.0830938
140.007	0.0834553
141.007	0.0838352
142.007	0.0841997
143.007	0.0845599
144.007	0.0849302
145.007	0.0852839
146.007	0.0856441
147.007	0.0860019
148.007	0.086373
149.007	0.086722
150.007	0.0870705
151.007	0.0874372
152.007	0.087783
153.008	0.0881458
154.008	0.0884902
155.008	0.0888455
156.008	0.0891989
157.008	0.089522
158.008	0.0898648
159.008	0.0902208
160.008	0.0905806
161.008	0.0909307
162.008	0.091272
163.008	0.0916152
164.008	0.0919641
165.008	0.0923099
166.009	0.092655
167.009	0.0930017
168.009	0.093328
169.009	0.0936687
170.009	0.0940139
171.009	0.0943507
172.009	0.094681
173.009	0.0950203
174.009	0.0953519
175.009	0.0956849
176.009	0.096023
177.009	0.096356
178.009	0.096694
179.01	0.0970145
180.01	0.0973336
181.01	0.0976517
182.01	0.0979614
183.01	0.0982868
184.01	0.0986096
185.01	0.0989362
186.01	0.0992638
187.011	0.0995967
188.011	0.0999223
189.011	0.100238
190.011	0.100563
191.011	0.100885
192.011	0.101201
193.011	0.101507
194.011	0.101828
195.011	0.102158
196.011	0.102486
197.011	0.102803
198.011	0.103125
199.011	0.103429
200.011	0.10374
201.011	0.104056
202.011	0.104369
203.011	0.104686
204.011	0.104998
205.011	0.105309
206.011	0.105614
207.012	0.105915
208.012	0.106223
209.012	0.106522
210.012	0.106829
211.012	0.107138
212.012	0.107428
213.012	0.107734
214.012	0.108047
215.012	0.108352
216.012	0.108655
217.012	0.10896
218.013	0.109256
219.013	0.109566
220.013	0.109871
221.013	0.110176
222.013	0.110481
223.013	0.110773
224.013	0.111078
225.013	0.111366
226.013	0.111661
227.013	0.111957
228.013	0.112254
229.013	0.112546
230.013	0.112854
231.013	0.113135
232.013	0.113449
233.013	0.113748
234.013	0.114039
235.013	0.114343
236.013	0.114643
237.013	0.114933
238.013	0.11523
239.013	0.115519
240.013	0.11582
241.013	0.116118
242.014	0.116391
243.014	0.116682
244.014	0.116965
245.014	0.117261
246.014	0.11754
247.014	0.117836
248.014	0.118116
249.014	0.118403
250.014	0.118684
251.014	0.118984
252.014	0.119278
253.014	0.11956
254.014	0.119847
255.014	0.120122
256.014	0.120414
257.014	0.120698
258.014	0.121002
259.014	0.12128
260.014	0.121561
261.014	0.121848
262.014	0.12213
263.015	0.122415
264.015	0.12269
265.015	0.122978
266.015	0.123262
267.015	0.123536
268.015	0.123826
269.015	0.124103
270.015	0.124384
271.015	0.124651
272.015	0.124925
273.015	0.125202
274.015	0.125481
275.015	0.125764
276.015	0.126019
277.015	0.1263
278.015	0.126567
279.015	0.126839
280.015	0.127126
281.015	0.1274
282.016	0.127673
283.016	0.127943
284.016	0.12821
285.016	0.128466
286.016	0.128731
287.017	0.129005
288.017	0.129259
289.017	0.129521
290.017	0.129798
291.017	0.130058
292.017	0.13032
293.017	0.130592
294.017	0.130857
295.017	0.131132
296.017	0.131395
297.017	0.131664
298.017	0.131922
299.017	0.132183
300.017	0.132438
301.018	0.13271
302.018	0.132965
303.018	0.133238
304.018	0.133486
305.018	0.13375
306.018	0.134017
307.018	0.134284
308.018	0.134545
309.018	0.134801
310.018	0.135062
311.018	0.135318
312.018	0.135568
313.018	0.135823
314.018	0.136087
315.018	0.136338
316.018	0.13659
317.018	0.13685
318.018	0.137106
319.019	0.137359
320.019	0.137611
321.019	0.137867
322.019	0.138124
323.019	0.13839
324.019	0.138648
325.019	0.138893
326.019	0.13914
327.019	0.13939
328.019	0.139641
329.019	0.1399
330.019	0.140152
331.019	0.14041
332.019	0.140664
333.019	0.140911
334.019	0.141155
335.019	0.1414
336.02	0.141652
337.02	0.141899
338.02	0.142138
339.02	0.142388
340.02	0.14263
341.02	0.142882
342.02	0.14313
343.02	0.143386
344.02	0.143629
345.02	0.143866
346.02	0.144122
347.02	0.144365
348.02	0.144602
349.02	0.144851
350.02	0.145095
351.02	0.145338
352.02	0.145578
353.02	0.145824
354.02	0.146066
355.02	0.146304
356.02	0.146546
357.02	0.146793
358.02	0.147032
359.02	0.147276
360.02	0.147525
361.02	0.147763
362.02	0.148011
363.02	0.148243
364.02	0.148479
365.02	0.148709
366.021	0.148951
367.021	0.14919
368.021	0.149414
369.021	0.149663
370.021	0.1499
371.021	0.150139
372.021	0.150382
373.021	0.150627
374.021	0.150867
375.021	0.151111
376.021	0.151351
377.021	0.15159
378.021	0.151821
379.021	0.152058
380.021	0.152297
381.021	0.152526
382.021	0.152761
383.022	0.152995
384.022	0.153236
385.022	0.153466
386.022	0.153704
387.022	0.153944
388.022	0.154178
389.022	0.154408
390.022	0.154641
391.022	0.154871
392.023	0.155106
393.023	0.155337
394.023	0.155567
395.023	0.155798
396.023	0.156016
397.023	0.156249
398.023	0.15648
399.023	0.156716
400.023	0.156942
401.023	0.157158
402.023	0.157383
403.023	0.157618
404.023	0.157853
405.023	0.158086
406.023	0.158306
407.023	0.158524
408.023	0.158764
409.023	0.158982
410.024	0.159207
411.024	0.159428
412.024	0.15965
413.024	0.159868
414.024	0.160094
415.024	0.160311
416.024	0.160536
417.024	0.160755
418.024	0.160979
419.024	0.161194
420.024	0.16142
421.024	0.161653
422.024	0.161881
423.024	0.162101
424.024	0.162327
425.024	0.162544
426.024	0.162755
427.024	0.162968
428.024	0.163175
429.024	0.163386
430.025	0.16361
431.025	0.163822
432.025	0.164043
433.025	0.164264
434.025	0.164477
435.025	0.164694
436.025	0.16492
437.025	0.165141
438.025	0.165356
439.025	0.165576
440.025	0.165793
441.025	0.166007
442.026	0.166219
443.026	0.166432
444.026	0.166651
445.026	0.166875
446.026	0.167088
447.026	0.167302
448.026	0.167514
449.026	0.167735
450.026	0.16795
451.026	0.168171
452.026	0.168392
453.026	0.168605
454.026	0.168821
455.026	0.169039
456.026	0.169251
457.026	0.169454
458.026	0.169667
459.026	0.169888
460.026	0.170092
461.026	0.170294
462.026	0.170511
463.026	0.170713
464.026	0.170927
465.026	0.171146
466.026	0.171365
467.026	0.171569
468.026	0.171789
469.027	0.172002
470.027	0.172213
471.027	0.172427
472.027	0.172635
473.027	0.172837
474.027	0.173037
475.027	0.173242
476.027	0.17345
477.027	0.17367
478.027	0.173871
479.027	0.174069
480.027	0.174274
481.027	0.174485
482.027	0.174678
483.027	0.174885
484.027	0.175102
485.028	0.175301
486.028	0.175503
487.028	0.175711
488.028	0.175921
489.028	0.176131
490.028	0.176348
491.028	0.176553
492.028	0.176767
493.028	0.176977
494.028	0.177178
495.028	0.17738
496.028	0.177584
497.028	0.177784
498.028	0.177999
499.029	0.178201
500.029	0.178415
501.029	0.178618
502.029	0.17881
503.029	0.179001
504.029	0.179206
505.029	0.179418
506.029	0.179618
507.029	0.179827
508.029	0.180038
509.029	0.180243
510.029	0.180443
511.029	0.180652
512.029	0.180854
513.03	0.18105
514.03	0.181252
515.03	0.181458
516.03	0.181657
517.03	0.181869
518.03	0.182074
519.03	0.182288
520.03	0.182492
521.03	0.182698
522.03	0.182893
523.03	0.183099
524.03	0.183295
525.03	0.183488
526.03	0.183677
527.03	0.18387
528.03	0.184075
529.03	0.184264
530.031	0.184453
531.031	0.184651
532.031	0.184843
533.031	0.18504
534.031	0.185238
535.031	0.185434
536.031	0.185629
537.031	0.185821
538.031	0.186025
539.031	0.186214
540.031	0.186405
541.031	0.186587
542.031	0.186781
543.031	0.186977
544.032	0.187165
545.032	0.187356
546.032	0.187554
547.032	0.18774
548.032	0.187928
549.032	0.188117
550.032	0.188299
551.032	0.188493
552.032	0.188686
553.032	0.188878
554.032	0.189068
555.032	0.189249
556.032	0.189437
557.032	0.189631
558.033	0.189817
559.033	0.190007
560.033	0.190191
561.033	0.190372
562.033	0.190567
563.033	0.190748
564.033	0.19094
565.033	0.191125
566.033	0.19132
567.033	0.191503
568.033	0.191697
569.033	0.191895
570.033	0.192092
571.033	0.192277
572.033	0.192454
573.033	0.192649
574.033	0.19284
575.033	0.193037
576.033	0.193225
577.033	0.19341
578.033	0.193602
579.033	0.193781
580.033	0.193967
581.033	0.194153
582.034	0.194341
583.034	0.194527
584.034	0.194707
585.034	0.194897
586.034	0.195083
587.034	0.195265
588.034	0.195456
589.034	0.195642
590.034	0.195824
591.034	0.196018
592.034	0.196205
593.034	0.196388
594.034	0.19657
595.035	0.196754
596.035	0.196937
597.035	0.197126
598.035	0.197313
599.035	0.197497
600.035	0.197689
601.035	0.19787
602.035	0.198059
603.035	0.198247
604.036	0.198426
605.036	0.198615
606.036	0.198799
607.036	0.198976
608.036	0.199157
609.036	0.199342
610.036	0.199519
611.036	0.199696
612.036	0.199874
613.036	0.20005
614.036	0.200231
615.036	0.20042
616.036	0.2006
617.036	0.200774
618.036	0.200958
619.036	0.201143
620.036	0.201323
621.036	0.201504
622.036	0.20168
623.036	0.201862
624.036	0.202031
625.036	0.202212
626.036	0.202398
627.036	0.202571
628.037	0.20275
629.037	0.202932
630.037	0.203104
631.037	0.203278
632.037	0.203455
633.038	0.203629
634.038	0.203799
635.038	0.203987
636.038	0.204159
637.038	0.204342
638.038	0.204521
639.038	0.204701
640.038	0.204873
641.038	0.205048
642.038	0.205221
643.038	0.205397
644.038	0.205574
645.038	0.20576
646.038	0.205939
647.038	0.206114
648.038	0.206288
649.039	0.206459
650.039	0.206638
651.039	0.206816
652.039	0.207
653.039	0.207172
654.039	0.207347
655.039	0.207529
656.039	0.207711
657.039	0.207882
658.039	0.208058
659.039	0.208228
660.039	0.208402
661.039	0.20858
662.039	0.208755
663.039	0.208924
664.039	0.209092
665.039	0.209268
666.039	0.209438
667.039	0.20962
668.039	0.209795
669.039	0.209967
670.039	0.210146
671.039	0.210316
672.039	0.21049
673.039	0.210661
674.039	0.210834
675.04	0.211008
676.04	0.211183
677.04	0.211353
678.04	0.211526
679.04	0.211697
680.04	0.211873
681.04	0.212052
682.04	0.212219
683.04	0.212392
684.04	0.212556
685.04	0.212735
686.04	0.212903
687.041	0.213064
688.041	0.213236
689.041	0.213411
690.041	0.213577
691.041	0.213756
692.041	0.213936
693.041	0.214113
694.041	0.214284
695.041	0.214452
696.041	0.214616
697.041	0.214777
698.041	0.214944
699.041	0.215111
700.041	0.215282
701.041	0.215455
702.041	0.215632
703.041	0.215803
704.042	0.215969
705.042	0.216132
706.042	0.216301
707.042	0.216472
708.042	0.216646
709.042	0.216805
710.042	0.216971
711.042	0.217127
712.042	0.217299
713.042	0.217467
714.042	0.217637
715.043	0.217816
716.043	0.217976
717.043	0.21814
718.043	0.218307
719.043	0.218474
720.043	0.218644
721.043	0.218818
722.043	0.218991
723.043	0.219148
724.043	0.21932
725.043	0.21948
726.043	0.219651
727.043	0.219816
728.043	0.21998
729.043	0.220131
730.043	0.220295
731.043	0.220469
732.043	0.220629
733.043	0.220801
734.043	0.220963
735.044	0.22113
736.044	0.221295
737.044	0.221458
738.044	0.221623
739.044	0.221786
740.044	0.221954
741.044	0.222122
742.044	0.222291
743.044	0.222444
744.044	0.222622
745.044	0.222775
746.044	0.222936
747.045	0.223104
748.045	0.223266
749.045	0.223436
750.045	0.2236
751.045	0.223775
752.045	0.223937
753.045	0.224103
754.045	0.224269
755.045	0.224422
756.046	0.224585
757.046	0.224747
758.046	0.224906
759.046	0.225076
760.046	0.225247
761.046	0.225416
762.046	0.225581
763.046	0.225734
764.046	0.225894
765.046	0.22605
766.046	0.226216
767.046	0.226375
768.046	0.226551
769.046	0.226709
770.046	0.226869
771.046	0.227037
772.047	0.227194
773.047	0.227363
774.047	0.227518
775.047	0.227687
776.047	0.227856
777.047	0.228015
778.047	0.228171
779.047	0.228328
780.047	0.22849
781.047	0.228655
782.047	0.228813
783.047	0.228971
784.047	0.229138
785.047	0.229289
786.047	0.22944
787.047	0.229604
788.047	0.229764
789.048	0.229916
790.048	0.230075
791.048	0.230243
792.048	0.230399
793.048	0.230559
794.048	0.230727
795.048	0.23089
796.048	0.23105
797.048	0.231195
798.048	0.231359
799.049	0.231515
800.049	0.231669
801.049	0.231825
802.049	0.231983
803.049	0.232137
804.049	0.232289
805.049	0.23244
806.049	0.232596
807.049	0.232756
808.049	0.232913
809.049	0.233069
810.049	0.233225
811.049	0.23338
812.049	0.233533
813.05	0.233692
814.05	0.233852
815.05	0.234021
816.05	0.23418
817.05	0.234344
818.05	0.234503
819.05	0.234661
820.05	0.234806
821.05	0.234958
822.05	0.235107
823.051	0.235264
824.051	0.235423
825.051	0.235582
826.051	0.235742
827.051	0.235897
828.051	0.236057
829.051	0.236214
830.051	0.236366
831.051	0.236521
832.051	0.236672
833.052	0.236818
834.052	0.23697
835.052	0.237129
836.052	0.237282
837.052	0.23743
838.052	0.237589
839.052	0.237745
840.052	0.237894
841.052	0.238044
842.052	0.238211
843.052	0.238363
844.052	0.238502
845.052	0.23866
846.052	0.238809
847.052	0.238964
848.052	0.239113
849.053	0.239268
850.053	0.239425
851.053	0.239579
852.053	0.239734
853.053	0.239883
854.054	0.240046
855.054	0.240195
856.054	0.240341
857.054	0.240492
858.054	0.240647
859.054	0.2408
860.054	0.240947
861.054	0.241108
862.054	0.241258
863.054	0.241399
864.054	0.241551
865.054	0.241708
866.054	0.241857
867.054	0.242008
868.054	0.242154
869.054	0.242298
870.054	0.242455
871.054	0.242611
872.054	0.242767
873.055	0.242918
874.055	0.243061
875.055	0.243201
876.055	0.243347
877.055	0.243504
878.055	0.243651
879.055	0.243801
880.055	0.243956
881.055	0.244117
882.055	0.244266
883.055	0.244415
884.055	0.244569
885.055	0.244713
886.055	0.244866
887.055	0.245019
888.055	0.245166
889.056	0.245319
890.056	0.245465
891.056	0.245619
892.056	0.245768
893.056	0.245915
894.056	0.246066
895.056	0.246215
896.056	0.246363
897.056	0.24651
898.056	0.246674
899.056	0.246823
900.056	0.246972
901.056	0.247126
902.056	0.247273
903.056	0.247415
904.056	0.247565
905.057	0.247715
906.057	0.247868
907.057	0.248023
908.057	0.248169
909.057	0.248316
910.057	0.24847
911.057	0.248626
912.057	0.248777
913.057	0.248921
914.057	0.249068
915.057	0.249215
916.057	0.249372
917.057	0.24951
918.057	0.249655
919.058	0.249802
920.058	0.249951
921.058	0.250097
922.058	0.250242
923.058	0.250388
924.058	0.250532
925.058	0.250683
926.058	0.250827
927.058	0.250979
928.058	0.251125
929.058	0.251257
930.059	0.251405
931.059	0.251549
932.059	0.25169
933.059	0.251844
934.059	0.251995
935.059	0.252137
936.059	0.252288
937.059	0.252436
938.059	0.25258
939.059	0.252724
940.059	0.252867
941.059	0.253008
942.059	0.253148
943.06	0.2533
944.06	0.25345
945.06	0.253588
946.06	0.253736
947.06	0.253883
948.06	0.254024
949.06	0.254165
950.06	0.254314
951.06	0.254456
952.06	0.254599
953.06	0.254748
954.061	0.254888
955.061	0.255035
956.061	0.255181
957.061	0.255321
958.061	0.255474
959.061	0.255614
960.061	0.25576
961.061	0.255899
962.061	0.256038
963.061	0.256186
964.061	0.25633
965.061	0.256474
966.061	0.256615
967.061	0.256757
968.061	0.256901
969.061	0.257032
970.061	0.257178
971.061	0.257316
972.062	0.257462
973.062	0.257608
974.062	0.257755
975.062	0.257895
976.062	0.258036
977.062	0.258175
978.062	0.258321
979.062	0.25846
980.062	0.258601
981.062	0.258743
982.062	0.258882
983.062	0.259022
984.062	0.259164
985.062	0.259305
986.063	0.259449
987.063	0.259598
988.063	0.259751
989.063	0.259891
990.063	0.260024
991.063	0.260171
992.063	0.260316
993.063	0.260456
994.064	0.26059
995.064	0.260739
996.064	0.260883
997.064	0.261033
998.064	0.261163
999.064	0.26131
1000.06	0.26145
1001.06	0.261586
1002.06	0.261731
1003.06	0.261878
1004.06	0.262023
1005.06	0.262154
1006.06	0.2623
1007.06	0.262444
1008.06	0.262589
1009.06	0.262731
1010.06	0.262869
1011.06	0.263004
1012.06	0.263154
1013.06	0.263292
1014.06	0.263428
1015.06	0.263569
1016.06	0.263715
1017.06	0.263852
1018.06	0.263988
1019.06	0.264122
1020.06	0.26426
1021.07	0.264397
1022.07	0.264535
1023.07	0.264662
1024.07	0.264806
1025.07	0.264947
1026.07	0.265092
1027.07	0.265232
1028.07	0.265373
1029.07	0.265509
1030.07	0.265645
1031.07	0.265779
1032.07	0.265913
1033.07	0.266047
1034.07	0.266183
1035.07	0.26632
1036.07	0.26646
1037.07	0.266589
1038.07	0.266727
1039.07	0.26687
1040.07	0.267001
1041.07	0.267142
1042.07	0.267269
1043.07	0.267399
1044.07	0.267532
1045.07	0.267665
1046.07	0.267815
1047.07	0.267949
1048.07	0.268086
1049.07	0.268222
1050.07	0.268365
1051.07	0.268506
1052.07	0.268652
1053.07	0.268784
1054.07	0.268919
1055.07	0.269049
1056.07	0.26918
1057.07	0.26932
1058.07	0.269448
1059.07	0.26959
1060.07	0.269726
1061.07	0.269873
1062.07	0.270012
1063.07	0.270141
1064.07	0.270279
1065.07	0.270415
1066.07	0.270548
1067.07	0.270682
1068.07	0.270817
1069.07	0.270946
1070.07	0.271078
1071.07	0.271215
1072.07	0.271363
1073.07	0.271499
1074.07	0.271631
1075.07	0.271758
1076.07	0.271888
1077.07	0.272019
1078.07	0.272148
1079.07	0.272277
1080.07	0.272413
1081.07	0.272547
1082.07	0.272685
1083.07	0.272818
1084.07	0.272947
1085.07	0.273079
1086.07	0.273208
1087.07	0.27334
1088.07	0.273476
1089.07	0.273603
1090.07	0.273743
1091.07	0.273872
1092.07	0.274004
1093.07	0.274136
1094.07	0.27427
1095.07	0.274396
1096.07	0.27453
1097.07	0.27466
1098.07	0.274799
1099.07	0.274938
1100.07	0.275071
1101.07	0.275204
1102.07	0.275337
1103.07	0.27546
1104.07	0.2756
1105.07	0.275742
1106.07	0.275875
1107.07	0.276009
1108.07	0.27614
1109.07	0.276269
1110.07	0.276398
1111.07	0.276521
1112.07	0.276653
1113.07	0.276782
1114.07	0.276915
1115.07	0.277039
1116.07	0.277169
1117.07	0.2773
1118.07	0.277434
1119.07	0.277572
1120.07	0.277701
1121.07	0.27783
1122.07	0.277956
1123.07	0.278092
1124.07	0.27822
1125.07	0.278352
1126.07	0.278486
1127.07	0.278615
1128.07	0.278738
1129.07	0.278862
1130.07	0.278996
1131.07	0.279123
1132.07	0.27926
1133.07	0.279389
1134.07	0.279516
1135.07	0.279646
1136.07	0.279779
1137.07	0.279905
1138.07	0.280029
1139.07	0.280158
1140.07	0.280281
1141.07	0.280414
1142.07	0.280546
1143.07	0.280678
1144.07	0.280803
1145.07	0.280929
1146.07	0.281062
1147.07	0.28119
1148.07	0.281324
1149.07	0.281443
1150.07	0.281574
1151.07	0.281704
1152.07	0.281832
1153.07	0.281962
1154.07	0.282089
1155.07	0.282213
1156.07	0.282345
1157.07	0.28247
1158.07	0.282591
1159.07	0.282713
1160.07	0.282842
1161.07	0.282961
1162.07	0.283091
1163.08	0.283222
1164.08	0.283355
1165.08	0.283481
1166.08	0.283599
1167.08	0.283726
1168.08	0.283852
1169.08	0.283977
1170.08	0.284113
1171.08	0.284249
1172.08	0.284369
1173.08	0.28449
1174.08	0.284616
1175.08	0.284745
1176.08	0.284868
1177.08	0.285003
1178.08	0.285132
1179.08	0.285261
1180.08	0.285397
1181.08	0.285529
1182.08	0.285653
1183.08	0.285779
1184.08	0.285901
1185.08	0.286023
1186.08	0.286148
1187.08	0.286277
1188.08	0.286399
1189.08	0.286525
1190.08	0.286653
1191.08	0.286782
1192.08	0.286903
1193.08	0.287028
1194.08	0.287149
1195.08	0.287271
1196.08	0.287393
1197.08	0.28751
1198.08	0.287635
1199.08	0.287753
1200.08	0.287876
1201.08	0.288001
1202.08	0.288122
1203.08	0.288244
1204.08	0.288366
1205.08	0.288484
1206.08	0.288605
1207.08	0.288729
1208.08	0.288846
1209.08	0.288971
1210.08	0.289094
1211.08	0.289227
1212.08	0.289354
1213.08	0.289488
1214.08	0.289613
1215.08	0.289729
1216.08	0.289856
1217.08	0.289975
1218.08	0.290099
1219.08	0.29022
1220.08	0.290348
1221.08	0.290475
1222.08	0.290595
1223.08	0.290718
1224.08	0.29084
1225.08	0.290953
1226.08	0.291078
1227.08	0.291208
1228.08	0.291331
1229.08	0.291463
1230.08	0.291582
1231.08	0.291704
1232.08	0.291823
1233.08	0.291944
1234.08	0.292055
1235.08	0.292174
1236.08	0.292293
1237.08	0.292409
1238.08	0.292535
1239.08	0.292654
1240.08	0.292772
1241.08	0.292895
1242.08	0.293016
1243.08	0.293139
1244.08	0.293258
1245.08	0.293377
1246.08	0.293502
1247.08	0.293617
1248.08	0.293742
1249.08	0.293859
1250.08	0.293985
1251.08	0.294105
1252.08	0.294231
1253.08	0.294352
1254.08	0.294476
1255.08	0.294592
1256.08	0.294716
1257.08	0.294832
1258.08	0.294945
1259.08	0.295063
1260.08	0.29518
1261.08	0.295293
1262.08	0.295421
1263.08	0.295537
1264.08	0.295662
1265.08	0.295788
1266.08	0.295912
1267.08	0.296025
1268.08	0.296145
1269.08	0.296266
1270.08	0.296389
1271.08	0.296513
1272.08	0.296633
1273.08	0.296755
1274.08	0.296875
1275.08	0.297
1276.08	0.297121
1277.08	0.297247
1278.08	0.297365
1279.08	0.297484
1280.08	0.297601
1281.08	0.297728
1282.08	0.29785
1283.08	0.29797
1284.08	0.298092
1285.08	0.298218
1286.08	0.298343
1287.08	0.298459
1288.08	0.298572
1289.08	0.298691
1290.09	0.298816
1291.09	0.298934
1292.09	0.299059
1293.09	0.299186
1294.09	0.299309
1295.09	0.299429
1296.09	0.299545
1297.09	0.299668
1298.09	0.299786
1299.09	0.299914
1300.09	0.300034
1301.09	0.300155
1302.09	0.300278
1303.09	0.300397
1304.09	0.300509
1305.09	0.300626
1306.09	0.300746
1307.09	0.300866
1308.09	0.300985
1309.09	0.301104
1310.09	0.301222
1311.09	0.301345
1312.09	0.301465
1313.09	0.301586
1314.09	0.301704
1315.09	0.301825
1316.09	0.301946
1317.09	0.302065
1318.09	0.302179
1319.09	0.302294
1320.09	0.302421
1321.09	0.302542
1322.09	0.302666
1323.09	0.302788
1324.09	0.302905
1325.09	0.303024
1326.09	0.303139
1327.09	0.303256
1328.09	0.303371
1329.09	0.30349
1330.09	0.303606
1331.09	0.303726
1332.09	0.303848
1333.09	0.303972
1334.09	0.30409
1335.09	0.304211
1336.09	0.304337
1337.09	0.304459
1338.09	0.304575
1339.09	0.3047
1340.09	0.304818
1341.09	0.304928
1342.09	0.305044
1343.09	0.30516
1344.09	0.305283
1345.09	0.305398
1346.09	0.305517
1347.09	0.305633
1348.09	0.305749
1349.09	0.30587
1350.09	0.305985
1351.09	0.306104
1352.09	0.306219
1353.09	0.306337
1354.09	0.306452
1355.09	0.306564
1356.09	0.30668
1357.09	0.306794
1358.09	0.306906
1359.09	0.307032
1360.09	0.307158
1361.09	0.307276
1362.09	0.307391
1363.09	0.30751
1364.09	0.307617
1365.09	0.307734
1366.09	0.307853
1367.09	0.307962
1368.09	0.308075
1369.09	0.308187
1370.09	0.308301
1371.09	0.308418
1372.09	0.308527
1373.09	0.30864
1374.09	0.308755
1375.09	0.308862
1376.09	0.308973
1377.09	0.309088
1378.09	0.309201
1379.09	0.309312
1380.09	0.309426
1381.09	0.309536
1382.09	0.309648
1383.09	0.309755
1384.09	0.30987
1385.09	0.309989
1386.09	0.310099
1387.09	0.310218
1388.09	0.310335
1389.09	0.310456
1390.09	0.310566
1391.09	0.310679
1392.09	0.310795
1393.09	0.310917
1394.09	0.311028
1395.09	0.311147
1396.09	0.311266
1397.09	0.311382
1398.09	0.3115
1399.09	0.311611
1400.09	0.311733
1401.09	0.311844
1402.09	0.311955
1403.09	0.312071
1404.09	0.312186
1405.09	0.312293
1406.09	0.312415
1407.09	0.312532
1408.09	0.312637
1409.09	0.31275
1410.09	0.312865
1411.09	0.312973
1412.09	0.313086
1413.09	0.313191
1414.09	0.313303
1415.09	0.313426
1416.09	0.313545
1417.09	0.313659
1418.09	0.313773
1419.09	0.313892
1420.09	0.314006
1421.1	0.314115
1422.1	0.314227
1423.1	0.31434
1424.1	0.314456
1425.1	0.314566
1426.1	0.314687
1427.1	0.314802
1428.1	0.314915
1429.1	0.315031
1430.1	0.315147
1431.1	0.315257
1432.1	0.315368
1433.1	0.315472
1434.1	0.315589
1435.1	0.315706
1436.1	0.31582
1437.1	0.315935
1438.1	0.316041
1439.1	0.31615
1440.1	0.316257
1441.1	0.316376
1442.1	0.316493
1443.1	0.316605
1444.1	0.316715
1445.1	0.316827
1446.1	0.316938
1447.1	0.317051
1448.1	0.317168
1449.1	0.317282
1450.1	0.317393
1451.1	0.317505
1452.1	0.317611
1453.1	0.317718
1454.1	0.317829
1455.1	0.317941
1456.1	0.318052
1457.1	0.318157
1458.1	0.318273
1459.1	0.31839
1460.1	0.318496
1461.1	0.318601
1462.1	0.318716
1463.1	0.318826
1464.1	0.318933
1465.1	0.319042
1466.1	0.31915
1467.1	0.319263
1468.1	0.319365
1469.1	0.319468
1470.1	0.319582
1471.1	0.319688
1472.1	0.319793
1473.1	0.319902
1474.1	0.32001
1475.1	0.320121
1476.1	0.320225
1477.1	0.320334
1478.1	0.320444
1479.1	0.320551
1480.1	0.320659
1481.1	0.320774
1482.1	0.320884
1483.1	0.321
1484.1	0.32111
1485.1	0.321217
1486.1	0.321322
1487.1	0.321436
1488.1	0.321548
1489.1	0.321662
1490.1	0.32178
1491.1	0.321893
1492.1	0.322007
1493.1	0.322116
1494.1	0.322223
1495.1	0.322329
1496.1	0.32244
1497.1	0.322546
1498.1	0.32266
1499.1	0.32277
1500.1	0.322876
1501.1	0.322986
1502.1	0.323094
1503.1	0.323198
1504.1	0.323308
1505.1	0.323415
1506.1	0.323524
1507.1	0.323632
1508.1	0.323746
1509.1	0.323852
1510.1	0.32396
1511.1	0.32406
1512.1	0.324168
1513.1	0.324272
1514.1	0.32438
1515.1	0.324487
1516.1	0.324596
1517.1	0.324699
1518.1	0.3248
1519.1	0.324912
1520.1	0.325023
1521.1	0.325133
1522.1	0.325239
1523.1	0.325352
1524.1	0.325456
1525.1	0.325556
1526.1	0.325653
1527.11	0.325758
1528.11	0.325871
1529.11	0.325981
1530.11	0.326088
1531.11	0.326197
1532.11	0.326299
1533.11	0.326411
1534.11	0.32652
1535.11	0.32663
1536.11	0.326739
1537.11	0.326857
1538.11	0.326958
1539.11	0.32706
1540.11	0.327175
1541.11	0.327292
1542.11	0.327398
1543.11	0.327508
1544.11	0.327618
1545.11	0.327731
1546.11	0.327834
1547.11	0.32794
1548.11	0.328047
1549.11	0.328151
1550.11	0.328255
1551.11	0.32836
1552.11	0.328469
1553.11	0.328573
1554.11	0.328679
1555.11	0.328778
1556.11	0.32888
1557.11	0.328984
1558.11	0.329088
1559.11	0.329189
1560.11	0.329292
1561.11	0.329397
1562.11	0.329505
1563.11	0.329619
1564.11	0.329728
1565.11	0.329836
1566.11	0.329944
1567.11	0.330057
1568.11	0.330162
1569.11	0.330269
1570.11	0.330372
1571.11	0.33047
1572.11	0.330571
1573.11	0.330682
1574.11	0.330789
1575.11	0.330889
1576.11	0.330996
1577.11	0.331105
1578.11	0.331208
1579.11	0.331312
1580.11	0.331407
1581.11	0.33151
1582.11	0.331614
1583.11	0.331715
1584.11	0.331827
1585.11	0.331936
1586.11	0.332047
1587.11	0.33215
1588.11	0.332254
1589.11	0.332368
1590.11	0.332478
1591.11	0.332586
1592.11	0.332695
1593.11	0.332792
1594.11	0.332894
1595.11	0.332996
1596.11	0.3331
1597.11	0.333202
1598.11	0.333302
1599.11	0.333415
1600.11	0.33352
1601.11	0.333626
1602.11	0.333734
1603.11	0.333833
1604.11	0.333933
1605.11	0.334026
1606.11	0.334135
1607.11	0.334243
1608.11	0.334353
1609.11	0.334455
1610.11	0.334553
1611.11	0.334658
1612.11	0.334762
1613.11	0.334867
1614.11	0.334977
1615.11	0.335073
1616.11	0.335176
1617.11	0.335274
1618.11	0.335376
1619.11	0.335485
1620.11	0.335593
1621.11	0.335703
1622.11	0.335809
1623.11	0.335914
1624.11	0.33602
1625.11	0.336126
1626.11	0.336238
1627.11	0.336335
1628.11	0.336437
1629.11	0.336539
1630.11	0.336642
1631.11	0.336745
1632.11	0.336856
1633.11	0.336959
1634.11	0.337064
1635.11	0.337175
1636.11	0.337275
1637.11	0.337381
1638.11	0.337486
1639.11	0.337585
1640.11	0.337688
1641.11	0.337789
1642.11	0.3379
1643.11	0.338003
1644.12	0.338105
1645.12	0.338213
1646.12	0.338311
1647.12	0.338417
1648.12	0.338511
1649.12	0.338622
1650.12	0.338726
1651.12	0.33882
1652.12	0.338929
1653.12	0.339034
1654.12	0.339147
1655.12	0.339253
1656.12	0.339353
1657.12	0.339453
1658.12	0.33955
1659.12	0.33965
1660.12	0.339753
1661.12	0.339855
1662.12	0.339959
1663.12	0.340062
1664.12	0.340161
1665.12	0.340266
1666.12	0.340369
1667.12	0.340476
1668.12	0.340579
1669.12	0.340684
1670.12	0.340783
1671.12	0.340888
1672.12	0.34099
1673.12	0.341088
1674.12	0.341194
1675.12	0.341292
1676.12	0.341391
1677.12	0.341492
1678.12	0.341601
1679.12	0.341705
1680.12	0.341806
1681.12	0.341905
1682.12	0.342007
1683.12	0.342104
1684.12	0.342207
1685.12	0.342309
1686.12	0.342404
1687.12	0.342504
1688.12	0.342605
1689.12	0.34271
1690.12	0.342813
1691.12	0.342915
1692.12	0.343008
1693.12	0.343114
1694.12	0.343212
1695.12	0.343319
1696.12	0.343421
1697.12	0.343522
1698.12	0.343619
1699.12	0.343718
1700.12	0.343825
1701.12	0.343931
1702.12	0.344041
1703.12	0.344141
1704.12	0.344239
1705.12	0.344341
1706.12	0.344447
1707.12	0.344556
1708.12	0.344654
1709.12	0.344751
1710.12	0.344849
1711.12	0.344951
1712.12	0.345052
1713.12	0.345154
1714.12	0.345254
1715.12	0.345357
1716.12	0.345452
1717.12	0.345547
1718.12	0.345647
1719.12	0.345749
1720.12	0.345845
1721.12	0.345948
1722.12	0.346049
1723.12	0.346152
1724.12	0.34625
1725.12	0.346354
1726.12	0.346455
1727.12	0.346551
1728.12	0.34665
1729.12	0.346753
1730.12	0.346856
1731.12	0.346955
1732.12	0.347065
1733.12	0.347157
1734.12	0.347252
1735.12	0.347349
1736.12	0.347444
1737.12	0.347546
1738.12	0.347646
1739.12	0.347747
1740.12	0.347852
1741.12	0.347954
1742.12	0.348053
1743.12	0.348153
1744.12	0.348253
1745.12	0.348355
1746.12	0.34845
1747.12	0.348544
1748.12	0.348648
1749.12	0.348747
1750.12	0.34884
1751.12	0.348932
1752.12	0.349037
1753.12	0.349143
1754.12	0.349246
1755.12	0.349344
1756.12	0.349437
1757.12	0.349535
1758.12	0.349637
1759.12	0.349735
1760.12	0.34983
1761.12	0.349933
1762.12	0.350035
1763.12	0.350132
1764.12	0.350234
1765.12	0.350329
1766.12	0.350428
1767.12	0.35053
1768.12	0.350629
1769.12	0.350726
1770.12	0.350826
1771.12	0.350921
1772.12	0.351018
1773.12	0.351115
1774.12	0.351217
1775.12	0.351313
1776.12	0.351413
1777.12	0.351517
1778.12	0.351615
1779.12	0.351711
1780.12	0.351801
1781.12	0.351895
1782.12	0.351994
1783.12	0.352085
1784.12	0.352183
1785.12	0.352278
1786.12	0.352378
1787.12	0.352475
1788.12	0.352568
1789.12	0.352664
1790.12	0.352761
1791.12	0.352862
1792.12	0.35296
1793.12	0.353056
1794.12	0.353147
1795.12	0.353239
1796.12	0.353334
1797.12	0.353431
1798.12	0.353525
1799.12	0.353625
1800.12	0.353723
1801.13	0.353815
1802.13	0.353908
1803.13	0.354005
1804.13	0.354108
1805.13	0.354207
1806.13	0.354302
1807.13	0.354404
1808.13	0.354499
1809.13	0.354594
1810.13	0.354688
1811.13	0.354785
1812.13	0.354885
1813.13	0.354987
1814.13	0.35508
1815.13	0.355178
1816.13	0.355276
1817.13	0.355368
1818.13	0.355459
1819.13	0.355549
1820.13	0.355654
1821.13	0.355747
1822.13	0.355847
1823.13	0.355945
1824.13	0.356046
1825.13	0.356135
1826.13	0.35623
1827.13	0.356319
1828.13	0.356414
1829.13	0.356507
1830.13	0.3566
1831.13	0.356692
1832.13	0.356787
1833.13	0.356871
1834.13	0.356965
1835.13	0.357058
1836.13	0.357151
1837.13	0.357253
1838.13	0.35735
1839.13	0.357443
1840.13	0.357538
1841.13	0.357635
1842.13	0.357726
1843.13	0.35782
1844.13	0.357912
1845.13	0.358009
1846.13	0.358104
1847.13	0.358197
1848.13	0.358294
1849.13	0.358393
1850.13	0.358488
1851.13	0.358586
1852.13	0.35868
1853.13	0.358774
1854.13	0.358869
1855.13	0.358969
1856.13	0.359059
1857.13	0.359153
1858.13	0.359247
1859.13	0.35934
1860.13	0.359437
1861.13	0.35953
1862.13	0.359627
1863.13	0.359721
1864.13	0.35981
1865.13	0.359906
1866.13	0.360004
1867.13	0.360097
1868.13	0.360194
1869.13	0.360282
1870.13	0.360371
1871.13	0.360462
1872.13	0.360558
1873.13	0.360655
1874.13	0.36075
1875.13	0.360847
1876.13	0.360943
1877.13	0.361043
1878.13	0.361139
1879.13	0.361235
1880.13	0.361331
1881.13	0.361424
1882.13	0.361522
1883.13	0.361617
1884.13	0.36171
1885.13	0.361801
1886.13	0.361897
1887.13	0.361987
1888.13	0.362074
1889.13	0.362165
1890.13	0.362268
1891.13	0.362361
1892.13	0.362453
1893.13	0.362549
1894.13	0.362646
1895.13	0.362743
1896.13	0.362844
1897.13	0.362932
1898.13	0.363024
1899.13	0.363118
1900.13	0.363206
1901.13	0.363295
1902.13	0.363388
1903.13	0.36348
1904.13	0.363571
1905.13	0.363674
1906.13	0.363767
1907.13	0.363861
1908.13	0.363958
1909.13	0.364049
1910.13	0.36414
1911.13	0.364227
1912.13	0.364319
1913.13	0.364411
1914.13	0.364506
1915.13	0.364596
1916.13	0.36469
1917.13	0.364779
1918.13	0.364873
1919.13	0.364967
1920.13	0.365064
1921.13	0.365156
1922.13	0.36525
1923.13	0.365343
1924.13	0.365432
1925.13	0.365523
1926.13	0.365619
1927.13	0.365711
1928.13	0.365803
1929.13	0.365888
1930.14	0.365978
1931.14	0.366071
1932.14	0.366166
1933.14	0.36626
1934.14	0.366356
1935.14	0.366446
1936.14	0.366534
1937.14	0.366624
1938.14	0.366716
1939.14	0.366802
1940.14	0.366891
1941.14	0.366984
1942.14	0.367076
1943.14	0.367165
1944.14	0.367257
1945.14	0.367343
1946.14	0.367431
1947.14	0.367529
1948.14	0.367619
1949.14	0.367712
1950.14	0.367798
1951.14	0.367888
1952.14	0.367972
1953.14	0.368053
1954.14	0.368146
1955.14	0.36823
1956.14	0.368323
1957.14	0.368416
1958.14	0.36851
1959.14	0.368598
1960.14	0.368689
1961.14	0.368782
1962.14	0.368878
1963.14	0.368976
1964.14	0.369073
1965.14	0.369164
1966.14	0.369249
1967.14	0.369344
1968.14	0.369436
1969.14	0.36953
1970.14	0.369624
1971.14	0.369724
1972.14	0.369811
1973.14	0.369898
1974.14	0.369985
1975.14	0.370078
1976.14	0.370169
1977.14	0.370258
1978.14	0.370347
1979.14	0.370436
1980.14	0.37052
1981.14	0.370617
1982.14	0.370695
1983.14	0.370781
1984.14	0.37087
1985.14	0.37096
1986.14	0.371045
1987.14	0.37113
1988.14	0.371223
1989.14	0.371317
1990.14	0.371397
1991.14	0.371479
1992.14	0.371562
1993.14	0.371656
1994.14	0.371749
1995.14	0.371848
1996.14	0.371937
1997.14	0.372029
1998.14	0.372113
1999.14	0.372202
2000.14	0.372288
2001.14	0.372374
2002.14	0.372463
2003.14	0.372558
2004.14	0.372646
2005.14	0.372737
2006.14	0.372827
2007.14	0.372915
2008.14	0.373007
2009.14	0.373096
2010.14	0.373182
2011.14	0.373277
2012.14	0.373363
2013.14	0.373454
2014.14	0.373537
2015.14	0.373623
2016.14	0.373706
2017.14	0.373793
2018.14	0.373876
2019.14	0.373966
2020.14	0.374057
2021.14	0.374147
2022.14	0.374233
2023.14	0.374323
2024.14	0.374416
2025.14	0.374494
2026.14	0.374592
2027.14	0.374679
2028.14	0.37477
2029.14	0.374861
2030.14	0.374948
2031.14	0.375034
2032.14	0.375116
2033.14	0.375207
2034.14	0.375301
2035.14	0.375385
2036.14	0.375478
2037.14	0.375567
2038.14	0.375657
2039.14	0.375742
2040.14	0.375829
2041.14	0.375912
2042.14	0.375996
2043.14	0.376083
2044.14	0.376176
2045.14	0.376271
2046.14	0.376359
2047.14	0.376444
2048.14	0.376532
2049.14	0.376617
2050.14	0.376704
2051.15	0.376794
2052.15	0.376881
2053.15	0.376971
2054.15	0.377055
2055.15	0.37714
2056.15	0.377221
2057.15	0.377307
2058.15	0.377391
2059.15	0.377477
2060.15	0.377564
2061.15	0.377656
2062.15	0.37775
2063.15	0.377838
2064.15	0.377925
2065.15	0.378012
2066.15	0.378094
2067.15	0.378174
2068.15	0.37826
2069.15	0.378346
2070.15	0.378427
2071.15	0.37851
2072.15	0.378595
2073.15	0.378686
2074.15	0.378772
2075.15	0.378853
2076.15	0.378942
2077.15	0.379033
2078.15	0.379117
2079.15	0.379205
2080.15	0.379295
2081.15	0.379375
2082.15	0.379469
2083.15	0.379554
2084.15	0.379642
2085.15	0.379732
2086.15	0.379814
2087.15	0.379897
2088.15	0.379982
2089.15	0.380066
2090.15	0.380155
2091.15	0.380242
2092.15	0.380326
2093.15	0.380405
2094.15	0.380487
2095.15	0.380576
2096.15	0.380666
2097.15	0.380753
2098.15	0.380846
2099.15	0.38093
2100.15	0.381018
2101.15	0.381107
2102.15	0.381191
2103.15	0.381277
2104.15	0.381362
2105.15	0.381437
2106.15	0.381522
2107.15	0.381612
2108.15	0.381692
2109.15	0.381782
2110.15	0.381868
2111.15	0.381951
2112.15	0.382033
2113.15	0.38212
2114.15	0.3822
2115.15	0.382294
2116.15	0.382386
2117.15	0.382474
2118.15	0.382562
2119.15	0.382647
2120.15	0.38274
2121.15	0.382825
2122.15	0.382915
2123.15	0.382995
2124.15	0.383084
2125.15	0.383167
2126.15	0.383252
2127.15	0.38334
2128.15	0.383427
2129.15	0.383512
2130.15	0.383599
2131.15	0.383687
2132.15	0.383773
2133.15	0.383858
2134.15	0.383947
2135.15	0.384029
2136.15	0.384114
2137.15	0.384205
2138.15	0.384287
2139.15	0.38437
2140.15	0.384451
2141.15	0.38453
2142.15	0.384612
2143.15	0.384696
2144.15	0.384781
2145.15	0.384865
2146.15	0.384955
2147.15	0.385036
2148.15	0.38512
2149.15	0.385211
2150.15	0.385292
2151.15	0.385376
2152.15	0.38546
2153.15	0.385548
2154.15	0.385639
2155.15	0.38572
2156.15	0.385804
2157.15	0.385887
2158.15	0.385974
2159.15	0.386059
2160.15	0.386145
2161.15	0.386226
2162.15	0.386316
2163.15	0.386409
2164.15	0.386495
2165.15	0.386581
2166.15	0.386664
2167.15	0.386746
2168.15	0.386827
2169.15	0.386914
2170.15	0.386997
2171.15	0.387086
2172.15	0.387174
2173.15	0.387256
2174.15	0.387345
2175.15	0.387426
2176.16	0.38751
2177.16	0.3876
2178.16	0.38769
2179.16	0.387772
2180.16	0.387856
2181.16	0.38794
2182.16	0.388028
2183.16	0.388117
2184.16	0.388199
2185.16	0.388284
2186.16	0.38837
2187.16	0.388459
2188.16	0.388541
2189.16	0.388626
2190.16	0.388708
2191.16	0.388793
2192.16	0.388877
2193.16	0.388962
2194.16	0.389051
2195.16	0.389132
2196.16	0.389214
2197.16	0.38929
2198.16	0.389381
2199.16	0.389463
2200.16	0.389547
2201.16	0.389636
2202.16	0.389718
2203.16	0.389795
2204.16	0.389878
2205.16	0.389958
2206.16	0.39004
2207.16	0.390129
2208.16	0.390215
2209.16	0.390303
2210.16	0.390386
2211.16	0.390473
2212.16	0.390556
2213.16	0.390642
2214.16	0.390726
2215.16	0.390807
2216.16	0.390888
2217.16	0.39097
2218.16	0.391054
2219.16	0.39114
2220.16	0.391223
2221.16	0.391305
2222.16	0.391385
2223.16	0.391473
2224.16	0.391558
2225.16	0.39164
2226.16	0.391725
2227.16	0.391805
2228.16	0.391889
2229.16	0.391973
2230.16	0.392052
2231.16	0.392135
2232.16	0.392214
2233.16	0.392302
2234.16	0.392387
2235.16	0.392469
2236.16	0.392554
2237.16	0.392645
2238.16	0.392728
2239.16	0.392811
2240.16	0.392895
2241.16	0.392976
2242.16	0.393061
2243.16	0.393145
2244.16	0.393218
2245.16	0.393294
2246.16	0.393375
2247.16	0.393453
2248.16	0.393539
2249.16	0.393617
2250.16	0.393701
2251.16	0.393784
2252.16	0.39387
2253.16	0.393954
2254.16	0.394036
2255.16	0.394117
2256.16	0.394197
2257.16	0.394282
2258.16	0.394365
2259.16	0.394448
2260.16	0.39453
2261.16	0.394615
2262.16	0.394697
2263.16	0.394776
2264.16	0.394862
2265.16	0.394945
2266.16	0.395032
2267.16	0.395115
2268.16	0.395197
2269.16	0.395282
2270.16	0.39536
2271.16	0.395444
2272.16	0.395528
2273.16	0.39561
2274.16	0.395696
2275.16	0.395778
2276.16	0.395867
2277.16	0.395956
2278.16	0.396034
2279.16	0.396113
2280.16	0.396196
2281.16	0.396285
2282.16	0.39637
2283.16	0.396452
2284.16	0.396536
2285.16	0.396619
2286.16	0.396698
2287.16	0.396778
2288.16	0.396857
2289.16	0.396937
2290.16	0.397027
2291.16	0.397108
2292.16	0.397185
2293.16	0.397266
2294.16	0.397344
2295.16	0.39742
2296.16	0.397496
2297.16	0.39757
2298.16	0.397651
2299.16	0.39773
2300.17	0.397806
2301.17	0.397883
2302.17	0.397962
2303.17	0.398037
2304.17	0.398117
2305.17	0.398199
2306.17	0.39828
2307.17	0.398362
2308.17	0.398449
2309.17	0.398522
2310.17	0.398604
2311.17	0.39869
2312.17	0.398765
2313.17	0.398844
2314.17	0.398924
2315.17	0.399006
2316.17	0.399077
2317.17	0.399153
2318.17	0.399233
2319.17	0.399308
2320.17	0.399388
2321.17	0.399465
2322.17	0.399536
2323.17	0.399616
2324.17	0.399693
2325.17	0.399774
2326.17	0.399855
2327.17	0.399933
2328.17	0.400015
2329.17	0.400092
2330.17	0.400173
2331.17	0.400257
2332.17	0.400336
2333.17	0.400417
2334.17	0.400494
2335.17	0.400571
2336.17	0.400647
2337.17	0.400729
2338.17	0.40081
2339.17	0.400891
2340.17	0.400974
2341.17	0.401059
2342.17	0.40114
2343.17	0.401227
2344.17	0.401312
2345.17	0.401395
2346.17	0.40148
2347.17	0.401559
2348.17	0.401639
2349.17	0.401717
2350.17	0.401802
2351.17	0.401881
2352.17	0.401961
2353.17	0.402035
2354.17	0.402113
2355.17	0.402188
2356.17	0.40227
2357.17	0.40235
2358.17	0.402435
2359.17	0.402514
2360.17	0.402599
2361.17	0.402677
2362.17	0.402756
2363.17	0.402829
2364.17	0.402911
2365.17	0.402994
2366.17	0.403068
2367.17	0.403145
2368.17	0.403222
2369.17	0.403298
2370.17	0.40338
2371.17	0.403459
2372.17	0.403534
2373.17	0.403611
2374.17	0.40369
2375.17	0.403772
2376.17	0.403852
2377.17	0.403929
2378.17	0.404011
2379.17	0.40409
2380.17	0.404165
2381.17	0.404246
2382.17	0.404322
2383.17	0.404404
2384.17	0.404484
2385.17	0.404566
2386.17	0.404647
2387.17	0.404729
2388.17	0.404804
2389.17	0.404881
2390.17	0.404954
2391.17	0.405027
2392.17	0.405108
2393.17	0.405186
2394.17	0.405262
2395.17	0.40534
2396.17	0.405416
2397.18	0.405488
2398.18	0.405564
2399.18	0.405647
2400.18	0.405727
2401.18	0.405806
2402.18	0.405885
2403.18	0.405961
2404.18	0.40604
2405.18	0.406123
2406.18	0.406199
2407.18	0.40628
2408.18	0.406361
2409.18	0.406433
2410.18	0.406508
2411.18	0.40659
2412.18	0.406668
2413.18	0.40675
2414.18	0.406833
2415.18	0.406914
2416.18	0.406992
2417.18	0.407068
2418.18	0.407147
2419.18	0.407222
2420.18	0.407298
2421.18	0.407375
2422.18	0.407458
2423.18	0.407541
2424.18	0.407618
2425.18	0.407697
2426.18	0.407777
2427.18	0.407853
2428.18	0.407927
2429.18	0.408002
2430.18	0.408077
2431.18	0.408155
2432.18	0.408235
2433.18	0.408316
2434.18	0.408391
2435.18	0.408468
2436.18	0.408547
2437.18	0.408624
2438.18	0.408707
2439.18	0.408786
2440.18	0.40886
2441.18	0.408942
2442.18	0.409021
2443.18	0.409105
2444.18	0.409177
2445.18	0.409254
2446.18	0.409332
2447.18	0.409408
2448.18	0.409479
2449.18	0.409555
2450.18	0.409636
2451.18	0.409712
2452.18	0.409796
2453.18	0.409873
2454.18	0.409951
2455.18	0.41003
2456.18	0.410108
2457.18	0.410186
2458.18	0.410266
2459.18	0.41034
2460.18	0.41042
2461.18	0.410495
2462.18	0.410579
2463.18	0.410655
2464.18	0.410732
2465.18	0.410818
2466.18	0.410895
2467.18	0.410968
2468.18	0.411042
2469.18	0.411121
2470.18	0.411198
2471.18	0.411274
2472.18	0.411354
2473.18	0.411433
2474.18	0.411517
2475.18	0.411591
2476.18	0.411669
2477.18	0.411744
2478.18	0.411823
2479.18	0.4119
2480.18	0.411977
2481.18	0.412048
2482.18	0.412127
2483.18	0.412201
2484.18	0.412277
2485.18	0.412348
2486.18	0.412431
2487.18	0.412505
2488.18	0.412584
2489.18	0.412664
2490.18	0.41274
2491.18	0.412816
2492.18	0.412895
2493.18	0.412967
2494.18	0.413044
2495.18	0.413122
2496.18	0.413204
2497.18	0.41328
2498.18	0.413352
2499.18	0.413428
2500.18	0.413501
2501.18	0.413582
2502.18	0.413657
2503.18	0.413728
2504.18	0.413797
2505.18	0.413871
2506.19	0.413952
2507.19	0.414032
2508.19	0.414111
2509.19	0.414189
2510.19	0.414262
2511.19	0.414337
2512.19	0.41441
2513.19	0.414488
2514.19	0.414571
2515.19	0.414642
2516.19	0.414722
2517.19	0.414798
2518.19	0.414872
2519.19	0.414948
2520.19	0.415025
2521.19	0.415099
2522.19	0.415176
2523.19	0.415252
2524.19	0.415327
2525.19	0.415402
2526.19	0.415474
2527.19	0.415554
2528.19	0.415632
2529.19	0.415712
2530.19	0.415783
2531.19	0.415857
2532.19	0.415932
2533.19	0.416009
2534.19	0.416079
2535.19	0.416164
2536.19	0.41624
2537.19	0.416313
2538.19	0.416384
2539.19	0.41646
2540.19	0.416536
2541.19	0.416613
2542.19	0.41669
2543.19	0.416766
2544.19	0.416836
2545.19	0.416908
2546.19	0.416982
2547.19	0.417053
2548.19	0.417127
2549.19	0.417204
2550.19	0.41728
2551.19	0.417353
2552.19	0.41743
2553.19	0.417508
2554.19	0.417588
2555.19	0.417664
2556.19	0.417738
2557.19	0.417805
2558.19	0.41788
2559.19	0.417961
2560.19	0.418038
2561.19	0.418118
2562.19	0.418193
2563.19	0.418265
2564.19	0.418336
2565.19	0.418409
2566.19	0.418482
2567.19	0.418551
2568.19	0.418623
2569.19	0.418697
2570.19	0.418775
2571.19	0.418851
2572.19	0.418919
2573.19	0.418994
2574.19	0.419073
2575.19	0.41915
2576.19	0.419223
2577.19	0.419299
2578.19	0.419375
2579.19	0.419451
2580.19	0.419521
2581.19	0.419599
2582.19	0.419682
2583.19	0.419752
2584.19	0.419825
2585.19	0.419899
2586.19	0.419976
2587.19	0.420045
2588.19	0.420119
2589.19	0.420186
2590.19	0.420265
2591.19	0.420338
2592.19	0.42041
2593.19	0.420483
2594.19	0.420558
2595.19	0.420625
2596.19	0.420697
2597.19	0.420773
2598.19	0.420844
2599.19	0.420918
2600.19	0.420983
2601.19	0.421057
2602.19	0.421133
2603.19	0.421209
2604.19	0.421283
2605.19	0.421358
2606.19	0.421434
2607.19	0.421502
2608.19	0.42158
2609.19	0.421662
2610.19	0.421739
2611.19	0.421816
2612.19	0.421885
2613.19	0.421962
2614.19	0.422032
2615.19	0.422106
2616.19	0.422181
2617.19	0.422249
2618.19	0.422325
2619.19	0.422396
2620.19	0.42247
2621.19	0.422537
2622.19	0.422611
2623.19	0.422684
2624.19	0.42276
2625.19	0.422835
2626.19	0.422898
2627.19	0.422972
2628.19	0.423047
2629.19	0.423121
2630.19	0.423198
2631.19	0.42327
2632.19	0.423346
2633.19	0.423423
2634.19	0.423494
2635.19	0.423569
2636.19	0.42364
2637.19	0.42371
2638.2	0.42378
2639.2	0.42385
2640.2	0.423923
2641.2	0.424003
2642.2	0.424085
2643.2	0.424159
2644.2	0.424235
2645.2	0.424311
2646.2	0.424377
2647.2	0.424449
2648.2	0.424519
2649.2	0.424597
2650.2	0.424675
2651.2	0.424749
2652.2	0.424822
2653.2	0.424903
2654.2	0.424973
2655.2	0.425046
2656.2	0.425118
2657.2	0.425198
2658.2	0.425269
2659.2	0.425343
2660.2	0.425415
2661.2	0.425491
2662.2	0.425557
2663.2	0.42563
2664.2	0.4257
2665.2	0.425777
2666.2	0.425854
2667.2	0.425933
2668.2	0.42601
2669.2	0.426086
2670.2	0.426159
2671.2	0.426234
2672.2	0.426301
2673.2	0.426378
2674.2	0.42646
2675.2	0.426531
2676.2	0.426605
2677.2	0.426673
2678.2	0.426746
2679.2	0.426819
2680.2	0.426895
2681.2	0.426961
2682.2	0.427039
2683.2	0.427104
2684.2	0.42718
2685.2	0.427251
2686.2	0.427323
2687.2	0.427397
2688.2	0.427468
2689.2	0.427536
2690.2	0.427608
2691.2	0.427681
2692.2	0.427758
2693.2	0.427832
2694.2	0.427902
2695.2	0.427972
2696.2	0.428046
2697.2	0.428118
2698.2	0.428188
2699.2	0.42826
2700.2	0.428332
2701.2	0.428401
2702.2	0.428473
2703.2	0.428539
2704.2	0.428614
2705.2	0.42869
2706.2	0.428765
2707.2	0.428835
2708.2	0.428913
2709.2	0.428983
2710.2	0.429057
2711.2	0.429131
2712.2	0.429204
2713.2	0.429276
2714.2	0.429353
2715.2	0.429426
2716.2	0.429498
2717.2	0.429564
2718.2	0.429643
2719.2	0.429715
2720.2	0.429792
2721.2	0.429866
2722.2	0.429938
2723.2	0.430005
2724.2	0.430075
2725.2	0.430148
2726.2	0.430222
2727.2	0.430291
2728.2	0.43037
2729.2	0.430439
2730.2	0.43051
2731.2	0.430578
2732.2	0.430648
2733.2	0.430715
2734.2	0.430783
2735.2	0.430855
2736.2	0.430932
2737.2	0.431008
2738.2	0.431082
2739.2	0.431158
2740.2	0.431232
2741.2	0.431309
2742.2	0.431386
2743.2	0.431459
2744.2	0.431533
2745.2	0.431604
2746.2	0.431671
2747.2	0.431744
2748.2	0.431816
2749.2	0.431883
2750.2	0.431956
2751.21	0.432032
2752.21	0.432101
2753.21	0.432166
2754.21	0.432232
2755.21	0.432308
2756.21	0.43238
2757.21	0.432453
2758.21	0.43252
2759.21	0.432593
2760.21	0.432661
2761.21	0.432731
2762.21	0.432812
2763.21	0.432887
2764.21	0.432964
2765.21	0.433035
2766.21	0.433105
2767.21	0.433178
2768.21	0.433249
2769.21	0.433318
2770.21	0.433392
2771.21	0.433465
2772.21	0.433536
2773.21	0.433606
2774.21	0.43367
2775.21	0.433749
2776.21	0.43382
2777.21	0.433885
2778.21	0.433958
2779.21	0.434031
2780.21	0.434102
2781.21	0.434177
2782.21	0.434245
2783.21	0.434312
2784.21	0.434389
2785.21	0.434458
2786.21	0.434534
2787.21	0.434605
2788.21	0.434677
2789.21	0.434749
2790.21	0.434823
2791.21	0.434894
2792.21	0.434962
2793.21	0.435036
2794.21	0.435103
2795.21	0.435169
2796.21	0.435237
2797.21	0.435313
2798.21	0.435387
2799.21	0.435453
2800.21	0.435525
2801.21	0.435596
2802.21	0.435674
2803.21	0.435745
2804.21	0.435816
2805.21	0.435886
2806.21	0.435954
2807.21	0.436022
2808.21	0.436094
2809.21	0.436165
2810.21	0.436236
2811.21	0.436306
2812.21	0.436379
2813.21	0.436447
2814.21	0.436529
2815.21	0.436601
2816.21	0.43667
2817.21	0.43674
2818.21	0.436816
2819.21	0.436886
2820.21	0.43696
2821.21	0.43703
2822.21	0.437098
2823.21	0.437168
2824.21	0.437234
2825.21	0.437301
2826.21	0.437367
2827.21	0.437436
2828.21	0.437504
2829.21	0.437577
2830.21	0.437648
2831.21	0.437716
2832.21	0.437788
2833.21	0.437862
2834.21	0.437935
2835.21	0.438008
2836.21	0.438076
2837.21	0.438149
2838.21	0.438215
2839.21	0.438287
2840.21	0.438362
2841.21	0.438434
2842.21	0.438503
2843.21	0.438568
2844.21	0.438637
2845.21	0.438708
2846.21	0.438772
2847.21	0.438845
2848.21	0.438916
2849.21	0.438985
2850.21	0.439056
2851.21	0.439124
2852.21	0.439193
2853.21	0.439258
2854.21	0.439331
2855.21	0.439402
2856.21	0.439467
2857.21	0.439537
2858.21	0.439602
2859.21	0.439674
2860.22	0.439748
2861.22	0.439816
2862.22	0.439888
2863.22	0.439959
2864.22	0.440032
2865.22	0.440106
2866.22	0.440177
2867.22	0.44025
2868.22	0.440318
2869.22	0.440386
2870.22	0.440459
2871.22	0.440526
2872.22	0.440595
2873.22	0.440672
2874.22	0.440741
2875.22	0.440811
2876.22	0.440881
2877.22	0.440952
2878.22	0.441015
2879.22	0.44108
2880.22	0.44115
2881.22	0.441221
2882.22	0.441293
2883.22	0.441358
2884.22	0.441425
2885.22	0.441492
2886.22	0.441563
2887.22	0.441628
2888.22	0.4417
2889.22	0.441769
2890.22	0.441836
2891.22	0.441911
2892.22	0.441977
2893.22	0.442042
2894.22	0.442108
2895.22	0.442178
2896.22	0.442241
2897.22	0.442304
2898.22	0.442369
2899.22	0.442438
2900.22	0.442504
2901.22	0.442572
2902.22	0.442641
2903.22	0.442707
2904.22	0.442777
2905.22	0.442847
2906.22	0.442917
2907.22	0.442982
2908.22	0.443055
2909.22	0.443127
2910.22	0.443192
2911.22	0.443263
2912.22	0.443326
2913.22	0.443388
2914.22	0.443447
2915.22	0.443522
2916.22	0.443586
2917.22	0.44365
2918.22	0.443712
2919.22	0.44378
2920.22	0.44385
2921.22	0.443918
2922.22	0.443992
2923.22	0.44406
2924.22	0.444126
2925.22	0.444189
2926.22	0.444256
2927.22	0.444326
2928.22	0.444385
2929.22	0.444453
2930.22	0.444516
2931.22	0.444593
2932.22	0.44466
2933.22	0.444733
2934.22	0.444804
2935.22	0.444876
2936.22	0.444945
2937.22	0.44502
2938.22	0.445088
2939.22	0.445154
2940.22	0.445224
2941.22	0.44529
2942.22	0.445362
2943.22	0.44543
2944.22	0.445502
2945.22	0.445571
2946.22	0.445641
2947.22	0.445716
2948.22	0.445785
2949.22	0.44585
2950.22	0.445915
2951.22	0.445983
2952.22	0.446049
2953.22	0.446121
2954.22	0.446182
2955.22	0.446248
2956.22	0.446314
2957.22	0.446379
2958.22	0.44645
2959.22	0.446513
2960.22	0.446583
2961.23	0.44665
2962.23	0.446718
2963.23	0.446781
2964.23	0.44685
2965.23	0.446917
2966.23	0.446981
2967.23	0.44705
2968.23	0.447114
2969.23	0.447179
2970.23	0.447241
2971.23	0.447307
2972.23	0.447371
2973.23	0.44744
2974.23	0.447509
2975.23	0.447574
2976.23	0.447644
2977.23	0.447707
2978.23	0.44777
2979.23	0.447833
2980.23	0.447903
2981.23	0.447972
2982.23	0.448043
2983.23	0.448109
2984.23	0.448179
2985.23	0.448247
2986.23	0.448316
2987.23	0.448389
2988.23	0.448461
2989.23	0.448526
2990.23	0.448597
2991.23	0.448665
2992.23	0.448728
2993.23	0.448801
2994.23	0.448871
2995.23	0.448931
2996.23	0.449
2997.23	0.44907
2998.23	0.449137
2999.23	0.449204
3000.23	0.449274
3001.23	0.449345
3002.23	0.449409
3003.23	0.449478
3004.23	0.449544
3005.23	0.449607
3006.23	0.449671
3007.23	0.449742
3008.23	0.44981
3009.23	0.449881
3010.23	0.449948
3011.23	0.45002
3012.23	0.450088
3013.23	0.450157
3014.23	0.450223
3015.23	0.450291
3016.23	0.450362
3017.23	0.450427
3018.23	0.450491
3019.23	0.450557
3020.23	0.450627
3021.23	0.450694
3022.23	0.450757
3023.23	0.450823
3024.23	0.450887
3025.23	0.45095
3026.23	0.451022
3027.23	0.451083
3028.23	0.451156
3029.23	0.451216
3030.23	0.451288
3031.23	0.451352
3032.23	0.451419
3033.23	0.451489
3034.23	0.451551
3035.23	0.451619
3036.23	0.45169
3037.23	0.451763
3038.23	0.451825
3039.23	0.451894
3040.23	0.451958
3041.23	0.452026
3042.23	0.452092
3043.23	0.452156
3044.23	0.452221
3045.23	0.452282
3046.23	0.452345
3047.23	0.452413
3048.23	0.452481
3049.23	0.452547
3050.23	0.452613
3051.23	0.45268
3052.23	0.452744
3053.23	0.452816
3054.23	0.452886
3055.23	0.452956
3056.23	0.453019
3057.23	0.453084
3058.23	0.453145
3059.23	0.453209
3060.23	0.453277
3061.23	0.453339
3062.23	0.453405
3063.23	0.45347
3064.23	0.453533
3065.23	0.453603
3066.23	0.453665
3067.23	0.453732
3068.23	0.453795
3069.23	0.453861
3070.23	0.453926
3071.23	0.453995
3072.23	0.454066
3073.23	0.454134
3074.24	0.454198
3075.24	0.45427
3076.24	0.454344
3077.24	0.454408
3078.24	0.454472
3079.24	0.454534
3080.24	0.454598
3081.24	0.45466
3082.24	0.454722
3083.24	0.454789
3084.24	0.454854
3085.24	0.454913
3086.24	0.45498
3087.24	0.455045
3088.24	0.455111
3089.24	0.455179
3090.24	0.455247
3091.24	0.455312
3092.24	0.455373
3093.24	0.455437
3094.24	0.455503
3095.24	0.455572
3096.24	0.455638
3097.24	0.455706
3098.24	0.455771
3099.24	0.455833
3100.24	0.4559
3101.24	0.455963
3102.24	0.456029
3103.24	0.456092
3104.24	0.456156
3105.24	0.456221
3106.24	0.456282
3107.24	0.456354
3108.24	0.456416
3109.24	0.456483
3110.24	0.456545
3111.24	0.45661
3112.24	0.456671
3113.24	0.456735
3114.24	0.456798
3115.24	0.456861
3116.24	0.45693
3117.24	0.456991
3118.24	0.457055
3119.24	0.457119
3120.24	0.457186
3121.24	0.45725
3122.24	0.457321
3123.24	0.457385
3124.24	0.457447
3125.24	0.457517
3126.24	0.457581
3127.24	0.457646
3128.24	0.457712
3129.24	0.45777
3130.24	0.457837
3131.24	0.457903
3132.24	0.457966
3133.24	0.458029
3134.24	0.458093
3135.24	0.458161
3136.24	0.458229
3137.24	0.458292
3138.24	0.458359
3139.24	0.458425
3140.24	0.458494
3141.24	0.458563
3142.24	0.458626
3143.24	0.458693
3144.24	0.458757
3145.24	0.45882
3146.24	0.458888
3147.24	0.458959
3148.24	0.459022
3149.24	0.459086
3150.24	0.459148
3151.24	0.459213
3152.24	0.459277
3153.24	0.459341
3154.24	0.459411
3155.24	0.459476
3156.24	0.459541
3157.24	0.459604
3158.24	0.459665
3159.24	0.459734
3160.24	0.4598
3161.24	0.459863
3162.24	0.459933
3163.24	0.459997
3164.24	0.460064
3165.24	0.460131
3166.24	0.460195
3167.24	0.460257
3168.24	0.460322
3169.24	0.460386
3170.24	0.460448
3171.24	0.460508
3172.24	0.460572
3173.24	0.460641
3174.24	0.460701
3175.24	0.460765
3176.24	0.460825
3177.24	0.460885
3178.24	0.460949
3179.24	0.461016
3180.24	0.461077
3181.24	0.461142
3182.25	0.461205
3183.25	0.461267
3184.25	0.461326
3185.25	0.461387
3186.25	0.461452
3187.25	0.461516
3188.25	0.461579
3189.25	0.46164
3190.25	0.461702
3191.25	0.461768
3192.25	0.461835
3193.25	0.461895
3194.25	0.461955
3195.25	0.46202
3196.25	0.462088
3197.25	0.462152
3198.25	0.462221
3199.25	0.462286
3200.25	0.462347
3201.25	0.462415
3202.25	0.462483
3203.25	0.462549
3204.25	0.462618
3205.25	0.462682
3206.25	0.462745
3207.25	0.462806
3208.25	0.462861
3209.25	0.462929
3210.25	0.462988
3211.25	0.46305
3212.25	0.463111
3213.25	0.463169
3214.25	0.463233
3215.25	0.4633
3216.25	0.463358
3217.25	0.463423
3218.25	0.463484
3219.25	0.463551
3220.25	0.463614
3221.25	0.463678
3222.25	0.463741
3223.25	0.463807
3224.25	0.46387
3225.25	0.463932
3226.25	0.463997
3227.25	0.464061
3228.25	0.464122
3229.25	0.464185
3230.25	0.464247
3231.25	0.464318
3232.25	0.464382
3233.25	0.464449
3234.25	0.464514
3235.25	0.464576
3236.25	0.464636
3237.25	0.464702
3238.25	0.464764
3239.25	0.464823
3240.25	0.464887
3241.25	0.464952
3242.25	0.465014
3243.25	0.465074
3244.25	0.465138
3245.25	0.465201
3246.25	0.465265
3247.25	0.465325
3248.25	0.465385
3249.25	0.465443
3250.25	0.465501
3251.25	0.465561
3252.25	0.465624
3253.25	0.465687
3254.25	0.465752
3255.25	0.465815
3256.25	0.46588
3257.25	0.465938
3258.25	0.465997
3259.25	0.466065
3260.25	0.466132
3261.25	0.466187
3262.25	0.466253
3263.25	0.466316
3264.25	0.46638
3265.25	0.466444
3266.25	0.466504
3267.25	0.466569
3268.25	0.466634
3269.25	0.466693
3270.25	0.466755
3271.25	0.466819
3272.25	0.466885
3273.25	0.46695
3274.25	0.467011
3275.25	0.467077
3276.25	0.46714
3277.25	0.467199
3278.25	0.467262
3279.25	0.467319
3280.25	0.467377
3281.25	0.467439
3282.25	0.467505
3283.25	0.467567
3284.25	0.46763
3285.25	0.467695
3286.25	0.467752
3287.25	0.467816
3288.25	0.467871
3289.25	0.467933
3290.25	0.467995
3291.25	0.468061
3292.25	0.468123
3293.25	0.468182
3294.25	0.468242
3295.25	0.468306
3296.25	0.468361
3297.25	0.468424
3298.25	0.468487
3299.25	0.468552
3300.25	0.468621
3301.25	0.46868
3302.25	0.468743
3303.25	0.468803
3304.26	0.468866
3305.26	0.468929
3306.26	0.468992
3307.26	0.469055
3308.26	0.46912
3309.26	0.469182
3310.26	0.469246
3311.26	0.469309
3312.26	0.469373
3313.26	0.469432
3314.26	0.469495
3315.26	0.469557
3316.26	0.469619
3317.26	0.469683
3318.26	0.469746
3319.26	0.469804
3320.26	0.469868
3321.26	0.46992
3322.26	0.469981
3323.26	0.470043
3324.26	0.4701
3325.26	0.470164
3326.26	0.470233
3327.26	0.470296
3328.26	0.470357
3329.26	0.470417
3330.26	0.47048
3331.26	0.470542
3332.26	0.470606
3333.26	0.470669
3334.26	0.47073
3335.26	0.470791
3336.26	0.470851
3337.26	0.470911
3338.26	0.470981
3339.26	0.471047
3340.26	0.471107
3341.26	0.471169
3342.26	0.471227
3343.26	0.471287
3344.26	0.471349
3345.26	0.471409
3346.26	0.471472
3347.26	0.471536
3348.26	0.471602
3349.26	0.471663
3350.26	0.471722
3351.26	0.471784
3352.26	0.471845
3353.26	0.471907
3354.26	0.471967
3355.26	0.472019
3356.26	0.472079
3357.26	0.472139
3358.26	0.472198
3359.26	0.472248
3360.26	0.472307
3361.26	0.472374
3362.26	0.472435
3363.26	0.472496
3364.26	0.472562
3365.26	0.47262
3366.26	0.472688
3367.26	0.472749
3368.26	0.472813
3369.26	0.472871
3370.26	0.472933
3371.26	0.472993
3372.26	0.473058
3373.26	0.47312
3374.26	0.473183
3375.26	0.473244
3376.26	0.473306
3377.26	0.47337
3378.26	0.473428
3379.26	0.47349
3380.26	0.473547
3381.26	0.473608
3382.26	0.47367
3383.26	0.473732
3384.26	0.473796
3385.26	0.473855
3386.26	0.47392
3387.26	0.473983
3388.26	0.474041
3389.26	0.474097
3390.26	0.474159
3391.26	0.47422
3392.26	0.474281
3393.26	0.474344
3394.26	0.474401
3395.26	0.474458
3396.26	0.474518
3397.26	0.474578
3398.26	0.474639
3399.26	0.474699
3400.27	0.474757
3401.27	0.474819
3402.27	0.474884
3403.27	0.474941
3404.27	0.475001
3405.27	0.475061
3406.27	0.475124
3407.27	0.475186
3408.27	0.47524
3409.27	0.475304
3410.27	0.475368
3411.27	0.475431
3412.27	0.475497
3413.27	0.475554
3414.27	0.475616
3415.27	0.475679
3416.27	0.475738
3417.27	0.475795
3418.27	0.475853
3419.27	0.475913
3420.27	0.475972
3421.27	0.476027
3422.27	0.476085
3423.27	0.476148
3424.27	0.476207
3425.27	0.476265
3426.27	0.476326
3427.27	0.476385
3428.27	0.476452
3429.27	0.476514
3430.27	0.476577
3431.27	0.476636
3432.27	0.476693
3433.27	0.476751
3434.27	0.476811
3435.27	0.476874
3436.27	0.476936
3437.27	0.476995
3438.27	0.477056
3439.27	0.477113
3440.27	0.477169
3441.27	0.477231
3442.27	0.477287
3443.27	0.477347
3444.27	0.477409
3445.27	0.47747
3446.27	0.477528
3447.27	0.477591
3448.27	0.477653
3449.27	0.477712
3450.27	0.477769
3451.27	0.477828
3452.27	0.477886
3453.27	0.477953
3454.27	0.478016
3455.27	0.478077
3456.27	0.478135
3457.27	0.478201
3458.27	0.478259
3459.27	0.478325
3460.27	0.478388
3461.27	0.478447
3462.27	0.478506
3463.27	0.478568
3464.27	0.478628
3465.27	0.478686
3466.27	0.478743
3467.27	0.478802
3468.27	0.478857
3469.27	0.478914
3470.27	0.478971
3471.28	0.479029
3472.28	0.479091
3473.28	0.479153
3474.28	0.479211
3475.28	0.479271
3476.28	0.47933
3477.28	0.479385
3478.28	0.479447
3479.28	0.479508
3480.28	0.479567
3481.28	0.479626
3482.28	0.479688
3483.28	0.479744
3484.28	0.479803
3485.28	0.479862
3486.28	0.479925
3487.28	0.479984
3488.28	0.480046
3489.28	0.4801
3490.28	0.480164
3491.28	0.480224
3492.28	0.480283
3493.28	0.480344
3494.28	0.480406
3495.28	0.480467
3496.28	0.480528
3497.28	0.480587
3498.28	0.480648
3499.28	0.480704
3500.28	0.480761
3501.28	0.480821
3502.28	0.480879
3503.28	0.480935
3504.28	0.480999
3505.28	0.481062
3506.28	0.481121
3507.28	0.481179
3508.28	0.481237
3509.28	0.48129
3510.28	0.481348
3511.28	0.481404
3512.28	0.481463
3513.28	0.481519
3514.28	0.481578
3515.28	0.481636
3516.28	0.481694
3517.28	0.481753
3518.28	0.481815
3519.28	0.481873
3520.28	0.481929
3521.28	0.481988
3522.28	0.482047
3523.28	0.482105
3524.28	0.482161
3525.28	0.482218
3526.28	0.482275
3527.28	0.482333
3528.28	0.482385
3529.28	0.482443
3530.28	0.482501
3531.28	0.482556
3532.28	0.482614
3533.28	0.482674
3534.28	0.482736
3535.28	0.482796
3536.28	0.482856
3537.28	0.482918
3538.28	0.482977
3539.28	0.483036
3540.28	0.483097
3541.28	0.483153
3542.28	0.483213
3543.28	0.483268
3544.28	0.483324
3545.28	0.483384
3546.28	0.483445
3547.28	0.4835
3548.28	0.483557
3549.28	0.483619
3550.28	0.48368
3551.28	0.483739
3552.28	0.483796
3553.28	0.483848
3554.28	0.483905
3555.28	0.48397
3556.29	0.484027
3557.29	0.484083
3558.29	0.484142
3559.29	0.4842
3560.29	0.484264
3561.29	0.484322
3562.29	0.484378
3563.29	0.484439
3564.29	0.484496
3565.29	0.484557
3566.29	0.484613
3567.29	0.484676
3568.29	0.484734
3569.29	0.484792
3570.29	0.484845
3571.29	0.484902
3572.29	0.48496
3573.29	0.485016
3574.29	0.485075
3575.29	0.48513
3576.29	0.485187
3577.29	0.485243
3578.29	0.485302
3579.29	0.485361
3580.29	0.48542
3581.29	0.485481
3582.29	0.48554
3583.29	0.485593
3584.29	0.485647
3585.29	0.485707
3586.29	0.485767
3587.29	0.48582
3588.29	0.485883
3589.29	0.485942
3590.29	0.485999
3591.29	0.486055
3592.29	0.486112
3593.29	0.48617
3594.29	0.486226
3595.29	0.486281
3596.29	0.486336
3597.29	0.486392
3598.29	0.486448
3599.29	0.486509
3600.29	0.486569
3601.29	0.486628
3602.29	0.486687
3603.29	0.486748
3604.29	0.486812
3605.29	0.486878
3606.29	0.486939
3607.29	0.486997
3608.29	0.487058
3609.29	0.487113
3610.29	0.487174
3611.29	0.487236
3612.29	0.487293
3613.29	0.487358
3614.29	0.487416
3615.29	0.48747
3616.29	0.487523
3617.29	0.487584
3618.29	0.487648
3619.29	0.487707
3620.29	0.487764
3621.29	0.48782
3622.29	0.487876
3623.29	0.487929
3624.29	0.487983
3625.29	0.488039
3626.29	0.488097
3627.29	0.488158
3628.29	0.488216
3629.29	0.488268
3630.29	0.488322
3631.29	0.488377
3632.29	0.488439
3633.29	0.4885
3634.29	0.48856
3635.29	0.488616
3636.29	0.488676
3637.29	0.488735
3638.29	0.488794
3639.29	0.48885
3640.29	0.488904
3641.29	0.488961
3642.29	0.489014
3643.29	0.489077
3644.29	0.489133
3645.29	0.48919
3646.29	0.489246
3647.29	0.489304
3648.29	0.48936
3649.29	0.489416
3650.29	0.489474
3651.29	0.489534
3652.29	0.48959
3653.29	0.489646
3654.29	0.489704
3655.3	0.489769
3656.3	0.489827
3657.3	0.489886
3658.3	0.489945
3659.3	0.490003
3660.3	0.49006
3661.3	0.490122
3662.3	0.490178
3663.3	0.490231
3664.3	0.490287
3665.3	0.490342
3666.3	0.490399
3667.3	0.490455
3668.3	0.490512
3669.3	0.490564
3670.3	0.490625
3671.3	0.490686
3672.3	0.490744
3673.3	0.490802
3674.3	0.490858
3675.3	0.490913
3676.3	0.490971
3677.3	0.491017
3678.3	0.491073
3679.3	0.491128
3680.3	0.491181
3681.3	0.491241
3682.3	0.491299
3683.3	0.491354
3684.3	0.491408
3685.3	0.491465
3686.3	0.491524
3687.3	0.491577
3688.3	0.491632
3689.3	0.49169
3690.3	0.491745
3691.3	0.4918
3692.3	0.491854
3693.3	0.491909
3694.3	0.49197
3695.3	0.492027
3696.3	0.492082
3697.3	0.492138
3698.3	0.492191
3699.3	0.492244
3700.3	0.4923
3701.3	0.492352
3702.3	0.492407
3703.3	0.492466
3704.3	0.492521
3705.3	0.492577
3706.3	0.492633
3707.3	0.492691
3708.3	0.492751
3709.3	0.492813
3710.3	0.492873
3711.3	0.49293
3712.3	0.492989
3713.3	0.493045
3714.3	0.493105
3715.3	0.49316
3716.3	0.493214
3717.3	0.493266
3718.3	0.49332
3719.3	0.493373
3720.3	0.493432
3721.3	0.493487
3722.3	0.493539
3723.3	0.493602
3724.3	0.493662
3725.3	0.493718
3726.3	0.493775
3727.3	0.493832
3728.3	0.493887
3729.3	0.493944
3730.3	0.493999
3731.3	0.494057
3732.3	0.494113
3733.3	0.49417
3734.3	0.494226
3735.3	0.494276
3736.3	0.494329
3737.3	0.494382
3738.3	0.494433
3739.3	0.494491
3740.3	0.494549
3741.3	0.494602
3742.3	0.494655
3743.3	0.494714
3744.3	0.494772
3745.3	0.49483
3746.3	0.494886
3747.3	0.494939
3748.3	0.494991
3749.3	0.495041
3750.3	0.495095
3751.3	0.495156
3752.3	0.495212
3753.3	0.495267
3754.3	0.495325
3755.3	0.495379
3756.3	0.495439
3757.3	0.495492
3758.3	0.495546
3759.3	0.495601
3760.3	0.495663
3761.3	0.495718
3762.3	0.495773
3763.3	0.49583
3764.31	0.495889
3765.31	0.495939
3766.31	0.495993
3767.31	0.496053
3768.31	0.496111
3769.31	0.496165
3770.31	0.496226
3771.31	0.496279
3772.31	0.496336
3773.31	0.49639
3774.31	0.496445
3775.31	0.496504
3776.31	0.496555
3777.31	0.496612
3778.31	0.49667
3779.31	0.496727
3780.31	0.496783
3781.31	0.496839
3782.31	0.496898
3783.31	0.496953
3784.31	0.497011
3785.31	0.497072
3786.31	0.497129
3787.31	0.497188
3788.31	0.497247
3789.31	0.497302
3790.31	0.497362
3791.31	0.497417
3792.31	0.497473
3793.31	0.497533
3794.31	0.497587
3795.31	0.497643
3796.31	0.4977
3797.31	0.497757
3798.31	0.497804
3799.31	0.497859
3800.31	0.497912
3801.31	0.497966
3802.31	0.498017
3803.31	0.49807
3804.31	0.49813
3805.31	0.498182
3806.31	0.498237
3807.31	0.49829
3808.31	0.498343
3809.31	0.498398
3810.31	0.498451
3811.31	0.498504
3812.31	0.498555
3813.31	0.498609
3814.31	0.498664
3815.31	0.498724
3816.31	0.49878
3817.31	0.498838
3818.31	0.498897
3819.31	0.498951
3820.31	0.499004
3821.31	0.499056
3822.31	0.49911
3823.31	0.499171
3824.31	0.499228
3825.31	0.49929
3826.31	0.499347
3827.31	0.499398
3828.31	0.49945
3829.31	0.499506
3830.31	0.499558
3831.31	0.49962
3832.31	0.49967
3833.31	0.499724
3834.31	0.499778
3835.31	0.499834
3836.31	0.499887
3837.31	0.49994
3838.31	0.499992
3839.31	0.500044
3840.31	0.500095
3841.31	0.50015
3842.31	0.500207
3843.31	0.500265
3844.31	0.50032
3845.31	0.500371
3846.31	0.500432
3847.31	0.500482
3848.31	0.500536
3849.31	0.500586
3850.31	0.500644
3851.31	0.5007
3852.31	0.500753
3853.31	0.500806
3854.31	0.50086
3855.31	0.500911
3856.31	0.500967
3857.31	0.501023
3858.31	0.501078
3859.31	0.501132
3860.31	0.501185
3861.31	0.501245
3862.31	0.501298
3863.31	0.501347
3864.31	0.501399
3865.31	0.501458
3866.31	0.501511
3867.31	0.501569
3868.31	0.501619
3869.31	0.501677
3870.31	0.501733
3871.31	0.501788
3872.31	0.501842
3873.31	0.5019
3874.32	0.50195
3875.32	0.502006
3876.32	0.502059
3877.32	0.502109
3878.32	0.502164
3879.32	0.502221
3880.32	0.502281
3881.32	0.502334
3882.32	0.502386
3883.32	0.502437
3884.32	0.50249
3885.32	0.502549
3886.32	0.502603
3887.32	0.502653
3888.32	0.502705
3889.32	0.502762
3890.32	0.502814
3891.32	0.502868
3892.32	0.502924
3893.32	0.502972
3894.32	0.503029
3895.32	0.503078
3896.32	0.503132
3897.32	0.503187
3898.32	0.503242
3899.32	0.503298
3900.32	0.503348
3901.32	0.503399
3902.32	0.503453
3903.32	0.503506
3904.32	0.503558
3905.32	0.503616
3906.32	0.503667
3907.32	0.503721
3908.32	0.503769
3909.32	0.503828
3910.32	0.503884
3911.32	0.503936
3912.32	0.503987
3913.32	0.504038
3914.32	0.504093
3915.32	0.504144
3916.32	0.504196
3917.32	0.504242
3918.32	0.504296
3919.32	0.504352
3920.32	0.504401
3921.32	0.504451
3922.32	0.504507
3923.32	0.504563
3924.32	0.504611
3925.32	0.504666
3926.32	0.50472
3927.32	0.504776
3928.32	0.504832
3929.32	0.504888
3930.32	0.504941
3931.32	0.504995
3932.32	0.50505
3933.32	0.505106
3934.32	0.50516
3935.32	0.505214
3936.32	0.505265
3937.32	0.505321
3938.32	0.505375
3939.32	0.505431
3940.32	0.505485
3941.32	0.505532
3942.32	0.505586
3943.32	0.505637
3944.32	0.505686
3945.32	0.505739
3946.32	0.505791
3947.32	0.505847
3948.32	0.505898
3949.32	0.505953
3950.32	0.506007
3951.32	0.506062
3952.32	0.506115
3953.32	0.506167
3954.32	0.506216
3955.32	0.506269
3956.32	0.50632
3957.32	0.506371
3958.32	0.506429
3959.32	0.506482
3960.32	0.506534
3961.32	0.506584
3962.32	0.506637
3963.32	0.506694
3964.32	0.506747
3965.32	0.506802
3966.32	0.506852
3967.32	0.506905
3968.32	0.506962
3969.32	0.507017
3970.32	0.507069
3971.32	0.507124
3972.32	0.507178
3973.32	0.507231
3974.32	0.507283
3975.32	0.507329
3976.32	0.507381
3977.32	0.507434
3978.32	0.507486
3979.32	0.507536
3980.32	0.507588
3981.32	0.507644
3982.32	0.507696
3983.32	0.50775
3984.32	0.507803
3985.33	0.507857
3986.33	0.507915
3987.33	0.507972
3988.33	0.508027
3989.33	0.508083
3990.33	0.508138
3991.33	0.508189
3992.33	0.508241
3993.33	0.508294
3994.33	0.508347
3995.33	0.508397
3996.33	0.50845
3997.33	0.508503
3998.33	0.508562
3999.33	0.508615
