time	conversion
1.00023	0.0014444
2.00025	0.00224612
3.00163	0.00288606
4.00167	0.00344871
5.00192	0.00396092
6.00291	0.00447356
7.00383	0.00493534
8.00563	0.00536652
9.00568	0.00577284
10.0058	0.0061681
11.0081	0.00658305
12.0082	0.00694655
13.0098	0.00733721
14.0121	0.00773448
15.0124	0.00807486
16.0127	0.00843764
17.0128	0.0088194
18.0135	0.00918233
19.0136	0.00949885
20.0136	0.00982859
21.0142	0.0101728
22.0143	0.0105509
23.0156	0.0108905
24.0167	0.0111907
25.0168	0.0115315
26.0184	0.0118578
27.0187	0.0121678
28.0197	0.0124685
29.0202	0.0127786
30.0204	0.0130684
31.0206	0.0133774
32.0206	0.0136723
33.0251	0.0139527
34.0251	0.0142187
35.026	0.014496
36.0277	0.0147751
37.0278	0.0150759
38.0281	0.0153766
39.0298	0.0156557
40.0331	0.0159111
41.0335	0.0161806
42.0342	0.0164457
43.0386	0.0167185
44.0395	0.0169793
45.0402	0.0172542
46.0408	0.0175017
47.0411	0.0177239
48.0421	0.0179744
49.0433	0.0182174
50.0434	0.0184631
51.046	0.0186872
52.0498	0.0189135
53.0505	0.0191678
54.0507	0.0193968
55.0523	0.0196359
56.053	0.0198619
57.0538	0.0200803
58.0539	0.0203201
59.054	0.0205457
60.0541	0.0207841
61.0578	0.0209876
62.0585	0.0212115
63.0588	0.0214295
64.0589	0.0216509
65.059	0.0218773
66.0592	0.0220823
67.0624	0.0222869
68.0632	0.0224918
69.0652	0.0227039
70.0656	0.0228971
71.0667	0.0230945
72.0671	0.0233122
73.0671	0.023519
74.0674	0.0237191
75.0689	0.0239339
76.0709	0.0241341
77.071	0.0243386
78.0712	0.0245402
79.0717	0.0247371
80.0721	0.0249397
81.0731	0.0251386
82.0732	0.0253372
83.0733	0.0255322
84.0733	0.0257368
85.0733	0.0259389
86.0734	0.0261122
87.0766	0.026305
88.0797	0.0264991
89.0798	0.0266761
90.0799	0.0268711
91.082	0.0270329
92.0822	0.0272253
93.0824	0.0274095
94.0826	0.0276109
95.0835	0.0277931
96.085	0.0279787
97.0851	0.0281704
98.0863	0.0283522
99.0871	0.0285259
100.088	0.028698
101.088	0.0288856
102.088	0.0290657
103.09	0.029242
104.09	0.0294221
105.09	0.0295909
106.093	0.0297698
107.094	0.0299476
108.096	0.0301197
109.096	0.0302871
110.097	0.030477
111.099	0.0306457
112.104	0.030822
113.104	0.0310042
114.104	0.0311895
115.105	0.0313629
116.105	0.031532
117.106	0.0316954
118.108	0.0318751
119.108	0.0320483
120.108	0.0322227
121.108	0.0323747
122.109	0.0325407
123.11	0.0327013
124.11	0.0328743
125.111	0.0330381
126.111	0.03318
127.113	0.0333384
128.113	0.0335167
129.113	0.033679
130.113	0.0338342
131.114	0.0339983
132.114	0.0341805
133.116	0.0343445
134.116	0.0345063
135.118	0.0346826
136.12	0.0348438
137.12	0.0349999
138.12	0.0351698
139.121	0.0353464
140.121	0.0355234
141.122	0.0356941
142.124	0.0358573
143.125	0.0359948
144.126	0.0361526
145.126	0.0363181
146.126	0.0364721
147.127	0.0366269
148.127	0.0367694
149.127	0.0369241
150.127	0.0370853
151.129	0.0372432
152.13	0.0373963
153.13	0.0375443
154.131	0.0376966
155.131	0.0378591
156.131	0.0379993
157.132	0.0381545
158.136	0.0383136
159.137	0.0384691
160.139	0.0386204
161.14	0.0387869
162.14	0.0389415
163.144	0.0390894
164.144	0.0392481
165.145	0.0394115
166.145	0.0395717
167.146	0.0397392
168.146	0.0398917
169.147	0.0400478
170.147	0.0402057
171.148	0.0403589
172.149	0.0405129
173.15	0.0406536
174.152	0.0407984
175.152	0.0409497
176.153	0.0411068
177.154	0.0412685
178.154	0.0414151
179.155	0.0415583
180.155	0.0417141
181.155	0.0418665
182.155	0.0420086
183.156	0.0421684
184.156	0.0423036
185.157	0.0424342
186.157	0.0425769
187.158	0.0427231
188.158	0.0428767
189.158	0.0430295
190.159	0.0431823
191.159	0.0433326
192.159	0.0434747
193.16	0.0436284
194.16	0.0437704
195.161	0.0439208
196.163	0.044069
197.164	0.0442174
198.165	0.0443726
199.166	0.0445226
200.168	0.044673
201.168	0.0448211
202.168	0.0449568
203.169	0.0450993
204.169	0.0452325
205.169	0.0453718
206.171	0.0455057
207.172	0.045643
208.172	0.0457856
209.174	0.0459276
210.175	0.0460499
211.176	0.0461907
212.176	0.0463103
213.176	0.0464513
214.178	0.0465792
215.178	0.0467006
216.179	0.0468385
217.179	0.0469773
218.179	0.0471116
219.179	0.047247
220.181	0.0473872
221.181	0.0475312
222.182	0.0476621
223.182	0.0477839
224.186	0.0479181
225.187	0.0480586
226.188	0.0481908
227.188	0.0483309
228.189	0.0484652
229.189	0.0486
230.189	0.0487332
231.191	0.0488629
232.191	0.0489966
233.192	0.0491217
234.192	0.0492507
235.192	0.0493793
236.195	0.0495244
237.199	0.0496601
238.2	0.0497866
239.2	0.0499284
240.2	0.0500662
241.2	0.0502128
242.205	0.0503375
243.206	0.0504813
244.206	0.0506239
245.206	0.0507523
246.207	0.0508832
247.208	0.0510181
248.208	0.051151
249.208	0.0512757
250.209	0.0513938
251.209	0.0515114
252.21	0.0516293
253.211	0.0517603
254.212	0.0518889
255.213	0.0520187
256.214	0.052152
257.214	0.0522769
258.214	0.0524159
259.215	0.052554
260.225	0.0526731
261.227	0.0527879
262.232	0.052921
263.232	0.0530507
264.232	0.0531782
265.232	0.0533024
266.233	0.0534352
267.234	0.0535728
268.234	0.0536924
269.235	0.0538125
270.236	0.0539466
271.236	0.0540612
272.237	0.054178
273.237	0.0543045
274.237	0.0544309
275.237	0.0545522
276.238	0.0546797
277.239	0.0548045
278.243	0.0549305
279.245	0.0550549
280.247	0.0551727
281.247	0.0553103
282.248	0.055427
283.249	0.0555615
284.25	0.0556876
285.251	0.0558092
286.251	0.0559322
287.251	0.0560486
288.251	0.0561654
289.251	0.0562862
290.252	0.0564027
291.252	0.0565234
292.253	0.0566464
293.253	0.0567741
294.253	0.056907
295.256	0.0570241
296.256	0.0571432
297.258	0.0572588
298.26	0.0573779
299.261	0.0574904
300.262	0.0576139
301.264	0.0577378
302.264	0.0578596
303.264	0.0579872
304.265	0.0581101
305.267	0.0582299
306.268	0.058347
307.268	0.0584661
308.269	0.0585835
309.271	0.0587004
310.272	0.0588205
311.275	0.0589467
312.275	0.0590628
313.275	0.0591835
314.275	0.0592937
315.275	0.0594131
316.275	0.0595368
317.278	0.0596466
318.278	0.0597741
319.279	0.0598818
320.282	0.0600056
321.282	0.0601236
322.283	0.0602261
323.287	0.0603511
324.287	0.0604606
325.29	0.0605832
326.291	0.0607004
327.292	0.0608167
328.293	0.0609417
329.293	0.0610599
330.295	0.0611728
331.295	0.0612894
332.295	0.0614101
333.298	0.0615279
334.298	0.0616365
335.298	0.0617487
336.298	0.061852
337.3	0.0619608
338.3	0.0620743
339.302	0.0621872
340.302	0.0622984
341.303	0.0624001
342.305	0.0624999
343.305	0.0626026
344.305	0.0627231
345.306	0.0628284
346.306	0.0629345
347.306	0.0630486
348.309	0.0631685
349.309	0.0632859
350.309	0.0634013
351.31	0.0635111
352.31	0.0636144
353.31	0.0637297
354.31	0.0638451
355.312	0.063969
356.313	0.0640881
357.313	0.0641974
358.313	0.064318
359.314	0.0644372
360.317	0.0645565
361.318	0.0646639
362.318	0.0647739
363.318	0.0648828
364.319	0.0649892
365.32	0.065104
366.321	0.0652135
367.323	0.0653256
368.326	0.065445
369.326	0.0655466
370.328	0.0656624
371.328	0.0657662
372.33	0.065881
373.332	0.065976
374.332	0.0660891
375.332	0.0661938
376.332	0.0663042
377.333	0.0664111
378.334	0.0665201
379.334	0.0666247
380.334	0.0667375
381.336	0.0668371
382.336	0.0669322
383.336	0.0670332
384.337	0.0671549
385.337	0.0672527
386.338	0.0673621
387.339	0.06748
388.342	0.0675957
389.343	0.0677092
390.343	0.067817
391.344	0.0679329
392.345	0.0680361
393.346	0.0681455
394.346	0.0682448
395.346	0.0683595
396.346	0.06848
397.349	0.0685787
398.35	0.0686711
399.35	0.0687713
400.35	0.0688772
401.351	0.0689915
402.352	0.069097
403.352	0.0692078
404.353	0.0693259
405.356	0.0694312
406.358	0.0695378
407.359	0.0696421
408.359	0.0697522
409.361	0.0698547
410.361	0.0699708
411.361	0.0700848
412.361	0.0701823
413.363	0.0702843
414.363	0.0703907
415.365	0.070495
416.365	0.0706026
417.366	0.0707033
418.367	0.0708082
419.368	0.0709208
420.368	0.0710204
421.369	0.0711267
422.369	0.0712371
423.37	0.0713493
424.37	0.071452
425.371	0.0715523
426.371	0.0716707
427.373	0.0717839
428.373	0.0718869
429.375	0.0719966
430.376	0.0720921
431.376	0.0721996
432.378	0.0723128
433.378	0.0724191
434.38	0.0725128
435.381	0.072618
436.381	0.0727216
437.382	0.0728239
438.383	0.0729223
439.384	0.0730371
440.386	0.0731417
441.386	0.0732421
442.391	0.0733461
443.395	0.0734464
444.396	0.0735445
445.398	0.0736405
446.399	0.073744
447.399	0.0738379
448.402	0.0739398
449.403	0.0740437
450.406	0.0741444
451.406	0.0742543
452.407	0.0743582
453.408	0.074471
454.408	0.0745731
455.409	0.0746605
456.413	0.0747585
457.413	0.0748636
458.415	0.0749658
459.417	0.0750799
460.42	0.0751792
461.421	0.0752843
462.421	0.0753872
463.423	0.0754861
464.427	0.0755937
465.428	0.0756865
466.428	0.0757918
467.429	0.0759007
468.429	0.075994
469.437	0.0760902
470.437	0.0761886
471.437	0.0762793
472.439	0.0763813
473.439	0.0764753
474.44	0.0765809
475.441	0.07668
476.441	0.0767848
477.443	0.0768856
478.444	0.0769799
479.444	0.0770838
480.445	0.0771879
481.445	0.0772894
482.446	0.077398
483.447	0.0775108
484.448	0.0776078
485.449	0.0777092
486.449	0.0778102
487.45	0.0778964
488.451	0.077995
489.451	0.0780938
490.454	0.0781885
491.454	0.0782838
492.457	0.0783841
493.458	0.0784731
494.458	0.0785723
495.46	0.0786724
496.46	0.0787684
497.46	0.0788596
498.463	0.0789612
499.463	0.0790534
500.465	0.079147
501.466	0.0792409
502.466	0.0793386
503.466	0.0794193
504.467	0.0795155
505.468	0.0796032
506.469	0.0796922
507.47	0.0797888
508.47	0.0798874
509.47	0.0799886
510.473	0.0800835
511.475	0.080176
512.476	0.0802731
513.478	0.0803644
514.478	0.0804684
515.478	0.0805714
516.479	0.0806665
517.479	0.0807657
518.482	0.0808671
519.483	0.0809649
520.484	0.0810579
521.485	0.0811458
522.485	0.0812371
523.485	0.081327
524.486	0.0814191
525.487	0.0815114
526.487	0.0816095
527.488	0.0817001
528.488	0.0817888
529.489	0.0818782
530.49	0.0819754
531.493	0.0820575
532.494	0.0821483
533.495	0.0822481
534.495	0.0823338
535.495	0.0824203
536.496	0.0825168
537.496	0.0826111
538.497	0.0827019
539.498	0.082799
540.498	0.0828954
541.501	0.0829917
542.502	0.0830812
543.504	0.0831747
544.506	0.0832618
545.507	0.0833695
546.507	0.0834662
547.508	0.0835509
548.508	0.0836522
549.508	0.0837504
550.508	0.0838405
551.508	0.0839346
552.508	0.0840269
553.508	0.0841207
554.51	0.0841993
555.512	0.0842886
556.512	0.0843739
557.514	0.0844642
558.516	0.0845626
559.519	0.0846509
560.521	0.0847443
561.522	0.0848247
562.522	0.0849108
563.523	0.0849977
564.524	0.0850948
565.525	0.0851843
566.526	0.0852682
567.53	0.0853546
568.532	0.0854385
569.532	0.0855228
570.533	0.0856053
571.533	0.0856937
572.534	0.085797
573.536	0.0858829
574.536	0.0859823
575.536	0.0860651
576.537	0.0861596
577.539	0.0862339
578.54	0.0863303
579.54	0.0864249
580.54	0.0865122
581.54	0.0865955
582.544	0.0866928
583.548	0.0867874
584.548	0.0868856
585.55	0.0869739
586.55	0.0870697
587.551	0.0871615
588.552	0.0872499
589.552	0.0873547
590.555	0.0874451
591.556	0.0875361
592.556	0.0876244
593.557	0.0877244
594.557	0.0878106
595.558	0.0878991
596.558	0.087981
597.56	0.0880757
598.56	0.0881759
599.562	0.0882682
600.564	0.0883568
601.567	0.088448
602.569	0.08853
603.569	0.0886239
604.569	0.0887149
605.569	0.0887978
606.569	0.0888947
607.572	0.0889852
608.572	0.0890737
609.573	0.0891625
610.575	0.0892493
611.576	0.0893361
612.576	0.0894223
613.577	0.0895101
614.577	0.0895866
615.577	0.089671
616.578	0.0897591
617.578	0.0898509
618.579	0.0899435
619.58	0.09003
620.581	0.0901057
621.581	0.0902026
622.582	0.0902869
623.584	0.0903736
624.584	0.0904609
625.584	0.0905534
626.585	0.0906378
627.586	0.0907177
628.591	0.0908078
629.592	0.0908971
630.593	0.0909805
631.595	0.0910743
632.596	0.0911638
633.596	0.0912517
634.597	0.0913421
635.6	0.0914273
636.601	0.0915217
637.603	0.0916098
638.604	0.0917059
639.606	0.0917927
640.606	0.0918872
641.606	0.0919761
642.607	0.0920682
643.608	0.0921473
644.608	0.09223
645.611	0.0923193
646.613	0.0924011
647.613	0.0924845
648.614	0.0925691
649.615	0.0926568
650.615	0.0927371
651.615	0.0928312
652.618	0.0929136
653.619	0.0930052
654.621	0.0931017
655.621	0.0931879
656.621	0.0932749
657.623	0.0933638
658.623	0.0934576
659.625	0.093546
660.625	0.0936401
661.627	0.0937261
662.631	0.0938091
663.631	0.0939033
664.631	0.0939868
665.633	0.0940716
666.633	0.0941596
667.636	0.0942454
668.636	0.0943401
669.641	0.0944185
670.646	0.0945053
671.646	0.0945981
672.646	0.0946852
673.647	0.0947668
674.648	0.0948307
675.649	0.0949157
676.65	0.0950019
677.65	0.0950875
678.652	0.0951815
679.655	0.0952579
680.656	0.095343
681.657	0.0954259
682.661	0.0955089
683.662	0.0955826
684.664	0.0956695
685.665	0.0957563
686.667	0.0958368
687.669	0.0959342
688.67	0.0960197
689.671	0.0961112
690.671	0.0961953
691.672	0.0962782
692.673	0.0963595
693.675	0.0964526
694.676	0.0965332
695.676	0.0966267
696.676	0.0967075
697.676	0.0967976
698.677	0.0968741
699.679	0.0969591
700.679	0.0970395
701.68	0.0971243
702.68	0.0972072
703.683	0.0972851
704.684	0.097371
705.685	0.097452
706.687	0.0975249
707.687	0.0976045
708.692	0.0976823
709.692	0.0977645
710.695	0.0978585
711.696	0.0979355
712.697	0.0980213
713.697	0.0981046
714.698	0.0981905
715.702	0.0982701
716.704	0.0983562
717.705	0.0984342
718.705	0.0985171
719.708	0.0986019
720.708	0.0986901
721.709	0.0987763
722.709	0.0988622
723.712	0.0989476
724.712	0.0990318
725.714	0.0991128
726.723	0.0991881
727.723	0.0992714
728.723	0.0993487
729.723	0.0994342
730.725	0.0995251
731.726	0.0996114
732.729	0.0996894
733.729	0.0997761
734.729	0.0998514
735.731	0.0999272
736.731	0.100005
737.734	0.100093
738.736	0.100175
739.737	0.100259
740.738	0.100336
741.739	0.100411
742.741	0.100492
743.742	0.100583
744.742	0.100664
745.743	0.100749
746.743	0.100836
747.744	0.100928
748.744	0.101005
749.747	0.101093
750.75	0.101172
751.75	0.101252
752.75	0.101331
753.75	0.101417
754.751	0.10149
755.752	0.10157
756.752	0.101649
757.755	0.101728
758.756	0.101818
759.757	0.101901
760.757	0.101984
761.757	0.102071
762.758	0.102162
763.759	0.102248
764.759	0.102324
765.76	0.102408
766.763	0.102487
767.764	0.102566
768.764	0.102647
769.765	0.102724
770.766	0.102794
771.767	0.10287
772.769	0.102947
773.769	0.103019
774.769	0.10309
775.769	0.103165
776.77	0.103237
777.77	0.103315
778.771	0.103399
779.774	0.103483
780.775	0.103559
781.776	0.103637
782.777	0.103716
783.777	0.103797
784.778	0.103882
785.78	0.103958
786.78	0.104042
787.78	0.104119
788.781	0.104195
789.781	0.104265
790.784	0.104354
791.788	0.104433
792.789	0.104519
793.789	0.104608
794.789	0.104688
795.791	0.104768
796.793	0.104853
797.793	0.104928
798.793	0.105011
799.793	0.105105
800.794	0.105176
801.796	0.105248
802.797	0.105335
803.8	0.105412
804.8	0.105481
805.8	0.105564
806.801	0.105651
807.801	0.105734
808.805	0.105807
809.805	0.105877
810.808	0.105944
811.808	0.106026
812.808	0.106105
813.808	0.106183
814.808	0.10625
815.809	0.106327
816.81	0.106407
817.814	0.106485
818.814	0.106561
819.819	0.106642
820.82	0.106731
821.82	0.106815
822.82	0.10689
823.822	0.106969
824.823	0.107043
825.824	0.107132
826.825	0.10721
827.826	0.10729
828.827	0.10736
829.827	0.107426
830.83	0.107503
831.833	0.107582
832.833	0.107666
833.833	0.107744
834.833	0.107822
835.835	0.107905
836.835	0.107986
837.837	0.108066
838.84	0.108143
839.841	0.108221
840.842	0.108305
841.843	0.108382
842.844	0.108464
843.844	0.108543
844.846	0.10862
845.847	0.108696
846.848	0.108774
847.848	0.108842
848.848	0.108922
849.849	0.108992
850.849	0.109079
851.849	0.10917
852.851	0.109246
853.852	0.109329
854.855	0.109398
855.855	0.109488
856.855	0.109571
857.856	0.109654
858.856	0.109737
859.857	0.109819
860.86	0.109897
861.86	0.109972
862.86	0.110058
863.861	0.110132
864.862	0.11021
865.865	0.110289
866.866	0.110363
867.866	0.110436
868.867	0.110522
869.869	0.110594
870.87	0.110672
871.87	0.110756
872.87	0.110844
873.87	0.110926
874.871	0.110999
875.872	0.111075
876.873	0.111158
877.874	0.111224
878.874	0.111296
879.875	0.111377
880.875	0.111457
881.876	0.111534
882.877	0.111602
883.877	0.111675
884.88	0.111757
885.881	0.111823
886.881	0.111906
887.883	0.111979
888.883	0.112048
889.884	0.112123
890.884	0.112206
891.885	0.112289
892.887	0.112359
893.888	0.112434
894.889	0.112513
895.889	0.112593
896.891	0.112663
897.891	0.112736
898.893	0.112813
899.897	0.112882
900.897	0.112948
901.901	0.113031
902.902	0.1131
903.904	0.113175
904.904	0.113243
905.905	0.113321
906.906	0.113389
907.907	0.113459
908.91	0.113535
909.911	0.113613
910.912	0.113692
911.914	0.113763
912.916	0.113845
913.917	0.113925
914.917	0.114007
915.919	0.114084
916.921	0.11416
917.921	0.114237
918.922	0.114309
919.923	0.114389
920.924	0.114458
921.925	0.114537
922.928	0.114603
923.928	0.114682
924.929	0.114754
925.929	0.114831
926.93	0.114905
927.931	0.114989
928.932	0.115062
929.933	0.115143
930.933	0.115222
931.936	0.115295
932.937	0.115362
933.937	0.115436
934.941	0.115505
935.943	0.115584
936.944	0.115659
937.948	0.115729
938.95	0.1158
939.956	0.115877
940.959	0.115962
941.959	0.116042
942.962	0.116116
943.963	0.116187
944.963	0.116263
945.964	0.116335
946.964	0.11642
947.965	0.116496
948.965	0.116571
949.966	0.11664
950.967	0.116716
951.969	0.116793
952.97	0.116871
953.973	0.116949
954.974	0.117027
955.974	0.117091
956.975	0.117158
957.975	0.117241
958.976	0.117309
959.978	0.117382
960.978	0.117447
961.979	0.117533
962.979	0.117611
963.98	0.117689
964.981	0.117773
965.981	0.117849
966.983	0.11792
967.983	0.11799
968.983	0.118054
969.984	0.118132
970.985	0.118207
971.986	0.118276
972.989	0.118345
973.99	0.118421
974.991	0.118498
975.992	0.118575
976.993	0.118649
977.994	0.118724
978.995	0.118806
979.996	0.118884
980.998	0.118955
981.998	0.11903
982.998	0.119097
983.998	0.119173
984.999	0.11925
985.999	0.119323
986.999	0.119397
987.999	0.119468
989.002	0.119532
990.005	0.119604
991.005	0.119678
992.005	0.119755
993.005	0.119828
994.007	0.119904
995.007	0.119976
996.011	0.120041
997.011	0.120118
998.012	0.120194
999.012	0.120271
1000.01	0.120353
1001.01	0.120678
1002.01	0.121007
1003.01	0.121335
1004.01	0.121644
1005.01	0.121973
1006.01	0.122283
1007.01	0.122607
1008.01	0.122935
1009.01	0.123254
1010.01	0.123564
1011.01	0.12387
1012.01	0.124182
1013.01	0.124493
1014.01	0.124786
1015.01	0.125094
1016.01	0.12541
1017.01	0.125697
1018.02	0.125993
1019.02	0.126287
1020.02	0.126574
1021.02	0.126857
1022.02	0.127154
1023.02	0.127444
1024.02	0.127717
1025.02	0.128007
1026.02	0.12828
1027.02	0.128574
1028.02	0.128846
1029.02	0.129117
1030.02	0.12939
1031.02	0.129656
1032.02	0.12992
1033.02	0.130208
1034.02	0.130483
1035.02	0.130761
1036.02	0.131031
1037.02	0.131298
1038.02	0.131582
1039.02	0.131841
1040.02	0.132111
1041.02	0.13239
1042.02	0.132659
1043.02	0.132926
1044.02	0.133181
1045.02	0.133432
1046.02	0.133692
1047.02	0.133953
1048.02	0.134216
1049.02	0.134474
1050.02	0.134732
1051.02	0.134977
1052.02	0.13523
1053.02	0.135492
1054.03	0.135755
1055.03	0.136002
1056.03	0.136248
1057.03	0.136481
1058.03	0.136729
1059.03	0.136988
1060.03	0.137227
1061.03	0.137476
1062.03	0.137711
1063.03	0.137952
1064.03	0.138188
1065.03	0.138433
1066.03	0.138677
1067.03	0.138918
1068.03	0.139159
1069.03	0.139391
1070.03	0.139626
1071.03	0.139876
1072.03	0.140121
1073.03	0.140363
1074.03	0.14059
1075.03	0.140804
1076.03	0.141029
1077.03	0.141279
1078.03	0.141512
1079.03	0.141744
1080.03	0.141971
1081.03	0.142208
1082.03	0.142431
1083.03	0.142674
1084.03	0.142897
1085.03	0.143126
1086.03	0.143345
1087.03	0.143574
1088.03	0.143807
1089.03	0.144035
1090.03	0.144261
1091.03	0.144485
1092.03	0.144717
1093.03	0.144954
1094.03	0.145194
1095.03	0.14541
1096.03	0.145636
1097.03	0.145851
1098.03	0.146087
1099.03	0.146319
1100.03	0.146539
1101.03	0.146756
1102.03	0.146991
1103.03	0.147195
1104.03	0.147411
1105.03	0.14763
1106.03	0.147848
1107.03	0.148064
1108.03	0.148282
1109.03	0.148497
1110.03	0.148708
1111.04	0.148919
1112.04	0.149131
1113.04	0.149339
1114.04	0.14955
1115.04	0.149763
1116.04	0.149983
1117.04	0.150183
1118.04	0.150386
1119.04	0.150598
1120.04	0.150816
1121.04	0.151022
1122.04	0.151236
1123.04	0.151449
1124.04	0.151656
1125.04	0.151867
1126.04	0.152074
1127.04	0.15229
1128.04	0.152514
1129.04	0.15272
1130.04	0.152936
1131.04	0.153129
1132.04	0.153329
1133.04	0.153536
1134.04	0.153759
1135.04	0.153966
1136.04	0.154172
1137.04	0.154379
1138.04	0.154595
1139.04	0.1548
1140.04	0.155005
1141.04	0.155209
1142.04	0.155413
1143.04	0.155606
1144.04	0.155806
1145.04	0.156002
1146.04	0.156196
1147.04	0.156388
1148.04	0.156576
1149.04	0.156772
1150.04	0.156971
1151.04	0.157179
1152.04	0.157375
1153.04	0.157574
1154.04	0.157785
1155.04	0.157976
1156.04	0.158178
1157.04	0.15837
1158.05	0.158569
1159.05	0.15876
1160.05	0.158961
1161.05	0.159153
1162.05	0.159357
1163.05	0.159549
1164.05	0.159731
1165.05	0.159923
1166.05	0.160116
1167.05	0.160303
1168.05	0.160499
1169.05	0.160691
1170.05	0.16088
1171.05	0.161077
1172.05	0.161268
1173.05	0.161459
1174.05	0.161654
1175.05	0.161838
1176.05	0.16203
1177.05	0.162214
1178.05	0.162395
1179.05	0.162581
1180.05	0.16277
1181.05	0.162954
1182.05	0.163133
1183.05	0.163319
1184.05	0.163501
1185.05	0.163689
1186.05	0.163873
1187.05	0.164056
1188.05	0.164232
1189.05	0.164418
1190.05	0.164604
1191.05	0.16478
1192.05	0.164955
1193.05	0.165135
1194.05	0.165314
1195.05	0.165493
1196.05	0.165672
1197.05	0.165852
1198.05	0.166038
1199.05	0.166218
1200.05	0.166389
1201.05	0.166565
1202.05	0.166741
1203.05	0.166909
1204.05	0.167081
1205.05	0.167262
1206.05	0.167435
1207.05	0.167606
1208.05	0.167778
1209.05	0.167954
1210.05	0.168118
1211.05	0.168294
1212.05	0.168465
1213.05	0.168637
1214.05	0.168805
1215.05	0.168985
1216.06	0.169161
1217.06	0.169332
1218.06	0.169496
1219.06	0.169666
1220.06	0.169839
1221.06	0.170012
1222.06	0.170184
1223.06	0.170356
1224.06	0.170537
1225.06	0.170708
1226.06	0.170887
1227.06	0.171056
1228.06	0.171228
1229.06	0.171391
1230.06	0.171563
1231.06	0.171727
1232.06	0.171897
1233.06	0.172056
1234.06	0.172236
1235.06	0.172414
1236.06	0.172593
1237.06	0.172755
1238.06	0.172929
1239.06	0.173094
1240.06	0.173265
1241.06	0.173437
1242.06	0.1736
1243.06	0.173776
1244.06	0.173941
1245.06	0.174115
1246.06	0.174304
1247.06	0.174468
1248.06	0.174638
1249.06	0.174793
1250.06	0.174948
1251.06	0.175116
1252.06	0.175275
1253.06	0.175436
1254.07	0.175608
1255.07	0.175768
1256.07	0.175938
1257.07	0.176105
1258.07	0.176271
1259.07	0.176433
1260.07	0.176602
1261.07	0.176774
1262.07	0.176935
1263.07	0.177098
1264.07	0.177262
1265.07	0.177433
1266.07	0.177594
1267.07	0.177763
1268.07	0.177922
1269.07	0.17808
1270.07	0.178248
1271.07	0.178424
1272.07	0.178588
1273.07	0.178751
1274.07	0.178909
1275.07	0.179068
1276.08	0.179235
1277.08	0.179404
1278.08	0.179562
1279.08	0.179724
1280.08	0.17989
1281.08	0.18005
1282.08	0.180209
1283.08	0.180358
1284.08	0.180519
1285.08	0.18068
1286.08	0.18084
1287.08	0.181007
1288.08	0.181157
1289.08	0.181323
1290.08	0.181483
1291.08	0.18163
1292.08	0.181795
1293.08	0.181956
1294.08	0.182112
1295.08	0.182276
1296.08	0.182444
1297.08	0.182605
1298.08	0.182757
1299.08	0.182912
1300.08	0.183086
1301.08	0.18324
1302.08	0.183399
1303.08	0.183542
1304.08	0.183699
1305.08	0.183855
1306.08	0.18401
1307.08	0.184162
1308.08	0.184313
1309.08	0.184467
1310.08	0.184618
1311.08	0.184782
1312.08	0.184934
1313.08	0.185094
1314.08	0.185247
1315.09	0.185395
1316.09	0.185551
1317.09	0.185694
1318.09	0.185849
1319.09	0.185999
1320.09	0.186158
1321.09	0.186309
1322.09	0.186454
1323.09	0.186606
1324.09	0.186764
1325.09	0.186913
1326.09	0.18706
1327.09	0.1872
1328.09	0.187342
1329.09	0.187488
1330.09	0.187633
1331.09	0.187773
1332.09	0.18792
1333.09	0.188065
1334.09	0.188213
1335.09	0.188365
1336.09	0.188508
1337.09	0.188655
1338.09	0.188804
1339.09	0.188955
1340.09	0.189093
1341.09	0.189245
1342.09	0.189395
1343.09	0.189537
1344.09	0.189694
1345.09	0.18984
1346.09	0.189994
1347.09	0.190128
1348.09	0.190283
1349.09	0.190423
1350.09	0.19056
1351.09	0.190699
1352.09	0.190833
1353.09	0.19098
1354.1	0.191121
1355.1	0.191273
1356.1	0.191419
1357.1	0.191563
1358.1	0.191709
1359.1	0.191856
1360.1	0.191989
1361.1	0.192132
1362.1	0.192279
1363.1	0.192416
1364.1	0.192557
1365.1	0.192706
1366.1	0.192859
1367.1	0.192997
1368.1	0.193141
1369.1	0.193285
1370.1	0.193431
1371.1	0.19357
1372.1	0.193715
1373.1	0.193855
1374.1	0.193997
1375.1	0.19413
1376.1	0.194275
1377.1	0.194418
1378.1	0.194549
1379.1	0.194692
1380.1	0.194831
1381.1	0.194976
1382.1	0.19512
1383.1	0.195252
1384.1	0.195383
1385.1	0.195525
1386.1	0.195679
1387.1	0.195833
1388.1	0.195972
1389.1	0.196108
1390.11	0.196256
1391.11	0.196395
1392.11	0.19653
1393.11	0.196681
1394.11	0.196816
1395.11	0.196954
1396.11	0.197096
1397.11	0.197242
1398.11	0.197387
1399.11	0.19753
1400.11	0.197671
1401.11	0.197801
1402.11	0.197942
1403.11	0.198079
1404.11	0.198202
1405.11	0.198347
1406.11	0.198483
1407.11	0.198628
1408.11	0.198764
1409.11	0.198899
1410.11	0.199034
1411.11	0.199174
1412.11	0.199315
1413.11	0.199449
1414.11	0.199584
1415.11	0.199717
1416.11	0.199854
1417.11	0.199993
1418.11	0.200125
1419.11	0.200268
1420.11	0.200391
1421.11	0.200524
1422.11	0.20066
1423.11	0.200785
1424.11	0.200929
1425.11	0.20106
1426.11	0.201197
1427.11	0.201328
1428.11	0.201458
1429.11	0.201591
1430.11	0.201718
1431.12	0.201861
1432.12	0.201994
1433.12	0.202136
1434.12	0.202273
1435.12	0.20242
1436.12	0.202552
1437.12	0.202684
1438.12	0.202819
1439.12	0.202951
1440.12	0.203082
1441.12	0.203222
1442.12	0.203346
1443.12	0.203489
1444.12	0.203629
1445.12	0.20376
1446.12	0.203898
1447.12	0.20402
1448.12	0.204144
1449.12	0.204284
1450.12	0.204418
1451.12	0.204545
1452.12	0.204666
1453.12	0.204803
1454.12	0.204943
1455.12	0.205068
1456.12	0.205194
1457.12	0.205322
1458.12	0.205453
1459.12	0.205584
1460.12	0.205714
1461.12	0.205842
1462.12	0.205973
1463.12	0.206099
1464.12	0.206225
1465.12	0.206358
1466.12	0.206475
1467.12	0.206607
1468.12	0.206747
1469.13	0.206881
1470.13	0.207015
1471.13	0.20714
1472.13	0.207263
1473.13	0.207397
1474.13	0.207528
1475.13	0.207657
1476.13	0.207782
1477.13	0.207909
1478.13	0.208033
1479.13	0.20816
1480.13	0.208288
1481.13	0.208424
1482.13	0.208555
1483.13	0.208686
1484.13	0.208811
1485.13	0.208943
1486.13	0.209071
1487.13	0.209192
1488.13	0.209323
1489.13	0.209449
1490.13	0.209569
1491.13	0.209701
1492.13	0.209824
1493.13	0.209947
1494.13	0.21007
1495.13	0.210206
1496.13	0.210329
1497.13	0.21045
1498.13	0.21057
1499.13	0.2107
1500.13	0.210835
1501.13	0.21095
1502.13	0.21107
1503.13	0.211196
1504.13	0.211327
1505.13	0.21145
1506.13	0.211571
1507.13	0.211704
1508.14	0.211832
1509.14	0.211963
1510.14	0.212087
1511.14	0.21221
1512.14	0.21233
1513.14	0.212456
1514.14	0.212591
1515.14	0.21272
1516.14	0.212834
1517.14	0.212954
1518.14	0.213073
1519.14	0.213203
1520.14	0.21333
1521.14	0.213449
1522.14	0.213561
1523.14	0.213677
1524.14	0.213807
1525.14	0.213936
1526.14	0.21406
1527.14	0.214184
1528.14	0.214299
1529.14	0.214419
1530.14	0.214548
1531.14	0.214667
1532.14	0.214786
1533.14	0.214905
1534.14	0.215034
1535.14	0.215154
1536.14	0.215272
1537.14	0.215383
1538.14	0.2155
1539.14	0.21562
1540.14	0.215738
1541.14	0.215856
1542.14	0.21598
1543.14	0.216095
1544.14	0.216207
1545.14	0.216332
1546.14	0.216442
1547.14	0.216565
1548.14	0.216684
1549.14	0.216806
1550.14	0.216929
1551.14	0.217054
1552.14	0.217175
1553.14	0.217301
1554.14	0.217423
1555.15	0.217543
1556.15	0.217657
1557.15	0.217773
1558.15	0.217893
1559.15	0.218008
1560.15	0.218127
1561.15	0.218248
1562.15	0.218364
1563.15	0.218484
1564.15	0.218589
1565.15	0.218699
1566.15	0.218815
1567.15	0.21893
1568.15	0.219043
1569.15	0.219153
1570.15	0.219268
1571.15	0.219387
1572.15	0.219509
1573.15	0.219628
1574.15	0.219745
1575.15	0.219857
1576.15	0.219977
1577.15	0.220092
1578.15	0.220198
1579.15	0.220307
1580.15	0.220422
1581.15	0.220545
1582.15	0.220658
1583.15	0.220774
1584.15	0.220896
1585.15	0.221016
1586.15	0.221135
1587.15	0.221249
1588.16	0.221371
1589.16	0.221494
1590.16	0.221606
1591.16	0.22173
1592.16	0.221849
1593.16	0.221959
1594.16	0.222071
1595.16	0.222192
1596.16	0.222307
1597.16	0.222417
1598.16	0.222537
1599.16	0.222658
1600.16	0.222766
1601.16	0.222878
1602.16	0.22299
1603.16	0.223103
1604.16	0.223217
1605.16	0.22334
1606.16	0.223457
1607.16	0.223572
1608.16	0.223693
1609.16	0.223802
1610.16	0.223913
1611.16	0.224025
1612.16	0.224135
1613.16	0.224253
1614.16	0.224363
1615.16	0.224476
1616.16	0.224587
1617.16	0.224701
1618.16	0.224823
1619.16	0.224932
1620.16	0.225031
1621.16	0.225145
1622.16	0.225255
1623.16	0.225368
1624.16	0.225476
1625.16	0.225585
1626.16	0.225698
1627.16	0.225811
1628.17	0.225922
1629.17	0.226031
1630.17	0.226145
1631.17	0.226259
1632.17	0.226377
1633.17	0.226488
1634.17	0.226597
1635.17	0.226704
1636.17	0.226823
1637.17	0.22693
1638.17	0.227041
1639.17	0.227152
1640.17	0.227259
1641.17	0.227365
1642.17	0.22747
1643.17	0.22758
1644.17	0.227685
1645.17	0.227796
1646.17	0.22791
1647.17	0.228012
1648.17	0.228119
1649.17	0.228229
1650.17	0.228344
1651.17	0.228453
1652.17	0.228562
1653.17	0.228668
1654.17	0.228769
1655.17	0.228878
1656.17	0.228995
1657.17	0.229105
1658.17	0.229213
1659.17	0.229317
1660.17	0.229428
1661.17	0.229532
1662.17	0.229643
1663.17	0.229756
1664.17	0.229858
1665.17	0.229974
1666.17	0.230081
1667.17	0.230184
1668.18	0.230278
1669.18	0.230386
1670.18	0.230501
1671.18	0.230607
1672.18	0.230719
1673.18	0.23082
1674.18	0.230929
1675.18	0.231033
1676.18	0.231138
1677.18	0.23125
1678.18	0.231362
1679.18	0.231467
1680.18	0.231578
1681.18	0.231679
1682.18	0.231778
1683.18	0.231879
1684.18	0.231988
1685.18	0.232093
1686.18	0.232203
1687.18	0.232309
1688.18	0.232424
1689.18	0.232527
1690.18	0.232635
1691.18	0.232744
1692.18	0.232855
1693.18	0.232962
1694.18	0.233066
1695.18	0.233166
1696.18	0.233273
1697.18	0.233379
1698.18	0.233484
1699.18	0.233595
1700.18	0.233701
1701.19	0.233813
1702.19	0.233916
1703.19	0.234016
1704.19	0.234124
1705.19	0.234231
1706.19	0.234348
1707.19	0.234447
1708.19	0.234549
1709.19	0.234654
1710.19	0.234756
1711.19	0.23486
1712.19	0.234961
1713.19	0.235067
1714.19	0.235177
1715.19	0.235286
1716.19	0.235385
1717.19	0.235492
1718.19	0.235599
1719.19	0.235704
1720.19	0.235802
1721.19	0.235909
1722.19	0.236012
1723.19	0.236117
1724.19	0.236224
1725.19	0.236328
1726.19	0.236433
1727.19	0.23654
1728.19	0.236652
1729.19	0.236755
1730.19	0.236861
1731.19	0.236962
1732.19	0.237059
1733.19	0.237162
1734.19	0.237263
1735.19	0.237372
1736.19	0.237476
1737.19	0.237583
1738.19	0.237689
1739.19	0.237799
1740.19	0.237902
1741.19	0.238002
1742.19	0.238109
1743.2	0.23821
1744.2	0.238315
1745.2	0.238414
1746.2	0.238511
1747.2	0.238618
1748.2	0.238716
1749.2	0.238814
1750.2	0.238916
1751.2	0.239018
1752.2	0.239118
1753.2	0.239221
1754.2	0.239335
1755.2	0.23944
1756.2	0.23954
1757.2	0.239649
1758.2	0.239751
1759.2	0.239853
1760.2	0.239962
1761.2	0.240062
1762.2	0.240164
1763.2	0.240269
1764.2	0.240377
1765.2	0.24048
1766.2	0.240589
1767.2	0.240688
1768.2	0.240782
1769.2	0.240886
1770.2	0.240983
1771.2	0.241088
1772.2	0.241186
1773.2	0.241282
1774.2	0.241384
1775.2	0.241487
1776.2	0.2416
1777.2	0.241687
1778.2	0.241786
1779.2	0.241894
1780.2	0.241995
1781.2	0.242095
1782.21	0.242191
1783.21	0.242288
1784.21	0.242383
1785.21	0.24248
1786.21	0.242575
1787.21	0.242676
1788.21	0.24278
1789.21	0.242887
1790.21	0.24298
1791.21	0.243079
1792.21	0.243182
1793.21	0.243282
1794.21	0.243378
1795.21	0.243484
1796.21	0.243591
1797.21	0.243683
1798.21	0.243783
1799.21	0.243876
1800.21	0.243979
1801.21	0.24408
1802.21	0.244181
1803.21	0.244282
1804.21	0.244385
1805.21	0.244489
1806.21	0.244591
1807.21	0.244698
1808.21	0.244795
1809.21	0.244898
1810.21	0.245
1811.21	0.245098
1812.21	0.2452
1813.21	0.245298
1814.21	0.245397
1815.21	0.245496
1816.21	0.245593
1817.21	0.245695
1818.21	0.245797
1819.21	0.245896
1820.21	0.245992
1821.21	0.246088
1822.22	0.246188
1823.22	0.246276
1824.22	0.246372
1825.22	0.246469
1826.22	0.246567
1827.22	0.246657
1828.22	0.246755
1829.22	0.246852
1830.22	0.246949
1831.22	0.247047
1832.22	0.247142
1833.22	0.247235
1834.22	0.247338
1835.22	0.247442
1836.22	0.247532
1837.22	0.247632
1838.22	0.24773
1839.22	0.247831
1840.22	0.24793
1841.22	0.248024
1842.22	0.248127
1843.22	0.248216
1844.22	0.248306
1845.22	0.248399
1846.22	0.248495
1847.22	0.248598
1848.22	0.248706
1849.22	0.248803
1850.22	0.2489
1851.22	0.248993
1852.22	0.249092
1853.22	0.249189
1854.22	0.249285
1855.22	0.249382
1856.22	0.249482
1857.22	0.249578
1858.22	0.249671
1859.22	0.249767
1860.22	0.249863
1861.22	0.249965
1862.22	0.250062
1863.22	0.250161
1864.22	0.250262
1865.22	0.250357
1866.22	0.250456
1867.22	0.250552
1868.22	0.250648
1869.23	0.250747
1870.23	0.250841
1871.23	0.250939
1872.23	0.251042
1873.23	0.251139
1874.23	0.251225
1875.23	0.251327
1876.23	0.251429
1877.23	0.251526
1878.23	0.25162
1879.23	0.251713
1880.23	0.251804
1881.23	0.251901
1882.23	0.251996
1883.23	0.252087
1884.23	0.252185
1885.23	0.252278
1886.23	0.25238
1887.23	0.252479
1888.23	0.252571
1889.23	0.252668
1890.23	0.25276
1891.23	0.252848
1892.23	0.252937
1893.23	0.253033
1894.23	0.253128
1895.23	0.253226
1896.23	0.253324
1897.23	0.25341
1898.23	0.253505
1899.23	0.253605
1900.24	0.253705
1901.24	0.2538
1902.24	0.253901
1903.24	0.253999
1904.24	0.254099
1905.24	0.254189
1906.24	0.254285
1907.24	0.25438
1908.24	0.254476
1909.24	0.254566
1910.24	0.254662
1911.24	0.25475
1912.24	0.254845
1913.24	0.254942
1914.24	0.255033
1915.24	0.255129
1916.24	0.255233
1917.24	0.255327
1918.24	0.255424
1919.24	0.25552
1920.24	0.255621
1921.24	0.255713
1922.24	0.255812
1923.24	0.255902
1924.24	0.255998
1925.24	0.256091
1926.24	0.256189
1927.25	0.256284
1928.25	0.256376
1929.25	0.256466
1930.25	0.256558
1931.25	0.256659
1932.25	0.256749
1933.25	0.256831
1934.25	0.256923
1935.25	0.257016
1936.25	0.25711
1937.25	0.2572
1938.25	0.257284
1939.25	0.257381
1940.25	0.257476
1941.25	0.25757
1942.25	0.257668
1943.25	0.257764
1944.25	0.257853
1945.25	0.257939
1946.25	0.258036
1947.25	0.258132
1948.25	0.258222
1949.25	0.258325
1950.25	0.258422
1951.25	0.258514
1952.25	0.258606
1953.25	0.258693
1954.25	0.258785
1955.25	0.258875
1956.25	0.258971
1957.25	0.259069
1958.26	0.259159
1959.26	0.259261
1960.26	0.259359
1961.26	0.259453
1962.26	0.259542
1963.26	0.259627
1964.26	0.259718
1965.26	0.25981
1966.26	0.259905
1967.26	0.260003
1968.26	0.260097
1969.26	0.260192
1970.26	0.260278
1971.26	0.260372
1972.26	0.26046
1973.26	0.260548
1974.26	0.260642
1975.26	0.260723
1976.26	0.260815
1977.26	0.260907
1978.26	0.260992
1979.26	0.261089
1980.26	0.26118
1981.26	0.261267
1982.26	0.261359
1983.26	0.261446
1984.26	0.261538
1985.26	0.261624
1986.26	0.261712
1987.26	0.261802
1988.26	0.261896
1989.26	0.26199
1990.26	0.262081
1991.27	0.262168
1992.27	0.262258
1993.27	0.262354
1994.27	0.262444
1995.27	0.262534
1996.27	0.262624
1997.27	0.262715
1998.27	0.262805
1999.27	0.262899
2000.27	0.263036
2001.27	0.263265
2002.27	0.263504
2003.27	0.263723
2004.27	0.263935
2005.27	0.264153
2006.27	0.264369
2007.27	0.264587
2008.27	0.264802
2009.27	0.265015
2010.27	0.265239
2011.27	0.26546
2012.27	0.265685
2013.27	0.265914
2014.27	0.266133
2015.27	0.266347
2016.27	0.266559
2017.27	0.266775
2018.27	0.266994
2019.27	0.267208
2020.27	0.267425
2021.27	0.267642
2022.27	0.267855
2023.27	0.268076
2024.27	0.268292
2025.27	0.268499
2026.27	0.268716
2027.27	0.268936
2028.27	0.269153
2029.27	0.269368
2030.27	0.269592
2031.27	0.269805
2032.27	0.270024
2033.27	0.27023
2034.27	0.270452
2035.27	0.270666
2036.27	0.270878
2037.27	0.271088
2038.27	0.271296
2039.27	0.271501
2040.27	0.271706
2041.27	0.271915
2042.27	0.272122
2043.27	0.272326
2044.27	0.272533
2045.27	0.27275
2046.27	0.272958
2047.27	0.273159
2048.27	0.273371
2049.27	0.273573
2050.27	0.273782
2051.27	0.273984
2052.27	0.274186
2053.27	0.274392
2054.27	0.274593
2055.27	0.274796
2056.27	0.274998
2057.27	0.275203
2058.27	0.275398
2059.27	0.275615
2060.27	0.275819
2061.27	0.276034
2062.27	0.276233
2063.27	0.276433
2064.27	0.276631
2065.28	0.276829
2066.28	0.277029
2067.28	0.277247
2068.28	0.277442
2069.28	0.27765
2070.28	0.277862
2071.28	0.278063
2072.28	0.278265
2073.28	0.278471
2074.28	0.278676
2075.28	0.278872
2076.28	0.279068
2077.28	0.279266
2078.28	0.279466
2079.28	0.279655
2080.28	0.279837
2081.28	0.280028
2082.28	0.280223
2083.28	0.280429
2084.28	0.280627
2085.28	0.280822
2086.28	0.281025
2087.28	0.281205
2088.28	0.281395
2089.28	0.281579
2090.28	0.281769
2091.28	0.281956
2092.28	0.282138
2093.28	0.28234
2094.28	0.282531
2095.28	0.282723
2096.28	0.282914
2097.28	0.283094
2098.28	0.283283
2099.28	0.283476
2100.28	0.283661
2101.28	0.28386
2102.28	0.284055
2103.28	0.284238
2104.28	0.284431
2105.28	0.284624
2106.28	0.284819
2107.28	0.285006
2108.28	0.285188
2109.28	0.285384
2110.28	0.285569
2111.28	0.285759
2112.28	0.285964
2113.28	0.286146
2114.28	0.286323
2115.28	0.286509
2116.28	0.286695
2117.28	0.286877
2118.28	0.287063
2119.28	0.287252
2120.28	0.287444
2121.28	0.287629
2122.28	0.287813
2123.28	0.287995
2124.28	0.288185
2125.28	0.288365
2126.28	0.288542
2127.28	0.288718
2128.28	0.288895
2129.28	0.28908
2130.28	0.289262
2131.28	0.289446
2132.28	0.289627
2133.28	0.289797
2134.28	0.289987
2135.28	0.290179
2136.28	0.290358
2137.28	0.290537
2138.28	0.290722
2139.28	0.290894
2140.28	0.291073
2141.28	0.291258
2142.28	0.291446
2143.28	0.291623
2144.28	0.291801
2145.28	0.291975
2146.28	0.292154
2147.28	0.292334
2148.28	0.292496
2149.28	0.292681
2150.28	0.29285
2151.28	0.29303
2152.28	0.293208
2153.28	0.293367
2154.28	0.293534
2155.28	0.293715
2156.28	0.29389
2157.29	0.29407
2158.29	0.294243
2159.29	0.29442
2160.29	0.294596
2161.29	0.294772
2162.29	0.294945
2163.29	0.295113
2164.29	0.295278
2165.29	0.295446
2166.29	0.295605
2167.29	0.295772
2168.29	0.295941
2169.29	0.296112
2170.29	0.29628
2171.29	0.29645
2172.29	0.296616
2173.29	0.296777
2174.29	0.296946
2175.29	0.297107
2176.29	0.297267
2177.29	0.297427
2178.29	0.297593
2179.29	0.297763
2180.29	0.297929
2181.29	0.298101
2182.29	0.298259
2183.29	0.298423
2184.29	0.298584
2185.29	0.298747
2186.29	0.298911
2187.29	0.299074
2188.29	0.299247
2189.29	0.29941
2190.29	0.299578
2191.29	0.299735
2192.29	0.299886
2193.29	0.300053
2194.29	0.300216
2195.29	0.300374
2196.29	0.300535
2197.29	0.3007
2198.29	0.30086
2199.29	0.30102
2200.29	0.301182
2201.29	0.301343
2202.29	0.301512
2203.29	0.30168
2204.29	0.301839
2205.29	0.302002
2206.29	0.302161
2207.29	0.302318
2208.29	0.302474
2209.29	0.302631
2210.29	0.302786
2211.29	0.30294
2212.29	0.303097
2213.29	0.303259
2214.29	0.303419
2215.29	0.303582
2216.29	0.303744
2217.29	0.303916
2218.29	0.30407
2219.29	0.304224
2220.29	0.304372
2221.29	0.304533
2222.29	0.30469
2223.29	0.304844
2224.29	0.305004
2225.29	0.305169
2226.29	0.305327
2227.29	0.305498
2228.29	0.305661
2229.29	0.305814
2230.29	0.30596
2231.29	0.306129
2232.29	0.30628
2233.29	0.306441
2234.29	0.306601
2235.29	0.306754
2236.29	0.306906
2237.29	0.307068
2238.29	0.307222
2239.29	0.307373
2240.29	0.307532
2241.29	0.307689
2242.29	0.307843
2243.29	0.307991
2244.29	0.308144
2245.29	0.308297
2246.29	0.308449
2247.29	0.308612
2248.29	0.308767
2249.29	0.308923
2250.29	0.309075
2251.29	0.309228
2252.29	0.30939
2253.3	0.309534
2254.3	0.309705
2255.3	0.309865
2256.3	0.310012
2257.3	0.310159
2258.3	0.310316
2259.3	0.31047
2260.3	0.310623
2261.3	0.310773
2262.3	0.310922
2263.3	0.311074
2264.3	0.31123
2265.3	0.311381
2266.3	0.311531
2267.3	0.31168
2268.3	0.31183
2269.3	0.311982
2270.3	0.312136
2271.3	0.31229
2272.3	0.312434
2273.3	0.312586
2274.3	0.312732
2275.3	0.312892
2276.3	0.313043
2277.3	0.313198
2278.3	0.313353
2279.3	0.313492
2280.3	0.313633
2281.3	0.313781
2282.3	0.313935
2283.3	0.314091
2284.3	0.314243
2285.3	0.314384
2286.3	0.314531
2287.3	0.314676
2288.3	0.314828
2289.3	0.314974
2290.3	0.315121
2291.3	0.315266
2292.3	0.315419
2293.3	0.315559
2294.3	0.315705
2295.3	0.31585
2296.3	0.315989
2297.3	0.316128
2298.3	0.316286
2299.3	0.316434
2300.3	0.316581
2301.3	0.316731
2302.3	0.316884
2303.3	0.317038
2304.3	0.317178
2305.3	0.317317
2306.3	0.317467
2307.3	0.317612
2308.3	0.317757
2309.3	0.317899
2310.3	0.318053
2311.3	0.318193
2312.3	0.318343
2313.3	0.318491
2314.3	0.318629
2315.3	0.318777
2316.3	0.318923
2317.3	0.319064
2318.3	0.319211
2319.3	0.319357
2320.3	0.319508
2321.3	0.319656
2322.3	0.319801
2323.3	0.319949
2324.3	0.3201
2325.3	0.320247
2326.3	0.320391
2327.3	0.320533
2328.3	0.320673
2329.3	0.320816
2330.3	0.320966
2331.3	0.321111
2332.3	0.321251
2333.3	0.321392
2334.3	0.321533
2335.3	0.321677
2336.3	0.321824
2337.3	0.321962
2338.31	0.322101
2339.31	0.322241
2340.31	0.322376
2341.31	0.322521
2342.31	0.322666
2343.31	0.322802
2344.31	0.322951
2345.31	0.323093
2346.31	0.323236
2347.31	0.323373
2348.31	0.323509
2349.31	0.323663
2350.31	0.323811
2351.31	0.323948
2352.31	0.324085
2353.31	0.324215
2354.31	0.324356
2355.31	0.3245
2356.31	0.324639
2357.31	0.324779
2358.31	0.324922
2359.31	0.325067
2360.31	0.325211
2361.31	0.325346
2362.31	0.325487
2363.31	0.325627
2364.31	0.325763
2365.31	0.325899
2366.31	0.326038
2367.31	0.326176
2368.31	0.32632
2369.31	0.326459
2370.31	0.326594
2371.31	0.32673
2372.31	0.326871
2373.31	0.327002
2374.31	0.327134
2375.31	0.327271
2376.31	0.327414
2377.31	0.327551
2378.31	0.327697
2379.31	0.327832
2380.31	0.327966
2381.31	0.32811
2382.31	0.328249
2383.31	0.328385
2384.31	0.328515
2385.31	0.328642
2386.31	0.328776
2387.31	0.328914
2388.31	0.329042
2389.31	0.329176
2390.31	0.329317
2391.31	0.329457
2392.31	0.329599
2393.31	0.329732
2394.31	0.329861
2395.31	0.330001
2396.31	0.33013
2397.31	0.330261
2398.31	0.330397
2399.31	0.330536
2400.31	0.33067
2401.31	0.330804
2402.31	0.330931
2403.31	0.331063
2404.31	0.331197
2405.31	0.331326
2406.31	0.331456
2407.31	0.331575
2408.31	0.331702
2409.31	0.331836
2410.31	0.33197
2411.31	0.33211
2412.31	0.332248
2413.31	0.332375
2414.31	0.332507
2415.31	0.33264
2416.31	0.332763
2417.31	0.332889
2418.31	0.333028
2419.31	0.333161
2420.32	0.333288
2421.32	0.333417
2422.32	0.333553
2423.32	0.333694
2424.32	0.33383
2425.32	0.333965
2426.32	0.334096
2427.32	0.334229
2428.32	0.334356
2429.32	0.334486
2430.32	0.334618
2431.32	0.334742
2432.32	0.334879
2433.32	0.335011
2434.32	0.33514
2435.32	0.335267
2436.32	0.335395
2437.32	0.335525
2438.32	0.33565
2439.32	0.335774
2440.32	0.335908
2441.32	0.336034
2442.32	0.336169
2443.32	0.336295
2444.32	0.336426
2445.32	0.336557
2446.32	0.336688
2447.32	0.336819
2448.32	0.336946
2449.32	0.337075
2450.32	0.337209
2451.32	0.337347
2452.32	0.337482
2453.32	0.337612
2454.32	0.337739
2455.32	0.337873
2456.32	0.337993
2457.32	0.33812
2458.32	0.338251
2459.32	0.338384
2460.32	0.338522
2461.32	0.338643
2462.32	0.338766
2463.32	0.338884
2464.32	0.339018
2465.32	0.339151
2466.32	0.339277
2467.32	0.33942
2468.32	0.339543
2469.32	0.339677
2470.32	0.339806
2471.32	0.339932
2472.32	0.340064
2473.32	0.340188
2474.32	0.340315
2475.32	0.340436
2476.32	0.340559
2477.32	0.340675
2478.32	0.3408
2479.32	0.34093
2480.32	0.341047
2481.32	0.341169
2482.32	0.341289
2483.32	0.341409
2484.32	0.341534
2485.32	0.341659
2486.32	0.341778
2487.32	0.34191
2488.32	0.342033
2489.32	0.342164
2490.32	0.34229
2491.32	0.342416
2492.32	0.342543
2493.32	0.342666
2494.32	0.342789
2495.32	0.342918
2496.32	0.343044
2497.32	0.343165
2498.32	0.343294
2499.32	0.34342
2500.32	0.343547
2501.32	0.343676
2502.32	0.34379
2503.33	0.343911
2504.33	0.344041
2505.33	0.344161
2506.33	0.344284
2507.33	0.344399
2508.33	0.344522
2509.33	0.344644
2510.33	0.344769
2511.33	0.344899
2512.33	0.345011
2513.33	0.34514
2514.33	0.345268
2515.33	0.34539
2516.33	0.345509
2517.33	0.345635
2518.33	0.345757
2519.33	0.345886
2520.33	0.346005
2521.33	0.346128
2522.33	0.346254
2523.33	0.346377
2524.33	0.346498
2525.33	0.346628
2526.33	0.346749
2527.33	0.346868
2528.33	0.346995
2529.33	0.347111
2530.33	0.34724
2531.33	0.347361
2532.33	0.347478
2533.33	0.347598
2534.33	0.347717
2535.33	0.347841
2536.33	0.347954
2537.33	0.348076
2538.33	0.348195
2539.33	0.348309
2540.33	0.348427
2541.33	0.348548
2542.33	0.348677
2543.33	0.348791
2544.33	0.348912
2545.33	0.349036
2546.33	0.349151
2547.33	0.349274
2548.33	0.349389
2549.33	0.349512
2550.33	0.349627
2551.33	0.349754
2552.33	0.349873
2553.33	0.349997
2554.33	0.350114
2555.33	0.350232
2556.33	0.350361
2557.33	0.350483
2558.33	0.3506
2559.33	0.350719
2560.33	0.350831
2561.33	0.35095
2562.33	0.351067
2563.33	0.35118
2564.33	0.351298
2565.33	0.351418
2566.33	0.351551
2567.33	0.351674
2568.33	0.351798
2569.33	0.351925
2570.33	0.352046
2571.33	0.35216
2572.33	0.352283
2573.33	0.352406
2574.33	0.352518
2575.33	0.35264
2576.33	0.352763
2577.33	0.35289
2578.33	0.353003
2579.33	0.353128
2580.33	0.353251
2581.33	0.353372
2582.33	0.353489
2583.33	0.353616
2584.33	0.353734
2585.33	0.353862
2586.33	0.353979
2587.33	0.354094
2588.33	0.354213
2589.33	0.354323
2590.33	0.354434
2591.33	0.354547
2592.33	0.354666
2593.33	0.35478
2594.33	0.35489
2595.33	0.355012
2596.33	0.355127
2597.33	0.355242
2598.33	0.355365
2599.33	0.35549
2600.33	0.355602
2601.33	0.355724
2602.33	0.355841
2603.34	0.35595
2604.34	0.356062
2605.34	0.356178
2606.34	0.356286
2607.34	0.356403
2608.34	0.356522
2609.34	0.356636
2610.34	0.356751
2611.34	0.356872
2612.34	0.356985
2613.34	0.357105
2614.34	0.357223
2615.34	0.357335
2616.34	0.357455
2617.34	0.357577
2618.34	0.35769
2619.34	0.357795
2620.34	0.357914
2621.34	0.358023
2622.34	0.358142
2623.34	0.358264
2624.34	0.358379
2625.34	0.358489
2626.34	0.358593
2627.34	0.358706
2628.34	0.358817
2629.34	0.358927
2630.34	0.359037
2631.34	0.359142
2632.34	0.359246
2633.34	0.359359
2634.34	0.359471
2635.34	0.35959
2636.34	0.359708
2637.34	0.359821
2638.34	0.359938
2639.34	0.360054
2640.34	0.36017
2641.34	0.360287
2642.34	0.360409
2643.34	0.360515
2644.34	0.360626
2645.34	0.360739
2646.34	0.360851
2647.34	0.360964
2648.34	0.36108
2649.34	0.3612
2650.34	0.361304
2651.34	0.361419
2652.34	0.361523
2653.34	0.361637
2654.34	0.36175
2655.34	0.361859
2656.34	0.36197
2657.34	0.362082
2658.34	0.362195
2659.34	0.362306
2660.34	0.362411
2661.34	0.36252
2662.34	0.362634
2663.34	0.36275
2664.34	0.362868
2665.34	0.36298
2666.34	0.363094
2667.34	0.36321
2668.34	0.363319
2669.34	0.363426
2670.34	0.363535
2671.34	0.363649
2672.34	0.363771
2673.34	0.363885
2674.34	0.363997
2675.34	0.364104
2676.34	0.364216
2677.34	0.364331
2678.34	0.364442
2679.34	0.364554
2680.34	0.364668
2681.34	0.364774
2682.34	0.364885
2683.34	0.364995
2684.34	0.365105
2685.34	0.365213
2686.34	0.365319
2687.34	0.365427
2688.34	0.36553
2689.34	0.365644
2690.34	0.365748
2691.34	0.365855
2692.34	0.365968
2693.34	0.366075
2694.34	0.366188
2695.34	0.366296
2696.34	0.366404
2697.34	0.366515
2698.34	0.366622
2699.34	0.366726
2700.34	0.366833
2701.34	0.366946
2702.35	0.367053
2703.35	0.36716
2704.35	0.367266
2705.35	0.367379
2706.35	0.367484
2707.35	0.367593
2708.35	0.367706
2709.35	0.367818
2710.35	0.367922
2711.35	0.368026
2712.35	0.368128
2713.35	0.368239
2714.35	0.36835
2715.35	0.368462
2716.35	0.368566
2717.35	0.368674
2718.35	0.368777
2719.35	0.368894
2720.35	0.368995
2721.35	0.369101
2722.35	0.369204
2723.35	0.369308
2724.35	0.369423
2725.35	0.369523
2726.35	0.36963
2727.35	0.369731
2728.35	0.369841
2729.35	0.36994
2730.35	0.370055
2731.35	0.37015
2732.35	0.370257
2733.35	0.370366
2734.35	0.370475
2735.35	0.370579
2736.35	0.370684
2737.35	0.370792
2738.35	0.370896
2739.35	0.371007
2740.35	0.371115
2741.35	0.371219
2742.35	0.371328
2743.35	0.371424
2744.35	0.371532
2745.35	0.371632
2746.35	0.371732
2747.35	0.371841
2748.35	0.371943
2749.35	0.372045
2750.35	0.372157
2751.35	0.372256
2752.35	0.37236
2753.35	0.372465
2754.35	0.372566
2755.35	0.372667
2756.35	0.372774
2757.35	0.372885
2758.35	0.372991
2759.35	0.373099
2760.35	0.373202
2761.35	0.373306
2762.35	0.373413
2763.35	0.373518
2764.35	0.373625
2765.35	0.373732
2766.35	0.373839
2767.35	0.37394
2768.35	0.374046
2769.35	0.374148
2770.35	0.374249
2771.35	0.374352
2772.35	0.374464
2773.35	0.374566
2774.35	0.374665
2775.35	0.374769
2776.35	0.374873
2777.35	0.374975
2778.36	0.375075
2779.36	0.375181
2780.36	0.375283
2781.36	0.375386
2782.36	0.375489
2783.36	0.375592
2784.36	0.375703
2785.36	0.375805
2786.36	0.375908
2787.36	0.376018
2788.36	0.376121
2789.36	0.376228
2790.36	0.376337
2791.36	0.376437
2792.36	0.376543
2793.36	0.376645
2794.36	0.376744
2795.36	0.376848
2796.36	0.376952
2797.36	0.377053
2798.36	0.377158
2799.36	0.377261
2800.36	0.377359
2801.36	0.377457
2802.36	0.377559
2803.36	0.37766
2804.36	0.37776
2805.36	0.377861
2806.36	0.377952
2807.36	0.378054
2808.36	0.378159
2809.36	0.378258
2810.36	0.378367
2811.36	0.378474
2812.36	0.378569
2813.36	0.378676
2814.36	0.378774
2815.36	0.378879
2816.36	0.378976
2817.36	0.379077
2818.36	0.379177
2819.36	0.379274
2820.36	0.379383
2821.36	0.379484
2822.36	0.379579
2823.36	0.379676
2824.36	0.37977
2825.36	0.379869
2826.36	0.379968
2827.36	0.38007
2828.36	0.380169
2829.36	0.380268
2830.36	0.380364
2831.36	0.380472
2832.36	0.380571
2833.36	0.380664
2834.36	0.380773
2835.36	0.380874
2836.36	0.380977
2837.36	0.381084
2838.36	0.381188
2839.36	0.381292
2840.36	0.3814
2841.36	0.381507
2842.36	0.381604
2843.36	0.381704
2844.36	0.381807
2845.36	0.381904
2846.36	0.381997
2847.36	0.382096
2848.36	0.382197
2849.36	0.382301
2850.37	0.3824
2851.37	0.382503
2852.37	0.382601
2853.37	0.382704
2854.37	0.382802
2855.37	0.382897
2856.37	0.383006
2857.37	0.383102
2858.37	0.383209
2859.37	0.383312
2860.37	0.383413
2861.37	0.383514
2862.37	0.383605
2863.37	0.383704
2864.37	0.383802
2865.37	0.383898
2866.37	0.38399
2867.37	0.384081
2868.37	0.384176
2869.37	0.384277
2870.37	0.384372
2871.37	0.38447
2872.37	0.384571
2873.37	0.38467
2874.37	0.384772
2875.37	0.384871
2876.37	0.384972
2877.37	0.385073
2878.37	0.385164
2879.37	0.385261
2880.37	0.385367
2881.37	0.385462
2882.37	0.385564
2883.37	0.385661
2884.37	0.385756
2885.37	0.385849
2886.37	0.385944
2887.37	0.386041
2888.37	0.38614
2889.37	0.386235
2890.37	0.386334
2891.37	0.386433
2892.37	0.386529
2893.37	0.386626
2894.37	0.386721
2895.37	0.386823
2896.37	0.386922
2897.37	0.387018
2898.37	0.387111
2899.37	0.387203
2900.37	0.3873
2901.37	0.387401
2902.37	0.387498
2903.37	0.38759
2904.37	0.387685
2905.37	0.387783
2906.37	0.387886
2907.37	0.387984
2908.37	0.388077
2909.37	0.38817
2910.37	0.388269
2911.37	0.388369
2912.37	0.388461
2913.37	0.388554
2914.37	0.388641
2915.37	0.388741
2916.37	0.388837
2917.37	0.388935
2918.37	0.389024
2919.37	0.389125
2920.37	0.389222
2921.37	0.389315
2922.37	0.389407
2923.37	0.389504
2924.37	0.389595
2925.37	0.38969
2926.37	0.38978
2927.37	0.389874
2928.37	0.389972
2929.38	0.390064
2930.38	0.390166
2931.38	0.390265
2932.38	0.39036
2933.38	0.390458
2934.38	0.390559
2935.38	0.390659
2936.38	0.390753
2937.38	0.390845
2938.38	0.390938
2939.38	0.391034
2940.38	0.39112
2941.38	0.391213
2942.38	0.391308
2943.38	0.391409
2944.38	0.391506
2945.38	0.391602
2946.38	0.391695
2947.38	0.391784
2948.38	0.391873
2949.38	0.391971
2950.38	0.392063
2951.38	0.392158
2952.38	0.392252
2953.38	0.392342
2954.38	0.392442
2955.38	0.392536
2956.38	0.392631
2957.38	0.392724
2958.38	0.392816
2959.38	0.392908
2960.38	0.393006
2961.38	0.393101
2962.38	0.39319
2963.38	0.393282
2964.38	0.393376
2965.38	0.393464
2966.38	0.393553
2967.38	0.39364
2968.38	0.393733
2969.38	0.393818
2970.38	0.393903
2971.38	0.393988
2972.38	0.394084
2973.38	0.394178
2974.38	0.394272
2975.38	0.394362
2976.38	0.394458
2977.38	0.394555
2978.38	0.394641
2979.38	0.394734
2980.38	0.394825
2981.38	0.394921
2982.38	0.395003
2983.38	0.395093
2984.38	0.395189
2985.38	0.395277
2986.38	0.395375
2987.38	0.395468
2988.38	0.395553
2989.38	0.395648
2990.38	0.395741
2991.38	0.395837
2992.38	0.395932
2993.38	0.396021
2994.38	0.396116
2995.38	0.396204
2996.38	0.396298
2997.38	0.396391
2998.38	0.396481
2999.38	0.396571
3000.38	0.3967
3001.38	0.396885
3002.38	0.397065
3003.38	0.397233
3004.38	0.397414
3005.38	0.397586
3006.38	0.397763
3007.38	0.397949
3008.38	0.398123
3009.38	0.398296
3010.38	0.398479
3011.38	0.398662
3012.38	0.398834
3013.38	0.399011
3014.38	0.399195
3015.38	0.399376
3016.38	0.399548
3017.38	0.399718
3018.38	0.399891
3019.38	0.400069
3020.38	0.400246
3021.38	0.400425
3022.38	0.40061
3023.38	0.400784
3024.38	0.400957
3025.38	0.401128
3026.38	0.40131
3027.38	0.401485
3028.39	0.401668
3029.39	0.401842
3030.39	0.40201
3031.39	0.402198
3032.39	0.402364
3033.39	0.40254
3034.39	0.402708
3035.39	0.402882
3036.39	0.403055
3037.39	0.403229
3038.39	0.403403
3039.39	0.403567
3040.39	0.403734
3041.39	0.40391
3042.39	0.404081
3043.39	0.404263
3044.39	0.404427
3045.39	0.404596
3046.39	0.404767
3047.39	0.404938
3048.39	0.405104
3049.39	0.405275
3050.39	0.405443
3051.39	0.4056
3052.39	0.405765
3053.39	0.405926
3054.39	0.406099
3055.39	0.406265
3056.39	0.406427
3057.39	0.406581
3058.39	0.406755
3059.39	0.406924
3060.39	0.407087
3061.39	0.407244
3062.39	0.4074
3063.39	0.407556
3064.39	0.407723
3065.39	0.407883
3066.39	0.408047
3067.39	0.408219
3068.39	0.408384
3069.39	0.408546
3070.39	0.408709
3071.39	0.408876
3072.39	0.409035
3073.39	0.4092
3074.39	0.409357
3075.39	0.40952
3076.39	0.409673
3077.39	0.409829
3078.39	0.409994
3079.39	0.410161
3080.39	0.410318
3081.39	0.410476
3082.39	0.410633
3083.39	0.410795
3084.39	0.410951
3085.39	0.411109
3086.39	0.411271
3087.39	0.411429
3088.39	0.411589
3089.39	0.411749
3090.39	0.411912
3091.39	0.412069
3092.39	0.412236
3093.39	0.4124
3094.39	0.412568
3095.39	0.412724
3096.39	0.412878
3097.39	0.413038
3098.39	0.413195
3099.39	0.413354
3100.39	0.413513
3101.39	0.413671
3102.39	0.413827
3103.39	0.413983
3104.39	0.414146
3105.39	0.414297
3106.39	0.414451
3107.39	0.414605
3108.39	0.414766
3109.39	0.414919
3110.39	0.415071
3111.39	0.415223
3112.39	0.415382
3113.39	0.415533
3114.39	0.415688
3115.39	0.415832
3116.39	0.415985
3117.39	0.416138
3118.39	0.416295
3119.39	0.416455
3120.39	0.41661
3121.39	0.416768
3122.39	0.416914
3123.39	0.417077
3124.39	0.417226
3125.39	0.417384
3126.39	0.417541
3127.39	0.417697
3128.39	0.417848
3129.39	0.417999
3130.39	0.418151
3131.39	0.418303
3132.39	0.418458
3133.39	0.418606
3134.39	0.41876
3135.39	0.418915
3136.39	0.419073
3137.39	0.419223
3138.39	0.419383
3139.39	0.419534
3140.39	0.41968
3141.39	0.419827
3142.39	0.41998
3143.39	0.420127
3144.39	0.420288
3145.39	0.420442
3146.39	0.420584
3147.39	0.420738
3148.39	0.42089
3149.39	0.421047
3150.39	0.421188
3151.39	0.421339
3152.39	0.421493
3153.39	0.421639
3154.39	0.421785
3155.39	0.421924
3156.39	0.422075
3157.39	0.422228
3158.39	0.42238
3159.39	0.422533
3160.39	0.422691
3161.39	0.422834
3162.39	0.422977
3163.39	0.423123
3164.39	0.42326
3165.39	0.423411
3166.39	0.423556
3167.39	0.423701
3168.4	0.423852
3169.4	0.424
3170.4	0.424144
3171.4	0.424288
3172.4	0.424435
3173.4	0.424586
3174.4	0.424734
3175.4	0.424884
3176.4	0.425024
3177.4	0.425173
3178.4	0.425321
3179.4	0.425466
3180.4	0.425606
3181.4	0.425759
3182.4	0.42591
3183.4	0.426051
3184.4	0.426194
3185.4	0.426342
3186.4	0.426474
3187.4	0.426614
3188.4	0.426764
3189.4	0.426906
3190.4	0.427053
3191.4	0.427197
3192.4	0.427342
3193.4	0.427486
3194.4	0.427631
3195.4	0.427764
3196.4	0.427908
3197.4	0.428041
3198.4	0.428178
3199.4	0.428325
3200.4	0.428462
3201.4	0.428605
3202.4	0.428753
3203.4	0.428895
3204.4	0.42903
3205.4	0.429167
3206.4	0.429309
3207.4	0.429455
3208.4	0.429589
3209.4	0.429737
3210.4	0.429871
3211.4	0.43001
3212.4	0.43015
3213.4	0.430294
3214.4	0.430428
3215.4	0.430572
3216.4	0.43071
3217.4	0.430855
3218.4	0.430995
3219.4	0.431132
3220.4	0.431271
3221.4	0.431415
3222.4	0.431558
3223.4	0.431692
3224.4	0.431825
3225.4	0.43197
3226.4	0.432115
3227.4	0.432249
3228.4	0.432384
3229.4	0.432525
3230.4	0.432668
3231.4	0.432802
3232.4	0.432934
3233.4	0.433066
3234.4	0.433204
3235.4	0.433345
3236.4	0.433481
3237.4	0.433614
3238.4	0.433746
3239.4	0.433879
3240.4	0.434021
3241.4	0.434153
3242.4	0.434294
3243.4	0.434427
3244.4	0.434567
3245.4	0.434704
3246.4	0.434836
3247.4	0.434977
3248.4	0.43511
3249.4	0.43525
3250.4	0.435379
3251.4	0.435523
3252.4	0.435669
3253.4	0.435806
3254.4	0.435936
3255.4	0.436073
3256.4	0.43621
3257.4	0.436349
3258.4	0.436481
3259.4	0.436612
3260.4	0.436739
3261.4	0.436874
3262.4	0.437004
3263.4	0.437133
3264.4	0.437278
3265.4	0.437411
3266.4	0.437549
3267.4	0.437691
3268.4	0.437829
3269.4	0.437955
3270.4	0.438081
3271.4	0.438214
3272.4	0.438343
3273.4	0.438482
3274.4	0.438618
3275.4	0.438744
3276.4	0.438876
3277.4	0.439005
3278.4	0.439133
3279.4	0.439255
3280.4	0.439378
3281.4	0.439506
3282.4	0.439639
3283.4	0.439766
3284.4	0.439898
3285.4	0.440026
3286.4	0.440153
3287.4	0.440288
3288.4	0.440424
3289.4	0.440556
3290.4	0.440695
3291.4	0.440816
3292.4	0.440936
3293.4	0.441065
3294.4	0.441199
3295.4	0.441322
3296.4	0.441451
3297.4	0.441585
3298.4	0.441713
3299.4	0.441837
3300.4	0.441966
3301.4	0.442098
3302.4	0.442233
3303.4	0.442368
3304.4	0.442489
3305.4	0.44261
3306.4	0.442731
3307.4	0.442855
3308.4	0.442979
3309.4	0.443109
3310.4	0.443236
3311.4	0.443367
3312.41	0.443486
3313.41	0.443609
3314.41	0.443726
3315.41	0.44385
3316.41	0.443981
3317.41	0.44411
3318.41	0.444235
3319.41	0.444361
3320.41	0.444491
3321.41	0.444618
3322.41	0.444741
3323.41	0.444866
3324.41	0.444998
3325.41	0.445123
3326.41	0.445244
3327.41	0.445373
3328.41	0.445498
3329.41	0.44563
3330.41	0.445759
3331.41	0.445885
3332.41	0.446002
3333.41	0.446121
3334.41	0.446244
3335.41	0.446367
3336.41	0.446491
3337.41	0.446615
3338.41	0.446744
3339.41	0.446867
3340.41	0.446986
3341.41	0.44711
3342.41	0.447233
3343.41	0.447359
3344.41	0.447487
3345.41	0.447613
3346.41	0.447733
3347.41	0.44785
3348.41	0.44797
3349.41	0.448087
3350.41	0.448196
3351.41	0.44832
3352.41	0.448441
3353.41	0.448559
3354.41	0.448682
3355.41	0.448804
3356.41	0.448924
3357.41	0.449046
3358.41	0.449162
3359.41	0.449289
3360.41	0.44941
3361.41	0.44953
3362.41	0.449647
3363.41	0.449763
3364.41	0.449884
3365.41	0.450001
3366.41	0.45012
3367.41	0.450245
3368.41	0.450365
3369.41	0.450482
3370.41	0.450603
3371.41	0.450722
3372.41	0.450842
3373.41	0.450961
3374.41	0.451079
3375.41	0.45119
3376.41	0.45131
3377.41	0.451427
3378.41	0.451542
3379.41	0.451666
3380.41	0.451777
3381.41	0.451887
3382.41	0.451998
3383.41	0.452112
3384.41	0.45223
3385.41	0.452352
3386.41	0.452472
3387.41	0.45259
3388.41	0.452711
3389.41	0.452839
3390.41	0.452956
3391.41	0.453075
3392.41	0.453194
3393.41	0.453316
3394.41	0.453424
3395.41	0.453541
3396.41	0.453662
3397.41	0.453778
3398.41	0.453891
3399.41	0.454005
3400.41	0.454115
3401.41	0.454235
3402.41	0.454355
3403.41	0.454466
3404.41	0.454581
3405.41	0.454698
3406.41	0.454812
3407.41	0.45493
3408.41	0.455044
3409.41	0.455161
3410.41	0.455281
3411.41	0.455397
3412.41	0.455513
3413.41	0.455624
3414.41	0.455738
3415.41	0.455846
3416.41	0.455963
3417.41	0.456078
3418.41	0.45619
3419.41	0.456305
3420.41	0.45642
3421.41	0.456533
3422.41	0.456649
3423.41	0.45677
3424.41	0.456882
3425.41	0.457004
3426.41	0.457121
3427.41	0.457241
3428.41	0.457357
3429.41	0.457468
3430.41	0.45758
3431.41	0.457691
3432.41	0.457807
3433.41	0.457924
3434.41	0.458041
3435.41	0.458161
3436.41	0.458267
3437.41	0.458374
3438.41	0.458481
3439.41	0.458586
3440.41	0.458707
3441.41	0.45882
3442.41	0.458938
3443.41	0.459051
3444.41	0.459165
3445.41	0.45928
3446.41	0.459388
3447.41	0.459504
3448.41	0.459622
3449.41	0.459735
3450.41	0.45985
3451.41	0.459962
3452.42	0.46007
3453.42	0.460184
3454.42	0.460296
3455.42	0.460408
3456.42	0.460517
3457.42	0.460624
3458.42	0.46074
3459.42	0.460852
3460.42	0.460967
3461.42	0.461081
3462.42	0.461184
3463.42	0.461296
3464.42	0.461405
3465.42	0.461521
3466.42	0.461635
3467.42	0.461755
3468.42	0.46186
3469.42	0.461973
3470.42	0.462095
3471.42	0.462202
3472.42	0.462311
3473.42	0.462417
3474.42	0.462529
3475.42	0.462642
3476.42	0.462753
3477.42	0.46286
3478.42	0.462979
3479.42	0.463091
3480.42	0.4632
3481.42	0.463314
3482.42	0.463418
3483.42	0.46352
3484.42	0.463624
3485.42	0.463737
3486.42	0.46384
3487.42	0.463948
3488.42	0.46406
3489.42	0.464172
3490.42	0.464279
3491.42	0.464385
3492.42	0.464491
3493.42	0.464601
3494.42	0.464705
3495.42	0.464816
3496.42	0.464925
3497.42	0.465033
3498.42	0.465145
3499.42	0.465254
3500.42	0.465367
3501.42	0.465473
3502.42	0.465579
3503.42	0.465689
3504.42	0.465794
3505.42	0.465901
3506.42	0.466013
3507.42	0.466114
3508.42	0.466214
3509.42	0.466318
3510.42	0.466427
3511.42	0.466535
3512.42	0.466639
3513.42	0.466744
3514.42	0.466847
3515.42	0.46695
3516.42	0.46706
3517.42	0.46716
3518.42	0.467259
3519.42	0.467376
3520.42	0.467476
3521.42	0.467578
3522.42	0.467683
3523.42	0.467787
3524.42	0.467895
3525.42	0.467998
3526.42	0.4681
3527.42	0.468208
3528.42	0.468319
3529.42	0.468423
3530.42	0.468528
3531.42	0.468634
3532.42	0.468734
3533.42	0.468841
3534.42	0.468944
3535.42	0.469045
3536.42	0.469161
3537.42	0.469267
3538.42	0.46937
3539.42	0.469474
3540.42	0.469582
3541.42	0.469692
3542.42	0.469799
3543.42	0.469903
3544.42	0.470004
3545.42	0.470098
3546.42	0.470204
3547.42	0.470305
3548.42	0.470408
3549.42	0.470516
3550.42	0.47062
3551.42	0.470718
3552.42	0.470826
3553.42	0.470925
3554.42	0.471024
3555.42	0.47113
3556.42	0.47124
3557.42	0.47134
3558.42	0.471446
3559.42	0.471545
3560.42	0.471649
3561.42	0.471753
3562.42	0.471856
3563.42	0.471963
3564.42	0.472068
3565.42	0.472173
3566.42	0.472278
3567.42	0.472383
3568.42	0.472481
3569.42	0.472585
3570.42	0.472684
3571.42	0.472783
3572.42	0.472883
3573.42	0.472982
3574.42	0.473084
3575.42	0.473189
3576.42	0.473295
3577.42	0.473403
3578.42	0.47351
3579.42	0.473615
3580.42	0.473715
3581.42	0.473819
3582.42	0.473919
3583.42	0.474023
3584.42	0.474127
3585.43	0.474223
3586.43	0.474331
3587.43	0.474424
3588.43	0.474533
3589.43	0.474631
3590.43	0.474737
3591.43	0.474838
3592.43	0.474946
3593.43	0.475045
3594.43	0.475146
3595.43	0.475242
3596.43	0.475351
3597.43	0.475461
3598.43	0.475558
3599.43	0.475666
3600.43	0.475771
3601.43	0.475883
3602.43	0.475987
3603.43	0.476085
3604.43	0.476185
3605.43	0.476293
3606.43	0.4764
3607.43	0.476503
3608.43	0.476601
3609.43	0.476707
3610.43	0.476812
3611.43	0.476911
3612.43	0.477016
3613.43	0.477114
3614.43	0.477221
3615.43	0.477321
3616.43	0.477421
3617.43	0.477523
3618.43	0.477622
3619.43	0.47772
3620.43	0.477819
3621.43	0.477923
3622.43	0.478022
3623.43	0.478119
3624.43	0.478222
3625.43	0.478322
3626.43	0.478422
3627.43	0.478521
3628.43	0.478622
3629.43	0.478726
3630.43	0.478834
3631.43	0.478935
3632.43	0.479031
3633.43	0.479132
3634.43	0.479235
3635.43	0.479338
3636.43	0.479435
3637.43	0.479531
3638.43	0.479629
3639.43	0.479731
3640.43	0.479827
3641.43	0.479931
3642.43	0.480036
3643.43	0.480133
3644.43	0.480236
3645.43	0.480332
3646.43	0.48043
3647.43	0.480524
3648.43	0.480621
3649.43	0.480721
3650.43	0.480818
3651.43	0.480913
3652.43	0.481008
3653.43	0.48111
3654.43	0.481213
3655.43	0.481319
3656.43	0.481414
3657.43	0.481513
3658.43	0.481608
3659.43	0.481707
3660.43	0.481803
3661.43	0.481901
3662.43	0.482004
3663.43	0.4821
3664.43	0.482204
3665.43	0.482301
3666.43	0.482396
3667.43	0.482497
3668.43	0.482595
3669.43	0.482698
3670.43	0.482794
3671.43	0.482889
3672.43	0.482982
3673.43	0.483082
3674.43	0.483181
3675.43	0.483281
3676.43	0.483381
3677.43	0.483479
3678.43	0.483582
3679.43	0.483673
3680.43	0.483771
3681.43	0.483861
3682.43	0.483955
3683.43	0.484043
3684.43	0.484137
3685.43	0.484228
3686.43	0.484319
3687.43	0.484417
3688.43	0.484509
3689.43	0.484606
3690.43	0.484698
3691.43	0.484799
3692.43	0.484897
3693.43	0.484995
3694.43	0.485094
3695.43	0.485188
3696.43	0.485282
3697.43	0.485376
3698.43	0.485476
3699.43	0.485574
3700.43	0.48567
3701.43	0.485767
3702.43	0.48586
3703.43	0.485954
3704.43	0.486055
3705.43	0.48615
3706.43	0.486244
3707.43	0.486343
3708.43	0.486443
3709.43	0.486536
3710.43	0.486632
3711.43	0.486729
3712.43	0.486825
3713.43	0.486921
3714.43	0.487017
3715.43	0.487108
3716.43	0.487204
3717.43	0.487301
3718.43	0.487391
3719.43	0.487483
3720.43	0.487583
3721.43	0.48768
3722.43	0.487776
3723.43	0.48787
3724.44	0.487962
3725.44	0.488054
3726.44	0.488142
3727.44	0.488243
3728.44	0.488343
3729.44	0.48844
3730.44	0.48853
3731.44	0.488622
3732.44	0.488717
3733.44	0.488811
3734.44	0.488908
3735.44	0.489014
3736.44	0.489113
3737.44	0.489213
3738.44	0.489304
3739.44	0.489388
3740.44	0.489483
3741.44	0.489574
3742.44	0.489668
3743.44	0.489761
3744.44	0.48986
3745.44	0.489953
3746.44	0.490043
3747.44	0.49014
3748.44	0.490233
3749.44	0.490329
3750.44	0.490425
3751.44	0.490515
3752.44	0.490611
3753.44	0.490706
3754.44	0.490801
3755.44	0.490896
3756.44	0.490991
3757.44	0.491077
3758.44	0.491163
3759.44	0.491252
3760.44	0.491347
3761.44	0.491441
3762.44	0.491538
3763.44	0.49163
3764.44	0.491724
3765.44	0.491823
3766.44	0.491911
3767.44	0.491999
3768.44	0.492095
3769.44	0.492182
3770.44	0.492274
3771.44	0.492369
3772.44	0.492472
3773.44	0.492571
3774.44	0.492663
3775.44	0.492758
3776.44	0.492857
3777.44	0.492956
3778.44	0.493045
3779.44	0.493136
3780.44	0.493225
3781.44	0.493324
3782.44	0.493421
3783.44	0.493506
3784.44	0.493594
3785.44	0.49369
3786.44	0.493785
3787.44	0.493878
3788.44	0.493969
3789.44	0.494059
3790.44	0.494149
3791.44	0.494243
3792.44	0.494326
3793.44	0.494418
3794.44	0.494517
3795.44	0.494604
3796.44	0.494694
3797.44	0.49478
3798.44	0.494865
3799.44	0.49495
3800.44	0.495042
3801.44	0.49513
3802.44	0.495223
3803.44	0.495305
3804.44	0.495399
3805.44	0.495491
3806.44	0.495583
3807.44	0.495671
3808.44	0.49576
3809.44	0.495853
3810.44	0.495942
3811.44	0.496029
3812.44	0.496117
3813.44	0.496199
3814.44	0.496295
3815.44	0.496382
3816.44	0.496467
3817.44	0.496561
3818.44	0.496661
3819.44	0.496749
3820.44	0.496836
3821.44	0.496925
3822.44	0.497015
3823.44	0.4971
3824.44	0.497193
3825.44	0.497287
3826.44	0.497377
3827.44	0.497471
3828.44	0.497563
3829.44	0.497645
3830.44	0.497726
3831.44	0.497811
3832.44	0.497905
3833.44	0.497997
3834.44	0.498082
3835.44	0.498167
3836.44	0.498256
3837.44	0.498343
3838.44	0.498433
3839.44	0.498518
3840.44	0.498605
3841.44	0.49869
3842.44	0.498778
3843.44	0.498868
3844.44	0.49896
3845.44	0.499046
3846.44	0.499131
3847.44	0.499222
3848.44	0.499318
3849.44	0.499405
3850.44	0.49949
3851.44	0.499571
3852.44	0.499648
3853.44	0.499731
3854.44	0.499822
3855.44	0.499908
3856.44	0.499993
3857.44	0.500074
3858.44	0.50016
3859.44	0.500246
3860.44	0.500329
3861.44	0.500416
3862.44	0.500508
3863.44	0.5006
3864.44	0.500692
3865.45	0.500783
3866.45	0.500868
3867.45	0.50096
3868.45	0.501048
3869.45	0.50113
3870.45	0.501216
3871.45	0.501304
3872.45	0.501391
3873.45	0.501477
3874.45	0.501564
3875.45	0.501654
3876.45	0.501737
3877.45	0.501817
3878.45	0.501905
3879.45	0.501981
3880.45	0.502062
3881.45	0.502147
3882.45	0.502235
3883.45	0.502319
3884.45	0.502406
3885.45	0.502493
3886.45	0.502582
3887.45	0.502668
3888.45	0.502753
3889.45	0.502836
3890.45	0.502926
3891.45	0.503014
3892.45	0.503106
3893.45	0.503194
3894.45	0.503278
3895.45	0.503367
3896.45	0.50346
3897.45	0.503547
3898.45	0.503638
3899.45	0.503722
3900.45	0.503806
3901.45	0.503898
3902.45	0.503976
3903.45	0.504059
3904.45	0.504138
3905.45	0.504219
3906.45	0.504303
3907.45	0.504388
3908.45	0.504476
3909.45	0.504562
3910.45	0.50464
3911.45	0.504727
3912.45	0.504812
3913.45	0.5049
3914.45	0.504984
3915.45	0.505075
3916.45	0.505159
3917.45	0.505241
3918.45	0.505323
3919.45	0.505401
3920.45	0.505488
3921.45	0.505572
3922.45	0.505655
3923.45	0.505746
3924.45	0.505833
3925.45	0.505912
3926.45	0.505999
3927.45	0.506078
3928.45	0.50616
3929.45	0.506242
3930.45	0.506327
3931.45	0.50641
3932.45	0.5065
3933.45	0.506588
3934.45	0.506676
3935.45	0.506758
3936.45	0.506835
3937.45	0.506918
3938.45	0.507009
3939.45	0.507083
3940.45	0.50717
3941.45	0.50726
3942.45	0.50734
3943.45	0.507421
3944.45	0.507501
3945.45	0.507579
3946.45	0.507661
3947.45	0.507747
3948.45	0.507828
3949.45	0.507913
3950.45	0.508002
3951.45	0.508091
3952.45	0.508174
3953.45	0.508255
3954.45	0.508334
3955.45	0.508419
3956.45	0.508498
3957.45	0.508589
3958.45	0.508675
3959.45	0.508758
3960.45	0.508846
3961.45	0.508937
3962.45	0.50902
3963.45	0.509103
3964.45	0.509188
3965.45	0.509275
3966.45	0.509357
3967.45	0.509439
3968.45	0.50952
3969.45	0.509604
3970.45	0.50969
3971.45	0.509776
3972.45	0.509859
3973.45	0.509942
3974.45	0.510022
3975.45	0.510109
3976.45	0.510189
3977.45	0.510273
3978.45	0.510354
3979.45	0.510436
3980.45	0.510516
3981.45	0.510592
3982.45	0.510672
3983.46	0.510749
3984.46	0.510828
3985.46	0.510915
3986.46	0.510998
3987.46	0.511085
3988.46	0.511166
3989.46	0.511248
3990.46	0.511329
3991.46	0.511406
3992.46	0.511482
3993.46	0.511563
3994.46	0.511646
3995.46	0.511728
3996.46	0.511809
3997.46	0.511892
3998.46	0.511975
3999.46	0.512053
