time	conversion
1.0107	0.00211207
2.03893	0.00386494
3.04398	0.00472701
4.06653	0.00556034
5.06888	0.00653736
6.07789	0.00780172
7.10581	0.00837644
8.1532	0.00889368
9.17435	0.00954023
10.1768	0.0100862
11.1853	0.0107615
12.186	0.01125
13.1883	0.0116379
14.2391	0.0121121
15.2461	0.0128305
16.2477	0.0132615
17.2519	0.0138649
18.2636	0.0140805
19.2644	0.0146839
20.2706	0.0151293
21.2805	0.0157328
22.2873	0.0167385
23.3238	0.0172557
24.3263	0.0180172
25.3672	0.0185489
26.3852	0.0190374
27.3905	0.019727
28.3954	0.0204741
29.4237	0.0208621
30.4312	0.0212787
31.4715	0.0215086
32.5317	0.021954
33.5336	0.0223276
34.5341	0.0226437
35.5493	0.0231322
36.6308	0.0234914
37.6883	0.0237787
38.7017	0.0240517
39.7204	0.0244684
40.7218	0.0248563
41.7248	0.0253305
42.8042	0.0257615
43.8066	0.0262356
44.8226	0.026408
45.8949	0.0268966
46.8958	0.0272701
47.907	0.0276149
48.9076	0.0279598
49.9194	0.0284483
50.9245	0.02875
51.9254	0.0290805
52.9464	0.0293103
53.9496	0.0296264
54.9546	0.0299138
55.965	0.0301868
56.9738	0.0303305
58.0022	0.0306609
59.0022	0.03125
60.0074	0.0314368
61.0085	0.0317385
62.0205	0.0321264
63.0206	0.0324138
64.094	0.0325862
65.0995	0.0329167
66.1098	0.0330172
67.11	0.0333046
68.1254	0.0336782
69.1362	0.0338649
70.1396	0.0340948
71.1544	0.0344684
72.1719	0.0349856
73.2035	0.0355316
74.2326	0.0359626
75.3077	0.0364511
76.3243	0.0367529
77.3423	0.0370115
78.3731	0.0372557
79.4384	0.0376437
80.4616	0.0379741
81.4622	0.0382615
82.4736	0.0385776
83.5148	0.0388649
84.5799	0.0392098
85.6023	0.0395402
86.6408	0.0398563
87.6772	0.0402155
88.6775	0.0404167
89.6886	0.0405747
90.6907	0.0409195
91.695	0.0411925
92.7179	0.041408
93.7416	0.0416523
94.7665	0.0420977
95.8117	0.0425144
96.8314	0.0427874
97.8865	0.0430747
98.8873	0.0433908
99.9238	0.0437644
100.982	0.0441236
102.037	0.0445115
103.063	0.0447989
104.07	0.0451006
105.08	0.045431
106.2	0.0459052
107.206	0.0462644
108.207	0.0464368
109.256	0.0466954
110.272	0.0468822
111.282	0.0471839
112.283	0.0473276
113.297	0.0475862
114.321	0.0478879
115.39	0.0483477
116.481	0.0486494
117.538	0.0489368
118.563	0.0492529
119.599	0.0495977
120.6	0.0500144
121.604	0.0505029
122.608	0.0508477
123.661	0.0511782
124.664	0.0514943
125.689	0.0518103
126.689	0.0520977
127.714	0.0524713
128.763	0.0527155
129.813	0.0529454
130.838	0.0531178
131.846	0.053319
132.864	0.0535201
133.87	0.05375
134.93	0.0540661
135.943	0.0542241
136.953	0.0544828
137.955	0.0548132
138.961	0.0551149
140.12	0.0552586
141.238	0.0554598
142.282	0.0555747
143.323	0.0559195
144.334	0.0560776
145.372	0.0563218
146.374	0.056523
147.421	0.0567529
148.431	0.0570115
149.431	0.0571408
150.448	0.0573132
151.45	0.0575
152.459	0.0578879
153.476	0.0581178
154.5	0.0581897
155.524	0.0584339
156.564	0.0586207
157.571	0.0587931
158.604	0.0590374
159.61	0.0592672
160.633	0.0595115
161.661	0.0597126
162.677	0.0599856
163.678	0.0602443
164.714	0.0604885
165.729	0.0606753
166.773	0.0609914
167.783	0.0612069
168.789	0.061408
169.824	0.0615517
170.855	0.0616092
171.874	0.0617098
172.949	0.0618966
174.011	0.0620977
175.053	0.0622557
176.072	0.0623851
177.107	0.0627011
178.107	0.0629454
179.123	0.0631178
180.212	0.0633046
181.221	0.0635489
182.251	0.0637644
183.254	0.0639799
184.256	0.0643391
185.326	0.0645833
186.348	0.0648276
187.397	0.0649856
188.426	0.0651868
189.447	0.0653448
190.52	0.0654598
191.534	0.0656178
192.574	0.0657471
193.578	0.0659483
194.596	0.0660632
195.605	0.0662213
196.611	0.0664943
197.682	0.0666523
198.697	0.0670977
199.754	0.0672414
200.803	0.0674856
201.806	0.067773
202.819	0.0679885
203.821	0.0681178
204.827	0.0682328
205.828	0.0684195
206.834	0.0686782
207.857	0.0690517
208.946	0.0693103
209.97	0.069569
211.002	0.0698276
212.015	0.0701724
213.021	0.070431
214.084	0.0705747
215.1	0.070819
216.127	0.0709626
217.165	0.0711494
218.174	0.0715086
219.218	0.0718103
220.228	0.0720546
221.23	0.0722414
222.243	0.0724282
223.255	0.0725718
224.35	0.0728017
225.369	0.0730747
226.409	0.0731466
227.432	0.0733477
228.45	0.0736351
229.45	0.0738362
230.486	0.0740086
231.555	0.0741236
232.588	0.0742529
233.629	0.0745259
234.649	0.0748132
235.687	0.0749282
236.695	0.0750575
237.759	0.0751868
238.767	0.0754167
239.785	0.0756466
240.789	0.0759626
241.801	0.076092
242.83	0.07625
243.841	0.0764511
244.861	0.0767672
245.895	0.0770115
246.898	0.0771983
247.904	0.0773132
249.002	0.0775
250.031	0.077658
251.056	0.0778879
252.056	0.0780603
253.068	0.0782471
254.091	0.0784483
255.093	0.0786063
256.134	0.0789224
257.173	0.0793534
258.199	0.0795833
259.224	0.0798563
260.249	0.0800718
261.299	0.0802443
262.38	0.0805603
263.413	0.0807759
264.461	0.0809052
265.49	0.0811351
266.5	0.0813649
267.505	0.0816523
268.518	0.0819397
269.527	0.082227
270.536	0.0823851
271.559	0.0825718
272.57	0.0827011
273.636	0.0828592
274.641	0.0831322
275.641	0.0834914
276.664	0.08375
277.698	0.0839368
278.703	0.0841092
279.707	0.084296
280.769	0.084569
281.783	0.0848132
282.784	0.0850862
283.841	0.0852443
284.869	0.0854454
285.871	0.0856034
286.896	0.0857902
287.897	0.085977
288.982	0.0863075
289.99	0.0865517
290.99	0.0867672
292.073	0.0869397
293.078	0.0871695
294.078	0.0874569
295.139	0.0876149
296.141	0.0878017
297.173	0.0879454
298.21	0.0882615
299.24	0.0884052
300.352	0.0887213
301.447	0.0887931
302.537	0.0889224
303.54	0.0890805
304.615	0.0892672
305.622	0.0894828
306.624	0.0896983
307.634	0.0898994
308.674	0.090158
309.722	0.0903879
310.724	0.0905747
311.727	0.0907615
312.753	0.0909914
313.753	0.0911494
314.795	0.0913793
315.834	0.0916092
316.877	0.0917816
317.921	0.0919828
318.947	0.0920833
319.965	0.0922845
321.025	0.0926006
322.035	0.0927443
323.036	0.0928736
324.09	0.0930316
325.091	0.0931753
326.129	0.0933764
327.134	0.0936063
328.145	0.0938362
329.16	0.0941523
330.181	0.0943678
331.185	0.0945115
332.219	0.0948132
333.285	0.0949569
334.288	0.0953448
335.302	0.0954454
336.305	0.0956178
337.315	0.095819
338.323	0.0960201
339.334	0.0962787
340.337	0.0964224
341.344	0.0966954
342.345	0.0968247
343.354	0.0972557
344.358	0.0974856
345.376	0.0976149
346.377	0.097773
347.387	0.0979454
348.389	0.0983477
349.405	0.0985201
350.406	0.09875
351.433	0.0988362
352.504	0.099023
353.511	0.0991667
354.527	0.0993534
355.532	0.0995259
356.536	0.0996408
357.545	0.0999282
358.587	0.100273
359.588	0.100503
360.622	0.100704
361.65	0.100991
362.707	0.101221
363.821	0.101537
364.838	0.101724
365.89	0.101882
366.891	0.102083
367.9	0.102371
368.914	0.102672
369.919	0.103003
370.934	0.103175
371.961	0.103693
372.974	0.103951
374	0.104224
375.002	0.104454
376.023	0.10477
377.038	0.104914
378.043	0.105086
379.044	0.105273
380.049	0.105474
381.063	0.105589
382.068	0.105876
383.101	0.106135
384.105	0.106307
385.105	0.106466
386.113	0.106624
387.116	0.106868
388.143	0.10704
389.164	0.107227
390.187	0.107385
391.234	0.107529
392.29	0.107658
393.339	0.107802
394.346	0.10806
395.371	0.108218
396.372	0.108448
397.395	0.108664
398.42	0.108922
399.426	0.109181
400.434	0.109397
401.467	0.109626
402.504	0.109799
403.51	0.11
404.512	0.110273
405.538	0.110431
406.544	0.110575
407.548	0.110704
408.552	0.110905
409.568	0.111092
410.585	0.111307
411.594	0.111552
412.603	0.111724
413.603	0.111897
414.604	0.112112
415.627	0.112328
416.628	0.112529
417.673	0.11273
418.683	0.112859
419.694	0.113046
420.722	0.113319
421.73	0.113549
422.737	0.113736
423.761	0.113822
424.763	0.114109
425.768	0.114325
426.781	0.114468
427.809	0.114626
428.813	0.114828
429.814	0.115014
430.828	0.115302
431.832	0.115532
432.844	0.115647
433.888	0.11579
434.891	0.116006
435.9	0.116178
436.936	0.116408
437.936	0.116566
438.937	0.116767
439.943	0.116983
440.967	0.117098
441.988	0.117213
442.988	0.117385
443.996	0.117543
444.998	0.117701
446.005	0.117974
447.047	0.118175
448.078	0.11829
449.099	0.118333
450.117	0.11852
451.143	0.11875
452.158	0.11908
453.18	0.119224
454.182	0.119325
455.188	0.119425
456.194	0.119569
457.209	0.119641
458.216	0.119899
459.24	0.12
460.245	0.120129
461.275	0.12023
462.282	0.120431
463.292	0.120632
464.299	0.120776
465.307	0.12092
466.319	0.121078
467.32	0.121236
468.352	0.121307
469.354	0.121394
470.367	0.121566
471.376	0.12171
472.382	0.121897
473.446	0.122055
474.451	0.122184
475.47	0.122284
476.472	0.122514
477.477	0.122701
478.508	0.122859
479.539	0.122974
480.553	0.123204
481.557	0.123376
482.563	0.123506
483.579	0.123678
484.597	0.123851
485.603	0.12398
486.631	0.124167
487.644	0.124368
488.661	0.12454
489.665	0.124641
490.677	0.124698
491.678	0.124727
492.68	0.124899
493.682	0.125
494.695	0.125201
495.715	0.125445
496.736	0.125589
497.752	0.125675
498.773	0.125891
499.785	0.125991
500.789	0.126135
501.799	0.126207
502.8	0.126365
503.827	0.126523
504.827	0.126695
505.827	0.126925
506.858	0.126997
507.859	0.127227
508.87	0.127328
509.966	0.127371
510.973	0.127543
512.029	0.127658
513.044	0.127744
514.052	0.127902
515.06	0.128089
516.089	0.128218
517.092	0.128333
518.096	0.128621
519.1	0.128678
520.104	0.128922
521.145	0.12908
522.147	0.129282
523.16	0.129454
524.179	0.129598
525.19	0.129713
526.198	0.12977
527.211	0.129957
528.223	0.130158
529.225	0.130388
530.232	0.130575
531.236	0.130848
532.25	0.131006
533.259	0.131236
534.299	0.131322
535.346	0.131408
536.347	0.131523
537.353	0.131609
538.361	0.131638
539.396	0.131796
540.411	0.132026
541.433	0.132098
542.443	0.132241
543.454	0.132486
544.459	0.13273
545.488	0.132902
546.49	0.133118
547.52	0.133247
548.531	0.133362
549.535	0.133549
550.537	0.133649
551.554	0.13375
552.56	0.134023
553.606	0.134152
554.621	0.13431
555.622	0.134497
556.732	0.134583
557.737	0.134698
558.738	0.134856
559.745	0.135086
560.759	0.135259
561.762	0.135445
562.829	0.135675
563.853	0.135805
564.86	0.136049
565.91	0.136221
566.911	0.136379
567.926	0.136638
568.927	0.136825
569.93	0.136925
570.94	0.136983
571.946	0.137083
573.007	0.137241
574.016	0.137328
575.067	0.137543
576.068	0.137716
577.074	0.13783
578.082	0.137989
579.107	0.138032
580.148	0.138261
581.165	0.138376
582.179	0.13852
583.195	0.138635
584.203	0.138822
585.212	0.138937
586.219	0.139124
587.264	0.139181
588.299	0.139353
589.307	0.139526
590.31	0.139655
591.336	0.139784
592.367	0.139842
593.37	0.139971
594.373	0.140187
595.382	0.140302
596.393	0.140489
597.401	0.140647
598.404	0.140819
599.421	0.140948
600.431	0.141106
601.436	0.141379
602.436	0.141451
603.439	0.141552
604.475	0.141681
605.476	0.141825
606.488	0.141954
607.495	0.142126
608.499	0.142256
609.514	0.142371
610.553	0.142471
611.559	0.142601
612.559	0.142759
613.562	0.142859
614.564	0.143075
615.567	0.143161
616.576	0.143376
617.58	0.143578
618.58	0.143721
619.584	0.143951
620.586	0.144109
621.586	0.144368
622.587	0.14444
623.593	0.144626
624.614	0.144756
625.617	0.144856
626.627	0.145072
627.639	0.145172
628.657	0.145244
629.716	0.145359
630.723	0.14556
631.733	0.145704
632.735	0.145862
633.791	0.145963
634.806	0.146063
635.824	0.146193
636.836	0.146221
637.844	0.146322
638.876	0.14648
639.894	0.14658
640.896	0.146681
641.921	0.14681
642.928	0.14694
643.934	0.147083
644.966	0.147213
646.01	0.14727
647.021	0.147486
648.037	0.147672
649.052	0.147787
650.055	0.14796
651.063	0.148089
652.067	0.148147
653.094	0.148261
654.117	0.148348
655.121	0.148506
656.129	0.148621
657.169	0.148678
658.177	0.148793
659.19	0.148894
660.192	0.14898
661.205	0.149052
662.206	0.149138
663.23	0.149282
664.244	0.149497
665.261	0.149583
666.305	0.149713
667.307	0.149871
668.321	0.150029
669.322	0.150072
670.332	0.150129
671.344	0.150244
672.362	0.150316
673.372	0.150402
674.391	0.150532
675.415	0.150647
676.448	0.150819
677.451	0.150905
678.477	0.150991
679.488	0.151135
680.504	0.151307
681.527	0.151394
682.569	0.151494
683.574	0.151652
684.595	0.151825
685.604	0.151911
686.609	0.152069
687.617	0.152198
688.631	0.152256
689.645	0.152328
690.654	0.152385
691.663	0.152514
692.68	0.152687
693.684	0.152802
694.775	0.15296
695.783	0.153032
696.795	0.153233
697.836	0.153362
698.84	0.153391
699.847	0.153463
700.852	0.153649
701.854	0.153807
702.871	0.153966
703.878	0.154052
704.884	0.154181
705.899	0.154296
706.931	0.154397
707.933	0.154526
708.937	0.154612
709.937	0.15467
710.942	0.154828
711.96	0.154928
712.963	0.155014
713.971	0.155101
714.974	0.155273
715.987	0.155431
717.019	0.155517
718.048	0.155589
719.056	0.155675
720.057	0.155718
721.064	0.155776
722.091	0.15592
723.099	0.156034
724.112	0.156121
725.115	0.156221
726.137	0.156408
727.153	0.156523
728.159	0.156667
729.161	0.15681
730.161	0.156911
731.162	0.157141
732.169	0.157256
733.214	0.157486
734.243	0.157572
735.256	0.157759
736.265	0.157874
737.268	0.158003
738.272	0.158132
739.279	0.158247
740.287	0.158305
741.31	0.158348
742.326	0.158463
743.328	0.158606
744.345	0.158736
745.388	0.158779
746.414	0.158937
747.453	0.158994
748.455	0.159138
749.47	0.15931
750.471	0.159353
751.477	0.159526
752.477	0.159612
753.483	0.159784
754.503	0.159914
755.532	0.160101
756.534	0.160158
757.561	0.160259
758.565	0.160388
759.567	0.160589
760.581	0.160733
761.59	0.160805
762.594	0.160934
763.652	0.161178
764.657	0.16125
765.657	0.161322
766.681	0.161422
767.689	0.16148
768.725	0.161537
769.741	0.161624
770.744	0.161739
771.745	0.161839
772.783	0.161897
773.793	0.162026
774.809	0.162126
775.817	0.162256
776.818	0.162428
777.828	0.162514
778.866	0.162615
779.881	0.16273
780.903	0.162888
781.929	0.162974
782.996	0.163003
784	0.16306
785.016	0.163118
786.028	0.163175
787.029	0.163333
788.062	0.163405
789.08	0.163491
790.094	0.163621
791.099	0.163678
792.1	0.163822
793.123	0.163908
794.162	0.164009
795.162	0.164095
796.17	0.164195
797.199	0.164282
798.203	0.164382
799.208	0.164483
800.212	0.164655
801.218	0.164756
802.221	0.164871
803.249	0.165029
804.257	0.165172
805.261	0.165259
806.299	0.165359
807.334	0.165503
808.344	0.165675
809.347	0.165776
810.369	0.165934
811.399	0.165977
812.406	0.166149
813.437	0.166264
814.449	0.166307
815.46	0.166365
816.476	0.166466
817.509	0.166681
818.536	0.166767
819.537	0.166796
820.566	0.166925
821.569	0.167069
822.573	0.167184
823.573	0.167356
824.578	0.167443
825.593	0.167529
826.597	0.167658
827.606	0.167787
828.611	0.167874
829.619	0.168046
830.63	0.168118
831.635	0.168261
832.641	0.168348
833.642	0.168592
834.648	0.168606
835.686	0.168664
836.699	0.168764
837.714	0.168836
838.716	0.168951
839.718	0.169095
840.729	0.169239
841.732	0.169339
842.757	0.169454
843.758	0.169555
844.769	0.169698
845.776	0.169799
846.802	0.169885
847.845	0.169986
848.86	0.170072
849.877	0.170144
850.927	0.17023
851.941	0.170302
852.948	0.170402
853.96	0.170546
854.967	0.170747
855.989	0.170833
856.996	0.170934
857.996	0.17102
859.015	0.171092
860.03	0.171178
861.052	0.171264
862.069	0.171365
863.08	0.171422
864.089	0.171494
865.102	0.171652
866.13	0.171796
867.13	0.171968
868.2	0.172083
869.211	0.172112
870.23	0.172328
871.243	0.172457
872.245	0.172644
873.249	0.172687
874.348	0.172888
875.352	0.17296
876.363	0.173147
877.364	0.173233
878.365	0.173376
879.37	0.173477
880.375	0.17352
881.386	0.173578
882.406	0.173721
883.408	0.173908
884.416	0.17398
885.416	0.174124
886.426	0.174267
887.444	0.174411
888.449	0.174526
889.451	0.174598
890.455	0.174698
891.474	0.174813
892.508	0.174957
893.524	0.175101
894.525	0.175201
895.539	0.175273
896.599	0.175316
897.648	0.17546
898.661	0.175618
899.673	0.175733
900.689	0.175833
901.694	0.17592
902.713	0.175977
903.75	0.176092
904.751	0.176178
905.772	0.17625
906.8	0.176451
907.823	0.176537
908.837	0.176624
909.84	0.176724
910.846	0.176839
911.853	0.176983
912.869	0.177083
913.896	0.177155
914.9	0.177313
915.9	0.177371
916.901	0.177514
917.916	0.177586
918.928	0.177701
919.945	0.17783
920.996	0.177902
922.008	0.178075
923.008	0.178218
924.067	0.178305
925.078	0.178463
926.087	0.178635
927.089	0.178721
928.112	0.178865
929.129	0.178994
930.133	0.17908
931.148	0.179124
932.153	0.179282
933.183	0.179497
934.241	0.179612
935.271	0.179741
936.282	0.179813
937.282	0.179971
938.283	0.180144
939.356	0.180216
940.358	0.180402
941.365	0.180546
942.369	0.180675
943.372	0.180761
944.379	0.180876
945.381	0.18102
946.381	0.181149
947.395	0.181322
948.398	0.181437
949.42	0.181523
950.461	0.181609
951.476	0.181695
952.494	0.181753
953.496	0.181853
954.519	0.181911
955.559	0.18204
956.585	0.182126
957.592	0.182198
958.595	0.182371
959.605	0.182443
960.633	0.182543
961.636	0.182644
962.641	0.182787
963.644	0.182816
964.644	0.182888
965.661	0.183017
966.724	0.183147
967.741	0.183261
968.767	0.183463
969.767	0.183491
970.776	0.183578
971.778	0.183707
972.839	0.183793
973.843	0.183879
974.851	0.184037
975.865	0.184152
976.889	0.184253
977.911	0.184282
978.912	0.184382
979.928	0.18444
980.973	0.184583
981.977	0.184698
982.988	0.184885
983.992	0.185
985.008	0.185216
986.016	0.185345
987.04	0.18546
988.04	0.185546
989.042	0.18569
990.046	0.185733
991.101	0.185833
992.117	0.185977
993.127	0.186078
994.139	0.186207
995.141	0.186336
996.162	0.186422
997.17	0.186494
998.196	0.186681
999.211	0.18681
1000.24	0.186911
1001.28	0.187069
1002.28	0.187112
1003.31	0.187198
1004.37	0.187299
1005.38	0.187457
1006.41	0.187557
1007.41	0.187629
1008.41	0.187787
1009.44	0.187902
1010.46	0.188003
1011.48	0.188075
1012.48	0.188247
1013.52	0.188333
1014.52	0.188463
1015.53	0.188635
1016.55	0.188764
1017.55	0.188836
1018.59	0.188922
1019.6	0.189066
1020.62	0.189167
1021.64	0.189224
1022.65	0.189397
1023.65	0.189468
1024.68	0.189555
1025.69	0.189727
1026.75	0.189828
1027.77	0.189943
1028.81	0.190072
1029.82	0.190144
1030.82	0.190273
1031.82	0.190359
1032.84	0.190503
1033.85	0.190603
1034.86	0.190747
1035.9	0.190819
1036.93	0.190977
1037.99	0.191049
1038.99	0.191106
1040	0.191207
1041	0.191307
1042.03	0.191437
1043.03	0.191509
1044.04	0.191695
1045.04	0.191739
1046.05	0.191897
1047.08	0.192083
1048.08	0.192227
1049.08	0.192385
1050.08	0.192443
1051.12	0.192543
1052.14	0.192687
1053.15	0.192716
1054.15	0.19283
1055.16	0.192917
1056.17	0.193089
1057.17	0.19319
1058.21	0.19329
1059.23	0.193391
1060.25	0.193563
1061.26	0.193635
1062.27	0.193721
1063.27	0.193822
1064.3	0.193937
1065.31	0.194009
1066.31	0.194023
1067.32	0.19408
1068.32	0.194195
1069.35	0.194267
1070.35	0.194339
1071.39	0.194468
1072.4	0.194641
1073.45	0.194727
1074.46	0.194799
1075.47	0.194828
1076.52	0.194957
1077.55	0.194986
1078.58	0.195086
1079.58	0.195172
1080.59	0.195287
1081.6	0.195316
1082.64	0.195402
1083.64	0.195575
1084.64	0.19569
1085.65	0.195805
1086.69	0.195991
1087.74	0.196078
1088.77	0.196149
1089.78	0.19625
1090.81	0.196279
1091.83	0.196351
1092.85	0.196451
1093.85	0.196552
1094.88	0.19671
1095.89	0.196753
1096.89	0.196868
1097.89	0.19694
1098.91	0.197069
1099.92	0.19717
1100.95	0.197198
1101.98	0.19727
1103.01	0.197399
1104.02	0.197615
1105.03	0.197644
1106.1	0.197716
1107.12	0.197859
1108.13	0.197945
1109.15	0.198032
1110.16	0.198103
1111.19	0.198175
1112.19	0.19829
1113.19	0.198448
1114.23	0.198563
1115.23	0.198635
1116.25	0.198793
1117.25	0.198851
1118.26	0.19898
1119.27	0.198994
1120.29	0.199037
1121.29	0.199167
1122.31	0.199253
1123.32	0.199339
1124.33	0.199397
1125.34	0.199454
1126.35	0.199583
1127.36	0.199698
1128.37	0.199741
1129.37	0.199871
1130.37	0.199986
1131.41	0.200057
1132.44	0.200172
1133.45	0.20033
1134.46	0.200474
1135.48	0.200575
1136.48	0.200618
1137.48	0.200733
1138.49	0.200819
1139.5	0.200963
1140.5	0.201221
1141.51	0.201336
1142.54	0.201394
1143.55	0.201509
1144.55	0.20158
1145.56	0.201638
1146.57	0.201782
1147.59	0.201882
1148.59	0.201968
1149.6	0.202098
1150.61	0.202227
1151.62	0.202313
1152.7	0.202399
1153.7	0.2025
1154.71	0.202557
1155.71	0.202701
1156.71	0.202787
1157.72	0.202859
1158.74	0.20296
1159.75	0.203017
1160.76	0.203147
1161.77	0.203247
1162.78	0.203376
1163.8	0.203477
1164.81	0.203534
1165.82	0.203693
1166.83	0.203879
1167.84	0.20398
1168.87	0.204124
1169.87	0.204253
1170.89	0.204339
1171.91	0.204411
1172.92	0.204555
1173.96	0.204612
1175.01	0.204727
1176.01	0.204799
1177.09	0.204885
1178.12	0.204986
1179.12	0.205101
1180.14	0.205201
1181.14	0.205216
1182.15	0.205273
1183.15	0.205345
1184.16	0.20546
1185.17	0.205675
1186.18	0.205833
1187.2	0.205876
1188.21	0.206006
1189.23	0.206149
1190.24	0.206207
1191.25	0.206351
1192.27	0.206437
1193.29	0.206537
1194.34	0.206624
1195.35	0.20671
1196.35	0.206796
1197.35	0.206825
1198.37	0.206925
1199.37	0.206983
1200.38	0.207011
1201.38	0.207141
1202.39	0.207241
1203.41	0.207342
1204.42	0.207443
1205.42	0.207644
1206.43	0.20773
1207.44	0.20783
1208.46	0.207931
1209.47	0.208103
1210.47	0.208204
1211.48	0.20829
1212.48	0.20842
1213.49	0.208434
1214.5	0.208506
1215.52	0.208606
1216.57	0.208707
1217.58	0.208807
1218.58	0.208894
1219.6	0.209037
1220.6	0.209037
1221.62	0.209181
1222.65	0.209267
1223.7	0.20931
1224.7	0.209368
1225.72	0.209526
1226.72	0.209612
1227.73	0.209784
1228.77	0.209842
1229.8	0.209971
1230.84	0.21
1231.85	0.210115
1232.89	0.210158
1233.9	0.210244
1234.9	0.210316
1235.96	0.210445
1236.96	0.210532
1237.96	0.210532
1238.97	0.210632
1239.97	0.210675
1240.98	0.210747
1241.98	0.21092
1243	0.211006
1244	0.211135
1245.01	0.211193
1246.01	0.211379
1247.03	0.211451
1248.08	0.211523
1249.09	0.211638
1250.1	0.211724
1251.11	0.21181
1252.15	0.211853
1253.17	0.211911
1254.17	0.212098
1255.18	0.212198
1256.18	0.212299
1257.22	0.212414
1258.22	0.212471
1259.23	0.212543
1260.27	0.212601
1261.28	0.212759
1262.28	0.212802
1263.3	0.212902
1264.33	0.213003
1265.35	0.213118
1266.38	0.213175
1267.4	0.213233
1268.4	0.213391
1269.44	0.21342
1270.44	0.213506
1271.46	0.213592
1272.47	0.213635
1273.47	0.213736
1274.56	0.213836
1275.56	0.213951
1276.57	0.214052
1277.57	0.21408
1278.59	0.214224
1279.63	0.214267
1280.67	0.214368
1281.69	0.21454
1282.69	0.214698
1283.72	0.214784
1284.73	0.214914
1285.73	0.215
1286.74	0.215072
1287.75	0.215273
1288.76	0.215402
1289.78	0.215474
1290.8	0.215546
1291.84	0.215589
1292.85	0.215776
1293.85	0.215819
1294.87	0.215891
1295.87	0.216034
1296.87	0.216193
1297.88	0.21625
1298.89	0.216307
1299.91	0.216422
1300.93	0.21648
1301.94	0.216595
1302.97	0.216638
1303.99	0.216695
1305	0.216839
1306	0.216983
1307	0.21704
1308	0.217112
1309.09	0.217227
1310.12	0.217342
1311.14	0.217385
1312.17	0.217471
1313.2	0.2175
1314.22	0.217615
1315.24	0.217701
1316.26	0.217845
1317.26	0.217902
1318.26	0.218017
1319.28	0.218046
1320.3	0.218103
1321.31	0.218204
1322.36	0.218261
1323.36	0.218333
1324.36	0.218376
1325.36	0.218434
1326.37	0.218534
1327.37	0.218621
1328.38	0.218693
1329.38	0.218793
1330.39	0.218922
1331.4	0.219037
1332.4	0.219095
1333.4	0.219195
1334.4	0.21931
1335.43	0.219353
1336.46	0.219411
1337.46	0.219569
1338.47	0.21967
1339.47	0.21977
1340.52	0.219899
1341.54	0.220014
1342.55	0.220101
1343.56	0.220187
1344.56	0.220287
1345.58	0.220316
1346.6	0.220359
1347.61	0.220417
1348.62	0.220445
1349.69	0.220589
1350.7	0.220675
1351.71	0.220733
1352.74	0.220862
1353.75	0.220948
1354.76	0.221106
1355.77	0.221193
1356.77	0.22125
1357.77	0.221307
1358.78	0.221408
1359.78	0.221523
1360.79	0.221624
1361.79	0.221695
1362.79	0.221825
1363.82	0.221911
1364.84	0.222055
1365.86	0.222256
1366.89	0.222428
1367.9	0.222557
1368.9	0.222629
1369.91	0.222672
1370.91	0.222787
1371.91	0.222888
1372.92	0.222931
1373.94	0.223017
1374.94	0.223089
1375.98	0.223147
1377	0.223218
1378	0.22329
1379.01	0.223405
1380.03	0.223477
1381.03	0.223549
1382.06	0.223592
1383.07	0.223635
1384.07	0.223779
1385.14	0.223851
1386.14	0.223894
1387.15	0.224009
1388.16	0.224066
1389.17	0.224195
1390.17	0.224195
1391.2	0.224296
1392.2	0.224325
1393.21	0.224468
1394.22	0.224526
1395.25	0.224583
1396.25	0.22467
1397.26	0.224698
1398.26	0.224784
1399.27	0.224856
1400.29	0.224943
1401.3	0.225043
1402.31	0.225273
1403.36	0.225388
1404.45	0.225503
1405.45	0.225618
1406.46	0.225675
1407.46	0.225733
1408.5	0.225819
1409.5	0.225963
1410.51	0.226034
1411.52	0.226135
1412.52	0.226164
1413.53	0.226221
1414.57	0.226293
1415.58	0.226365
1416.58	0.226566
1417.59	0.22658
1418.59	0.226652
1419.63	0.226767
1420.63	0.226897
1421.67	0.226997
1422.68	0.22704
1423.78	0.227083
1424.79	0.22717
1425.8	0.22727
1426.82	0.227342
1427.82	0.227428
1428.88	0.227486
1429.9	0.227601
1430.91	0.227672
1431.91	0.227787
1432.93	0.227917
1433.94	0.228075
1435.03	0.228161
1436.08	0.228204
1437.08	0.228333
1438.1	0.228405
1439.11	0.228491
1440.15	0.228578
1441.16	0.228649
1442.16	0.228707
1443.17	0.228951
1444.18	0.229052
1445.18	0.229138
1446.2	0.229253
1447.2	0.229382
1448.21	0.229483
1449.22	0.22954
1450.22	0.229612
1451.23	0.229684
1452.24	0.22977
1453.26	0.229871
1454.3	0.229971
1455.31	0.230072
1456.31	0.230086
1457.32	0.230172
1458.32	0.230216
1459.33	0.230302
1460.35	0.230302
1461.35	0.230374
1462.36	0.230546
1463.36	0.230647
1464.36	0.230776
1465.37	0.230876
1466.37	0.231006
1467.38	0.231078
1468.38	0.231207
1469.39	0.231307
1470.43	0.231322
1471.43	0.231351
1472.45	0.231451
1473.46	0.231624
1474.5	0.231724
1475.5	0.231782
1476.51	0.231853
1477.55	0.23194
1478.56	0.232026
1479.56	0.232141
1480.57	0.232213
1481.59	0.232328
1482.6	0.232428
1483.62	0.232514
1484.65	0.232644
1485.67	0.232716
1486.72	0.232845
1487.72	0.232902
1488.76	0.233017
1489.78	0.233175
1490.79	0.233218
1491.79	0.23329
1492.83	0.233348
1493.83	0.233448
1494.84	0.23352
1495.86	0.233578
1496.88	0.233664
1497.89	0.233736
1498.91	0.233764
1499.92	0.233836
1500.93	0.233894
1502.02	0.23398
1503.08	0.234052
1504.08	0.234109
1505.09	0.234167
1506.09	0.234224
1507.12	0.234296
1508.13	0.234325
1509.17	0.234411
1510.19	0.234468
1511.2	0.23454
1512.21	0.234583
1513.23	0.234626
1514.23	0.234727
1515.26	0.234813
1516.26	0.234885
1517.3	0.234986
1518.31	0.235086
1519.35	0.235115
1520.37	0.235244
1521.5	0.235359
1522.53	0.235417
1523.53	0.235474
1524.56	0.235575
1525.57	0.235647
1526.59	0.235747
1527.61	0.235805
1528.64	0.235905
1529.64	0.23602
1530.65	0.236135
1531.73	0.236178
1532.74	0.236365
1533.75	0.236451
1534.78	0.236523
1535.79	0.236624
1536.8	0.236695
1537.8	0.236868
1538.81	0.236897
1539.82	0.23694
1540.83	0.237011
1541.85	0.237198
1542.87	0.237256
1543.89	0.237342
1544.94	0.237356
1545.95	0.237399
1546.97	0.237457
1548	0.237644
1549.01	0.23773
1550.02	0.237845
1551.07	0.237902
1552.11	0.237989
1553.13	0.238075
1554.13	0.238161
1555.14	0.238261
1556.15	0.238333
1557.16	0.238477
1558.17	0.238592
1559.19	0.238693
1560.2	0.238693
1561.2	0.23875
1562.2	0.238822
1563.21	0.238894
1564.23	0.238994
1565.23	0.239109
1566.26	0.239167
1567.26	0.23921
1568.29	0.23931
1569.3	0.23931
1570.31	0.239425
1571.32	0.239511
1572.33	0.239612
1573.38	0.239655
1574.38	0.239727
1575.39	0.239741
1576.4	0.239813
1577.4	0.239899
1578.41	0.240014
1579.46	0.240101
1580.49	0.240172
1581.5	0.240273
1582.5	0.240345
1583.52	0.240431
1584.52	0.240503
1585.53	0.240575
1586.53	0.240718
1587.54	0.240805
1588.6	0.240948
1589.61	0.240977
1590.62	0.240977
1591.63	0.241063
1592.64	0.241164
1593.65	0.241221
1594.65	0.241279
1595.65	0.241322
1596.65	0.241422
1597.68	0.24148
1598.7	0.24158
1599.73	0.241595
1600.74	0.241624
1601.77	0.241667
1602.77	0.241695
1603.78	0.241839
1604.8	0.241925
1605.81	0.242026
1606.82	0.242141
1607.82	0.242198
1608.83	0.242328
1609.83	0.242457
1610.85	0.242557
1611.86	0.242629
1612.88	0.242687
1613.9	0.24283
1614.92	0.242888
1615.97	0.242974
1616.99	0.243017
1618.04	0.243118
1619.04	0.243204
1620.04	0.243319
1621.05	0.24342
1622.1	0.243434
1623.13	0.243506
1624.13	0.243549
1625.14	0.243606
1626.14	0.243649
1627.18	0.243707
1628.18	0.243793
1629.19	0.243836
1630.19	0.243879
1631.2	0.244009
1632.23	0.24408
1633.24	0.244152
1634.26	0.244224
1635.26	0.244267
1636.28	0.244425
1637.29	0.244468
1638.3	0.244583
1639.3	0.24467
1640.34	0.24477
1641.34	0.244828
1642.35	0.244943
1643.37	0.245057
1644.41	0.245086
1645.41	0.245187
1646.41	0.24533
1647.42	0.245388
1648.43	0.245489
1649.44	0.245603
1650.45	0.245718
1651.48	0.245776
1652.48	0.245876
1653.49	0.245977
1654.51	0.246078
1655.51	0.246149
1656.52	0.246351
1657.53	0.246451
1658.54	0.246552
1659.65	0.246667
1660.66	0.246739
1661.68	0.246796
1662.69	0.246897
1663.71	0.247055
1664.71	0.24717
1665.74	0.247213
1666.77	0.247299
1667.81	0.247399
1668.81	0.247428
1669.83	0.247557
1670.84	0.247644
1671.85	0.247672
1672.9	0.247716
1673.96	0.247787
1674.98	0.247874
1675.99	0.247931
1677.01	0.248003
1678.02	0.248103
1679.03	0.248175
1680.03	0.248233
1681.05	0.248463
1682.06	0.248563
1683.06	0.248693
1684.11	0.248793
1685.14	0.248836
1686.17	0.248908
1687.17	0.249037
1688.21	0.249138
1689.21	0.24931
1690.23	0.249368
1691.24	0.249411
1692.24	0.249454
1693.24	0.249497
1694.25	0.249626
1695.27	0.249684
1696.28	0.249741
1697.3	0.249828
1698.3	0.249871
1699.3	0.249971
1700.31	0.250057
1701.31	0.250144
1702.31	0.250158
1703.34	0.250259
1704.35	0.250273
1705.36	0.250316
1706.4	0.250445
1707.43	0.250517
1708.52	0.250589
1709.53	0.250647
1710.53	0.250733
1711.55	0.250819
1712.59	0.250934
1713.6	0.250948
1714.6	0.251063
1715.61	0.251078
1716.63	0.251149
1717.63	0.251193
1718.67	0.251293
1719.71	0.251365
1720.72	0.251394
1721.8	0.251523
1722.8	0.251595
1723.8	0.251652
1724.82	0.251681
1725.84	0.251739
1726.85	0.251796
1727.87	0.251868
1728.88	0.251925
1729.89	0.251983
1730.9	0.252055
1731.91	0.252112
1732.95	0.252213
1733.96	0.252299
1735.04	0.252356
1736.05	0.252443
1737.06	0.252486
1738.07	0.252557
1739.07	0.252615
1740.08	0.25273
1741.09	0.25273
1742.09	0.252845
1743.1	0.252917
1744.11	0.253017
1745.11	0.253075
1746.11	0.253118
1747.14	0.25319
1748.18	0.253348
1749.21	0.25342
1750.24	0.253491
1751.28	0.253592
1752.31	0.253606
1753.31	0.253736
1754.32	0.253851
1755.33	0.253908
1756.36	0.25398
1757.38	0.254066
1758.38	0.254152
1759.44	0.254181
1760.44	0.254267
1761.44	0.254382
1762.45	0.254483
1763.54	0.254526
1764.57	0.254583
1765.6	0.254684
1766.69	0.254713
1767.75	0.254813
1768.75	0.254871
1769.8	0.254971
1770.85	0.254986
1771.89	0.255086
1772.89	0.255158
1773.92	0.255216
1774.93	0.255374
1775.93	0.255489
1776.95	0.255575
1777.95	0.255618
1778.98	0.255718
1780.02	0.255776
1781.03	0.255805
1782.03	0.255891
1783.04	0.255948
1784.05	0.25602
1785.05	0.256078
1786.05	0.256092
1787.09	0.256164
1788.15	0.256221
1789.17	0.256365
1790.19	0.256451
1791.19	0.256523
1792.2	0.256566
1793.21	0.256624
1794.22	0.256681
1795.26	0.256724
1796.31	0.256796
1797.31	0.256882
1798.31	0.256954
1799.32	0.256997
1800.33	0.257112
1801.34	0.257198
1802.36	0.257284
1803.36	0.257385
1804.36	0.257514
1805.36	0.257557
1806.4	0.257629
1807.43	0.257716
1808.45	0.257759
1809.45	0.257816
1810.46	0.257888
1811.51	0.257931
1812.56	0.257989
1813.56	0.258075
1814.57	0.258147
1815.58	0.258204
1816.66	0.258261
1817.69	0.258391
1818.7	0.258506
1819.71	0.258534
1820.72	0.258606
1821.74	0.258649
1822.74	0.258693
1823.76	0.258764
1824.78	0.258793
1825.81	0.258807
1826.83	0.258865
1827.84	0.258908
1828.84	0.259023
1829.84	0.259152
1830.86	0.259267
1831.86	0.259267
1832.87	0.259325
1833.91	0.25944
1834.93	0.259526
1835.97	0.25954
1836.97	0.259598
1837.97	0.259727
1838.99	0.259871
1840	0.260014
1841	0.260086
1842.01	0.260129
1843.01	0.26023
1844.02	0.260302
1845.03	0.260359
1846.04	0.260503
1847.05	0.260632
1848.14	0.260661
1849.15	0.260704
1850.18	0.260761
1851.19	0.260905
1852.2	0.26092
1853.22	0.260963
1854.23	0.261034
1855.25	0.261063
1856.27	0.261178
1857.3	0.261236
1858.36	0.261351
1859.37	0.261422
1860.37	0.261466
1861.38	0.261537
1862.38	0.261624
1863.38	0.26171
1864.38	0.261739
1865.4	0.261853
1866.44	0.261911
1867.46	0.261925
1868.46	0.262011
1869.47	0.262184
1870.48	0.262299
1871.48	0.262371
1872.5	0.262457
1873.51	0.262471
1874.52	0.262471
1875.54	0.262514
1876.56	0.262572
1877.56	0.262629
1878.57	0.262759
1879.6	0.262845
1880.62	0.26296
1881.62	0.263089
1882.65	0.263103
1883.66	0.26319
1884.67	0.263276
1885.68	0.263333
1886.7	0.263333
1887.74	0.26342
1888.79	0.263506
1889.8	0.263534
1890.8	0.263621
1891.81	0.263707
1892.83	0.263793
1893.83	0.263879
1894.84	0.263966
1895.85	0.264009
1896.89	0.264152
1897.89	0.264167
1898.91	0.264224
1899.91	0.264282
1900.92	0.264397
1901.92	0.264483
1902.94	0.264555
1903.97	0.264641
1904.99	0.264713
1905.99	0.264727
1907.05	0.264799
1908.05	0.264842
1909.06	0.264928
1910.1	0.265014
1911.19	0.265086
1912.19	0.265187
1913.23	0.265302
1914.24	0.265374
1915.26	0.265489
1916.27	0.265589
1917.27	0.265747
1918.27	0.265848
1919.32	0.265963
1920.32	0.26602
1921.33	0.266063
1922.33	0.266063
1923.34	0.266121
1924.36	0.266236
1925.4	0.266293
1926.42	0.266394
1927.45	0.266466
1928.48	0.266552
1929.5	0.266609
1930.5	0.26671
1931.51	0.266739
1932.52	0.26681
1933.52	0.266882
1934.59	0.267055
1935.59	0.267213
1936.61	0.267328
1937.67	0.267399
1938.67	0.267428
1939.7	0.267514
1940.71	0.267557
1941.71	0.267615
1942.74	0.267644
1943.74	0.267701
1944.76	0.267759
1945.77	0.267859
1946.78	0.267945
1947.79	0.268075
1948.82	0.268132
1949.82	0.268175
1950.83	0.26829
1951.84	0.268348
1952.85	0.26842
1953.86	0.268434
1954.87	0.268592
1955.9	0.268678
1956.92	0.268764
1957.94	0.268793
1958.94	0.268894
1959.97	0.268951
1961	0.268994
1962.02	0.269095
1963.02	0.269181
1964.03	0.269239
1965.03	0.269382
1966.04	0.269468
1967.04	0.26954
1968.05	0.269612
1969.05	0.26967
1970.08	0.269784
1971.13	0.269871
1972.16	0.270029
1973.18	0.270158
1974.22	0.270172
1975.25	0.27023
1976.28	0.270259
1977.28	0.27033
1978.28	0.270431
1979.33	0.270546
1980.34	0.270647
1981.34	0.270747
1982.36	0.270776
1983.36	0.270876
1984.37	0.270991
1985.41	0.271034
1986.41	0.271049
1987.41	0.271121
1988.42	0.271207
1989.48	0.271293
1990.55	0.271365
1991.56	0.271451
1992.57	0.271537
1993.63	0.271595
1994.67	0.271652
1995.69	0.271695
1996.69	0.271739
1997.69	0.271739
1998.7	0.271753
1999.7	0.271796
2000.71	0.271853
2001.74	0.271882
2002.74	0.271925
2003.78	0.272069
2004.78	0.272155
2005.79	0.272227
2006.81	0.272299
2007.83	0.272414
2008.84	0.272529
2009.84	0.272629
2010.87	0.272687
2011.88	0.272744
2012.88	0.272845
2013.9	0.272902
2014.9	0.272974
2015.9	0.273089
2016.92	0.273161
2017.92	0.273218
2018.92	0.273261
2019.93	0.273348
2020.95	0.273376
2022	0.273491
2023.03	0.273578
2024.03	0.273621
2025.06	0.273721
2026.07	0.273836
2027.09	0.273836
2028.09	0.273908
2029.12	0.274009
2030.13	0.274037
2031.14	0.274109
2032.16	0.274152
2033.2	0.27421
2034.21	0.274282
2035.22	0.274339
2036.22	0.274411
2037.26	0.274497
2038.26	0.27454
2039.28	0.274555
2040.28	0.274641
2041.29	0.274684
2042.29	0.274727
2043.32	0.274756
2044.33	0.274871
2045.36	0.274986
2046.36	0.275072
2047.37	0.275144
2048.39	0.275216
2049.4	0.275302
2050.42	0.275388
2051.46	0.275445
2052.49	0.27556
2053.49	0.275618
2054.49	0.275747
2055.51	0.275805
2056.53	0.275876
2057.55	0.275934
2058.57	0.275977
2059.62	0.276006
2060.62	0.276063
2061.63	0.276078
2062.64	0.276164
2063.65	0.276236
2064.66	0.276307
2065.66	0.276322
2066.67	0.276351
2067.68	0.276422
2068.69	0.27648
2069.7	0.276609
2070.7	0.276681
2071.71	0.276839
2072.76	0.276882
2073.78	0.276983
2074.78	0.277055
2075.78	0.277098
2076.81	0.277126
2077.82	0.277155
2078.87	0.277227
2079.88	0.277385
2080.91	0.277443
2081.92	0.2775
2082.92	0.277529
2083.93	0.277601
2084.93	0.277629
2085.95	0.277701
2087	0.277787
2088.04	0.277816
2089.05	0.277874
2090.05	0.277931
2091.06	0.277945
2092.07	0.277989
2093.08	0.27806
2094.08	0.278175
2095.11	0.27829
2096.11	0.278333
2097.11	0.27842
2098.13	0.278448
2099.14	0.278506
2100.14	0.278534
2101.15	0.278592
2102.16	0.278664
2103.2	0.27875
2104.21	0.278822
2105.22	0.278879
2106.23	0.278908
2107.24	0.278908
2108.25	0.278922
2109.26	0.27908
2110.27	0.279152
2111.29	0.279239
2112.3	0.279368
2113.31	0.27944
2114.33	0.279483
2115.34	0.279583
2116.36	0.279655
2117.37	0.279698
2118.37	0.279828
2119.37	0.279871
2120.37	0.279914
2121.38	0.279957
2122.39	0.280057
2123.4	0.280115
2124.41	0.280144
2125.42	0.280216
2126.44	0.280273
2127.44	0.280402
2128.45	0.280503
2129.48	0.280546
2130.5	0.280675
2131.5	0.28079
2132.52	0.28092
2133.53	0.28102
2134.54	0.281049
2135.56	0.281121
2136.57	0.281193
2137.58	0.281207
2138.68	0.281322
2139.68	0.281408
2140.72	0.281523
2141.73	0.28158
2142.74	0.281667
2143.75	0.281739
2144.79	0.281796
2145.8	0.281868
2146.8	0.281925
2147.82	0.282011
2148.89	0.282098
2149.89	0.282112
2150.96	0.282155
2151.97	0.282241
2152.97	0.282371
2154	0.282399
2155	0.282443
2156	0.282543
2157.01	0.282586
2158.06	0.282658
2159.08	0.282744
2160.09	0.282787
2161.28	0.282845
2162.3	0.282917
2163.32	0.282931
2164.33	0.282989
2165.34	0.283032
2166.36	0.283089
2167.39	0.283161
2168.39	0.283218
2169.4	0.283233
2170.41	0.283305
2171.43	0.283348
2172.44	0.283376
2173.45	0.283477
2174.46	0.28352
2175.47	0.283578
2176.5	0.283664
2177.5	0.283764
2178.52	0.283793
2179.54	0.283836
2180.56	0.283894
2181.58	0.283937
2182.59	0.28398
2183.59	0.284009
2184.6	0.284109
2185.61	0.284138
2186.64	0.28421
2187.66	0.284253
2188.66	0.284296
2189.7	0.284454
2190.72	0.284511
2191.75	0.284569
2192.75	0.284626
2193.78	0.284727
2194.8	0.284741
2195.83	0.284799
2196.84	0.284871
2197.85	0.284899
2198.89	0.284914
2199.9	0.284957
2200.92	0.285086
2201.92	0.285129
2202.94	0.285144
2203.95	0.285172
2204.96	0.285216
2206	0.285287
2207.04	0.28533
2208.04	0.28546
2209.04	0.285474
2210.06	0.285517
2211.07	0.285575
2212.09	0.285632
2213.13	0.285647
2214.16	0.285718
2215.17	0.28579
2216.17	0.285963
2217.23	0.285963
2218.24	0.28602
2219.25	0.286078
2220.28	0.286135
2221.29	0.286236
2222.29	0.286279
2223.31	0.286322
2224.31	0.286379
2225.33	0.286466
2226.34	0.286523
2227.37	0.286609
2228.38	0.286724
2229.38	0.28681
2230.4	0.286868
2231.4	0.286911
2232.42	0.286968
2233.44	0.287026
2234.47	0.287126
2235.47	0.28717
2236.57	0.287227
2237.6	0.287356
2238.69	0.287385
2239.7	0.287443
2240.71	0.287572
2241.72	0.287629
2242.72	0.287672
2243.81	0.287744
2244.81	0.287787
2245.83	0.287845
2246.87	0.287888
2247.89	0.287917
2248.9	0.28796
2249.95	0.28806
2250.95	0.288218
2251.98	0.28829
2253	0.288348
2254	0.288405
2255.01	0.288448
2256.01	0.28852
2257.01	0.288549
2258.02	0.288635
2259.08	0.288678
2260.09	0.288807
2261.1	0.288865
2262.14	0.288879
2263.14	0.288937
2264.14	0.289052
2265.16	0.289095
2266.17	0.289109
2267.19	0.289124
2268.22	0.289124
2269.23	0.289181
2270.24	0.289224
2271.25	0.28931
2272.33	0.289353
2273.33	0.289497
2274.36	0.289555
2275.39	0.289612
2276.4	0.289655
2277.41	0.289698
2278.43	0.28977
2279.47	0.289799
2280.5	0.289871
2281.52	0.289914
2282.52	0.290014
2283.56	0.290043
2284.56	0.290086
2285.58	0.290129
2286.58	0.29023
2287.62	0.290273
2288.64	0.290374
2289.65	0.29046
2290.67	0.290575
2291.68	0.290675
2292.72	0.290747
2293.73	0.29079
2294.85	0.290819
2295.86	0.290848
2296.9	0.29092
2297.95	0.290963
2298.97	0.290991
2299.98	0.291063
2300.98	0.291178
2301.98	0.291221
2302.99	0.291293
2303.99	0.291322
2305	0.291394
2306.01	0.291494
2307.02	0.29158
2308.04	0.291681
2309.05	0.291739
2310.06	0.291839
2311.07	0.29194
2312.08	0.291997
2313.1	0.292026
2314.1	0.292112
2315.11	0.292184
2316.14	0.292299
2317.14	0.292399
2318.19	0.292443
2319.25	0.2925
2320.27	0.292557
2321.31	0.292629
2322.33	0.29273
2323.36	0.292802
2324.36	0.292859
2325.36	0.292931
2326.36	0.293003
2327.41	0.293075
2328.44	0.293103
2329.45	0.293147
2330.45	0.293218
2331.45	0.293276
2332.52	0.293333
2333.53	0.293376
2334.54	0.293549
2335.54	0.293592
2336.56	0.293635
2337.62	0.293678
2338.63	0.293736
2339.64	0.293779
2340.67	0.293822
2341.71	0.293937
2342.71	0.293994
2343.71	0.294037
2344.77	0.29408
2345.79	0.294124
2346.79	0.294138
2347.81	0.294152
2348.82	0.294224
2349.82	0.294239
2350.85	0.294253
2351.86	0.294325
2352.87	0.294339
2353.87	0.294382
2354.88	0.294411
2355.92	0.294411
2356.92	0.294483
2357.94	0.294555
2358.95	0.294612
2360.03	0.294641
2361.05	0.294684
2362.05	0.294741
2363.07	0.294784
2364.22	0.294871
2365.23	0.294943
2366.24	0.294957
2367.24	0.294986
2368.26	0.295072
2369.26	0.295115
2370.28	0.295259
2371.34	0.295302
2372.34	0.295316
2373.36	0.295431
2374.36	0.295546
2375.37	0.295647
2376.37	0.295733
2377.38	0.295805
2378.39	0.295891
2379.43	0.296006
2380.46	0.296106
2381.46	0.296135
2382.46	0.296207
2383.46	0.296307
2384.49	0.296422
2385.52	0.29648
2386.57	0.296595
2387.58	0.296609
2388.62	0.296695
2389.62	0.296796
2390.63	0.296911
2391.63	0.296968
2392.63	0.297055
2393.64	0.297198
2394.64	0.297227
2395.7	0.297299
2396.7	0.297328
2397.71	0.297399
2398.76	0.297428
2399.76	0.297486
2400.77	0.297615
2401.79	0.297744
2402.81	0.297816
2403.83	0.297902
2404.83	0.297974
2405.84	0.298046
2406.87	0.298132
2407.9	0.298247
2409.05	0.298333
2410.05	0.298391
2411.06	0.298434
2412.09	0.298477
2413.11	0.298549
2414.16	0.298621
2415.16	0.298678
2416.17	0.298793
2417.18	0.298879
2418.27	0.298908
2419.27	0.29898
2420.27	0.299023
2421.27	0.29908
2422.28	0.29921
2423.29	0.299253
2424.31	0.299339
2425.31	0.299397
2426.35	0.299497
2427.35	0.299583
2428.36	0.29967
2429.37	0.299756
2430.38	0.299856
2431.39	0.299914
2432.4	0.3
2433.41	0.300115
2434.46	0.300129
2435.47	0.300129
2436.47	0.30023
2437.48	0.300302
2438.52	0.300402
2439.58	0.300445
2440.66	0.300532
2441.66	0.300589
2442.67	0.300704
2443.68	0.300747
2444.69	0.300805
2445.69	0.300876
2446.71	0.300991
2447.73	0.301034
2448.76	0.301092
2449.76	0.301149
2450.77	0.301207
2451.88	0.301221
2452.92	0.301264
2453.98	0.301365
2455.04	0.301494
2456.04	0.30158
2457.06	0.301652
2458.06	0.301724
2459.07	0.301782
2460.09	0.301882
2461.09	0.30194
2462.1	0.302011
2463.1	0.302069
2464.1	0.302155
2465.11	0.302227
2466.11	0.302284
2467.12	0.302342
2468.13	0.302385
2469.19	0.302443
2470.19	0.302486
2471.21	0.302529
2472.24	0.302586
2473.33	0.302658
2474.36	0.302716
2475.37	0.302802
2476.39	0.302888
2477.4	0.30296
2478.41	0.303032
2479.44	0.303075
2480.45	0.303118
2481.46	0.303161
2482.47	0.30319
2483.48	0.30329
2484.49	0.303333
2485.5	0.303391
2486.5	0.303491
2487.52	0.30352
2488.56	0.303578
2489.6	0.303664
2490.71	0.30375
2491.71	0.303793
2492.72	0.303879
2493.78	0.303894
2494.79	0.303922
2495.79	0.30398
2496.79	0.304009
2497.83	0.304095
2498.86	0.304152
2499.87	0.30421
2500.87	0.304425
2501.87	0.304698
2502.88	0.304986
2503.88	0.305158
2504.88	0.305445
2505.89	0.305747
2506.89	0.306034
2507.89	0.306451
2508.89	0.306724
2509.89	0.307155
2510.89	0.307471
2511.89	0.307773
2512.9	0.308103
2513.9	0.308391
2514.9	0.308736
2515.91	0.309066
2516.91	0.309411
2517.91	0.309612
2518.91	0.309885
2519.92	0.310216
2520.92	0.310517
2521.92	0.310718
2522.92	0.310991
2523.93	0.31125
2524.93	0.311552
2525.93	0.311882
2526.93	0.312213
2527.93	0.3125
2528.93	0.31283
2529.94	0.313118
2530.95	0.313578
2531.96	0.313894
2532.96	0.314124
2533.96	0.31444
2534.96	0.314626
2535.97	0.314971
2536.97	0.315316
2537.97	0.315647
2538.97	0.315963
2539.97	0.316078
2540.98	0.316336
2541.98	0.316509
2542.98	0.316767
2543.98	0.317055
2544.99	0.317256
2545.99	0.317629
2546.99	0.317931
2548	0.318218
2549	0.318391
2550	0.318578
2551.01	0.318822
2552.01	0.319095
2553.02	0.319325
2554.02	0.31954
2555.02	0.319684
2556.02	0.319914
2557.03	0.320172
2558.04	0.320445
2559.04	0.320618
2560.05	0.320776
2561.05	0.321063
2562.06	0.321365
2563.06	0.321825
2564.06	0.322126
2565.06	0.322399
2566.07	0.322644
2567.07	0.322744
2568.08	0.323017
2569.08	0.323247
2570.08	0.323549
2571.08	0.32375
2572.09	0.324009
2573.1	0.324138
2574.1	0.324296
2575.1	0.324698
2576.11	0.324943
2577.11	0.325144
2578.11	0.32533
2579.11	0.325517
2580.12	0.325833
2581.13	0.326135
2582.13	0.326422
2583.14	0.326695
2584.15	0.326983
2585.15	0.327198
2586.16	0.327399
2587.16	0.327557
2588.17	0.327716
2589.17	0.327902
2590.17	0.328046
2591.17	0.328376
2592.17	0.328592
2593.17	0.328779
2594.18	0.329009
2595.18	0.329325
2596.18	0.329641
2597.18	0.329885
2598.18	0.330086
2599.18	0.330302
2600.19	0.330474
2601.19	0.330661
2602.19	0.330891
2603.2	0.331164
2604.2	0.331537
2605.2	0.331868
2606.21	0.332055
2607.22	0.332328
2608.22	0.332644
2609.22	0.33283
2610.22	0.333161
2611.22	0.333434
2612.23	0.333693
2613.23	0.334023
2614.24	0.334224
2615.24	0.334497
2616.24	0.33477
2617.24	0.334914
2618.25	0.335101
2619.25	0.335316
2620.25	0.335647
2621.25	0.335891
2622.26	0.336149
2623.26	0.336351
2624.26	0.336595
2625.26	0.336825
2626.27	0.337011
2627.27	0.337256
2628.28	0.337443
2629.28	0.337601
2630.28	0.337816
2631.28	0.33806
2632.28	0.33829
2633.28	0.338506
2634.28	0.338693
2635.28	0.338937
2636.29	0.339109
2637.29	0.339382
2638.29	0.339598
2639.29	0.33977
2640.29	0.340029
2641.31	0.340302
2642.31	0.340445
2643.32	0.34069
2644.33	0.340934
2645.33	0.34125
2646.33	0.341494
2647.33	0.341739
2648.34	0.341968
2649.35	0.342083
2650.35	0.34227
2651.35	0.342586
2652.35	0.342802
2653.35	0.343103
2654.35	0.343305
2655.36	0.34352
2656.37	0.343721
2657.37	0.343879
2658.37	0.344095
2659.38	0.34431
2660.38	0.344483
2661.39	0.34467
2662.39	0.344784
2663.4	0.344957
2664.4	0.345144
2665.4	0.345302
2666.4	0.345532
2667.4	0.34579
2668.41	0.346006
2669.41	0.346207
2670.42	0.346351
2671.42	0.346537
2672.42	0.346695
2673.43	0.346882
2674.43	0.347055
2675.44	0.347213
2676.44	0.347457
2677.44	0.347716
2678.44	0.347787
2679.45	0.347917
2680.45	0.348147
2681.45	0.348276
2682.45	0.348506
2683.45	0.348793
2684.46	0.348994
2685.46	0.34921
2686.46	0.349353
2687.47	0.349598
2688.48	0.349799
2689.48	0.349957
2690.48	0.350101
2691.49	0.350287
2692.49	0.350575
2693.49	0.350833
2694.49	0.350991
2695.49	0.351178
2696.5	0.351408
2697.5	0.351595
2698.5	0.351638
2699.5	0.351796
2700.51	0.351997
2701.52	0.352299
2702.52	0.352486
2703.53	0.352716
2704.53	0.352859
2705.53	0.353046
2706.53	0.353247
2707.54	0.353391
2708.54	0.353606
2709.54	0.353793
2710.54	0.353951
2711.55	0.354239
2712.55	0.354526
2713.55	0.354684
2714.55	0.354799
2715.56	0.355014
2716.56	0.355201
2717.56	0.355402
2718.58	0.35579
2719.58	0.355934
2720.59	0.356135
2721.59	0.356293
2722.59	0.356437
2723.6	0.35658
2724.6	0.356782
2725.6	0.356954
2726.6	0.357184
2727.61	0.357428
2728.61	0.357601
2729.62	0.357773
2730.62	0.357859
2731.62	0.358003
2732.63	0.358204
2733.63	0.358405
2734.63	0.358534
2735.63	0.358635
2736.63	0.358851
2737.63	0.35898
2738.64	0.359138
2739.65	0.35931
2740.65	0.359454
2741.65	0.359569
2742.65	0.359842
2743.65	0.360086
2744.66	0.360273
2745.66	0.360445
2746.66	0.360632
2747.66	0.360876
2748.68	0.361006
2749.68	0.361193
2750.69	0.361365
2751.69	0.361595
2752.69	0.361767
2753.69	0.362026
2754.69	0.36217
2755.69	0.362313
2756.69	0.362471
2757.7	0.362773
2758.7	0.362931
2759.7	0.363132
2760.7	0.363233
2761.71	0.363362
2762.71	0.363578
2763.71	0.363693
2764.72	0.363937
2765.72	0.364167
2766.72	0.364296
2767.72	0.364497
2768.72	0.364713
2769.73	0.364842
2770.74	0.365043
2771.74	0.365244
2772.74	0.36533
2773.74	0.365503
2774.74	0.365546
2775.74	0.365718
2776.76	0.365905
2777.76	0.366078
2778.76	0.366336
2779.77	0.366437
2780.77	0.366667
2781.77	0.366825
2782.78	0.367011
2783.78	0.367256
2784.78	0.367356
2785.78	0.367586
2786.79	0.367716
2787.79	0.367888
2788.79	0.368017
2789.79	0.368075
2790.8	0.368261
2791.8	0.368434
2792.8	0.368592
2793.81	0.368793
2794.82	0.368951
2795.82	0.369152
2796.82	0.36931
2797.83	0.369511
2798.83	0.369698
2799.83	0.369842
2800.84	0.369957
2801.84	0.370187
2802.84	0.37046
2803.85	0.370661
2804.86	0.370862
2805.88	0.370963
2806.88	0.371207
2807.88	0.371307
2808.88	0.371466
2809.88	0.371667
2810.89	0.371868
2811.89	0.372055
2812.89	0.372184
2813.89	0.372299
2814.9	0.372572
2815.9	0.372701
2816.91	0.372845
2817.91	0.373132
2818.91	0.373333
2819.91	0.373534
2820.91	0.373649
2821.91	0.373807
2822.91	0.373951
2823.92	0.374253
2824.92	0.374368
2825.92	0.37454
2826.93	0.374698
2827.93	0.374828
2828.93	0.375029
2829.94	0.37523
2830.94	0.375359
2831.94	0.375589
2832.96	0.375718
2833.96	0.375848
2834.96	0.376078
2835.96	0.376293
2836.97	0.376494
2837.97	0.376825
2838.98	0.376983
2839.99	0.377155
2840.99	0.377486
2842	0.377615
2843	0.37773
2844	0.378075
2845.01	0.378233
2846.03	0.378405
2847.03	0.378606
2848.05	0.378693
2849.05	0.378807
2850.05	0.379066
2851.05	0.379224
2852.05	0.379382
2853.05	0.379569
2854.08	0.379727
2855.08	0.379928
2856.09	0.380115
2857.09	0.38033
2858.11	0.380489
2859.11	0.380647
2860.11	0.380819
2861.11	0.380905
2862.11	0.381049
2863.12	0.381322
2864.14	0.381509
2865.14	0.381624
2866.14	0.381782
2867.14	0.381997
2868.14	0.38217
2869.14	0.382328
2870.14	0.382486
2871.14	0.382759
2872.15	0.382931
2873.15	0.383046
2874.15	0.383233
2875.16	0.383405
2876.16	0.383549
2877.16	0.383721
2878.16	0.383937
2879.16	0.384095
2880.17	0.384239
2881.17	0.384425
2882.18	0.38454
2883.18	0.384727
2884.19	0.384957
2885.19	0.385101
2886.19	0.385201
2887.19	0.385388
2888.19	0.385546
2889.19	0.38569
2890.19	0.385776
2891.2	0.385934
2892.2	0.386135
2893.2	0.386336
2894.21	0.386437
2895.21	0.386537
2896.23	0.386681
2897.23	0.386911
2898.24	0.387083
2899.25	0.387241
2900.25	0.387371
2901.26	0.387486
2902.26	0.387701
2903.26	0.387802
2904.26	0.387974
2905.27	0.38819
2906.28	0.388348
2907.28	0.388534
2908.28	0.388649
2909.28	0.388807
2910.28	0.388994
2911.29	0.389224
2912.3	0.389353
2913.3	0.389555
2914.3	0.389698
2915.32	0.389813
2916.32	0.389899
2917.32	0.390072
2918.32	0.39033
2919.33	0.390431
2920.33	0.390589
2921.34	0.39069
2922.35	0.390776
2923.36	0.390977
2924.36	0.391049
2925.36	0.391207
2926.36	0.391322
2927.37	0.391422
2928.37	0.391595
2929.38	0.391695
2930.38	0.391868
2931.38	0.391997
2932.39	0.392069
2933.4	0.39227
2934.4	0.392385
2935.4	0.392572
2936.4	0.392816
2937.41	0.392931
2938.41	0.39306
2939.41	0.393218
2940.42	0.393448
2941.42	0.393549
2942.42	0.393764
2943.43	0.393922
2944.44	0.394138
2945.44	0.394267
2946.45	0.394382
2947.45	0.394468
2948.46	0.394684
2949.46	0.394828
2950.47	0.395158
2951.47	0.395216
2952.47	0.395359
2953.48	0.395603
2954.48	0.395747
2955.48	0.395862
2956.48	0.396006
2957.48	0.396164
2958.48	0.396322
2959.49	0.396394
2960.49	0.396509
2961.5	0.396667
2962.5	0.396782
2963.51	0.396954
2964.51	0.397083
2965.51	0.397241
2966.51	0.397385
2967.52	0.397615
2968.52	0.397759
2969.53	0.397945
2970.53	0.39806
2971.56	0.398175
2972.56	0.398362
2973.56	0.398534
2974.58	0.398606
2975.58	0.398721
2976.58	0.398879
2977.58	0.39898
2978.59	0.399167
2979.61	0.399339
2980.62	0.399497
2981.62	0.399612
2982.63	0.399684
2983.63	0.399828
2984.63	0.4
2985.63	0.400172
2986.64	0.400287
2987.65	0.400445
2988.65	0.40069
2989.65	0.400776
2990.66	0.400833
2991.66	0.400934
2992.67	0.401063
2993.67	0.401221
2994.67	0.401394
2995.68	0.401566
2996.69	0.401695
2997.69	0.401839
2998.69	0.401968
2999.69	0.402112
3000.7	0.402299
3001.7	0.402385
3002.7	0.402586
3003.72	0.402759
3004.72	0.402902
3005.72	0.403046
3006.73	0.403175
3007.73	0.403362
3008.73	0.403463
3009.74	0.403736
3010.74	0.403836
3011.74	0.40398
3012.74	0.404109
3013.75	0.404224
3014.75	0.404425
3015.75	0.404468
3016.76	0.404684
3017.76	0.40477
3018.76	0.404899
3019.77	0.405043
3020.77	0.405144
3021.78	0.405273
3022.78	0.405388
3023.78	0.405445
3024.78	0.405575
3025.79	0.405718
3026.8	0.405891
3027.8	0.406049
3028.81	0.406121
3029.81	0.406279
3030.81	0.406408
3031.82	0.406537
3032.82	0.40671
3033.82	0.406882
3034.82	0.407055
3035.83	0.407141
3036.84	0.407328
3037.84	0.407486
3038.84	0.407572
3039.84	0.407687
3040.85	0.407802
3041.85	0.407974
3042.85	0.408118
3043.85	0.40819
3044.86	0.408276
3045.86	0.408434
3046.86	0.408549
3047.86	0.40875
3048.88	0.408865
3049.89	0.408994
3050.9	0.409052
3051.9	0.409353
3052.9	0.40944
3053.91	0.409569
3054.91	0.409684
3055.91	0.40977
3056.91	0.410057
3057.91	0.410158
3058.91	0.410259
3059.91	0.410345
3060.91	0.410503
3061.92	0.410675
3062.92	0.410848
3063.92	0.411063
3064.93	0.411149
3065.93	0.411336
3066.93	0.411437
3067.93	0.411595
3068.93	0.411695
3069.93	0.411925
3070.94	0.412112
3071.95	0.412213
3072.95	0.412299
3073.95	0.412486
3074.95	0.412586
3075.95	0.412672
3076.95	0.412787
3077.95	0.412931
3078.95	0.41296
3079.96	0.413132
3080.96	0.413261
3081.96	0.413391
3082.97	0.413477
3083.97	0.413606
3084.97	0.413851
3085.97	0.41398
3086.98	0.414109
3087.98	0.41421
3088.98	0.414353
3089.98	0.414511
3090.98	0.414684
3091.99	0.414885
3092.99	0.414943
3093.99	0.415029
3095	0.415201
3096	0.41533
3097	0.415445
3098	0.415589
3099	0.415733
3100	0.415805
3101	0.415948
3102.01	0.416078
3103.02	0.416264
3104.02	0.416394
3105.02	0.416552
3106.03	0.416624
3107.03	0.416695
3108.03	0.416839
3109.05	0.41694
3110.07	0.417069
3111.07	0.417184
3112.07	0.417313
3113.08	0.417399
3114.08	0.417557
3115.08	0.41773
3116.09	0.417816
3117.09	0.417902
3118.09	0.418017
3119.09	0.418147
3120.1	0.418261
3121.1	0.41842
3122.11	0.418606
3123.11	0.418764
3124.11	0.418894
3125.11	0.419066
3126.11	0.41931
3127.11	0.419382
3128.12	0.419526
3129.12	0.419641
3130.12	0.419799
3131.12	0.419957
3132.13	0.420043
3133.14	0.420129
3134.14	0.420259
3135.15	0.420417
3136.16	0.420575
3137.16	0.42069
3138.16	0.420805
3139.17	0.420934
3140.17	0.421063
3141.17	0.421207
3142.17	0.421365
3143.17	0.421509
3144.18	0.421624
3145.19	0.42171
3146.19	0.421853
3147.2	0.422141
3148.21	0.422256
3149.22	0.422385
3150.22	0.422529
3151.22	0.422701
3152.22	0.422816
3153.22	0.422917
3154.23	0.422989
3155.23	0.423118
3156.23	0.423247
3157.24	0.423319
3158.24	0.423434
3159.25	0.423506
3160.27	0.423621
3161.27	0.423693
3162.28	0.423851
3163.28	0.423994
3164.3	0.424095
3165.3	0.42421
3166.3	0.424368
3167.3	0.424483
3168.3	0.424569
3169.3	0.424713
3170.3	0.424856
3171.31	0.424971
3172.31	0.425187
3173.31	0.425287
3174.31	0.425417
3175.33	0.425503
3176.33	0.42569
3177.34	0.425805
3178.34	0.425948
3179.35	0.426121
3180.35	0.426207
3181.35	0.426322
3182.36	0.426394
3183.36	0.426566
3184.36	0.426681
3185.37	0.426825
3186.37	0.426897
3187.37	0.426968
3188.37	0.427098
3189.37	0.427227
3190.38	0.427342
3191.39	0.427457
3192.39	0.427586
3193.4	0.427629
3194.4	0.427701
3195.4	0.427816
3196.4	0.42796
3197.41	0.428089
3198.42	0.428276
3199.42	0.428434
3200.43	0.428563
3201.43	0.428693
3202.44	0.428822
3203.44	0.428951
3204.45	0.429066
3205.45	0.429181
3206.46	0.429239
3207.48	0.429339
3208.49	0.429483
3209.5	0.429612
3210.5	0.429842
3211.5	0.429971
3212.51	0.430043
3213.51	0.430057
3214.52	0.430244
3215.52	0.430316
3216.53	0.430374
3217.53	0.430489
3218.55	0.430603
3219.55	0.430733
3220.56	0.430819
3221.57	0.430905
3222.57	0.43102
3223.58	0.431078
3224.58	0.431221
3225.59	0.431322
3226.59	0.431408
3227.59	0.431552
3228.6	0.431681
3229.6	0.431868
3230.6	0.431925
3231.6	0.432055
3232.6	0.432213
3233.61	0.432356
3234.62	0.432471
3235.62	0.432629
3236.62	0.432759
3237.63	0.432888
3238.63	0.432974
3239.64	0.43306
3240.64	0.433218
3241.64	0.433319
3242.64	0.433434
3243.64	0.433606
3244.65	0.433707
3245.65	0.433764
3246.65	0.433807
3247.66	0.433951
3248.66	0.434095
3249.67	0.434181
3250.67	0.434267
3251.68	0.434483
3252.69	0.434655
3253.69	0.43477
3254.69	0.434899
3255.71	0.434971
3256.71	0.435172
3257.71	0.435201
3258.71	0.435316
3259.71	0.435445
3260.72	0.43556
3261.72	0.435618
3262.73	0.435805
3263.74	0.435848
3264.74	0.435977
3265.75	0.436149
3266.75	0.436221
3267.75	0.436437
3268.76	0.436451
3269.76	0.436609
3270.76	0.436667
3271.76	0.436796
3272.77	0.436897
3273.78	0.436968
3274.78	0.437098
3275.79	0.437213
3276.79	0.437371
3277.79	0.437471
3278.8	0.437644
3279.8	0.437802
3280.8	0.437917
3281.81	0.438003
3282.81	0.438118
3283.81	0.438233
3284.81	0.438276
3285.81	0.438391
3286.81	0.438491
3287.82	0.438592
3288.82	0.438736
3289.83	0.438879
3290.83	0.439109
3291.83	0.439181
3292.83	0.43931
3293.84	0.439425
3294.84	0.439483
3295.85	0.439569
3296.86	0.43967
3297.86	0.439871
3298.87	0.439885
3299.87	0.44
3300.87	0.440144
3301.88	0.440287
3302.88	0.440359
3303.88	0.440388
3304.89	0.440474
3305.89	0.440661
3306.89	0.440833
3307.89	0.440963
3308.9	0.441092
3309.9	0.441178
3310.91	0.441307
3311.91	0.441365
3312.91	0.441523
3313.91	0.441552
3314.91	0.441638
3315.92	0.441796
3316.92	0.441925
3317.92	0.442055
3318.92	0.442184
3319.92	0.44227
3320.93	0.442342
3321.94	0.442414
3322.95	0.442543
3323.95	0.442615
3324.95	0.442773
3325.95	0.442859
3326.96	0.443003
3327.97	0.443103
3328.97	0.443147
3330.02	0.44329
3331.02	0.443434
3332.02	0.443578
3333.02	0.443635
3334.03	0.443693
3335.03	0.443807
3336.03	0.443922
3337.03	0.44408
3338.04	0.444195
3339.04	0.444296
3340.04	0.444397
3341.05	0.444483
3342.05	0.444583
3343.06	0.444698
3344.06	0.444756
3345.06	0.444828
3346.07	0.444899
3347.07	0.444971
3348.07	0.445057
3349.08	0.445187
3350.08	0.445316
3351.08	0.44546
3352.09	0.445546
3353.09	0.445733
3354.11	0.445819
3355.12	0.445934
3356.12	0.446034
3357.12	0.446121
3358.13	0.446149
3359.14	0.446264
3360.14	0.446365
3361.14	0.44648
3362.14	0.44671
3363.15	0.44681
3364.15	0.446983
3365.15	0.447126
3366.15	0.447213
3367.16	0.447284
3368.16	0.447385
3369.16	0.447529
3370.17	0.447701
3371.17	0.44773
3372.17	0.447888
3373.17	0.447989
3374.18	0.44806
3375.19	0.448175
3376.19	0.44829
3377.2	0.44842
3378.2	0.448491
3379.21	0.448578
3380.22	0.448664
3381.22	0.44875
3382.23	0.448865
3383.24	0.449009
3384.24	0.449124
3385.24	0.44921
3386.25	0.449368
3387.25	0.449425
3388.25	0.449483
3389.25	0.44954
3390.25	0.449655
3391.26	0.449799
3392.26	0.449899
3393.27	0.450115
3394.27	0.450273
3395.27	0.450345
3396.27	0.450517
3397.27	0.450632
3398.29	0.450704
3399.29	0.450761
3400.3	0.450833
3401.3	0.450977
3402.31	0.451034
3403.31	0.451106
3404.31	0.45125
3405.31	0.451394
3406.31	0.451451
3407.32	0.451552
3408.32	0.451624
3409.33	0.451667
3410.34	0.451782
3411.34	0.451882
3412.35	0.45204
3413.35	0.452126
3414.35	0.452227
3415.36	0.452385
3416.37	0.452586
3417.37	0.452629
3418.37	0.452759
3419.37	0.452845
3420.38	0.45296
3421.38	0.453089
3422.38	0.453204
3423.39	0.453376
3424.39	0.453506
3425.39	0.453563
3426.39	0.453649
3427.4	0.453664
3428.4	0.453793
3429.41	0.453836
3430.41	0.453908
3431.42	0.453951
3432.42	0.454037
3433.43	0.45408
3434.44	0.454167
3435.44	0.454368
3436.45	0.454511
3437.45	0.454626
3438.45	0.454713
3439.46	0.454756
3440.46	0.454856
3441.46	0.454957
3442.46	0.455043
3443.47	0.455115
3444.47	0.455244
3445.47	0.455374
3446.47	0.455431
3447.48	0.455546
3448.48	0.455589
3449.48	0.455718
3450.49	0.455761
3451.49	0.455833
3452.49	0.455905
3453.49	0.455963
3454.5	0.456063
3455.5	0.456149
3456.5	0.456264
3457.51	0.456422
3458.51	0.456537
3459.51	0.456609
3460.51	0.456681
3461.52	0.456782
3462.52	0.45681
3463.52	0.456911
3464.52	0.45704
3465.53	0.457227
3466.53	0.457428
3467.54	0.457629
3468.54	0.457744
3469.54	0.457845
3470.54	0.457902
3471.55	0.458003
3472.55	0.458132
3473.55	0.458261
3474.55	0.458305
3475.56	0.458305
3476.56	0.458376
3477.56	0.458463
3478.56	0.458606
3479.57	0.458736
3480.58	0.458836
3481.59	0.458894
3482.59	0.459009
3483.6	0.459109
3484.6	0.459224
3485.6	0.459353
3486.61	0.459483
3487.61	0.459626
3488.62	0.459784
3489.62	0.459899
3490.62	0.460014
3491.63	0.460086
3492.63	0.460187
3493.63	0.46023
3494.65	0.46033
3495.65	0.460402
3496.66	0.460489
3497.68	0.46056
3498.69	0.460661
3499.69	0.460819
3500.7	0.460905
3501.7	0.461034
3502.71	0.461135
3503.71	0.46125
3504.71	0.461365
3505.71	0.461566
3506.71	0.461652
3507.72	0.461739
3508.72	0.461796
3509.73	0.461839
3510.73	0.461968
3511.74	0.462126
3512.76	0.462256
3513.76	0.462342
3514.76	0.462443
3515.76	0.462586
3516.76	0.462644
3517.76	0.462672
3518.77	0.462787
3519.77	0.46283
3520.77	0.462917
3521.77	0.462974
3522.78	0.463032
3523.78	0.463089
3524.79	0.463161
3525.8	0.463218
3526.8	0.46329
3527.8	0.463405
3528.81	0.463463
3529.82	0.463549
3530.82	0.463693
3531.82	0.463779
3532.83	0.463851
3533.83	0.463922
3534.84	0.464009
3535.84	0.464095
3536.84	0.464224
3537.84	0.46431
3538.84	0.464468
3539.85	0.464497
3540.85	0.464612
3541.85	0.46477
3542.85	0.464828
3543.85	0.464928
3544.85	0.464957
3545.86	0.465029
3546.86	0.465158
3547.86	0.46533
3548.87	0.465417
3549.87	0.465575
3550.88	0.465733
3551.88	0.465862
3552.88	0.465934
3553.89	0.466049
3554.91	0.466106
3555.91	0.466193
3556.91	0.466351
3557.92	0.466437
3558.92	0.466466
3559.92	0.466652
3560.92	0.466796
3561.93	0.466882
3562.93	0.466983
3563.94	0.467083
3564.95	0.467141
3565.95	0.467184
3566.95	0.467284
3567.96	0.467299
3568.96	0.467471
3569.96	0.467601
3570.96	0.467716
3571.97	0.467773
3572.97	0.467859
3573.97	0.467989
3574.98	0.468075
3575.98	0.468233
3577	0.46829
3578	0.468376
3579.01	0.46852
3580.01	0.468635
3581.02	0.468736
3582.02	0.468807
3583.02	0.468908
3584.02	0.469037
3585.03	0.469124
3586.03	0.469167
3587.03	0.469267
3588.05	0.469325
3589.05	0.469411
3590.05	0.469454
3591.06	0.469526
3592.06	0.469583
3593.07	0.469684
3594.07	0.469741
3595.08	0.469856
3596.08	0.469971
3597.09	0.470101
3598.1	0.470216
3599.1	0.470302
3600.1	0.470374
3601.1	0.470517
3602.1	0.470647
3603.11	0.470718
3604.11	0.47079
3605.12	0.470876
3606.12	0.471034
3607.12	0.471092
3608.12	0.471221
3609.13	0.471322
3610.13	0.471336
3611.13	0.471394
3612.13	0.47148
3613.14	0.47158
3614.14	0.471724
3615.16	0.471767
3616.16	0.471882
3617.17	0.47194
3618.17	0.472011
3619.18	0.472055
3620.18	0.472141
3621.19	0.472299
3622.2	0.472385
3623.2	0.472414
3624.2	0.4725
3625.21	0.472557
3626.22	0.472744
3627.22	0.472859
3628.22	0.473003
3629.22	0.473075
3630.23	0.473147
3631.23	0.473204
3632.23	0.473233
3633.23	0.473333
3634.23	0.473463
3635.24	0.473549
3636.25	0.473592
3637.25	0.473635
3638.25	0.473693
3639.25	0.473736
3640.26	0.473836
3641.26	0.473908
3642.26	0.474023
3643.27	0.474124
3644.27	0.474239
3645.27	0.474325
3646.27	0.474468
3647.28	0.474555
3648.28	0.474641
3649.28	0.47467
3650.29	0.474799
3651.29	0.474856
3652.29	0.474957
3653.29	0.475029
3654.3	0.475144
3655.3	0.47523
3656.31	0.475273
3657.31	0.475474
3658.31	0.475603
3659.32	0.47569
3660.33	0.475776
3661.33	0.475833
3662.34	0.475905
3663.35	0.475991
3664.36	0.476121
3665.37	0.476221
3666.37	0.476307
3667.37	0.476451
3668.37	0.476537
3669.38	0.476537
3670.38	0.476595
3671.38	0.476695
3672.4	0.47681
3673.4	0.476853
3674.4	0.476968
3675.4	0.477069
3676.41	0.47717
3677.41	0.477299
3678.42	0.477414
3679.42	0.477471
3680.43	0.477529
3681.43	0.477644
3682.44	0.47773
3683.44	0.47783
3684.44	0.477888
3685.45	0.477989
3686.45	0.478075
3687.45	0.478132
3688.45	0.478218
3689.45	0.478319
3690.45	0.478348
3691.46	0.478448
3692.47	0.478549
3693.49	0.478635
3694.49	0.478678
3695.5	0.478764
3696.51	0.478879
3697.51	0.478966
3698.51	0.479023
3699.53	0.479167
3700.54	0.479397
3701.54	0.479454
3702.54	0.479555
3703.54	0.479626
3704.54	0.479684
3705.55	0.479756
3706.55	0.479856
3707.55	0.479957
3708.56	0.480029
3709.57	0.480144
3710.57	0.480158
3711.58	0.48023
3712.58	0.480302
3713.58	0.480417
3714.59	0.480474
3715.59	0.480546
3716.59	0.480603
3717.59	0.480647
3718.6	0.48069
3719.61	0.480747
3720.61	0.480876
3721.63	0.480948
3722.63	0.48102
3723.64	0.481121
3724.64	0.481221
3725.64	0.481336
3726.65	0.481422
3727.65	0.481509
3728.65	0.481552
3729.66	0.481638
3730.67	0.481739
3731.67	0.481839
3732.68	0.481897
3733.68	0.482011
3734.7	0.482083
3735.7	0.482184
3736.71	0.482241
3737.71	0.482313
3738.71	0.482371
3739.72	0.4825
3740.72	0.482601
3741.73	0.482644
3742.74	0.482859
3743.74	0.482931
3744.74	0.482945
3745.75	0.483003
3746.75	0.483175
3747.75	0.483261
3748.77	0.483376
3749.78	0.483434
3750.78	0.483578
3751.78	0.483678
3752.79	0.483779
3753.79	0.483922
3754.79	0.483994
3755.8	0.48408
3756.8	0.484167
3757.8	0.484267
3758.8	0.484368
3759.81	0.484411
3760.81	0.484526
3761.82	0.484569
3762.82	0.484655
3763.82	0.484756
3764.83	0.484871
3765.83	0.484986
3766.83	0.485129
3767.85	0.485201
3768.86	0.485359
3769.86	0.48546
3770.87	0.485503
3771.87	0.48556
3772.88	0.485704
3773.88	0.485776
3774.89	0.485905
3775.89	0.485977
3776.89	0.486078
3777.9	0.486149
3778.91	0.486207
3779.91	0.486322
3780.91	0.486394
3781.91	0.486537
3782.92	0.486595
3783.92	0.486695
3784.92	0.486796
3785.93	0.486954
3786.93	0.486997
3787.94	0.48704
3788.94	0.487141
3789.94	0.487213
3790.94	0.48727
3791.95	0.487356
3792.95	0.487414
3793.95	0.487514
3794.95	0.487529
3795.96	0.48773
3796.96	0.487759
3797.96	0.48783
3798.97	0.487931
3799.99	0.487989
3800.99	0.48806
3802	0.488147
3803.03	0.488233
3804.03	0.488376
3805.03	0.488477
3806.03	0.488549
3807.04	0.488592
3808.05	0.488635
3809.05	0.48875
3810.06	0.488836
3811.06	0.488922
3812.06	0.48898
3813.07	0.489152
3814.07	0.489195
3815.07	0.489296
3816.07	0.489325
3817.07	0.489425
3818.08	0.489511
3819.08	0.489569
3820.08	0.489626
3821.08	0.489741
3822.09	0.48977
3823.09	0.489842
3824.09	0.49
3825.09	0.490057
3826.1	0.490129
3827.11	0.490187
3828.11	0.49023
3829.11	0.490302
3830.13	0.490345
3831.14	0.490445
3832.14	0.49056
3833.15	0.490603
3834.15	0.490704
3835.16	0.490761
3836.16	0.490876
3837.17	0.490991
3838.17	0.491106
3839.17	0.491178
3840.18	0.491264
3841.18	0.491336
3842.18	0.491408
3843.18	0.491509
3844.18	0.491566
3845.19	0.49171
3846.19	0.491825
3847.19	0.491925
3848.19	0.49204
3849.2	0.49217
3850.2	0.49227
3851.2	0.492328
3852.2	0.492443
3853.2	0.492586
3854.2	0.492658
3855.21	0.492773
3856.22	0.492902
3857.23	0.492945
3858.23	0.493032
3859.23	0.493218
3860.25	0.49329
3861.26	0.49342
3862.26	0.493563
3863.27	0.493693
3864.27	0.493836
3865.28	0.493908
3866.28	0.493937
3867.28	0.494037
3868.28	0.494138
3869.29	0.494224
3870.29	0.494296
3871.3	0.494339
3872.31	0.494368
3873.32	0.494483
3874.32	0.494655
3875.32	0.494727
3876.32	0.494813
3877.32	0.494899
3878.33	0.494971
3879.34	0.495086
3880.34	0.495216
3881.34	0.495273
3882.35	0.495374
3883.35	0.495402
3884.35	0.495474
3885.36	0.495532
3886.36	0.495603
3887.36	0.495718
3888.37	0.495891
3889.38	0.495977
3890.38	0.496078
3891.38	0.496149
3892.39	0.496279
3893.41	0.496307
3894.41	0.496379
3895.41	0.496466
3896.42	0.496537
3897.42	0.496624
3898.43	0.496695
3899.44	0.496767
3900.45	0.496796
3901.45	0.49694
3902.45	0.497011
3903.46	0.497055
3904.47	0.497126
3905.47	0.497241
3906.48	0.497313
3907.49	0.497399
3908.49	0.497443
3909.49	0.497543
3910.49	0.497629
3911.51	0.497672
3912.51	0.497687
3913.51	0.497716
3914.52	0.497816
3915.52	0.497874
3916.52	0.497945
3917.53	0.497974
3918.53	0.498017
3919.54	0.498075
3920.54	0.498075
3921.54	0.498132
3922.54	0.498175
3923.54	0.498233
3924.54	0.49829
3925.56	0.498376
3926.56	0.498463
3927.56	0.498506
3928.57	0.498578
3929.57	0.498649
3930.57	0.498678
3931.59	0.498693
3932.59	0.498793
3933.61	0.498836
3934.62	0.498908
3935.63	0.499009
3936.63	0.499066
3937.64	0.499152
3938.65	0.49921
3939.65	0.499224
3940.66	0.49931
3941.66	0.49931
3942.67	0.499353
3943.67	0.499425
3944.67	0.499483
3945.67	0.499555
3946.67	0.499612
3947.68	0.499655
3948.7	0.499741
3949.7	0.499799
3950.7	0.499871
3951.71	0.499971
3952.71	0.5
3953.71	0.500086
3954.72	0.500201
3955.72	0.500273
3956.72	0.50033
3957.72	0.500388
3958.73	0.50046
3959.73	0.50056
3960.73	0.500704
3961.73	0.500819
3962.73	0.500963
3963.74	0.50102
3964.74	0.501135
3965.74	0.501164
3966.74	0.50125
3967.74	0.501293
3968.75	0.501379
3969.75	0.501523
3970.75	0.501609
3971.76	0.501753
3972.76	0.501782
3973.76	0.501882
3974.79	0.501968
3975.79	0.502069
3976.79	0.50217
3977.8	0.502227
3978.8	0.50227
3979.8	0.502328
3980.8	0.502443
3981.81	0.502457
3982.82	0.502629
3983.82	0.502644
3984.82	0.502759
3985.83	0.502802
3986.83	0.502931
3987.83	0.502974
3988.83	0.503075
3989.84	0.503132
3990.84	0.503161
3991.84	0.50319
3992.84	0.503261
3993.84	0.503362
3994.85	0.503391
3995.85	0.503491
3996.85	0.503606
3997.88	0.503664
3998.88	0.503721
3999.89	0.503807
