time	scale_fac	average kmc radical concentration	ode radical concentration
0.050668  25.6315 6.70977e-05 2.61778e-06 1111111
10.1023  38.5245 1.55035e-05 4.02431e-07 0.231058
20.1086  36.4072 1.15188e-05 3.16389e-07 0.171673
30.1423  47.0754 1.29195e-05 2.74442e-07 0.192547
40.1499  40.3338 1.0004e-05 2.48031e-07 0.149096
50.151  39.8938 9.1451e-06 2.29236e-07 0.136295
60.2472  34.0682 7.31674e-06 2.14767e-07 0.109046
70.3221  29.6747 6.03131e-06 2.03248e-07 0.0898884
80.3562  28.7276 5.56694e-06 1.93784e-07 0.0829677
90.3935  27.4502 5.09971e-06 1.8578e-07 0.0760042
100.414  30.0568 5.37706e-06 1.78896e-07 0.0801377
110.438  32.2475 5.57476e-06 1.72874e-07 0.0830842
120.471  32.9543 5.52106e-06 1.67537e-07 0.0822839
130.519  38.1388 6.20737e-06 1.62758e-07 0.0925124
140.522  31.0128 4.91445e-06 1.58465e-07 0.0732432
150.553  25.2023 3.8951e-06 1.54553e-07 0.0580512
160.597  25.5044 3.85044e-06 1.50971e-07 0.0573855
170.606  22.8888 3.38041e-06 1.47688e-07 0.0503804
180.62  18.4365 2.66688e-06 1.44652e-07 0.0397462
190.733  18.2567 2.58892e-06 1.41807e-07 0.0385844
200.803  18.6112 2.59007e-06 1.39167e-07 0.0386015
210.828  19.5822 2.67709e-06 1.3671e-07 0.0398984
220.828  21.8501 2.93689e-06 1.34411e-07 0.0437703
230.837  20.3138 2.68639e-06 1.32244e-07 0.040037
240.84  20.185 2.62812e-06 1.30202e-07 0.0391686
250.853  21.4933 2.7569e-06 1.28268e-07 0.0410878
260.874  24.5628 3.10555e-06 1.26433e-07 0.046284
270.893  29.293 3.65259e-06 1.24691e-07 0.0544369
280.906  32.0075 3.93802e-06 1.23034e-07 0.0586909
290.918  39.7788 4.83133e-06 1.21455e-07 0.0720044
300.954  42.4913 5.09655e-06 1.19943e-07 0.0759571
310.96  53.314 6.31782e-06 1.18502e-07 0.0941585
321.025  67.2868 7.88019e-06 1.17114e-07 0.117444
331.032  73.4242 8.50178e-06 1.1579e-07 0.126707
341.046  102.791 1.17714e-05 1.14518e-07 0.175436
351.053  133.026 1.50712e-05 1.13296e-07 0.224616
361.066  177.009 1.98461e-05 1.12119e-07 0.295779
371.078  218.997 2.43054e-05 1.10985e-07 0.362239
381.127  290.479 3.19201e-05 1.09888e-07 0.475725
391.234  349.158 3.79962e-05 1.08822e-07 0.566282
401.234  426.636 4.59931e-05 1.07804e-07 0.685464
411.236  532.305 5.68604e-05 1.06819e-07 0.847427
421.29  584.56 6.1882e-05 1.05861e-07 0.922268
431.297  748.851 7.85822e-05 1.04937e-07 1.17116
441.333  893.663 9.29758e-05 1.04039e-07 1.38568
451.334  942.45 9.72336e-05 1.03171e-07 1.44913
461.339  909.32 9.30491e-05 1.02328e-07 1.38677
471.339  879.3 8.92576e-05 1.0151e-07 1.33026
481.344  924.305 9.30905e-05 1.00714e-07 1.38739
491.347  903.864 9.03325e-05 9.99404e-08 1.34628
501.356  941.828 9.34172e-05 9.91871e-08 1.39226
511.436  874.946 8.61373e-05 9.84486e-08 1.28376
521.451  1000.93 9.78252e-05 9.7734e-08 1.45795
531.455  1055.73 0.000102446 9.70383e-08 1.52682
541.466  964.164 9.29064e-05 9.63595e-08 1.38464
551.472  1085.27 0.000103858 9.56978e-08 1.54786
561.498  1115.77 0.000106055 9.50507e-08 1.5806
571.501  1239.17 0.000117002 9.44202e-08 1.74376
581.506  1292.54 0.000121246 9.38044e-08 1.807
591.519  1432.76 0.000133537 9.32021e-08 1.99018
601.527  1506.22 0.000139497 9.26137e-08 2.07901
611.53  1321.01 0.000121584 9.20386e-08 1.81204
621.532  1548.94 0.000141691 9.1476e-08 2.11172
631.539  1613.42 0.0001467 9.09252e-08 2.18637
641.543  1573.41 0.000142215 9.03862e-08 2.11952
651.603  1606.84 0.000144383 8.98554e-08 2.15184
661.608  1549.52 0.000138432 8.93383e-08 2.06314
671.613  1460.48 0.000129737 8.88317e-08 1.93355
681.62  1208.41 0.000106744 8.83349e-08 1.59088
691.622  1191.01 0.000104628 8.78481e-08 1.55934
701.623  1243.73 0.000108665 8.73708e-08 1.61951
711.635  1126.6 9.79037e-05 8.6902e-08 1.45912
721.643  1061.21 9.17335e-05 8.64421e-08 1.36716
731.647  1162.51 9.99653e-05 8.59909e-08 1.48985
741.648  1162.33 9.94351e-05 8.55481e-08 1.48195
751.664  1064.87 9.06339e-05 8.51126e-08 1.35077
761.759  1085.7 9.19386e-05 8.46814e-08 1.37022
771.766  1013.36 8.5387e-05 8.42616e-08 1.27258
781.8  1019.69 8.54985e-05 8.38479e-08 1.27424
791.96  1024.57 8.54867e-05 8.34362e-08 1.27406
802.023  1099.5 9.12971e-05 8.30354e-08 1.36066
812.037  1157.95 9.56966e-05 8.26432e-08 1.42623
822.05  1156.68 9.51453e-05 8.22575e-08 1.41801
832.063  1172.63 9.6013e-05 8.18781e-08 1.43094
842.099  1357.52 0.000110643 8.15039e-08 1.64898
852.147  1314.59 0.000106659 8.11352e-08 1.58961
862.264  1230.66 9.94002e-05 8.07698e-08 1.48142
872.265  1264.95 0.00010172 8.04143e-08 1.516
882.269  1281.41 0.000102595 8.00641e-08 1.52904
892.284  1264.15 0.000100776 7.97188e-08 1.50193
902.303  1325.22 0.000105194 7.93786e-08 1.56778
912.313  1446.25 0.000114317 7.90437e-08 1.70374
922.326  1461.71 0.000115057 7.87136e-08 1.71476
932.327  1521.39 0.00011926 7.83887e-08 1.7774
942.365  1589.88 0.000124118 7.80673e-08 1.8498
952.383  1580.03 0.000122849 7.7751e-08 1.83089
962.389  1516 0.000117398 7.74396e-08 1.74966
972.41  1541.21 0.000118877 7.71321e-08 1.77169
982.422  1564.47 0.000120197 7.68291e-08 1.79137
992.431  1713.37 0.000131125 7.65302e-08 1.95423
1002.45  1919.62 0.000146342 7.62352e-08 2.18103
1012.45  1884.65 0.000143129 7.59446e-08 2.13314
1022.47  2084.06 0.000157675 7.56573e-08 2.34993
1032.47  2112.16 0.000159203 7.53743e-08 2.3727
1042.47  2085.24 0.000156591 7.50949e-08 2.33378
1052.47  2304.38 0.000172411 7.48192e-08 2.56956
1062.51  2326.29 0.000173415 7.45459e-08 2.58452
1072.53  2397.72 0.000178095 7.42767e-08 2.65426
1082.53  2471.43 0.000182913 7.40112e-08 2.72607
1092.58  2393.98 0.000176551 7.37478e-08 2.63125
1102.58  2479.38 0.000182207 7.34889e-08 2.71555
1112.58  2609.46 0.000191098 7.32329e-08 2.84806
1122.58  2802.35 0.000204516 7.29802e-08 3.04803
1132.59  2957.36 0.00021509 7.27303e-08 3.20562
1142.6  2979.99 0.000216 7.24835e-08 3.21919
1152.61  3024.17 0.000218464 7.22394e-08 3.25591
1162.61  3118.96 0.00022456 7.19983e-08 3.34676
1172.63  3125.5 0.000224284 7.17596e-08 3.34265
1182.65  3041.35 0.000217529 7.15238e-08 3.24198
1192.66  3292.76 0.000234743 7.12907e-08 3.49853
1202.66  3193.83 0.000226954 7.10604e-08 3.38245
1212.69  3122.91 0.000221203 7.08321e-08 3.29672
1222.69  2767.89 0.000195433 7.0607e-08 2.91266
1232.71  2504.69 0.00017629 7.0384e-08 2.62737
1242.71  2249.87 0.000157859 7.01636e-08 2.35268
1252.71  1859.92 0.000130094 6.99458e-08 1.93887
1262.72  1926.45 0.000134331 6.97301e-08 2.00203
1272.79  1784 0.000124016 6.95155e-08 1.84828
1282.8  1860.85 0.000128965 6.93043e-08 1.92205
1292.8  1804.18 0.000124661 6.90955e-08 1.8579
1302.81  1944.72 0.000133969 6.88888e-08 1.99663
1312.82  2136.02 0.000146711 6.86841e-08 2.18652
1322.83  2341.34 0.000160339 6.84815e-08 2.38963
1332.85  2229.88 0.000152258 6.82809e-08 2.2692
1342.87  2364.45 0.000160977 6.8082e-08 2.39914
1352.87  2066.57 0.000140291 6.78857e-08 2.09084
1362.91  2233.24 0.00015117 6.76907e-08 2.25298
1372.91  2415.04 0.000163011 6.74982e-08 2.42946
1382.93  2289.85 0.000154123 6.73073e-08 2.297
1392.93  2342.34 0.000157215 6.71185e-08 2.34307
1402.94  2392.42 0.000160129 6.69315e-08 2.3865
1412.95  2234.13 0.00014912 6.67463e-08 2.22242
1422.95  2236.48 0.000148866 6.65628e-08 2.21865
1432.96  2046.65 0.000135859 6.63811e-08 2.02479
1442.97  2356.83 0.000156025 6.62009e-08 2.32533
1452.98  2297.43 0.000151682 6.60226e-08 2.26061
1462.98  2338.05 0.000153951 6.5846e-08 2.29443
1472.98  2746.66 0.000180376 6.5671e-08 2.68825
1482.99  2938.1 0.000192438 6.54974e-08 2.86802
1493.03  3137.06 0.000204928 6.53249e-08 3.05418
1503.08  3460.78 0.000225483 6.51539e-08 3.36052
1513.15  2625.53 0.000170617 6.49839e-08 2.54282
1523.19  2650.13 0.000171771 6.4816e-08 2.56001
1533.22  3180.19 0.000205599 6.46499e-08 3.06418
1543.25  3283.8 0.000211756 6.44851e-08 3.15594
1553.26  3267.04 0.000210143 6.43222e-08 3.1319
1563.27  3233.23 0.000207446 6.41605e-08 3.0917
1573.27  3305.37 0.000211545 6.40005e-08 3.15279
1583.31  3063.08 0.000195551 6.38413e-08 2.91442
1593.31  3219.24 0.000205014 6.36839e-08 3.05546
1603.31  3062.93 0.000194581 6.35279e-08 2.89997
1613.32  3333.53 0.000211256 6.3373e-08 3.14848
1623.32  3354.28 0.000212057 6.32196e-08 3.16041
1633.33  3262.71 0.00020577 6.30673e-08 3.06672
1643.33  3542.61 0.000222889 6.29165e-08 3.32185
1653.35  3417.76 0.000214521 6.27666e-08 3.19715
1663.37  3548.96 0.000222228 6.26179e-08 3.31201
1673.39  3530.32 0.00022054 6.24703e-08 3.28686
1683.4  3602.56 0.000224527 6.23242e-08 3.34627
1693.44  3523.83 0.000219107 6.21787e-08 3.26549
1703.46  3745.47 0.000232349 6.20348e-08 3.46285
1713.46  3596.24 0.000222579 6.18921e-08 3.31724
1723.46  3417.56 0.000211037 6.17507e-08 3.14522
1733.47  3425.02 0.000211016 6.16102e-08 3.14491
1743.47  3426.52 0.000210631 6.14709e-08 3.13917
1753.47  3714.1 0.000227796 6.13327e-08 3.39498
1763.54  3572.63 0.000218626 6.11948e-08 3.25833
1773.54  3336.57 0.000203726 6.10587e-08 3.03626
1783.54  3434.11 0.000209218 6.09235e-08 3.11811
1793.55  3519 0.000213918 6.07894e-08 3.18816
1803.57  3527.24 0.000213949 6.06561e-08 3.18862
1813.58  3739.95 0.000226357 6.0524e-08 3.37354
1823.58  3781.71 0.000228389 6.0393e-08 3.40382
1833.59  3661.29 0.000220639 6.02628e-08 3.28833
1843.6  4117.89 0.000247623 6.01335e-08 3.69049
1853.66  4348.58 0.000260935 6.00046e-08 3.88888
1863.66  4456.21 0.000266826 5.98774e-08 3.97668
1873.66  4460.47 0.000266518 5.9751e-08 3.97208
1883.67  4552.26 0.000271431 5.96255e-08 4.0453
1893.69  4214.22 0.000250749 5.95008e-08 3.73708
1903.69  4392.16 0.000260794 5.93771e-08 3.88678
1913.7  4267.01 0.000252838 5.92542e-08 3.76821
1923.71  4249.73 0.000251296 5.91322e-08 3.74523
1933.72  4724.53 0.000278799 5.9011e-08 4.15512
1943.72  4179.95 0.000246161 5.88909e-08 3.66869
1953.75  4759 0.000279692 5.87711e-08 4.16843
1963.75  5076.61 0.000297756 5.86526e-08 4.43765
1973.75  5214.29 0.000305218 5.85349e-08 4.54886
1983.78  4931.73 0.0002881 5.84176e-08 4.29374
1993.79  4538.45 0.000264598 5.83014e-08 3.94347
2003.8  5024.27 0.000292342 5.8186e-08 4.35696
2013.82  5124.07 0.000297561 5.80711e-08 4.43474
2023.82  5314.74 0.000308028 5.79573e-08 4.59074
2033.84  4967.28 0.000287328 5.78442e-08 4.28223
2043.84  4580.96 0.000264467 5.77318e-08 3.94152
2053.87  4511.21 0.000259935 5.76199e-08 3.87398
2063.9  4320.38 0.00024846 5.75088e-08 3.70296
2073.94  4378.58 0.000251323 5.73983e-08 3.74563
2084.01  4104.36 0.000235131 5.72881e-08 3.50431
2094.02  3396.5 0.00019421 5.71794e-08 2.89443
2104.03  3665.03 0.000209168 5.70714e-08 3.11736
2114.05  3525.25 0.000200812 5.69639e-08 2.99283
2124.05  3574.61 0.000203243 5.68573e-08 3.02906
2134.05  3335.76 0.000189309 5.67514e-08 2.82139
2144.08  3394.78 0.0001923 5.66459e-08 2.86598
2154.1  3443.93 0.000194723 5.65411e-08 2.90209
2164.12  2931.87 0.000165466 5.6437e-08 2.46604
2174.13  2571.81 0.000144879 5.63336e-08 2.15923
2184.18  2195.76 0.000123469 5.62305e-08 1.84014
2194.19  2252.91 0.000126452 5.61283e-08 1.88459
2204.21  1960.86 0.000109861 5.60268e-08 1.63732
2214.21  1937.98 0.000108384 5.5926e-08 1.61531
2224.21  1730.89 9.66285e-05 5.58259e-08 1.44012
2234.22  1829.92 0.000101975 5.57263e-08 1.51979
2244.22  1534.32 8.535e-05 5.56274e-08 1.27203
2254.24  1573.77 8.73897e-05 5.55289e-08 1.30242
2264.25  1536.67 8.51793e-05 5.54311e-08 1.26948
2274.26  1567.59 8.67406e-05 5.53338e-08 1.29275
2284.27  1564.14 8.63987e-05 5.52372e-08 1.28765
2294.28  1612.94 8.89393e-05 5.51411e-08 1.32552
2304.3  1492.32 8.21454e-05 5.50455e-08 1.22427
2314.3  1606.06 8.82537e-05 5.49506e-08 1.3153
2324.34  1546.45 8.4832e-05 5.48559e-08 1.26431
2334.37  1574.35 8.62144e-05 5.47618e-08 1.28491
2344.4  1445.78 7.90384e-05 5.46683e-08 1.17796
2354.4  1281.98 6.99648e-05 5.45756e-08 1.04273
2364.42  1266.2 6.89869e-05 5.44832e-08 1.02816
2374.42  1231.59 6.69882e-05 5.43916e-08 0.998369
2384.49  1307.36 7.09896e-05 5.42998e-08 1.058
2394.49  1433.56 7.77121e-05 5.42092e-08 1.15819
2404.55  1396.56 7.55797e-05 5.41186e-08 1.12641
2414.6  1581.46 8.54439e-05 5.40286e-08 1.27342
2424.61  1671.59 9.01645e-05 5.39394e-08 1.34378
2434.65  1720.27 9.26374e-05 5.38505e-08 1.38064
2444.67  1812.66 9.74526e-05 5.37623e-08 1.4524
2454.68  1840.78 9.88031e-05 5.36746e-08 1.47253
2464.69  1848.13 9.90364e-05 5.35874e-08 1.476
2474.69  1833.22 9.80788e-05 5.35007e-08 1.46173
2484.7  1680.69 8.97733e-05 5.34145e-08 1.33795
2494.72  1569.3 8.36883e-05 5.33286e-08 1.24726
2504.73  774.834 0.000202582 2.61453e-07 3.01922
2514.74  764.448 0.000193984 2.53757e-07 2.89107
2524.74  776.922 0.000191768 2.46831e-07 2.85805
2534.74  827.505 0.000199054 2.40548e-07 2.96663
2544.75  827.031 0.000194192 2.34807e-07 2.89417
2554.75  814.692 0.000187 2.29535e-07 2.78699
2564.75  817.945 0.000183765 2.24666e-07 2.73876
2574.76  786.019 0.000173041 2.20149e-07 2.57895
2584.76  759.776 0.00016407 2.15946e-07 2.44525
2594.76  702.501 0.000148943 2.12019e-07 2.2198
2604.76  742.673 0.000154725 2.08336e-07 2.30597
2614.77  784.654 0.000160754 2.04873e-07 2.39582
2624.77  809.152 0.000163131 2.01607e-07 2.43124
2634.77  819.9 0.000162767 1.98521e-07 2.42582
2644.78  852.323 0.000166712 1.95598e-07 2.48462
2654.78  922.64 0.000177906 1.92823e-07 2.65145
2664.78  903.507 0.000171832 1.90183e-07 2.56092
2674.79  938.476 0.000176122 1.87668e-07 2.62486
2684.79  960.401 0.000177931 1.85268e-07 2.65182
2694.79  988.884 0.000180939 1.82973e-07 2.69665
2704.79  1029.8 0.000186164 1.80777e-07 2.77452
2714.79  1092.73 0.00019524 1.78672e-07 2.90978
2724.79  1163.54 0.000205541 1.76651e-07 3.06331
2734.79  1170.18 0.000204442 1.74709e-07 3.04692
2744.8  1353.49 0.000233938 1.7284e-07 3.48653
2754.8  1353.31 0.000231471 1.7104e-07 3.44976
2764.8  1449.99 0.000245491 1.69305e-07 3.6587
2774.81  1488.59 0.000249531 1.67629e-07 3.71892
2784.81  1520.86 0.000252481 1.66012e-07 3.76289
2794.82  1620.59 0.000266502 1.64448e-07 3.97186
2804.82  1818.36 0.000296274 1.62935e-07 4.41556
2814.83  2037.26 0.000328953 1.61468e-07 4.9026
2824.83  2201.7 0.00035238 1.60049e-07 5.25174
2834.83  2261.38 0.000358817 1.58672e-07 5.34769
2844.83  2470.93 0.000388766 1.57336e-07 5.79403
2854.84  2689.25 0.000419624 1.56038e-07 6.25392
2864.84  2863.67 0.000443231 1.54777e-07 6.60575
2874.86  2902.78 0.000445718 1.53548e-07 6.64281
2884.86  2893.76 0.000440883 1.52356e-07 6.57076
2894.87  3087.81 0.000466864 1.51196e-07 6.95797
2904.88  3139.01 0.000471053 1.50064e-07 7.0204
2914.88  3314.08 0.000493675 1.48963e-07 7.35755
2924.89  3283.86 0.000485648 1.47889e-07 7.23792
2934.89  3166.54 0.000464983 1.46842e-07 6.92994
2944.89  3136.68 0.000457395 1.45821e-07 6.81684
2954.89  3251.92 0.000470956 1.44824e-07 7.01896
2964.89  3213.9 0.00046232 1.4385e-07 6.89026
2974.9  3367.76 0.000481246 1.42898e-07 7.17232
2984.91  3453.51 0.000490289 1.41968e-07 7.30709
2994.91  3594.39 0.000507022 1.41059e-07 7.55647
3004.92  3795.93 0.000532074 1.4017e-07 7.92984
3014.92  4001.19 0.000557365 1.393e-07 8.30677
3024.92  3828.79 0.000530091 1.38448e-07 7.90028
3034.92  3873.13 0.000532999 1.37615e-07 7.94362
3044.92  3808.19 0.000520953 1.36798e-07 7.76409
3054.93  3822.92 0.00051991 1.35998e-07 7.74855
3064.93  4204.32 0.000568483 1.35214e-07 8.47247
3074.93  4565.11 0.000613757 1.34445e-07 9.14722
3084.94  4644.12 0.000620879 1.33691e-07 9.25335
3094.95  4812.2 0.00063979 1.32951e-07 9.5352
3104.95  4699.25 0.000621364 1.32226e-07 9.26059
3114.96  4754.28 0.000625256 1.31514e-07 9.31859
3124.97  4994.83 0.000653399 1.30815e-07 9.73802
3134.97  4934.9 0.000642173 1.30129e-07 9.57072
3144.97  5218.33 0.00067554 1.29455e-07 10.068
3154.97  5350.98 0.000689171 1.28793e-07 10.2712
3164.98  5635.07 0.000722094 1.28143e-07 10.7618
3174.98  5774.85 0.000736315 1.27504e-07 10.9738
3184.98  5723.63 0.000726189 1.26875e-07 10.8229
3194.98  5576.73 0.000704105 1.26258e-07 10.4937
3204.98  5536.78 0.000695698 1.2565e-07 10.3684
3214.98  5957 0.000744938 1.25053e-07 11.1023
3224.98  5699.39 0.000709372 1.24465e-07 10.5722
3234.99  5741.51 0.000711293 1.23886e-07 10.6009
3245  6176.1 0.000761611 1.23316e-07 11.3508
3255  5974.61 0.000733415 1.22755e-07 10.9306
3265.01  5939.38 0.000725812 1.22203e-07 10.8172
3275.01  6228.36 0.00075774 1.2166e-07 11.2931
3285.02  6583.93 0.000797471 1.21124e-07 11.8852
3295.02  6781.37 0.00081781 1.20597e-07 12.1884
3305.03  7024.9 0.000843531 1.20077e-07 12.5717
3315.03  7058.49 0.000843949 1.19565e-07 12.5779
3325.04  7060.14 0.000840582 1.1906e-07 12.5277
3335.04  6911.34 0.000819431 1.18563e-07 12.2125
3345.04  6719.31 0.000793369 1.18073e-07 11.8241
3355.04  6318.88 0.000743034 1.1759e-07 11.0739
3365.05  6354.88 0.000744236 1.17113e-07 11.0918
3375.05  6285.11 0.000733111 1.16642e-07 10.926
3385.05  6214.14 0.000721951 1.16179e-07 10.7597
3395.06  6564.34 0.000759633 1.15721e-07 11.3213
3405.06  6609.52 0.000761876 1.15269e-07 11.3547
3415.07  6909.68 0.000793397 1.14824e-07 11.8245
3425.07  6821.22 0.000780239 1.14384e-07 11.6284
3435.07  6743.74 0.00076845 1.1395e-07 11.4527
3445.08  6485.83 0.000736283 1.13522e-07 10.9733
3455.08  6190.95 0.00070019 1.13099e-07 10.4354
3465.09  6336.12 0.000713958 1.12681e-07 10.6406
3475.09  6448.36 0.000723946 1.12268e-07 10.7894
3485.09  6583.6 0.000736448 1.11861e-07 10.9758
3495.1  6667.37 0.000743136 1.11459e-07 11.0754
3505.11  6400.68 0.000710864 1.11061e-07 10.5945
3515.11  6489.19 0.000718146 1.10668e-07 10.703
3525.12  6474.07 0.000713958 1.1028e-07 10.6406
3535.13  6163.99 0.000677399 1.09896e-07 10.0957
3545.13  6047.3 0.000662282 1.09517e-07 9.87041
3555.14  6229.41 0.000679893 1.09142e-07 10.1329
3565.14  6002.04 0.000652855 1.08772e-07 9.72992
3575.14  5905.91 0.000640237 1.08406e-07 9.54187
3585.14  5743.14 0.000620515 1.08044e-07 9.24793
3595.14  5929.18 0.000638494 1.07687e-07 9.51588
3605.14  6273.93 0.000673399 1.07333e-07 10.0361
3615.16  6248.38 0.000668466 1.06982e-07 9.96258
3625.16  5986.15 0.000638342 1.06636e-07 9.51361
3635.17  6386.26 0.000678819 1.06294e-07 10.1169
3645.18  6294.83 0.000666969 1.05955e-07 9.94026
3655.18  6497.65 0.000686282 1.0562e-07 10.2281
3665.18  6243.85 0.000657406 1.05289e-07 9.79775
3675.19  6581.48 0.000690797 1.04961e-07 10.2954
3685.19  6547.78 0.000685134 1.04636e-07 10.211
3695.19  6877.54 0.000717431 1.04315e-07 10.6923
3705.19  6900.29 0.000717611 1.03997e-07 10.695
3715.19  6895.7 0.000714965 1.03683e-07 10.6556
3725.19  6989.21 0.000722484 1.03371e-07 10.7676
3735.21  6668.87 0.000687313 1.03063e-07 10.2435
3745.21  6333.82 0.000650848 1.02758e-07 9.70001
3755.21  6097.42 0.000624714 1.02455e-07 9.31051
3765.22  6399.28 0.000653725 1.02156e-07 9.74288
3775.22  6243.25 0.000635936 1.0186e-07 9.47776
3785.22  6796.35 0.000690281 1.01566e-07 10.2877
3795.23  6821.82 0.000690885 1.01276e-07 10.2967
3805.23  6760.47 0.000682726 1.00988e-07 10.1751
3815.24  7013.1 0.00070624 1.00703e-07 10.5255
3825.24  6864.39 0.000689325 1.00421e-07 10.2735
3835.24  6777.68 0.000678723 1.00141e-07 10.1154
3845.25  6494.27 0.000648541 9.98636e-08 9.66562
3855.26  6628.48 0.000660124 9.9589e-08 9.83825
3865.26  6602.64 0.000655754 9.93169e-08 9.77312
3875.27  6546.67 0.000648431 9.90474e-08 9.66398
3885.28  6835.33 0.000675195 9.87801e-08 10.0629
3895.28  7205.13 0.000709817 9.85155e-08 10.5789
3905.28  7658.85 0.000752507 9.82532e-08 11.2151
3915.29  7403.8 0.000725521 9.7993e-08 10.8129
3925.3  7092.76 0.000693211 9.77351e-08 10.3314
3935.31  6516.19 0.000635196 9.74797e-08 9.46674
3945.31  6402.32 0.000622475 9.72265e-08 9.27715
3955.31  6286.09 0.000609597 9.69755e-08 9.08521
3965.31  6358.23 0.000615011 9.67267e-08 9.1659
3975.31  6166.27 0.000594922 9.64801e-08 8.86651
3985.32  6305.81 0.000606842 9.62355e-08 9.04415
3995.32  6231.93 0.000598221 9.59929e-08 8.91566
