time	conversion
1.00004	0.00227112
2.0001	0.00353678
3.00029	0.00458635
4.00065	0.00553233
5.00065	0.00643118
6.00094	0.00723448
7.00096	0.00801336
8.00105	0.00870259
9.00176	0.0093681
10.002	0.00998103
11.0021	0.0105909
12.0022	0.0111705
13.0025	0.0117458
14.0026	0.0123027
15.0028	0.012868
16.0029	0.0133996
17.003	0.0138993
18.0031	0.0144145
19.0031	0.0149004
20.0032	0.015382
21.0033	0.0158392
22.0034	0.0163029
23.0034	0.0167624
24.0035	0.0172276
25.0035	0.0176858
26.0039	0.0181205
27.0039	0.0185368
28.0042	0.0189864
29.0049	0.0194059
30.0051	0.0198358
31.0053	0.0202736
32.0053	0.0206964
33.0056	0.0211099
34.0057	0.0215422
35.0058	0.0219504
36.0064	0.0223662
37.0064	0.0227845
38.0065	0.0231807
39.0065	0.0235631
40.0066	0.0239371
41.0069	0.0243279
42.0071	0.0247132
43.0072	0.0250934
44.0073	0.0254823
45.0073	0.0258332
46.0077	0.0262167
47.0079	0.0266136
48.0079	0.0269767
49.0079	0.0273734
50.0094	0.0277454
51.0094	0.0281266
52.0094	0.0284749
53.0096	0.0288284
54.0096	0.0291888
55.0098	0.0295359
56.0102	0.0298803
57.0102	0.0302422
58.0102	0.0305843
59.0103	0.0309138
60.0104	0.0312665
61.0106	0.0315937
62.0115	0.0319349
63.0118	0.0322662
64.0119	0.0325996
65.0124	0.0329228
66.0124	0.0332559
67.0132	0.0335886
68.0132	0.0339157
69.0134	0.0342491
70.0136	0.0345776
71.0136	0.0349083
72.0141	0.0352422
73.0141	0.0355503
74.0145	0.0358657
75.015	0.0361681
76.0152	0.0364723
77.0153	0.0367856
78.0155	0.03708
79.0157	0.0373784
80.0159	0.0376773
81.016	0.037954
82.0168	0.0382563
83.0171	0.0385527
84.0171	0.0388496
85.0174	0.0391434
86.0174	0.0394468
87.0175	0.0397418
88.0185	0.0400457
89.0185	0.0403445
90.0185	0.040633
91.0188	0.0409111
92.0192	0.0412178
93.0195	0.0415023
94.0199	0.0417799
95.0202	0.0420546
96.0204	0.0423218
97.0208	0.0425947
98.0209	0.0428658
99.0212	0.0431398
100.021	0.0434072
101.021	0.0436981
102.021	0.0439759
103.022	0.0442366
104.022	0.0444989
105.022	0.0447648
106.022	0.0450128
107.022	0.0452818
108.022	0.0455542
109.022	0.0458152
110.023	0.0460957
111.023	0.0463576
112.023	0.0466233
113.023	0.0468917
114.024	0.0471513
115.024	0.0473948
116.024	0.0476471
117.024	0.0479075
118.024	0.0481638
119.025	0.04843
120.025	0.0487066
121.025	0.0489652
122.025	0.0492434
123.025	0.0494973
124.026	0.0497529
125.026	0.0500233
126.026	0.0502682
127.026	0.0505073
128.026	0.0507507
129.026	0.050999
130.026	0.0512654
131.026	0.0515213
132.027	0.0517563
133.027	0.0519842
134.027	0.0522463
135.027	0.0524927
136.028	0.0527602
137.028	0.0529987
138.028	0.0532404
139.028	0.0534874
140.029	0.0537277
141.029	0.0539586
142.029	0.0541951
143.031	0.0544352
144.031	0.0546835
145.031	0.0549144
146.031	0.0551473
147.031	0.0553917
148.032	0.0556257
149.032	0.0558566
150.032	0.056092
151.032	0.0563221
152.032	0.0565649
153.032	0.0568073
154.032	0.0570257
155.033	0.0572556
156.033	0.0574922
157.033	0.0577006
158.034	0.0579226
159.034	0.0581471
160.034	0.0583816
161.034	0.0586047
162.035	0.0588234
163.035	0.0590559
164.035	0.0592836
165.035	0.0595213
166.036	0.0597481
167.036	0.0599776
168.036	0.0601993
169.036	0.0604295
170.036	0.0606582
171.036	0.0608895
172.036	0.061104
173.036	0.0613231
174.036	0.0615409
175.036	0.061771
176.037	0.0620011
177.037	0.0622106
178.037	0.0624151
179.037	0.0626201
180.037	0.0628407
181.038	0.0630704
182.038	0.0632875
183.038	0.0635042
184.038	0.0637286
185.038	0.0639474
186.039	0.0641595
187.039	0.0643658
188.039	0.064581
189.039	0.0647934
190.039	0.0650223
191.04	0.0652352
192.04	0.0654386
193.041	0.0656661
194.041	0.0658708
195.041	0.0660917
196.041	0.0663075
197.041	0.0665214
198.041	0.0667398
199.042	0.0669476
200.042	0.0671496
201.042	0.0673638
202.043	0.0675792
203.043	0.0677879
204.043	0.0679802
205.044	0.0682069
206.045	0.0684234
207.046	0.0686167
208.046	0.0688305
209.046	0.0690381
210.046	0.069244
211.046	0.0694487
212.046	0.0696437
213.048	0.0698464
214.048	0.0700504
215.048	0.0702549
216.048	0.0704619
217.048	0.0706698
218.048	0.070882
219.049	0.0710875
220.049	0.0713016
221.049	0.071502
222.049	0.0717042
223.049	0.0718953
224.05	0.0720882
225.05	0.0722899
226.05	0.0724978
227.05	0.0726993
228.05	0.0729052
229.05	0.0731158
230.051	0.0733109
231.051	0.0734961
232.051	0.073704
233.051	0.0739042
234.051	0.0740862
235.051	0.0742845
236.051	0.0744861
237.051	0.074679
238.051	0.0748764
239.052	0.0750573
240.052	0.0752438
241.052	0.0754368
242.052	0.0756362
243.052	0.0758297
244.053	0.0760213
245.054	0.0762205
246.054	0.0764036
247.054	0.0765891
248.055	0.0767899
249.055	0.076979
250.056	0.077171
251.056	0.0773621
252.056	0.0775397
253.056	0.0777253
254.056	0.077922
255.057	0.0781033
256.057	0.0783004
257.057	0.0784865
258.057	0.0786744
259.057	0.0788635
260.057	0.0790609
261.057	0.079252
262.058	0.0794326
263.058	0.0796284
264.058	0.0798122
265.058	0.0800042
266.058	0.0801849
267.058	0.0803697
268.058	0.0805674
269.058	0.0807545
270.059	0.0809362
271.059	0.081105
272.059	0.0812865
273.059	0.0814812
274.059	0.0816614
275.059	0.0818568
276.06	0.0820437
277.06	0.0822399
278.06	0.082422
279.06	0.0825951
280.06	0.0827749
281.061	0.0829517
282.061	0.0831374
283.061	0.0833228
284.061	0.0835102
285.061	0.0836912
286.061	0.083868
287.062	0.0840586
288.062	0.0842487
289.062	0.0844244
290.062	0.0846075
291.062	0.0847826
292.062	0.0849761
293.062	0.0851474
294.062	0.085327
295.063	0.0855095
296.063	0.0856766
297.064	0.0858589
298.064	0.086047
299.064	0.0862335
300.064	0.0864132
301.064	0.0865912
302.065	0.0867612
303.065	0.0869305
304.065	0.087102
305.065	0.0872784
306.065	0.0874566
307.066	0.0876375
308.066	0.087821
309.066	0.0879938
310.066	0.088156
311.066	0.0883296
312.066	0.0885078
313.066	0.0886786
314.067	0.088847
315.067	0.089024
316.067	0.089199
317.067	0.0893704
318.067	0.0895414
319.067	0.0897108
320.069	0.0898797
321.069	0.0900519
322.069	0.0902253
323.069	0.0903976
324.069	0.090573
325.069	0.0907447
326.069	0.0909223
327.069	0.0910917
328.069	0.0912693
329.069	0.0914348
330.069	0.0916099
331.07	0.0917902
332.071	0.0919514
333.071	0.0921239
334.071	0.0922899
335.071	0.0924599
336.071	0.0926261
337.071	0.0927925
338.071	0.0929575
339.071	0.0931305
340.073	0.0932908
341.073	0.0934616
342.073	0.0936313
343.074	0.0937918
344.074	0.0939619
345.074	0.0941382
346.074	0.0943116
347.075	0.0944802
348.075	0.0946487
349.075	0.0948184
350.075	0.094968
351.075	0.0951323
352.076	0.095293
353.076	0.0954593
354.076	0.0956168
355.077	0.095771
356.077	0.0959338
357.077	0.0960901
358.077	0.0962481
359.078	0.0964158
360.078	0.0965718
361.078	0.0967372
362.078	0.0968912
363.078	0.0970592
364.078	0.0972244
365.078	0.0973823
366.079	0.0975513
367.079	0.097721
368.079	0.0978756
369.079	0.0980407
370.08	0.0981954
371.08	0.098353
372.08	0.098508
373.08	0.0986739
374.08	0.0988489
375.081	0.0990191
376.082	0.099176
377.082	0.099344
378.082	0.0995141
379.082	0.0996733
380.082	0.0998358
381.082	0.0999885
382.083	0.100155
383.083	0.100315
384.083	0.100471
385.083	0.100626
386.083	0.100791
387.084	0.100948
388.084	0.101109
389.084	0.101257
390.085	0.101422
391.085	0.101581
392.085	0.101731
393.086	0.101893
394.086	0.102049
395.086	0.102212
396.087	0.10237
397.087	0.102525
398.087	0.102678
399.088	0.102837
400.088	0.102997
401.089	0.103162
402.09	0.103313
403.09	0.103469
404.09	0.103628
405.09	0.103787
406.09	0.103934
407.09	0.104089
408.091	0.104243
409.091	0.104394
410.091	0.104549
411.091	0.104698
412.092	0.104847
413.092	0.105006
414.092	0.105148
415.093	0.105311
416.094	0.105458
417.094	0.105607
418.094	0.105753
419.094	0.105913
420.094	0.106061
421.094	0.106218
422.094	0.106376
423.095	0.106531
424.095	0.106677
425.096	0.106822
426.096	0.106972
427.096	0.107122
428.096	0.10727
429.097	0.107423
430.097	0.107566
431.097	0.107718
432.097	0.107872
433.097	0.10801
434.098	0.108168
435.098	0.108311
436.098	0.108466
437.098	0.108612
438.098	0.108772
439.098	0.108917
440.099	0.109071
441.099	0.109221
442.099	0.109376
443.099	0.109522
444.1	0.109668
445.1	0.109809
446.1	0.109944
447.101	0.11009
448.101	0.11024
449.101	0.110382
450.101	0.110534
451.101	0.110676
452.101	0.11082
453.102	0.110967
454.102	0.111113
455.102	0.111252
456.102	0.111407
457.103	0.111555
458.103	0.111698
459.104	0.111856
460.104	0.112005
461.104	0.112144
462.104	0.11229
463.105	0.112445
464.105	0.112588
465.105	0.112742
466.105	0.112902
467.106	0.113053
468.106	0.1132
469.106	0.113348
470.106	0.113506
471.107	0.113646
472.107	0.113778
473.107	0.113916
474.108	0.114055
475.108	0.114208
476.109	0.114363
477.109	0.114502
478.109	0.114645
479.109	0.11479
480.109	0.114928
481.11	0.11507
482.11	0.115206
483.11	0.115352
484.11	0.115486
485.11	0.11563
486.111	0.115774
487.111	0.115916
488.111	0.116066
489.111	0.116213
490.111	0.116355
491.111	0.116501
492.112	0.116636
493.112	0.116776
494.112	0.116918
495.112	0.117064
496.112	0.117207
497.112	0.117344
498.112	0.117486
499.113	0.117627
500.113	0.117769
501.114	0.117911
502.114	0.118048
503.114	0.118194
504.115	0.118343
505.115	0.118479
506.115	0.118624
507.116	0.118762
508.116	0.118908
509.117	0.11905
510.117	0.119179
511.117	0.119313
512.118	0.119453
513.118	0.119597
514.119	0.119738
515.119	0.119887
516.12	0.120035
517.12	0.120171
518.12	0.120319
519.12	0.120456
520.12	0.120594
521.121	0.120734
522.121	0.120876
523.121	0.121014
524.121	0.121145
525.122	0.121278
526.122	0.121401
527.122	0.12155
528.122	0.12169
529.123	0.121849
530.123	0.121985
531.124	0.122125
532.124	0.122262
533.124	0.122396
534.124	0.122529
535.125	0.122673
536.125	0.122805
537.125	0.122948
538.126	0.123083
539.126	0.123213
540.126	0.123349
541.127	0.123483
542.127	0.123623
543.127	0.123764
544.127	0.123904
545.127	0.124039
546.127	0.124173
547.127	0.124311
548.127	0.124444
549.128	0.124581
550.129	0.124715
551.131	0.124845
552.131	0.124981
553.131	0.125116
554.131	0.125255
555.132	0.125389
556.132	0.125525
557.132	0.125666
558.133	0.125798
559.133	0.125937
560.133	0.126077
561.133	0.126207
562.133	0.126349
563.133	0.126481
564.134	0.126617
565.134	0.126752
566.134	0.126887
567.134	0.127018
568.135	0.127149
569.135	0.127287
570.136	0.127431
571.136	0.127564
572.136	0.127693
573.136	0.12783
574.137	0.127957
575.137	0.128088
576.137	0.128217
577.137	0.128346
578.138	0.128472
579.138	0.128596
580.138	0.128736
581.139	0.128864
582.139	0.128996
583.139	0.129136
584.14	0.129272
585.14	0.129409
586.14	0.129538
587.141	0.129673
588.141	0.129804
589.141	0.129934
590.141	0.130066
591.141	0.130202
592.142	0.130336
593.142	0.130464
594.142	0.130599
595.143	0.130736
596.143	0.130872
597.143	0.131002
598.143	0.131137
599.143	0.131265
600.144	0.131398
601.144	0.131526
602.144	0.131648
603.144	0.131772
604.144	0.131909
605.145	0.132036
606.145	0.132161
607.145	0.132299
608.145	0.132437
609.145	0.132559
610.146	0.132703
611.146	0.132838
612.147	0.132965
613.147	0.133091
614.148	0.13322
615.148	0.133352
616.148	0.13348
617.149	0.133609
618.149	0.133738
619.15	0.133867
620.151	0.133995
621.151	0.134124
622.151	0.134245
623.151	0.134375
624.151	0.134498
625.151	0.134623
626.151	0.134755
627.151	0.134889
628.151	0.135014
629.151	0.135155
630.151	0.13528
631.152	0.135409
632.152	0.13554
633.153	0.135661
634.154	0.135795
635.154	0.135925
636.155	0.136063
637.155	0.136183
638.155	0.136305
639.156	0.136432
640.156	0.136562
641.158	0.136685
642.158	0.136811
643.158	0.136944
644.158	0.137078
645.159	0.137206
646.159	0.137336
647.159	0.13746
648.159	0.137585
649.159	0.137712
650.16	0.13784
651.16	0.137957
652.16	0.138082
653.16	0.138206
654.161	0.13833
655.161	0.138454
656.161	0.138577
657.162	0.1387
658.162	0.138827
659.162	0.138952
660.163	0.13908
661.163	0.139214
662.163	0.139341
663.163	0.139467
664.163	0.139583
665.163	0.139708
666.165	0.139829
667.165	0.139958
668.165	0.140087
669.165	0.14021
670.165	0.140327
671.165	0.140451
672.166	0.140566
673.166	0.140696
674.166	0.140824
675.166	0.140948
676.166	0.141072
677.166	0.141201
678.166	0.141331
679.166	0.141454
680.167	0.141581
681.167	0.141709
682.167	0.141831
683.167	0.141959
684.167	0.142081
685.168	0.142206
686.168	0.142331
687.168	0.142459
688.168	0.142574
689.169	0.142697
690.169	0.142819
691.169	0.142936
692.169	0.143052
693.169	0.143177
694.17	0.143296
695.171	0.143416
696.171	0.143537
697.172	0.143662
698.172	0.14378
699.172	0.143899
700.173	0.144016
701.173	0.14414
702.173	0.144264
703.173	0.144386
704.173	0.144511
705.174	0.14464
706.174	0.144762
707.174	0.144889
708.174	0.145016
709.174	0.145142
710.175	0.145253
711.175	0.145378
712.175	0.145501
713.176	0.145617
714.176	0.145741
715.176	0.145867
716.176	0.145994
717.176	0.146124
718.177	0.146239
719.177	0.146354
720.178	0.146481
721.178	0.146607
722.178	0.146736
723.178	0.146849
724.178	0.146967
725.178	0.147085
726.178	0.147201
727.179	0.147318
728.179	0.147428
729.179	0.147552
730.179	0.147666
731.18	0.147784
732.18	0.147889
733.18	0.148006
734.18	0.148116
735.18	0.148242
736.181	0.148356
737.182	0.148476
738.182	0.148594
739.182	0.148707
740.182	0.14883
741.182	0.148951
742.183	0.149079
743.184	0.149214
744.184	0.149326
745.184	0.149442
746.185	0.149569
747.185	0.149687
748.186	0.149813
749.186	0.149934
750.186	0.150047
751.187	0.150155
752.187	0.150275
753.187	0.150395
754.187	0.150502
755.187	0.150622
756.187	0.150741
757.187	0.150853
758.187	0.150974
759.188	0.151091
760.188	0.151214
761.188	0.151333
762.189	0.151456
763.189	0.151569
764.189	0.151684
765.189	0.151793
766.189	0.151904
767.189	0.152018
768.189	0.152135
769.189	0.152253
770.19	0.152371
771.191	0.152494
772.191	0.152601
773.191	0.152717
774.191	0.152836
775.192	0.152956
776.192	0.153071
777.192	0.153189
778.192	0.1533
779.192	0.153409
780.192	0.153531
781.192	0.153643
782.192	0.153757
783.192	0.153868
784.193	0.153982
785.193	0.154101
786.193	0.154215
787.193	0.154333
788.193	0.154444
789.194	0.154568
790.194	0.154688
791.194	0.154811
792.194	0.154929
793.195	0.155051
794.195	0.155172
795.196	0.155285
796.196	0.155406
797.196	0.15553
798.197	0.155643
799.197	0.155764
800.197	0.155882
801.197	0.156
802.197	0.156117
803.198	0.156234
804.199	0.156349
805.2	0.156459
806.2	0.156574
807.2	0.156686
808.201	0.1568
809.201	0.15692
810.201	0.157038
811.201	0.157154
812.201	0.157275
813.202	0.157388
814.203	0.157495
815.204	0.157614
816.204	0.157743
817.204	0.157858
818.205	0.157974
819.205	0.158085
820.206	0.1582
821.206	0.158314
822.206	0.158424
823.207	0.158535
824.207	0.158645
825.208	0.158762
826.208	0.158873
827.209	0.158987
828.209	0.159103
829.209	0.159216
830.209	0.159323
831.209	0.159439
832.21	0.159559
833.21	0.159674
834.21	0.159797
835.21	0.159907
836.211	0.160025
837.211	0.160141
838.212	0.160252
839.212	0.160364
840.212	0.160471
841.212	0.160583
842.213	0.160693
843.213	0.160808
844.215	0.160925
845.215	0.161028
846.215	0.161147
847.215	0.161252
848.215	0.161363
849.215	0.161476
850.215	0.161589
851.215	0.161704
852.216	0.161815
853.216	0.16193
854.216	0.16204
855.217	0.162144
856.217	0.162257
857.217	0.162362
858.217	0.162472
859.218	0.162576
860.218	0.162685
861.218	0.162798
862.219	0.16291
863.219	0.163026
864.219	0.163131
865.219	0.163236
866.22	0.163346
867.22	0.163458
868.22	0.163577
869.221	0.163692
870.221	0.163808
871.222	0.163917
872.222	0.16403
873.223	0.164133
874.224	0.16425
875.224	0.164368
876.225	0.16448
877.225	0.164595
878.225	0.164706
879.225	0.16481
880.225	0.164911
881.226	0.165019
882.226	0.165126
883.226	0.165233
884.227	0.165333
885.227	0.165434
886.228	0.165538
887.228	0.165646
888.228	0.165754
889.228	0.165862
890.228	0.165973
891.229	0.166081
892.229	0.166182
893.229	0.166295
894.229	0.166405
895.229	0.166511
896.23	0.166614
897.23	0.166726
898.23	0.166834
899.23	0.166944
900.23	0.167058
901.23	0.167162
902.231	0.167269
903.231	0.167382
904.231	0.167495
905.231	0.167598
906.232	0.167703
907.232	0.16781
908.234	0.167911
909.234	0.168013
910.235	0.168121
911.235	0.168225
912.235	0.168331
913.235	0.16844
914.235	0.168545
915.237	0.168656
916.237	0.168765
917.237	0.168879
918.237	0.168988
919.237	0.169093
920.238	0.16921
921.238	0.169318
922.238	0.169426
923.238	0.16953
924.239	0.169638
925.239	0.169746
926.239	0.169848
927.24	0.169961
928.24	0.170072
929.24	0.170183
930.241	0.170288
931.241	0.170388
932.241	0.170504
933.241	0.170615
934.241	0.170725
935.242	0.170828
936.242	0.170934
937.242	0.171035
938.242	0.17113
939.242	0.171241
940.244	0.171349
941.244	0.17145
942.244	0.171553
943.244	0.171656
944.244	0.171754
945.244	0.171865
946.244	0.171971
947.244	0.172076
948.246	0.172183
949.247	0.172295
950.247	0.172405
951.247	0.172513
952.247	0.172616
953.248	0.17273
954.248	0.172838
955.248	0.172948
956.249	0.173056
957.249	0.17317
958.249	0.173271
959.249	0.173378
960.249	0.173486
961.249	0.173603
962.249	0.173712
963.25	0.173817
964.25	0.173922
965.251	0.174025
966.251	0.174126
967.251	0.174239
968.251	0.174343
969.252	0.174453
970.252	0.174563
971.252	0.174664
972.252	0.174766
973.253	0.174868
974.253	0.174974
975.253	0.17508
976.254	0.17519
977.254	0.175296
978.254	0.175397
979.254	0.175493
980.254	0.175592
981.254	0.1757
982.255	0.175805
983.255	0.175905
984.255	0.176015
985.255	0.176123
986.255	0.176228
987.256	0.176334
988.257	0.17643
989.257	0.176536
990.257	0.176642
991.257	0.176741
992.258	0.176851
993.258	0.176953
994.258	0.177048
995.258	0.177156
996.258	0.177264
997.258	0.177365
998.258	0.177473
999.258	0.177574
1000.26	0.177673
1001.26	0.177779
1002.26	0.177884
1003.26	0.177986
1004.26	0.178088
1005.26	0.178199
1006.26	0.178303
1007.26	0.178408
1008.26	0.178507
1009.26	0.178608
1010.26	0.178708
1011.26	0.178807
1012.26	0.178911
1013.26	0.179015
1014.26	0.179121
1015.27	0.17922
1016.27	0.179317
1017.27	0.179411
1018.27	0.179519
1019.27	0.179617
1020.27	0.179714
1021.27	0.17981
1022.27	0.179917
1023.27	0.180024
1024.27	0.180135
1025.27	0.180236
1026.27	0.180344
1027.27	0.18045
1028.27	0.180553
1029.27	0.180649
1030.27	0.18075
1031.27	0.180853
1032.27	0.180949
1033.27	0.181048
1034.27	0.181148
1035.27	0.181245
1036.27	0.18135
1037.27	0.181456
1038.27	0.181551
1039.27	0.181655
1040.27	0.181763
1041.27	0.181861
1042.27	0.181956
1043.27	0.182053
1044.27	0.182153
1045.27	0.182254
1046.27	0.18235
1047.27	0.182452
1048.27	0.182557
1049.27	0.182654
1050.27	0.182744
1051.27	0.182839
1052.27	0.182944
1053.27	0.183051
1054.27	0.183152
1055.27	0.183255
1056.27	0.183349
1057.27	0.183445
1058.27	0.183548
1059.28	0.183647
1060.28	0.183745
1061.28	0.183852
1062.28	0.18395
1063.28	0.184051
1064.28	0.18416
1065.28	0.184257
1066.28	0.184354
1067.28	0.184454
1068.28	0.184558
1069.28	0.184657
1070.28	0.184753
1071.28	0.184851
1072.28	0.184949
1073.28	0.185055
1074.28	0.18515
1075.28	0.185244
1076.28	0.18534
1077.28	0.185441
1078.28	0.185547
1079.28	0.185649
1080.28	0.185745
1081.28	0.185844
1082.28	0.185949
1083.28	0.186047
1084.28	0.186146
1085.28	0.186248
1086.28	0.186352
1087.28	0.186446
1088.28	0.186549
1089.28	0.186654
1090.28	0.186752
1091.28	0.186851
1092.29	0.186947
1093.29	0.187056
1094.29	0.187159
1095.29	0.187257
1096.29	0.187366
1097.29	0.187465
1098.29	0.187575
1099.29	0.187678
1100.29	0.18778
1101.29	0.187878
1102.29	0.187976
1103.29	0.188078
1104.29	0.188182
1105.29	0.188286
1106.29	0.188377
1107.29	0.188479
1108.29	0.188581
1109.29	0.188684
1110.29	0.188793
1111.29	0.188889
1112.29	0.188981
1113.29	0.189079
1114.29	0.189182
1115.29	0.189289
1116.29	0.189396
1117.29	0.189506
1118.29	0.189596
1119.29	0.18971
1120.29	0.189812
1121.29	0.189913
1122.29	0.190012
1123.29	0.19011
1124.3	0.19021
1125.3	0.190306
1126.3	0.190399
1127.3	0.190499
1128.3	0.190597
1129.3	0.190692
1130.3	0.19078
1131.3	0.190879
1132.3	0.190968
1133.3	0.191064
1134.3	0.191156
1135.3	0.191249
1136.3	0.191354
1137.3	0.191449
1138.3	0.191553
1139.3	0.19165
1140.3	0.191743
1141.3	0.191841
1142.3	0.191938
1143.3	0.192027
1144.3	0.192119
1145.3	0.192217
1146.3	0.192318
1147.3	0.192414
1148.3	0.192515
1149.3	0.192614
1150.3	0.192702
1151.3	0.192804
1152.3	0.192899
1153.3	0.192997
1154.3	0.193098
1155.31	0.193195
1156.31	0.19329
1157.31	0.193385
1158.31	0.193481
1159.31	0.193572
1160.31	0.193665
1161.31	0.193768
1162.31	0.193866
1163.31	0.193961
1164.31	0.194052
1165.31	0.194148
1166.31	0.194244
1167.31	0.194341
1168.31	0.19443
1169.31	0.194536
1170.31	0.194624
1171.31	0.194728
1172.31	0.194823
1173.31	0.194914
1174.31	0.195007
1175.31	0.195099
1176.31	0.195193
1177.31	0.195285
1178.31	0.195376
1179.31	0.195476
1180.32	0.195571
1181.32	0.195669
1182.32	0.195769
1183.32	0.195869
1184.32	0.195966
1185.32	0.196064
1186.32	0.196158
1187.32	0.196245
1188.32	0.196332
1189.32	0.196425
1190.32	0.196515
1191.32	0.196604
1192.32	0.196706
1193.32	0.196798
1194.32	0.196888
1195.32	0.196986
1196.32	0.197081
1197.32	0.197176
1198.32	0.197271
1199.32	0.19736
1200.32	0.197446
1201.32	0.197543
1202.32	0.197637
1203.32	0.197731
1204.32	0.197831
1205.32	0.197927
1206.32	0.198022
1207.32	0.198119
1208.32	0.198202
1209.32	0.1983
1210.33	0.198399
1211.33	0.198492
1212.33	0.198592
1213.33	0.19868
1214.33	0.198774
1215.33	0.198873
1216.33	0.198963
1217.33	0.199047
1218.33	0.199144
1219.33	0.199234
1220.33	0.199327
1221.33	0.199423
1222.33	0.19951
1223.33	0.199598
1224.33	0.199688
1225.33	0.199783
1226.33	0.199869
1227.33	0.199964
1228.33	0.200064
1229.33	0.200161
1230.33	0.200257
1231.33	0.20036
1232.33	0.20045
1233.33	0.200539
1234.33	0.200622
1235.33	0.200721
1236.33	0.20082
1237.33	0.200917
1238.33	0.20101
1239.33	0.201106
1240.33	0.201201
1241.33	0.201292
1242.33	0.201385
1243.33	0.201483
1244.33	0.201578
1245.33	0.201667
1246.33	0.201766
1247.33	0.201867
1248.34	0.201959
1249.34	0.202048
1250.34	0.202151
1251.34	0.202245
1252.34	0.202341
1253.34	0.202428
1254.34	0.202518
1255.34	0.202608
1256.34	0.202699
1257.34	0.202786
1258.34	0.202878
1259.34	0.202972
1260.34	0.203059
1261.34	0.203148
1262.34	0.203246
1263.34	0.203343
1264.34	0.203435
1265.34	0.203531
1266.34	0.203623
1267.34	0.203719
1268.34	0.203815
1269.34	0.203909
1270.34	0.204001
1271.34	0.204089
1272.34	0.204182
1273.34	0.204277
1274.34	0.204364
1275.34	0.204455
1276.34	0.204549
1277.34	0.204641
1278.34	0.204729
1279.35	0.204815
1280.35	0.204904
1281.35	0.204994
1282.35	0.205077
1283.35	0.205174
1284.35	0.205263
1285.35	0.205363
1286.35	0.205456
1287.35	0.205546
1288.35	0.205634
1289.35	0.205719
1290.35	0.205811
1291.35	0.205907
1292.35	0.205995
1293.35	0.206087
1294.35	0.206176
1295.35	0.206277
1296.35	0.206364
1297.35	0.206453
1298.35	0.206537
1299.35	0.206635
1300.36	0.206718
1301.36	0.206808
1302.36	0.2069
1303.36	0.206995
1304.36	0.207082
1305.36	0.207176
1306.36	0.20727
1307.36	0.207364
1308.36	0.207447
1309.36	0.207534
1310.36	0.20763
1311.36	0.207719
1312.36	0.207812
1313.36	0.207901
1314.36	0.207992
1315.36	0.208089
1316.36	0.208173
1317.36	0.208263
1318.36	0.208357
1319.36	0.208442
1320.36	0.208538
1321.36	0.208636
1322.36	0.208728
1323.36	0.20881
1324.36	0.208898
1325.36	0.208983
1326.36	0.209077
1327.36	0.209163
1328.36	0.209252
1329.36	0.209349
1330.36	0.209441
1331.36	0.209528
1332.36	0.209616
1333.36	0.209699
1334.36	0.209789
1335.36	0.209874
1336.37	0.209962
1337.37	0.210055
1338.37	0.210146
1339.37	0.210237
1340.37	0.210323
1341.37	0.21041
1342.37	0.210498
1343.37	0.210587
1344.37	0.210673
1345.37	0.210764
1346.37	0.210856
1347.37	0.210942
1348.37	0.21103
1349.37	0.211116
1350.37	0.211217
1351.37	0.211304
1352.37	0.211394
1353.37	0.211474
1354.37	0.211563
1355.37	0.211647
1356.37	0.211737
1357.37	0.211825
1358.37	0.211917
1359.37	0.212009
1360.37	0.212095
1361.37	0.212186
1362.37	0.212271
1363.37	0.212359
1364.37	0.21244
1365.37	0.212532
1366.37	0.212622
1367.37	0.212709
1368.37	0.212797
1369.37	0.212882
1370.37	0.212972
1371.37	0.213066
1372.37	0.213154
1373.37	0.213239
1374.37	0.213319
1375.37	0.21341
1376.37	0.213493
1377.37	0.213586
1378.37	0.213672
1379.37	0.213762
1380.38	0.213844
1381.38	0.213929
1382.38	0.214013
1383.38	0.214095
1384.38	0.214182
1385.38	0.21427
1386.38	0.214361
1387.38	0.21444
1388.38	0.214526
1389.38	0.214607
1390.38	0.214691
1391.38	0.214786
1392.38	0.21487
1393.38	0.214959
1394.38	0.215054
1395.38	0.215143
1396.38	0.215227
1397.38	0.215309
1398.38	0.215394
1399.38	0.215478
1400.38	0.215566
1401.38	0.215651
1402.38	0.215739
1403.38	0.215822
1404.38	0.215919
1405.38	0.21601
1406.38	0.216091
1407.38	0.216178
1408.38	0.216262
1409.38	0.21635
1410.38	0.216433
1411.39	0.216522
1412.39	0.216604
1413.39	0.216691
1414.39	0.216782
1415.39	0.216874
1416.39	0.216963
1417.39	0.217043
1418.39	0.217133
1419.39	0.217222
1420.39	0.217311
1421.39	0.217397
1422.39	0.217477
1423.39	0.217561
1424.39	0.217644
1425.39	0.217727
1426.39	0.217813
1427.39	0.217901
1428.39	0.21798
1429.39	0.218065
1430.39	0.218144
1431.39	0.218232
1432.39	0.218318
1433.39	0.218403
1434.39	0.218485
1435.39	0.218571
1436.4	0.218659
1437.4	0.218736
1438.4	0.218823
1439.4	0.218909
1440.4	0.21899
1441.4	0.219079
1442.4	0.219163
1443.4	0.219246
1444.4	0.219325
1445.4	0.219413
1446.4	0.219501
1447.4	0.219586
1448.4	0.219664
1449.4	0.219741
1450.4	0.219824
1451.4	0.219914
1452.4	0.22
1453.4	0.22008
1454.4	0.220169
1455.4	0.220256
1456.4	0.220347
1457.4	0.220424
1458.4	0.220504
1459.4	0.220587
1460.4	0.220668
1461.4	0.220754
1462.4	0.220838
1463.41	0.220918
1464.41	0.220998
1465.41	0.221083
1466.41	0.221162
1467.41	0.22125
1468.41	0.221335
1469.41	0.221426
1470.41	0.221512
1471.41	0.221591
1472.41	0.221672
1473.41	0.221768
1474.41	0.22185
1475.41	0.221936
1476.41	0.222013
1477.41	0.2221
1478.41	0.222181
1479.41	0.222262
1480.41	0.222346
1481.41	0.222427
1482.41	0.2225
1483.41	0.222583
1484.41	0.222674
1485.41	0.222762
1486.41	0.222852
1487.41	0.222934
1488.41	0.223018
1489.41	0.223103
1490.41	0.223189
1491.41	0.223275
1492.41	0.223358
1493.41	0.223439
1494.41	0.223527
1495.42	0.223605
1496.42	0.223687
1497.42	0.223777
1498.42	0.223858
1499.42	0.223951
1500.42	0.224034
1501.42	0.224121
1502.42	0.224196
1503.42	0.224282
1504.42	0.224364
1505.42	0.224447
1506.42	0.224535
1507.42	0.224616
1508.42	0.224699
1509.42	0.22478
1510.42	0.224863
1511.42	0.224945
1512.42	0.225023
1513.42	0.225103
1514.42	0.225186
1515.42	0.225268
1516.42	0.225351
1517.42	0.225429
1518.42	0.225519
1519.42	0.225594
1520.42	0.225677
1521.42	0.225755
1522.42	0.225838
1523.42	0.225916
1524.42	0.225993
1525.42	0.226077
1526.42	0.226161
1527.43	0.226235
1528.43	0.226321
1529.43	0.226399
1530.43	0.226484
1531.43	0.226574
1532.43	0.226655
1533.43	0.226741
1534.43	0.226829
1535.43	0.226906
1536.43	0.226986
1537.43	0.227064
1538.43	0.227145
1539.43	0.227223
1540.43	0.227309
1541.43	0.22739
1542.43	0.227475
1543.43	0.227555
1544.43	0.227639
1545.43	0.227723
1546.43	0.227813
1547.43	0.227894
1548.43	0.22797
1549.43	0.228049
1550.43	0.228131
1551.43	0.228211
1552.43	0.228295
1553.43	0.22838
1554.44	0.22846
1555.44	0.228539
1556.44	0.228621
1557.44	0.228697
1558.44	0.228777
1559.44	0.228861
1560.44	0.228931
1561.44	0.229014
1562.44	0.229094
1563.44	0.229179
1564.44	0.22926
1565.44	0.229344
1566.44	0.229423
1567.44	0.229502
1568.44	0.229583
1569.44	0.229667
1570.44	0.22975
1571.44	0.229831
1572.44	0.229914
1573.44	0.229997
1574.44	0.23008
1575.44	0.230165
1576.44	0.23024
1577.44	0.230325
1578.44	0.230406
1579.44	0.230493
1580.44	0.230577
1581.44	0.230657
1582.44	0.230741
1583.44	0.230824
1584.44	0.230908
1585.44	0.230985
1586.44	0.231053
1587.44	0.231135
1588.44	0.231219
1589.44	0.231305
1590.44	0.231388
1591.44	0.231471
1592.44	0.231561
1593.44	0.231641
1594.44	0.231724
1595.44	0.231809
1596.44	0.23189
1597.44	0.231962
1598.44	0.23204
1599.45	0.232123
1600.45	0.232203
1601.45	0.232285
1602.45	0.232367
1603.45	0.232454
1604.45	0.23253
1605.45	0.232613
1606.45	0.232689
1607.45	0.232766
1608.45	0.232846
1609.45	0.232933
1610.45	0.233013
1611.45	0.233092
1612.45	0.233171
1613.45	0.233248
1614.45	0.233322
1615.45	0.233401
1616.45	0.233476
1617.45	0.23356
1618.45	0.233636
1619.45	0.233711
1620.45	0.233794
1621.45	0.233871
1622.46	0.233951
1623.46	0.234036
1624.46	0.234114
1625.46	0.234197
1626.46	0.234278
1627.46	0.234357
1628.46	0.234435
1629.46	0.234516
1630.46	0.234605
1631.46	0.234689
1632.46	0.234768
1633.46	0.234847
1634.46	0.234923
1635.46	0.234996
1636.46	0.235075
1637.46	0.235157
1638.46	0.235231
1639.46	0.235313
1640.46	0.235388
1641.46	0.235463
1642.46	0.235532
1643.46	0.235613
1644.46	0.235699
1645.46	0.235779
1646.46	0.235866
1647.46	0.235946
1648.46	0.236027
1649.46	0.236104
1650.46	0.23618
1651.46	0.236261
1652.46	0.236345
1653.46	0.236417
1654.46	0.236499
1655.46	0.236579
1656.46	0.236662
1657.47	0.236735
1658.47	0.236815
1659.47	0.236894
1660.47	0.236975
1661.47	0.23705
1662.47	0.237129
1663.47	0.237216
1664.47	0.237296
1665.47	0.237372
1666.47	0.237446
1667.47	0.237527
1668.47	0.237608
1669.47	0.237689
1670.47	0.23777
1671.47	0.237848
1672.47	0.237921
1673.47	0.238
1674.47	0.238075
1675.47	0.238153
1676.47	0.23824
1677.47	0.238312
1678.47	0.238392
1679.47	0.238471
1680.47	0.238544
1681.47	0.238624
1682.47	0.238701
1683.47	0.238771
1684.47	0.238857
1685.47	0.238938
1686.47	0.239021
1687.47	0.239098
1688.47	0.239178
1689.47	0.239252
1690.47	0.239329
1691.47	0.239408
1692.47	0.239485
1693.47	0.239567
1694.47	0.239648
1695.48	0.239729
1696.48	0.239803
1697.48	0.239872
1698.48	0.239958
1699.48	0.240043
1700.48	0.240125
1701.48	0.2402
1702.48	0.24028
1703.48	0.240354
1704.48	0.240434
1705.48	0.240512
1706.48	0.240593
1707.48	0.240667
1708.48	0.240747
1709.48	0.240822
1710.48	0.240899
1711.48	0.240971
1712.48	0.241055
1713.48	0.241133
1714.48	0.241209
1715.48	0.241288
1716.48	0.241367
1717.48	0.241435
1718.48	0.241508
1719.48	0.241591
1720.48	0.241661
1721.48	0.241738
1722.48	0.241814
1723.48	0.241899
1724.48	0.241977
1725.48	0.242059
1726.49	0.242133
1727.49	0.242218
1728.49	0.242294
1729.49	0.24237
1730.49	0.242452
1731.49	0.242535
1732.49	0.242616
1733.49	0.242697
1734.49	0.242767
1735.49	0.24284
1736.49	0.242915
1737.49	0.242996
1738.49	0.243071
1739.49	0.243144
1740.49	0.243225
1741.49	0.243299
1742.49	0.243377
1743.49	0.243454
1744.49	0.243531
1745.49	0.243606
1746.49	0.243684
1747.49	0.243769
1748.49	0.243847
1749.49	0.243933
1750.49	0.244015
1751.49	0.244105
1752.49	0.244182
1753.49	0.244256
1754.49	0.244338
1755.49	0.24441
1756.49	0.244489
1757.49	0.244564
1758.49	0.244642
1759.49	0.244722
1760.49	0.244799
1761.49	0.244877
1762.49	0.244956
1763.49	0.245032
1764.49	0.245112
1765.49	0.245185
1766.49	0.245255
1767.5	0.245338
1768.5	0.245425
1769.5	0.245504
1770.5	0.245581
1771.5	0.245665
1772.5	0.245737
1773.5	0.245806
1774.5	0.245883
1775.5	0.24596
1776.5	0.246042
1777.5	0.24612
1778.5	0.246191
1779.5	0.24626
1780.5	0.246338
1781.5	0.246417
1782.5	0.246491
1783.5	0.246565
1784.5	0.246641
1785.5	0.246714
1786.5	0.246786
1787.5	0.246862
1788.5	0.246931
1789.5	0.247003
1790.5	0.247081
1791.5	0.24716
1792.5	0.24724
1793.51	0.247318
1794.51	0.247389
1795.51	0.247464
1796.51	0.247533
1797.51	0.247609
1798.51	0.247684
1799.51	0.247755
1800.51	0.247835
1801.51	0.247906
1802.51	0.24799
1803.51	0.248067
1804.51	0.248144
1805.51	0.248213
1806.51	0.24829
1807.51	0.248363
1808.51	0.248434
1809.51	0.248508
1810.51	0.248581
1811.51	0.248657
1812.51	0.248728
1813.51	0.248804
1814.51	0.248879
1815.51	0.248952
1816.51	0.249024
1817.51	0.249094
1818.51	0.249163
1819.51	0.249243
1820.51	0.249319
1821.51	0.249392
1822.51	0.249457
1823.51	0.249536
1824.51	0.249613
1825.51	0.249689
1826.51	0.24976
1827.51	0.249834
1828.51	0.249909
1829.51	0.249986
1830.51	0.250063
1831.51	0.250143
1832.52	0.250213
1833.52	0.250287
1834.52	0.250361
1835.52	0.250434
1836.52	0.250511
1837.52	0.250594
1838.52	0.250667
1839.52	0.25074
1840.52	0.250809
1841.52	0.250882
1842.52	0.250953
1843.52	0.25103
1844.52	0.251106
1845.52	0.251177
1846.52	0.251243
1847.52	0.251322
1848.52	0.251396
1849.52	0.251473
1850.52	0.251548
1851.52	0.251618
1852.52	0.251688
1853.52	0.251761
1854.52	0.25183
1855.52	0.251907
1856.52	0.251984
1857.52	0.252061
1858.52	0.252133
1859.52	0.25221
1860.52	0.252283
1861.52	0.252351
1862.52	0.252425
1863.52	0.2525
1864.52	0.252578
1865.52	0.252658
1866.52	0.25273
1867.52	0.252803
1868.52	0.252879
1869.52	0.252958
1870.52	0.253032
1871.53	0.253096
1872.53	0.253172
1873.53	0.253249
1874.53	0.253331
1875.53	0.253406
1876.53	0.253479
1877.53	0.253552
1878.53	0.253628
1879.53	0.253697
1880.53	0.25377
1881.53	0.253844
1882.53	0.253918
1883.53	0.253991
1884.53	0.254064
1885.53	0.25414
1886.53	0.254208
1887.53	0.254278
1888.54	0.254345
1889.54	0.254423
1890.54	0.254498
1891.54	0.254576
1892.54	0.254655
1893.54	0.25473
1894.54	0.254804
1895.54	0.254875
1896.54	0.254942
1897.54	0.255012
1898.54	0.25508
1899.54	0.25515
1900.54	0.255224
1901.54	0.255301
1902.54	0.255379
1903.54	0.255453
1904.54	0.255522
1905.54	0.255593
1906.54	0.255667
1907.54	0.255738
1908.54	0.25581
1909.54	0.255883
1910.54	0.255952
1911.54	0.256026
1912.54	0.256092
1913.54	0.256161
1914.54	0.256229
1915.54	0.256304
1916.54	0.256377
1917.54	0.256448
1918.55	0.256518
1919.55	0.256587
1920.55	0.256663
1921.55	0.256727
1922.55	0.256796
1923.55	0.256871
1924.55	0.256947
1925.55	0.257023
1926.55	0.2571
1927.55	0.257168
1928.55	0.257241
1929.55	0.257311
1930.55	0.257381
1931.55	0.257456
1932.55	0.257528
1933.55	0.257601
1934.55	0.257665
1935.55	0.257739
1936.55	0.25782
1937.55	0.257892
1938.55	0.257967
1939.55	0.258038
1940.55	0.258114
1941.55	0.258191
1942.55	0.25826
1943.55	0.258323
1944.55	0.258387
1945.55	0.258456
1946.55	0.258526
1947.56	0.258598
1948.56	0.258671
1949.56	0.258741
1950.56	0.258814
1951.56	0.258889
1952.56	0.258957
1953.56	0.25903
1954.56	0.259096
1955.56	0.259171
1956.56	0.259246
1957.56	0.25932
1958.56	0.259387
1959.56	0.259458
1960.56	0.259524
1961.56	0.259599
1962.56	0.259661
1963.56	0.259731
1964.56	0.2598
1965.56	0.259874
1966.56	0.259948
1967.56	0.260024
1968.56	0.260095
1969.57	0.260167
1970.57	0.260236
1971.57	0.260306
1972.57	0.260377
1973.57	0.260441
1974.57	0.260503
1975.57	0.260578
1976.57	0.260647
1977.57	0.260724
1978.57	0.260798
1979.57	0.260866
1980.57	0.260937
1981.57	0.261013
1982.57	0.261085
1983.57	0.261155
1984.57	0.261221
1985.57	0.261296
1986.57	0.26137
1987.57	0.261442
1988.57	0.261513
1989.57	0.26158
1990.57	0.261651
1991.57	0.261721
1992.57	0.261786
1993.58	0.261859
1994.58	0.261932
1995.58	0.262004
1996.58	0.262073
1997.58	0.262141
1998.58	0.262213
1999.58	0.262285
2000.58	0.262512
2001.58	0.262864
2002.58	0.263213
2003.58	0.26355
2004.58	0.263876
2005.58	0.264213
2006.58	0.264551
2007.58	0.264891
2008.58	0.265229
2009.58	0.265562
2010.58	0.265892
2011.58	0.266225
2012.58	0.266549
2013.58	0.26687
2014.58	0.2672
2015.58	0.267541
2016.58	0.267864
2017.58	0.268196
2018.58	0.268528
2019.58	0.268851
2020.58	0.269155
2021.58	0.269476
2022.58	0.269782
2023.58	0.270107
2024.58	0.270437
2025.58	0.270761
2026.58	0.27108
2027.58	0.271395
2028.58	0.271705
2029.58	0.272025
2030.58	0.272331
2031.58	0.272646
2032.58	0.272968
2033.58	0.273275
2034.58	0.273591
2035.58	0.273901
2036.58	0.274201
2037.58	0.274503
2038.58	0.274806
2039.58	0.275119
2040.58	0.275416
2041.58	0.275714
2042.58	0.276022
2043.58	0.27631
2044.58	0.276609
2045.58	0.276888
2046.58	0.277182
2047.58	0.277469
2048.58	0.277763
2049.58	0.278054
2050.58	0.278339
2051.58	0.278628
2052.58	0.278916
2053.58	0.279209
2054.58	0.279499
2055.58	0.279784
2056.58	0.280063
2057.58	0.28034
2058.58	0.280614
2059.58	0.280888
2060.58	0.281141
2061.58	0.281413
2062.58	0.281688
2063.58	0.281979
2064.58	0.282262
2065.58	0.282551
2066.58	0.28284
2067.58	0.283109
2068.58	0.283387
2069.58	0.283678
2070.58	0.283948
2071.58	0.284227
2072.58	0.284496
2073.58	0.284765
2074.58	0.28505
2075.58	0.285326
2076.58	0.285602
2077.58	0.285875
2078.58	0.286136
2079.58	0.286423
2080.58	0.286694
2081.58	0.286964
2082.58	0.287228
2083.58	0.28749
2084.58	0.287751
2085.58	0.288005
2086.58	0.288256
2087.58	0.288518
2088.58	0.288794
2089.58	0.289058
2090.58	0.289329
2091.58	0.28959
2092.58	0.289851
2093.58	0.290108
2094.58	0.290377
2095.58	0.29064
2096.58	0.290895
2097.58	0.291154
2098.58	0.291433
2099.58	0.291704
2100.58	0.291972
2101.58	0.292237
2102.58	0.292493
2103.58	0.292743
2104.58	0.292998
2105.58	0.293268
2106.58	0.293533
2107.58	0.293775
2108.58	0.294028
2109.58	0.294282
2110.58	0.294533
2111.58	0.29479
2112.58	0.295048
2113.58	0.295307
2114.58	0.29555
2115.58	0.29581
2116.58	0.29606
2117.58	0.296317
2118.58	0.296566
2119.58	0.296809
2120.58	0.297057
2121.58	0.297299
2122.58	0.297548
2123.58	0.297778
2124.58	0.298017
2125.58	0.298268
2126.58	0.29851
2127.58	0.298742
2128.59	0.29899
2129.59	0.299237
2130.59	0.299476
2131.59	0.299718
2132.59	0.299966
2133.59	0.300206
2134.59	0.300457
2135.59	0.300684
2136.59	0.300928
2137.59	0.301169
2138.59	0.301398
2139.59	0.301635
2140.59	0.30186
2141.59	0.302097
2142.59	0.302326
2143.59	0.302569
2144.59	0.302805
2145.59	0.303037
2146.59	0.303276
2147.59	0.303502
2148.59	0.303732
2149.59	0.303964
2150.59	0.304197
2151.59	0.30443
2152.59	0.304653
2153.59	0.304895
2154.59	0.305118
2155.59	0.305351
2156.59	0.30558
2157.59	0.305808
2158.59	0.306036
2159.59	0.306263
2160.59	0.306483
2161.59	0.306714
2162.59	0.306941
2163.59	0.307176
2164.59	0.307403
2165.59	0.307639
2166.59	0.307858
2167.59	0.308075
2168.59	0.308286
2169.59	0.308497
2170.59	0.308723
2171.59	0.308952
2172.59	0.309164
2173.59	0.309384
2174.59	0.3096
2175.59	0.309819
2176.59	0.310039
2177.59	0.310262
2178.59	0.310491
2179.59	0.310728
2180.59	0.310941
2181.59	0.311167
2182.59	0.311376
2183.59	0.311589
2184.59	0.311805
2185.59	0.312025
2186.59	0.312247
2187.59	0.312472
2188.59	0.312691
2189.59	0.312906
2190.59	0.313123
2191.59	0.313335
2192.59	0.313544
2193.59	0.313754
2194.59	0.313972
2195.59	0.314186
2196.59	0.314398
2197.59	0.314618
2198.59	0.31484
2199.59	0.315046
2200.59	0.315253
2201.59	0.315471
2202.59	0.315684
2203.59	0.315891
2204.59	0.316105
2205.59	0.316314
2206.59	0.316518
2207.59	0.316726
2208.59	0.316936
2209.59	0.317143
2210.59	0.317369
2211.59	0.317584
2212.59	0.317801
2213.59	0.31801
2214.59	0.318224
2215.59	0.318429
2216.59	0.318641
2217.59	0.318853
2218.59	0.319065
2219.59	0.319271
2220.59	0.319481
2221.59	0.319686
2222.59	0.319888
2223.59	0.320088
2224.59	0.320289
2225.59	0.320507
2226.59	0.32071
2227.59	0.320922
2228.59	0.321122
2229.59	0.321326
2230.59	0.321513
2231.59	0.321718
2232.59	0.321916
2233.59	0.322126
2234.59	0.322323
2235.59	0.322519
2236.59	0.322722
2237.59	0.322932
2238.59	0.323137
2239.59	0.323331
2240.59	0.323534
2241.59	0.323739
2242.59	0.323952
2243.59	0.324163
2244.59	0.324367
2245.59	0.324563
2246.59	0.324763
2247.59	0.324956
2248.59	0.325161
2249.59	0.325364
2250.59	0.325561
2251.59	0.325761
2252.59	0.325962
2253.59	0.326159
2254.59	0.326366
2255.59	0.32655
2256.59	0.326746
2257.59	0.326939
2258.59	0.327136
2259.59	0.327325
2260.59	0.327524
2261.59	0.327722
2262.59	0.327917
2263.59	0.328112
2264.59	0.328317
2265.59	0.328517
2266.59	0.328719
2267.59	0.328923
2268.59	0.329108
2269.59	0.329298
2270.59	0.3295
2271.59	0.329708
2272.59	0.329903
2273.59	0.330094
2274.59	0.330291
2275.59	0.330479
2276.59	0.330668
2277.59	0.330855
2278.59	0.33105
2279.59	0.331243
2280.59	0.331435
2281.59	0.331625
2282.59	0.331801
2283.59	0.331988
2284.59	0.332189
2285.59	0.33237
2286.59	0.332563
2287.59	0.332751
2288.59	0.332939
2289.59	0.33313
2290.59	0.333318
2291.59	0.333508
2292.59	0.333701
2293.6	0.333885
2294.6	0.334078
2295.6	0.334261
2296.6	0.334451
2297.6	0.334641
2298.6	0.334831
2299.6	0.335018
2300.6	0.3352
2301.6	0.335387
2302.6	0.335569
2303.6	0.335769
2304.6	0.335969
2305.6	0.336159
2306.6	0.336351
2307.6	0.336532
2308.6	0.336719
2309.6	0.336895
2310.6	0.337087
2311.6	0.337284
2312.6	0.337468
2313.6	0.337661
2314.6	0.337843
2315.6	0.338021
2316.6	0.338199
2317.6	0.338376
2318.6	0.338557
2319.6	0.338745
2320.6	0.338924
2321.6	0.339114
2322.6	0.339308
2323.6	0.339491
2324.6	0.33968
2325.6	0.33986
2326.6	0.340053
2327.6	0.340234
2328.6	0.340418
2329.6	0.340603
2330.6	0.340787
2331.6	0.340971
2332.6	0.341148
2333.6	0.341329
2334.6	0.341499
2335.6	0.341672
2336.6	0.341856
2337.6	0.342028
2338.6	0.342205
2339.6	0.342384
2340.6	0.342556
2341.6	0.342736
2342.6	0.342921
2343.6	0.343093
2344.6	0.343266
2345.6	0.343441
2346.6	0.343624
2347.6	0.343802
2348.6	0.343983
2349.6	0.344158
2350.6	0.344335
2351.6	0.344515
2352.6	0.344692
2353.6	0.344871
2354.6	0.345039
2355.6	0.345212
2356.6	0.345385
2357.6	0.345553
2358.6	0.345718
2359.6	0.345885
2360.6	0.346063
2361.6	0.346234
2362.6	0.346417
2363.6	0.346603
2364.6	0.346784
2365.6	0.346967
2366.6	0.347143
2367.6	0.347316
2368.6	0.34748
2369.6	0.347653
2370.6	0.34783
2371.6	0.348
2372.6	0.348173
2373.6	0.348342
2374.6	0.348512
2375.6	0.348677
2376.6	0.348858
2377.6	0.349022
2378.6	0.349196
2379.6	0.349368
2380.6	0.349546
2381.6	0.349721
2382.6	0.349894
2383.6	0.35006
2384.6	0.350229
2385.6	0.350404
2386.6	0.350586
2387.6	0.350754
2388.6	0.350919
2389.6	0.351083
2390.6	0.35125
2391.6	0.351424
2392.6	0.351586
2393.6	0.351754
2394.6	0.351927
2395.6	0.352095
2396.6	0.352264
2397.6	0.35243
2398.6	0.352603
2399.6	0.352762
2400.6	0.352929
2401.6	0.353097
2402.6	0.353272
2403.6	0.353436
2404.6	0.353601
2405.6	0.353769
2406.6	0.35394
2407.6	0.3541
2408.6	0.354267
2409.6	0.354432
2410.6	0.354588
2411.6	0.354748
2412.6	0.354921
2413.6	0.355088
2414.6	0.35525
2415.6	0.355416
2416.6	0.355593
2417.6	0.35576
2418.6	0.355917
2419.6	0.356075
2420.6	0.356243
2421.6	0.3564
2422.6	0.35657
2423.6	0.356732
2424.6	0.356896
2425.6	0.357055
2426.6	0.357219
2427.6	0.357386
2428.6	0.357552
2429.6	0.357707
2430.6	0.357866
2431.6	0.358026
2432.6	0.358183
2433.6	0.358341
2434.6	0.358502
2435.6	0.358664
2436.6	0.358829
2437.6	0.358992
2438.6	0.359152
2439.6	0.359314
2440.6	0.359473
2441.6	0.359646
2442.6	0.359804
2443.6	0.359968
2444.6	0.360123
2445.6	0.360284
2446.6	0.360438
2447.6	0.360593
2448.6	0.360751
2449.6	0.360913
2450.6	0.361068
2451.6	0.361228
2452.6	0.361381
2453.6	0.361537
2454.6	0.361686
2455.6	0.361848
2456.6	0.362009
2457.6	0.362163
2458.61	0.362313
2459.61	0.362468
2460.61	0.362632
2461.61	0.362789
2462.61	0.362952
2463.61	0.363102
2464.61	0.363247
2465.61	0.363404
2466.61	0.363551
2467.61	0.363702
2468.61	0.363855
2469.61	0.364012
2470.61	0.364165
2471.61	0.364321
2472.61	0.364465
2473.61	0.364619
2474.61	0.364775
2475.61	0.364926
2476.61	0.365079
2477.61	0.365232
2478.61	0.365385
2479.61	0.365535
2480.61	0.365686
2481.61	0.365836
2482.61	0.365983
2483.61	0.366135
2484.61	0.366283
2485.61	0.366433
2486.61	0.366586
2487.61	0.366721
2488.61	0.366875
2489.61	0.367026
2490.61	0.367177
2491.61	0.367327
2492.61	0.367474
2493.61	0.367625
2494.61	0.367771
2495.61	0.367921
2496.61	0.368077
2497.61	0.368236
2498.61	0.368387
2499.61	0.368538
2500.61	0.368689
2501.61	0.368833
2502.61	0.368995
2503.61	0.36914
2504.61	0.369278
2505.61	0.369425
2506.61	0.369561
2507.61	0.369719
2508.61	0.369873
2509.61	0.370019
2510.61	0.370164
2511.61	0.370311
2512.61	0.370461
2513.61	0.370608
2514.61	0.37075
2515.61	0.370904
2516.61	0.371047
2517.61	0.371188
2518.61	0.371343
2519.61	0.371494
2520.61	0.371644
2521.61	0.371792
2522.61	0.371938
2523.61	0.372092
2524.61	0.372234
2525.61	0.372389
2526.61	0.372537
2527.61	0.372684
2528.61	0.372826
2529.61	0.372983
2530.61	0.373133
2531.61	0.373275
2532.61	0.373427
2533.61	0.373571
2534.61	0.373716
2535.61	0.373857
2536.61	0.373997
2537.61	0.374149
2538.61	0.374294
2539.61	0.374432
2540.61	0.374583
2541.61	0.374722
2542.61	0.374862
2543.61	0.375006
2544.61	0.375141
2545.61	0.375278
2546.61	0.375419
2547.61	0.375553
2548.61	0.375693
2549.61	0.375832
2550.61	0.375978
2551.61	0.376115
2552.61	0.376247
2553.61	0.376379
2554.61	0.376521
2555.61	0.376666
2556.61	0.376806
2557.61	0.376948
2558.61	0.377093
2559.61	0.377225
2560.61	0.377364
2561.61	0.377506
2562.61	0.377649
2563.61	0.377789
2564.61	0.377937
2565.61	0.378081
2566.61	0.378222
2567.61	0.378361
2568.61	0.378508
2569.61	0.37864
2570.61	0.378782
2571.61	0.378926
2572.61	0.379058
2573.61	0.379198
2574.61	0.379332
2575.61	0.379468
2576.62	0.37961
2577.62	0.37975
2578.62	0.379904
2579.62	0.380041
2580.62	0.380177
2581.62	0.380322
2582.62	0.380456
2583.62	0.380592
2584.62	0.380726
2585.62	0.380869
2586.62	0.380995
2587.62	0.381131
2588.62	0.381272
2589.62	0.381407
2590.62	0.381549
2591.62	0.381691
2592.62	0.381833
2593.62	0.381976
2594.62	0.382103
2595.62	0.382239
2596.62	0.38237
2597.62	0.382505
2598.62	0.382635
2599.62	0.382772
2600.62	0.382909
2601.62	0.383045
2602.62	0.383177
2603.62	0.383309
2604.62	0.383446
2605.62	0.383583
2606.62	0.383716
2607.62	0.383857
2608.62	0.383985
2609.62	0.384115
2610.62	0.38425
2611.62	0.38439
2612.62	0.384522
2613.62	0.384653
2614.62	0.38479
2615.62	0.38493
2616.62	0.385061
2617.62	0.385194
2618.62	0.385327
2619.62	0.385459
2620.62	0.385594
2621.62	0.385728
2622.62	0.385858
2623.62	0.38599
2624.62	0.386125
2625.62	0.386264
2626.62	0.386395
2627.62	0.386521
2628.62	0.38665
2629.62	0.386789
2630.62	0.386922
2631.62	0.387056
2632.62	0.387186
2633.62	0.387312
2634.62	0.387445
2635.62	0.387569
2636.62	0.387703
2637.62	0.387838
2638.62	0.387973
2639.62	0.388096
2640.62	0.388223
2641.62	0.388349
2642.62	0.388479
2643.62	0.388612
2644.62	0.388742
2645.62	0.388865
2646.62	0.388994
2647.62	0.389125
2648.62	0.389254
2649.62	0.389384
2650.62	0.389527
2651.62	0.389662
2652.62	0.38979
2653.62	0.389924
2654.62	0.390058
2655.62	0.390185
2656.62	0.390323
2657.62	0.390449
2658.62	0.390582
2659.62	0.390716
2660.62	0.390843
2661.62	0.390976
2662.62	0.391107
2663.62	0.391248
2664.62	0.39138
2665.62	0.391509
2666.62	0.391636
2667.62	0.391765
2668.62	0.391892
2669.62	0.392017
2670.62	0.392155
2671.62	0.39228
2672.62	0.39241
2673.62	0.392537
2674.62	0.392669
2675.62	0.392803
2676.62	0.392931
2677.62	0.393063
2678.62	0.393189
2679.62	0.393317
2680.62	0.393451
2681.62	0.393581
2682.62	0.393705
2683.62	0.393842
2684.62	0.393975
2685.62	0.394105
2686.62	0.394235
2687.62	0.394366
2688.62	0.39449
2689.62	0.394615
2690.62	0.39474
2691.62	0.394873
2692.62	0.394998
2693.62	0.395121
2694.62	0.395252
2695.62	0.39538
2696.62	0.395505
2697.62	0.395629
2698.62	0.395766
2699.62	0.395893
2700.62	0.396025
2701.62	0.396148
2702.62	0.396269
2703.62	0.396393
2704.62	0.396524
2705.62	0.396651
2706.62	0.396785
2707.62	0.396909
2708.62	0.397041
2709.62	0.397172
2710.62	0.397294
2711.62	0.397417
2712.62	0.397542
2713.62	0.397673
2714.62	0.397797
2715.62	0.397917
2716.62	0.398041
2717.62	0.398165
2718.62	0.398289
2719.62	0.398409
2720.62	0.39854
2721.62	0.398663
2722.62	0.398789
2723.62	0.398909
2724.62	0.399038
2725.62	0.39916
2726.62	0.399283
2727.62	0.399408
2728.62	0.399534
2729.63	0.399667
2730.63	0.399792
2731.63	0.399919
2732.63	0.400042
2733.63	0.400158
2734.63	0.40028
2735.63	0.400406
2736.63	0.400529
2737.63	0.400656
2738.63	0.400783
2739.63	0.400905
2740.63	0.401026
2741.63	0.401142
2742.63	0.401268
2743.63	0.401396
2744.63	0.401516
2745.63	0.401636
2746.63	0.401766
2747.63	0.401882
2748.63	0.402002
2749.63	0.402123
2750.63	0.402249
2751.63	0.402365
2752.63	0.402481
2753.63	0.402607
2754.63	0.402725
2755.63	0.402832
2756.63	0.402951
2757.63	0.403071
2758.63	0.403199
2759.63	0.403328
2760.63	0.403451
2761.63	0.403576
2762.63	0.403697
2763.63	0.403823
2764.63	0.40394
2765.63	0.404062
2766.63	0.404173
2767.63	0.40429
2768.63	0.404405
2769.63	0.404521
2770.63	0.404632
2771.63	0.40476
2772.63	0.404882
2773.63	0.405002
2774.63	0.405118
2775.63	0.405245
2776.63	0.405362
2777.63	0.405481
2778.63	0.405598
2779.63	0.40571
2780.63	0.405832
2781.63	0.405954
2782.63	0.406076
2783.63	0.406198
2784.63	0.406314
2785.63	0.406431
2786.63	0.406549
2787.63	0.40667
2788.63	0.406799
2789.63	0.406924
2790.63	0.407042
2791.63	0.407165
2792.63	0.407277
2793.63	0.407385
2794.63	0.407507
2795.63	0.407631
2796.63	0.407745
2797.63	0.407861
2798.63	0.407974
2799.63	0.408089
2800.63	0.408199
2801.63	0.408312
2802.63	0.408428
2803.63	0.408553
2804.63	0.408668
2805.63	0.408787
2806.63	0.408907
2807.63	0.409025
2808.63	0.409147
2809.63	0.409268
2810.63	0.409384
2811.63	0.409501
2812.63	0.409619
2813.63	0.409732
2814.63	0.409852
2815.63	0.409967
2816.63	0.410081
2817.63	0.4102
2818.63	0.410316
2819.63	0.410431
2820.63	0.410542
2821.63	0.410658
2822.63	0.410773
2823.63	0.4109
2824.63	0.411019
2825.63	0.411137
2826.63	0.411244
2827.63	0.411362
2828.63	0.411486
2829.63	0.411604
2830.63	0.411722
2831.63	0.411837
2832.63	0.411952
2833.63	0.412073
2834.63	0.412181
2835.63	0.412295
2836.63	0.412406
2837.63	0.412519
2838.63	0.412638
2839.63	0.412744
2840.63	0.412859
2841.63	0.412968
2842.63	0.413077
2843.63	0.413196
2844.63	0.41331
2845.63	0.413425
2846.63	0.413541
2847.63	0.413661
2848.63	0.413777
2849.63	0.41388
2850.63	0.413993
2851.63	0.41411
2852.63	0.414228
2853.63	0.414353
2854.63	0.414458
2855.63	0.414567
2856.63	0.414681
2857.63	0.414798
2858.63	0.414908
2859.64	0.415019
2860.64	0.415139
2861.64	0.415262
2862.64	0.415375
2863.64	0.415478
2864.64	0.415593
2865.64	0.415707
2866.64	0.415821
2867.64	0.415933
2868.64	0.416048
2869.64	0.416164
2870.64	0.416271
2871.64	0.41638
2872.64	0.41649
2873.64	0.416609
2874.64	0.416723
2875.64	0.416836
2876.64	0.416954
2877.64	0.41707
2878.64	0.417181
2879.64	0.417296
2880.64	0.417411
2881.64	0.417524
2882.64	0.417641
2883.64	0.417748
2884.64	0.41786
2885.64	0.417977
2886.64	0.418086
2887.64	0.418197
2888.64	0.418308
2889.64	0.418413
2890.64	0.418526
2891.64	0.41863
2892.64	0.418741
2893.64	0.418844
2894.64	0.418952
2895.64	0.419065
2896.64	0.41918
2897.64	0.41929
2898.64	0.4194
2899.64	0.419513
2900.64	0.419623
2901.64	0.419734
2902.64	0.419843
2903.64	0.419959
2904.64	0.420072
2905.64	0.420182
2906.64	0.4203
2907.64	0.420408
2908.64	0.420521
2909.64	0.420637
2910.64	0.420752
2911.64	0.420863
2912.64	0.42097
2913.64	0.421078
2914.64	0.421193
2915.64	0.421302
2916.64	0.421415
2917.64	0.421529
2918.64	0.421644
2919.64	0.421754
2920.64	0.421858
2921.64	0.421967
2922.64	0.422073
2923.64	0.422177
2924.64	0.422283
2925.64	0.422396
2926.64	0.4225
2927.64	0.422612
2928.64	0.422723
2929.64	0.422833
2930.64	0.422943
2931.64	0.423049
2932.64	0.423164
2933.64	0.423283
2934.64	0.423399
2935.64	0.423502
2936.64	0.423615
2937.64	0.423722
2938.64	0.423836
2939.64	0.423946
2940.64	0.424053
2941.64	0.424165
2942.64	0.424265
2943.64	0.42438
2944.64	0.424483
2945.64	0.424585
2946.64	0.42469
2947.64	0.424799
2948.64	0.424907
2949.64	0.425019
2950.64	0.425136
2951.64	0.425244
2952.64	0.425358
2953.64	0.425466
2954.64	0.425581
2955.64	0.425691
2956.64	0.42579
2957.64	0.425901
2958.64	0.426012
2959.64	0.42612
2960.64	0.426222
2961.64	0.426323
2962.64	0.426431
2963.64	0.426537
2964.64	0.426642
2965.64	0.426747
2966.64	0.426853
2967.64	0.426958
2968.64	0.427065
2969.64	0.427176
2970.64	0.427284
2971.64	0.427399
2972.64	0.42751
2973.64	0.427613
2974.64	0.427717
2975.64	0.427823
2976.64	0.427933
2977.64	0.428043
2978.64	0.428151
2979.64	0.42826
2980.64	0.428365
2981.64	0.428474
2982.64	0.428579
2983.64	0.428685
2984.64	0.428787
2985.65	0.428894
2986.65	0.428998
2987.65	0.429098
2988.65	0.429202
2989.65	0.429311
2990.65	0.429419
2991.65	0.429521
2992.65	0.42963
2993.65	0.429733
2994.65	0.429841
2995.65	0.429951
2996.65	0.430058
2997.65	0.430156
2998.65	0.430265
2999.65	0.430374
3000.65	0.430493
3001.65	0.430605
3002.65	0.430709
3003.65	0.430812
3004.65	0.430916
3005.65	0.431021
3006.65	0.431125
3007.65	0.431238
3008.65	0.431344
3009.65	0.431448
3010.65	0.431551
3011.65	0.431653
3012.65	0.431757
3013.65	0.431858
3014.65	0.43197
3015.65	0.432075
3016.65	0.432177
3017.65	0.432278
3018.65	0.432384
3019.65	0.432487
3020.65	0.432582
3021.65	0.432687
3022.65	0.432793
3023.65	0.432897
3024.65	0.433002
3025.65	0.433103
3026.65	0.433205
3027.65	0.433308
3028.65	0.433416
3029.65	0.433515
3030.65	0.433624
3031.65	0.433721
3032.65	0.433826
3033.65	0.433937
3034.65	0.434042
3035.65	0.434144
3036.65	0.434248
3037.65	0.434349
3038.65	0.434458
3039.65	0.43456
3040.65	0.43466
3041.65	0.434765
3042.65	0.434866
3043.65	0.434974
3044.65	0.435076
3045.65	0.43518
3046.65	0.435281
3047.65	0.43538
3048.65	0.435486
3049.65	0.435584
3050.65	0.435694
3051.65	0.435799
3052.65	0.435898
3053.65	0.436006
3054.65	0.436106
3055.65	0.436218
3056.65	0.436327
3057.65	0.436439
3058.65	0.436543
3059.65	0.43664
3060.65	0.436738
3061.65	0.436841
3062.65	0.436935
3063.65	0.437034
3064.65	0.43714
3065.65	0.437244
3066.65	0.437338
3067.65	0.437434
3068.65	0.437545
3069.65	0.437644
3070.65	0.437749
3071.65	0.437847
3072.65	0.437957
3073.65	0.438055
3074.65	0.438155
3075.65	0.438254
3076.65	0.438358
3077.65	0.438457
3078.65	0.438561
3079.65	0.438662
3080.65	0.438768
3081.65	0.438866
3082.65	0.438961
3083.65	0.439069
3084.65	0.439164
3085.65	0.439261
3086.65	0.439358
3087.65	0.439465
3088.65	0.439557
3089.65	0.43965
3090.65	0.439751
3091.65	0.439851
3092.65	0.439961
3093.65	0.440065
3094.65	0.440169
3095.65	0.440263
3096.65	0.440357
3097.65	0.440452
3098.65	0.440548
3099.65	0.440647
3100.65	0.440748
3101.65	0.440841
3102.65	0.440943
3103.65	0.44104
3104.65	0.441138
3105.65	0.441238
3106.65	0.441338
3107.65	0.441437
3108.65	0.44154
3109.65	0.44164
3110.65	0.44174
3111.65	0.441841
3112.65	0.441939
3113.65	0.442039
3114.65	0.442136
3115.65	0.442232
3116.65	0.442334
3117.65	0.44244
3118.65	0.44254
3119.65	0.442639
3120.65	0.442734
3121.65	0.442839
3122.65	0.44294
3123.65	0.443036
3124.65	0.443142
3125.65	0.443238
3126.65	0.443343
3127.65	0.443452
3128.65	0.443551
3129.65	0.443652
3130.65	0.443756
3131.65	0.443852
3132.65	0.443953
3133.65	0.444049
3134.66	0.444144
3135.66	0.44425
3136.66	0.44435
3137.66	0.444445
3138.66	0.444539
3139.66	0.44464
3140.66	0.444741
3141.66	0.444839
3142.66	0.444941
3143.66	0.445049
3144.66	0.445142
3145.66	0.44524
3146.66	0.445336
3147.66	0.445435
3148.66	0.44553
3149.66	0.445625
3150.66	0.445719
3151.66	0.44582
3152.66	0.445915
3153.66	0.446008
3154.66	0.44611
3155.66	0.446211
3156.66	0.446311
3157.66	0.446413
3158.66	0.446515
3159.66	0.446617
3160.66	0.446712
3161.66	0.446804
3162.66	0.446894
3163.66	0.446993
3164.66	0.447083
3165.66	0.447184
3166.66	0.44728
3167.66	0.44737
3168.66	0.447467
3169.66	0.447559
3170.66	0.447657
3171.66	0.447747
3172.66	0.447842
3173.66	0.447949
3174.66	0.448052
3175.66	0.448156
3176.66	0.44825
3177.66	0.448341
3178.66	0.448439
3179.66	0.448533
3180.66	0.448629
3181.66	0.448723
3182.66	0.448826
3183.66	0.44892
3184.66	0.449013
3185.66	0.449109
3186.66	0.44921
3187.66	0.449309
3188.66	0.449409
3189.66	0.449502
3190.66	0.449592
3191.66	0.449691
3192.66	0.44979
3193.66	0.449888
3194.66	0.44998
3195.66	0.450078
3196.66	0.450175
3197.66	0.450272
3198.66	0.450362
3199.66	0.450462
3200.66	0.450562
3201.66	0.450658
3202.66	0.450752
3203.66	0.450846
3204.66	0.45094
3205.66	0.451029
3206.66	0.451126
3207.66	0.451224
3208.66	0.451321
3209.66	0.451417
3210.66	0.451512
3211.66	0.451605
3212.66	0.451699
3213.66	0.451792
3214.66	0.451896
3215.66	0.451994
3216.66	0.452087
3217.66	0.452183
3218.66	0.45228
3219.66	0.452372
3220.66	0.452466
3221.66	0.452558
3222.66	0.45264
3223.66	0.452727
3224.66	0.45282
3225.66	0.45291
3226.66	0.453004
3227.66	0.453101
3228.66	0.453192
3229.66	0.453283
3230.66	0.453379
3231.66	0.453478
3232.66	0.453565
3233.66	0.453654
3234.66	0.453746
3235.66	0.453835
3236.66	0.453938
3237.66	0.454029
3238.66	0.454121
3239.66	0.454218
3240.66	0.45431
3241.66	0.454403
3242.66	0.454497
3243.66	0.454588
3244.66	0.454683
3245.66	0.454779
3246.66	0.454864
3247.66	0.454957
3248.66	0.45505
3249.66	0.455146
3250.66	0.45524
3251.66	0.45533
3252.66	0.455427
3253.66	0.455514
3254.66	0.45561
3255.66	0.4557
3256.66	0.455796
3257.66	0.455885
3258.66	0.455979
3259.66	0.456068
3260.66	0.456159
3261.66	0.456252
3262.66	0.456344
3263.66	0.456435
3264.66	0.456528
3265.66	0.456621
3266.66	0.45671
3267.66	0.456805
3268.66	0.4569
3269.66	0.456993
3270.66	0.457085
3271.66	0.45718
3272.66	0.457273
3273.66	0.457374
3274.66	0.457465
3275.67	0.457553
3276.67	0.457646
3277.67	0.457739
3278.67	0.45783
3279.67	0.457921
3280.67	0.458015
3281.67	0.458109
3282.67	0.458199
3283.67	0.458289
3284.67	0.458384
3285.67	0.458475
3286.67	0.458564
3287.67	0.458657
3288.67	0.458741
3289.67	0.458839
3290.67	0.458929
3291.67	0.459024
3292.67	0.459121
3293.67	0.459216
3294.67	0.459306
3295.67	0.459398
3296.67	0.459493
3297.67	0.459588
3298.67	0.459685
3299.67	0.459776
3300.67	0.459861
3301.67	0.45996
3302.67	0.460052
3303.67	0.460141
3304.67	0.460236
3305.67	0.460325
3306.67	0.460409
3307.67	0.460501
3308.67	0.460585
3309.67	0.460675
3310.67	0.460763
3311.67	0.460846
3312.67	0.460938
3313.67	0.461033
3314.67	0.461124
3315.67	0.46122
3316.67	0.461305
3317.67	0.461395
3318.67	0.461482
3319.67	0.461573
3320.67	0.461662
3321.67	0.461751
3322.67	0.461838
3323.67	0.461932
3324.67	0.462018
3325.67	0.462114
3326.67	0.462202
3327.67	0.462289
3328.67	0.462371
3329.67	0.462465
3330.67	0.462549
3331.67	0.462639
3332.67	0.462725
3333.67	0.462815
3334.67	0.4629
3335.67	0.462989
3336.67	0.463074
3337.67	0.463164
3338.67	0.463249
3339.67	0.463341
3340.67	0.463428
3341.67	0.463511
3342.67	0.463599
3343.67	0.463691
3344.67	0.463779
3345.67	0.463868
3346.67	0.463963
3347.67	0.46405
3348.67	0.464144
3349.67	0.464233
3350.67	0.464322
3351.67	0.464413
3352.67	0.464505
3353.67	0.464593
3354.67	0.464679
3355.67	0.464767
3356.67	0.464855
3357.67	0.46494
3358.67	0.465027
3359.67	0.465114
3360.67	0.465202
3361.67	0.465296
3362.67	0.465386
3363.67	0.465475
3364.67	0.465562
3365.67	0.465655
3366.67	0.465738
3367.67	0.46583
3368.67	0.465919
3369.67	0.466003
3370.67	0.466092
3371.67	0.466175
3372.67	0.466261
3373.67	0.466347
3374.67	0.46643
3375.67	0.466522
3376.67	0.466616
3377.67	0.466709
3378.67	0.466805
3379.67	0.466892
3380.67	0.466979
3381.67	0.467067
3382.67	0.467151
3383.68	0.467237
3384.68	0.467327
3385.68	0.467413
3386.68	0.467493
3387.68	0.467582
3388.68	0.467672
3389.68	0.467762
3390.68	0.467844
3391.68	0.467932
3392.68	0.468016
3393.68	0.468109
3394.68	0.468203
3395.68	0.468289
3396.68	0.468379
3397.68	0.468464
3398.68	0.468547
3399.68	0.468632
3400.68	0.46872
3401.68	0.468805
3402.68	0.468895
3403.68	0.468984
3404.68	0.469074
3405.68	0.469162
3406.68	0.46925
3407.68	0.469335
3408.68	0.469426
3409.68	0.469512
3410.68	0.469597
3411.68	0.469681
3412.68	0.469763
3413.68	0.469853
3414.68	0.469935
3415.68	0.470019
3416.68	0.470106
3417.68	0.47019
3418.68	0.470273
3419.68	0.470356
3420.68	0.470444
3421.68	0.470529
3422.68	0.470609
3423.68	0.470695
3424.68	0.470785
3425.68	0.470872
3426.68	0.47096
3427.68	0.471045
3428.68	0.471134
3429.68	0.471224
3430.68	0.471318
3431.68	0.471406
3432.68	0.47149
3433.68	0.471571
3434.68	0.471655
3435.68	0.471747
3436.68	0.471834
3437.68	0.471923
3438.68	0.472003
3439.68	0.472085
3440.68	0.472174
3441.68	0.472258
3442.68	0.472341
3443.68	0.472428
3444.68	0.472508
3445.68	0.472591
3446.68	0.472672
3447.68	0.472757
3448.68	0.472838
3449.68	0.472917
3450.68	0.473001
3451.68	0.473088
3452.68	0.473167
3453.68	0.473256
3454.68	0.473341
3455.68	0.473418
3456.68	0.473501
3457.68	0.473579
3458.68	0.473666
3459.68	0.473748
3460.68	0.47383
3461.68	0.473915
3462.68	0.473995
3463.68	0.474077
3464.68	0.474154
3465.68	0.474239
3466.68	0.474327
3467.68	0.474417
3468.68	0.474504
3469.68	0.474594
3470.68	0.474688
3471.68	0.474775
3472.68	0.474858
3473.68	0.474937
3474.68	0.475018
3475.68	0.475102
3476.68	0.47518
3477.68	0.475266
3478.68	0.475354
3479.68	0.475441
3480.68	0.475527
3481.68	0.475616
3482.68	0.4757
3483.68	0.475783
3484.68	0.475863
3485.68	0.475943
3486.68	0.476027
3487.68	0.47611
3488.68	0.476192
3489.68	0.476275
3490.68	0.476358
3491.68	0.476449
3492.68	0.47653
3493.68	0.476612
3494.68	0.476701
3495.68	0.476789
3496.68	0.47687
3497.68	0.476947
3498.68	0.477032
3499.68	0.477113
3500.68	0.477199
3501.68	0.477284
3502.68	0.477371
3503.68	0.47745
3504.68	0.477528
3505.68	0.477618
3506.68	0.477698
3507.68	0.477773
3508.68	0.477858
3509.68	0.477941
3510.68	0.478024
3511.68	0.478104
3512.68	0.478187
3513.68	0.478277
3514.68	0.478354
3515.68	0.478439
3516.68	0.478523
3517.68	0.4786
3518.68	0.478684
3519.69	0.478766
3520.69	0.478848
3521.69	0.47894
3522.69	0.479028
3523.69	0.47911
3524.69	0.479186
3525.69	0.479264
3526.69	0.479344
3527.69	0.479427
3528.69	0.479512
3529.69	0.479593
3530.69	0.479677
3531.69	0.479756
3532.69	0.479839
3533.69	0.479921
3534.69	0.48001
3535.69	0.480092
3536.69	0.480173
3537.69	0.480262
3538.69	0.480341
3539.69	0.480426
3540.69	0.480516
3541.69	0.480598
3542.69	0.480682
3543.69	0.480761
3544.69	0.480835
3545.69	0.480908
3546.69	0.480989
3547.69	0.481065
3548.69	0.481151
3549.69	0.48123
3550.69	0.481314
3551.69	0.481393
3552.69	0.481474
3553.69	0.481552
3554.69	0.481631
3555.69	0.481709
3556.69	0.481788
3557.69	0.481875
3558.69	0.481952
3559.69	0.482045
3560.69	0.482132
3561.69	0.482214
3562.69	0.482297
3563.69	0.482381
3564.69	0.482464
3565.69	0.482543
3566.69	0.482623
3567.69	0.482704
3568.69	0.482789
3569.69	0.48287
3570.69	0.482949
3571.69	0.48303
3572.69	0.483113
3573.69	0.483189
3574.69	0.483268
3575.69	0.483348
3576.69	0.483427
3577.69	0.483505
3578.69	0.483581
3579.69	0.483665
3580.69	0.483745
3581.69	0.483826
3582.69	0.483907
3583.69	0.483992
3584.69	0.484081
3585.69	0.484161
3586.69	0.484243
3587.69	0.484325
3588.69	0.484403
3589.69	0.48448
3590.69	0.484561
3591.69	0.484646
3592.69	0.484724
3593.69	0.484807
3594.69	0.484886
3595.69	0.48497
3596.69	0.485046
3597.69	0.485119
3598.69	0.485197
3599.69	0.485277
3600.69	0.485357
3601.69	0.485438
3602.69	0.485515
3603.69	0.485595
3604.69	0.485671
3605.69	0.485746
3606.69	0.485826
3607.69	0.485897
3608.69	0.485968
3609.69	0.48605
3610.69	0.486128
3611.69	0.486206
3612.69	0.486287
3613.69	0.486373
3614.69	0.48645
3615.69	0.486531
3616.69	0.48661
3617.69	0.486696
3618.69	0.486776
3619.69	0.486861
3620.69	0.486941
3621.69	0.487019
3622.69	0.487096
3623.69	0.487176
3624.69	0.487261
3625.69	0.48735
3626.69	0.487434
3627.69	0.487516
3628.69	0.487601
3629.69	0.487675
3630.69	0.487761
3631.69	0.487844
3632.69	0.48792
3633.69	0.487995
3634.69	0.488069
3635.69	0.488142
3636.69	0.488218
3637.69	0.488299
3638.69	0.48838
3639.69	0.488457
3640.69	0.488538
3641.69	0.488625
3642.69	0.488713
3643.69	0.488792
3644.69	0.48887
3645.69	0.488945
3646.69	0.489019
3647.69	0.489096
3648.69	0.489171
3649.69	0.489244
3650.69	0.489323
3651.69	0.489404
3652.69	0.489488
3653.69	0.489567
3654.69	0.489648
3655.7	0.489726
3656.7	0.489805
3657.7	0.489883
3658.7	0.489962
3659.7	0.490036
3660.7	0.490116
3661.7	0.490194
3662.7	0.490267
3663.7	0.490341
3664.7	0.490416
3665.7	0.490497
3666.7	0.490576
3667.7	0.49066
3668.7	0.490742
3669.7	0.490822
3670.7	0.490902
3671.7	0.490975
3672.7	0.491055
3673.7	0.491133
3674.7	0.491212
3675.7	0.491292
3676.7	0.491365
3677.7	0.491442
3678.7	0.491518
3679.7	0.491603
3680.7	0.491682
3681.7	0.491761
3682.7	0.491837
3683.7	0.491914
3684.7	0.491995
3685.7	0.49207
3686.7	0.492146
3687.7	0.492221
3688.7	0.492298
3689.7	0.492371
3690.7	0.492451
3691.7	0.492527
3692.7	0.492598
3693.7	0.492675
3694.7	0.492751
3695.7	0.492833
3696.7	0.492902
3697.7	0.492973
3698.7	0.493049
3699.7	0.493118
3700.7	0.493195
3701.7	0.493265
3702.7	0.493347
3703.7	0.493426
3704.7	0.493505
3705.7	0.49359
3706.7	0.493669
3707.7	0.493748
3708.7	0.493829
3709.7	0.493901
3710.7	0.493985
3711.7	0.494069
3712.7	0.494145
3713.7	0.494222
3714.7	0.494294
3715.7	0.494372
3716.7	0.494446
3717.7	0.49453
3718.7	0.494608
3719.7	0.494682
3720.7	0.494752
3721.7	0.494828
3722.7	0.494903
3723.7	0.494984
3724.7	0.495058
3725.7	0.495137
3726.7	0.495218
3727.7	0.495291
3728.7	0.495374
3729.7	0.495451
3730.7	0.495526
3731.7	0.495599
3732.7	0.495676
3733.7	0.495755
3734.7	0.495828
3735.7	0.495903
3736.7	0.495976
3737.7	0.496054
3738.7	0.496127
3739.7	0.496196
3740.7	0.496273
3741.7	0.496347
3742.7	0.496422
3743.7	0.496494
3744.7	0.496568
3745.7	0.496649
3746.7	0.496721
3747.7	0.496801
3748.7	0.496882
3749.7	0.496954
3750.7	0.497032
3751.7	0.497106
3752.7	0.497182
3753.7	0.497257
3754.71	0.497333
3755.71	0.497406
3756.71	0.497485
3757.71	0.497566
3758.71	0.49764
3759.71	0.497712
3760.71	0.497783
3761.71	0.497855
3762.71	0.497929
3763.71	0.497999
3764.71	0.498073
3765.71	0.498152
3766.71	0.498226
3767.71	0.498297
3768.71	0.498369
3769.71	0.498442
3770.71	0.498516
3771.71	0.498594
3772.71	0.498671
3773.71	0.498746
3774.71	0.498822
3775.71	0.498895
3776.71	0.498968
3777.71	0.499043
3778.71	0.49912
3779.71	0.499194
3780.71	0.499272
3781.71	0.499344
3782.71	0.499416
3783.71	0.499487
3784.71	0.499563
3785.71	0.499635
3786.71	0.499707
3787.71	0.499788
3788.71	0.499862
3789.71	0.499937
3790.71	0.500007
3791.71	0.500077
3792.71	0.500158
3793.71	0.500234
3794.71	0.500309
3795.71	0.500378
3796.71	0.500452
3797.71	0.500522
3798.71	0.500596
3799.71	0.500668
3800.71	0.50074
3801.71	0.500814
3802.71	0.500887
3803.71	0.500964
3804.71	0.50104
3805.71	0.501115
3806.71	0.50119
3807.71	0.501265
3808.71	0.501339
3809.71	0.50141
3810.71	0.501489
3811.71	0.501558
3812.71	0.501632
3813.71	0.501699
3814.71	0.501775
3815.71	0.501845
3816.71	0.501917
3817.71	0.501996
3818.71	0.502065
3819.71	0.502144
3820.71	0.502213
3821.71	0.502283
3822.71	0.502359
3823.71	0.502431
3824.71	0.502505
3825.71	0.50258
3826.71	0.502653
3827.71	0.502729
3828.71	0.502802
3829.71	0.502871
3830.71	0.502946
3831.71	0.503021
3832.71	0.503093
3833.71	0.503168
3834.71	0.50324
3835.71	0.503311
3836.71	0.503385
3837.71	0.503456
3838.71	0.503535
3839.71	0.503608
3840.71	0.503681
3841.71	0.503757
3842.71	0.503839
3843.71	0.503908
3844.71	0.503979
3845.71	0.504052
3846.71	0.50413
3847.71	0.504202
3848.71	0.504273
3849.71	0.504346
3850.71	0.504422
3851.71	0.504494
3852.71	0.504569
3853.71	0.504639
3854.71	0.50471
3855.71	0.504783
3856.71	0.504854
3857.71	0.504925
3858.71	0.504995
3859.71	0.505063
3860.71	0.50514
3861.71	0.505214
3862.71	0.505284
3863.71	0.505356
3864.71	0.505427
3865.71	0.505499
3866.71	0.505569
3867.71	0.505644
3868.71	0.505717
3869.71	0.505787
3870.71	0.505867
3871.71	0.505942
3872.71	0.506019
3873.71	0.506089
3874.71	0.506169
3875.72	0.506239
3876.72	0.506309
3877.72	0.506377
3878.72	0.506451
3879.72	0.506524
3880.72	0.506595
3881.72	0.506668
3882.72	0.506741
3883.72	0.506811
3884.72	0.506886
3885.72	0.50696
3886.72	0.507029
3887.72	0.507097
3888.72	0.507173
3889.72	0.507245
3890.72	0.50732
3891.72	0.507392
3892.72	0.507467
3893.72	0.507536
3894.72	0.507608
3895.72	0.507683
3896.72	0.507757
3897.72	0.507829
3898.72	0.507896
3899.72	0.507968
3900.72	0.508041
3901.72	0.508113
3902.72	0.508184
3903.72	0.508253
3904.72	0.508322
3905.72	0.508398
3906.72	0.508466
3907.72	0.508535
3908.72	0.508607
3909.72	0.508682
3910.72	0.508752
3911.72	0.508822
3912.72	0.508893
3913.72	0.508959
3914.72	0.509024
3915.72	0.5091
3916.72	0.509166
3917.72	0.509237
3918.72	0.50931
3919.72	0.509381
3920.72	0.509446
3921.72	0.50952
3922.72	0.509593
3923.72	0.509676
3924.72	0.509748
3925.72	0.509814
3926.72	0.509884
3927.72	0.509956
3928.72	0.510024
3929.72	0.510099
3930.72	0.510177
3931.72	0.510247
3932.72	0.510311
3933.72	0.510377
3934.72	0.510442
3935.72	0.510516
3936.72	0.510592
3937.72	0.510659
3938.72	0.510732
3939.72	0.510803
3940.72	0.510879
3941.72	0.510956
3942.72	0.511028
3943.72	0.511094
3944.72	0.511162
3945.72	0.511232
3946.72	0.511305
3947.72	0.511375
3948.72	0.511444
3949.72	0.511514
3950.72	0.511584
3951.72	0.511654
3952.72	0.511726
3953.72	0.51179
3954.72	0.511857
3955.72	0.511924
3956.72	0.512
3957.72	0.512066
3958.72	0.512136
3959.72	0.512204
3960.72	0.51228
3961.72	0.512349
3962.72	0.512413
3963.72	0.512485
3964.72	0.512552
3965.72	0.512623
3966.72	0.512696
3967.72	0.512767
3968.72	0.512837
3969.72	0.512905
3970.72	0.512976
3971.72	0.513046
3972.72	0.513114
3973.72	0.513183
3974.72	0.513249
3975.72	0.513318
3976.72	0.513381
3977.72	0.513447
3978.72	0.513517
3979.72	0.513591
3980.72	0.513659
3981.72	0.513729
3982.72	0.513802
3983.72	0.513873
3984.72	0.513943
3985.72	0.514008
3986.72	0.514078
3987.72	0.514153
3988.72	0.514226
3989.72	0.514292
3990.72	0.514358
3991.72	0.514428
3992.72	0.514501
3993.73	0.514573
3994.73	0.514644
3995.73	0.514711
3996.73	0.514778
3997.73	0.514855
3998.73	0.514927
3999.73	0.515001
